2015-12-14 09:42:49 trace :
------------
Array:
from : oqCObuOmnw0Z-sM-qq-Z2M6bog7g ;
to : gh_5013f37369ce ;
time : 1450057372 ;
type : event ;
event : VIEW ;
tousername : gh_5013f37369ce ;
fromusername : oqCObuOmnw0Z-sM-qq-Z2M6bog7g ;
createtime : 1450057372 ;
msgtype : event ;
eventkey : http://mp.weixin.qq.com/s?__biz=MzA5MzE5NzExNw==&mid=10001097&idx=1&sn=8338ffe385dcd8dd1f376fc1a2fd50ff&scene=18#rd ;

2015-12-14 09:42:49 params :
------------
Array:
rule : -2 ;
module :  ;
message : Array ;

2015-12-14 09:42:49 response :
------------

2015-12-14 09:43:06 trace :
------------
Array:
from : oqCObuOmnw0Z-sM-qq-Z2M6bog7g ;
to : gh_5013f37369ce ;
time : 1450057386 ;
type : event ;
event : VIEW ;
tousername : gh_5013f37369ce ;
fromusername : oqCObuOmnw0Z-sM-qq-Z2M6bog7g ;
createtime : 1450057386 ;
msgtype : event ;
eventkey : http://mp.weixin.qq.com/s?__biz=MzA5MzE5NzExNw==&mid=10001097&idx=1&sn=8338ffe385dcd8dd1f376fc1a2fd50ff&scene=18#rd ;

2015-12-14 09:43:06 params :
------------
Array:
rule : -2 ;
module :  ;
message : Array ;

2015-12-14 09:43:06 response :
------------

2015-12-14 09:43:08 trace :
------------
Array:
from : oqCObuOmnw0Z-sM-qq-Z2M6bog7g ;
to : gh_5013f37369ce ;
time : 1450057391 ;
type : event ;
event : VIEW ;
tousername : gh_5013f37369ce ;
fromusername : oqCObuOmnw0Z-sM-qq-Z2M6bog7g ;
createtime : 1450057391 ;
msgtype : event ;
eventkey : http://mp.weixin.qq.com/s?__biz=MzA5MzE5NzExNw==&mid=10001097&idx=1&sn=8338ffe385dcd8dd1f376fc1a2fd50ff&scene=18#rd ;

2015-12-14 09:43:08 params :
------------
Array:
rule : -2 ;
module :  ;
message : Array ;

2015-12-14 09:43:08 response :
------------

2015-12-14 09:43:20 trace :
------------
Array:
from : oqCObuOmnw0Z-sM-qq-Z2M6bog7g ;
to : gh_5013f37369ce ;
time : 1450057403 ;
type : event ;
event : VIEW ;
tousername : gh_5013f37369ce ;
fromusername : oqCObuOmnw0Z-sM-qq-Z2M6bog7g ;
createtime : 1450057403 ;
msgtype : event ;
eventkey : http://mp.weixin.qq.com/s?__biz=MzA5MzE5NzExNw==&mid=10001097&idx=1&sn=8338ffe385dcd8dd1f376fc1a2fd50ff&scene=18#rd ;

2015-12-14 09:43:20 params :
------------
Array:
rule : -2 ;
module :  ;
message : Array ;

2015-12-14 09:43:20 response :
------------

2015-12-14 09:43:27 trace :
------------
Array:
from : oqCObuOmnw0Z-sM-qq-Z2M6bog7g ;
to : gh_5013f37369ce ;
time : 1450057410 ;
type : event ;
event : VIEW ;
tousername : gh_5013f37369ce ;
fromusername : oqCObuOmnw0Z-sM-qq-Z2M6bog7g ;
createtime : 1450057410 ;
msgtype : event ;
eventkey : http://mp.weixin.qq.com/s?__biz=MzA5MzE5NzExNw==&mid=10001097&idx=1&sn=8338ffe385dcd8dd1f376fc1a2fd50ff&scene=18#rd ;

2015-12-14 09:43:27 params :
------------
Array:
rule : -2 ;
module :  ;
message : Array ;

2015-12-14 09:43:27 response :
------------

2015-12-14 09:43:41 trace :
------------
Array:
from : oqCObuOmnw0Z-sM-qq-Z2M6bog7g ;
to : gh_5013f37369ce ;
time : 1450057421 ;
type : event ;
event : VIEW ;
tousername : gh_5013f37369ce ;
fromusername : oqCObuOmnw0Z-sM-qq-Z2M6bog7g ;
createtime : 1450057421 ;
msgtype : event ;
eventkey : http://mp.weixin.qq.com/s?__biz=MzA5MzE5NzExNw==&mid=10001097&idx=1&sn=8338ffe385dcd8dd1f376fc1a2fd50ff&scene=18#rd ;

2015-12-14 09:43:41 params :
------------
Array:
rule : -2 ;
module :  ;
message : Array ;

2015-12-14 09:43:41 response :
------------

2015-12-14 09:43:44 trace :
------------
Array:
from : oqCObuOmnw0Z-sM-qq-Z2M6bog7g ;
to : gh_5013f37369ce ;
time : 1450057427 ;
type : event ;
event : VIEW ;
tousername : gh_5013f37369ce ;
fromusername : oqCObuOmnw0Z-sM-qq-Z2M6bog7g ;
createtime : 1450057427 ;
msgtype : event ;
eventkey : http://mp.weixin.qq.com/s?__biz=MzA5MzE5NzExNw==&mid=10001097&idx=1&sn=8338ffe385dcd8dd1f376fc1a2fd50ff&scene=18#rd ;

2015-12-14 09:43:44 params :
------------
Array:
rule : -2 ;
module :  ;
message : Array ;

2015-12-14 09:43:44 response :
------------

2015-12-14 10:05:27 trace :
------------
Array:
from : oqCObuE6mA-4svxK-0V1NgSwonxU ;
to : gh_5013f37369ce ;
time : 1450058729 ;
type : event ;
event : subscribe ;
tousername : gh_5013f37369ce ;
fromusername : oqCObuE6mA-4svxK-0V1NgSwonxU ;
createtime : 1450058729 ;
msgtype : event ;
eventkey :  ;

2015-12-14 10:05:27 params :
------------
Array:
rule : -2 ;
module :  ;
message : Array ;

2015-12-14 10:05:27 response :
------------

2015-12-14 10:05:36 trace :
------------
Array:
from : oqCObuE6mA-4svxK-0V1NgSwonxU ;
to : gh_5013f37369ce ;
time : 1450058739 ;
type : event ;
event : VIEW ;
tousername : gh_5013f37369ce ;
fromusername : oqCObuE6mA-4svxK-0V1NgSwonxU ;
createtime : 1450058739 ;
msgtype : event ;
eventkey : http://mp.weixin.qq.com/s?__biz=MzA5MzE5NzExNw==&mid=10001097&idx=1&sn=8338ffe385dcd8dd1f376fc1a2fd50ff&scene=18#rd ;

2015-12-14 10:05:36 params :
------------
Array:
rule : -2 ;
module :  ;
message : Array ;

2015-12-14 10:05:36 response :
------------

2015-12-14 10:06:15 trace :
------------
Array:
from : oqCObuE6mA-4svxK-0V1NgSwonxU ;
to : gh_5013f37369ce ;
time : 1450058778 ;
type : event ;
event : VIEW ;
tousername : gh_5013f37369ce ;
fromusername : oqCObuE6mA-4svxK-0V1NgSwonxU ;
createtime : 1450058778 ;
msgtype : event ;
eventkey : http://mp.weixin.qq.com/s?__biz=MzA5MzE5NzExNw==&mid=10001097&idx=1&sn=8338ffe385dcd8dd1f376fc1a2fd50ff&scene=18#rd ;

2015-12-14 10:06:15 params :
------------
Array:
rule : -2 ;
module :  ;
message : Array ;

2015-12-14 10:06:15 response :
------------

2015-12-14 10:06:50 trace :
------------
Array:
from : oqCObuE6mA-4svxK-0V1NgSwonxU ;
to : gh_5013f37369ce ;
time : 1450058813 ;
type : event ;
event : VIEW ;
tousername : gh_5013f37369ce ;
fromusername : oqCObuE6mA-4svxK-0V1NgSwonxU ;
createtime : 1450058813 ;
msgtype : event ;
eventkey : http://mp.weixin.qq.com/s?__biz=MzA5MzE5NzExNw==&mid=10001097&idx=1&sn=8338ffe385dcd8dd1f376fc1a2fd50ff&scene=18#rd ;

2015-12-14 10:06:50 params :
------------
Array:
rule : -2 ;
module :  ;
message : Array ;

2015-12-14 10:06:50 response :
------------

2015-12-14 10:06:56 trace :
------------
Array:
from : oqCObuE6mA-4svxK-0V1NgSwonxU ;
to : gh_5013f37369ce ;
time : 1450058819 ;
type : event ;
event : VIEW ;
tousername : gh_5013f37369ce ;
fromusername : oqCObuE6mA-4svxK-0V1NgSwonxU ;
createtime : 1450058819 ;
msgtype : event ;
eventkey : http://mp.weixin.qq.com/s?__biz=MzA5MzE5NzExNw==&mid=10001097&idx=1&sn=8338ffe385dcd8dd1f376fc1a2fd50ff&scene=18#rd ;

2015-12-14 10:06:56 params :
------------
Array:
rule : -2 ;
module :  ;
message : Array ;

2015-12-14 10:06:56 response :
------------

2015-12-14 10:06:59 trace :
------------
Array:
from : oqCObuE6mA-4svxK-0V1NgSwonxU ;
to : gh_5013f37369ce ;
time : 1450058823 ;
type : event ;
event : VIEW ;
tousername : gh_5013f37369ce ;
fromusername : oqCObuE6mA-4svxK-0V1NgSwonxU ;
createtime : 1450058823 ;
msgtype : event ;
eventkey : http://mp.weixin.qq.com/s?__biz=MzA5MzE5NzExNw==&mid=10001097&idx=1&sn=8338ffe385dcd8dd1f376fc1a2fd50ff&scene=18#rd ;

2015-12-14 10:06:59 params :
------------
Array:
rule : -2 ;
module :  ;
message : Array ;

2015-12-14 10:06:59 response :
------------

2015-12-14 10:07:25 trace :
------------
Array:
from : oqCObuE6mA-4svxK-0V1NgSwonxU ;
to : gh_5013f37369ce ;
time : 1450058848 ;
type : event ;
event : VIEW ;
tousername : gh_5013f37369ce ;
fromusername : oqCObuE6mA-4svxK-0V1NgSwonxU ;
createtime : 1450058848 ;
msgtype : event ;
eventkey : http://mp.weixin.qq.com/s?__biz=MzA5MzE5NzExNw==&mid=10001097&idx=1&sn=8338ffe385dcd8dd1f376fc1a2fd50ff&scene=18#rd ;

2015-12-14 10:07:25 params :
------------
Array:
rule : -2 ;
module :  ;
message : Array ;

2015-12-14 10:07:25 response :
------------

2015-12-14 10:08:48 trace :
------------
Array:
from : oqCObuE6mA-4svxK-0V1NgSwonxU ;
to : gh_5013f37369ce ;
time : 1450058931 ;
type : event ;
event : VIEW ;
tousername : gh_5013f37369ce ;
fromusername : oqCObuE6mA-4svxK-0V1NgSwonxU ;
createtime : 1450058931 ;
msgtype : event ;
eventkey : http://mp.weixin.qq.com/s?__biz=MzA5MzE5NzExNw==&mid=10001097&idx=1&sn=8338ffe385dcd8dd1f376fc1a2fd50ff&scene=18#rd ;

2015-12-14 10:08:48 params :
------------
Array:
rule : -2 ;
module :  ;
message : Array ;

2015-12-14 10:08:48 response :
------------

2015-12-14 10:08:57 trace :
------------
Array:
from : oqCObuE6mA-4svxK-0V1NgSwonxU ;
to : gh_5013f37369ce ;
time : 1450058940 ;
type : event ;
event : VIEW ;
tousername : gh_5013f37369ce ;
fromusername : oqCObuE6mA-4svxK-0V1NgSwonxU ;
createtime : 1450058940 ;
msgtype : event ;
eventkey : http://mp.weixin.qq.com/s?__biz=MzA5MzE5NzExNw==&mid=10001097&idx=1&sn=8338ffe385dcd8dd1f376fc1a2fd50ff&scene=18#rd ;

2015-12-14 10:08:57 params :
------------
Array:
rule : -2 ;
module :  ;
message : Array ;

2015-12-14 10:08:57 response :
------------

2015-12-14 10:16:32 trace :
------------
Array:
from : oqCObuEpU2ymVQo_xHt0LE7DC5WI ;
to : gh_5013f37369ce ;
time : 1450059392 ;
type : event ;
event : subscribe ;
tousername : gh_5013f37369ce ;
fromusername : oqCObuEpU2ymVQo_xHt0LE7DC5WI ;
createtime : 1450059392 ;
msgtype : event ;
eventkey :  ;

2015-12-14 10:16:32 params :
------------
Array:
rule : -2 ;
module :  ;
message : Array ;

2015-12-14 10:16:32 response :
------------

2015-12-14 10:29:50 trace :
------------
Array:
from : oqCObuE6mA-4svxK-0V1NgSwonxU ;
to : gh_5013f37369ce ;
time : 1450060193 ;
type : event ;
event : VIEW ;
tousername : gh_5013f37369ce ;
fromusername : oqCObuE6mA-4svxK-0V1NgSwonxU ;
createtime : 1450060193 ;
msgtype : event ;
eventkey : http://mp.weixin.qq.com/s?__biz=MzA5MzE5NzExNw==&mid=10001097&idx=1&sn=8338ffe385dcd8dd1f376fc1a2fd50ff&scene=18#rd ;

2015-12-14 10:29:50 params :
------------
Array:
rule : -2 ;
module :  ;
message : Array ;

2015-12-14 10:29:50 response :
------------

2015-12-14 10:35:56 trace :
------------
Array:
from : oqCObuGfAPMfV9n2mYdI-DuE7ba8 ;
to : gh_5013f37369ce ;
time : 1450060559 ;
type : event ;
event : subscribe ;
tousername : gh_5013f37369ce ;
fromusername : oqCObuGfAPMfV9n2mYdI-DuE7ba8 ;
createtime : 1450060559 ;
msgtype : event ;
eventkey :  ;

2015-12-14 10:35:56 params :
------------
Array:
rule : -2 ;
module :  ;
message : Array ;

2015-12-14 10:35:56 response :
------------

2015-12-14 11:07:33 trace :
------------
Array:
from : oqCObuFReUYoFIfP6a1tbqFsNOiM ;
to : gh_5013f37369ce ;
time : 1450062453 ;
type : event ;
event : VIEW ;
tousername : gh_5013f37369ce ;
fromusername : oqCObuFReUYoFIfP6a1tbqFsNOiM ;
createtime : 1450062453 ;
msgtype : event ;
eventkey : http://mp.weixin.qq.com/s?__biz=MzA5MzE5NzExNw==&mid=10001097&idx=1&sn=8338ffe385dcd8dd1f376fc1a2fd50ff&scene=18#rd ;

2015-12-14 11:07:33 params :
------------
Array:
rule : -2 ;
module :  ;
message : Array ;

2015-12-14 11:07:33 response :
------------

2015-12-14 11:43:12 trace :
------------
Array:
from : oqCObuC-xhfhgehdPOVhDkHYbUKY ;
to : gh_5013f37369ce ;
time : 1450064595 ;
type : event ;
event : subscribe ;
tousername : gh_5013f37369ce ;
fromusername : oqCObuC-xhfhgehdPOVhDkHYbUKY ;
createtime : 1450064595 ;
msgtype : event ;
eventkey :  ;

2015-12-14 11:43:12 params :
------------
Array:
rule : -2 ;
module :  ;
message : Array ;

2015-12-14 11:43:12 response :
------------

2015-12-14 11:53:31 trace :
------------
Array:
from : oqCObuBEg0pETrEm0PEBGOvdgdpE ;
to : gh_5013f37369ce ;
time : 1450065211 ;
type : event ;
event : VIEW ;
tousername : gh_5013f37369ce ;
fromusername : oqCObuBEg0pETrEm0PEBGOvdgdpE ;
createtime : 1450065211 ;
msgtype : event ;
eventkey : http://mp.weixin.qq.com/s?__biz=MzA5MzE5NzExNw==&mid=10001097&idx=1&sn=8338ffe385dcd8dd1f376fc1a2fd50ff&scene=18#rd ;

2015-12-14 11:53:31 params :
------------
Array:
rule : -2 ;
module :  ;
message : Array ;

2015-12-14 11:53:31 response :
------------

2015-12-14 11:53:50 trace :
------------
Array:
from : oqCObuBEg0pETrEm0PEBGOvdgdpE ;
to : gh_5013f37369ce ;
time : 1450065233 ;
type : event ;
event : VIEW ;
tousername : gh_5013f37369ce ;
fromusername : oqCObuBEg0pETrEm0PEBGOvdgdpE ;
createtime : 1450065233 ;
msgtype : event ;
eventkey : http://mp.weixin.qq.com/s?__biz=MzA5MzE5NzExNw==&mid=10001097&idx=1&sn=8338ffe385dcd8dd1f376fc1a2fd50ff&scene=18#rd ;

2015-12-14 11:53:50 params :
------------
Array:
rule : -2 ;
module :  ;
message : Array ;

2015-12-14 11:53:50 response :
------------

2015-12-14 11:59:28 trace :
------------
Array:
from : oqCObuH16LT47iNl1BQtpL8Y73QA ;
to : gh_5013f37369ce ;
time : 1450065571 ;
type : event ;
event : subscribe ;
tousername : gh_5013f37369ce ;
fromusername : oqCObuH16LT47iNl1BQtpL8Y73QA ;
createtime : 1450065571 ;
msgtype : event ;
eventkey :  ;

2015-12-14 11:59:28 params :
------------
Array:
rule : -2 ;
module :  ;
message : Array ;

2015-12-14 11:59:28 response :
------------

2015-12-14 12:23:48 trace :
------------
Array:
from : oqCObuNRHvU6p59v0QoseRWZNn7g ;
to : gh_5013f37369ce ;
time : 1450067030 ;
type : event ;
event : VIEW ;
tousername : gh_5013f37369ce ;
fromusername : oqCObuNRHvU6p59v0QoseRWZNn7g ;
createtime : 1450067030 ;
msgtype : event ;
eventkey : http://mp.weixin.qq.com/s?__biz=MzA5MzE5NzExNw==&mid=10001097&idx=1&sn=8338ffe385dcd8dd1f376fc1a2fd50ff&scene=18#rd ;

2015-12-14 12:23:48 params :
------------
Array:
rule : -2 ;
module :  ;
message : Array ;

2015-12-14 12:23:48 response :
------------

2015-12-14 12:23:59 trace :
------------
Array:
from : oqCObuNRHvU6p59v0QoseRWZNn7g ;
to : gh_5013f37369ce ;
time : 1450067043 ;
type : event ;
event : VIEW ;
tousername : gh_5013f37369ce ;
fromusername : oqCObuNRHvU6p59v0QoseRWZNn7g ;
createtime : 1450067043 ;
msgtype : event ;
eventkey : http://mp.weixin.qq.com/s?__biz=MzA5MzE5NzExNw==&mid=10001097&idx=1&sn=8338ffe385dcd8dd1f376fc1a2fd50ff&scene=18#rd ;

2015-12-14 12:23:59 params :
------------
Array:
rule : -2 ;
module :  ;
message : Array ;

2015-12-14 12:23:59 response :
------------

2015-12-14 12:53:53 trace :
------------
Array:
from : oqCObuAH0KBv9Vq8WMyX4uvafBA4 ;
to : gh_5013f37369ce ;
time : 1450068836 ;
type : event ;
event : VIEW ;
tousername : gh_5013f37369ce ;
fromusername : oqCObuAH0KBv9Vq8WMyX4uvafBA4 ;
createtime : 1450068836 ;
msgtype : event ;
eventkey : http://mp.weixin.qq.com/s?__biz=MzA5MzE5NzExNw==&mid=10001097&idx=1&sn=8338ffe385dcd8dd1f376fc1a2fd50ff&scene=18#rd ;

2015-12-14 12:53:53 params :
------------
Array:
rule : -2 ;
module :  ;
message : Array ;

2015-12-14 12:53:53 response :
------------

2015-12-14 12:54:02 trace :
------------
Array:
from : oqCObuAH0KBv9Vq8WMyX4uvafBA4 ;
to : gh_5013f37369ce ;
time : 1450068845 ;
type : event ;
event : VIEW ;
tousername : gh_5013f37369ce ;
fromusername : oqCObuAH0KBv9Vq8WMyX4uvafBA4 ;
createtime : 1450068845 ;
msgtype : event ;
eventkey : http://mp.weixin.qq.com/s?__biz=MzA5MzE5NzExNw==&mid=10001097&idx=1&sn=8338ffe385dcd8dd1f376fc1a2fd50ff&scene=18#rd ;

2015-12-14 12:54:02 params :
------------
Array:
rule : -2 ;
module :  ;
message : Array ;

2015-12-14 12:54:02 response :
------------

2015-12-14 12:54:06 trace :
------------
Array:
from : oqCObuAH0KBv9Vq8WMyX4uvafBA4 ;
to : gh_5013f37369ce ;
time : 1450068849 ;
type : event ;
event : VIEW ;
tousername : gh_5013f37369ce ;
fromusername : oqCObuAH0KBv9Vq8WMyX4uvafBA4 ;
createtime : 1450068849 ;
msgtype : event ;
eventkey : http://mp.weixin.qq.com/s?__biz=MzA5MzE5NzExNw==&mid=10001097&idx=1&sn=8338ffe385dcd8dd1f376fc1a2fd50ff&scene=18#rd ;

2015-12-14 12:54:06 params :
------------
Array:
rule : -2 ;
module :  ;
message : Array ;

2015-12-14 12:54:06 response :
------------

2015-12-14 13:24:17 trace :
------------
Array:
from : oqCObuIxhz2chK_kVALp6Iw3cDLw ;
to : gh_5013f37369ce ;
time : 1450070660 ;
type : event ;
event : subscribe ;
tousername : gh_5013f37369ce ;
fromusername : oqCObuIxhz2chK_kVALp6Iw3cDLw ;
createtime : 1450070660 ;
msgtype : event ;
eventkey :  ;

2015-12-14 13:24:17 params :
------------
Array:
rule : -2 ;
module :  ;
message : Array ;

2015-12-14 13:24:17 response :
------------

2015-12-14 13:34:31 trace :
------------
Array:
from : oqCObuLVlgm_WwCa0Mdzae2ye2WY ;
to : gh_5013f37369ce ;
time : 1450071274 ;
type : event ;
event : VIEW ;
tousername : gh_5013f37369ce ;
fromusername : oqCObuLVlgm_WwCa0Mdzae2ye2WY ;
createtime : 1450071274 ;
msgtype : event ;
eventkey : http://mp.weixin.qq.com/s?__biz=MzA5MzE5NzExNw==&mid=10001097&idx=1&sn=8338ffe385dcd8dd1f376fc1a2fd50ff&scene=18#rd ;

2015-12-14 13:34:31 params :
------------
Array:
rule : -2 ;
module :  ;
message : Array ;

2015-12-14 13:34:31 response :
------------

2015-12-14 14:08:11 trace :
------------
Array:
from : oqCObuOolkIKM_KF9myI3pb2imVc ;
to : gh_5013f37369ce ;
time : 1450073294 ;
type : event ;
event : VIEW ;
tousername : gh_5013f37369ce ;
fromusername : oqCObuOolkIKM_KF9myI3pb2imVc ;
createtime : 1450073294 ;
msgtype : event ;
eventkey : http://mp.weixin.qq.com/s?__biz=MzA5MzE5NzExNw==&mid=10001097&idx=1&sn=8338ffe385dcd8dd1f376fc1a2fd50ff&scene=18#rd ;

2015-12-14 14:08:11 params :
------------
Array:
rule : -2 ;
module :  ;
message : Array ;

2015-12-14 14:08:11 response :
------------

2015-12-14 14:08:20 trace :
------------
Array:
from : oqCObuOolkIKM_KF9myI3pb2imVc ;
to : gh_5013f37369ce ;
time : 1450073303 ;
type : event ;
event : VIEW ;
tousername : gh_5013f37369ce ;
fromusername : oqCObuOolkIKM_KF9myI3pb2imVc ;
createtime : 1450073303 ;
msgtype : event ;
eventkey : http://mp.weixin.qq.com/s?__biz=MzA5MzE5NzExNw==&mid=10001097&idx=1&sn=8338ffe385dcd8dd1f376fc1a2fd50ff&scene=18#rd ;

2015-12-14 14:08:20 params :
------------
Array:
rule : -2 ;
module :  ;
message : Array ;

2015-12-14 14:08:20 response :
------------

2015-12-14 14:08:34 trace :
------------
Array:
from : oqCObuOolkIKM_KF9myI3pb2imVc ;
to : gh_5013f37369ce ;
time : 1450073317 ;
type : event ;
event : VIEW ;
tousername : gh_5013f37369ce ;
fromusername : oqCObuOolkIKM_KF9myI3pb2imVc ;
createtime : 1450073317 ;
msgtype : event ;
eventkey : http://mp.weixin.qq.com/s?__biz=MzA5MzE5NzExNw==&mid=10001097&idx=1&sn=8338ffe385dcd8dd1f376fc1a2fd50ff&scene=18#rd ;

2015-12-14 14:08:34 params :
------------
Array:
rule : -2 ;
module :  ;
message : Array ;

2015-12-14 14:08:34 response :
------------

2015-12-14 14:14:20 trace :
------------
Array:
from : oqCObuI8NtuzNLUg8h_KL46tbzcg ;
to : gh_5013f37369ce ;
time : 1450073663 ;
type : event ;
event : subscribe ;
tousername : gh_5013f37369ce ;
fromusername : oqCObuI8NtuzNLUg8h_KL46tbzcg ;
createtime : 1450073663 ;
msgtype : event ;
eventkey :  ;

2015-12-14 14:14:20 params :
------------
Array:
rule : -2 ;
module :  ;
message : Array ;

2015-12-14 14:14:20 response :
------------

2015-12-14 14:32:52 trace :
------------
Array:
from : oqCObuKK1P7XiB4gktocJS-nGaoM ;
to : gh_5013f37369ce ;
time : 1450074775 ;
type : event ;
event : subscribe ;
tousername : gh_5013f37369ce ;
fromusername : oqCObuKK1P7XiB4gktocJS-nGaoM ;
createtime : 1450074775 ;
msgtype : event ;
eventkey :  ;

2015-12-14 14:32:52 params :
------------
Array:
rule : -2 ;
module :  ;
message : Array ;

2015-12-14 14:32:52 response :
------------

2015-12-14 14:33:03 trace :
------------
Array:
from : oqCObuNj7sq0idPWpUFK7nXtlID0 ;
to : gh_5013f37369ce ;
time : 1450074786 ;
type : event ;
event : subscribe ;
tousername : gh_5013f37369ce ;
fromusername : oqCObuNj7sq0idPWpUFK7nXtlID0 ;
createtime : 1450074786 ;
msgtype : event ;
eventkey :  ;

2015-12-14 14:33:03 params :
------------
Array:
rule : -2 ;
module :  ;
message : Array ;

2015-12-14 14:33:03 response :
------------

2015-12-14 14:33:40 trace :
------------
Array:
from : oqCObuNj7sq0idPWpUFK7nXtlID0 ;
to : gh_5013f37369ce ;
time : 1450074823 ;
type : event ;
event : VIEW ;
tousername : gh_5013f37369ce ;
fromusername : oqCObuNj7sq0idPWpUFK7nXtlID0 ;
createtime : 1450074823 ;
msgtype : event ;
eventkey : http://mp.weixin.qq.com/s?__biz=MzA5MzE5NzExNw==&mid=10001097&idx=1&sn=8338ffe385dcd8dd1f376fc1a2fd50ff&scene=18#rd ;

2015-12-14 14:33:40 params :
------------
Array:
rule : -2 ;
module :  ;
message : Array ;

2015-12-14 14:33:40 response :
------------

2015-12-14 14:33:55 trace :
------------
Array:
from : oqCObuNj7sq0idPWpUFK7nXtlID0 ;
to : gh_5013f37369ce ;
time : 1450074839 ;
type : event ;
event : VIEW ;
tousername : gh_5013f37369ce ;
fromusername : oqCObuNj7sq0idPWpUFK7nXtlID0 ;
createtime : 1450074839 ;
msgtype : event ;
eventkey : http://mp.weixin.qq.com/s?__biz=MzA5MzE5NzExNw==&mid=10001097&idx=1&sn=8338ffe385dcd8dd1f376fc1a2fd50ff&scene=18#rd ;

2015-12-14 14:33:55 params :
------------
Array:
rule : -2 ;
module :  ;
message : Array ;

2015-12-14 14:33:55 response :
------------

2015-12-14 14:37:07 trace :
------------
Array:
from : oqCObuEfEzy2lTPkD-0ajbWigImY ;
to : gh_5013f37369ce ;
time : 1450075030 ;
type : event ;
event : VIEW ;
tousername : gh_5013f37369ce ;
fromusername : oqCObuEfEzy2lTPkD-0ajbWigImY ;
createtime : 1450075030 ;
msgtype : event ;
eventkey : http://mp.weixin.qq.com/s?__biz=MzA5MzE5NzExNw==&mid=10001097&idx=1&sn=8338ffe385dcd8dd1f376fc1a2fd50ff&scene=18#rd ;

2015-12-14 14:37:07 params :
------------
Array:
rule : -2 ;
module :  ;
message : Array ;

2015-12-14 14:37:07 response :
------------

2015-12-14 14:37:25 trace :
------------
Array:
from : oqCObuFUE4Vepy4hKAdHPHhe_474 ;
to : gh_5013f37369ce ;
time : 1450075048 ;
type : event ;
event : VIEW ;
tousername : gh_5013f37369ce ;
fromusername : oqCObuFUE4Vepy4hKAdHPHhe_474 ;
createtime : 1450075048 ;
msgtype : event ;
eventkey : http://mp.weixin.qq.com/s?__biz=MzA5MzE5NzExNw==&mid=10001097&idx=1&sn=8338ffe385dcd8dd1f376fc1a2fd50ff&scene=18#rd ;

2015-12-14 14:37:25 params :
------------
Array:
rule : -2 ;
module :  ;
message : Array ;

2015-12-14 14:37:25 response :
------------

2015-12-14 14:37:40 trace :
------------
Array:
from : oqCObuFUE4Vepy4hKAdHPHhe_474 ;
to : gh_5013f37369ce ;
time : 1450075060 ;
type : event ;
event : VIEW ;
tousername : gh_5013f37369ce ;
fromusername : oqCObuFUE4Vepy4hKAdHPHhe_474 ;
createtime : 1450075060 ;
msgtype : event ;
eventkey : http://mp.weixin.qq.com/s?__biz=MzA5MzE5NzExNw==&mid=10001097&idx=1&sn=8338ffe385dcd8dd1f376fc1a2fd50ff&scene=18#rd ;

2015-12-14 14:37:40 params :
------------
Array:
rule : -2 ;
module :  ;
message : Array ;

2015-12-14 14:37:40 response :
------------

2015-12-14 14:37:40 trace :
------------
Array:
from : oqCObuFUE4Vepy4hKAdHPHhe_474 ;
to : gh_5013f37369ce ;
time : 1450075064 ;
type : event ;
event : VIEW ;
tousername : gh_5013f37369ce ;
fromusername : oqCObuFUE4Vepy4hKAdHPHhe_474 ;
createtime : 1450075064 ;
msgtype : event ;
eventkey : http://mp.weixin.qq.com/s?__biz=MzA5MzE5NzExNw==&mid=10001097&idx=1&sn=8338ffe385dcd8dd1f376fc1a2fd50ff&scene=18#rd ;

2015-12-14 14:37:40 params :
------------
Array:
rule : -2 ;
module :  ;
message : Array ;

2015-12-14 14:37:40 response :
------------

2015-12-14 14:37:44 trace :
------------
Array:
from : oqCObuFUE4Vepy4hKAdHPHhe_474 ;
to : gh_5013f37369ce ;
time : 1450075067 ;
type : event ;
event : VIEW ;
tousername : gh_5013f37369ce ;
fromusername : oqCObuFUE4Vepy4hKAdHPHhe_474 ;
createtime : 1450075067 ;
msgtype : event ;
eventkey : http://mp.weixin.qq.com/s?__biz=MzA5MzE5NzExNw==&mid=10001097&idx=1&sn=8338ffe385dcd8dd1f376fc1a2fd50ff&scene=18#rd ;

2015-12-14 14:37:44 params :
------------
Array:
rule : -2 ;
module :  ;
message : Array ;

2015-12-14 14:37:44 response :
------------

2015-12-14 14:41:06 trace :
------------
Array:
from : oqCObuGBB4Mn5NIq-lFp1Rc8vYhE ;
to : gh_5013f37369ce ;
time : 1450075269 ;
type : event ;
event : subscribe ;
tousername : gh_5013f37369ce ;
fromusername : oqCObuGBB4Mn5NIq-lFp1Rc8vYhE ;
createtime : 1450075269 ;
msgtype : event ;
eventkey :  ;

2015-12-14 14:41:06 params :
------------
Array:
rule : -2 ;
module :  ;
message : Array ;

2015-12-14 14:41:06 response :
------------

2015-12-14 14:47:37 trace :
------------
Array:
from : oqCObuHlrgHuKpcdIk8feCrLZ2to ;
to : gh_5013f37369ce ;
time : 1450075661 ;
type : event ;
event : subscribe ;
tousername : gh_5013f37369ce ;
fromusername : oqCObuHlrgHuKpcdIk8feCrLZ2to ;
createtime : 1450075661 ;
msgtype : event ;
eventkey :  ;

2015-12-14 14:47:37 params :
------------
Array:
rule : -2 ;
module :  ;
message : Array ;

2015-12-14 14:47:37 response :
------------

2015-12-14 14:54:48 trace :
------------
Array:
from : oqCObuNcpiyjTmUP5ZQ_divGxioU ;
to : gh_5013f37369ce ;
time : 1450076091 ;
type : event ;
event : VIEW ;
tousername : gh_5013f37369ce ;
fromusername : oqCObuNcpiyjTmUP5ZQ_divGxioU ;
createtime : 1450076091 ;
msgtype : event ;
eventkey : http://mp.weixin.qq.com/s?__biz=MzA5MzE5NzExNw==&mid=10001097&idx=1&sn=8338ffe385dcd8dd1f376fc1a2fd50ff&scene=18#rd ;

2015-12-14 14:54:48 params :
------------
Array:
rule : -2 ;
module :  ;
message : Array ;

2015-12-14 14:54:48 response :
------------

2015-12-14 14:55:30 trace :
------------
Array:
from : oqCObuBOEu5xJMUJs-lKWrc1LfQ4 ;
to : gh_5013f37369ce ;
time : 1450076133 ;
type : event ;
event : subscribe ;
tousername : gh_5013f37369ce ;
fromusername : oqCObuBOEu5xJMUJs-lKWrc1LfQ4 ;
createtime : 1450076133 ;
msgtype : event ;
eventkey :  ;

2015-12-14 14:55:30 params :
------------
Array:
rule : -2 ;
module :  ;
message : Array ;

2015-12-14 14:55:30 response :
------------

2015-12-14 14:57:19 trace :
------------
Array:
from : oqCObuOolkIKM_KF9myI3pb2imVc ;
to : gh_5013f37369ce ;
time : 1450076242 ;
type : event ;
event : VIEW ;
tousername : gh_5013f37369ce ;
fromusername : oqCObuOolkIKM_KF9myI3pb2imVc ;
createtime : 1450076242 ;
msgtype : event ;
eventkey : http://mp.weixin.qq.com/s?__biz=MzA5MzE5NzExNw==&mid=10001097&idx=1&sn=8338ffe385dcd8dd1f376fc1a2fd50ff&scene=18#rd ;

2015-12-14 14:57:19 params :
------------
Array:
rule : -2 ;
module :  ;
message : Array ;

2015-12-14 14:57:19 response :
------------

2015-12-14 14:57:27 trace :
------------
Array:
from : oqCObuOolkIKM_KF9myI3pb2imVc ;
to : gh_5013f37369ce ;
time : 1450076250 ;
type : event ;
event : VIEW ;
tousername : gh_5013f37369ce ;
fromusername : oqCObuOolkIKM_KF9myI3pb2imVc ;
createtime : 1450076250 ;
msgtype : event ;
eventkey : http://mp.weixin.qq.com/s?__biz=MzA5MzE5NzExNw==&mid=10001097&idx=1&sn=8338ffe385dcd8dd1f376fc1a2fd50ff&scene=18#rd ;

2015-12-14 14:57:27 params :
------------
Array:
rule : -2 ;
module :  ;
message : Array ;

2015-12-14 14:57:27 response :
------------

2015-12-14 14:57:31 trace :
------------
Array:
from : oqCObuOolkIKM_KF9myI3pb2imVc ;
to : gh_5013f37369ce ;
time : 1450076254 ;
type : event ;
event : VIEW ;
tousername : gh_5013f37369ce ;
fromusername : oqCObuOolkIKM_KF9myI3pb2imVc ;
createtime : 1450076254 ;
msgtype : event ;
eventkey : http://mp.weixin.qq.com/s?__biz=MzA5MzE5NzExNw==&mid=10001097&idx=1&sn=8338ffe385dcd8dd1f376fc1a2fd50ff&scene=18#rd ;

2015-12-14 14:57:31 params :
------------
Array:
rule : -2 ;
module :  ;
message : Array ;

2015-12-14 14:57:31 response :
------------

2015-12-14 14:58:40 trace :
------------
Array:
from : oqCObuHyML6pA8inLrBmOKpI3YjE ;
to : gh_5013f37369ce ;
time : 1450076323 ;
type : event ;
event : subscribe ;
tousername : gh_5013f37369ce ;
fromusername : oqCObuHyML6pA8inLrBmOKpI3YjE ;
createtime : 1450076323 ;
msgtype : event ;
eventkey :  ;

2015-12-14 14:58:40 params :
------------
Array:
rule : -2 ;
module :  ;
message : Array ;

2015-12-14 14:58:40 response :
------------

2015-12-14 14:59:03 trace :
------------
Array:
from : oqCObuJvC75_6pS6YopO1UOTlNzI ;
to : gh_5013f37369ce ;
time : 1450076346 ;
type : event ;
event : subscribe ;
tousername : gh_5013f37369ce ;
fromusername : oqCObuJvC75_6pS6YopO1UOTlNzI ;
createtime : 1450076346 ;
msgtype : event ;
eventkey :  ;

2015-12-14 14:59:03 params :
------------
Array:
rule : -2 ;
module :  ;
message : Array ;

2015-12-14 14:59:03 response :
------------

2015-12-14 15:04:03 trace :
------------
Array:
from : oqCObuBqMsRiaLKvzbTVCQzHKvnk ;
to : gh_5013f37369ce ;
time : 1450076647 ;
type : event ;
event : subscribe ;
tousername : gh_5013f37369ce ;
fromusername : oqCObuBqMsRiaLKvzbTVCQzHKvnk ;
createtime : 1450076647 ;
msgtype : event ;
eventkey :  ;

2015-12-14 15:04:03 params :
------------
Array:
rule : -2 ;
module :  ;
message : Array ;

2015-12-14 15:04:03 response :
------------

2015-12-14 15:12:40 trace :
------------
Array:
from : oqCObuOD8b2A_k9dpQwk-fFBka8g ;
to : gh_5013f37369ce ;
time : 1450077163 ;
type : event ;
event : subscribe ;
tousername : gh_5013f37369ce ;
fromusername : oqCObuOD8b2A_k9dpQwk-fFBka8g ;
createtime : 1450077163 ;
msgtype : event ;
eventkey :  ;

2015-12-14 15:12:40 params :
------------
Array:
rule : -2 ;
module :  ;
message : Array ;

2015-12-14 15:12:40 response :
------------

2015-12-14 15:21:22 trace :
------------
Array:
from : oqCObuMRip-DVg2nhlpE_Y_EYQJc ;
to : gh_5013f37369ce ;
time : 1450077685 ;
type : event ;
event : subscribe ;
tousername : gh_5013f37369ce ;
fromusername : oqCObuMRip-DVg2nhlpE_Y_EYQJc ;
createtime : 1450077685 ;
msgtype : event ;
eventkey :  ;

2015-12-14 15:21:22 params :
------------
Array:
rule : -2 ;
module :  ;
message : Array ;

2015-12-14 15:21:22 response :
------------

2015-12-14 15:25:23 trace :
------------
Array:
from : oqCObuGHVlMLs7oIiA7r45pAkK-4 ;
to : gh_5013f37369ce ;
time : 1450077926 ;
type : event ;
event : subscribe ;
tousername : gh_5013f37369ce ;
fromusername : oqCObuGHVlMLs7oIiA7r45pAkK-4 ;
createtime : 1450077926 ;
msgtype : event ;
eventkey :  ;

2015-12-14 15:25:23 params :
------------
Array:
rule : -2 ;
module :  ;
message : Array ;

2015-12-14 15:25:23 response :
------------

2015-12-14 15:25:26 trace :
------------
Array:
from : oqCObuN-wRvLTIcWnDAxTeNpa66k ;
to : gh_5013f37369ce ;
time : 1450077929 ;
type : event ;
event : subscribe ;
tousername : gh_5013f37369ce ;
fromusername : oqCObuN-wRvLTIcWnDAxTeNpa66k ;
createtime : 1450077929 ;
msgtype : event ;
eventkey :  ;

2015-12-14 15:25:26 params :
------------
Array:
rule : -2 ;
module :  ;
message : Array ;

2015-12-14 15:25:26 response :
------------

2015-12-14 15:25:56 trace :
------------
Array:
from : oqCObuIgzgKkElKbWygCQI6tPbK8 ;
to : gh_5013f37369ce ;
time : 1450077959 ;
type : event ;
event : subscribe ;
tousername : gh_5013f37369ce ;
fromusername : oqCObuIgzgKkElKbWygCQI6tPbK8 ;
createtime : 1450077959 ;
msgtype : event ;
eventkey :  ;

2015-12-14 15:25:56 params :
------------
Array:
rule : -2 ;
module :  ;
message : Array ;

2015-12-14 15:25:56 response :
------------

2015-12-14 15:34:01 trace :
------------
Array:
from : oqCObuJl5NiEw6xsr8BZtrato3bU ;
to : gh_5013f37369ce ;
time : 1450078444 ;
type : event ;
event : subscribe ;
tousername : gh_5013f37369ce ;
fromusername : oqCObuJl5NiEw6xsr8BZtrato3bU ;
createtime : 1450078444 ;
msgtype : event ;
eventkey :  ;

2015-12-14 15:34:01 params :
------------
Array:
rule : -2 ;
module :  ;
message : Array ;

2015-12-14 15:34:01 response :
------------

2015-12-14 15:58:42 trace :
------------
Array:
from : oqCObuB4Kc2WBEjLcYu2dJIfLQQ8 ;
to : gh_5013f37369ce ;
time : 1450079925 ;
type : event ;
event : subscribe ;
tousername : gh_5013f37369ce ;
fromusername : oqCObuB4Kc2WBEjLcYu2dJIfLQQ8 ;
createtime : 1450079925 ;
msgtype : event ;
eventkey :  ;

2015-12-14 15:58:42 params :
------------
Array:
rule : -2 ;
module :  ;
message : Array ;

2015-12-14 15:58:42 response :
------------

2015-12-14 16:01:10 trace :
------------
Array:
from : oqCObuB4Kc2WBEjLcYu2dJIfLQQ8 ;
to : gh_5013f37369ce ;
time : 1450080074 ;
type : event ;
event : VIEW ;
tousername : gh_5013f37369ce ;
fromusername : oqCObuB4Kc2WBEjLcYu2dJIfLQQ8 ;
createtime : 1450080074 ;
msgtype : event ;
eventkey : http://mp.weixin.qq.com/s?__biz=MzA5MzE5NzExNw==&mid=10001097&idx=1&sn=8338ffe385dcd8dd1f376fc1a2fd50ff&scene=18#rd ;

2015-12-14 16:01:10 params :
------------
Array:
rule : -2 ;
module :  ;
message : Array ;

2015-12-14 16:01:10 response :
------------

2015-12-14 16:01:34 trace :
------------
Array:
from : oqCObuPo5SxQ33hLo1hgDdJx1NAU ;
to : gh_5013f37369ce ;
time : 1450080097 ;
type : event ;
event : subscribe ;
tousername : gh_5013f37369ce ;
fromusername : oqCObuPo5SxQ33hLo1hgDdJx1NAU ;
createtime : 1450080097 ;
msgtype : event ;
eventkey :  ;

2015-12-14 16:01:34 params :
------------
Array:
rule : -2 ;
module :  ;
message : Array ;

2015-12-14 16:01:34 response :
------------

2015-12-14 16:01:39 trace :
------------
Array:
from : oqCObuB4Kc2WBEjLcYu2dJIfLQQ8 ;
to : gh_5013f37369ce ;
time : 1450080102 ;
type : event ;
event : VIEW ;
tousername : gh_5013f37369ce ;
fromusername : oqCObuB4Kc2WBEjLcYu2dJIfLQQ8 ;
createtime : 1450080102 ;
msgtype : event ;
eventkey : http://mp.weixin.qq.com/s?__biz=MzA5MzE5NzExNw==&mid=10001097&idx=1&sn=8338ffe385dcd8dd1f376fc1a2fd50ff&scene=18#rd ;

2015-12-14 16:01:39 params :
------------
Array:
rule : -2 ;
module :  ;
message : Array ;

2015-12-14 16:01:39 response :
------------

2015-12-14 16:26:53 trace :
------------
Array:
from : oqCObuPNBDd3Iy_iWDL9arsffUZo ;
to : gh_5013f37369ce ;
time : 1450081616 ;
type : event ;
event : subscribe ;
tousername : gh_5013f37369ce ;
fromusername : oqCObuPNBDd3Iy_iWDL9arsffUZo ;
createtime : 1450081616 ;
msgtype : event ;
eventkey :  ;

2015-12-14 16:26:53 params :
------------
Array:
rule : -2 ;
module :  ;
message : Array ;

2015-12-14 16:26:53 response :
------------

2015-12-14 16:29:27 trace :
------------
Array:
from : oqCObuOBvftthWja2e-wrO58nXA0 ;
to : gh_5013f37369ce ;
time : 1450081770 ;
type : event ;
event : subscribe ;
tousername : gh_5013f37369ce ;
fromusername : oqCObuOBvftthWja2e-wrO58nXA0 ;
createtime : 1450081770 ;
msgtype : event ;
eventkey :  ;

2015-12-14 16:29:27 params :
------------
Array:
rule : -2 ;
module :  ;
message : Array ;

2015-12-14 16:29:27 response :
------------

2015-12-14 16:47:20 trace :
------------
Array:
from : oqCObuDxLWUb4-Xf6bZ4vGidapwU ;
to : gh_5013f37369ce ;
time : 1450082840 ;
type : event ;
event : subscribe ;
tousername : gh_5013f37369ce ;
fromusername : oqCObuDxLWUb4-Xf6bZ4vGidapwU ;
createtime : 1450082840 ;
msgtype : event ;
eventkey :  ;

2015-12-14 16:47:20 params :
------------
Array:
rule : -2 ;
module :  ;
message : Array ;

2015-12-14 16:47:20 response :
------------

2015-12-14 16:48:05 trace :
------------
Array:
from : oqCObuJd-RYYpOOzJaRqOAP0BfFQ ;
to : gh_5013f37369ce ;
time : 1450082888 ;
type : event ;
event : subscribe ;
tousername : gh_5013f37369ce ;
fromusername : oqCObuJd-RYYpOOzJaRqOAP0BfFQ ;
createtime : 1450082888 ;
msgtype : event ;
eventkey :  ;

2015-12-14 16:48:05 params :
------------
Array:
rule : -2 ;
module :  ;
message : Array ;

2015-12-14 16:48:05 response :
------------

2015-12-14 16:58:20 trace :
------------
Array:
from : oqCObuAH0KBv9Vq8WMyX4uvafBA4 ;
to : gh_5013f37369ce ;
time : 1450083503 ;
type : event ;
event : VIEW ;
tousername : gh_5013f37369ce ;
fromusername : oqCObuAH0KBv9Vq8WMyX4uvafBA4 ;
createtime : 1450083503 ;
msgtype : event ;
eventkey : http://mp.weixin.qq.com/s?__biz=MzA5MzE5NzExNw==&mid=10001097&idx=1&sn=8338ffe385dcd8dd1f376fc1a2fd50ff&scene=18#rd ;

2015-12-14 16:58:20 params :
------------
Array:
rule : -2 ;
module :  ;
message : Array ;

2015-12-14 16:58:20 response :
------------

2015-12-14 17:16:07 trace :
------------
Array:
from : oqCObuLb95ZhApxhqdCKcqIiAF7E ;
to : gh_5013f37369ce ;
time : 1450084570 ;
type : event ;
event : subscribe ;
tousername : gh_5013f37369ce ;
fromusername : oqCObuLb95ZhApxhqdCKcqIiAF7E ;
createtime : 1450084570 ;
msgtype : event ;
eventkey :  ;

2015-12-14 17:16:07 params :
------------
Array:
rule : -2 ;
module :  ;
message : Array ;

2015-12-14 17:16:07 response :
------------

2015-12-14 17:20:50 trace :
------------
Array:
from : oqCObuOmnw0Z-sM-qq-Z2M6bog7g ;
to : gh_5013f37369ce ;
time : 1450084853 ;
type : event ;
event : VIEW ;
tousername : gh_5013f37369ce ;
fromusername : oqCObuOmnw0Z-sM-qq-Z2M6bog7g ;
createtime : 1450084853 ;
msgtype : event ;
eventkey : http://mp.weixin.qq.com/s?__biz=MzA5MzE5NzExNw==&mid=10001097&idx=1&sn=8338ffe385dcd8dd1f376fc1a2fd50ff&scene=18#rd ;

2015-12-14 17:20:50 params :
------------
Array:
rule : -2 ;
module :  ;
message : Array ;

2015-12-14 17:20:50 response :
------------

2015-12-14 17:20:59 trace :
------------
Array:
from : oqCObuOmnw0Z-sM-qq-Z2M6bog7g ;
to : gh_5013f37369ce ;
time : 1450084862 ;
type : event ;
event : VIEW ;
tousername : gh_5013f37369ce ;
fromusername : oqCObuOmnw0Z-sM-qq-Z2M6bog7g ;
createtime : 1450084862 ;
msgtype : event ;
eventkey : http://mp.weixin.qq.com/s?__biz=MzA5MzE5NzExNw==&mid=10001097&idx=1&sn=8338ffe385dcd8dd1f376fc1a2fd50ff&scene=18#rd ;

2015-12-14 17:20:59 params :
------------
Array:
rule : -2 ;
module :  ;
message : Array ;

2015-12-14 17:20:59 response :
------------

2015-12-14 17:22:25 trace :
------------
Array:
from : oqCObuFgNoXLO4zfR3hFvHvd2rFw ;
to : gh_5013f37369ce ;
time : 1450084948 ;
type : event ;
event : subscribe ;
tousername : gh_5013f37369ce ;
fromusername : oqCObuFgNoXLO4zfR3hFvHvd2rFw ;
createtime : 1450084948 ;
msgtype : event ;
eventkey :  ;

2015-12-14 17:22:25 params :
------------
Array:
rule : -2 ;
module :  ;
message : Array ;

2015-12-14 17:22:25 response :
------------

2015-12-14 17:48:35 trace :
------------
Array:
from : oqCObuOjuq_j3yuXFUaY00T79rRE ;
to : gh_5013f37369ce ;
time : 1450086518 ;
type : event ;
event : subscribe ;
tousername : gh_5013f37369ce ;
fromusername : oqCObuOjuq_j3yuXFUaY00T79rRE ;
createtime : 1450086518 ;
msgtype : event ;
eventkey :  ;

2015-12-14 17:48:35 params :
------------
Array:
rule : -2 ;
module :  ;
message : Array ;

2015-12-14 17:48:35 response :
------------

2015-12-14 17:50:47 trace :
------------
Array:
from : oqCObuFu8yQ4PTQARTeYdNlwBtQw ;
to : gh_5013f37369ce ;
time : 1450086650 ;
type : event ;
event : subscribe ;
tousername : gh_5013f37369ce ;
fromusername : oqCObuFu8yQ4PTQARTeYdNlwBtQw ;
createtime : 1450086650 ;
msgtype : event ;
eventkey :  ;

2015-12-14 17:50:47 params :
------------
Array:
rule : -2 ;
module :  ;
message : Array ;

2015-12-14 17:50:47 response :
------------

2015-12-14 17:51:00 trace :
------------
Array:
from : oqCObuOJUc4E_iCHprNB18hB0K-E ;
to : gh_5013f37369ce ;
time : 1450086663 ;
type : event ;
event : subscribe ;
tousername : gh_5013f37369ce ;
fromusername : oqCObuOJUc4E_iCHprNB18hB0K-E ;
createtime : 1450086663 ;
msgtype : event ;
eventkey :  ;

2015-12-14 17:51:00 params :
------------
Array:
rule : -2 ;
module :  ;
message : Array ;

2015-12-14 17:51:00 response :
------------

2015-12-14 17:51:08 trace :
------------
Array:
from : oqCObuLcG96n1gKdMNo2L_LYjZ8I ;
to : gh_5013f37369ce ;
time : 1450086671 ;
type : event ;
event : subscribe ;
tousername : gh_5013f37369ce ;
fromusername : oqCObuLcG96n1gKdMNo2L_LYjZ8I ;
createtime : 1450086671 ;
msgtype : event ;
eventkey :  ;

2015-12-14 17:51:08 params :
------------
Array:
rule : -2 ;
module :  ;
message : Array ;

2015-12-14 17:51:08 response :
------------

2015-12-14 17:51:13 trace :
------------
Array:
from : oqCObuNxFf-VIXtsm_WMkdwomN_M ;
to : gh_5013f37369ce ;
time : 1450086676 ;
type : event ;
event : subscribe ;
tousername : gh_5013f37369ce ;
fromusername : oqCObuNxFf-VIXtsm_WMkdwomN_M ;
createtime : 1450086676 ;
msgtype : event ;
eventkey :  ;

2015-12-14 17:51:13 params :
------------
Array:
rule : -2 ;
module :  ;
message : Array ;

2015-12-14 17:51:13 response :
------------

2015-12-14 17:56:22 trace :
------------
Array:
from : oqCObuB1CqrFnCZEEU7UHhknXPlM ;
to : gh_5013f37369ce ;
time : 1450086985 ;
type : event ;
event : subscribe ;
tousername : gh_5013f37369ce ;
fromusername : oqCObuB1CqrFnCZEEU7UHhknXPlM ;
createtime : 1450086985 ;
msgtype : event ;
eventkey :  ;

2015-12-14 17:56:22 params :
------------
Array:
rule : -2 ;
module :  ;
message : Array ;

2015-12-14 17:56:22 response :
------------

2015-12-14 17:56:40 trace :
------------
Array:
from : oqCObuC0Y4rYGWma3CiuqN85p2Go ;
to : gh_5013f37369ce ;
time : 1450087003 ;
type : event ;
event : subscribe ;
tousername : gh_5013f37369ce ;
fromusername : oqCObuC0Y4rYGWma3CiuqN85p2Go ;
createtime : 1450087003 ;
msgtype : event ;
eventkey :  ;

2015-12-14 17:56:40 params :
------------
Array:
rule : -2 ;
module :  ;
message : Array ;

2015-12-14 17:56:40 response :
------------

2015-12-14 18:01:24 trace :
------------
Array:
from : oqCObuD-lMcV_AewouHqKAGAllJI ;
to : gh_5013f37369ce ;
time : 1450087287 ;
type : event ;
event : subscribe ;
tousername : gh_5013f37369ce ;
fromusername : oqCObuD-lMcV_AewouHqKAGAllJI ;
createtime : 1450087287 ;
msgtype : event ;
eventkey :  ;

2015-12-14 18:01:24 params :
------------
Array:
rule : -2 ;
module :  ;
message : Array ;

2015-12-14 18:01:24 response :
------------

2015-12-14 18:14:46 trace :
------------
Array:
from : oqCObuEfEzy2lTPkD-0ajbWigImY ;
to : gh_5013f37369ce ;
time : 1450088089 ;
type : event ;
event : VIEW ;
tousername : gh_5013f37369ce ;
fromusername : oqCObuEfEzy2lTPkD-0ajbWigImY ;
createtime : 1450088089 ;
msgtype : event ;
eventkey : http://mp.weixin.qq.com/s?__biz=MzA5MzE5NzExNw==&mid=10001097&idx=1&sn=8338ffe385dcd8dd1f376fc1a2fd50ff&scene=18#rd ;

2015-12-14 18:14:46 params :
------------
Array:
rule : -2 ;
module :  ;
message : Array ;

2015-12-14 18:14:46 response :
------------

2015-12-14 18:17:43 trace :
------------
Array:
from : oqCObuMNBAE63QPrKmzBKBDG09Bw ;
to : gh_5013f37369ce ;
time : 1450088266 ;
type : event ;
event : VIEW ;
tousername : gh_5013f37369ce ;
fromusername : oqCObuMNBAE63QPrKmzBKBDG09Bw ;
createtime : 1450088266 ;
msgtype : event ;
eventkey : http://mp.weixin.qq.com/s?__biz=MzA5MzE5NzExNw==&mid=10001097&idx=1&sn=8338ffe385dcd8dd1f376fc1a2fd50ff&scene=18#rd ;

2015-12-14 18:17:43 params :
------------
Array:
rule : -2 ;
module :  ;
message : Array ;

2015-12-14 18:17:43 response :
------------

2015-12-14 18:23:42 trace :
------------
Array:
from : oqCObuChZOoLyXW7kCzy9gYkBLis ;
to : gh_5013f37369ce ;
time : 1450088625 ;
type : event ;
event : subscribe ;
tousername : gh_5013f37369ce ;
fromusername : oqCObuChZOoLyXW7kCzy9gYkBLis ;
createtime : 1450088625 ;
msgtype : event ;
eventkey :  ;

2015-12-14 18:23:42 params :
------------
Array:
rule : -2 ;
module :  ;
message : Array ;

2015-12-14 18:23:42 response :
------------

2015-12-14 18:38:56 trace :
------------
Array:
from : oqCObuKEQ_jq85SjYJcL9s5bWxjQ ;
to : gh_5013f37369ce ;
time : 1450089540 ;
type : event ;
event : VIEW ;
tousername : gh_5013f37369ce ;
fromusername : oqCObuKEQ_jq85SjYJcL9s5bWxjQ ;
createtime : 1450089540 ;
msgtype : event ;
eventkey : http://mp.weixin.qq.com/s?__biz=MzA5MzE5NzExNw==&mid=10001097&idx=1&sn=8338ffe385dcd8dd1f376fc1a2fd50ff&scene=18#rd ;

2015-12-14 18:38:56 params :
------------
Array:
rule : -2 ;
module :  ;
message : Array ;

2015-12-14 18:38:56 response :
------------

2015-12-14 18:39:16 trace :
------------
Array:
from : oqCObuKEQ_jq85SjYJcL9s5bWxjQ ;
to : gh_5013f37369ce ;
time : 1450089560 ;
type : event ;
event : VIEW ;
tousername : gh_5013f37369ce ;
fromusername : oqCObuKEQ_jq85SjYJcL9s5bWxjQ ;
createtime : 1450089560 ;
msgtype : event ;
eventkey : http://mp.weixin.qq.com/s?__biz=MzA5MzE5NzExNw==&mid=10001097&idx=1&sn=8338ffe385dcd8dd1f376fc1a2fd50ff&scene=18#rd ;

2015-12-14 18:39:16 params :
------------
Array:
rule : -2 ;
module :  ;
message : Array ;

2015-12-14 18:39:16 response :
------------

2015-12-14 19:15:55 trace :
------------
Array:
from : oqCObuIdrUOh1wIUz8v22GK2QIKw ;
to : gh_5013f37369ce ;
time : 1450091758 ;
type : event ;
event : subscribe ;
tousername : gh_5013f37369ce ;
fromusername : oqCObuIdrUOh1wIUz8v22GK2QIKw ;
createtime : 1450091758 ;
msgtype : event ;
eventkey :  ;

2015-12-14 19:15:55 params :
------------
Array:
rule : -2 ;
module :  ;
message : Array ;

2015-12-14 19:15:55 response :
------------

2015-12-14 19:24:45 trace :
------------
Array:
from : oqCObuDKK_RqA2bkxKlJzrSiVRRc ;
to : gh_5013f37369ce ;
time : 1450092288 ;
type : event ;
event : subscribe ;
tousername : gh_5013f37369ce ;
fromusername : oqCObuDKK_RqA2bkxKlJzrSiVRRc ;
createtime : 1450092288 ;
msgtype : event ;
eventkey :  ;

2015-12-14 19:24:45 params :
------------
Array:
rule : -2 ;
module :  ;
message : Array ;

2015-12-14 19:24:45 response :
------------

2015-12-14 19:26:31 trace :
------------
Array:
from : oqCObuDV5hC65_Pcv7F3cxayuhV8 ;
to : gh_5013f37369ce ;
time : 1450092391 ;
type : event ;
event : VIEW ;
tousername : gh_5013f37369ce ;
fromusername : oqCObuDV5hC65_Pcv7F3cxayuhV8 ;
createtime : 1450092391 ;
msgtype : event ;
eventkey : http://mp.weixin.qq.com/s?__biz=MzA5MzE5NzExNw==&mid=10001097&idx=1&sn=8338ffe385dcd8dd1f376fc1a2fd50ff&scene=18#rd ;

2015-12-14 19:26:31 params :
------------
Array:
rule : -2 ;
module :  ;
message : Array ;

2015-12-14 19:26:31 response :
------------

2015-12-14 19:32:31 trace :
------------
Array:
from : oqCObuIU4KW0OIp6jtgjhgkuRSXk ;
to : gh_5013f37369ce ;
time : 1450092754 ;
type : event ;
event : subscribe ;
tousername : gh_5013f37369ce ;
fromusername : oqCObuIU4KW0OIp6jtgjhgkuRSXk ;
createtime : 1450092754 ;
msgtype : event ;
eventkey :  ;

2015-12-14 19:32:31 params :
------------
Array:
rule : -2 ;
module :  ;
message : Array ;

2015-12-14 19:32:31 response :
------------

2015-12-14 19:32:33 trace :
------------
Array:
from : oqCObuC03qPlcIRC_Kx8f0helGR4 ;
to : gh_5013f37369ce ;
time : 1450092757 ;
type : event ;
event : subscribe ;
tousername : gh_5013f37369ce ;
fromusername : oqCObuC03qPlcIRC_Kx8f0helGR4 ;
createtime : 1450092757 ;
msgtype : event ;
eventkey :  ;

2015-12-14 19:32:33 params :
------------
Array:
rule : -2 ;
module :  ;
message : Array ;

2015-12-14 19:32:33 response :
------------

2015-12-14 19:48:28 trace :
------------
Array:
from : oqCObuHiGpm9wOFUxMk20dHIYrcg ;
to : gh_5013f37369ce ;
time : 1450093711 ;
type : event ;
event : subscribe ;
tousername : gh_5013f37369ce ;
fromusername : oqCObuHiGpm9wOFUxMk20dHIYrcg ;
createtime : 1450093711 ;
msgtype : event ;
eventkey :  ;

2015-12-14 19:48:28 params :
------------
Array:
rule : -2 ;
module :  ;
message : Array ;

2015-12-14 19:48:28 response :
------------

2015-12-14 19:51:34 trace :
------------
Array:
from : oqCObuDEL-tQggPtzQ8yADGBoMLs ;
to : gh_5013f37369ce ;
time : 1450093897 ;
type : event ;
event : subscribe ;
tousername : gh_5013f37369ce ;
fromusername : oqCObuDEL-tQggPtzQ8yADGBoMLs ;
createtime : 1450093897 ;
msgtype : event ;
eventkey :  ;

2015-12-14 19:51:34 params :
------------
Array:
rule : -2 ;
module :  ;
message : Array ;

2015-12-14 19:51:34 response :
------------

2015-12-14 19:53:48 trace :
------------
Array:
from : oqCObuHlQWxRkjb_j1Hb5gL2t2HA ;
to : gh_5013f37369ce ;
time : 1450094031 ;
type : event ;
event : subscribe ;
tousername : gh_5013f37369ce ;
fromusername : oqCObuHlQWxRkjb_j1Hb5gL2t2HA ;
createtime : 1450094031 ;
msgtype : event ;
eventkey :  ;

2015-12-14 19:53:48 params :
------------
Array:
rule : -2 ;
module :  ;
message : Array ;

2015-12-14 19:53:48 response :
------------

2015-12-14 20:15:24 trace :
------------
Array:
from : oqCObuCVT9lma78QrWZJvhiDtL9E ;
to : gh_5013f37369ce ;
time : 1450095324 ;
type : event ;
event : subscribe ;
tousername : gh_5013f37369ce ;
fromusername : oqCObuCVT9lma78QrWZJvhiDtL9E ;
createtime : 1450095324 ;
msgtype : event ;
eventkey :  ;

2015-12-14 20:15:24 params :
------------
Array:
rule : -2 ;
module :  ;
message : Array ;

2015-12-14 20:15:24 response :
------------

2015-12-14 20:30:22 trace :
------------
Array:
from : oqCObuCKUazduyT9XCldR0orv7dY ;
to : gh_5013f37369ce ;
time : 1450096225 ;
type : event ;
event : subscribe ;
tousername : gh_5013f37369ce ;
fromusername : oqCObuCKUazduyT9XCldR0orv7dY ;
createtime : 1450096225 ;
msgtype : event ;
eventkey :  ;

2015-12-14 20:30:22 params :
------------
Array:
rule : -2 ;
module :  ;
message : Array ;

2015-12-14 20:30:22 response :
------------

2015-12-14 20:36:10 trace :
------------
Array:
from : oqCObuGymBUSROpuh2Y-Yh3Nk5Is ;
to : gh_5013f37369ce ;
time : 1450096570 ;
type : event ;
event : subscribe ;
tousername : gh_5013f37369ce ;
fromusername : oqCObuGymBUSROpuh2Y-Yh3Nk5Is ;
createtime : 1450096570 ;
msgtype : event ;
eventkey :  ;

2015-12-14 20:36:10 params :
------------
Array:
rule : -2 ;
module :  ;
message : Array ;

2015-12-14 20:36:10 response :
------------

2015-12-14 20:42:50 trace :
------------
Array:
from : oqCObuLn7DVd1dKsy8QFGsVSeELI ;
to : gh_5013f37369ce ;
time : 1450096973 ;
type : event ;
event : subscribe ;
tousername : gh_5013f37369ce ;
fromusername : oqCObuLn7DVd1dKsy8QFGsVSeELI ;
createtime : 1450096973 ;
msgtype : event ;
eventkey :  ;

2015-12-14 20:42:50 params :
------------
Array:
rule : -2 ;
module :  ;
message : Array ;

2015-12-14 20:42:50 response :
------------

2015-12-14 20:52:43 trace :
------------
Array:
from : oqCObuKqwt3zqa6X6MHgcgMZjLLk ;
to : gh_5013f37369ce ;
time : 1450097566 ;
type : event ;
event : subscribe ;
tousername : gh_5013f37369ce ;
fromusername : oqCObuKqwt3zqa6X6MHgcgMZjLLk ;
createtime : 1450097566 ;
msgtype : event ;
eventkey :  ;

2015-12-14 20:52:43 params :
------------
Array:
rule : -2 ;
module :  ;
message : Array ;

2015-12-14 20:52:43 response :
------------

2015-12-14 20:56:44 trace :
------------
Array:
from : oqCObuDLBpxppvNPsQr-ULwGBlXA ;
to : gh_5013f37369ce ;
time : 1450097807 ;
type : event ;
event : subscribe ;
tousername : gh_5013f37369ce ;
fromusername : oqCObuDLBpxppvNPsQr-ULwGBlXA ;
createtime : 1450097807 ;
msgtype : event ;
eventkey :  ;

2015-12-14 20:56:44 params :
------------
Array:
rule : -2 ;
module :  ;
message : Array ;

2015-12-14 20:56:44 response :
------------

2015-12-14 21:12:12 trace :
------------
Array:
from : oqCObuKd0Bm9tq_VHhmqMTVWdbng ;
to : gh_5013f37369ce ;
time : 1450098735 ;
type : event ;
event : subscribe ;
tousername : gh_5013f37369ce ;
fromusername : oqCObuKd0Bm9tq_VHhmqMTVWdbng ;
createtime : 1450098735 ;
msgtype : event ;
eventkey :  ;

2015-12-14 21:12:12 params :
------------
Array:
rule : -2 ;
module :  ;
message : Array ;

2015-12-14 21:12:12 response :
------------

2015-12-14 22:42:41 trace :
------------
Array:
from : oqCObuFCWHjpjh71k6LyoatCP_4o ;
to : gh_5013f37369ce ;
time : 1450104162 ;
type : event ;
event : subscribe ;
tousername : gh_5013f37369ce ;
fromusername : oqCObuFCWHjpjh71k6LyoatCP_4o ;
createtime : 1450104162 ;
msgtype : event ;
eventkey :  ;

2015-12-14 22:42:41 params :
------------
Array:
rule : -2 ;
module :  ;
message : Array ;

2015-12-14 22:42:41 response :
------------

2015-12-14 23:08:54 trace :
------------
Array:
from : oqCObuB2f97At1Wkr5heR4EUtNMs ;
to : gh_5013f37369ce ;
time : 1450105737 ;
type : event ;
event : subscribe ;
tousername : gh_5013f37369ce ;
fromusername : oqCObuB2f97At1Wkr5heR4EUtNMs ;
createtime : 1450105737 ;
msgtype : event ;
eventkey :  ;

2015-12-14 23:08:54 params :
------------
Array:
rule : -2 ;
module :  ;
message : Array ;

2015-12-14 23:08:54 response :
------------

2015-12-14 23:16:50 trace :
------------
Array:
from : oqCObuKrcZksJzJbVvfDSw22NXag ;
to : gh_5013f37369ce ;
time : 1450106210 ;
type : event ;
event : VIEW ;
tousername : gh_5013f37369ce ;
fromusername : oqCObuKrcZksJzJbVvfDSw22NXag ;
createtime : 1450106210 ;
msgtype : event ;
eventkey : http://mp.weixin.qq.com/s?__biz=MzA5MzE5NzExNw==&mid=10001097&idx=1&sn=8338ffe385dcd8dd1f376fc1a2fd50ff&scene=18#rd ;

2015-12-14 23:16:50 params :
------------
Array:
rule : -2 ;
module :  ;
message : Array ;

2015-12-14 23:16:50 response :
------------

2015-12-14 23:16:55 trace :
------------
Array:
from : oqCObuKrcZksJzJbVvfDSw22NXag ;
to : gh_5013f37369ce ;
time : 1450106216 ;
type : event ;
event : VIEW ;
tousername : gh_5013f37369ce ;
fromusername : oqCObuKrcZksJzJbVvfDSw22NXag ;
createtime : 1450106216 ;
msgtype : event ;
eventkey : http://mp.weixin.qq.com/s?__biz=MzA5MzE5NzExNw==&mid=10001097&idx=1&sn=8338ffe385dcd8dd1f376fc1a2fd50ff&scene=18#rd ;

2015-12-14 23:16:55 params :
------------
Array:
rule : -2 ;
module :  ;
message : Array ;

2015-12-14 23:16:55 response :
------------

