2015-12-07 09:37:37 trace :
------------
Array:
from : oqCObuA0xf2He7dcci9dZm4D-PFo ;
to : gh_5013f37369ce ;
time : 1449452257 ;
type : event ;
event : subscribe ;
tousername : gh_5013f37369ce ;
fromusername : oqCObuA0xf2He7dcci9dZm4D-PFo ;
createtime : 1449452257 ;
msgtype : event ;
eventkey :  ;

2015-12-07 09:37:37 params :
------------
Array:
rule : -2 ;
module :  ;
message : Array ;

2015-12-07 09:37:37 response :
------------

2015-12-07 09:45:07 trace :
------------
Array:
from : oqCObuAhm_ZIvrkeU84yovCAY1ik ;
to : gh_5013f37369ce ;
time : 1449452709 ;
type : event ;
event : subscribe ;
tousername : gh_5013f37369ce ;
fromusername : oqCObuAhm_ZIvrkeU84yovCAY1ik ;
createtime : 1449452709 ;
msgtype : event ;
eventkey :  ;

2015-12-07 09:45:07 params :
------------
Array:
rule : -2 ;
module :  ;
message : Array ;

2015-12-07 09:45:07 response :
------------

2015-12-07 09:47:17 trace :
------------
Array:
from : oqCObuDTA7Rk5dHyK6j9NHRVDc9Q ;
to : gh_5013f37369ce ;
time : 1449452838 ;
type : event ;
event : VIEW ;
tousername : gh_5013f37369ce ;
fromusername : oqCObuDTA7Rk5dHyK6j9NHRVDc9Q ;
createtime : 1449452838 ;
msgtype : event ;
eventkey : http://mp.weixin.qq.com/s?__biz=MzA5MzE5NzExNw==&mid=10001097&idx=1&sn=8338ffe385dcd8dd1f376fc1a2fd50ff&scene=18#rd ;

2015-12-07 09:47:17 params :
------------
Array:
rule : -2 ;
module :  ;
message : Array ;

2015-12-07 09:47:17 response :
------------

2015-12-07 09:47:27 trace :
------------
Array:
from : oqCObuDTA7Rk5dHyK6j9NHRVDc9Q ;
to : gh_5013f37369ce ;
time : 1449452848 ;
type : event ;
event : VIEW ;
tousername : gh_5013f37369ce ;
fromusername : oqCObuDTA7Rk5dHyK6j9NHRVDc9Q ;
createtime : 1449452848 ;
msgtype : event ;
eventkey : http://mp.weixin.qq.com/s?__biz=MzA5MzE5NzExNw==&mid=10001097&idx=1&sn=8338ffe385dcd8dd1f376fc1a2fd50ff&scene=18#rd ;

2015-12-07 09:47:27 params :
------------
Array:
rule : -2 ;
module :  ;
message : Array ;

2015-12-07 09:47:27 response :
------------

2015-12-07 09:47:45 trace :
------------
Array:
from : oqCObuDTA7Rk5dHyK6j9NHRVDc9Q ;
to : gh_5013f37369ce ;
time : 1449452867 ;
type : event ;
event : VIEW ;
tousername : gh_5013f37369ce ;
fromusername : oqCObuDTA7Rk5dHyK6j9NHRVDc9Q ;
createtime : 1449452867 ;
msgtype : event ;
eventkey : http://mp.weixin.qq.com/s?__biz=MzA5MzE5NzExNw==&mid=10001097&idx=1&sn=8338ffe385dcd8dd1f376fc1a2fd50ff&scene=18#rd ;

2015-12-07 09:47:45 params :
------------
Array:
rule : -2 ;
module :  ;
message : Array ;

2015-12-07 09:47:45 response :
------------

2015-12-07 09:47:58 trace :
------------
Array:
from : oqCObuDTA7Rk5dHyK6j9NHRVDc9Q ;
to : gh_5013f37369ce ;
time : 1449452880 ;
type : event ;
event : VIEW ;
tousername : gh_5013f37369ce ;
fromusername : oqCObuDTA7Rk5dHyK6j9NHRVDc9Q ;
createtime : 1449452880 ;
msgtype : event ;
eventkey : http://mp.weixin.qq.com/s?__biz=MzA5MzE5NzExNw==&mid=10001097&idx=1&sn=8338ffe385dcd8dd1f376fc1a2fd50ff&scene=18#rd ;

2015-12-07 09:47:58 params :
------------
Array:
rule : -2 ;
module :  ;
message : Array ;

2015-12-07 09:47:58 response :
------------

2015-12-07 10:45:39 trace :
------------
Array:
from : oqCObuFlMQAFv0470mD4h5RzIQkY ;
to : gh_5013f37369ce ;
time : 1449456337 ;
type : event ;
event : subscribe ;
tousername : gh_5013f37369ce ;
fromusername : oqCObuFlMQAFv0470mD4h5RzIQkY ;
createtime : 1449456337 ;
msgtype : event ;
eventkey :  ;

2015-12-07 10:45:39 params :
------------
Array:
rule : -2 ;
module :  ;
message : Array ;

2015-12-07 10:45:39 response :
------------

2015-12-07 10:58:22 trace :
------------
Array:
from : oqCObuM0duv9T0Q6XxK1RPnQT_jY ;
to : gh_5013f37369ce ;
time : 1449457103 ;
type : event ;
event : VIEW ;
tousername : gh_5013f37369ce ;
fromusername : oqCObuM0duv9T0Q6XxK1RPnQT_jY ;
createtime : 1449457103 ;
msgtype : event ;
eventkey : http://mp.weixin.qq.com/s?__biz=MzA5MzE5NzExNw==&mid=10001097&idx=1&sn=8338ffe385dcd8dd1f376fc1a2fd50ff&scene=18#rd ;

2015-12-07 10:58:22 params :
------------
Array:
rule : -2 ;
module :  ;
message : Array ;

2015-12-07 10:58:22 response :
------------

2015-12-07 10:59:00 trace :
------------
Array:
from : oqCObuM0duv9T0Q6XxK1RPnQT_jY ;
to : gh_5013f37369ce ;
time : 1449457139 ;
type : event ;
event : VIEW ;
tousername : gh_5013f37369ce ;
fromusername : oqCObuM0duv9T0Q6XxK1RPnQT_jY ;
createtime : 1449457139 ;
msgtype : event ;
eventkey : http://mp.weixin.qq.com/s?__biz=MzA5MzE5NzExNw==&mid=10001097&idx=1&sn=8338ffe385dcd8dd1f376fc1a2fd50ff&scene=18#rd ;

2015-12-07 10:59:00 params :
------------
Array:
rule : -2 ;
module :  ;
message : Array ;

2015-12-07 10:59:00 response :
------------

2015-12-07 10:59:24 trace :
------------
Array:
from : oqCObuM0duv9T0Q6XxK1RPnQT_jY ;
to : gh_5013f37369ce ;
time : 1449457166 ;
type : event ;
event : VIEW ;
tousername : gh_5013f37369ce ;
fromusername : oqCObuM0duv9T0Q6XxK1RPnQT_jY ;
createtime : 1449457166 ;
msgtype : event ;
eventkey : http://mp.weixin.qq.com/s?__biz=MzA5MzE5NzExNw==&mid=10001097&idx=1&sn=8338ffe385dcd8dd1f376fc1a2fd50ff&scene=18#rd ;

2015-12-07 10:59:24 params :
------------
Array:
rule : -2 ;
module :  ;
message : Array ;

2015-12-07 10:59:24 response :
------------

2015-12-07 11:05:22 trace :
------------
Array:
from : oqCObuO9TUU01qsrCMW1GJVBu0_w ;
to : gh_5013f37369ce ;
time : 1449457521 ;
type : event ;
event : subscribe ;
tousername : gh_5013f37369ce ;
fromusername : oqCObuO9TUU01qsrCMW1GJVBu0_w ;
createtime : 1449457521 ;
msgtype : event ;
eventkey :  ;

2015-12-07 11:05:22 params :
------------
Array:
rule : -2 ;
module :  ;
message : Array ;

2015-12-07 11:05:22 response :
------------

2015-12-07 11:10:34 trace :
------------
Array:
from : oqCObuFbrz34IOdCNOOFgZbchUF8 ;
to : gh_5013f37369ce ;
time : 1449457836 ;
type : event ;
event : subscribe ;
tousername : gh_5013f37369ce ;
fromusername : oqCObuFbrz34IOdCNOOFgZbchUF8 ;
createtime : 1449457836 ;
msgtype : event ;
eventkey :  ;

2015-12-07 11:10:34 params :
------------
Array:
rule : -2 ;
module :  ;
message : Array ;

2015-12-07 11:10:34 response :
------------

2015-12-07 11:22:51 trace :
------------
Array:
from : oqCObuIyxaZPx5NYqFbgeFBmaBso ;
to : gh_5013f37369ce ;
time : 1449458569 ;
type : event ;
event : subscribe ;
tousername : gh_5013f37369ce ;
fromusername : oqCObuIyxaZPx5NYqFbgeFBmaBso ;
createtime : 1449458569 ;
msgtype : event ;
eventkey :  ;

2015-12-07 11:22:51 params :
------------
Array:
rule : -2 ;
module :  ;
message : Array ;

2015-12-07 11:22:51 response :
------------

2015-12-07 11:23:55 trace :
------------
Array:
from : oqCObuJvWokoEa67XkiL1fgqSSnc ;
to : gh_5013f37369ce ;
time : 1449458637 ;
type : event ;
event : subscribe ;
tousername : gh_5013f37369ce ;
fromusername : oqCObuJvWokoEa67XkiL1fgqSSnc ;
createtime : 1449458637 ;
msgtype : event ;
eventkey :  ;

2015-12-07 11:23:55 params :
------------
Array:
rule : -2 ;
module :  ;
message : Array ;

2015-12-07 11:23:55 response :
------------

2015-12-07 11:30:59 trace :
------------
Array:
from : oqCObuHtarF2jtPuFfDnvLaTMZyQ ;
to : gh_5013f37369ce ;
time : 1449459061 ;
type : event ;
event : subscribe ;
tousername : gh_5013f37369ce ;
fromusername : oqCObuHtarF2jtPuFfDnvLaTMZyQ ;
createtime : 1449459061 ;
msgtype : event ;
eventkey :  ;

2015-12-07 11:30:59 params :
------------
Array:
rule : -2 ;
module :  ;
message : Array ;

2015-12-07 11:30:59 response :
------------

2015-12-07 11:46:15 trace :
------------
Array:
from : oqCObuMLyyyeL2VwRQw_QGEVX2dM ;
to : gh_5013f37369ce ;
time : 1449459976 ;
type : event ;
event : VIEW ;
tousername : gh_5013f37369ce ;
fromusername : oqCObuMLyyyeL2VwRQw_QGEVX2dM ;
createtime : 1449459976 ;
msgtype : event ;
eventkey : http://mp.weixin.qq.com/s?__biz=MzA5MzE5NzExNw==&mid=10001097&idx=1&sn=8338ffe385dcd8dd1f376fc1a2fd50ff&scene=18#rd ;

2015-12-07 11:46:15 params :
------------
Array:
rule : -2 ;
module :  ;
message : Array ;

2015-12-07 11:46:15 response :
------------

2015-12-07 11:47:24 trace :
------------
Array:
from : oqCObuMLyyyeL2VwRQw_QGEVX2dM ;
to : gh_5013f37369ce ;
time : 1449460045 ;
type : event ;
event : VIEW ;
tousername : gh_5013f37369ce ;
fromusername : oqCObuMLyyyeL2VwRQw_QGEVX2dM ;
createtime : 1449460045 ;
msgtype : event ;
eventkey : http://mp.weixin.qq.com/s?__biz=MzA5MzE5NzExNw==&mid=10001097&idx=1&sn=8338ffe385dcd8dd1f376fc1a2fd50ff&scene=18#rd ;

2015-12-07 11:47:24 params :
------------
Array:
rule : -2 ;
module :  ;
message : Array ;

2015-12-07 11:47:24 response :
------------

2015-12-07 11:47:36 trace :
------------
Array:
from : oqCObuAeZkaYogNJXROw_nlZ2djw ;
to : gh_5013f37369ce ;
time : 1449460057 ;
type : event ;
event : subscribe ;
tousername : gh_5013f37369ce ;
fromusername : oqCObuAeZkaYogNJXROw_nlZ2djw ;
createtime : 1449460057 ;
msgtype : event ;
eventkey :  ;

2015-12-07 11:47:36 params :
------------
Array:
rule : -2 ;
module :  ;
message : Array ;

2015-12-07 11:47:36 response :
------------

2015-12-07 11:48:32 trace :
------------
Array:
from : oqCObuAAZCIWy7U_uTU03sCbp4zg ;
to : gh_5013f37369ce ;
time : 1449460114 ;
type : event ;
event : VIEW ;
tousername : gh_5013f37369ce ;
fromusername : oqCObuAAZCIWy7U_uTU03sCbp4zg ;
createtime : 1449460114 ;
msgtype : event ;
eventkey : http://mp.weixin.qq.com/s?__biz=MzA5MzE5NzExNw==&mid=10001097&idx=1&sn=8338ffe385dcd8dd1f376fc1a2fd50ff&scene=18#rd ;

2015-12-07 11:48:32 params :
------------
Array:
rule : -2 ;
module :  ;
message : Array ;

2015-12-07 11:48:32 response :
------------

2015-12-07 11:48:38 trace :
------------
Array:
from : oqCObuAAZCIWy7U_uTU03sCbp4zg ;
to : gh_5013f37369ce ;
time : 1449460120 ;
type : event ;
event : VIEW ;
tousername : gh_5013f37369ce ;
fromusername : oqCObuAAZCIWy7U_uTU03sCbp4zg ;
createtime : 1449460120 ;
msgtype : event ;
eventkey : http://mp.weixin.qq.com/s?__biz=MzA5MzE5NzExNw==&mid=10001097&idx=1&sn=8338ffe385dcd8dd1f376fc1a2fd50ff&scene=18#rd ;

2015-12-07 11:48:38 params :
------------
Array:
rule : -2 ;
module :  ;
message : Array ;

2015-12-07 11:48:38 response :
------------

2015-12-07 11:51:11 trace :
------------
Array:
from : oqCObuDpIeFWqQqGydHYrOHUTzqE ;
to : gh_5013f37369ce ;
time : 1449460273 ;
type : event ;
event : subscribe ;
tousername : gh_5013f37369ce ;
fromusername : oqCObuDpIeFWqQqGydHYrOHUTzqE ;
createtime : 1449460273 ;
msgtype : event ;
eventkey :  ;

2015-12-07 11:51:11 params :
------------
Array:
rule : -2 ;
module :  ;
message : Array ;

2015-12-07 11:51:11 response :
------------

2015-12-07 12:01:21 trace :
------------
Array:
from : oqCObuM0duv9T0Q6XxK1RPnQT_jY ;
to : gh_5013f37369ce ;
time : 1449460882 ;
type : event ;
event : VIEW ;
tousername : gh_5013f37369ce ;
fromusername : oqCObuM0duv9T0Q6XxK1RPnQT_jY ;
createtime : 1449460882 ;
msgtype : event ;
eventkey : http://mp.weixin.qq.com/s?__biz=MzA5MzE5NzExNw==&mid=10001097&idx=1&sn=8338ffe385dcd8dd1f376fc1a2fd50ff&scene=18#rd ;

2015-12-07 12:01:21 params :
------------
Array:
rule : -2 ;
module :  ;
message : Array ;

2015-12-07 12:01:21 response :
------------

2015-12-07 12:05:31 trace :
------------
Array:
from : oqCObuABoNhjaT55YzhYOXlGQQog ;
to : gh_5013f37369ce ;
time : 1449461133 ;
type : event ;
event : VIEW ;
tousername : gh_5013f37369ce ;
fromusername : oqCObuABoNhjaT55YzhYOXlGQQog ;
createtime : 1449461133 ;
msgtype : event ;
eventkey : http://mp.weixin.qq.com/s?__biz=MzA5MzE5NzExNw==&mid=10001097&idx=1&sn=8338ffe385dcd8dd1f376fc1a2fd50ff&scene=18#rd ;

2015-12-07 12:05:31 params :
------------
Array:
rule : -2 ;
module :  ;
message : Array ;

2015-12-07 12:05:31 response :
------------

2015-12-07 12:21:30 trace :
------------
Array:
from : oqCObuChA7O8QF6pH3s0Frvq3dS8 ;
to : gh_5013f37369ce ;
time : 1449462091 ;
type : event ;
event : subscribe ;
tousername : gh_5013f37369ce ;
fromusername : oqCObuChA7O8QF6pH3s0Frvq3dS8 ;
createtime : 1449462091 ;
msgtype : event ;
eventkey :  ;

2015-12-07 12:21:30 params :
------------
Array:
rule : -2 ;
module :  ;
message : Array ;

2015-12-07 12:21:30 response :
------------

2015-12-07 12:23:01 trace :
------------
Array:
from : oqCObuGIHAzmiOcH87es5e8oHDn8 ;
to : gh_5013f37369ce ;
time : 1449462182 ;
type : event ;
event : VIEW ;
tousername : gh_5013f37369ce ;
fromusername : oqCObuGIHAzmiOcH87es5e8oHDn8 ;
createtime : 1449462182 ;
msgtype : event ;
eventkey : http://mp.weixin.qq.com/s?__biz=MzA5MzE5NzExNw==&mid=10001097&idx=1&sn=8338ffe385dcd8dd1f376fc1a2fd50ff&scene=18#rd ;

2015-12-07 12:23:01 params :
------------
Array:
rule : -2 ;
module :  ;
message : Array ;

2015-12-07 12:23:01 response :
------------

2015-12-07 12:23:24 trace :
------------
Array:
from : oqCObuIVjTUgntipnudfYuY2ecB0 ;
to : gh_5013f37369ce ;
time : 1449462206 ;
type : event ;
event : subscribe ;
tousername : gh_5013f37369ce ;
fromusername : oqCObuIVjTUgntipnudfYuY2ecB0 ;
createtime : 1449462206 ;
msgtype : event ;
eventkey :  ;

2015-12-07 12:23:24 params :
------------
Array:
rule : -2 ;
module :  ;
message : Array ;

2015-12-07 12:23:24 response :
------------

2015-12-07 12:26:54 trace :
------------
Array:
from : oqCObuPM8T42dgYHlnQzovFiHiHA ;
to : gh_5013f37369ce ;
time : 1449462415 ;
type : event ;
event : subscribe ;
tousername : gh_5013f37369ce ;
fromusername : oqCObuPM8T42dgYHlnQzovFiHiHA ;
createtime : 1449462415 ;
msgtype : event ;
eventkey :  ;

2015-12-07 12:26:54 params :
------------
Array:
rule : -2 ;
module :  ;
message : Array ;

2015-12-07 12:26:54 response :
------------

2015-12-07 12:51:50 trace :
------------
Array:
from : oqCObuPawlPkSAvILUGo7iHfgXUQ ;
to : gh_5013f37369ce ;
time : 1449463912 ;
type : event ;
event : subscribe ;
tousername : gh_5013f37369ce ;
fromusername : oqCObuPawlPkSAvILUGo7iHfgXUQ ;
createtime : 1449463912 ;
msgtype : event ;
eventkey :  ;

2015-12-07 12:51:50 params :
------------
Array:
rule : -2 ;
module :  ;
message : Array ;

2015-12-07 12:51:50 response :
------------

2015-12-07 13:06:20 trace :
------------
Array:
from : oqCObuLkXozFMDHvesq2rZ0MeOKk ;
to : gh_5013f37369ce ;
time : 1449464782 ;
type : event ;
event : VIEW ;
tousername : gh_5013f37369ce ;
fromusername : oqCObuLkXozFMDHvesq2rZ0MeOKk ;
createtime : 1449464782 ;
msgtype : event ;
eventkey : http://mp.weixin.qq.com/s?__biz=MzA5MzE5NzExNw==&mid=10001097&idx=1&sn=8338ffe385dcd8dd1f376fc1a2fd50ff&scene=18#rd ;

2015-12-07 13:06:20 params :
------------
Array:
rule : -2 ;
module :  ;
message : Array ;

2015-12-07 13:06:20 response :
------------

2015-12-07 13:06:31 trace :
------------
Array:
from : oqCObuETzel7sddhCaME6lhJWee4 ;
to : gh_5013f37369ce ;
time : 1449464792 ;
type : event ;
event : subscribe ;
tousername : gh_5013f37369ce ;
fromusername : oqCObuETzel7sddhCaME6lhJWee4 ;
createtime : 1449464792 ;
msgtype : event ;
eventkey :  ;

2015-12-07 13:06:31 params :
------------
Array:
rule : -2 ;
module :  ;
message : Array ;

2015-12-07 13:06:31 response :
------------

2015-12-07 13:22:51 trace :
------------
Array:
from : oqCObuI1IGRr7ei_QZmgXNUtU0gM ;
to : gh_5013f37369ce ;
time : 1449465772 ;
type : event ;
event : subscribe ;
tousername : gh_5013f37369ce ;
fromusername : oqCObuI1IGRr7ei_QZmgXNUtU0gM ;
createtime : 1449465772 ;
msgtype : event ;
eventkey :  ;

2015-12-07 13:22:51 params :
------------
Array:
rule : -2 ;
module :  ;
message : Array ;

2015-12-07 13:22:51 response :
------------

2015-12-07 13:33:20 trace :
------------
Array:
from : oqCObuOgdvprucZQiN8Qdf7UacfQ ;
to : gh_5013f37369ce ;
time : 1449466401 ;
type : event ;
event : subscribe ;
tousername : gh_5013f37369ce ;
fromusername : oqCObuOgdvprucZQiN8Qdf7UacfQ ;
createtime : 1449466401 ;
msgtype : event ;
eventkey :  ;

2015-12-07 13:33:20 params :
------------
Array:
rule : -2 ;
module :  ;
message : Array ;

2015-12-07 13:33:20 response :
------------

2015-12-07 13:38:29 trace :
------------
Array:
from : oqCObuB_EN-mvxGImBitGo9xLnwQ ;
to : gh_5013f37369ce ;
time : 1449466711 ;
type : event ;
event : subscribe ;
tousername : gh_5013f37369ce ;
fromusername : oqCObuB_EN-mvxGImBitGo9xLnwQ ;
createtime : 1449466711 ;
msgtype : event ;
eventkey :  ;

2015-12-07 13:38:29 params :
------------
Array:
rule : -2 ;
module :  ;
message : Array ;

2015-12-07 13:38:29 response :
------------

2015-12-07 13:39:58 trace :
------------
Array:
from : oqCObuBr39Dnvz0JUkceEIdpp3ok ;
to : gh_5013f37369ce ;
time : 1449466800 ;
type : event ;
event : subscribe ;
tousername : gh_5013f37369ce ;
fromusername : oqCObuBr39Dnvz0JUkceEIdpp3ok ;
createtime : 1449466800 ;
msgtype : event ;
eventkey :  ;

2015-12-07 13:39:58 params :
------------
Array:
rule : -2 ;
module :  ;
message : Array ;

2015-12-07 13:39:58 response :
------------

2015-12-07 13:41:31 trace :
------------
Array:
from : oqCObuB_vbJBDcrldRN-XlIGC06o ;
to : gh_5013f37369ce ;
time : 1449466893 ;
type : event ;
event : subscribe ;
tousername : gh_5013f37369ce ;
fromusername : oqCObuB_vbJBDcrldRN-XlIGC06o ;
createtime : 1449466893 ;
msgtype : event ;
eventkey :  ;

2015-12-07 13:41:31 params :
------------
Array:
rule : -2 ;
module :  ;
message : Array ;

2015-12-07 13:41:31 response :
------------

2015-12-07 13:48:00 trace :
------------
Array:
from : oqCObuMMoTMwJYcm5jmqN4VtScmw ;
to : gh_5013f37369ce ;
time : 1449467281 ;
type : event ;
event : subscribe ;
tousername : gh_5013f37369ce ;
fromusername : oqCObuMMoTMwJYcm5jmqN4VtScmw ;
createtime : 1449467281 ;
msgtype : event ;
eventkey :  ;

2015-12-07 13:48:00 params :
------------
Array:
rule : -2 ;
module :  ;
message : Array ;

2015-12-07 13:48:00 response :
------------

2015-12-07 13:54:55 trace :
------------
Array:
from : oqCObuAP7HlpSTXQWA1FEnIhfxoY ;
to : gh_5013f37369ce ;
time : 1449467697 ;
type : event ;
event : subscribe ;
tousername : gh_5013f37369ce ;
fromusername : oqCObuAP7HlpSTXQWA1FEnIhfxoY ;
createtime : 1449467697 ;
msgtype : event ;
eventkey :  ;

2015-12-07 13:54:55 params :
------------
Array:
rule : -2 ;
module :  ;
message : Array ;

2015-12-07 13:54:55 response :
------------

2015-12-07 14:06:03 trace :
------------
Array:
from : oqCObuDgva5died2J9jX2ITWrX1U ;
to : gh_5013f37369ce ;
time : 1449468364 ;
type : event ;
event : subscribe ;
tousername : gh_5013f37369ce ;
fromusername : oqCObuDgva5died2J9jX2ITWrX1U ;
createtime : 1449468364 ;
msgtype : event ;
eventkey :  ;

2015-12-07 14:06:03 params :
------------
Array:
rule : -2 ;
module :  ;
message : Array ;

2015-12-07 14:06:03 response :
------------

2015-12-07 14:07:16 trace :
------------
Array:
from : oqCObuEow4muyK3CRWrIHxUOWXQQ ;
to : gh_5013f37369ce ;
time : 1449468437 ;
type : event ;
event : VIEW ;
tousername : gh_5013f37369ce ;
fromusername : oqCObuEow4muyK3CRWrIHxUOWXQQ ;
createtime : 1449468437 ;
msgtype : event ;
eventkey : http://mp.weixin.qq.com/s?__biz=MzA5MzE5NzExNw==&mid=10001097&idx=1&sn=8338ffe385dcd8dd1f376fc1a2fd50ff&scene=18#rd ;

2015-12-07 14:07:16 params :
------------
Array:
rule : -2 ;
module :  ;
message : Array ;

2015-12-07 14:07:16 response :
------------

2015-12-07 14:07:38 trace :
------------
Array:
from : oqCObuEow4muyK3CRWrIHxUOWXQQ ;
to : gh_5013f37369ce ;
time : 1449468459 ;
type : event ;
event : VIEW ;
tousername : gh_5013f37369ce ;
fromusername : oqCObuEow4muyK3CRWrIHxUOWXQQ ;
createtime : 1449468459 ;
msgtype : event ;
eventkey : http://mp.weixin.qq.com/s?__biz=MzA5MzE5NzExNw==&mid=10001097&idx=1&sn=8338ffe385dcd8dd1f376fc1a2fd50ff&scene=18#rd ;

2015-12-07 14:07:38 params :
------------
Array:
rule : -2 ;
module :  ;
message : Array ;

2015-12-07 14:07:38 response :
------------

2015-12-07 14:08:17 trace :
------------
Array:
from : oqCObuEfEzy2lTPkD-0ajbWigImY ;
to : gh_5013f37369ce ;
time : 1449468498 ;
type : event ;
event : subscribe ;
tousername : gh_5013f37369ce ;
fromusername : oqCObuEfEzy2lTPkD-0ajbWigImY ;
createtime : 1449468498 ;
msgtype : event ;
eventkey :  ;

2015-12-07 14:08:17 params :
------------
Array:
rule : -2 ;
module :  ;
message : Array ;

2015-12-07 14:08:17 response :
------------

2015-12-07 14:10:57 trace :
------------
Array:
from : oqCObuLBiq2XqLZeY5yIwPgsxcUw ;
to : gh_5013f37369ce ;
time : 1449468650 ;
type : event ;
event : subscribe ;
tousername : gh_5013f37369ce ;
fromusername : oqCObuLBiq2XqLZeY5yIwPgsxcUw ;
createtime : 1449468650 ;
msgtype : event ;
eventkey :  ;

2015-12-07 14:10:57 params :
------------
Array:
rule : -2 ;
module :  ;
message : Array ;

2015-12-07 14:10:57 response :
------------

2015-12-07 14:23:16 trace :
------------
Array:
from : oqCObuLH3KnLFSoG_0fasZUwFP-U ;
to : gh_5013f37369ce ;
time : 1449469394 ;
type : event ;
event : VIEW ;
tousername : gh_5013f37369ce ;
fromusername : oqCObuLH3KnLFSoG_0fasZUwFP-U ;
createtime : 1449469394 ;
msgtype : event ;
eventkey : http://mp.weixin.qq.com/s?__biz=MzA5MzE5NzExNw==&mid=10001097&idx=1&sn=8338ffe385dcd8dd1f376fc1a2fd50ff&scene=18#rd ;

2015-12-07 14:23:16 params :
------------
Array:
rule : -2 ;
module :  ;
message : Array ;

2015-12-07 14:23:16 response :
------------

2015-12-07 14:23:22 trace :
------------
Array:
from : oqCObuLH3KnLFSoG_0fasZUwFP-U ;
to : gh_5013f37369ce ;
time : 1449469404 ;
type : event ;
event : VIEW ;
tousername : gh_5013f37369ce ;
fromusername : oqCObuLH3KnLFSoG_0fasZUwFP-U ;
createtime : 1449469404 ;
msgtype : event ;
eventkey : http://mp.weixin.qq.com/s?__biz=MzA5MzE5NzExNw==&mid=10001097&idx=1&sn=8338ffe385dcd8dd1f376fc1a2fd50ff&scene=18#rd ;

2015-12-07 14:23:22 params :
------------
Array:
rule : -2 ;
module :  ;
message : Array ;

2015-12-07 14:23:22 response :
------------

2015-12-07 14:23:40 trace :
------------
Array:
from : oqCObuLH3KnLFSoG_0fasZUwFP-U ;
to : gh_5013f37369ce ;
time : 1449469421 ;
type : event ;
event : VIEW ;
tousername : gh_5013f37369ce ;
fromusername : oqCObuLH3KnLFSoG_0fasZUwFP-U ;
createtime : 1449469421 ;
msgtype : event ;
eventkey : http://mp.weixin.qq.com/s?__biz=MzA5MzE5NzExNw==&mid=10001097&idx=1&sn=8338ffe385dcd8dd1f376fc1a2fd50ff&scene=18#rd ;

2015-12-07 14:23:40 params :
------------
Array:
rule : -2 ;
module :  ;
message : Array ;

2015-12-07 14:23:40 response :
------------

2015-12-07 14:23:43 trace :
------------
Array:
from : oqCObuLH3KnLFSoG_0fasZUwFP-U ;
to : gh_5013f37369ce ;
time : 1449469425 ;
type : event ;
event : VIEW ;
tousername : gh_5013f37369ce ;
fromusername : oqCObuLH3KnLFSoG_0fasZUwFP-U ;
createtime : 1449469425 ;
msgtype : event ;
eventkey : http://mp.weixin.qq.com/s?__biz=MzA5MzE5NzExNw==&mid=10001097&idx=1&sn=8338ffe385dcd8dd1f376fc1a2fd50ff&scene=18#rd ;

2015-12-07 14:23:43 params :
------------
Array:
rule : -2 ;
module :  ;
message : Array ;

2015-12-07 14:23:43 response :
------------

2015-12-07 14:35:40 trace :
------------
Array:
from : oqCObuFomIFAncSx3YrzHkgCemhs ;
to : gh_5013f37369ce ;
time : 1449470142 ;
type : event ;
event : subscribe ;
tousername : gh_5013f37369ce ;
fromusername : oqCObuFomIFAncSx3YrzHkgCemhs ;
createtime : 1449470142 ;
msgtype : event ;
eventkey :  ;

2015-12-07 14:35:40 params :
------------
Array:
rule : -2 ;
module :  ;
message : Array ;

2015-12-07 14:35:40 response :
------------

2015-12-07 14:40:03 trace :
------------
Array:
from : oqCObuOFr_96qXZpRzXX-4voJM6U ;
to : gh_5013f37369ce ;
time : 1449470405 ;
type : event ;
event : subscribe ;
tousername : gh_5013f37369ce ;
fromusername : oqCObuOFr_96qXZpRzXX-4voJM6U ;
createtime : 1449470405 ;
msgtype : event ;
eventkey :  ;

2015-12-07 14:40:03 params :
------------
Array:
rule : -2 ;
module :  ;
message : Array ;

2015-12-07 14:40:03 response :
------------

2015-12-07 14:53:15 trace :
------------
Array:
from : oqCObuFNHe8AmWTC7KZ64PEJisAA ;
to : gh_5013f37369ce ;
time : 1449471194 ;
type : event ;
event : subscribe ;
tousername : gh_5013f37369ce ;
fromusername : oqCObuFNHe8AmWTC7KZ64PEJisAA ;
createtime : 1449471194 ;
msgtype : event ;
eventkey :  ;

2015-12-07 14:53:15 params :
------------
Array:
rule : -2 ;
module :  ;
message : Array ;

2015-12-07 14:53:15 response :
------------

2015-12-07 15:03:16 trace :
------------
Array:
from : oqCObuNGbRNfTDW6Hhy5Shc401-g ;
to : gh_5013f37369ce ;
time : 1449471798 ;
type : event ;
event : subscribe ;
tousername : gh_5013f37369ce ;
fromusername : oqCObuNGbRNfTDW6Hhy5Shc401-g ;
createtime : 1449471798 ;
msgtype : event ;
eventkey :  ;

2015-12-07 15:03:16 params :
------------
Array:
rule : -2 ;
module :  ;
message : Array ;

2015-12-07 15:03:16 response :
------------

2015-12-07 15:04:44 trace :
------------
Array:
from : oqCObuP81g0ulqEqvRKC8nAMs6s8 ;
to : gh_5013f37369ce ;
time : 1449471886 ;
type : event ;
event : subscribe ;
tousername : gh_5013f37369ce ;
fromusername : oqCObuP81g0ulqEqvRKC8nAMs6s8 ;
createtime : 1449471886 ;
msgtype : event ;
eventkey :  ;

2015-12-07 15:04:44 params :
------------
Array:
rule : -2 ;
module :  ;
message : Array ;

2015-12-07 15:04:44 response :
------------

2015-12-07 15:09:21 trace :
------------
Array:
from : oqCObuJPyaSIWLFmq7JiiXYM42fA ;
to : gh_5013f37369ce ;
time : 1449472162 ;
type : event ;
event : subscribe ;
tousername : gh_5013f37369ce ;
fromusername : oqCObuJPyaSIWLFmq7JiiXYM42fA ;
createtime : 1449472162 ;
msgtype : event ;
eventkey :  ;

2015-12-07 15:09:21 params :
------------
Array:
rule : -2 ;
module :  ;
message : Array ;

2015-12-07 15:09:21 response :
------------

2015-12-07 15:14:52 trace :
------------
Array:
from : oqCObuAjnm83yGkNBrTSkiRupn8g ;
to : gh_5013f37369ce ;
time : 1449472493 ;
type : event ;
event : VIEW ;
tousername : gh_5013f37369ce ;
fromusername : oqCObuAjnm83yGkNBrTSkiRupn8g ;
createtime : 1449472493 ;
msgtype : event ;
eventkey : http://mp.weixin.qq.com/s?__biz=MzA5MzE5NzExNw==&mid=10001097&idx=1&sn=8338ffe385dcd8dd1f376fc1a2fd50ff&scene=18#rd ;

2015-12-07 15:14:52 params :
------------
Array:
rule : -2 ;
module :  ;
message : Array ;

2015-12-07 15:14:52 response :
------------

2015-12-07 15:22:58 trace :
------------
Array:
from : oqCObuDOfiaVbbrrrcUwFpJdLs_E ;
to : gh_5013f37369ce ;
time : 1449472979 ;
type : event ;
event : VIEW ;
tousername : gh_5013f37369ce ;
fromusername : oqCObuDOfiaVbbrrrcUwFpJdLs_E ;
createtime : 1449472979 ;
msgtype : event ;
eventkey : http://mp.weixin.qq.com/s?__biz=MzA5MzE5NzExNw==&mid=10001097&idx=1&sn=8338ffe385dcd8dd1f376fc1a2fd50ff&scene=18#rd ;

2015-12-07 15:22:58 params :
------------
Array:
rule : -2 ;
module :  ;
message : Array ;

2015-12-07 15:22:58 response :
------------

2015-12-07 15:33:30 trace :
------------
Array:
from : oqCObuNrvXRkLbnHYc8KOzxjbppA ;
to : gh_5013f37369ce ;
time : 1449473612 ;
type : event ;
event : VIEW ;
tousername : gh_5013f37369ce ;
fromusername : oqCObuNrvXRkLbnHYc8KOzxjbppA ;
createtime : 1449473612 ;
msgtype : event ;
eventkey : http://mp.weixin.qq.com/s?__biz=MzA5MzE5NzExNw==&mid=10001097&idx=1&sn=8338ffe385dcd8dd1f376fc1a2fd50ff&scene=18#rd ;

2015-12-07 15:33:30 params :
------------
Array:
rule : -2 ;
module :  ;
message : Array ;

2015-12-07 15:33:30 response :
------------

2015-12-07 15:33:34 trace :
------------
Array:
from : oqCObuNrvXRkLbnHYc8KOzxjbppA ;
to : gh_5013f37369ce ;
time : 1449473615 ;
type : event ;
event : VIEW ;
tousername : gh_5013f37369ce ;
fromusername : oqCObuNrvXRkLbnHYc8KOzxjbppA ;
createtime : 1449473615 ;
msgtype : event ;
eventkey : http://mp.weixin.qq.com/s?__biz=MzA5MzE5NzExNw==&mid=10001097&idx=1&sn=8338ffe385dcd8dd1f376fc1a2fd50ff&scene=18#rd ;

2015-12-07 15:33:34 params :
------------
Array:
rule : -2 ;
module :  ;
message : Array ;

2015-12-07 15:33:34 response :
------------

2015-12-07 15:33:42 trace :
------------
Array:
from : oqCObuNrvXRkLbnHYc8KOzxjbppA ;
to : gh_5013f37369ce ;
time : 1449473624 ;
type : event ;
event : VIEW ;
tousername : gh_5013f37369ce ;
fromusername : oqCObuNrvXRkLbnHYc8KOzxjbppA ;
createtime : 1449473624 ;
msgtype : event ;
eventkey : http://mp.weixin.qq.com/s?__biz=MzA5MzE5NzExNw==&mid=10001097&idx=1&sn=8338ffe385dcd8dd1f376fc1a2fd50ff&scene=18#rd ;

2015-12-07 15:33:42 params :
------------
Array:
rule : -2 ;
module :  ;
message : Array ;

2015-12-07 15:33:42 response :
------------

2015-12-07 15:50:19 trace :
------------
Array:
from : oqCObuDXlOejG89uwjXgSZ1RBWNg ;
to : gh_5013f37369ce ;
time : 1449474620 ;
type : event ;
event : subscribe ;
tousername : gh_5013f37369ce ;
fromusername : oqCObuDXlOejG89uwjXgSZ1RBWNg ;
createtime : 1449474620 ;
msgtype : event ;
eventkey :  ;

2015-12-07 15:50:19 params :
------------
Array:
rule : -2 ;
module :  ;
message : Array ;

2015-12-07 15:50:19 response :
------------

2015-12-07 15:57:16 trace :
------------
Array:
from : oqCObuE1H5YaOp0bBnaEg2s0LRFw ;
to : gh_5013f37369ce ;
time : 1449475035 ;
type : event ;
event : subscribe ;
tousername : gh_5013f37369ce ;
fromusername : oqCObuE1H5YaOp0bBnaEg2s0LRFw ;
createtime : 1449475035 ;
msgtype : event ;
eventkey :  ;

2015-12-07 15:57:16 params :
------------
Array:
rule : -2 ;
module :  ;
message : Array ;

2015-12-07 15:57:16 response :
------------

2015-12-07 16:25:24 trace :
------------
Array:
from : oqCObuLFY7q0XicMGME8TjFsAjgM ;
to : gh_5013f37369ce ;
time : 1449476725 ;
type : event ;
event : subscribe ;
tousername : gh_5013f37369ce ;
fromusername : oqCObuLFY7q0XicMGME8TjFsAjgM ;
createtime : 1449476725 ;
msgtype : event ;
eventkey :  ;

2015-12-07 16:25:24 params :
------------
Array:
rule : -2 ;
module :  ;
message : Array ;

2015-12-07 16:25:24 response :
------------

2015-12-07 16:27:30 trace :
------------
Array:
from : oqCObuJiLGBHEDw2lQ_7AtMtoFWg ;
to : gh_5013f37369ce ;
time : 1449476852 ;
type : event ;
event : subscribe ;
tousername : gh_5013f37369ce ;
fromusername : oqCObuJiLGBHEDw2lQ_7AtMtoFWg ;
createtime : 1449476852 ;
msgtype : event ;
eventkey :  ;

2015-12-07 16:27:30 params :
------------
Array:
rule : -2 ;
module :  ;
message : Array ;

2015-12-07 16:27:30 response :
------------

2015-12-07 16:35:05 trace :
------------
Array:
from : oqCObuIReD23DgKXTtSsh0Pzhwjw ;
to : gh_5013f37369ce ;
time : 1449477303 ;
type : event ;
event : subscribe ;
tousername : gh_5013f37369ce ;
fromusername : oqCObuIReD23DgKXTtSsh0Pzhwjw ;
createtime : 1449477303 ;
msgtype : event ;
eventkey :  ;

2015-12-07 16:35:05 params :
------------
Array:
rule : -2 ;
module :  ;
message : Array ;

2015-12-07 16:35:05 response :
------------

2015-12-07 16:52:40 trace :
------------
Array:
from : oqCObuALWR5yXVcf6_GzMQudkn0w ;
to : gh_5013f37369ce ;
time : 1449478361 ;
type : event ;
event : subscribe ;
tousername : gh_5013f37369ce ;
fromusername : oqCObuALWR5yXVcf6_GzMQudkn0w ;
createtime : 1449478361 ;
msgtype : event ;
eventkey :  ;

2015-12-07 16:52:40 params :
------------
Array:
rule : -2 ;
module :  ;
message : Array ;

2015-12-07 16:52:40 response :
------------

2015-12-07 16:53:18 trace :
------------
Array:
from : oqCObuBlwr7l0chsifj2oKZ387xk ;
to : gh_5013f37369ce ;
time : 1449478400 ;
type : event ;
event : subscribe ;
tousername : gh_5013f37369ce ;
fromusername : oqCObuBlwr7l0chsifj2oKZ387xk ;
createtime : 1449478400 ;
msgtype : event ;
eventkey :  ;

2015-12-07 16:53:18 params :
------------
Array:
rule : -2 ;
module :  ;
message : Array ;

2015-12-07 16:53:18 response :
------------

2015-12-07 16:57:32 trace :
------------
Array:
from : oqCObuF6Ww6kqqLyEpqiZKHLrs7A ;
to : gh_5013f37369ce ;
time : 1449478654 ;
type : event ;
event : subscribe ;
tousername : gh_5013f37369ce ;
fromusername : oqCObuF6Ww6kqqLyEpqiZKHLrs7A ;
createtime : 1449478654 ;
msgtype : event ;
eventkey :  ;

2015-12-07 16:57:32 params :
------------
Array:
rule : -2 ;
module :  ;
message : Array ;

2015-12-07 16:57:32 response :
------------

2015-12-07 16:58:19 trace :
------------
Array:
from : oqCObuHNfgq-wg3vesBRNiLOFGnM ;
to : gh_5013f37369ce ;
time : 1449478701 ;
type : event ;
event : subscribe ;
tousername : gh_5013f37369ce ;
fromusername : oqCObuHNfgq-wg3vesBRNiLOFGnM ;
createtime : 1449478701 ;
msgtype : event ;
eventkey :  ;

2015-12-07 16:58:19 params :
------------
Array:
rule : -2 ;
module :  ;
message : Array ;

2015-12-07 16:58:19 response :
------------

2015-12-07 17:05:05 trace :
------------
Array:
from : oqCObuN1DGZ-sbRviUQUfGHNlBCA ;
to : gh_5013f37369ce ;
time : 1449479106 ;
type : event ;
event : subscribe ;
tousername : gh_5013f37369ce ;
fromusername : oqCObuN1DGZ-sbRviUQUfGHNlBCA ;
createtime : 1449479106 ;
msgtype : event ;
eventkey :  ;

2015-12-07 17:05:05 params :
------------
Array:
rule : -2 ;
module :  ;
message : Array ;

2015-12-07 17:05:05 response :
------------

2015-12-07 17:15:01 trace :
------------
Array:
from : oqCObuLkX8JI4Isl_OUw-bffHfWk ;
to : gh_5013f37369ce ;
time : 1449479702 ;
type : event ;
event : subscribe ;
tousername : gh_5013f37369ce ;
fromusername : oqCObuLkX8JI4Isl_OUw-bffHfWk ;
createtime : 1449479702 ;
msgtype : event ;
eventkey :  ;

2015-12-07 17:15:01 params :
------------
Array:
rule : -2 ;
module :  ;
message : Array ;

2015-12-07 17:15:01 response :
------------

2015-12-07 17:20:42 trace :
------------
Array:
from : oqCObuJjYUDsLTP5Y8NgJ-uZEipE ;
to : gh_5013f37369ce ;
time : 1449480043 ;
type : event ;
event : VIEW ;
tousername : gh_5013f37369ce ;
fromusername : oqCObuJjYUDsLTP5Y8NgJ-uZEipE ;
createtime : 1449480043 ;
msgtype : event ;
eventkey : http://mp.weixin.qq.com/s?__biz=MzA5MzE5NzExNw==&mid=10001097&idx=1&sn=8338ffe385dcd8dd1f376fc1a2fd50ff&scene=18#rd ;

2015-12-07 17:20:42 params :
------------
Array:
rule : -2 ;
module :  ;
message : Array ;

2015-12-07 17:20:42 response :
------------

2015-12-07 17:26:24 trace :
------------
Array:
from : oqCObuHGoFhJtU8XNuTamxLHF2FE ;
to : gh_5013f37369ce ;
time : 1449480386 ;
type : event ;
event : subscribe ;
tousername : gh_5013f37369ce ;
fromusername : oqCObuHGoFhJtU8XNuTamxLHF2FE ;
createtime : 1449480386 ;
msgtype : event ;
eventkey :  ;

2015-12-07 17:26:24 params :
------------
Array:
rule : -2 ;
module :  ;
message : Array ;

2015-12-07 17:26:24 response :
------------

2015-12-07 17:38:09 trace :
------------
Array:
from : oqCObuKfj1Lk-HS2_FSBTYogIQ5o ;
to : gh_5013f37369ce ;
time : 1449481090 ;
type : event ;
event : subscribe ;
tousername : gh_5013f37369ce ;
fromusername : oqCObuKfj1Lk-HS2_FSBTYogIQ5o ;
createtime : 1449481090 ;
msgtype : event ;
eventkey :  ;

2015-12-07 17:38:09 params :
------------
Array:
rule : -2 ;
module :  ;
message : Array ;

2015-12-07 17:38:09 response :
------------

2015-12-07 17:41:27 trace :
------------
Array:
from : oqCObuHKAk-VIurJ7fU89-cOmrCE ;
to : gh_5013f37369ce ;
time : 1449481289 ;
type : event ;
event : subscribe ;
tousername : gh_5013f37369ce ;
fromusername : oqCObuHKAk-VIurJ7fU89-cOmrCE ;
createtime : 1449481289 ;
msgtype : event ;
eventkey :  ;

2015-12-07 17:41:27 params :
------------
Array:
rule : -2 ;
module :  ;
message : Array ;

2015-12-07 17:41:27 response :
------------

2015-12-07 17:41:43 trace :
------------
Array:
from : oqCObuP8NFPKk_ls8FU0YxfTQITI ;
to : gh_5013f37369ce ;
time : 1449481304 ;
type : event ;
event : subscribe ;
tousername : gh_5013f37369ce ;
fromusername : oqCObuP8NFPKk_ls8FU0YxfTQITI ;
createtime : 1449481304 ;
msgtype : event ;
eventkey :  ;

2015-12-07 17:41:43 params :
------------
Array:
rule : -2 ;
module :  ;
message : Array ;

2015-12-07 17:41:43 response :
------------

2015-12-07 17:44:38 trace :
------------
Array:
from : oqCObuK6cRdfPVvb1AQr5KWnJbAA ;
to : gh_5013f37369ce ;
time : 1449481480 ;
type : event ;
event : subscribe ;
tousername : gh_5013f37369ce ;
fromusername : oqCObuK6cRdfPVvb1AQr5KWnJbAA ;
createtime : 1449481480 ;
msgtype : event ;
eventkey :  ;

2015-12-07 17:44:38 params :
------------
Array:
rule : -2 ;
module :  ;
message : Array ;

2015-12-07 17:44:38 response :
------------

2015-12-07 17:46:14 trace :
------------
Array:
from : oqCObuKUlg7uqyNnQ_FYT6sfreQM ;
to : gh_5013f37369ce ;
time : 1449481575 ;
type : event ;
event : subscribe ;
tousername : gh_5013f37369ce ;
fromusername : oqCObuKUlg7uqyNnQ_FYT6sfreQM ;
createtime : 1449481575 ;
msgtype : event ;
eventkey :  ;

2015-12-07 17:46:14 params :
------------
Array:
rule : -2 ;
module :  ;
message : Array ;

2015-12-07 17:46:14 response :
------------

2015-12-07 17:49:31 trace :
------------
Array:
from : oqCObuDRZp-JtdGRolrjtetZGBRw ;
to : gh_5013f37369ce ;
time : 1449481773 ;
type : event ;
event : VIEW ;
tousername : gh_5013f37369ce ;
fromusername : oqCObuDRZp-JtdGRolrjtetZGBRw ;
createtime : 1449481773 ;
msgtype : event ;
eventkey : http://mp.weixin.qq.com/s?__biz=MzA5MzE5NzExNw==&mid=10001097&idx=1&sn=8338ffe385dcd8dd1f376fc1a2fd50ff&scene=18#rd ;

2015-12-07 17:49:31 params :
------------
Array:
rule : -2 ;
module :  ;
message : Array ;

2015-12-07 17:49:31 response :
------------

2015-12-07 17:49:35 trace :
------------
Array:
from : oqCObuDRZp-JtdGRolrjtetZGBRw ;
to : gh_5013f37369ce ;
time : 1449481777 ;
type : event ;
event : VIEW ;
tousername : gh_5013f37369ce ;
fromusername : oqCObuDRZp-JtdGRolrjtetZGBRw ;
createtime : 1449481777 ;
msgtype : event ;
eventkey : http://mp.weixin.qq.com/s?__biz=MzA5MzE5NzExNw==&mid=10001097&idx=1&sn=8338ffe385dcd8dd1f376fc1a2fd50ff&scene=18#rd ;

2015-12-07 17:49:35 params :
------------
Array:
rule : -2 ;
module :  ;
message : Array ;

2015-12-07 17:49:35 response :
------------

2015-12-07 17:49:43 trace :
------------
Array:
from : oqCObuDRZp-JtdGRolrjtetZGBRw ;
to : gh_5013f37369ce ;
time : 1449481784 ;
type : event ;
event : VIEW ;
tousername : gh_5013f37369ce ;
fromusername : oqCObuDRZp-JtdGRolrjtetZGBRw ;
createtime : 1449481784 ;
msgtype : event ;
eventkey : http://mp.weixin.qq.com/s?__biz=MzA5MzE5NzExNw==&mid=10001097&idx=1&sn=8338ffe385dcd8dd1f376fc1a2fd50ff&scene=18#rd ;

2015-12-07 17:49:43 params :
------------
Array:
rule : -2 ;
module :  ;
message : Array ;

2015-12-07 17:49:43 response :
------------

2015-12-07 17:54:12 trace :
------------
Array:
from : oqCObuNvG5tNb5zpHBpsGsgynkk0 ;
to : gh_5013f37369ce ;
time : 1449482054 ;
type : event ;
event : subscribe ;
tousername : gh_5013f37369ce ;
fromusername : oqCObuNvG5tNb5zpHBpsGsgynkk0 ;
createtime : 1449482054 ;
msgtype : event ;
eventkey :  ;

2015-12-07 17:54:12 params :
------------
Array:
rule : -2 ;
module :  ;
message : Array ;

2015-12-07 17:54:12 response :
------------

2015-12-07 17:59:08 trace :
------------
Array:
from : oqCObuGMSk8G0hTVpSw1LLGQn514 ;
to : gh_5013f37369ce ;
time : 1449482349 ;
type : event ;
event : subscribe ;
tousername : gh_5013f37369ce ;
fromusername : oqCObuGMSk8G0hTVpSw1LLGQn514 ;
createtime : 1449482349 ;
msgtype : event ;
eventkey :  ;

2015-12-07 17:59:08 params :
------------
Array:
rule : -2 ;
module :  ;
message : Array ;

2015-12-07 17:59:08 response :
------------

2015-12-07 18:19:06 trace :
------------
Array:
from : oqCObuHL_iHAkSA8ZPMLj7NwHCfQ ;
to : gh_5013f37369ce ;
time : 1449483548 ;
type : event ;
event : subscribe ;
tousername : gh_5013f37369ce ;
fromusername : oqCObuHL_iHAkSA8ZPMLj7NwHCfQ ;
createtime : 1449483548 ;
msgtype : event ;
eventkey :  ;

2015-12-07 18:19:06 params :
------------
Array:
rule : -2 ;
module :  ;
message : Array ;

2015-12-07 18:19:06 response :
------------

2015-12-07 18:45:40 trace :
------------
Array:
from : oqCObuBO9l5LQCfsg3OsfdVPMmMQ ;
to : gh_5013f37369ce ;
time : 1449485138 ;
type : event ;
event : subscribe ;
tousername : gh_5013f37369ce ;
fromusername : oqCObuBO9l5LQCfsg3OsfdVPMmMQ ;
createtime : 1449485138 ;
msgtype : event ;
eventkey :  ;

2015-12-07 18:45:40 params :
------------
Array:
rule : -2 ;
module :  ;
message : Array ;

2015-12-07 18:45:40 response :
------------

2015-12-07 19:18:31 trace :
------------
Array:
from : oqCObuLnmf0Ofux_494qMzzei3Fo ;
to : gh_5013f37369ce ;
time : 1449487113 ;
type : event ;
event : subscribe ;
tousername : gh_5013f37369ce ;
fromusername : oqCObuLnmf0Ofux_494qMzzei3Fo ;
createtime : 1449487113 ;
msgtype : event ;
eventkey :  ;

2015-12-07 19:18:31 params :
------------
Array:
rule : -2 ;
module :  ;
message : Array ;

2015-12-07 19:18:31 response :
------------

2015-12-07 19:20:51 trace :
------------
Array:
from : oqCObuO1W3oboWtYGMDN9ztMeVIs ;
to : gh_5013f37369ce ;
time : 1449487253 ;
type : event ;
event : subscribe ;
tousername : gh_5013f37369ce ;
fromusername : oqCObuO1W3oboWtYGMDN9ztMeVIs ;
createtime : 1449487253 ;
msgtype : event ;
eventkey :  ;

2015-12-07 19:20:51 params :
------------
Array:
rule : -2 ;
module :  ;
message : Array ;

2015-12-07 19:20:51 response :
------------

2015-12-07 19:43:35 trace :
------------
Array:
from : oqCObuBRVx-7zVbZbjlhcfF-M46E ;
to : gh_5013f37369ce ;
time : 1449488616 ;
type : event ;
event : subscribe ;
tousername : gh_5013f37369ce ;
fromusername : oqCObuBRVx-7zVbZbjlhcfF-M46E ;
createtime : 1449488616 ;
msgtype : event ;
eventkey :  ;

2015-12-07 19:43:35 params :
------------
Array:
rule : -2 ;
module :  ;
message : Array ;

2015-12-07 19:43:35 response :
------------

2015-12-07 19:47:38 trace :
------------
Array:
from : oqCObuK9jhQ8dgfYOr09fyLLfqj8 ;
to : gh_5013f37369ce ;
time : 1449488859 ;
type : event ;
event : VIEW ;
tousername : gh_5013f37369ce ;
fromusername : oqCObuK9jhQ8dgfYOr09fyLLfqj8 ;
createtime : 1449488859 ;
msgtype : event ;
eventkey : http://mp.weixin.qq.com/s?__biz=MzA5MzE5NzExNw==&mid=10001097&idx=1&sn=8338ffe385dcd8dd1f376fc1a2fd50ff&scene=18#rd ;

2015-12-07 19:47:38 params :
------------
Array:
rule : -2 ;
module :  ;
message : Array ;

2015-12-07 19:47:38 response :
------------

2015-12-07 19:49:04 trace :
------------
Array:
from : oqCObuK9jhQ8dgfYOr09fyLLfqj8 ;
to : gh_5013f37369ce ;
time : 1449488946 ;
type : event ;
event : VIEW ;
tousername : gh_5013f37369ce ;
fromusername : oqCObuK9jhQ8dgfYOr09fyLLfqj8 ;
createtime : 1449488946 ;
msgtype : event ;
eventkey : http://mp.weixin.qq.com/s?__biz=MzA5MzE5NzExNw==&mid=10001097&idx=1&sn=8338ffe385dcd8dd1f376fc1a2fd50ff&scene=18#rd ;

2015-12-07 19:49:04 params :
------------
Array:
rule : -2 ;
module :  ;
message : Array ;

2015-12-07 19:49:04 response :
------------

2015-12-07 19:50:54 trace :
------------
Array:
from : oqCObuK9jhQ8dgfYOr09fyLLfqj8 ;
to : gh_5013f37369ce ;
time : 1449489056 ;
type : event ;
event : VIEW ;
tousername : gh_5013f37369ce ;
fromusername : oqCObuK9jhQ8dgfYOr09fyLLfqj8 ;
createtime : 1449489056 ;
msgtype : event ;
eventkey : http://mp.weixin.qq.com/s?__biz=MzA5MzE5NzExNw==&mid=10001097&idx=1&sn=8338ffe385dcd8dd1f376fc1a2fd50ff&scene=18#rd ;

2015-12-07 19:50:54 params :
------------
Array:
rule : -2 ;
module :  ;
message : Array ;

2015-12-07 19:50:54 response :
------------

2015-12-07 19:51:07 trace :
------------
Array:
from : oqCObuK9jhQ8dgfYOr09fyLLfqj8 ;
to : gh_5013f37369ce ;
time : 1449489069 ;
type : event ;
event : VIEW ;
tousername : gh_5013f37369ce ;
fromusername : oqCObuK9jhQ8dgfYOr09fyLLfqj8 ;
createtime : 1449489069 ;
msgtype : event ;
eventkey : http://mp.weixin.qq.com/s?__biz=MzA5MzE5NzExNw==&mid=10001097&idx=1&sn=8338ffe385dcd8dd1f376fc1a2fd50ff&scene=18#rd ;

2015-12-07 19:51:07 params :
------------
Array:
rule : -2 ;
module :  ;
message : Array ;

2015-12-07 19:51:07 response :
------------

2015-12-07 19:53:33 trace :
------------
Array:
from : oqCObuDTKAfahzAfy32WM64lhx5k ;
to : gh_5013f37369ce ;
time : 1449489214 ;
type : event ;
event : subscribe ;
tousername : gh_5013f37369ce ;
fromusername : oqCObuDTKAfahzAfy32WM64lhx5k ;
createtime : 1449489214 ;
msgtype : event ;
eventkey :  ;

2015-12-07 19:53:33 params :
------------
Array:
rule : -2 ;
module :  ;
message : Array ;

2015-12-07 19:53:33 response :
------------

2015-12-07 20:14:42 trace :
------------
Array:
from : oqCObuNTklImbkoegoSppyflF-EQ ;
to : gh_5013f37369ce ;
time : 1449490478 ;
type : event ;
event : subscribe ;
tousername : gh_5013f37369ce ;
fromusername : oqCObuNTklImbkoegoSppyflF-EQ ;
createtime : 1449490478 ;
msgtype : event ;
eventkey :  ;

2015-12-07 20:14:42 params :
------------
Array:
rule : -2 ;
module :  ;
message : Array ;

2015-12-07 20:14:42 response :
------------

2015-12-07 20:16:15 trace :
------------
Array:
from : oqCObuB1XgvkUl_IjGm1Gw9l4oXs ;
to : gh_5013f37369ce ;
time : 1449490577 ;
type : event ;
event : VIEW ;
tousername : gh_5013f37369ce ;
fromusername : oqCObuB1XgvkUl_IjGm1Gw9l4oXs ;
createtime : 1449490577 ;
msgtype : event ;
eventkey : http://mp.weixin.qq.com/s?__biz=MzA5MzE5NzExNw==&mid=10001097&idx=1&sn=8338ffe385dcd8dd1f376fc1a2fd50ff&scene=18#rd ;

2015-12-07 20:16:15 params :
------------
Array:
rule : -2 ;
module :  ;
message : Array ;

2015-12-07 20:16:15 response :
------------

2015-12-07 20:16:27 trace :
------------
Array:
from : oqCObuB1XgvkUl_IjGm1Gw9l4oXs ;
to : gh_5013f37369ce ;
time : 1449490585 ;
type : event ;
event : VIEW ;
tousername : gh_5013f37369ce ;
fromusername : oqCObuB1XgvkUl_IjGm1Gw9l4oXs ;
createtime : 1449490585 ;
msgtype : event ;
eventkey : http://mp.weixin.qq.com/s?__biz=MzA5MzE5NzExNw==&mid=10001097&idx=1&sn=8338ffe385dcd8dd1f376fc1a2fd50ff&scene=18#rd ;

2015-12-07 20:16:27 params :
------------
Array:
rule : -2 ;
module :  ;
message : Array ;

2015-12-07 20:16:27 response :
------------

2015-12-07 20:18:03 trace :
------------
Array:
from : oqCObuB1XgvkUl_IjGm1Gw9l4oXs ;
to : gh_5013f37369ce ;
time : 1449490678 ;
type : event ;
event : VIEW ;
tousername : gh_5013f37369ce ;
fromusername : oqCObuB1XgvkUl_IjGm1Gw9l4oXs ;
createtime : 1449490678 ;
msgtype : event ;
eventkey : http://mp.weixin.qq.com/s?__biz=MzA5MzE5NzExNw==&mid=10001097&idx=1&sn=8338ffe385dcd8dd1f376fc1a2fd50ff&scene=18#rd ;

2015-12-07 20:18:03 params :
------------
Array:
rule : -2 ;
module :  ;
message : Array ;

2015-12-07 20:18:03 response :
------------

2015-12-07 20:18:27 trace :
------------
Array:
from : oqCObuB1XgvkUl_IjGm1Gw9l4oXs ;
to : gh_5013f37369ce ;
time : 1449490702 ;
type : event ;
event : VIEW ;
tousername : gh_5013f37369ce ;
fromusername : oqCObuB1XgvkUl_IjGm1Gw9l4oXs ;
createtime : 1449490702 ;
msgtype : event ;
eventkey : http://mp.weixin.qq.com/s?__biz=MzA5MzE5NzExNw==&mid=10001097&idx=1&sn=8338ffe385dcd8dd1f376fc1a2fd50ff&scene=18#rd ;

2015-12-07 20:18:27 params :
------------
Array:
rule : -2 ;
module :  ;
message : Array ;

2015-12-07 20:18:27 response :
------------

2015-12-07 20:18:29 trace :
------------
Array:
from : oqCObuB1XgvkUl_IjGm1Gw9l4oXs ;
to : gh_5013f37369ce ;
time : 1449490711 ;
type : event ;
event : VIEW ;
tousername : gh_5013f37369ce ;
fromusername : oqCObuB1XgvkUl_IjGm1Gw9l4oXs ;
createtime : 1449490711 ;
msgtype : event ;
eventkey : http://mp.weixin.qq.com/s?__biz=MzA5MzE5NzExNw==&mid=10001097&idx=1&sn=8338ffe385dcd8dd1f376fc1a2fd50ff&scene=18#rd ;

2015-12-07 20:18:29 params :
------------
Array:
rule : -2 ;
module :  ;
message : Array ;

2015-12-07 20:18:29 response :
------------

2015-12-07 20:18:33 trace :
------------
Array:
from : oqCObuB1XgvkUl_IjGm1Gw9l4oXs ;
to : gh_5013f37369ce ;
time : 1449490706 ;
type : event ;
event : VIEW ;
tousername : gh_5013f37369ce ;
fromusername : oqCObuB1XgvkUl_IjGm1Gw9l4oXs ;
createtime : 1449490706 ;
msgtype : event ;
eventkey : http://mp.weixin.qq.com/s?__biz=MzA5MzE5NzExNw==&mid=10001097&idx=1&sn=8338ffe385dcd8dd1f376fc1a2fd50ff&scene=18#rd ;

2015-12-07 20:18:33 params :
------------
Array:
rule : -2 ;
module :  ;
message : Array ;

2015-12-07 20:18:33 response :
------------

2015-12-07 20:18:33 trace :
------------
Array:
from : oqCObuB1XgvkUl_IjGm1Gw9l4oXs ;
to : gh_5013f37369ce ;
time : 1449490714 ;
type : event ;
event : VIEW ;
tousername : gh_5013f37369ce ;
fromusername : oqCObuB1XgvkUl_IjGm1Gw9l4oXs ;
createtime : 1449490714 ;
msgtype : event ;
eventkey : http://mp.weixin.qq.com/s?__biz=MzA5MzE5NzExNw==&mid=10001097&idx=1&sn=8338ffe385dcd8dd1f376fc1a2fd50ff&scene=18#rd ;

2015-12-07 20:18:33 params :
------------
Array:
rule : -2 ;
module :  ;
message : Array ;

2015-12-07 20:18:33 response :
------------

2015-12-07 20:20:31 trace :
------------
Array:
from : oqCObuGmqw--r9Bb4b7ASdBwtRQE ;
to : gh_5013f37369ce ;
time : 1449490832 ;
type : event ;
event : subscribe ;
tousername : gh_5013f37369ce ;
fromusername : oqCObuGmqw--r9Bb4b7ASdBwtRQE ;
createtime : 1449490832 ;
msgtype : event ;
eventkey :  ;

2015-12-07 20:20:31 params :
------------
Array:
rule : -2 ;
module :  ;
message : Array ;

2015-12-07 20:20:31 response :
------------

2015-12-07 20:33:13 trace :
------------
Array:
from : oqCObuLzo7-34MWnXqTZYzrrBZxY ;
to : gh_5013f37369ce ;
time : 1449491594 ;
type : event ;
event : subscribe ;
tousername : gh_5013f37369ce ;
fromusername : oqCObuLzo7-34MWnXqTZYzrrBZxY ;
createtime : 1449491594 ;
msgtype : event ;
eventkey :  ;

2015-12-07 20:33:13 params :
------------
Array:
rule : -2 ;
module :  ;
message : Array ;

2015-12-07 20:33:13 response :
------------

2015-12-07 20:37:04 trace :
------------
Array:
from : oqCObuH9Z7OU1C2uLiFXiGJxtbKw ;
to : gh_5013f37369ce ;
time : 1449491826 ;
type : event ;
event : subscribe ;
tousername : gh_5013f37369ce ;
fromusername : oqCObuH9Z7OU1C2uLiFXiGJxtbKw ;
createtime : 1449491826 ;
msgtype : event ;
eventkey :  ;

2015-12-07 20:37:04 params :
------------
Array:
rule : -2 ;
module :  ;
message : Array ;

2015-12-07 20:37:04 response :
------------

2015-12-07 20:40:28 trace :
------------
Array:
from : oqCObuBvKvdYfQ2dZoKIuZuVUjm0 ;
to : gh_5013f37369ce ;
time : 1449492030 ;
type : event ;
event : subscribe ;
tousername : gh_5013f37369ce ;
fromusername : oqCObuBvKvdYfQ2dZoKIuZuVUjm0 ;
createtime : 1449492030 ;
msgtype : event ;
eventkey :  ;

2015-12-07 20:40:28 params :
------------
Array:
rule : -2 ;
module :  ;
message : Array ;

2015-12-07 20:40:28 response :
------------

2015-12-07 20:47:26 trace :
------------
Array:
from : oqCObuFDXZga5J6Fsb7i90HjxbLY ;
to : gh_5013f37369ce ;
time : 1449492447 ;
type : event ;
event : subscribe ;
tousername : gh_5013f37369ce ;
fromusername : oqCObuFDXZga5J6Fsb7i90HjxbLY ;
createtime : 1449492447 ;
msgtype : event ;
eventkey :  ;

2015-12-07 20:47:26 params :
------------
Array:
rule : -2 ;
module :  ;
message : Array ;

2015-12-07 20:47:26 response :
------------

2015-12-07 20:48:41 trace :
------------
Array:
from : oqCObuE7sWBW1Y6lqk6O_BAfaptY ;
to : gh_5013f37369ce ;
time : 1449492522 ;
type : event ;
event : VIEW ;
tousername : gh_5013f37369ce ;
fromusername : oqCObuE7sWBW1Y6lqk6O_BAfaptY ;
createtime : 1449492522 ;
msgtype : event ;
eventkey : http://mp.weixin.qq.com/s?__biz=MzA5MzE5NzExNw==&mid=10001097&idx=1&sn=8338ffe385dcd8dd1f376fc1a2fd50ff&scene=18#rd ;

2015-12-07 20:48:41 params :
------------
Array:
rule : -2 ;
module :  ;
message : Array ;

2015-12-07 20:48:41 response :
------------

2015-12-07 21:13:04 trace :
------------
Array:
from : oqCObuB1XgvkUl_IjGm1Gw9l4oXs ;
to : gh_5013f37369ce ;
time : 1449493982 ;
type : event ;
event : VIEW ;
tousername : gh_5013f37369ce ;
fromusername : oqCObuB1XgvkUl_IjGm1Gw9l4oXs ;
createtime : 1449493982 ;
msgtype : event ;
eventkey : http://mp.weixin.qq.com/s?__biz=MzA5MzE5NzExNw==&mid=10001097&idx=1&sn=8338ffe385dcd8dd1f376fc1a2fd50ff&scene=18#rd ;

2015-12-07 21:13:04 params :
------------
Array:
rule : -2 ;
module :  ;
message : Array ;

2015-12-07 21:13:04 response :
------------

2015-12-07 21:15:42 trace :
------------
Array:
from : oqCObuB1XgvkUl_IjGm1Gw9l4oXs ;
to : gh_5013f37369ce ;
time : 1449494143 ;
type : event ;
event : VIEW ;
tousername : gh_5013f37369ce ;
fromusername : oqCObuB1XgvkUl_IjGm1Gw9l4oXs ;
createtime : 1449494143 ;
msgtype : event ;
eventkey : http://mp.weixin.qq.com/s?__biz=MzA5MzE5NzExNw==&mid=10001097&idx=1&sn=8338ffe385dcd8dd1f376fc1a2fd50ff&scene=18#rd ;

2015-12-07 21:15:42 params :
------------
Array:
rule : -2 ;
module :  ;
message : Array ;

2015-12-07 21:15:42 response :
------------

2015-12-07 21:15:53 trace :
------------
Array:
from : oqCObuB1XgvkUl_IjGm1Gw9l4oXs ;
to : gh_5013f37369ce ;
time : 1449494155 ;
type : event ;
event : VIEW ;
tousername : gh_5013f37369ce ;
fromusername : oqCObuB1XgvkUl_IjGm1Gw9l4oXs ;
createtime : 1449494155 ;
msgtype : event ;
eventkey : http://mp.weixin.qq.com/s?__biz=MzA5MzE5NzExNw==&mid=10001097&idx=1&sn=8338ffe385dcd8dd1f376fc1a2fd50ff&scene=18#rd ;

2015-12-07 21:15:53 params :
------------
Array:
rule : -2 ;
module :  ;
message : Array ;

2015-12-07 21:15:53 response :
------------

2015-12-07 21:16:09 trace :
------------
Array:
from : oqCObuB1XgvkUl_IjGm1Gw9l4oXs ;
to : gh_5013f37369ce ;
time : 1449494171 ;
type : event ;
event : VIEW ;
tousername : gh_5013f37369ce ;
fromusername : oqCObuB1XgvkUl_IjGm1Gw9l4oXs ;
createtime : 1449494171 ;
msgtype : event ;
eventkey : http://mp.weixin.qq.com/s?__biz=MzA5MzE5NzExNw==&mid=10001097&idx=1&sn=8338ffe385dcd8dd1f376fc1a2fd50ff&scene=18#rd ;

2015-12-07 21:16:09 params :
------------
Array:
rule : -2 ;
module :  ;
message : Array ;

2015-12-07 21:16:09 response :
------------

2015-12-07 21:16:21 trace :
------------
Array:
from : oqCObuB1XgvkUl_IjGm1Gw9l4oXs ;
to : gh_5013f37369ce ;
time : 1449494182 ;
type : event ;
event : VIEW ;
tousername : gh_5013f37369ce ;
fromusername : oqCObuB1XgvkUl_IjGm1Gw9l4oXs ;
createtime : 1449494182 ;
msgtype : event ;
eventkey : http://mp.weixin.qq.com/s?__biz=MzA5MzE5NzExNw==&mid=10001097&idx=1&sn=8338ffe385dcd8dd1f376fc1a2fd50ff&scene=18#rd ;

2015-12-07 21:16:21 params :
------------
Array:
rule : -2 ;
module :  ;
message : Array ;

2015-12-07 21:16:21 response :
------------

2015-12-07 21:21:59 trace :
------------
Array:
from : oqCObuL_WZDbERnWmd3yZweVmwTw ;
to : gh_5013f37369ce ;
time : 1449494517 ;
type : event ;
event : subscribe ;
tousername : gh_5013f37369ce ;
fromusername : oqCObuL_WZDbERnWmd3yZweVmwTw ;
createtime : 1449494517 ;
msgtype : event ;
eventkey :  ;

2015-12-07 21:21:59 params :
------------
Array:
rule : -2 ;
module :  ;
message : Array ;

2015-12-07 21:21:59 response :
------------

2015-12-07 21:32:06 trace :
------------
Array:
from : oqCObuAmEvDbuXrH8oTDX7a-FV2w ;
to : gh_5013f37369ce ;
time : 1449495128 ;
type : event ;
event : subscribe ;
tousername : gh_5013f37369ce ;
fromusername : oqCObuAmEvDbuXrH8oTDX7a-FV2w ;
createtime : 1449495128 ;
msgtype : event ;
eventkey :  ;

2015-12-07 21:32:06 params :
------------
Array:
rule : -2 ;
module :  ;
message : Array ;

2015-12-07 21:32:06 response :
------------

2015-12-07 22:32:18 trace :
------------
Array:
from : oqCObuOIVKNjjJFC4R8lxHIxUD38 ;
to : gh_5013f37369ce ;
time : 1449498740 ;
type : event ;
event : subscribe ;
tousername : gh_5013f37369ce ;
fromusername : oqCObuOIVKNjjJFC4R8lxHIxUD38 ;
createtime : 1449498740 ;
msgtype : event ;
eventkey :  ;

2015-12-07 22:32:18 params :
------------
Array:
rule : -2 ;
module :  ;
message : Array ;

2015-12-07 22:32:18 response :
------------

