2015-11-21 05:38:39 trace :
------------
Array:
from : oqCObuHikHb5fTrIV0QRXRK4sZgc ;
to : gh_5013f37369ce ;
time : 1448055515 ;
type : event ;
event : VIEW ;
tousername : gh_5013f37369ce ;
fromusername : oqCObuHikHb5fTrIV0QRXRK4sZgc ;
createtime : 1448055515 ;
msgtype : event ;
eventkey : http://mp.weixin.qq.com/s?__biz=MzA5MzE5NzExNw==&mid=10001097&idx=1&sn=8338ffe385dcd8dd1f376fc1a2fd50ff&scene=18#rd ;

2015-11-21 05:38:39 trace :
------------
Array:
from : oqCObuHikHb5fTrIV0QRXRK4sZgc ;
to : gh_5013f37369ce ;
time : 1448055515 ;
type : event ;
event : VIEW ;
tousername : gh_5013f37369ce ;
fromusername : oqCObuHikHb5fTrIV0QRXRK4sZgc ;
createtime : 1448055515 ;
msgtype : event ;
eventkey : http://mp.weixin.qq.com/s?__biz=MzA5MzE5NzExNw==&mid=10001097&idx=1&sn=8338ffe385dcd8dd1f376fc1a2fd50ff&scene=18#rd ;

2015-11-21 05:38:39 params :
------------
Array:
rule : -2 ;
module :  ;
message : Array ;

2015-11-21 05:38:39 response :
------------

2015-11-21 05:38:39 params :
------------
Array:
rule : -2 ;
module :  ;
message : Array ;

2015-11-21 05:38:39 response :
------------

2015-11-21 05:39:08 trace :
------------
Array:
from : oqCObuHikHb5fTrIV0QRXRK4sZgc ;
to : gh_5013f37369ce ;
time : 1448055549 ;
type : event ;
event : VIEW ;
tousername : gh_5013f37369ce ;
fromusername : oqCObuHikHb5fTrIV0QRXRK4sZgc ;
createtime : 1448055549 ;
msgtype : event ;
eventkey : http://mp.weixin.qq.com/s?__biz=MzA5MzE5NzExNw==&mid=10001097&idx=1&sn=8338ffe385dcd8dd1f376fc1a2fd50ff&scene=18#rd ;

2015-11-21 05:39:08 params :
------------
Array:
rule : -2 ;
module :  ;
message : Array ;

2015-11-21 05:39:08 response :
------------

2015-11-21 05:39:37 trace :
------------
Array:
from : oqCObuHikHb5fTrIV0QRXRK4sZgc ;
to : gh_5013f37369ce ;
time : 1448055578 ;
type : event ;
event : VIEW ;
tousername : gh_5013f37369ce ;
fromusername : oqCObuHikHb5fTrIV0QRXRK4sZgc ;
createtime : 1448055578 ;
msgtype : event ;
eventkey : http://mp.weixin.qq.com/s?__biz=MzA5MzE5NzExNw==&mid=10001097&idx=1&sn=8338ffe385dcd8dd1f376fc1a2fd50ff&scene=18#rd ;

2015-11-21 05:39:37 params :
------------
Array:
rule : -2 ;
module :  ;
message : Array ;

2015-11-21 05:39:37 response :
------------

2015-11-21 10:38:04 trace :
------------
Array:
from : oqCObuLoQ9grsYsgBFa_VUyOriC8 ;
to : gh_5013f37369ce ;
time : 1448073485 ;
type : event ;
event : subscribe ;
tousername : gh_5013f37369ce ;
fromusername : oqCObuLoQ9grsYsgBFa_VUyOriC8 ;
createtime : 1448073485 ;
msgtype : event ;
eventkey :  ;

2015-11-21 10:38:04 params :
------------
Array:
rule : -2 ;
module :  ;
message : Array ;

2015-11-21 10:38:04 response :
------------

2015-11-21 11:09:05 trace :
------------
Array:
from : oqCObuBugp2QjHpAbgm9UETKXoJ4 ;
to : gh_5013f37369ce ;
time : 1448075344 ;
type : event ;
event : subscribe ;
tousername : gh_5013f37369ce ;
fromusername : oqCObuBugp2QjHpAbgm9UETKXoJ4 ;
createtime : 1448075344 ;
msgtype : event ;
eventkey :  ;

2015-11-21 11:09:05 params :
------------
Array:
rule : -2 ;
module :  ;
message : Array ;

2015-11-21 11:09:05 response :
------------

2015-11-21 11:12:56 trace :
------------
Array:
from : oqCObuBelkfjArG9QFPGR7Ot4Hcc ;
to : gh_5013f37369ce ;
time : 1448075578 ;
type : event ;
event : VIEW ;
tousername : gh_5013f37369ce ;
fromusername : oqCObuBelkfjArG9QFPGR7Ot4Hcc ;
createtime : 1448075578 ;
msgtype : event ;
eventkey : http://mp.weixin.qq.com/s?__biz=MzA5MzE5NzExNw==&mid=10001097&idx=1&sn=8338ffe385dcd8dd1f376fc1a2fd50ff&scene=18#rd ;

2015-11-21 11:12:56 params :
------------
Array:
rule : -2 ;
module :  ;
message : Array ;

2015-11-21 11:12:56 response :
------------

2015-11-21 11:13:02 trace :
------------
Array:
from : oqCObuBelkfjArG9QFPGR7Ot4Hcc ;
to : gh_5013f37369ce ;
time : 1448075584 ;
type : event ;
event : VIEW ;
tousername : gh_5013f37369ce ;
fromusername : oqCObuBelkfjArG9QFPGR7Ot4Hcc ;
createtime : 1448075584 ;
msgtype : event ;
eventkey : http://mp.weixin.qq.com/s?__biz=MzA5MzE5NzExNw==&mid=10001097&idx=1&sn=8338ffe385dcd8dd1f376fc1a2fd50ff&scene=18#rd ;

2015-11-21 11:13:02 params :
------------
Array:
rule : -2 ;
module :  ;
message : Array ;

2015-11-21 11:13:02 response :
------------

2015-11-21 11:13:24 trace :
------------
Array:
from : oqCObuBelkfjArG9QFPGR7Ot4Hcc ;
to : gh_5013f37369ce ;
time : 1448075606 ;
type : event ;
event : VIEW ;
tousername : gh_5013f37369ce ;
fromusername : oqCObuBelkfjArG9QFPGR7Ot4Hcc ;
createtime : 1448075606 ;
msgtype : event ;
eventkey : http://mp.weixin.qq.com/s?__biz=MzA5MzE5NzExNw==&mid=10001097&idx=1&sn=8338ffe385dcd8dd1f376fc1a2fd50ff&scene=18#rd ;

2015-11-21 11:13:24 params :
------------
Array:
rule : -2 ;
module :  ;
message : Array ;

2015-11-21 11:13:24 response :
------------

2015-11-21 11:14:22 trace :
------------
Array:
from : oqCObuA04dyddYC0uf9f9tFRg5y0 ;
to : gh_5013f37369ce ;
time : 1448075660 ;
type : event ;
event : subscribe ;
tousername : gh_5013f37369ce ;
fromusername : oqCObuA04dyddYC0uf9f9tFRg5y0 ;
createtime : 1448075660 ;
msgtype : event ;
eventkey :  ;

2015-11-21 11:14:22 params :
------------
Array:
rule : -2 ;
module :  ;
message : Array ;

2015-11-21 11:14:22 response :
------------

2015-11-21 11:28:38 trace :
------------
Array:
from : oqCObuAg3aCDcguGC8YpxNHXOyr8 ;
to : gh_5013f37369ce ;
time : 1448076519 ;
type : event ;
event : subscribe ;
tousername : gh_5013f37369ce ;
fromusername : oqCObuAg3aCDcguGC8YpxNHXOyr8 ;
createtime : 1448076519 ;
msgtype : event ;
eventkey :  ;

2015-11-21 11:28:38 params :
------------
Array:
rule : -2 ;
module :  ;
message : Array ;

2015-11-21 11:28:38 response :
------------

2015-11-21 12:34:26 trace :
------------
Array:
from : oqCObuPXHDk-0F3zhY1dyOQVsFEw ;
to : gh_5013f37369ce ;
time : 1448080464 ;
type : event ;
event : VIEW ;
tousername : gh_5013f37369ce ;
fromusername : oqCObuPXHDk-0F3zhY1dyOQVsFEw ;
createtime : 1448080464 ;
msgtype : event ;
eventkey : http://mp.weixin.qq.com/s?__biz=MzA5MzE5NzExNw==&mid=10001097&idx=1&sn=8338ffe385dcd8dd1f376fc1a2fd50ff&scene=18#rd ;

2015-11-21 12:34:26 params :
------------
Array:
rule : -2 ;
module :  ;
message : Array ;

2015-11-21 12:34:26 response :
------------

2015-11-21 13:15:35 trace :
------------
Array:
from : oqCObuGV85zINmPmg0SqIgR2O9xQ ;
to : gh_5013f37369ce ;
time : 1448082934 ;
type : event ;
event : subscribe ;
tousername : gh_5013f37369ce ;
fromusername : oqCObuGV85zINmPmg0SqIgR2O9xQ ;
createtime : 1448082934 ;
msgtype : event ;
eventkey :  ;

2015-11-21 13:15:35 params :
------------
Array:
rule : -2 ;
module :  ;
message : Array ;

2015-11-21 13:15:35 response :
------------

2015-11-21 13:41:23 trace :
------------
Array:
from : oqCObuKbzjv4Q86NOKox2jrkR424 ;
to : gh_5013f37369ce ;
time : 1448084485 ;
type : event ;
event : subscribe ;
tousername : gh_5013f37369ce ;
fromusername : oqCObuKbzjv4Q86NOKox2jrkR424 ;
createtime : 1448084485 ;
msgtype : event ;
eventkey :  ;

2015-11-21 13:41:23 params :
------------
Array:
rule : -2 ;
module :  ;
message : Array ;

2015-11-21 13:41:23 response :
------------

2015-11-21 14:08:46 trace :
------------
Array:
from : oqCObuOe2-SgbaiDoRs6lHeB0BLM ;
to : gh_5013f37369ce ;
time : 1448086128 ;
type : event ;
event : subscribe ;
tousername : gh_5013f37369ce ;
fromusername : oqCObuOe2-SgbaiDoRs6lHeB0BLM ;
createtime : 1448086128 ;
msgtype : event ;
eventkey :  ;

2015-11-21 14:08:46 params :
------------
Array:
rule : -2 ;
module :  ;
message : Array ;

2015-11-21 14:08:46 response :
------------

2015-11-21 14:12:30 trace :
------------
Array:
from : oqCObuBLyjKJqY0YPxmV-X45hCig ;
to : gh_5013f37369ce ;
time : 1448086352 ;
type : event ;
event : subscribe ;
tousername : gh_5013f37369ce ;
fromusername : oqCObuBLyjKJqY0YPxmV-X45hCig ;
createtime : 1448086352 ;
msgtype : event ;
eventkey :  ;

2015-11-21 14:12:30 params :
------------
Array:
rule : -2 ;
module :  ;
message : Array ;

2015-11-21 14:12:30 response :
------------

2015-11-21 14:50:10 trace :
------------
Array:
from : oqCObuFYPvpWTYnsjetDf7bm7u5g ;
to : gh_5013f37369ce ;
time : 1448088608 ;
type : event ;
event : subscribe ;
tousername : gh_5013f37369ce ;
fromusername : oqCObuFYPvpWTYnsjetDf7bm7u5g ;
createtime : 1448088608 ;
msgtype : event ;
eventkey :  ;

2015-11-21 14:50:10 params :
------------
Array:
rule : -2 ;
module :  ;
message : Array ;

2015-11-21 14:50:10 response :
------------

2015-11-21 15:06:24 trace :
------------
Array:
from : oqCObuJzA399M3LWxQiSukkZIQto ;
to : gh_5013f37369ce ;
time : 1448089586 ;
type : event ;
event : VIEW ;
tousername : gh_5013f37369ce ;
fromusername : oqCObuJzA399M3LWxQiSukkZIQto ;
createtime : 1448089586 ;
msgtype : event ;
eventkey : http://mp.weixin.qq.com/s?__biz=MzA5MzE5NzExNw==&mid=10001097&idx=1&sn=8338ffe385dcd8dd1f376fc1a2fd50ff&scene=18#rd ;

2015-11-21 15:06:24 params :
------------
Array:
rule : -2 ;
module :  ;
message : Array ;

2015-11-21 15:06:24 response :
------------

2015-11-21 15:06:35 trace :
------------
Array:
from : oqCObuJzA399M3LWxQiSukkZIQto ;
to : gh_5013f37369ce ;
time : 1448089597 ;
type : event ;
event : VIEW ;
tousername : gh_5013f37369ce ;
fromusername : oqCObuJzA399M3LWxQiSukkZIQto ;
createtime : 1448089597 ;
msgtype : event ;
eventkey : http://mp.weixin.qq.com/s?__biz=MzA5MzE5NzExNw==&mid=10001097&idx=1&sn=8338ffe385dcd8dd1f376fc1a2fd50ff&scene=18#rd ;

2015-11-21 15:06:35 params :
------------
Array:
rule : -2 ;
module :  ;
message : Array ;

2015-11-21 15:06:35 response :
------------

2015-11-21 15:06:55 trace :
------------
Array:
from : oqCObuJzA399M3LWxQiSukkZIQto ;
to : gh_5013f37369ce ;
time : 1448089614 ;
type : event ;
event : VIEW ;
tousername : gh_5013f37369ce ;
fromusername : oqCObuJzA399M3LWxQiSukkZIQto ;
createtime : 1448089614 ;
msgtype : event ;
eventkey : http://mp.weixin.qq.com/s?__biz=MzA5MzE5NzExNw==&mid=10001097&idx=1&sn=8338ffe385dcd8dd1f376fc1a2fd50ff&scene=18#rd ;

2015-11-21 15:06:55 params :
------------
Array:
rule : -2 ;
module :  ;
message : Array ;

2015-11-21 15:06:55 response :
------------

2015-11-21 15:07:23 trace :
------------
Array:
from : oqCObuJzA399M3LWxQiSukkZIQto ;
to : gh_5013f37369ce ;
time : 1448089644 ;
type : event ;
event : VIEW ;
tousername : gh_5013f37369ce ;
fromusername : oqCObuJzA399M3LWxQiSukkZIQto ;
createtime : 1448089644 ;
msgtype : event ;
eventkey : http://mp.weixin.qq.com/s?__biz=MzA5MzE5NzExNw==&mid=10001097&idx=1&sn=8338ffe385dcd8dd1f376fc1a2fd50ff&scene=18#rd ;

2015-11-21 15:07:23 params :
------------
Array:
rule : -2 ;
module :  ;
message : Array ;

2015-11-21 15:07:23 response :
------------

2015-11-21 15:07:32 trace :
------------
Array:
from : oqCObuFFf0bpPityW3GBIaarDcR8 ;
to : gh_5013f37369ce ;
time : 1448089651 ;
type : event ;
event : subscribe ;
tousername : gh_5013f37369ce ;
fromusername : oqCObuFFf0bpPityW3GBIaarDcR8 ;
createtime : 1448089651 ;
msgtype : event ;
eventkey :  ;

2015-11-21 15:07:32 params :
------------
Array:
rule : -2 ;
module :  ;
message : Array ;

2015-11-21 15:07:32 response :
------------

2015-11-21 15:09:53 trace :
------------
Array:
from : oqCObuCxjzk49mBGp76ROx6uITVs ;
to : gh_5013f37369ce ;
time : 1448089795 ;
type : event ;
event : subscribe ;
tousername : gh_5013f37369ce ;
fromusername : oqCObuCxjzk49mBGp76ROx6uITVs ;
createtime : 1448089795 ;
msgtype : event ;
eventkey :  ;

2015-11-21 15:09:53 params :
------------
Array:
rule : -2 ;
module :  ;
message : Array ;

2015-11-21 15:09:53 response :
------------

2015-11-21 15:18:19 trace :
------------
Array:
from : oqCObuHpPcpxpslre4cbi10p0OdE ;
to : gh_5013f37369ce ;
time : 1448090301 ;
type : event ;
event : subscribe ;
tousername : gh_5013f37369ce ;
fromusername : oqCObuHpPcpxpslre4cbi10p0OdE ;
createtime : 1448090301 ;
msgtype : event ;
eventkey :  ;

2015-11-21 15:18:19 params :
------------
Array:
rule : -2 ;
module :  ;
message : Array ;

2015-11-21 15:18:19 response :
------------

2015-11-21 15:35:42 trace :
------------
Array:
from : oqCObuFNhHsbUwn_Sb08VjJn8AqQ ;
to : gh_5013f37369ce ;
time : 1448091343 ;
type : event ;
event : subscribe ;
tousername : gh_5013f37369ce ;
fromusername : oqCObuFNhHsbUwn_Sb08VjJn8AqQ ;
createtime : 1448091343 ;
msgtype : event ;
eventkey :  ;

2015-11-21 15:35:42 params :
------------
Array:
rule : -2 ;
module :  ;
message : Array ;

2015-11-21 15:35:42 response :
------------

2015-11-21 15:36:03 trace :
------------
Array:
from : oqCObuHntd7i-ACk0LRt8utweZac ;
to : gh_5013f37369ce ;
time : 1448091365 ;
type : event ;
event : subscribe ;
tousername : gh_5013f37369ce ;
fromusername : oqCObuHntd7i-ACk0LRt8utweZac ;
createtime : 1448091365 ;
msgtype : event ;
eventkey :  ;

2015-11-21 15:36:03 params :
------------
Array:
rule : -2 ;
module :  ;
message : Array ;

2015-11-21 15:36:03 response :
------------

2015-11-21 15:39:59 trace :
------------
Array:
from : oqCObuKHtJB5YkeThAdvbXcvIkiI ;
to : gh_5013f37369ce ;
time : 1448091598 ;
type : event ;
event : subscribe ;
tousername : gh_5013f37369ce ;
fromusername : oqCObuKHtJB5YkeThAdvbXcvIkiI ;
createtime : 1448091598 ;
msgtype : event ;
eventkey :  ;

2015-11-21 15:39:59 params :
------------
Array:
rule : -2 ;
module :  ;
message : Array ;

2015-11-21 15:39:59 response :
------------

2015-11-21 15:44:19 trace :
------------
Array:
from : oqCObuCpCkpbKYVeuEWPOx_tFvB8 ;
to : gh_5013f37369ce ;
time : 1448091861 ;
type : event ;
event : subscribe ;
tousername : gh_5013f37369ce ;
fromusername : oqCObuCpCkpbKYVeuEWPOx_tFvB8 ;
createtime : 1448091861 ;
msgtype : event ;
eventkey :  ;

2015-11-21 15:44:19 params :
------------
Array:
rule : -2 ;
module :  ;
message : Array ;

2015-11-21 15:44:19 response :
------------

2015-11-21 15:44:32 trace :
------------
Array:
from : oqCObuHvMQH--507DWFHTkEr88zk ;
to : gh_5013f37369ce ;
time : 1448091874 ;
type : event ;
event : subscribe ;
tousername : gh_5013f37369ce ;
fromusername : oqCObuHvMQH--507DWFHTkEr88zk ;
createtime : 1448091874 ;
msgtype : event ;
eventkey :  ;

2015-11-21 15:44:32 params :
------------
Array:
rule : -2 ;
module :  ;
message : Array ;

2015-11-21 15:44:32 response :
------------

2015-11-21 15:49:49 trace :
------------
Array:
from : oqCObuBYpo6UlzWNbDkICySe7tEU ;
to : gh_5013f37369ce ;
time : 1448092191 ;
type : event ;
event : VIEW ;
tousername : gh_5013f37369ce ;
fromusername : oqCObuBYpo6UlzWNbDkICySe7tEU ;
createtime : 1448092191 ;
msgtype : event ;
eventkey : http://mp.weixin.qq.com/s?__biz=MzA5MzE5NzExNw==&mid=10001097&idx=1&sn=8338ffe385dcd8dd1f376fc1a2fd50ff&scene=18#rd ;

2015-11-21 15:49:49 params :
------------
Array:
rule : -2 ;
module :  ;
message : Array ;

2015-11-21 15:49:49 response :
------------

2015-11-21 15:49:55 trace :
------------
Array:
from : oqCObuBYpo6UlzWNbDkICySe7tEU ;
to : gh_5013f37369ce ;
time : 1448092197 ;
type : event ;
event : VIEW ;
tousername : gh_5013f37369ce ;
fromusername : oqCObuBYpo6UlzWNbDkICySe7tEU ;
createtime : 1448092197 ;
msgtype : event ;
eventkey : http://mp.weixin.qq.com/s?__biz=MzA5MzE5NzExNw==&mid=10001097&idx=1&sn=8338ffe385dcd8dd1f376fc1a2fd50ff&scene=18#rd ;

2015-11-21 15:49:55 params :
------------
Array:
rule : -2 ;
module :  ;
message : Array ;

2015-11-21 15:49:55 response :
------------

2015-11-21 15:58:02 trace :
------------
Array:
from : oqCObuPeHnKDTcuKfd2XTFG6zYIY ;
to : gh_5013f37369ce ;
time : 1448092684 ;
type : event ;
event : VIEW ;
tousername : gh_5013f37369ce ;
fromusername : oqCObuPeHnKDTcuKfd2XTFG6zYIY ;
createtime : 1448092684 ;
msgtype : event ;
eventkey : http://mp.weixin.qq.com/s?__biz=MzA5MzE5NzExNw==&mid=10001097&idx=1&sn=8338ffe385dcd8dd1f376fc1a2fd50ff&scene=18#rd ;

2015-11-21 15:58:02 params :
------------
Array:
rule : -2 ;
module :  ;
message : Array ;

2015-11-21 15:58:02 response :
------------

2015-11-21 15:58:09 trace :
------------
Array:
from : oqCObuPeHnKDTcuKfd2XTFG6zYIY ;
to : gh_5013f37369ce ;
time : 1448092691 ;
type : event ;
event : VIEW ;
tousername : gh_5013f37369ce ;
fromusername : oqCObuPeHnKDTcuKfd2XTFG6zYIY ;
createtime : 1448092691 ;
msgtype : event ;
eventkey : http://mp.weixin.qq.com/s?__biz=MzA5MzE5NzExNw==&mid=10001097&idx=1&sn=8338ffe385dcd8dd1f376fc1a2fd50ff&scene=18#rd ;

2015-11-21 15:58:09 params :
------------
Array:
rule : -2 ;
module :  ;
message : Array ;

2015-11-21 15:58:09 response :
------------

2015-11-21 15:58:40 trace :
------------
Array:
from : oqCObuPeHnKDTcuKfd2XTFG6zYIY ;
to : gh_5013f37369ce ;
time : 1448092722 ;
type : event ;
event : VIEW ;
tousername : gh_5013f37369ce ;
fromusername : oqCObuPeHnKDTcuKfd2XTFG6zYIY ;
createtime : 1448092722 ;
msgtype : event ;
eventkey : http://mp.weixin.qq.com/s?__biz=MzA5MzE5NzExNw==&mid=10001097&idx=1&sn=8338ffe385dcd8dd1f376fc1a2fd50ff&scene=18#rd ;

2015-11-21 15:58:40 params :
------------
Array:
rule : -2 ;
module :  ;
message : Array ;

2015-11-21 15:58:40 response :
------------

2015-11-21 15:59:08 trace :
------------
Array:
from : oqCObuPeHnKDTcuKfd2XTFG6zYIY ;
to : gh_5013f37369ce ;
time : 1448092749 ;
type : event ;
event : VIEW ;
tousername : gh_5013f37369ce ;
fromusername : oqCObuPeHnKDTcuKfd2XTFG6zYIY ;
createtime : 1448092749 ;
msgtype : event ;
eventkey : http://mp.weixin.qq.com/s?__biz=MzA5MzE5NzExNw==&mid=10001097&idx=1&sn=8338ffe385dcd8dd1f376fc1a2fd50ff&scene=18#rd ;

2015-11-21 15:59:08 params :
------------
Array:
rule : -2 ;
module :  ;
message : Array ;

2015-11-21 15:59:08 response :
------------

2015-11-21 15:59:32 trace :
------------
Array:
from : oqCObuPeHnKDTcuKfd2XTFG6zYIY ;
to : gh_5013f37369ce ;
time : 1448092774 ;
type : event ;
event : VIEW ;
tousername : gh_5013f37369ce ;
fromusername : oqCObuPeHnKDTcuKfd2XTFG6zYIY ;
createtime : 1448092774 ;
msgtype : event ;
eventkey : http://mp.weixin.qq.com/s?__biz=MzA5MzE5NzExNw==&mid=10001097&idx=1&sn=8338ffe385dcd8dd1f376fc1a2fd50ff&scene=18#rd ;

2015-11-21 15:59:32 params :
------------
Array:
rule : -2 ;
module :  ;
message : Array ;

2015-11-21 15:59:32 response :
------------

2015-11-21 15:59:58 trace :
------------
Array:
from : oqCObuPeHnKDTcuKfd2XTFG6zYIY ;
to : gh_5013f37369ce ;
time : 1448092800 ;
type : event ;
event : VIEW ;
tousername : gh_5013f37369ce ;
fromusername : oqCObuPeHnKDTcuKfd2XTFG6zYIY ;
createtime : 1448092800 ;
msgtype : event ;
eventkey : http://mp.weixin.qq.com/s?__biz=MzA5MzE5NzExNw==&mid=10001097&idx=1&sn=8338ffe385dcd8dd1f376fc1a2fd50ff&scene=18#rd ;

2015-11-21 15:59:58 params :
------------
Array:
rule : -2 ;
module :  ;
message : Array ;

2015-11-21 15:59:58 response :
------------

2015-11-21 16:00:20 trace :
------------
Array:
from : oqCObuPeHnKDTcuKfd2XTFG6zYIY ;
to : gh_5013f37369ce ;
time : 1448092822 ;
type : event ;
event : VIEW ;
tousername : gh_5013f37369ce ;
fromusername : oqCObuPeHnKDTcuKfd2XTFG6zYIY ;
createtime : 1448092822 ;
msgtype : event ;
eventkey : http://mp.weixin.qq.com/s?__biz=MzA5MzE5NzExNw==&mid=10001097&idx=1&sn=8338ffe385dcd8dd1f376fc1a2fd50ff&scene=18#rd ;

2015-11-21 16:00:20 params :
------------
Array:
rule : -2 ;
module :  ;
message : Array ;

2015-11-21 16:00:20 response :
------------

2015-11-21 16:24:46 trace :
------------
Array:
from : oqCObuOE8e_qNCterzd8V77MwNpw ;
to : gh_5013f37369ce ;
time : 1448094288 ;
type : event ;
event : VIEW ;
tousername : gh_5013f37369ce ;
fromusername : oqCObuOE8e_qNCterzd8V77MwNpw ;
createtime : 1448094288 ;
msgtype : event ;
eventkey : http://mp.weixin.qq.com/s?__biz=MzA5MzE5NzExNw==&mid=10001097&idx=1&sn=8338ffe385dcd8dd1f376fc1a2fd50ff&scene=18#rd ;

2015-11-21 16:24:46 params :
------------
Array:
rule : -2 ;
module :  ;
message : Array ;

2015-11-21 16:24:46 response :
------------

2015-11-21 16:25:01 trace :
------------
Array:
from : oqCObuOE8e_qNCterzd8V77MwNpw ;
to : gh_5013f37369ce ;
time : 1448094303 ;
type : event ;
event : VIEW ;
tousername : gh_5013f37369ce ;
fromusername : oqCObuOE8e_qNCterzd8V77MwNpw ;
createtime : 1448094303 ;
msgtype : event ;
eventkey : http://mp.weixin.qq.com/s?__biz=MzA5MzE5NzExNw==&mid=10001097&idx=1&sn=8338ffe385dcd8dd1f376fc1a2fd50ff&scene=18#rd ;

2015-11-21 16:25:01 params :
------------
Array:
rule : -2 ;
module :  ;
message : Array ;

2015-11-21 16:25:01 response :
------------

2015-11-21 16:25:01 trace :
------------
Array:
from : oqCObuE7sWBW1Y6lqk6O_BAfaptY ;
to : gh_5013f37369ce ;
time : 1448094303 ;
type : event ;
event : subscribe ;
tousername : gh_5013f37369ce ;
fromusername : oqCObuE7sWBW1Y6lqk6O_BAfaptY ;
createtime : 1448094303 ;
msgtype : event ;
eventkey :  ;

2015-11-21 16:25:01 params :
------------
Array:
rule : -2 ;
module :  ;
message : Array ;

2015-11-21 16:25:01 response :
------------

2015-11-21 16:25:04 trace :
------------
Array:
from : oqCObuOE8e_qNCterzd8V77MwNpw ;
to : gh_5013f37369ce ;
time : 1448094306 ;
type : event ;
event : VIEW ;
tousername : gh_5013f37369ce ;
fromusername : oqCObuOE8e_qNCterzd8V77MwNpw ;
createtime : 1448094306 ;
msgtype : event ;
eventkey : http://mp.weixin.qq.com/s?__biz=MzA5MzE5NzExNw==&mid=10001097&idx=1&sn=8338ffe385dcd8dd1f376fc1a2fd50ff&scene=18#rd ;

2015-11-21 16:25:04 params :
------------
Array:
rule : -2 ;
module :  ;
message : Array ;

2015-11-21 16:25:04 response :
------------

2015-11-21 16:36:29 trace :
------------
Array:
from : oqCObuPyk5R7ONQcv5Uv_jXt5qmY ;
to : gh_5013f37369ce ;
time : 1448094990 ;
type : event ;
event : subscribe ;
tousername : gh_5013f37369ce ;
fromusername : oqCObuPyk5R7ONQcv5Uv_jXt5qmY ;
createtime : 1448094990 ;
msgtype : event ;
eventkey :  ;

2015-11-21 16:36:29 params :
------------
Array:
rule : -2 ;
module :  ;
message : Array ;

2015-11-21 16:36:29 response :
------------

2015-11-21 16:39:41 trace :
------------
Array:
from : oqCObuDsSekzsxYdYaNpcU8UdKpY ;
to : gh_5013f37369ce ;
time : 1448095183 ;
type : event ;
event : subscribe ;
tousername : gh_5013f37369ce ;
fromusername : oqCObuDsSekzsxYdYaNpcU8UdKpY ;
createtime : 1448095183 ;
msgtype : event ;
eventkey :  ;

2015-11-21 16:39:41 params :
------------
Array:
rule : -2 ;
module :  ;
message : Array ;

2015-11-21 16:39:41 response :
------------

2015-11-21 16:55:26 trace :
------------
Array:
from : oqCObuHbVi4PVieLX-q-rcq-VWPg ;
to : gh_5013f37369ce ;
time : 1448096128 ;
type : event ;
event : subscribe ;
tousername : gh_5013f37369ce ;
fromusername : oqCObuHbVi4PVieLX-q-rcq-VWPg ;
createtime : 1448096128 ;
msgtype : event ;
eventkey :  ;

2015-11-21 16:55:26 params :
------------
Array:
rule : -2 ;
module :  ;
message : Array ;

2015-11-21 16:55:26 response :
------------

2015-11-21 16:56:51 trace :
------------
Array:
from : oqCObuEDGul3IotT6Xv4WSOr3AhQ ;
to : gh_5013f37369ce ;
time : 1448096212 ;
type : event ;
event : subscribe ;
tousername : gh_5013f37369ce ;
fromusername : oqCObuEDGul3IotT6Xv4WSOr3AhQ ;
createtime : 1448096212 ;
msgtype : event ;
eventkey :  ;

2015-11-21 16:56:51 params :
------------
Array:
rule : -2 ;
module :  ;
message : Array ;

2015-11-21 16:56:51 response :
------------

2015-11-21 17:07:02 trace :
------------
Array:
from : oqCObuOvFQf6pJAgGLF1AVo-QPLI ;
to : gh_5013f37369ce ;
time : 1448096824 ;
type : event ;
event : subscribe ;
tousername : gh_5013f37369ce ;
fromusername : oqCObuOvFQf6pJAgGLF1AVo-QPLI ;
createtime : 1448096824 ;
msgtype : event ;
eventkey :  ;

2015-11-21 17:07:02 params :
------------
Array:
rule : -2 ;
module :  ;
message : Array ;

2015-11-21 17:07:02 response :
------------

2015-11-21 17:26:31 trace :
------------
Array:
from : oqCObuFrmy3GifX9vvQFGIQ16ecY ;
to : gh_5013f37369ce ;
time : 1448097992 ;
type : event ;
event : subscribe ;
tousername : gh_5013f37369ce ;
fromusername : oqCObuFrmy3GifX9vvQFGIQ16ecY ;
createtime : 1448097992 ;
msgtype : event ;
eventkey :  ;

2015-11-21 17:26:31 params :
------------
Array:
rule : -2 ;
module :  ;
message : Array ;

2015-11-21 17:26:31 response :
------------

2015-11-21 17:52:23 trace :
------------
Array:
from : oqCObuPXHDk-0F3zhY1dyOQVsFEw ;
to : gh_5013f37369ce ;
time : 1448099545 ;
type : event ;
event : VIEW ;
tousername : gh_5013f37369ce ;
fromusername : oqCObuPXHDk-0F3zhY1dyOQVsFEw ;
createtime : 1448099545 ;
msgtype : event ;
eventkey : http://mp.weixin.qq.com/s?__biz=MzA5MzE5NzExNw==&mid=10001097&idx=1&sn=8338ffe385dcd8dd1f376fc1a2fd50ff&scene=18#rd ;

2015-11-21 17:52:23 params :
------------
Array:
rule : -2 ;
module :  ;
message : Array ;

2015-11-21 17:52:23 response :
------------

2015-11-21 17:57:01 trace :
------------
Array:
from : oqCObuIuInCiQR_ueRhpY7ses7HU ;
to : gh_5013f37369ce ;
time : 1448099823 ;
type : event ;
event : VIEW ;
tousername : gh_5013f37369ce ;
fromusername : oqCObuIuInCiQR_ueRhpY7ses7HU ;
createtime : 1448099823 ;
msgtype : event ;
eventkey : http://mp.weixin.qq.com/s?__biz=MzA5MzE5NzExNw==&mid=10001097&idx=1&sn=8338ffe385dcd8dd1f376fc1a2fd50ff&scene=18#rd ;

2015-11-21 17:57:01 params :
------------
Array:
rule : -2 ;
module :  ;
message : Array ;

2015-11-21 17:57:01 response :
------------

2015-11-21 18:10:17 trace :
------------
Array:
from : oqCObuBCtMmpVyq5K7d87rMs1mlg ;
to : gh_5013f37369ce ;
time : 1448100619 ;
type : event ;
event : subscribe ;
tousername : gh_5013f37369ce ;
fromusername : oqCObuBCtMmpVyq5K7d87rMs1mlg ;
createtime : 1448100619 ;
msgtype : event ;
eventkey :  ;

2015-11-21 18:10:17 params :
------------
Array:
rule : -2 ;
module :  ;
message : Array ;

2015-11-21 18:10:17 response :
------------

2015-11-21 18:29:40 trace :
------------
Array:
from : oqCObuKdJY-mb_pOwfznjf4YyzIQ ;
to : gh_5013f37369ce ;
time : 1448101782 ;
type : event ;
event : subscribe ;
tousername : gh_5013f37369ce ;
fromusername : oqCObuKdJY-mb_pOwfznjf4YyzIQ ;
createtime : 1448101782 ;
msgtype : event ;
eventkey :  ;

2015-11-21 18:29:40 params :
------------
Array:
rule : -2 ;
module :  ;
message : Array ;

2015-11-21 18:29:40 response :
------------

2015-11-21 18:33:49 trace :
------------
Array:
from : oqCObuO4KbRx7rDgOiaOgTWZ21A0 ;
to : gh_5013f37369ce ;
time : 1448102031 ;
type : event ;
event : subscribe ;
tousername : gh_5013f37369ce ;
fromusername : oqCObuO4KbRx7rDgOiaOgTWZ21A0 ;
createtime : 1448102031 ;
msgtype : event ;
eventkey :  ;

2015-11-21 18:33:49 params :
------------
Array:
rule : -2 ;
module :  ;
message : Array ;

2015-11-21 18:33:49 response :
------------

2015-11-21 18:33:56 trace :
------------
Array:
from : oqCObuFyljLfBgOliLGYM0Y8HevU ;
to : gh_5013f37369ce ;
time : 1448102038 ;
type : event ;
event : subscribe ;
tousername : gh_5013f37369ce ;
fromusername : oqCObuFyljLfBgOliLGYM0Y8HevU ;
createtime : 1448102038 ;
msgtype : event ;
eventkey :  ;

2015-11-21 18:33:56 params :
------------
Array:
rule : -2 ;
module :  ;
message : Array ;

2015-11-21 18:33:56 response :
------------

2015-11-21 18:34:24 trace :
------------
Array:
from : oqCObuHEsc6tm1dVJZSqzJoDU8Qw ;
to : gh_5013f37369ce ;
time : 1448102066 ;
type : event ;
event : subscribe ;
tousername : gh_5013f37369ce ;
fromusername : oqCObuHEsc6tm1dVJZSqzJoDU8Qw ;
createtime : 1448102066 ;
msgtype : event ;
eventkey :  ;

2015-11-21 18:34:24 params :
------------
Array:
rule : -2 ;
module :  ;
message : Array ;

2015-11-21 18:34:24 response :
------------

2015-11-21 19:05:29 trace :
------------
Array:
from : oqCObuD3806y7AopsdfBac-urQrg ;
to : gh_5013f37369ce ;
time : 1448103930 ;
type : event ;
event : subscribe ;
tousername : gh_5013f37369ce ;
fromusername : oqCObuD3806y7AopsdfBac-urQrg ;
createtime : 1448103930 ;
msgtype : event ;
eventkey :  ;

2015-11-21 19:05:29 params :
------------
Array:
rule : -2 ;
module :  ;
message : Array ;

2015-11-21 19:05:29 response :
------------

2015-11-21 19:32:49 trace :
------------
Array:
from : oqCObuAqGwBafSXCXRqB8YdsG9DI ;
to : gh_5013f37369ce ;
time : 1448105571 ;
type : event ;
event : subscribe ;
tousername : gh_5013f37369ce ;
fromusername : oqCObuAqGwBafSXCXRqB8YdsG9DI ;
createtime : 1448105571 ;
msgtype : event ;
eventkey :  ;

2015-11-21 19:32:49 params :
------------
Array:
rule : -2 ;
module :  ;
message : Array ;

2015-11-21 19:32:49 response :
------------

2015-11-21 19:46:02 trace :
------------
Array:
from : oqCObuLZZ9iYdUE9ElzV_5RckjGA ;
to : gh_5013f37369ce ;
time : 1448106364 ;
type : event ;
event : subscribe ;
tousername : gh_5013f37369ce ;
fromusername : oqCObuLZZ9iYdUE9ElzV_5RckjGA ;
createtime : 1448106364 ;
msgtype : event ;
eventkey :  ;

2015-11-21 19:46:02 params :
------------
Array:
rule : -2 ;
module :  ;
message : Array ;

2015-11-21 19:46:02 response :
------------

2015-11-21 20:01:54 trace :
------------
Array:
from : oqCObuIdAd0iJ4tyF_LF7Qm9dZ1E ;
to : gh_5013f37369ce ;
time : 1448107316 ;
type : event ;
event : subscribe ;
tousername : gh_5013f37369ce ;
fromusername : oqCObuIdAd0iJ4tyF_LF7Qm9dZ1E ;
createtime : 1448107316 ;
msgtype : event ;
eventkey :  ;

2015-11-21 20:01:54 params :
------------
Array:
rule : -2 ;
module :  ;
message : Array ;

2015-11-21 20:01:54 response :
------------

2015-11-21 20:02:12 trace :
------------
Array:
from : oqCObuNV1hRng3c7qof1xuMKknCE ;
to : gh_5013f37369ce ;
time : 1448107334 ;
type : event ;
event : subscribe ;
tousername : gh_5013f37369ce ;
fromusername : oqCObuNV1hRng3c7qof1xuMKknCE ;
createtime : 1448107334 ;
msgtype : event ;
eventkey :  ;

2015-11-21 20:02:12 params :
------------
Array:
rule : -2 ;
module :  ;
message : Array ;

2015-11-21 20:02:12 response :
------------

2015-11-21 20:05:18 trace :
------------
Array:
from : oqCObuPSXPC8DfrR62Q1clC2xah8 ;
to : gh_5013f37369ce ;
time : 1448107520 ;
type : event ;
event : subscribe ;
tousername : gh_5013f37369ce ;
fromusername : oqCObuPSXPC8DfrR62Q1clC2xah8 ;
createtime : 1448107520 ;
msgtype : event ;
eventkey :  ;

2015-11-21 20:05:18 params :
------------
Array:
rule : -2 ;
module :  ;
message : Array ;

2015-11-21 20:05:18 response :
------------

2015-11-21 20:06:53 trace :
------------
Array:
from : oqCObuKQ9v_Wp0oP_9801FIUbgYA ;
to : gh_5013f37369ce ;
time : 1448107614 ;
type : event ;
event : subscribe ;
tousername : gh_5013f37369ce ;
fromusername : oqCObuKQ9v_Wp0oP_9801FIUbgYA ;
createtime : 1448107614 ;
msgtype : event ;
eventkey :  ;

2015-11-21 20:06:53 params :
------------
Array:
rule : -2 ;
module :  ;
message : Array ;

2015-11-21 20:06:53 response :
------------

2015-11-21 20:08:33 trace :
------------
Array:
from : oqCObuG1AtDRsVq66AVRgHc6T5Js ;
to : gh_5013f37369ce ;
time : 1448107715 ;
type : event ;
event : VIEW ;
tousername : gh_5013f37369ce ;
fromusername : oqCObuG1AtDRsVq66AVRgHc6T5Js ;
createtime : 1448107715 ;
msgtype : event ;
eventkey : http://mp.weixin.qq.com/s?__biz=MzA5MzE5NzExNw==&mid=10001097&idx=1&sn=8338ffe385dcd8dd1f376fc1a2fd50ff&scene=18#rd ;

2015-11-21 20:08:33 params :
------------
Array:
rule : -2 ;
module :  ;
message : Array ;

2015-11-21 20:08:33 response :
------------

2015-11-21 20:10:45 trace :
------------
Array:
from : oqCObuPHoEOv-OmI8KLVqPZgdLA8 ;
to : gh_5013f37369ce ;
time : 1448107847 ;
type : event ;
event : subscribe ;
tousername : gh_5013f37369ce ;
fromusername : oqCObuPHoEOv-OmI8KLVqPZgdLA8 ;
createtime : 1448107847 ;
msgtype : event ;
eventkey :  ;

2015-11-21 20:10:45 params :
------------
Array:
rule : -2 ;
module :  ;
message : Array ;

2015-11-21 20:10:45 response :
------------

2015-11-21 20:14:02 trace :
------------
Array:
from : oqCObuNKMqAbZip4zDO7EUNr8U5I ;
to : gh_5013f37369ce ;
time : 1448108044 ;
type : event ;
event : VIEW ;
tousername : gh_5013f37369ce ;
fromusername : oqCObuNKMqAbZip4zDO7EUNr8U5I ;
createtime : 1448108044 ;
msgtype : event ;
eventkey : http://mp.weixin.qq.com/s?__biz=MzA5MzE5NzExNw==&mid=10001097&idx=1&sn=8338ffe385dcd8dd1f376fc1a2fd50ff&scene=18#rd ;

2015-11-21 20:14:02 params :
------------
Array:
rule : -2 ;
module :  ;
message : Array ;

2015-11-21 20:14:02 response :
------------

2015-11-21 20:14:13 trace :
------------
Array:
from : oqCObuNKMqAbZip4zDO7EUNr8U5I ;
to : gh_5013f37369ce ;
time : 1448108052 ;
type : event ;
event : VIEW ;
tousername : gh_5013f37369ce ;
fromusername : oqCObuNKMqAbZip4zDO7EUNr8U5I ;
createtime : 1448108052 ;
msgtype : event ;
eventkey : http://mp.weixin.qq.com/s?__biz=MzA5MzE5NzExNw==&mid=10001097&idx=1&sn=8338ffe385dcd8dd1f376fc1a2fd50ff&scene=18#rd ;

2015-11-21 20:14:13 params :
------------
Array:
rule : -2 ;
module :  ;
message : Array ;

2015-11-21 20:14:13 response :
------------

2015-11-21 20:20:57 trace :
------------
Array:
from : oqCObuCgUkfM42ii8UqDU8X_etE0 ;
to : gh_5013f37369ce ;
time : 1448108459 ;
type : event ;
event : subscribe ;
tousername : gh_5013f37369ce ;
fromusername : oqCObuCgUkfM42ii8UqDU8X_etE0 ;
createtime : 1448108459 ;
msgtype : event ;
eventkey :  ;

2015-11-21 20:20:57 params :
------------
Array:
rule : -2 ;
module :  ;
message : Array ;

2015-11-21 20:20:57 response :
------------

2015-11-21 20:36:21 trace :
------------
Array:
from : oqCObuFBadd4g49DqTGMl6ELGiCs ;
to : gh_5013f37369ce ;
time : 1448109383 ;
type : event ;
event : VIEW ;
tousername : gh_5013f37369ce ;
fromusername : oqCObuFBadd4g49DqTGMl6ELGiCs ;
createtime : 1448109383 ;
msgtype : event ;
eventkey : http://mp.weixin.qq.com/s?__biz=MzA5MzE5NzExNw==&mid=10001097&idx=1&sn=8338ffe385dcd8dd1f376fc1a2fd50ff&scene=18#rd ;

2015-11-21 20:36:21 params :
------------
Array:
rule : -2 ;
module :  ;
message : Array ;

2015-11-21 20:36:21 response :
------------

2015-11-21 20:36:27 trace :
------------
Array:
from : oqCObuFBadd4g49DqTGMl6ELGiCs ;
to : gh_5013f37369ce ;
time : 1448109389 ;
type : event ;
event : VIEW ;
tousername : gh_5013f37369ce ;
fromusername : oqCObuFBadd4g49DqTGMl6ELGiCs ;
createtime : 1448109389 ;
msgtype : event ;
eventkey : http://mp.weixin.qq.com/s?__biz=MzA5MzE5NzExNw==&mid=10001097&idx=1&sn=8338ffe385dcd8dd1f376fc1a2fd50ff&scene=18#rd ;

2015-11-21 20:36:27 params :
------------
Array:
rule : -2 ;
module :  ;
message : Array ;

2015-11-21 20:36:27 response :
------------

2015-11-21 21:11:46 trace :
------------
Array:
from : oqCObuG2gKgzcawilk1f3UCuzBV0 ;
to : gh_5013f37369ce ;
time : 1448111507 ;
type : event ;
event : subscribe ;
tousername : gh_5013f37369ce ;
fromusername : oqCObuG2gKgzcawilk1f3UCuzBV0 ;
createtime : 1448111507 ;
msgtype : event ;
eventkey :  ;

2015-11-21 21:11:46 params :
------------
Array:
rule : -2 ;
module :  ;
message : Array ;

2015-11-21 21:11:46 response :
------------

2015-11-21 21:20:59 trace :
------------
Array:
from : oqCObuJ8ObtI4KtT-v_scd9E7F9o ;
to : gh_5013f37369ce ;
time : 1448112058 ;
type : event ;
event : subscribe ;
tousername : gh_5013f37369ce ;
fromusername : oqCObuJ8ObtI4KtT-v_scd9E7F9o ;
createtime : 1448112058 ;
msgtype : event ;
eventkey :  ;

2015-11-21 21:20:59 params :
------------
Array:
rule : -2 ;
module :  ;
message : Array ;

2015-11-21 21:20:59 response :
------------

2015-11-21 21:28:54 trace :
------------
Array:
from : oqCObuDZFYirOETYVrbjf6L0eIxc ;
to : gh_5013f37369ce ;
time : 1448112533 ;
type : event ;
event : subscribe ;
tousername : gh_5013f37369ce ;
fromusername : oqCObuDZFYirOETYVrbjf6L0eIxc ;
createtime : 1448112533 ;
msgtype : event ;
eventkey :  ;

2015-11-21 21:28:54 params :
------------
Array:
rule : -2 ;
module :  ;
message : Array ;

2015-11-21 21:28:54 response :
------------

2015-11-21 21:28:59 trace :
------------
Array:
from : oqCObuBodizSkFxqN2fXIJe7ILGs ;
to : gh_5013f37369ce ;
time : 1448112541 ;
type : event ;
event : subscribe ;
tousername : gh_5013f37369ce ;
fromusername : oqCObuBodizSkFxqN2fXIJe7ILGs ;
createtime : 1448112541 ;
msgtype : event ;
eventkey :  ;

2015-11-21 21:28:59 params :
------------
Array:
rule : -2 ;
module :  ;
message : Array ;

2015-11-21 21:28:59 response :
------------

2015-11-21 21:39:14 trace :
------------
Array:
from : oqCObuNV1hRng3c7qof1xuMKknCE ;
to : gh_5013f37369ce ;
time : 1448113153 ;
type : event ;
event : VIEW ;
tousername : gh_5013f37369ce ;
fromusername : oqCObuNV1hRng3c7qof1xuMKknCE ;
createtime : 1448113153 ;
msgtype : event ;
eventkey : http://mp.weixin.qq.com/s?__biz=MzA5MzE5NzExNw==&mid=10001097&idx=1&sn=8338ffe385dcd8dd1f376fc1a2fd50ff&scene=18#rd ;

2015-11-21 21:39:14 params :
------------
Array:
rule : -2 ;
module :  ;
message : Array ;

2015-11-21 21:39:14 response :
------------

2015-11-21 21:44:28 trace :
------------
Array:
from : oqCObuNV1hRng3c7qof1xuMKknCE ;
to : gh_5013f37369ce ;
time : 1448113467 ;
type : event ;
event : VIEW ;
tousername : gh_5013f37369ce ;
fromusername : oqCObuNV1hRng3c7qof1xuMKknCE ;
createtime : 1448113467 ;
msgtype : event ;
eventkey : http://mp.weixin.qq.com/s?__biz=MzA5MzE5NzExNw==&mid=10001097&idx=1&sn=8338ffe385dcd8dd1f376fc1a2fd50ff&scene=18#rd ;

2015-11-21 21:44:28 params :
------------
Array:
rule : -2 ;
module :  ;
message : Array ;

2015-11-21 21:44:28 response :
------------

2015-11-21 21:44:31 trace :
------------
Array:
from : oqCObuNV1hRng3c7qof1xuMKknCE ;
to : gh_5013f37369ce ;
time : 1448113473 ;
type : event ;
event : VIEW ;
tousername : gh_5013f37369ce ;
fromusername : oqCObuNV1hRng3c7qof1xuMKknCE ;
createtime : 1448113473 ;
msgtype : event ;
eventkey : http://mp.weixin.qq.com/s?__biz=MzA5MzE5NzExNw==&mid=10001097&idx=1&sn=8338ffe385dcd8dd1f376fc1a2fd50ff&scene=18#rd ;

2015-11-21 21:44:31 params :
------------
Array:
rule : -2 ;
module :  ;
message : Array ;

2015-11-21 21:44:31 response :
------------

