2015-12-19 08:27:05 trace :
------------
Array:
from : oqCObuN8nWWK5OmW1yXPgaZgbslk ;
to : gh_5013f37369ce ;
time : 1450484823 ;
type : event ;
event : subscribe ;
tousername : gh_5013f37369ce ;
fromusername : oqCObuN8nWWK5OmW1yXPgaZgbslk ;
createtime : 1450484823 ;
msgtype : event ;
eventkey :  ;

2015-12-19 08:27:05 params :
------------
Array:
rule : -2 ;
module :  ;
message : Array ;

2015-12-19 08:27:05 response :
------------

2015-12-19 10:07:33 trace :
------------
Array:
from : oqCObuCaZi6mpUR8ls2pUkVqHQ4U ;
to : gh_5013f37369ce ;
time : 1450490851 ;
type : event ;
event : VIEW ;
tousername : gh_5013f37369ce ;
fromusername : oqCObuCaZi6mpUR8ls2pUkVqHQ4U ;
createtime : 1450490851 ;
msgtype : event ;
eventkey : http://mp.weixin.qq.com/s?__biz=MzA5MzE5NzExNw==&mid=10001097&idx=1&sn=8338ffe385dcd8dd1f376fc1a2fd50ff&scene=18#rd ;

2015-12-19 10:07:33 params :
------------
Array:
rule : -2 ;
module :  ;
message : Array ;

2015-12-19 10:07:33 response :
------------

2015-12-19 10:08:10 trace :
------------
Array:
from : oqCObuOj8QfUt46Y99O4wSfhOvSU ;
to : gh_5013f37369ce ;
time : 1450490892 ;
type : event ;
event : VIEW ;
tousername : gh_5013f37369ce ;
fromusername : oqCObuOj8QfUt46Y99O4wSfhOvSU ;
createtime : 1450490892 ;
msgtype : event ;
eventkey : http://mp.weixin.qq.com/s?__biz=MzA5MzE5NzExNw==&mid=10001097&idx=1&sn=8338ffe385dcd8dd1f376fc1a2fd50ff&scene=18#rd ;

2015-12-19 10:08:10 params :
------------
Array:
rule : -2 ;
module :  ;
message : Array ;

2015-12-19 10:08:10 response :
------------

2015-12-19 10:08:28 trace :
------------
Array:
from : oqCObuOj8QfUt46Y99O4wSfhOvSU ;
to : gh_5013f37369ce ;
time : 1450490909 ;
type : event ;
event : VIEW ;
tousername : gh_5013f37369ce ;
fromusername : oqCObuOj8QfUt46Y99O4wSfhOvSU ;
createtime : 1450490909 ;
msgtype : event ;
eventkey : http://mp.weixin.qq.com/s?__biz=MzA5MzE5NzExNw==&mid=10001097&idx=1&sn=8338ffe385dcd8dd1f376fc1a2fd50ff&scene=18#rd ;

2015-12-19 10:08:28 params :
------------
Array:
rule : -2 ;
module :  ;
message : Array ;

2015-12-19 10:08:28 response :
------------

2015-12-19 10:08:33 trace :
------------
Array:
from : oqCObuCIaeK7RXRPGRDb8WklStqU ;
to : gh_5013f37369ce ;
time : 1450490912 ;
type : event ;
event : subscribe ;
tousername : gh_5013f37369ce ;
fromusername : oqCObuCIaeK7RXRPGRDb8WklStqU ;
createtime : 1450490912 ;
msgtype : event ;
eventkey :  ;

2015-12-19 10:08:33 params :
------------
Array:
rule : -2 ;
module :  ;
message : Array ;

2015-12-19 10:08:33 response :
------------

2015-12-19 10:54:10 trace :
------------
Array:
from : oqCObuOlfYv_BlUjoNUL-Rz6G9xI ;
to : gh_5013f37369ce ;
time : 1450493651 ;
type : event ;
event : subscribe ;
tousername : gh_5013f37369ce ;
fromusername : oqCObuOlfYv_BlUjoNUL-Rz6G9xI ;
createtime : 1450493651 ;
msgtype : event ;
eventkey :  ;

2015-12-19 10:54:10 params :
------------
Array:
rule : -2 ;
module :  ;
message : Array ;

2015-12-19 10:54:10 response :
------------

2015-12-19 11:02:05 trace :
------------
Array:
from : oqCObuBvz0Xo4PPrSPRBNS0mRfxg ;
to : gh_5013f37369ce ;
time : 1450494126 ;
type : event ;
event : subscribe ;
tousername : gh_5013f37369ce ;
fromusername : oqCObuBvz0Xo4PPrSPRBNS0mRfxg ;
createtime : 1450494126 ;
msgtype : event ;
eventkey :  ;

2015-12-19 11:02:05 params :
------------
Array:
rule : -2 ;
module :  ;
message : Array ;

2015-12-19 11:02:05 response :
------------

2015-12-19 11:04:40 trace :
------------
Array:
from : oqCObuEcWi8KAfd_P0Q8jtyyi-m4 ;
to : gh_5013f37369ce ;
time : 1450494281 ;
type : event ;
event : subscribe ;
tousername : gh_5013f37369ce ;
fromusername : oqCObuEcWi8KAfd_P0Q8jtyyi-m4 ;
createtime : 1450494281 ;
msgtype : event ;
eventkey :  ;

2015-12-19 11:04:40 params :
------------
Array:
rule : -2 ;
module :  ;
message : Array ;

2015-12-19 11:04:40 response :
------------

2015-12-19 11:04:44 trace :
------------
Array:
from : oqCObuEcWi8KAfd_P0Q8jtyyi-m4 ;
to : gh_5013f37369ce ;
time : 1450494286 ;
type : event ;
event : VIEW ;
tousername : gh_5013f37369ce ;
fromusername : oqCObuEcWi8KAfd_P0Q8jtyyi-m4 ;
createtime : 1450494286 ;
msgtype : event ;
eventkey : http://mp.weixin.qq.com/s?__biz=MzA5MzE5NzExNw==&mid=10001097&idx=1&sn=8338ffe385dcd8dd1f376fc1a2fd50ff&scene=18#rd ;

2015-12-19 11:04:44 params :
------------
Array:
rule : -2 ;
module :  ;
message : Array ;

2015-12-19 11:04:44 response :
------------

2015-12-19 11:05:07 trace :
------------
Array:
from : oqCObuEcWi8KAfd_P0Q8jtyyi-m4 ;
to : gh_5013f37369ce ;
time : 1450494309 ;
type : event ;
event : VIEW ;
tousername : gh_5013f37369ce ;
fromusername : oqCObuEcWi8KAfd_P0Q8jtyyi-m4 ;
createtime : 1450494309 ;
msgtype : event ;
eventkey : http://mp.weixin.qq.com/s?__biz=MzA5MzE5NzExNw==&mid=10001097&idx=1&sn=8338ffe385dcd8dd1f376fc1a2fd50ff&scene=18#rd ;

2015-12-19 11:05:07 params :
------------
Array:
rule : -2 ;
module :  ;
message : Array ;

2015-12-19 11:05:07 response :
------------

2015-12-19 11:17:28 trace :
------------
Array:
from : oqCObuEeB1rdcBGxzkTM3bbMBDtQ ;
to : gh_5013f37369ce ;
time : 1450495049 ;
type : event ;
event : subscribe ;
tousername : gh_5013f37369ce ;
fromusername : oqCObuEeB1rdcBGxzkTM3bbMBDtQ ;
createtime : 1450495049 ;
msgtype : event ;
eventkey :  ;

2015-12-19 11:17:28 params :
------------
Array:
rule : -2 ;
module :  ;
message : Array ;

2015-12-19 11:17:28 response :
------------

2015-12-19 11:18:58 trace :
------------
Array:
from : oqCObuDogLQBCuTB0HU2ewxGhEYA ;
to : gh_5013f37369ce ;
time : 1450495140 ;
type : event ;
event : subscribe ;
tousername : gh_5013f37369ce ;
fromusername : oqCObuDogLQBCuTB0HU2ewxGhEYA ;
createtime : 1450495140 ;
msgtype : event ;
eventkey :  ;

2015-12-19 11:18:58 params :
------------
Array:
rule : -2 ;
module :  ;
message : Array ;

2015-12-19 11:18:58 response :
------------

2015-12-19 11:21:20 trace :
------------
Array:
from : oqCObuAtAmChkHqhLzACCdfSeu8Q ;
to : gh_5013f37369ce ;
time : 1450495282 ;
type : event ;
event : subscribe ;
tousername : gh_5013f37369ce ;
fromusername : oqCObuAtAmChkHqhLzACCdfSeu8Q ;
createtime : 1450495282 ;
msgtype : event ;
eventkey :  ;

2015-12-19 11:21:20 params :
------------
Array:
rule : -2 ;
module :  ;
message : Array ;

2015-12-19 11:21:20 response :
------------

2015-12-19 11:26:29 trace :
------------
Array:
from : oqCObuM0KOwLoBdTw8ELAcgtPECQ ;
to : gh_5013f37369ce ;
time : 1450495590 ;
type : event ;
event : subscribe ;
tousername : gh_5013f37369ce ;
fromusername : oqCObuM0KOwLoBdTw8ELAcgtPECQ ;
createtime : 1450495590 ;
msgtype : event ;
eventkey :  ;

2015-12-19 11:26:29 params :
------------
Array:
rule : -2 ;
module :  ;
message : Array ;

2015-12-19 11:26:29 response :
------------

2015-12-19 11:34:57 trace :
------------
Array:
from : oqCObuLijzkjgPE8LcFaDksyPUzI ;
to : gh_5013f37369ce ;
time : 1450496099 ;
type : event ;
event : subscribe ;
tousername : gh_5013f37369ce ;
fromusername : oqCObuLijzkjgPE8LcFaDksyPUzI ;
createtime : 1450496099 ;
msgtype : event ;
eventkey :  ;

2015-12-19 11:34:57 params :
------------
Array:
rule : -2 ;
module :  ;
message : Array ;

2015-12-19 11:34:57 response :
------------

2015-12-19 11:35:12 trace :
------------
Array:
from : oqCObuDLOYr-VgBbo_NP1WFfB5TI ;
to : gh_5013f37369ce ;
time : 1450496113 ;
type : event ;
event : subscribe ;
tousername : gh_5013f37369ce ;
fromusername : oqCObuDLOYr-VgBbo_NP1WFfB5TI ;
createtime : 1450496113 ;
msgtype : event ;
eventkey :  ;

2015-12-19 11:35:12 params :
------------
Array:
rule : -2 ;
module :  ;
message : Array ;

2015-12-19 11:35:12 response :
------------

2015-12-19 11:53:11 trace :
------------
Array:
from : oqCObuNz8qffhu16qgQeXZ4eaN50 ;
to : gh_5013f37369ce ;
time : 1450497193 ;
type : event ;
event : subscribe ;
tousername : gh_5013f37369ce ;
fromusername : oqCObuNz8qffhu16qgQeXZ4eaN50 ;
createtime : 1450497193 ;
msgtype : event ;
eventkey :  ;

2015-12-19 11:53:11 params :
------------
Array:
rule : -2 ;
module :  ;
message : Array ;

2015-12-19 11:53:11 response :
------------

2015-12-19 11:56:22 trace :
------------
Array:
from : oqCObuE7Y0OhGA0JzhjtjGFhNJjs ;
to : gh_5013f37369ce ;
time : 1450497383 ;
type : event ;
event : subscribe ;
tousername : gh_5013f37369ce ;
fromusername : oqCObuE7Y0OhGA0JzhjtjGFhNJjs ;
createtime : 1450497383 ;
msgtype : event ;
eventkey :  ;

2015-12-19 11:56:22 params :
------------
Array:
rule : -2 ;
module :  ;
message : Array ;

2015-12-19 11:56:22 response :
------------

2015-12-19 11:58:32 trace :
------------
Array:
from : oqCObuEZXKG33mEPFqUnNLEk0Wes ;
to : gh_5013f37369ce ;
time : 1450497513 ;
type : event ;
event : subscribe ;
tousername : gh_5013f37369ce ;
fromusername : oqCObuEZXKG33mEPFqUnNLEk0Wes ;
createtime : 1450497513 ;
msgtype : event ;
eventkey :  ;

2015-12-19 11:58:32 params :
------------
Array:
rule : -2 ;
module :  ;
message : Array ;

2015-12-19 11:58:32 response :
------------

2015-12-19 12:05:19 trace :
------------
Array:
from : oqCObuCe9ARBXj4KtH4xxB5sO78E ;
to : gh_5013f37369ce ;
time : 1450497921 ;
type : event ;
event : subscribe ;
tousername : gh_5013f37369ce ;
fromusername : oqCObuCe9ARBXj4KtH4xxB5sO78E ;
createtime : 1450497921 ;
msgtype : event ;
eventkey :  ;

2015-12-19 12:05:19 params :
------------
Array:
rule : -2 ;
module :  ;
message : Array ;

2015-12-19 12:05:19 response :
------------

2015-12-19 12:21:47 trace :
------------
Array:
from : oqCObuPy-EeUObyARrasLPAFmulo ;
to : gh_5013f37369ce ;
time : 1450498908 ;
type : event ;
event : subscribe ;
tousername : gh_5013f37369ce ;
fromusername : oqCObuPy-EeUObyARrasLPAFmulo ;
createtime : 1450498908 ;
msgtype : event ;
eventkey :  ;

2015-12-19 12:21:47 params :
------------
Array:
rule : -2 ;
module :  ;
message : Array ;

2015-12-19 12:21:47 response :
------------

2015-12-19 12:26:42 trace :
------------
Array:
from : oqCObuBnmNZRe9v1Rsyh2YCfCIe4 ;
to : gh_5013f37369ce ;
time : 1450499203 ;
type : event ;
event : subscribe ;
tousername : gh_5013f37369ce ;
fromusername : oqCObuBnmNZRe9v1Rsyh2YCfCIe4 ;
createtime : 1450499203 ;
msgtype : event ;
eventkey :  ;

2015-12-19 12:26:42 params :
------------
Array:
rule : -2 ;
module :  ;
message : Array ;

2015-12-19 12:26:42 response :
------------

2015-12-19 12:37:27 trace :
------------
Array:
from : oqCObuPhs2pHNCWXpdRC3mxcW_V0 ;
to : gh_5013f37369ce ;
time : 1450499846 ;
type : event ;
event : subscribe ;
tousername : gh_5013f37369ce ;
fromusername : oqCObuPhs2pHNCWXpdRC3mxcW_V0 ;
createtime : 1450499846 ;
msgtype : event ;
eventkey :  ;

2015-12-19 12:37:27 params :
------------
Array:
rule : -2 ;
module :  ;
message : Array ;

2015-12-19 12:37:27 response :
------------

2015-12-19 12:37:28 trace :
------------
Array:
from : oqCObuPhs2pHNCWXpdRC3mxcW_V0 ;
to : gh_5013f37369ce ;
time : 1450499850 ;
type : event ;
event : VIEW ;
tousername : gh_5013f37369ce ;
fromusername : oqCObuPhs2pHNCWXpdRC3mxcW_V0 ;
createtime : 1450499850 ;
msgtype : event ;
eventkey : http://mp.weixin.qq.com/s?__biz=MzA5MzE5NzExNw==&mid=10001097&idx=1&sn=8338ffe385dcd8dd1f376fc1a2fd50ff&scene=18#rd ;

2015-12-19 12:37:28 params :
------------
Array:
rule : -2 ;
module :  ;
message : Array ;

2015-12-19 12:37:28 response :
------------

2015-12-19 12:37:41 trace :
------------
Array:
from : oqCObuPhs2pHNCWXpdRC3mxcW_V0 ;
to : gh_5013f37369ce ;
time : 1450499862 ;
type : event ;
event : VIEW ;
tousername : gh_5013f37369ce ;
fromusername : oqCObuPhs2pHNCWXpdRC3mxcW_V0 ;
createtime : 1450499862 ;
msgtype : event ;
eventkey : http://mp.weixin.qq.com/s?__biz=MzA5MzE5NzExNw==&mid=10001097&idx=1&sn=8338ffe385dcd8dd1f376fc1a2fd50ff&scene=18#rd ;

2015-12-19 12:37:41 params :
------------
Array:
rule : -2 ;
module :  ;
message : Array ;

2015-12-19 12:37:41 response :
------------

2015-12-19 12:37:51 trace :
------------
Array:
from : oqCObuPhs2pHNCWXpdRC3mxcW_V0 ;
to : gh_5013f37369ce ;
time : 1450499870 ;
type : event ;
event : VIEW ;
tousername : gh_5013f37369ce ;
fromusername : oqCObuPhs2pHNCWXpdRC3mxcW_V0 ;
createtime : 1450499870 ;
msgtype : event ;
eventkey : http://mp.weixin.qq.com/s?__biz=MzA5MzE5NzExNw==&mid=10001097&idx=1&sn=8338ffe385dcd8dd1f376fc1a2fd50ff&scene=18#rd ;

2015-12-19 12:37:51 params :
------------
Array:
rule : -2 ;
module :  ;
message : Array ;

2015-12-19 12:37:51 response :
------------

2015-12-19 12:38:01 trace :
------------
Array:
from : oqCObuPhs2pHNCWXpdRC3mxcW_V0 ;
to : gh_5013f37369ce ;
time : 1450499883 ;
type : event ;
event : VIEW ;
tousername : gh_5013f37369ce ;
fromusername : oqCObuPhs2pHNCWXpdRC3mxcW_V0 ;
createtime : 1450499883 ;
msgtype : event ;
eventkey : http://mp.weixin.qq.com/s?__biz=MzA5MzE5NzExNw==&mid=10001097&idx=1&sn=8338ffe385dcd8dd1f376fc1a2fd50ff&scene=18#rd ;

2015-12-19 12:38:01 params :
------------
Array:
rule : -2 ;
module :  ;
message : Array ;

2015-12-19 12:38:01 response :
------------

2015-12-19 12:53:05 trace :
------------
Array:
from : oqCObuDE-ZB7XFX9up60IW9KoxO0 ;
to : gh_5013f37369ce ;
time : 1450500786 ;
type : event ;
event : subscribe ;
tousername : gh_5013f37369ce ;
fromusername : oqCObuDE-ZB7XFX9up60IW9KoxO0 ;
createtime : 1450500786 ;
msgtype : event ;
eventkey :  ;

2015-12-19 12:53:05 params :
------------
Array:
rule : -2 ;
module :  ;
message : Array ;

2015-12-19 12:53:05 response :
------------

2015-12-19 12:53:51 trace :
------------
Array:
from : oqCObuHc3yXNWvUnwJZW4DlVOkd4 ;
to : gh_5013f37369ce ;
time : 1450500833 ;
type : event ;
event : subscribe ;
tousername : gh_5013f37369ce ;
fromusername : oqCObuHc3yXNWvUnwJZW4DlVOkd4 ;
createtime : 1450500833 ;
msgtype : event ;
eventkey :  ;

2015-12-19 12:53:51 params :
------------
Array:
rule : -2 ;
module :  ;
message : Array ;

2015-12-19 12:53:51 response :
------------

2015-12-19 12:56:09 trace :
------------
Array:
from : oqCObuIWkRZ2SYxhDXEoJOEDgYJA ;
to : gh_5013f37369ce ;
time : 1450500968 ;
type : event ;
event : subscribe ;
tousername : gh_5013f37369ce ;
fromusername : oqCObuIWkRZ2SYxhDXEoJOEDgYJA ;
createtime : 1450500968 ;
msgtype : event ;
eventkey :  ;

2015-12-19 12:56:09 params :
------------
Array:
rule : -2 ;
module :  ;
message : Array ;

2015-12-19 12:56:09 response :
------------

2015-12-19 12:56:47 trace :
------------
Array:
from : oqCObuGDblAYmRv5tu-WH87PSlrs ;
to : gh_5013f37369ce ;
time : 1450501009 ;
type : event ;
event : subscribe ;
tousername : gh_5013f37369ce ;
fromusername : oqCObuGDblAYmRv5tu-WH87PSlrs ;
createtime : 1450501009 ;
msgtype : event ;
eventkey :  ;

2015-12-19 12:56:47 params :
------------
Array:
rule : -2 ;
module :  ;
message : Array ;

2015-12-19 12:56:47 response :
------------

2015-12-19 12:59:57 trace :
------------
Array:
from : oqCObuE9yS1TDgHJu_aA1eJae9aw ;
to : gh_5013f37369ce ;
time : 1450501199 ;
type : event ;
event : subscribe ;
tousername : gh_5013f37369ce ;
fromusername : oqCObuE9yS1TDgHJu_aA1eJae9aw ;
createtime : 1450501199 ;
msgtype : event ;
eventkey :  ;

2015-12-19 12:59:57 params :
------------
Array:
rule : -2 ;
module :  ;
message : Array ;

2015-12-19 12:59:57 response :
------------

2015-12-19 13:27:00 trace :
------------
Array:
from : oqCObuKQJMo98ftwEfm6N2QFkLng ;
to : gh_5013f37369ce ;
time : 1450502821 ;
type : event ;
event : subscribe ;
tousername : gh_5013f37369ce ;
fromusername : oqCObuKQJMo98ftwEfm6N2QFkLng ;
createtime : 1450502821 ;
msgtype : event ;
eventkey :  ;

2015-12-19 13:27:00 params :
------------
Array:
rule : -2 ;
module :  ;
message : Array ;

2015-12-19 13:27:00 response :
------------

2015-12-19 13:29:51 trace :
------------
Array:
from : oqCObuE1AHkCSNB69I-6-CDqrvkI ;
to : gh_5013f37369ce ;
time : 1450502993 ;
type : event ;
event : subscribe ;
tousername : gh_5013f37369ce ;
fromusername : oqCObuE1AHkCSNB69I-6-CDqrvkI ;
createtime : 1450502993 ;
msgtype : event ;
eventkey :  ;

2015-12-19 13:29:51 params :
------------
Array:
rule : -2 ;
module :  ;
message : Array ;

2015-12-19 13:29:51 response :
------------

2015-12-19 13:37:37 trace :
------------
Array:
from : oqCObuOy_nmKB5pu_gnCylGBQkLo ;
to : gh_5013f37369ce ;
time : 1450503459 ;
type : event ;
event : subscribe ;
tousername : gh_5013f37369ce ;
fromusername : oqCObuOy_nmKB5pu_gnCylGBQkLo ;
createtime : 1450503459 ;
msgtype : event ;
eventkey :  ;

2015-12-19 13:37:37 params :
------------
Array:
rule : -2 ;
module :  ;
message : Array ;

2015-12-19 13:37:37 response :
------------

2015-12-19 13:48:29 trace :
------------
Array:
from : oqCObuFw00W1Wj5WNUWhW7oYsyqw ;
to : gh_5013f37369ce ;
time : 1450504111 ;
type : event ;
event : subscribe ;
tousername : gh_5013f37369ce ;
fromusername : oqCObuFw00W1Wj5WNUWhW7oYsyqw ;
createtime : 1450504111 ;
msgtype : event ;
eventkey :  ;

2015-12-19 13:48:29 params :
------------
Array:
rule : -2 ;
module :  ;
message : Array ;

2015-12-19 13:48:29 response :
------------

2015-12-19 14:01:29 trace :
------------
Array:
from : oqCObuMkFkNTq7_0OA8itcGkKIS0 ;
to : gh_5013f37369ce ;
time : 1450504890 ;
type : event ;
event : subscribe ;
tousername : gh_5013f37369ce ;
fromusername : oqCObuMkFkNTq7_0OA8itcGkKIS0 ;
createtime : 1450504890 ;
msgtype : event ;
eventkey :  ;

2015-12-19 14:01:29 params :
------------
Array:
rule : -2 ;
module :  ;
message : Array ;

2015-12-19 14:01:29 response :
------------

2015-12-19 14:08:22 trace :
------------
Array:
from : oqCObuJMjp98eODcrEaKoosniozc ;
to : gh_5013f37369ce ;
time : 1450505304 ;
type : event ;
event : subscribe ;
tousername : gh_5013f37369ce ;
fromusername : oqCObuJMjp98eODcrEaKoosniozc ;
createtime : 1450505304 ;
msgtype : event ;
eventkey :  ;

2015-12-19 14:08:22 params :
------------
Array:
rule : -2 ;
module :  ;
message : Array ;

2015-12-19 14:08:22 response :
------------

2015-12-19 14:14:36 trace :
------------
Array:
from : oqCObuJzA399M3LWxQiSukkZIQto ;
to : gh_5013f37369ce ;
time : 1450505677 ;
type : event ;
event : VIEW ;
tousername : gh_5013f37369ce ;
fromusername : oqCObuJzA399M3LWxQiSukkZIQto ;
createtime : 1450505677 ;
msgtype : event ;
eventkey : http://mp.weixin.qq.com/s?__biz=MzA5MzE5NzExNw==&mid=10001097&idx=1&sn=8338ffe385dcd8dd1f376fc1a2fd50ff&scene=18#rd ;

2015-12-19 14:14:36 params :
------------
Array:
rule : -2 ;
module :  ;
message : Array ;

2015-12-19 14:14:36 response :
------------

2015-12-19 14:15:12 trace :
------------
Array:
from : oqCObuJzA399M3LWxQiSukkZIQto ;
to : gh_5013f37369ce ;
time : 1450505714 ;
type : event ;
event : VIEW ;
tousername : gh_5013f37369ce ;
fromusername : oqCObuJzA399M3LWxQiSukkZIQto ;
createtime : 1450505714 ;
msgtype : event ;
eventkey : http://mp.weixin.qq.com/s?__biz=MzA5MzE5NzExNw==&mid=10001097&idx=1&sn=8338ffe385dcd8dd1f376fc1a2fd50ff&scene=18#rd ;

2015-12-19 14:15:12 params :
------------
Array:
rule : -2 ;
module :  ;
message : Array ;

2015-12-19 14:15:12 response :
------------

2015-12-19 14:15:42 trace :
------------
Array:
from : oqCObuJzA399M3LWxQiSukkZIQto ;
to : gh_5013f37369ce ;
time : 1450505743 ;
type : event ;
event : VIEW ;
tousername : gh_5013f37369ce ;
fromusername : oqCObuJzA399M3LWxQiSukkZIQto ;
createtime : 1450505743 ;
msgtype : event ;
eventkey : http://mp.weixin.qq.com/s?__biz=MzA5MzE5NzExNw==&mid=10001097&idx=1&sn=8338ffe385dcd8dd1f376fc1a2fd50ff&scene=18#rd ;

2015-12-19 14:15:42 params :
------------
Array:
rule : -2 ;
module :  ;
message : Array ;

2015-12-19 14:15:42 response :
------------

2015-12-19 14:16:02 trace :
------------
Array:
from : oqCObuJzA399M3LWxQiSukkZIQto ;
to : gh_5013f37369ce ;
time : 1450505764 ;
type : event ;
event : VIEW ;
tousername : gh_5013f37369ce ;
fromusername : oqCObuJzA399M3LWxQiSukkZIQto ;
createtime : 1450505764 ;
msgtype : event ;
eventkey : http://mp.weixin.qq.com/s?__biz=MzA5MzE5NzExNw==&mid=10001097&idx=1&sn=8338ffe385dcd8dd1f376fc1a2fd50ff&scene=18#rd ;

2015-12-19 14:16:02 params :
------------
Array:
rule : -2 ;
module :  ;
message : Array ;

2015-12-19 14:16:02 response :
------------

2015-12-19 14:16:15 trace :
------------
Array:
from : oqCObuJzA399M3LWxQiSukkZIQto ;
to : gh_5013f37369ce ;
time : 1450505777 ;
type : event ;
event : VIEW ;
tousername : gh_5013f37369ce ;
fromusername : oqCObuJzA399M3LWxQiSukkZIQto ;
createtime : 1450505777 ;
msgtype : event ;
eventkey : http://mp.weixin.qq.com/s?__biz=MzA5MzE5NzExNw==&mid=10001097&idx=1&sn=8338ffe385dcd8dd1f376fc1a2fd50ff&scene=18#rd ;

2015-12-19 14:16:15 params :
------------
Array:
rule : -2 ;
module :  ;
message : Array ;

2015-12-19 14:16:15 response :
------------

2015-12-19 14:16:29 trace :
------------
Array:
from : oqCObuJzA399M3LWxQiSukkZIQto ;
to : gh_5013f37369ce ;
time : 1450505790 ;
type : event ;
event : VIEW ;
tousername : gh_5013f37369ce ;
fromusername : oqCObuJzA399M3LWxQiSukkZIQto ;
createtime : 1450505790 ;
msgtype : event ;
eventkey : http://mp.weixin.qq.com/s?__biz=MzA5MzE5NzExNw==&mid=10001097&idx=1&sn=8338ffe385dcd8dd1f376fc1a2fd50ff&scene=18#rd ;

2015-12-19 14:16:29 params :
------------
Array:
rule : -2 ;
module :  ;
message : Array ;

2015-12-19 14:16:29 response :
------------

2015-12-19 14:16:33 trace :
------------
Array:
from : oqCObuJzA399M3LWxQiSukkZIQto ;
to : gh_5013f37369ce ;
time : 1450505794 ;
type : event ;
event : VIEW ;
tousername : gh_5013f37369ce ;
fromusername : oqCObuJzA399M3LWxQiSukkZIQto ;
createtime : 1450505794 ;
msgtype : event ;
eventkey : http://mp.weixin.qq.com/s?__biz=MzA5MzE5NzExNw==&mid=10001097&idx=1&sn=8338ffe385dcd8dd1f376fc1a2fd50ff&scene=18#rd ;

2015-12-19 14:16:33 params :
------------
Array:
rule : -2 ;
module :  ;
message : Array ;

2015-12-19 14:16:33 response :
------------

2015-12-19 14:17:16 trace :
------------
Array:
from : oqCObuJzA399M3LWxQiSukkZIQto ;
to : gh_5013f37369ce ;
time : 1450505837 ;
type : event ;
event : VIEW ;
tousername : gh_5013f37369ce ;
fromusername : oqCObuJzA399M3LWxQiSukkZIQto ;
createtime : 1450505837 ;
msgtype : event ;
eventkey : http://mp.weixin.qq.com/s?__biz=MzA5MzE5NzExNw==&mid=10001097&idx=1&sn=8338ffe385dcd8dd1f376fc1a2fd50ff&scene=18#rd ;

2015-12-19 14:17:16 params :
------------
Array:
rule : -2 ;
module :  ;
message : Array ;

2015-12-19 14:17:16 response :
------------

2015-12-19 14:19:12 trace :
------------
Array:
from : oqCObuGxThczqlr5TD8NtbLFNppo ;
to : gh_5013f37369ce ;
time : 1450505954 ;
type : event ;
event : VIEW ;
tousername : gh_5013f37369ce ;
fromusername : oqCObuGxThczqlr5TD8NtbLFNppo ;
createtime : 1450505954 ;
msgtype : event ;
eventkey : http://mp.weixin.qq.com/s?__biz=MzA5MzE5NzExNw==&mid=10001097&idx=1&sn=8338ffe385dcd8dd1f376fc1a2fd50ff&scene=18#rd ;

2015-12-19 14:19:12 params :
------------
Array:
rule : -2 ;
module :  ;
message : Array ;

2015-12-19 14:19:12 response :
------------

2015-12-19 14:19:36 trace :
------------
Array:
from : oqCObuEEwyLMSNlmYegjZcp39RFE ;
to : gh_5013f37369ce ;
time : 1450505978 ;
type : event ;
event : subscribe ;
tousername : gh_5013f37369ce ;
fromusername : oqCObuEEwyLMSNlmYegjZcp39RFE ;
createtime : 1450505978 ;
msgtype : event ;
eventkey :  ;

2015-12-19 14:19:36 params :
------------
Array:
rule : -2 ;
module :  ;
message : Array ;

2015-12-19 14:19:36 response :
------------

2015-12-19 14:20:07 trace :
------------
Array:
from : oqCObuJAdTLP0hG_ikrhKlestsVM ;
to : gh_5013f37369ce ;
time : 1450506008 ;
type : event ;
event : subscribe ;
tousername : gh_5013f37369ce ;
fromusername : oqCObuJAdTLP0hG_ikrhKlestsVM ;
createtime : 1450506008 ;
msgtype : event ;
eventkey :  ;

2015-12-19 14:20:07 params :
------------
Array:
rule : -2 ;
module :  ;
message : Array ;

2015-12-19 14:20:07 response :
------------

2015-12-19 14:20:34 trace :
------------
Array:
from : oqCObuLGDiEC_1rkoFa34W904unk ;
to : gh_5013f37369ce ;
time : 1450506033 ;
type : event ;
event : subscribe ;
tousername : gh_5013f37369ce ;
fromusername : oqCObuLGDiEC_1rkoFa34W904unk ;
createtime : 1450506033 ;
msgtype : event ;
eventkey :  ;

2015-12-19 14:20:34 params :
------------
Array:
rule : -2 ;
module :  ;
message : Array ;

2015-12-19 14:20:34 response :
------------

2015-12-19 14:20:39 trace :
------------
Array:
from : oqCObuAHmPGUSZU4M7sRb1zjQxCc ;
to : gh_5013f37369ce ;
time : 1450506041 ;
type : event ;
event : subscribe ;
tousername : gh_5013f37369ce ;
fromusername : oqCObuAHmPGUSZU4M7sRb1zjQxCc ;
createtime : 1450506041 ;
msgtype : event ;
eventkey :  ;

2015-12-19 14:20:39 params :
------------
Array:
rule : -2 ;
module :  ;
message : Array ;

2015-12-19 14:20:39 response :
------------

2015-12-19 14:22:56 trace :
------------
Array:
from : oqCObuJrx0QcNQFaoz6I9lguRKsM ;
to : gh_5013f37369ce ;
time : 1450506178 ;
type : event ;
event : subscribe ;
tousername : gh_5013f37369ce ;
fromusername : oqCObuJrx0QcNQFaoz6I9lguRKsM ;
createtime : 1450506178 ;
msgtype : event ;
eventkey :  ;

2015-12-19 14:22:56 params :
------------
Array:
rule : -2 ;
module :  ;
message : Array ;

2015-12-19 14:22:56 response :
------------

2015-12-19 14:51:58 trace :
------------
Array:
from : oqCObuPzZZaT-_85Ro-ZE-FK0GDw ;
to : gh_5013f37369ce ;
time : 1450507919 ;
type : event ;
event : VIEW ;
tousername : gh_5013f37369ce ;
fromusername : oqCObuPzZZaT-_85Ro-ZE-FK0GDw ;
createtime : 1450507919 ;
msgtype : event ;
eventkey : http://mp.weixin.qq.com/s?__biz=MzA5MzE5NzExNw==&mid=10001097&idx=1&sn=8338ffe385dcd8dd1f376fc1a2fd50ff&scene=18#rd ;

2015-12-19 14:51:58 params :
------------
Array:
rule : -2 ;
module :  ;
message : Array ;

2015-12-19 14:51:58 response :
------------

2015-12-19 14:52:31 trace :
------------
Array:
from : oqCObuPzZZaT-_85Ro-ZE-FK0GDw ;
to : gh_5013f37369ce ;
time : 1450507949 ;
type : event ;
event : VIEW ;
tousername : gh_5013f37369ce ;
fromusername : oqCObuPzZZaT-_85Ro-ZE-FK0GDw ;
createtime : 1450507949 ;
msgtype : event ;
eventkey : http://mp.weixin.qq.com/s?__biz=MzA5MzE5NzExNw==&mid=10001097&idx=1&sn=8338ffe385dcd8dd1f376fc1a2fd50ff&scene=18#rd ;

2015-12-19 14:52:31 params :
------------
Array:
rule : -2 ;
module :  ;
message : Array ;

2015-12-19 14:52:31 response :
------------

2015-12-19 14:52:50 trace :
------------
Array:
from : oqCObuPzZZaT-_85Ro-ZE-FK0GDw ;
to : gh_5013f37369ce ;
time : 1450507971 ;
type : event ;
event : VIEW ;
tousername : gh_5013f37369ce ;
fromusername : oqCObuPzZZaT-_85Ro-ZE-FK0GDw ;
createtime : 1450507971 ;
msgtype : event ;
eventkey : http://mp.weixin.qq.com/s?__biz=MzA5MzE5NzExNw==&mid=10001097&idx=1&sn=8338ffe385dcd8dd1f376fc1a2fd50ff&scene=18#rd ;

2015-12-19 14:52:50 params :
------------
Array:
rule : -2 ;
module :  ;
message : Array ;

2015-12-19 14:52:50 response :
------------

2015-12-19 14:53:00 trace :
------------
Array:
from : oqCObuPzZZaT-_85Ro-ZE-FK0GDw ;
to : gh_5013f37369ce ;
time : 1450507981 ;
type : event ;
event : VIEW ;
tousername : gh_5013f37369ce ;
fromusername : oqCObuPzZZaT-_85Ro-ZE-FK0GDw ;
createtime : 1450507981 ;
msgtype : event ;
eventkey : http://mp.weixin.qq.com/s?__biz=MzA5MzE5NzExNw==&mid=10001097&idx=1&sn=8338ffe385dcd8dd1f376fc1a2fd50ff&scene=18#rd ;

2015-12-19 14:53:00 params :
------------
Array:
rule : -2 ;
module :  ;
message : Array ;

2015-12-19 14:53:00 response :
------------

2015-12-19 14:53:43 trace :
------------
Array:
from : oqCObuPzZZaT-_85Ro-ZE-FK0GDw ;
to : gh_5013f37369ce ;
time : 1450508024 ;
type : event ;
event : VIEW ;
tousername : gh_5013f37369ce ;
fromusername : oqCObuPzZZaT-_85Ro-ZE-FK0GDw ;
createtime : 1450508024 ;
msgtype : event ;
eventkey : http://mp.weixin.qq.com/s?__biz=MzA5MzE5NzExNw==&mid=10001097&idx=1&sn=8338ffe385dcd8dd1f376fc1a2fd50ff&scene=18#rd ;

2015-12-19 14:53:43 params :
------------
Array:
rule : -2 ;
module :  ;
message : Array ;

2015-12-19 14:53:43 response :
------------

2015-12-19 15:09:45 trace :
------------
Array:
from : oqCObuPQzQBpXayg5yBT2tQbMDKo ;
to : gh_5013f37369ce ;
time : 1450508986 ;
type : event ;
event : subscribe ;
tousername : gh_5013f37369ce ;
fromusername : oqCObuPQzQBpXayg5yBT2tQbMDKo ;
createtime : 1450508986 ;
msgtype : event ;
eventkey :  ;

2015-12-19 15:09:45 params :
------------
Array:
rule : -2 ;
module :  ;
message : Array ;

2015-12-19 15:09:45 response :
------------

2015-12-19 15:11:19 trace :
------------
Array:
from : oqCObuOlUOjxxsrHYaIY1Svuh3gY ;
to : gh_5013f37369ce ;
time : 1450509081 ;
type : event ;
event : VIEW ;
tousername : gh_5013f37369ce ;
fromusername : oqCObuOlUOjxxsrHYaIY1Svuh3gY ;
createtime : 1450509081 ;
msgtype : event ;
eventkey : http://mp.weixin.qq.com/s?__biz=MzA5MzE5NzExNw==&mid=10001097&idx=1&sn=8338ffe385dcd8dd1f376fc1a2fd50ff&scene=18#rd ;

2015-12-19 15:11:19 params :
------------
Array:
rule : -2 ;
module :  ;
message : Array ;

2015-12-19 15:11:19 response :
------------

2015-12-19 15:11:28 trace :
------------
Array:
from : oqCObuOlUOjxxsrHYaIY1Svuh3gY ;
to : gh_5013f37369ce ;
time : 1450509089 ;
type : event ;
event : VIEW ;
tousername : gh_5013f37369ce ;
fromusername : oqCObuOlUOjxxsrHYaIY1Svuh3gY ;
createtime : 1450509089 ;
msgtype : event ;
eventkey : http://mp.weixin.qq.com/s?__biz=MzA5MzE5NzExNw==&mid=10001097&idx=1&sn=8338ffe385dcd8dd1f376fc1a2fd50ff&scene=18#rd ;

2015-12-19 15:11:28 params :
------------
Array:
rule : -2 ;
module :  ;
message : Array ;

2015-12-19 15:11:28 response :
------------

2015-12-19 15:11:37 trace :
------------
Array:
from : oqCObuOlUOjxxsrHYaIY1Svuh3gY ;
to : gh_5013f37369ce ;
time : 1450509098 ;
type : event ;
event : VIEW ;
tousername : gh_5013f37369ce ;
fromusername : oqCObuOlUOjxxsrHYaIY1Svuh3gY ;
createtime : 1450509098 ;
msgtype : event ;
eventkey : http://mp.weixin.qq.com/s?__biz=MzA5MzE5NzExNw==&mid=10001097&idx=1&sn=8338ffe385dcd8dd1f376fc1a2fd50ff&scene=18#rd ;

2015-12-19 15:11:37 params :
------------
Array:
rule : -2 ;
module :  ;
message : Array ;

2015-12-19 15:11:37 response :
------------

2015-12-19 15:11:49 trace :
------------
Array:
from : oqCObuOlUOjxxsrHYaIY1Svuh3gY ;
to : gh_5013f37369ce ;
time : 1450509107 ;
type : event ;
event : VIEW ;
tousername : gh_5013f37369ce ;
fromusername : oqCObuOlUOjxxsrHYaIY1Svuh3gY ;
createtime : 1450509107 ;
msgtype : event ;
eventkey : http://mp.weixin.qq.com/s?__biz=MzA5MzE5NzExNw==&mid=10001097&idx=1&sn=8338ffe385dcd8dd1f376fc1a2fd50ff&scene=18#rd ;

2015-12-19 15:11:49 params :
------------
Array:
rule : -2 ;
module :  ;
message : Array ;

2015-12-19 15:11:49 response :
------------

2015-12-19 15:25:22 trace :
------------
Array:
from : oqCObuNwrtO32hflvrIw4QnC1rnA ;
to : gh_5013f37369ce ;
time : 1450509923 ;
type : event ;
event : VIEW ;
tousername : gh_5013f37369ce ;
fromusername : oqCObuNwrtO32hflvrIw4QnC1rnA ;
createtime : 1450509923 ;
msgtype : event ;
eventkey : http://mp.weixin.qq.com/s?__biz=MzA5MzE5NzExNw==&mid=10001097&idx=1&sn=8338ffe385dcd8dd1f376fc1a2fd50ff&scene=18#rd ;

2015-12-19 15:25:22 params :
------------
Array:
rule : -2 ;
module :  ;
message : Array ;

2015-12-19 15:25:22 response :
------------

2015-12-19 15:31:13 trace :
------------
Array:
from : oqCObuB0NbxH-8hBWRwuM_34ojes ;
to : gh_5013f37369ce ;
time : 1450510274 ;
type : event ;
event : subscribe ;
tousername : gh_5013f37369ce ;
fromusername : oqCObuB0NbxH-8hBWRwuM_34ojes ;
createtime : 1450510274 ;
msgtype : event ;
eventkey :  ;

2015-12-19 15:31:13 params :
------------
Array:
rule : -2 ;
module :  ;
message : Array ;

2015-12-19 15:31:13 response :
------------

2015-12-19 15:34:23 trace :
------------
Array:
from : oqCObuHOZtqccMqxmVfIU1BNsAVM ;
to : gh_5013f37369ce ;
time : 1450510465 ;
type : event ;
event : subscribe ;
tousername : gh_5013f37369ce ;
fromusername : oqCObuHOZtqccMqxmVfIU1BNsAVM ;
createtime : 1450510465 ;
msgtype : event ;
eventkey :  ;

2015-12-19 15:34:23 params :
------------
Array:
rule : -2 ;
module :  ;
message : Array ;

2015-12-19 15:34:23 response :
------------

2015-12-19 15:35:24 trace :
------------
Array:
from : oqCObuF7GpZTDSGvVCpNWJCbqL9k ;
to : gh_5013f37369ce ;
time : 1450510526 ;
type : event ;
event : VIEW ;
tousername : gh_5013f37369ce ;
fromusername : oqCObuF7GpZTDSGvVCpNWJCbqL9k ;
createtime : 1450510526 ;
msgtype : event ;
eventkey : http://mp.weixin.qq.com/s?__biz=MzA5MzE5NzExNw==&mid=10001097&idx=1&sn=8338ffe385dcd8dd1f376fc1a2fd50ff&scene=18#rd ;

2015-12-19 15:35:24 params :
------------
Array:
rule : -2 ;
module :  ;
message : Array ;

2015-12-19 15:35:24 response :
------------

2015-12-19 15:41:35 trace :
------------
Array:
from : oqCObuFLZaVywG4R_0mzNAs_okhE ;
to : gh_5013f37369ce ;
time : 1450510897 ;
type : event ;
event : subscribe ;
tousername : gh_5013f37369ce ;
fromusername : oqCObuFLZaVywG4R_0mzNAs_okhE ;
createtime : 1450510897 ;
msgtype : event ;
eventkey :  ;

2015-12-19 15:41:35 params :
------------
Array:
rule : -2 ;
module :  ;
message : Array ;

2015-12-19 15:41:35 response :
------------

2015-12-19 15:45:30 trace :
------------
Array:
from : oqCObuMBwmLMcwc0sh6scIEs6u28 ;
to : gh_5013f37369ce ;
time : 1450511131 ;
type : event ;
event : subscribe ;
tousername : gh_5013f37369ce ;
fromusername : oqCObuMBwmLMcwc0sh6scIEs6u28 ;
createtime : 1450511131 ;
msgtype : event ;
eventkey :  ;

2015-12-19 15:45:30 params :
------------
Array:
rule : -2 ;
module :  ;
message : Array ;

2015-12-19 15:45:30 response :
------------

2015-12-19 15:45:41 trace :
------------
Array:
from : oqCObuG_fO7jvctbw1u4vyohdgTs ;
to : gh_5013f37369ce ;
time : 1450511142 ;
type : event ;
event : subscribe ;
tousername : gh_5013f37369ce ;
fromusername : oqCObuG_fO7jvctbw1u4vyohdgTs ;
createtime : 1450511142 ;
msgtype : event ;
eventkey :  ;

2015-12-19 15:45:41 params :
------------
Array:
rule : -2 ;
module :  ;
message : Array ;

2015-12-19 15:45:41 response :
------------

2015-12-19 15:46:00 trace :
------------
Array:
from : oqCObuKMLtbc9bouHF-t6xdlSlZo ;
to : gh_5013f37369ce ;
time : 1450511159 ;
type : event ;
event : subscribe ;
tousername : gh_5013f37369ce ;
fromusername : oqCObuKMLtbc9bouHF-t6xdlSlZo ;
createtime : 1450511159 ;
msgtype : event ;
eventkey :  ;

2015-12-19 15:46:00 params :
------------
Array:
rule : -2 ;
module :  ;
message : Array ;

2015-12-19 15:46:00 response :
------------

2015-12-19 15:46:53 trace :
------------
Array:
from : oqCObuOA43QqL4dbAsg653eZlXJg ;
to : gh_5013f37369ce ;
time : 1450511214 ;
type : event ;
event : subscribe ;
tousername : gh_5013f37369ce ;
fromusername : oqCObuOA43QqL4dbAsg653eZlXJg ;
createtime : 1450511214 ;
msgtype : event ;
eventkey :  ;

2015-12-19 15:46:53 params :
------------
Array:
rule : -2 ;
module :  ;
message : Array ;

2015-12-19 15:46:53 response :
------------

2015-12-19 15:54:44 trace :
------------
Array:
from : oqCObuPzyqprdHY880bYU4X9tH8Q ;
to : gh_5013f37369ce ;
time : 1450511685 ;
type : event ;
event : subscribe ;
tousername : gh_5013f37369ce ;
fromusername : oqCObuPzyqprdHY880bYU4X9tH8Q ;
createtime : 1450511685 ;
msgtype : event ;
eventkey :  ;

2015-12-19 15:54:44 params :
------------
Array:
rule : -2 ;
module :  ;
message : Array ;

2015-12-19 15:54:44 response :
------------

2015-12-19 16:13:05 trace :
------------
Array:
from : oqCObuPhwqVhLmjK-xMiATQ21pOQ ;
to : gh_5013f37369ce ;
time : 1450512787 ;
type : event ;
event : subscribe ;
tousername : gh_5013f37369ce ;
fromusername : oqCObuPhwqVhLmjK-xMiATQ21pOQ ;
createtime : 1450512787 ;
msgtype : event ;
eventkey :  ;

2015-12-19 16:13:05 params :
------------
Array:
rule : -2 ;
module :  ;
message : Array ;

2015-12-19 16:13:05 response :
------------

2015-12-19 16:16:59 trace :
------------
Array:
from : oqCObuHNg9CUerJ1M2zBJtl2-dEk ;
to : gh_5013f37369ce ;
time : 1450513020 ;
type : event ;
event : subscribe ;
tousername : gh_5013f37369ce ;
fromusername : oqCObuHNg9CUerJ1M2zBJtl2-dEk ;
createtime : 1450513020 ;
msgtype : event ;
eventkey :  ;

2015-12-19 16:16:59 params :
------------
Array:
rule : -2 ;
module :  ;
message : Array ;

2015-12-19 16:16:59 response :
------------

2015-12-19 16:19:01 trace :
------------
Array:
from : oqCObuOs7JjprTa589vsO8r2mzvc ;
to : gh_5013f37369ce ;
time : 1450513143 ;
type : event ;
event : subscribe ;
tousername : gh_5013f37369ce ;
fromusername : oqCObuOs7JjprTa589vsO8r2mzvc ;
createtime : 1450513143 ;
msgtype : event ;
eventkey :  ;

2015-12-19 16:19:01 params :
------------
Array:
rule : -2 ;
module :  ;
message : Array ;

2015-12-19 16:19:01 response :
------------

2015-12-19 16:20:27 trace :
------------
Array:
from : oqCObuIyKr0Ahy4y8KW7HDrukVzQ ;
to : gh_5013f37369ce ;
time : 1450513229 ;
type : event ;
event : subscribe ;
tousername : gh_5013f37369ce ;
fromusername : oqCObuIyKr0Ahy4y8KW7HDrukVzQ ;
createtime : 1450513229 ;
msgtype : event ;
eventkey :  ;

2015-12-19 16:20:27 params :
------------
Array:
rule : -2 ;
module :  ;
message : Array ;

2015-12-19 16:20:27 response :
------------

2015-12-19 16:22:26 trace :
------------
Array:
from : oqCObuEH7rVQIJFKo2IxXpNPVjNQ ;
to : gh_5013f37369ce ;
time : 1450513348 ;
type : event ;
event : subscribe ;
tousername : gh_5013f37369ce ;
fromusername : oqCObuEH7rVQIJFKo2IxXpNPVjNQ ;
createtime : 1450513348 ;
msgtype : event ;
eventkey :  ;

2015-12-19 16:22:26 params :
------------
Array:
rule : -2 ;
module :  ;
message : Array ;

2015-12-19 16:22:26 response :
------------

2015-12-19 16:31:11 trace :
------------
Array:
from : oqCObuAy7O6rpsGqrzkjh8qi5Pzg ;
to : gh_5013f37369ce ;
time : 1450513872 ;
type : event ;
event : subscribe ;
tousername : gh_5013f37369ce ;
fromusername : oqCObuAy7O6rpsGqrzkjh8qi5Pzg ;
createtime : 1450513872 ;
msgtype : event ;
eventkey :  ;

2015-12-19 16:31:11 params :
------------
Array:
rule : -2 ;
module :  ;
message : Array ;

2015-12-19 16:31:11 response :
------------

2015-12-19 16:39:51 trace :
------------
Array:
from : oqCObuNUPk0ao18Tx55WWoww8hYI ;
to : gh_5013f37369ce ;
time : 1450514393 ;
type : event ;
event : subscribe ;
tousername : gh_5013f37369ce ;
fromusername : oqCObuNUPk0ao18Tx55WWoww8hYI ;
createtime : 1450514393 ;
msgtype : event ;
eventkey :  ;

2015-12-19 16:39:51 params :
------------
Array:
rule : -2 ;
module :  ;
message : Array ;

2015-12-19 16:39:51 response :
------------

2015-12-19 16:50:45 trace :
------------
Array:
from : oqCObuAYYxy2rvsLNIT8GcDL024E ;
to : gh_5013f37369ce ;
time : 1450515046 ;
type : event ;
event : subscribe ;
tousername : gh_5013f37369ce ;
fromusername : oqCObuAYYxy2rvsLNIT8GcDL024E ;
createtime : 1450515046 ;
msgtype : event ;
eventkey :  ;

2015-12-19 16:50:45 params :
------------
Array:
rule : -2 ;
module :  ;
message : Array ;

2015-12-19 16:50:45 response :
------------

2015-12-19 16:55:58 trace :
------------
Array:
from : oqCObuAixTJvv7NmGsnxeQDmb90o ;
to : gh_5013f37369ce ;
time : 1450515360 ;
type : event ;
event : subscribe ;
tousername : gh_5013f37369ce ;
fromusername : oqCObuAixTJvv7NmGsnxeQDmb90o ;
createtime : 1450515360 ;
msgtype : event ;
eventkey :  ;

2015-12-19 16:55:58 params :
------------
Array:
rule : -2 ;
module :  ;
message : Array ;

2015-12-19 16:55:58 response :
------------

2015-12-19 16:58:08 trace :
------------
Array:
from : oqCObuOURh7wpSo77O3Q44xcroP8 ;
to : gh_5013f37369ce ;
time : 1450515490 ;
type : event ;
event : subscribe ;
tousername : gh_5013f37369ce ;
fromusername : oqCObuOURh7wpSo77O3Q44xcroP8 ;
createtime : 1450515490 ;
msgtype : event ;
eventkey :  ;

2015-12-19 16:58:08 params :
------------
Array:
rule : -2 ;
module :  ;
message : Array ;

2015-12-19 16:58:08 response :
------------

2015-12-19 17:00:01 trace :
------------
Array:
from : oqCObuEwaLf6s_Ty0UGkkr2mhDUw ;
to : gh_5013f37369ce ;
time : 1450515603 ;
type : event ;
event : subscribe ;
tousername : gh_5013f37369ce ;
fromusername : oqCObuEwaLf6s_Ty0UGkkr2mhDUw ;
createtime : 1450515603 ;
msgtype : event ;
eventkey :  ;

2015-12-19 17:00:01 params :
------------
Array:
rule : -2 ;
module :  ;
message : Array ;

2015-12-19 17:00:01 response :
------------

2015-12-19 17:13:26 trace :
------------
Array:
from : oqCObuPWQ1tpyTzKsMwWKfrWD8VU ;
to : gh_5013f37369ce ;
time : 1450516408 ;
type : event ;
event : subscribe ;
tousername : gh_5013f37369ce ;
fromusername : oqCObuPWQ1tpyTzKsMwWKfrWD8VU ;
createtime : 1450516408 ;
msgtype : event ;
eventkey :  ;

2015-12-19 17:13:26 params :
------------
Array:
rule : -2 ;
module :  ;
message : Array ;

2015-12-19 17:13:26 response :
------------

2015-12-19 17:18:22 trace :
------------
Array:
from : oqCObuLRX25YAcV8ICYNuyLgrn08 ;
to : gh_5013f37369ce ;
time : 1450516704 ;
type : event ;
event : subscribe ;
tousername : gh_5013f37369ce ;
fromusername : oqCObuLRX25YAcV8ICYNuyLgrn08 ;
createtime : 1450516704 ;
msgtype : event ;
eventkey :  ;

2015-12-19 17:18:22 params :
------------
Array:
rule : -2 ;
module :  ;
message : Array ;

2015-12-19 17:18:22 response :
------------

2015-12-19 17:18:40 trace :
------------
Array:
from : oqCObuGYDkyZNhgSjT7D1RC3lG3U ;
to : gh_5013f37369ce ;
time : 1450516722 ;
type : event ;
event : subscribe ;
tousername : gh_5013f37369ce ;
fromusername : oqCObuGYDkyZNhgSjT7D1RC3lG3U ;
createtime : 1450516722 ;
msgtype : event ;
eventkey :  ;

2015-12-19 17:18:40 params :
------------
Array:
rule : -2 ;
module :  ;
message : Array ;

2015-12-19 17:18:40 response :
------------

2015-12-19 17:20:27 trace :
------------
Array:
from : oqCObuJYhPkAkV4QDHniyBQqLef0 ;
to : gh_5013f37369ce ;
time : 1450516829 ;
type : event ;
event : subscribe ;
tousername : gh_5013f37369ce ;
fromusername : oqCObuJYhPkAkV4QDHniyBQqLef0 ;
createtime : 1450516829 ;
msgtype : event ;
eventkey :  ;

2015-12-19 17:20:27 params :
------------
Array:
rule : -2 ;
module :  ;
message : Array ;

2015-12-19 17:20:27 response :
------------

2015-12-19 17:20:40 trace :
------------
Array:
from : oqCObuB_cXosSNKtowVZ6JjJKtwc ;
to : gh_5013f37369ce ;
time : 1450516841 ;
type : event ;
event : subscribe ;
tousername : gh_5013f37369ce ;
fromusername : oqCObuB_cXosSNKtowVZ6JjJKtwc ;
createtime : 1450516841 ;
msgtype : event ;
eventkey :  ;

2015-12-19 17:20:40 params :
------------
Array:
rule : -2 ;
module :  ;
message : Array ;

2015-12-19 17:20:40 response :
------------

2015-12-19 17:24:20 trace :
------------
Array:
from : oqCObuJFAcilRggmd7h1l1u87nI4 ;
to : gh_5013f37369ce ;
time : 1450517062 ;
type : event ;
event : subscribe ;
tousername : gh_5013f37369ce ;
fromusername : oqCObuJFAcilRggmd7h1l1u87nI4 ;
createtime : 1450517062 ;
msgtype : event ;
eventkey :  ;

2015-12-19 17:24:20 params :
------------
Array:
rule : -2 ;
module :  ;
message : Array ;

2015-12-19 17:24:20 response :
------------

2015-12-19 17:26:33 trace :
------------
Array:
from : oqCObuGQsCXDQisnvMUn15exZBKQ ;
to : gh_5013f37369ce ;
time : 1450517194 ;
type : event ;
event : subscribe ;
tousername : gh_5013f37369ce ;
fromusername : oqCObuGQsCXDQisnvMUn15exZBKQ ;
createtime : 1450517194 ;
msgtype : event ;
eventkey :  ;

2015-12-19 17:26:33 params :
------------
Array:
rule : -2 ;
module :  ;
message : Array ;

2015-12-19 17:26:33 response :
------------

2015-12-19 18:26:52 trace :
------------
Array:
from : oqCObuMf9irLaGh3vY2eKz9gmQ-g ;
to : gh_5013f37369ce ;
time : 1450520813 ;
type : event ;
event : subscribe ;
tousername : gh_5013f37369ce ;
fromusername : oqCObuMf9irLaGh3vY2eKz9gmQ-g ;
createtime : 1450520813 ;
msgtype : event ;
eventkey :  ;

2015-12-19 18:26:52 params :
------------
Array:
rule : -2 ;
module :  ;
message : Array ;

2015-12-19 18:26:52 response :
------------

2015-12-19 18:27:46 trace :
------------
Array:
from : oqCObuBjQAxk-EYVKIbLqaKpQc2I ;
to : gh_5013f37369ce ;
time : 1450520868 ;
type : event ;
event : VIEW ;
tousername : gh_5013f37369ce ;
fromusername : oqCObuBjQAxk-EYVKIbLqaKpQc2I ;
createtime : 1450520868 ;
msgtype : event ;
eventkey : http://mp.weixin.qq.com/s?__biz=MzA5MzE5NzExNw==&mid=10001097&idx=1&sn=8338ffe385dcd8dd1f376fc1a2fd50ff&scene=18#rd ;

2015-12-19 18:27:46 params :
------------
Array:
rule : -2 ;
module :  ;
message : Array ;

2015-12-19 18:27:46 response :
------------

2015-12-19 18:27:51 trace :
------------
Array:
from : oqCObuBjQAxk-EYVKIbLqaKpQc2I ;
to : gh_5013f37369ce ;
time : 1450520872 ;
type : event ;
event : VIEW ;
tousername : gh_5013f37369ce ;
fromusername : oqCObuBjQAxk-EYVKIbLqaKpQc2I ;
createtime : 1450520872 ;
msgtype : event ;
eventkey : http://mp.weixin.qq.com/s?__biz=MzA5MzE5NzExNw==&mid=10001097&idx=1&sn=8338ffe385dcd8dd1f376fc1a2fd50ff&scene=18#rd ;

2015-12-19 18:27:51 params :
------------
Array:
rule : -2 ;
module :  ;
message : Array ;

2015-12-19 18:27:51 response :
------------

2015-12-19 18:35:18 trace :
------------
Array:
from : oqCObuMjsXjZswH6n_u4k6s3fy3g ;
to : gh_5013f37369ce ;
time : 1450521319 ;
type : event ;
event : VIEW ;
tousername : gh_5013f37369ce ;
fromusername : oqCObuMjsXjZswH6n_u4k6s3fy3g ;
createtime : 1450521319 ;
msgtype : event ;
eventkey : http://mp.weixin.qq.com/s?__biz=MzA5MzE5NzExNw==&mid=10001097&idx=1&sn=8338ffe385dcd8dd1f376fc1a2fd50ff&scene=18#rd ;

2015-12-19 18:35:18 params :
------------
Array:
rule : -2 ;
module :  ;
message : Array ;

2015-12-19 18:35:18 response :
------------

2015-12-19 18:56:59 trace :
------------
Array:
from : oqCObuJ8C66dlPoqbWORgImLslBg ;
to : gh_5013f37369ce ;
time : 1450522621 ;
type : event ;
event : subscribe ;
tousername : gh_5013f37369ce ;
fromusername : oqCObuJ8C66dlPoqbWORgImLslBg ;
createtime : 1450522621 ;
msgtype : event ;
eventkey :  ;

2015-12-19 18:56:59 params :
------------
Array:
rule : -2 ;
module :  ;
message : Array ;

2015-12-19 18:56:59 response :
------------

2015-12-19 19:00:08 trace :
------------
Array:
from : oqCObuDIjcCyUrJD6QN_jMlf31CQ ;
to : gh_5013f37369ce ;
time : 1450522809 ;
type : event ;
event : subscribe ;
tousername : gh_5013f37369ce ;
fromusername : oqCObuDIjcCyUrJD6QN_jMlf31CQ ;
createtime : 1450522809 ;
msgtype : event ;
eventkey :  ;

2015-12-19 19:00:08 params :
------------
Array:
rule : -2 ;
module :  ;
message : Array ;

2015-12-19 19:00:08 response :
------------

2015-12-19 19:01:50 trace :
------------
Array:
from : oqCObuFMW1BseyncrwjrmWCiZB6I ;
to : gh_5013f37369ce ;
time : 1450522912 ;
type : event ;
event : subscribe ;
tousername : gh_5013f37369ce ;
fromusername : oqCObuFMW1BseyncrwjrmWCiZB6I ;
createtime : 1450522912 ;
msgtype : event ;
eventkey :  ;

2015-12-19 19:01:50 params :
------------
Array:
rule : -2 ;
module :  ;
message : Array ;

2015-12-19 19:01:50 response :
------------

2015-12-19 19:51:38 trace :
------------
Array:
from : oqCObuGQc87aUfBiDnBzKNF-LtvM ;
to : gh_5013f37369ce ;
time : 1450525897 ;
type : event ;
event : subscribe ;
tousername : gh_5013f37369ce ;
fromusername : oqCObuGQc87aUfBiDnBzKNF-LtvM ;
createtime : 1450525897 ;
msgtype : event ;
eventkey :  ;

2015-12-19 19:51:38 params :
------------
Array:
rule : -2 ;
module :  ;
message : Array ;

2015-12-19 19:51:38 response :
------------

2015-12-19 19:54:44 trace :
------------
Array:
from : oqCObuNnwgGOmqX3EY06eU9t6T-0 ;
to : gh_5013f37369ce ;
time : 1450526083 ;
type : event ;
event : subscribe ;
tousername : gh_5013f37369ce ;
fromusername : oqCObuNnwgGOmqX3EY06eU9t6T-0 ;
createtime : 1450526083 ;
msgtype : event ;
eventkey :  ;

2015-12-19 19:54:44 params :
------------
Array:
rule : -2 ;
module :  ;
message : Array ;

2015-12-19 19:54:44 response :
------------

2015-12-19 20:09:46 trace :
------------
Array:
from : oqCObuCm1pvLY1dpiUcBlf2bsoqA ;
to : gh_5013f37369ce ;
time : 1450526984 ;
type : event ;
event : subscribe ;
tousername : gh_5013f37369ce ;
fromusername : oqCObuCm1pvLY1dpiUcBlf2bsoqA ;
createtime : 1450526984 ;
msgtype : event ;
eventkey :  ;

2015-12-19 20:09:46 params :
------------
Array:
rule : -2 ;
module :  ;
message : Array ;

2015-12-19 20:09:46 response :
------------

2015-12-19 20:16:41 trace :
------------
Array:
from : oqCObuBYpo6UlzWNbDkICySe7tEU ;
to : gh_5013f37369ce ;
time : 1450527403 ;
type : event ;
event : VIEW ;
tousername : gh_5013f37369ce ;
fromusername : oqCObuBYpo6UlzWNbDkICySe7tEU ;
createtime : 1450527403 ;
msgtype : event ;
eventkey : http://mp.weixin.qq.com/s?__biz=MzA5MzE5NzExNw==&mid=10001097&idx=1&sn=8338ffe385dcd8dd1f376fc1a2fd50ff&scene=18#rd ;

2015-12-19 20:16:41 params :
------------
Array:
rule : -2 ;
module :  ;
message : Array ;

2015-12-19 20:16:41 response :
------------

2015-12-19 20:16:44 trace :
------------
Array:
from : oqCObuBYpo6UlzWNbDkICySe7tEU ;
to : gh_5013f37369ce ;
time : 1450527406 ;
type : event ;
event : VIEW ;
tousername : gh_5013f37369ce ;
fromusername : oqCObuBYpo6UlzWNbDkICySe7tEU ;
createtime : 1450527406 ;
msgtype : event ;
eventkey : http://mp.weixin.qq.com/s?__biz=MzA5MzE5NzExNw==&mid=10001097&idx=1&sn=8338ffe385dcd8dd1f376fc1a2fd50ff&scene=18#rd ;

2015-12-19 20:16:44 params :
------------
Array:
rule : -2 ;
module :  ;
message : Array ;

2015-12-19 20:16:44 response :
------------

2015-12-19 20:16:58 trace :
------------
Array:
from : oqCObuBYpo6UlzWNbDkICySe7tEU ;
to : gh_5013f37369ce ;
time : 1450527419 ;
type : event ;
event : VIEW ;
tousername : gh_5013f37369ce ;
fromusername : oqCObuBYpo6UlzWNbDkICySe7tEU ;
createtime : 1450527419 ;
msgtype : event ;
eventkey : http://mp.weixin.qq.com/s?__biz=MzA5MzE5NzExNw==&mid=10001097&idx=1&sn=8338ffe385dcd8dd1f376fc1a2fd50ff&scene=18#rd ;

2015-12-19 20:16:58 params :
------------
Array:
rule : -2 ;
module :  ;
message : Array ;

2015-12-19 20:16:58 response :
------------

2015-12-19 20:48:52 trace :
------------
Array:
from : oqCObuE5er0Y-1x2L9_XAuA8l6CU ;
to : gh_5013f37369ce ;
time : 1450529333 ;
type : event ;
event : subscribe ;
tousername : gh_5013f37369ce ;
fromusername : oqCObuE5er0Y-1x2L9_XAuA8l6CU ;
createtime : 1450529333 ;
msgtype : event ;
eventkey :  ;

2015-12-19 20:48:52 params :
------------
Array:
rule : -2 ;
module :  ;
message : Array ;

2015-12-19 20:48:52 response :
------------

2015-12-19 20:51:58 trace :
------------
Array:
from : oqCObuBYpo6UlzWNbDkICySe7tEU ;
to : gh_5013f37369ce ;
time : 1450529516 ;
type : event ;
event : VIEW ;
tousername : gh_5013f37369ce ;
fromusername : oqCObuBYpo6UlzWNbDkICySe7tEU ;
createtime : 1450529516 ;
msgtype : event ;
eventkey : http://mp.weixin.qq.com/s?__biz=MzA5MzE5NzExNw==&mid=10001097&idx=1&sn=8338ffe385dcd8dd1f376fc1a2fd50ff&scene=18#rd ;

2015-12-19 20:51:58 params :
------------
Array:
rule : -2 ;
module :  ;
message : Array ;

2015-12-19 20:51:58 response :
------------

2015-12-19 20:55:31 trace :
------------
Array:
from : oqCObuA4vvCSDdbLtKHZlxJcCNwQ ;
to : gh_5013f37369ce ;
time : 1450529733 ;
type : event ;
event : subscribe ;
tousername : gh_5013f37369ce ;
fromusername : oqCObuA4vvCSDdbLtKHZlxJcCNwQ ;
createtime : 1450529733 ;
msgtype : event ;
eventkey :  ;

2015-12-19 20:55:31 params :
------------
Array:
rule : -2 ;
module :  ;
message : Array ;

2015-12-19 20:55:31 response :
------------

2015-12-19 20:57:53 trace :
------------
Array:
from : oqCObuN7hA5XePeC2N_DEy7LlK94 ;
to : gh_5013f37369ce ;
time : 1450529875 ;
type : event ;
event : VIEW ;
tousername : gh_5013f37369ce ;
fromusername : oqCObuN7hA5XePeC2N_DEy7LlK94 ;
createtime : 1450529875 ;
msgtype : event ;
eventkey : http://mp.weixin.qq.com/s?__biz=MzA5MzE5NzExNw==&mid=10001097&idx=1&sn=8338ffe385dcd8dd1f376fc1a2fd50ff&scene=18#rd ;

2015-12-19 20:57:53 params :
------------
Array:
rule : -2 ;
module :  ;
message : Array ;

2015-12-19 20:57:53 response :
------------

2015-12-19 20:58:13 trace :
------------
Array:
from : oqCObuN7hA5XePeC2N_DEy7LlK94 ;
to : gh_5013f37369ce ;
time : 1450529895 ;
type : event ;
event : VIEW ;
tousername : gh_5013f37369ce ;
fromusername : oqCObuN7hA5XePeC2N_DEy7LlK94 ;
createtime : 1450529895 ;
msgtype : event ;
eventkey : http://mp.weixin.qq.com/s?__biz=MzA5MzE5NzExNw==&mid=10001097&idx=1&sn=8338ffe385dcd8dd1f376fc1a2fd50ff&scene=18#rd ;

2015-12-19 20:58:13 params :
------------
Array:
rule : -2 ;
module :  ;
message : Array ;

2015-12-19 20:58:13 response :
------------

2015-12-19 20:58:20 trace :
------------
Array:
from : oqCObuN7hA5XePeC2N_DEy7LlK94 ;
to : gh_5013f37369ce ;
time : 1450529902 ;
type : event ;
event : VIEW ;
tousername : gh_5013f37369ce ;
fromusername : oqCObuN7hA5XePeC2N_DEy7LlK94 ;
createtime : 1450529902 ;
msgtype : event ;
eventkey : http://mp.weixin.qq.com/s?__biz=MzA5MzE5NzExNw==&mid=10001097&idx=1&sn=8338ffe385dcd8dd1f376fc1a2fd50ff&scene=18#rd ;

2015-12-19 20:58:20 params :
------------
Array:
rule : -2 ;
module :  ;
message : Array ;

2015-12-19 20:58:20 response :
------------

2015-12-19 21:01:26 trace :
------------
Array:
from : oqCObuN7hA5XePeC2N_DEy7LlK94 ;
to : gh_5013f37369ce ;
time : 1450530088 ;
type : event ;
event : VIEW ;
tousername : gh_5013f37369ce ;
fromusername : oqCObuN7hA5XePeC2N_DEy7LlK94 ;
createtime : 1450530088 ;
msgtype : event ;
eventkey : http://mp.weixin.qq.com/s?__biz=MzA5MzE5NzExNw==&mid=10001097&idx=1&sn=8338ffe385dcd8dd1f376fc1a2fd50ff&scene=18#rd ;

2015-12-19 21:01:26 params :
------------
Array:
rule : -2 ;
module :  ;
message : Array ;

2015-12-19 21:01:26 response :
------------

2015-12-19 21:01:32 trace :
------------
Array:
from : oqCObuN7hA5XePeC2N_DEy7LlK94 ;
to : gh_5013f37369ce ;
time : 1450530094 ;
type : event ;
event : VIEW ;
tousername : gh_5013f37369ce ;
fromusername : oqCObuN7hA5XePeC2N_DEy7LlK94 ;
createtime : 1450530094 ;
msgtype : event ;
eventkey : http://mp.weixin.qq.com/s?__biz=MzA5MzE5NzExNw==&mid=10001097&idx=1&sn=8338ffe385dcd8dd1f376fc1a2fd50ff&scene=18#rd ;

2015-12-19 21:01:32 params :
------------
Array:
rule : -2 ;
module :  ;
message : Array ;

2015-12-19 21:01:32 response :
------------

2015-12-19 21:01:59 trace :
------------
Array:
from : oqCObuN7hA5XePeC2N_DEy7LlK94 ;
to : gh_5013f37369ce ;
time : 1450530118 ;
type : event ;
event : VIEW ;
tousername : gh_5013f37369ce ;
fromusername : oqCObuN7hA5XePeC2N_DEy7LlK94 ;
createtime : 1450530118 ;
msgtype : event ;
eventkey : http://mp.weixin.qq.com/s?__biz=MzA5MzE5NzExNw==&mid=10001097&idx=1&sn=8338ffe385dcd8dd1f376fc1a2fd50ff&scene=18#rd ;

2015-12-19 21:01:59 params :
------------
Array:
rule : -2 ;
module :  ;
message : Array ;

2015-12-19 21:01:59 response :
------------

2015-12-19 21:17:19 trace :
------------
Array:
from : oqCObuI2xPRqmOlvsh3eSpgtbgGQ ;
to : gh_5013f37369ce ;
time : 1450531040 ;
type : event ;
event : subscribe ;
tousername : gh_5013f37369ce ;
fromusername : oqCObuI2xPRqmOlvsh3eSpgtbgGQ ;
createtime : 1450531040 ;
msgtype : event ;
eventkey :  ;

2015-12-19 21:17:19 params :
------------
Array:
rule : -2 ;
module :  ;
message : Array ;

2015-12-19 21:17:19 response :
------------

2015-12-19 21:30:30 trace :
------------
Array:
from : oqCObuFf1qUOAoMLraQkzK3LfuZ0 ;
to : gh_5013f37369ce ;
time : 1450531832 ;
type : event ;
event : subscribe ;
tousername : gh_5013f37369ce ;
fromusername : oqCObuFf1qUOAoMLraQkzK3LfuZ0 ;
createtime : 1450531832 ;
msgtype : event ;
eventkey :  ;

2015-12-19 21:30:30 params :
------------
Array:
rule : -2 ;
module :  ;
message : Array ;

2015-12-19 21:30:30 response :
------------

2015-12-19 21:32:10 trace :
------------
Array:
from : oqCObuJUrN7wQDsbl3UZwEBEleG4 ;
to : gh_5013f37369ce ;
time : 1450531932 ;
type : event ;
event : subscribe ;
tousername : gh_5013f37369ce ;
fromusername : oqCObuJUrN7wQDsbl3UZwEBEleG4 ;
createtime : 1450531932 ;
msgtype : event ;
eventkey :  ;

2015-12-19 21:32:10 params :
------------
Array:
rule : -2 ;
module :  ;
message : Array ;

2015-12-19 21:32:10 response :
------------

2015-12-19 21:46:13 trace :
------------
Array:
from : oqCObuFaHUNjdUYP4s_9wPqgSh5U ;
to : gh_5013f37369ce ;
time : 1450532775 ;
type : event ;
event : subscribe ;
tousername : gh_5013f37369ce ;
fromusername : oqCObuFaHUNjdUYP4s_9wPqgSh5U ;
createtime : 1450532775 ;
msgtype : event ;
eventkey :  ;

2015-12-19 21:46:13 params :
------------
Array:
rule : -2 ;
module :  ;
message : Array ;

2015-12-19 21:46:13 response :
------------

2015-12-19 21:52:21 trace :
------------
Array:
from : oqCObuFSmEgbuJwqftpKsWMETSSo ;
to : gh_5013f37369ce ;
time : 1450533142 ;
type : event ;
event : VIEW ;
tousername : gh_5013f37369ce ;
fromusername : oqCObuFSmEgbuJwqftpKsWMETSSo ;
createtime : 1450533142 ;
msgtype : event ;
eventkey : http://mp.weixin.qq.com/s?__biz=MzA5MzE5NzExNw==&mid=10001097&idx=1&sn=8338ffe385dcd8dd1f376fc1a2fd50ff&scene=18#rd ;

2015-12-19 21:52:21 params :
------------
Array:
rule : -2 ;
module :  ;
message : Array ;

2015-12-19 21:52:21 response :
------------

2015-12-19 22:07:23 trace :
------------
Array:
from : oqCObuP2ARiY5uMAPsVe_1Jr6bBU ;
to : gh_5013f37369ce ;
time : 1450534045 ;
type : event ;
event : VIEW ;
tousername : gh_5013f37369ce ;
fromusername : oqCObuP2ARiY5uMAPsVe_1Jr6bBU ;
createtime : 1450534045 ;
msgtype : event ;
eventkey : http://mp.weixin.qq.com/s?__biz=MzA5MzE5NzExNw==&mid=10001097&idx=1&sn=8338ffe385dcd8dd1f376fc1a2fd50ff&scene=18#rd ;

2015-12-19 22:07:23 params :
------------
Array:
rule : -2 ;
module :  ;
message : Array ;

2015-12-19 22:07:23 response :
------------

2015-12-19 22:08:04 trace :
------------
Array:
from : oqCObuCJ6BKtamXeuSFoW7eAiQmM ;
to : gh_5013f37369ce ;
time : 1450534085 ;
type : event ;
event : subscribe ;
tousername : gh_5013f37369ce ;
fromusername : oqCObuCJ6BKtamXeuSFoW7eAiQmM ;
createtime : 1450534085 ;
msgtype : event ;
eventkey :  ;

2015-12-19 22:08:04 params :
------------
Array:
rule : -2 ;
module :  ;
message : Array ;

2015-12-19 22:08:04 response :
------------

2015-12-19 22:10:37 trace :
------------
Array:
from : oqCObuP2ARiY5uMAPsVe_1Jr6bBU ;
to : gh_5013f37369ce ;
time : 1450534235 ;
type : event ;
event : VIEW ;
tousername : gh_5013f37369ce ;
fromusername : oqCObuP2ARiY5uMAPsVe_1Jr6bBU ;
createtime : 1450534235 ;
msgtype : event ;
eventkey : http://mp.weixin.qq.com/s?__biz=MzA5MzE5NzExNw==&mid=10001097&idx=1&sn=8338ffe385dcd8dd1f376fc1a2fd50ff&scene=18#rd ;

2015-12-19 22:10:37 params :
------------
Array:
rule : -2 ;
module :  ;
message : Array ;

2015-12-19 22:10:37 response :
------------

2015-12-19 22:10:39 trace :
------------
Array:
from : oqCObuP2ARiY5uMAPsVe_1Jr6bBU ;
to : gh_5013f37369ce ;
time : 1450534240 ;
type : event ;
event : VIEW ;
tousername : gh_5013f37369ce ;
fromusername : oqCObuP2ARiY5uMAPsVe_1Jr6bBU ;
createtime : 1450534240 ;
msgtype : event ;
eventkey : http://mp.weixin.qq.com/s?__biz=MzA5MzE5NzExNw==&mid=10001097&idx=1&sn=8338ffe385dcd8dd1f376fc1a2fd50ff&scene=18#rd ;

2015-12-19 22:10:39 params :
------------
Array:
rule : -2 ;
module :  ;
message : Array ;

2015-12-19 22:10:39 response :
------------

2015-12-19 22:11:46 trace :
------------
Array:
from : oqCObuP2ARiY5uMAPsVe_1Jr6bBU ;
to : gh_5013f37369ce ;
time : 1450534307 ;
type : event ;
event : VIEW ;
tousername : gh_5013f37369ce ;
fromusername : oqCObuP2ARiY5uMAPsVe_1Jr6bBU ;
createtime : 1450534307 ;
msgtype : event ;
eventkey : http://mp.weixin.qq.com/s?__biz=MzA5MzE5NzExNw==&mid=10001097&idx=1&sn=8338ffe385dcd8dd1f376fc1a2fd50ff&scene=18#rd ;

2015-12-19 22:11:46 params :
------------
Array:
rule : -2 ;
module :  ;
message : Array ;

2015-12-19 22:11:46 response :
------------

2015-12-19 22:12:01 trace :
------------
Array:
from : oqCObuP2ARiY5uMAPsVe_1Jr6bBU ;
to : gh_5013f37369ce ;
time : 1450534323 ;
type : event ;
event : VIEW ;
tousername : gh_5013f37369ce ;
fromusername : oqCObuP2ARiY5uMAPsVe_1Jr6bBU ;
createtime : 1450534323 ;
msgtype : event ;
eventkey : http://mp.weixin.qq.com/s?__biz=MzA5MzE5NzExNw==&mid=10001097&idx=1&sn=8338ffe385dcd8dd1f376fc1a2fd50ff&scene=18#rd ;

2015-12-19 22:12:01 params :
------------
Array:
rule : -2 ;
module :  ;
message : Array ;

2015-12-19 22:12:01 response :
------------

2015-12-19 22:46:40 trace :
------------
Array:
from : oqCObuAjnm83yGkNBrTSkiRupn8g ;
to : gh_5013f37369ce ;
time : 1450536402 ;
type : event ;
event : VIEW ;
tousername : gh_5013f37369ce ;
fromusername : oqCObuAjnm83yGkNBrTSkiRupn8g ;
createtime : 1450536402 ;
msgtype : event ;
eventkey : http://mp.weixin.qq.com/s?__biz=MzA5MzE5NzExNw==&mid=10001097&idx=1&sn=8338ffe385dcd8dd1f376fc1a2fd50ff&scene=18#rd ;

2015-12-19 22:46:40 params :
------------
Array:
rule : -2 ;
module :  ;
message : Array ;

2015-12-19 22:46:40 response :
------------

2015-12-19 22:47:50 trace :
------------
Array:
from : oqCObuAjnm83yGkNBrTSkiRupn8g ;
to : gh_5013f37369ce ;
time : 1450536471 ;
type : event ;
event : VIEW ;
tousername : gh_5013f37369ce ;
fromusername : oqCObuAjnm83yGkNBrTSkiRupn8g ;
createtime : 1450536471 ;
msgtype : event ;
eventkey : http://mp.weixin.qq.com/s?__biz=MzA5MzE5NzExNw==&mid=10001097&idx=1&sn=8338ffe385dcd8dd1f376fc1a2fd50ff&scene=18#rd ;

2015-12-19 22:47:50 params :
------------
Array:
rule : -2 ;
module :  ;
message : Array ;

2015-12-19 22:47:50 response :
------------

2015-12-19 22:47:53 trace :
------------
Array:
from : oqCObuAjnm83yGkNBrTSkiRupn8g ;
to : gh_5013f37369ce ;
time : 1450536475 ;
type : event ;
event : VIEW ;
tousername : gh_5013f37369ce ;
fromusername : oqCObuAjnm83yGkNBrTSkiRupn8g ;
createtime : 1450536475 ;
msgtype : event ;
eventkey : http://mp.weixin.qq.com/s?__biz=MzA5MzE5NzExNw==&mid=10001097&idx=1&sn=8338ffe385dcd8dd1f376fc1a2fd50ff&scene=18#rd ;

2015-12-19 22:47:53 params :
------------
Array:
rule : -2 ;
module :  ;
message : Array ;

2015-12-19 22:47:53 response :
------------

2015-12-19 22:47:57 trace :
------------
Array:
from : oqCObuAjnm83yGkNBrTSkiRupn8g ;
to : gh_5013f37369ce ;
time : 1450536478 ;
type : event ;
event : VIEW ;
tousername : gh_5013f37369ce ;
fromusername : oqCObuAjnm83yGkNBrTSkiRupn8g ;
createtime : 1450536478 ;
msgtype : event ;
eventkey : http://mp.weixin.qq.com/s?__biz=MzA5MzE5NzExNw==&mid=10001097&idx=1&sn=8338ffe385dcd8dd1f376fc1a2fd50ff&scene=18#rd ;

2015-12-19 22:47:57 params :
------------
Array:
rule : -2 ;
module :  ;
message : Array ;

2015-12-19 22:47:57 response :
------------

2015-12-19 22:49:18 trace :
------------
Array:
from : oqCObuAjnm83yGkNBrTSkiRupn8g ;
to : gh_5013f37369ce ;
time : 1450536559 ;
type : event ;
event : VIEW ;
tousername : gh_5013f37369ce ;
fromusername : oqCObuAjnm83yGkNBrTSkiRupn8g ;
createtime : 1450536559 ;
msgtype : event ;
eventkey : http://mp.weixin.qq.com/s?__biz=MzA5MzE5NzExNw==&mid=10001097&idx=1&sn=8338ffe385dcd8dd1f376fc1a2fd50ff&scene=18#rd ;

2015-12-19 22:49:18 params :
------------
Array:
rule : -2 ;
module :  ;
message : Array ;

2015-12-19 22:49:18 response :
------------

2015-12-19 22:49:42 trace :
------------
Array:
from : oqCObuAjnm83yGkNBrTSkiRupn8g ;
to : gh_5013f37369ce ;
time : 1450536584 ;
type : event ;
event : VIEW ;
tousername : gh_5013f37369ce ;
fromusername : oqCObuAjnm83yGkNBrTSkiRupn8g ;
createtime : 1450536584 ;
msgtype : event ;
eventkey : http://mp.weixin.qq.com/s?__biz=MzA5MzE5NzExNw==&mid=10001097&idx=1&sn=8338ffe385dcd8dd1f376fc1a2fd50ff&scene=18#rd ;

2015-12-19 22:49:42 params :
------------
Array:
rule : -2 ;
module :  ;
message : Array ;

2015-12-19 22:49:42 response :
------------

2015-12-19 22:51:05 trace :
------------
Array:
from : oqCObuAjnm83yGkNBrTSkiRupn8g ;
to : gh_5013f37369ce ;
time : 1450536667 ;
type : event ;
event : VIEW ;
tousername : gh_5013f37369ce ;
fromusername : oqCObuAjnm83yGkNBrTSkiRupn8g ;
createtime : 1450536667 ;
msgtype : event ;
eventkey : http://mp.weixin.qq.com/s?__biz=MzA5MzE5NzExNw==&mid=10001097&idx=1&sn=8338ffe385dcd8dd1f376fc1a2fd50ff&scene=18#rd ;

2015-12-19 22:51:05 params :
------------
Array:
rule : -2 ;
module :  ;
message : Array ;

2015-12-19 22:51:05 response :
------------

2015-12-19 22:51:15 trace :
------------
Array:
from : oqCObuAjnm83yGkNBrTSkiRupn8g ;
to : gh_5013f37369ce ;
time : 1450536676 ;
type : event ;
event : VIEW ;
tousername : gh_5013f37369ce ;
fromusername : oqCObuAjnm83yGkNBrTSkiRupn8g ;
createtime : 1450536676 ;
msgtype : event ;
eventkey : http://mp.weixin.qq.com/s?__biz=MzA5MzE5NzExNw==&mid=10001097&idx=1&sn=8338ffe385dcd8dd1f376fc1a2fd50ff&scene=18#rd ;

2015-12-19 22:51:15 params :
------------
Array:
rule : -2 ;
module :  ;
message : Array ;

2015-12-19 22:51:15 response :
------------

2015-12-19 22:56:45 trace :
------------
Array:
from : oqCObuKTDJrbVO8_u-__yo8qJnio ;
to : gh_5013f37369ce ;
time : 1450537007 ;
type : event ;
event : subscribe ;
tousername : gh_5013f37369ce ;
fromusername : oqCObuKTDJrbVO8_u-__yo8qJnio ;
createtime : 1450537007 ;
msgtype : event ;
eventkey :  ;

2015-12-19 22:56:45 params :
------------
Array:
rule : -2 ;
module :  ;
message : Array ;

2015-12-19 22:56:45 response :
------------

2015-12-19 23:05:08 trace :
------------
Array:
from : oqCObuKTDJrbVO8_u-__yo8qJnio ;
to : gh_5013f37369ce ;
time : 1450537510 ;
type : event ;
event : VIEW ;
tousername : gh_5013f37369ce ;
fromusername : oqCObuKTDJrbVO8_u-__yo8qJnio ;
createtime : 1450537510 ;
msgtype : event ;
eventkey : http://mp.weixin.qq.com/s?__biz=MzA5MzE5NzExNw==&mid=10001097&idx=1&sn=8338ffe385dcd8dd1f376fc1a2fd50ff&scene=18#rd ;

2015-12-19 23:05:08 params :
------------
Array:
rule : -2 ;
module :  ;
message : Array ;

2015-12-19 23:05:08 response :
------------

2015-12-19 23:14:15 trace :
------------
Array:
from : oqCObuLyXb6AXzEOod6LBvl6HMi4 ;
to : gh_5013f37369ce ;
time : 1450538056 ;
type : event ;
event : subscribe ;
tousername : gh_5013f37369ce ;
fromusername : oqCObuLyXb6AXzEOod6LBvl6HMi4 ;
createtime : 1450538056 ;
msgtype : event ;
eventkey :  ;

2015-12-19 23:14:15 params :
------------
Array:
rule : -2 ;
module :  ;
message : Array ;

2015-12-19 23:14:15 response :
------------

2015-12-19 23:39:42 trace :
------------
Array:
from : oqCObuDh6oh1KDTrjUOcTIoxBhS0 ;
to : gh_5013f37369ce ;
time : 1450539581 ;
type : event ;
event : VIEW ;
tousername : gh_5013f37369ce ;
fromusername : oqCObuDh6oh1KDTrjUOcTIoxBhS0 ;
createtime : 1450539581 ;
msgtype : event ;
eventkey : http://mp.weixin.qq.com/s?__biz=MzA5MzE5NzExNw==&mid=10001097&idx=1&sn=8338ffe385dcd8dd1f376fc1a2fd50ff&scene=18#rd ;

2015-12-19 23:39:42 params :
------------
Array:
rule : -2 ;
module :  ;
message : Array ;

2015-12-19 23:39:42 response :
------------

