2015-12-17 08:05:00 trace :
------------
Array:
from : oqCObuL4RJZSaZpoMzN7CVuALJVI ;
to : gh_5013f37369ce ;
time : 1450310703 ;
type : event ;
event : VIEW ;
tousername : gh_5013f37369ce ;
fromusername : oqCObuL4RJZSaZpoMzN7CVuALJVI ;
createtime : 1450310703 ;
msgtype : event ;
eventkey : http://mp.weixin.qq.com/s?__biz=MzA5MzE5NzExNw==&mid=10001097&idx=1&sn=8338ffe385dcd8dd1f376fc1a2fd50ff&scene=18#rd ;

2015-12-17 08:05:00 params :
------------
Array:
rule : -2 ;
module :  ;
message : Array ;

2015-12-17 08:05:00 response :
------------

2015-12-17 08:05:17 trace :
------------
Array:
from : oqCObuL4RJZSaZpoMzN7CVuALJVI ;
to : gh_5013f37369ce ;
time : 1450310721 ;
type : event ;
event : VIEW ;
tousername : gh_5013f37369ce ;
fromusername : oqCObuL4RJZSaZpoMzN7CVuALJVI ;
createtime : 1450310721 ;
msgtype : event ;
eventkey : http://mp.weixin.qq.com/s?__biz=MzA5MzE5NzExNw==&mid=10001097&idx=1&sn=8338ffe385dcd8dd1f376fc1a2fd50ff&scene=18#rd ;

2015-12-17 08:05:17 params :
------------
Array:
rule : -2 ;
module :  ;
message : Array ;

2015-12-17 08:05:17 response :
------------

2015-12-17 10:45:12 trace :
------------
Array:
from : oqCObuAPP3UJyXaPDuTBt2KrDXeY ;
to : gh_5013f37369ce ;
time : 1450320313 ;
type : event ;
event : VIEW ;
tousername : gh_5013f37369ce ;
fromusername : oqCObuAPP3UJyXaPDuTBt2KrDXeY ;
createtime : 1450320313 ;
msgtype : event ;
eventkey : http://mp.weixin.qq.com/s?__biz=MzA5MzE5NzExNw==&mid=10001097&idx=1&sn=8338ffe385dcd8dd1f376fc1a2fd50ff&scene=18#rd ;

2015-12-17 10:45:12 params :
------------
Array:
rule : -2 ;
module :  ;
message : Array ;

2015-12-17 10:45:12 response :
------------

2015-12-17 10:50:11 trace :
------------
Array:
from : oqCObuAPP3UJyXaPDuTBt2KrDXeY ;
to : gh_5013f37369ce ;
time : 1450320615 ;
type : event ;
event : VIEW ;
tousername : gh_5013f37369ce ;
fromusername : oqCObuAPP3UJyXaPDuTBt2KrDXeY ;
createtime : 1450320615 ;
msgtype : event ;
eventkey : http://mp.weixin.qq.com/s?__biz=MzA5MzE5NzExNw==&mid=10001097&idx=1&sn=8338ffe385dcd8dd1f376fc1a2fd50ff&scene=18#rd ;

2015-12-17 10:50:11 params :
------------
Array:
rule : -2 ;
module :  ;
message : Array ;

2015-12-17 10:50:11 response :
------------

2015-12-17 10:53:33 trace :
------------
Array:
from : oqCObuFuWh-YRmyzBwWb3Obbrcos ;
to : gh_5013f37369ce ;
time : 1450320817 ;
type : event ;
event : subscribe ;
tousername : gh_5013f37369ce ;
fromusername : oqCObuFuWh-YRmyzBwWb3Obbrcos ;
createtime : 1450320817 ;
msgtype : event ;
eventkey :  ;

2015-12-17 10:53:33 params :
------------
Array:
rule : -2 ;
module :  ;
message : Array ;

2015-12-17 10:53:33 response :
------------

2015-12-17 10:53:50 trace :
------------
Array:
from : oqCObuFuWh-YRmyzBwWb3Obbrcos ;
to : gh_5013f37369ce ;
time : 1450320833 ;
type : event ;
event : VIEW ;
tousername : gh_5013f37369ce ;
fromusername : oqCObuFuWh-YRmyzBwWb3Obbrcos ;
createtime : 1450320833 ;
msgtype : event ;
eventkey : http://mp.weixin.qq.com/s?__biz=MzA5MzE5NzExNw==&mid=10001097&idx=1&sn=8338ffe385dcd8dd1f376fc1a2fd50ff&scene=18#rd ;

2015-12-17 10:53:50 params :
------------
Array:
rule : -2 ;
module :  ;
message : Array ;

2015-12-17 10:53:50 response :
------------

2015-12-17 10:54:34 trace :
------------
Array:
from : oqCObuFuWh-YRmyzBwWb3Obbrcos ;
to : gh_5013f37369ce ;
time : 1450320878 ;
type : event ;
event : VIEW ;
tousername : gh_5013f37369ce ;
fromusername : oqCObuFuWh-YRmyzBwWb3Obbrcos ;
createtime : 1450320878 ;
msgtype : event ;
eventkey : http://mp.weixin.qq.com/s?__biz=MzA5MzE5NzExNw==&mid=10001097&idx=1&sn=8338ffe385dcd8dd1f376fc1a2fd50ff&scene=18#rd ;

2015-12-17 10:54:34 params :
------------
Array:
rule : -2 ;
module :  ;
message : Array ;

2015-12-17 10:54:34 response :
------------

2015-12-17 11:30:19 trace :
------------
Array:
from : oqCObuF0lW9hpdXteS-GXdNvM_XM ;
to : gh_5013f37369ce ;
time : 1450323023 ;
type : event ;
event : subscribe ;
tousername : gh_5013f37369ce ;
fromusername : oqCObuF0lW9hpdXteS-GXdNvM_XM ;
createtime : 1450323023 ;
msgtype : event ;
eventkey :  ;

2015-12-17 11:30:19 params :
------------
Array:
rule : -2 ;
module :  ;
message : Array ;

2015-12-17 11:30:19 response :
------------

2015-12-17 11:43:20 trace :
------------
Array:
from : oqCObuKgUgB274yLL2txzTZZPno8 ;
to : gh_5013f37369ce ;
time : 1450323804 ;
type : event ;
event : subscribe ;
tousername : gh_5013f37369ce ;
fromusername : oqCObuKgUgB274yLL2txzTZZPno8 ;
createtime : 1450323804 ;
msgtype : event ;
eventkey :  ;

2015-12-17 11:43:20 params :
------------
Array:
rule : -2 ;
module :  ;
message : Array ;

2015-12-17 11:43:20 response :
------------

2015-12-17 11:52:59 trace :
------------
Array:
from : oqCObuIr1IAL21wR7ecElWF8cfr4 ;
to : gh_5013f37369ce ;
time : 1450324380 ;
type : event ;
event : subscribe ;
tousername : gh_5013f37369ce ;
fromusername : oqCObuIr1IAL21wR7ecElWF8cfr4 ;
createtime : 1450324380 ;
msgtype : event ;
eventkey :  ;

2015-12-17 11:52:59 params :
------------
Array:
rule : -2 ;
module :  ;
message : Array ;

2015-12-17 11:52:59 response :
------------

2015-12-17 12:26:33 trace :
------------
Array:
from : oqCObuLghB1v5hHLU1KPz5TPiGWY ;
to : gh_5013f37369ce ;
time : 1450326393 ;
type : event ;
event : subscribe ;
tousername : gh_5013f37369ce ;
fromusername : oqCObuLghB1v5hHLU1KPz5TPiGWY ;
createtime : 1450326393 ;
msgtype : event ;
eventkey :  ;

2015-12-17 12:26:33 params :
------------
Array:
rule : -2 ;
module :  ;
message : Array ;

2015-12-17 12:26:33 response :
------------

2015-12-17 12:32:21 trace :
------------
Array:
from : oqCObuFwbUGamDfQxzk4OVEJrpSM ;
to : gh_5013f37369ce ;
time : 1450326745 ;
type : event ;
event : subscribe ;
tousername : gh_5013f37369ce ;
fromusername : oqCObuFwbUGamDfQxzk4OVEJrpSM ;
createtime : 1450326745 ;
msgtype : event ;
eventkey :  ;

2015-12-17 12:32:21 params :
------------
Array:
rule : -2 ;
module :  ;
message : Array ;

2015-12-17 12:32:21 response :
------------

2015-12-17 12:54:41 trace :
------------
Array:
from : oqCObuN0mmG7ZSc1up-wpDWQYh7U ;
to : gh_5013f37369ce ;
time : 1450328082 ;
type : event ;
event : VIEW ;
tousername : gh_5013f37369ce ;
fromusername : oqCObuN0mmG7ZSc1up-wpDWQYh7U ;
createtime : 1450328082 ;
msgtype : event ;
eventkey : http://mp.weixin.qq.com/s?__biz=MzA5MzE5NzExNw==&mid=10001097&idx=1&sn=8338ffe385dcd8dd1f376fc1a2fd50ff&scene=18#rd ;

2015-12-17 12:54:41 params :
------------
Array:
rule : -2 ;
module :  ;
message : Array ;

2015-12-17 12:54:41 response :
------------

2015-12-17 12:57:08 trace :
------------
Array:
from : oqCObuJvEqhV7k6tu7e53JWpr5m4 ;
to : gh_5013f37369ce ;
time : 1450328232 ;
type : event ;
event : subscribe ;
tousername : gh_5013f37369ce ;
fromusername : oqCObuJvEqhV7k6tu7e53JWpr5m4 ;
createtime : 1450328232 ;
msgtype : event ;
eventkey :  ;

2015-12-17 12:57:08 params :
------------
Array:
rule : -2 ;
module :  ;
message : Array ;

2015-12-17 12:57:08 response :
------------

2015-12-17 13:08:48 trace :
------------
Array:
from : oqCObuFD29_zxTx8Kpjq6ReKW7fw ;
to : gh_5013f37369ce ;
time : 1450328932 ;
type : event ;
event : subscribe ;
tousername : gh_5013f37369ce ;
fromusername : oqCObuFD29_zxTx8Kpjq6ReKW7fw ;
createtime : 1450328932 ;
msgtype : event ;
eventkey :  ;

2015-12-17 13:08:48 params :
------------
Array:
rule : -2 ;
module :  ;
message : Array ;

2015-12-17 13:08:48 response :
------------

2015-12-17 13:13:00 trace :
------------
Array:
from : oqCObuKmj86uTRvAOtmzR5sq0ri8 ;
to : gh_5013f37369ce ;
time : 1450329183 ;
type : event ;
event : subscribe ;
tousername : gh_5013f37369ce ;
fromusername : oqCObuKmj86uTRvAOtmzR5sq0ri8 ;
createtime : 1450329183 ;
msgtype : event ;
eventkey :  ;

2015-12-17 13:13:00 params :
------------
Array:
rule : -2 ;
module :  ;
message : Array ;

2015-12-17 13:13:00 response :
------------

2015-12-17 13:25:25 trace :
------------
Array:
from : oqCObuNNe2GRg2p-ZTWI9Pz0bicA ;
to : gh_5013f37369ce ;
time : 1450329928 ;
type : event ;
event : subscribe ;
tousername : gh_5013f37369ce ;
fromusername : oqCObuNNe2GRg2p-ZTWI9Pz0bicA ;
createtime : 1450329928 ;
msgtype : event ;
eventkey :  ;

2015-12-17 13:25:25 params :
------------
Array:
rule : -2 ;
module :  ;
message : Array ;

2015-12-17 13:25:25 response :
------------

2015-12-17 13:25:36 trace :
------------
Array:
from : oqCObuNNe2GRg2p-ZTWI9Pz0bicA ;
to : gh_5013f37369ce ;
time : 1450329940 ;
type : event ;
event : VIEW ;
tousername : gh_5013f37369ce ;
fromusername : oqCObuNNe2GRg2p-ZTWI9Pz0bicA ;
createtime : 1450329940 ;
msgtype : event ;
eventkey : http://mp.weixin.qq.com/s?__biz=MzA5MzE5NzExNw==&mid=10001097&idx=1&sn=8338ffe385dcd8dd1f376fc1a2fd50ff&scene=18#rd ;

2015-12-17 13:25:36 params :
------------
Array:
rule : -2 ;
module :  ;
message : Array ;

2015-12-17 13:25:36 response :
------------

2015-12-17 13:37:52 trace :
------------
Array:
from : oqCObuA7j2ipI0fzHDy9XHidkpRg ;
to : gh_5013f37369ce ;
time : 1450330676 ;
type : event ;
event : subscribe ;
tousername : gh_5013f37369ce ;
fromusername : oqCObuA7j2ipI0fzHDy9XHidkpRg ;
createtime : 1450330676 ;
msgtype : event ;
eventkey :  ;

2015-12-17 13:37:52 params :
------------
Array:
rule : -2 ;
module :  ;
message : Array ;

2015-12-17 13:37:52 response :
------------

2015-12-17 13:44:22 trace :
------------
Array:
from : oqCObuNNe2GRg2p-ZTWI9Pz0bicA ;
to : gh_5013f37369ce ;
time : 1450331063 ;
type : event ;
event : VIEW ;
tousername : gh_5013f37369ce ;
fromusername : oqCObuNNe2GRg2p-ZTWI9Pz0bicA ;
createtime : 1450331063 ;
msgtype : event ;
eventkey : http://mp.weixin.qq.com/s?__biz=MzA5MzE5NzExNw==&mid=10001097&idx=1&sn=8338ffe385dcd8dd1f376fc1a2fd50ff&scene=18#rd ;

2015-12-17 13:44:22 params :
------------
Array:
rule : -2 ;
module :  ;
message : Array ;

2015-12-17 13:44:22 response :
------------

2015-12-17 13:44:35 trace :
------------
Array:
from : oqCObuNNe2GRg2p-ZTWI9Pz0bicA ;
to : gh_5013f37369ce ;
time : 1450331079 ;
type : event ;
event : VIEW ;
tousername : gh_5013f37369ce ;
fromusername : oqCObuNNe2GRg2p-ZTWI9Pz0bicA ;
createtime : 1450331079 ;
msgtype : event ;
eventkey : http://mp.weixin.qq.com/s?__biz=MzA5MzE5NzExNw==&mid=10001097&idx=1&sn=8338ffe385dcd8dd1f376fc1a2fd50ff&scene=18#rd ;

2015-12-17 13:44:35 params :
------------
Array:
rule : -2 ;
module :  ;
message : Array ;

2015-12-17 13:44:35 response :
------------

2015-12-17 13:45:20 trace :
------------
Array:
from : oqCObuNP1tRv8s4Oiy9nxSAwlnbs ;
to : gh_5013f37369ce ;
time : 1450331123 ;
type : event ;
event : subscribe ;
tousername : gh_5013f37369ce ;
fromusername : oqCObuNP1tRv8s4Oiy9nxSAwlnbs ;
createtime : 1450331123 ;
msgtype : event ;
eventkey :  ;

2015-12-17 13:45:20 params :
------------
Array:
rule : -2 ;
module :  ;
message : Array ;

2015-12-17 13:45:20 response :
------------

2015-12-17 14:04:19 trace :
------------
Array:
from : oqCObuKUYCftj74pReyNiBU002XQ ;
to : gh_5013f37369ce ;
time : 1450332263 ;
type : event ;
event : VIEW ;
tousername : gh_5013f37369ce ;
fromusername : oqCObuKUYCftj74pReyNiBU002XQ ;
createtime : 1450332263 ;
msgtype : event ;
eventkey : http://mp.weixin.qq.com/s?__biz=MzA5MzE5NzExNw==&mid=10001097&idx=1&sn=8338ffe385dcd8dd1f376fc1a2fd50ff&scene=18#rd ;

2015-12-17 14:04:19 params :
------------
Array:
rule : -2 ;
module :  ;
message : Array ;

2015-12-17 14:04:19 response :
------------

2015-12-17 14:04:34 trace :
------------
Array:
from : oqCObuKUYCftj74pReyNiBU002XQ ;
to : gh_5013f37369ce ;
time : 1450332278 ;
type : event ;
event : VIEW ;
tousername : gh_5013f37369ce ;
fromusername : oqCObuKUYCftj74pReyNiBU002XQ ;
createtime : 1450332278 ;
msgtype : event ;
eventkey : http://mp.weixin.qq.com/s?__biz=MzA5MzE5NzExNw==&mid=10001097&idx=1&sn=8338ffe385dcd8dd1f376fc1a2fd50ff&scene=18#rd ;

2015-12-17 14:04:34 params :
------------
Array:
rule : -2 ;
module :  ;
message : Array ;

2015-12-17 14:04:34 response :
------------

2015-12-17 14:04:35 trace :
------------
Array:
from : oqCObuAliZrZwtD5LrbiRYHQlifs ;
to : gh_5013f37369ce ;
time : 1450332279 ;
type : event ;
event : subscribe ;
tousername : gh_5013f37369ce ;
fromusername : oqCObuAliZrZwtD5LrbiRYHQlifs ;
createtime : 1450332279 ;
msgtype : event ;
eventkey :  ;

2015-12-17 14:04:35 params :
------------
Array:
rule : -2 ;
module :  ;
message : Array ;

2015-12-17 14:04:35 response :
------------

2015-12-17 14:04:46 trace :
------------
Array:
from : oqCObuKUYCftj74pReyNiBU002XQ ;
to : gh_5013f37369ce ;
time : 1450332290 ;
type : event ;
event : VIEW ;
tousername : gh_5013f37369ce ;
fromusername : oqCObuKUYCftj74pReyNiBU002XQ ;
createtime : 1450332290 ;
msgtype : event ;
eventkey : http://mp.weixin.qq.com/s?__biz=MzA5MzE5NzExNw==&mid=10001097&idx=1&sn=8338ffe385dcd8dd1f376fc1a2fd50ff&scene=18#rd ;

2015-12-17 14:04:46 params :
------------
Array:
rule : -2 ;
module :  ;
message : Array ;

2015-12-17 14:04:46 response :
------------

2015-12-17 14:06:09 trace :
------------
Array:
from : oqCObuKUYCftj74pReyNiBU002XQ ;
to : gh_5013f37369ce ;
time : 1450332373 ;
type : event ;
event : VIEW ;
tousername : gh_5013f37369ce ;
fromusername : oqCObuKUYCftj74pReyNiBU002XQ ;
createtime : 1450332373 ;
msgtype : event ;
eventkey : http://mp.weixin.qq.com/s?__biz=MzA5MzE5NzExNw==&mid=10001097&idx=1&sn=8338ffe385dcd8dd1f376fc1a2fd50ff&scene=18#rd ;

2015-12-17 14:06:09 params :
------------
Array:
rule : -2 ;
module :  ;
message : Array ;

2015-12-17 14:06:09 response :
------------

2015-12-17 14:09:02 trace :
------------
Array:
from : oqCObuKUYCftj74pReyNiBU002XQ ;
to : gh_5013f37369ce ;
time : 1450332546 ;
type : event ;
event : VIEW ;
tousername : gh_5013f37369ce ;
fromusername : oqCObuKUYCftj74pReyNiBU002XQ ;
createtime : 1450332546 ;
msgtype : event ;
eventkey : http://mp.weixin.qq.com/s?__biz=MzA5MzE5NzExNw==&mid=10001097&idx=1&sn=8338ffe385dcd8dd1f376fc1a2fd50ff&scene=18#rd ;

2015-12-17 14:09:02 params :
------------
Array:
rule : -2 ;
module :  ;
message : Array ;

2015-12-17 14:09:02 response :
------------

2015-12-17 14:09:11 trace :
------------
Array:
from : oqCObuKUYCftj74pReyNiBU002XQ ;
to : gh_5013f37369ce ;
time : 1450332555 ;
type : event ;
event : VIEW ;
tousername : gh_5013f37369ce ;
fromusername : oqCObuKUYCftj74pReyNiBU002XQ ;
createtime : 1450332555 ;
msgtype : event ;
eventkey : http://mp.weixin.qq.com/s?__biz=MzA5MzE5NzExNw==&mid=10001097&idx=1&sn=8338ffe385dcd8dd1f376fc1a2fd50ff&scene=18#rd ;

2015-12-17 14:09:11 params :
------------
Array:
rule : -2 ;
module :  ;
message : Array ;

2015-12-17 14:09:11 response :
------------

2015-12-17 14:10:14 trace :
------------
Array:
from : oqCObuCPkmq7I7BSKiViUAL9oN6A ;
to : gh_5013f37369ce ;
time : 1450332618 ;
type : event ;
event : VIEW ;
tousername : gh_5013f37369ce ;
fromusername : oqCObuCPkmq7I7BSKiViUAL9oN6A ;
createtime : 1450332618 ;
msgtype : event ;
eventkey : http://mp.weixin.qq.com/s?__biz=MzA5MzE5NzExNw==&mid=10001097&idx=1&sn=8338ffe385dcd8dd1f376fc1a2fd50ff&scene=18#rd ;

2015-12-17 14:10:14 params :
------------
Array:
rule : -2 ;
module :  ;
message : Array ;

2015-12-17 14:10:14 response :
------------

2015-12-17 14:16:12 trace :
------------
Array:
from : oqCObuHt9e6d5tt20ZPSi3a81AQ0 ;
to : gh_5013f37369ce ;
time : 1450332976 ;
type : event ;
event : subscribe ;
tousername : gh_5013f37369ce ;
fromusername : oqCObuHt9e6d5tt20ZPSi3a81AQ0 ;
createtime : 1450332976 ;
msgtype : event ;
eventkey :  ;

2015-12-17 14:16:12 params :
------------
Array:
rule : -2 ;
module :  ;
message : Array ;

2015-12-17 14:16:12 response :
------------

2015-12-17 14:30:08 trace :
------------
Array:
from : oqCObuEFcZRznlc6y_FYArxqiSRE ;
to : gh_5013f37369ce ;
time : 1450333812 ;
type : event ;
event : subscribe ;
tousername : gh_5013f37369ce ;
fromusername : oqCObuEFcZRznlc6y_FYArxqiSRE ;
createtime : 1450333812 ;
msgtype : event ;
eventkey :  ;

2015-12-17 14:30:08 params :
------------
Array:
rule : -2 ;
module :  ;
message : Array ;

2015-12-17 14:30:08 response :
------------

2015-12-17 14:32:51 trace :
------------
Array:
from : oqCObuPchy3TfwcIHcht9QMM-FRQ ;
to : gh_5013f37369ce ;
time : 1450333975 ;
type : event ;
event : subscribe ;
tousername : gh_5013f37369ce ;
fromusername : oqCObuPchy3TfwcIHcht9QMM-FRQ ;
createtime : 1450333975 ;
msgtype : event ;
eventkey :  ;

2015-12-17 14:32:51 params :
------------
Array:
rule : -2 ;
module :  ;
message : Array ;

2015-12-17 14:32:51 response :
------------

2015-12-17 14:35:49 trace :
------------
Array:
from : oqCObuNNe2GRg2p-ZTWI9Pz0bicA ;
to : gh_5013f37369ce ;
time : 1450334153 ;
type : event ;
event : VIEW ;
tousername : gh_5013f37369ce ;
fromusername : oqCObuNNe2GRg2p-ZTWI9Pz0bicA ;
createtime : 1450334153 ;
msgtype : event ;
eventkey : http://mp.weixin.qq.com/s?__biz=MzA5MzE5NzExNw==&mid=10001097&idx=1&sn=8338ffe385dcd8dd1f376fc1a2fd50ff&scene=18#rd ;

2015-12-17 14:35:49 params :
------------
Array:
rule : -2 ;
module :  ;
message : Array ;

2015-12-17 14:35:49 response :
------------

2015-12-17 14:48:42 trace :
------------
Array:
from : oqCObuOfOH4jKZ2XcQeNLQy1QO3w ;
to : gh_5013f37369ce ;
time : 1450334926 ;
type : event ;
event : subscribe ;
tousername : gh_5013f37369ce ;
fromusername : oqCObuOfOH4jKZ2XcQeNLQy1QO3w ;
createtime : 1450334926 ;
msgtype : event ;
eventkey :  ;

2015-12-17 14:48:42 params :
------------
Array:
rule : -2 ;
module :  ;
message : Array ;

2015-12-17 14:48:42 response :
------------

2015-12-17 15:01:16 trace :
------------
Array:
from : oqCObuIpV-phaHkFFryx4Vdctz5s ;
to : gh_5013f37369ce ;
time : 1450335680 ;
type : event ;
event : subscribe ;
tousername : gh_5013f37369ce ;
fromusername : oqCObuIpV-phaHkFFryx4Vdctz5s ;
createtime : 1450335680 ;
msgtype : event ;
eventkey :  ;

2015-12-17 15:01:16 params :
------------
Array:
rule : -2 ;
module :  ;
message : Array ;

2015-12-17 15:01:16 response :
------------

2015-12-17 15:22:29 trace :
------------
Array:
from : oqCObuGQh_ZnZpeBb0bcrzPahr3k ;
to : gh_5013f37369ce ;
time : 1450336952 ;
type : event ;
event : subscribe ;
tousername : gh_5013f37369ce ;
fromusername : oqCObuGQh_ZnZpeBb0bcrzPahr3k ;
createtime : 1450336952 ;
msgtype : event ;
eventkey :  ;

2015-12-17 15:22:29 params :
------------
Array:
rule : -2 ;
module :  ;
message : Array ;

2015-12-17 15:22:29 response :
------------

2015-12-17 15:30:15 trace :
------------
Array:
from : oqCObuGjs_HMT4VmwbKJUZdwWnMc ;
to : gh_5013f37369ce ;
time : 1450337419 ;
type : event ;
event : subscribe ;
tousername : gh_5013f37369ce ;
fromusername : oqCObuGjs_HMT4VmwbKJUZdwWnMc ;
createtime : 1450337419 ;
msgtype : event ;
eventkey :  ;

2015-12-17 15:30:15 params :
------------
Array:
rule : -2 ;
module :  ;
message : Array ;

2015-12-17 15:30:15 response :
------------

2015-12-17 15:34:12 trace :
------------
Array:
from : oqCObuGa1HNWzs2kmiauFmG3O4mA ;
to : gh_5013f37369ce ;
time : 1450337656 ;
type : event ;
event : subscribe ;
tousername : gh_5013f37369ce ;
fromusername : oqCObuGa1HNWzs2kmiauFmG3O4mA ;
createtime : 1450337656 ;
msgtype : event ;
eventkey :  ;

2015-12-17 15:34:12 params :
------------
Array:
rule : -2 ;
module :  ;
message : Array ;

2015-12-17 15:34:12 response :
------------

2015-12-17 15:36:55 trace :
------------
Array:
from : oqCObuMy-DlQ3R41o64WJf6Qd93g ;
to : gh_5013f37369ce ;
time : 1450337819 ;
type : event ;
event : subscribe ;
tousername : gh_5013f37369ce ;
fromusername : oqCObuMy-DlQ3R41o64WJf6Qd93g ;
createtime : 1450337819 ;
msgtype : event ;
eventkey :  ;

2015-12-17 15:36:55 params :
------------
Array:
rule : -2 ;
module :  ;
message : Array ;

2015-12-17 15:36:55 response :
------------

2015-12-17 15:40:19 trace :
------------
Array:
from : oqCObuM4hfnJPWo9Cdv7JEM3iB40 ;
to : gh_5013f37369ce ;
time : 1450338023 ;
type : event ;
event : subscribe ;
tousername : gh_5013f37369ce ;
fromusername : oqCObuM4hfnJPWo9Cdv7JEM3iB40 ;
createtime : 1450338023 ;
msgtype : event ;
eventkey :  ;

2015-12-17 15:40:19 params :
------------
Array:
rule : -2 ;
module :  ;
message : Array ;

2015-12-17 15:40:19 response :
------------

2015-12-17 15:40:58 trace :
------------
Array:
from : oqCObuCeYxbRoXKLSK1LkogzD1XU ;
to : gh_5013f37369ce ;
time : 1450338062 ;
type : event ;
event : subscribe ;
tousername : gh_5013f37369ce ;
fromusername : oqCObuCeYxbRoXKLSK1LkogzD1XU ;
createtime : 1450338062 ;
msgtype : event ;
eventkey :  ;

2015-12-17 15:40:58 params :
------------
Array:
rule : -2 ;
module :  ;
message : Array ;

2015-12-17 15:40:58 response :
------------

2015-12-17 15:43:52 trace :
------------
Array:
from : oqCObuCZgpFz8f1rzS0SRzFOmmco ;
to : gh_5013f37369ce ;
time : 1450338236 ;
type : event ;
event : subscribe ;
tousername : gh_5013f37369ce ;
fromusername : oqCObuCZgpFz8f1rzS0SRzFOmmco ;
createtime : 1450338236 ;
msgtype : event ;
eventkey :  ;

2015-12-17 15:43:52 params :
------------
Array:
rule : -2 ;
module :  ;
message : Array ;

2015-12-17 15:43:52 response :
------------

2015-12-17 15:48:53 trace :
------------
Array:
from : oqCObuHXu2dRQhWqsrHq0QU6t_aU ;
to : gh_5013f37369ce ;
time : 1450338537 ;
type : event ;
event : subscribe ;
tousername : gh_5013f37369ce ;
fromusername : oqCObuHXu2dRQhWqsrHq0QU6t_aU ;
createtime : 1450338537 ;
msgtype : event ;
eventkey :  ;

2015-12-17 15:48:53 params :
------------
Array:
rule : -2 ;
module :  ;
message : Array ;

2015-12-17 15:48:53 response :
------------

2015-12-17 16:05:58 trace :
------------
Array:
from : oqCObuFsOdUb_Axw5Ru7cMqy5xa0 ;
to : gh_5013f37369ce ;
time : 1450339562 ;
type : event ;
event : subscribe ;
tousername : gh_5013f37369ce ;
fromusername : oqCObuFsOdUb_Axw5Ru7cMqy5xa0 ;
createtime : 1450339562 ;
msgtype : event ;
eventkey :  ;

2015-12-17 16:05:58 params :
------------
Array:
rule : -2 ;
module :  ;
message : Array ;

2015-12-17 16:05:58 response :
------------

2015-12-17 16:07:07 trace :
------------
Array:
from : oqCObuIaxGM8Ed9OxqlzbtUtPfj0 ;
to : gh_5013f37369ce ;
time : 1450339631 ;
type : event ;
event : subscribe ;
tousername : gh_5013f37369ce ;
fromusername : oqCObuIaxGM8Ed9OxqlzbtUtPfj0 ;
createtime : 1450339631 ;
msgtype : event ;
eventkey :  ;

2015-12-17 16:07:07 params :
------------
Array:
rule : -2 ;
module :  ;
message : Array ;

2015-12-17 16:07:07 response :
------------

2015-12-17 16:35:22 trace :
------------
Array:
from : oqCObuCIvxQZy_sS2Rt-43wteOqA ;
to : gh_5013f37369ce ;
time : 1450341326 ;
type : event ;
event : subscribe ;
tousername : gh_5013f37369ce ;
fromusername : oqCObuCIvxQZy_sS2Rt-43wteOqA ;
createtime : 1450341326 ;
msgtype : event ;
eventkey :  ;

2015-12-17 16:35:23 params :
------------
Array:
rule : -2 ;
module :  ;
message : Array ;

2015-12-17 16:35:23 response :
------------

2015-12-17 16:49:50 trace :
------------
Array:
from : oqCObuIdpJv-3rUJj2gQIt8gUOaE ;
to : gh_5013f37369ce ;
time : 1450342194 ;
type : event ;
event : subscribe ;
tousername : gh_5013f37369ce ;
fromusername : oqCObuIdpJv-3rUJj2gQIt8gUOaE ;
createtime : 1450342194 ;
msgtype : event ;
eventkey :  ;

2015-12-17 16:49:50 params :
------------
Array:
rule : -2 ;
module :  ;
message : Array ;

2015-12-17 16:49:50 response :
------------

2015-12-17 16:53:39 trace :
------------
Array:
from : oqCObuEMUi5TI7V6xp8YXcZL7fiI ;
to : gh_5013f37369ce ;
time : 1450342420 ;
type : event ;
event : VIEW ;
tousername : gh_5013f37369ce ;
fromusername : oqCObuEMUi5TI7V6xp8YXcZL7fiI ;
createtime : 1450342420 ;
msgtype : event ;
eventkey : http://mp.weixin.qq.com/s?__biz=MzA5MzE5NzExNw==&mid=10001097&idx=1&sn=8338ffe385dcd8dd1f376fc1a2fd50ff&scene=18#rd ;

2015-12-17 16:53:39 params :
------------
Array:
rule : -2 ;
module :  ;
message : Array ;

2015-12-17 16:53:39 response :
------------

2015-12-17 16:54:23 trace :
------------
Array:
from : oqCObuEMUi5TI7V6xp8YXcZL7fiI ;
to : gh_5013f37369ce ;
time : 1450342467 ;
type : event ;
event : VIEW ;
tousername : gh_5013f37369ce ;
fromusername : oqCObuEMUi5TI7V6xp8YXcZL7fiI ;
createtime : 1450342467 ;
msgtype : event ;
eventkey : http://mp.weixin.qq.com/s?__biz=MzA5MzE5NzExNw==&mid=10001097&idx=1&sn=8338ffe385dcd8dd1f376fc1a2fd50ff&scene=18#rd ;

2015-12-17 16:54:23 params :
------------
Array:
rule : -2 ;
module :  ;
message : Array ;

2015-12-17 16:54:23 response :
------------

2015-12-17 16:55:23 trace :
------------
Array:
from : oqCObuEMUi5TI7V6xp8YXcZL7fiI ;
to : gh_5013f37369ce ;
time : 1450342527 ;
type : event ;
event : VIEW ;
tousername : gh_5013f37369ce ;
fromusername : oqCObuEMUi5TI7V6xp8YXcZL7fiI ;
createtime : 1450342527 ;
msgtype : event ;
eventkey : http://mp.weixin.qq.com/s?__biz=MzA5MzE5NzExNw==&mid=10001097&idx=1&sn=8338ffe385dcd8dd1f376fc1a2fd50ff&scene=18#rd ;

2015-12-17 16:55:23 params :
------------
Array:
rule : -2 ;
module :  ;
message : Array ;

2015-12-17 16:55:23 response :
------------

2015-12-17 16:55:36 trace :
------------
Array:
from : oqCObuEMUi5TI7V6xp8YXcZL7fiI ;
to : gh_5013f37369ce ;
time : 1450342539 ;
type : event ;
event : VIEW ;
tousername : gh_5013f37369ce ;
fromusername : oqCObuEMUi5TI7V6xp8YXcZL7fiI ;
createtime : 1450342539 ;
msgtype : event ;
eventkey : http://mp.weixin.qq.com/s?__biz=MzA5MzE5NzExNw==&mid=10001097&idx=1&sn=8338ffe385dcd8dd1f376fc1a2fd50ff&scene=18#rd ;

2015-12-17 16:55:36 params :
------------
Array:
rule : -2 ;
module :  ;
message : Array ;

2015-12-17 16:55:36 response :
------------

2015-12-17 16:58:19 trace :
------------
Array:
from : oqCObuEMUi5TI7V6xp8YXcZL7fiI ;
to : gh_5013f37369ce ;
time : 1450342703 ;
type : event ;
event : VIEW ;
tousername : gh_5013f37369ce ;
fromusername : oqCObuEMUi5TI7V6xp8YXcZL7fiI ;
createtime : 1450342703 ;
msgtype : event ;
eventkey : http://mp.weixin.qq.com/s?__biz=MzA5MzE5NzExNw==&mid=10001097&idx=1&sn=8338ffe385dcd8dd1f376fc1a2fd50ff&scene=18#rd ;

2015-12-17 16:58:19 params :
------------
Array:
rule : -2 ;
module :  ;
message : Array ;

2015-12-17 16:58:19 response :
------------

2015-12-17 16:58:33 trace :
------------
Array:
from : oqCObuOW-bE1vQF5VO4u1NP4vaCM ;
to : gh_5013f37369ce ;
time : 1450342716 ;
type : event ;
event : subscribe ;
tousername : gh_5013f37369ce ;
fromusername : oqCObuOW-bE1vQF5VO4u1NP4vaCM ;
createtime : 1450342716 ;
msgtype : event ;
eventkey :  ;

2015-12-17 16:58:33 params :
------------
Array:
rule : -2 ;
module :  ;
message : Array ;

2015-12-17 16:58:33 response :
------------

2015-12-17 16:59:47 trace :
------------
Array:
from : oqCObuJZ_PGBbovtAfZppY7_Vh94 ;
to : gh_5013f37369ce ;
time : 1450342791 ;
type : event ;
event : subscribe ;
tousername : gh_5013f37369ce ;
fromusername : oqCObuJZ_PGBbovtAfZppY7_Vh94 ;
createtime : 1450342791 ;
msgtype : event ;
eventkey :  ;

2015-12-17 16:59:47 params :
------------
Array:
rule : -2 ;
module :  ;
message : Array ;

2015-12-17 16:59:47 response :
------------

2015-12-17 17:22:03 trace :
------------
Array:
from : oqCObuHte9_61fN8azc5lXL7KyZ4 ;
to : gh_5013f37369ce ;
time : 1450344123 ;
type : event ;
event : subscribe ;
tousername : gh_5013f37369ce ;
fromusername : oqCObuHte9_61fN8azc5lXL7KyZ4 ;
createtime : 1450344123 ;
msgtype : event ;
eventkey :  ;

2015-12-17 17:22:03 params :
------------
Array:
rule : -2 ;
module :  ;
message : Array ;

2015-12-17 17:22:03 response :
------------

2015-12-17 17:22:15 trace :
------------
Array:
from : oqCObuNAbsztJ01wYXf3s--i3NU8 ;
to : gh_5013f37369ce ;
time : 1450344139 ;
type : event ;
event : subscribe ;
tousername : gh_5013f37369ce ;
fromusername : oqCObuNAbsztJ01wYXf3s--i3NU8 ;
createtime : 1450344139 ;
msgtype : event ;
eventkey :  ;

2015-12-17 17:22:15 params :
------------
Array:
rule : -2 ;
module :  ;
message : Array ;

2015-12-17 17:22:15 response :
------------

2015-12-17 17:23:13 trace :
------------
Array:
from : oqCObuGoPMkyPloR3iSo67EssEZY ;
to : gh_5013f37369ce ;
time : 1450344196 ;
type : event ;
event : subscribe ;
tousername : gh_5013f37369ce ;
fromusername : oqCObuGoPMkyPloR3iSo67EssEZY ;
createtime : 1450344196 ;
msgtype : event ;
eventkey :  ;

2015-12-17 17:23:13 params :
------------
Array:
rule : -2 ;
module :  ;
message : Array ;

2015-12-17 17:23:13 response :
------------

2015-12-17 17:38:06 trace :
------------
Array:
from : oqCObuKmppsgCgualtFwatT4qGZE ;
to : gh_5013f37369ce ;
time : 1450345090 ;
type : event ;
event : subscribe ;
tousername : gh_5013f37369ce ;
fromusername : oqCObuKmppsgCgualtFwatT4qGZE ;
createtime : 1450345090 ;
msgtype : event ;
eventkey :  ;

2015-12-17 17:38:06 params :
------------
Array:
rule : -2 ;
module :  ;
message : Array ;

2015-12-17 17:38:06 response :
------------

2015-12-17 17:42:19 trace :
------------
Array:
from : oqCObuOO0AiPAt2FdR58DlEi3kGQ ;
to : gh_5013f37369ce ;
time : 1450345343 ;
type : event ;
event : subscribe ;
tousername : gh_5013f37369ce ;
fromusername : oqCObuOO0AiPAt2FdR58DlEi3kGQ ;
createtime : 1450345343 ;
msgtype : event ;
eventkey :  ;

2015-12-17 17:42:19 params :
------------
Array:
rule : -2 ;
module :  ;
message : Array ;

2015-12-17 17:42:19 response :
------------

2015-12-17 17:51:29 trace :
------------
Array:
from : oqCObuGL2F8Nqn3E_k_PSBkgXsIY ;
to : gh_5013f37369ce ;
time : 1450345893 ;
type : event ;
event : VIEW ;
tousername : gh_5013f37369ce ;
fromusername : oqCObuGL2F8Nqn3E_k_PSBkgXsIY ;
createtime : 1450345893 ;
msgtype : event ;
eventkey : http://mp.weixin.qq.com/s?__biz=MzA5MzE5NzExNw==&mid=10001097&idx=1&sn=8338ffe385dcd8dd1f376fc1a2fd50ff&scene=18#rd ;

2015-12-17 17:51:29 params :
------------
Array:
rule : -2 ;
module :  ;
message : Array ;

2015-12-17 17:51:29 response :
------------

2015-12-17 17:55:58 trace :
------------
Array:
from : oqCObuEgYXaEjgHqUxGUQWUNtoZE ;
to : gh_5013f37369ce ;
time : 1450346162 ;
type : event ;
event : VIEW ;
tousername : gh_5013f37369ce ;
fromusername : oqCObuEgYXaEjgHqUxGUQWUNtoZE ;
createtime : 1450346162 ;
msgtype : event ;
eventkey : http://mp.weixin.qq.com/s?__biz=MzA5MzE5NzExNw==&mid=10001097&idx=1&sn=8338ffe385dcd8dd1f376fc1a2fd50ff&scene=18#rd ;

2015-12-17 17:55:58 params :
------------
Array:
rule : -2 ;
module :  ;
message : Array ;

2015-12-17 17:55:58 response :
------------

2015-12-17 17:56:04 trace :
------------
Array:
from : oqCObuEgYXaEjgHqUxGUQWUNtoZE ;
to : gh_5013f37369ce ;
time : 1450346168 ;
type : event ;
event : VIEW ;
tousername : gh_5013f37369ce ;
fromusername : oqCObuEgYXaEjgHqUxGUQWUNtoZE ;
createtime : 1450346168 ;
msgtype : event ;
eventkey : http://mp.weixin.qq.com/s?__biz=MzA5MzE5NzExNw==&mid=10001097&idx=1&sn=8338ffe385dcd8dd1f376fc1a2fd50ff&scene=18#rd ;

2015-12-17 17:56:04 params :
------------
Array:
rule : -2 ;
module :  ;
message : Array ;

2015-12-17 17:56:04 response :
------------

2015-12-17 17:56:09 trace :
------------
Array:
from : oqCObuEgYXaEjgHqUxGUQWUNtoZE ;
to : gh_5013f37369ce ;
time : 1450346172 ;
type : event ;
event : VIEW ;
tousername : gh_5013f37369ce ;
fromusername : oqCObuEgYXaEjgHqUxGUQWUNtoZE ;
createtime : 1450346172 ;
msgtype : event ;
eventkey : http://mp.weixin.qq.com/s?__biz=MzA5MzE5NzExNw==&mid=10001097&idx=1&sn=8338ffe385dcd8dd1f376fc1a2fd50ff&scene=18#rd ;

2015-12-17 17:56:09 params :
------------
Array:
rule : -2 ;
module :  ;
message : Array ;

2015-12-17 17:56:09 response :
------------

2015-12-17 17:56:15 trace :
------------
Array:
from : oqCObuEgYXaEjgHqUxGUQWUNtoZE ;
to : gh_5013f37369ce ;
time : 1450346178 ;
type : event ;
event : VIEW ;
tousername : gh_5013f37369ce ;
fromusername : oqCObuEgYXaEjgHqUxGUQWUNtoZE ;
createtime : 1450346178 ;
msgtype : event ;
eventkey : http://mp.weixin.qq.com/s?__biz=MzA5MzE5NzExNw==&mid=10001097&idx=1&sn=8338ffe385dcd8dd1f376fc1a2fd50ff&scene=18#rd ;

2015-12-17 17:56:15 params :
------------
Array:
rule : -2 ;
module :  ;
message : Array ;

2015-12-17 17:56:15 response :
------------

2015-12-17 17:56:24 trace :
------------
Array:
from : oqCObuEgYXaEjgHqUxGUQWUNtoZE ;
to : gh_5013f37369ce ;
time : 1450346188 ;
type : event ;
event : VIEW ;
tousername : gh_5013f37369ce ;
fromusername : oqCObuEgYXaEjgHqUxGUQWUNtoZE ;
createtime : 1450346188 ;
msgtype : event ;
eventkey : http://mp.weixin.qq.com/s?__biz=MzA5MzE5NzExNw==&mid=10001097&idx=1&sn=8338ffe385dcd8dd1f376fc1a2fd50ff&scene=18#rd ;

2015-12-17 17:56:24 params :
------------
Array:
rule : -2 ;
module :  ;
message : Array ;

2015-12-17 17:56:24 response :
------------

2015-12-17 17:56:35 trace :
------------
Array:
from : oqCObuEgYXaEjgHqUxGUQWUNtoZE ;
to : gh_5013f37369ce ;
time : 1450346199 ;
type : event ;
event : VIEW ;
tousername : gh_5013f37369ce ;
fromusername : oqCObuEgYXaEjgHqUxGUQWUNtoZE ;
createtime : 1450346199 ;
msgtype : event ;
eventkey : http://mp.weixin.qq.com/s?__biz=MzA5MzE5NzExNw==&mid=10001097&idx=1&sn=8338ffe385dcd8dd1f376fc1a2fd50ff&scene=18#rd ;

2015-12-17 17:56:35 params :
------------
Array:
rule : -2 ;
module :  ;
message : Array ;

2015-12-17 17:56:35 response :
------------

2015-12-17 17:57:01 trace :
------------
Array:
from : oqCObuEgYXaEjgHqUxGUQWUNtoZE ;
to : gh_5013f37369ce ;
time : 1450346225 ;
type : event ;
event : VIEW ;
tousername : gh_5013f37369ce ;
fromusername : oqCObuEgYXaEjgHqUxGUQWUNtoZE ;
createtime : 1450346225 ;
msgtype : event ;
eventkey : http://mp.weixin.qq.com/s?__biz=MzA5MzE5NzExNw==&mid=10001097&idx=1&sn=8338ffe385dcd8dd1f376fc1a2fd50ff&scene=18#rd ;

2015-12-17 17:57:01 params :
------------
Array:
rule : -2 ;
module :  ;
message : Array ;

2015-12-17 17:57:01 response :
------------

2015-12-17 17:57:08 trace :
------------
Array:
from : oqCObuEgYXaEjgHqUxGUQWUNtoZE ;
to : gh_5013f37369ce ;
time : 1450346231 ;
type : event ;
event : VIEW ;
tousername : gh_5013f37369ce ;
fromusername : oqCObuEgYXaEjgHqUxGUQWUNtoZE ;
createtime : 1450346231 ;
msgtype : event ;
eventkey : http://mp.weixin.qq.com/s?__biz=MzA5MzE5NzExNw==&mid=10001097&idx=1&sn=8338ffe385dcd8dd1f376fc1a2fd50ff&scene=18#rd ;

2015-12-17 17:57:08 params :
------------
Array:
rule : -2 ;
module :  ;
message : Array ;

2015-12-17 17:57:08 response :
------------

2015-12-17 18:00:59 trace :
------------
Array:
from : oqCObuGXP1TWcIrkrjcIlzsZYCqk ;
to : gh_5013f37369ce ;
time : 1450346463 ;
type : event ;
event : subscribe ;
tousername : gh_5013f37369ce ;
fromusername : oqCObuGXP1TWcIrkrjcIlzsZYCqk ;
createtime : 1450346463 ;
msgtype : event ;
eventkey :  ;

2015-12-17 18:00:59 params :
------------
Array:
rule : -2 ;
module :  ;
message : Array ;

2015-12-17 18:00:59 response :
------------

2015-12-17 18:16:08 trace :
------------
Array:
from : oqCObuP9VGOZwYnzzKYz8bhauT_s ;
to : gh_5013f37369ce ;
time : 1450347372 ;
type : event ;
event : subscribe ;
tousername : gh_5013f37369ce ;
fromusername : oqCObuP9VGOZwYnzzKYz8bhauT_s ;
createtime : 1450347372 ;
msgtype : event ;
eventkey :  ;

2015-12-17 18:16:08 params :
------------
Array:
rule : -2 ;
module :  ;
message : Array ;

2015-12-17 18:16:08 response :
------------

2015-12-17 18:56:03 trace :
------------
Array:
from : oqCObuMUxcxC5NAmwGAaRX5eSXVU ;
to : gh_5013f37369ce ;
time : 1450349764 ;
type : event ;
event : VIEW ;
tousername : gh_5013f37369ce ;
fromusername : oqCObuMUxcxC5NAmwGAaRX5eSXVU ;
createtime : 1450349764 ;
msgtype : event ;
eventkey : http://mp.weixin.qq.com/s?__biz=MzA5MzE5NzExNw==&mid=10001097&idx=1&sn=8338ffe385dcd8dd1f376fc1a2fd50ff&scene=18#rd ;

2015-12-17 18:56:03 params :
------------
Array:
rule : -2 ;
module :  ;
message : Array ;

2015-12-17 18:56:03 response :
------------

2015-12-17 18:56:50 trace :
------------
Array:
from : oqCObuO4fdjNZQSvSPgeRh39Pm8U ;
to : gh_5013f37369ce ;
time : 1450349814 ;
type : event ;
event : subscribe ;
tousername : gh_5013f37369ce ;
fromusername : oqCObuO4fdjNZQSvSPgeRh39Pm8U ;
createtime : 1450349814 ;
msgtype : event ;
eventkey :  ;

2015-12-17 18:56:50 params :
------------
Array:
rule : -2 ;
module :  ;
message : Array ;

2015-12-17 18:56:50 response :
------------

2015-12-17 18:57:10 trace :
------------
Array:
from : oqCObuJbqpOfnzU2bJ8KWoGy1UK0 ;
to : gh_5013f37369ce ;
time : 1450349834 ;
type : event ;
event : subscribe ;
tousername : gh_5013f37369ce ;
fromusername : oqCObuJbqpOfnzU2bJ8KWoGy1UK0 ;
createtime : 1450349834 ;
msgtype : event ;
eventkey :  ;

2015-12-17 18:57:10 params :
------------
Array:
rule : -2 ;
module :  ;
message : Array ;

2015-12-17 18:57:10 response :
------------

2015-12-17 18:57:58 trace :
------------
Array:
from : oqCObuBevqy7W16oZ9VVTxClVUGQ ;
to : gh_5013f37369ce ;
time : 1450349882 ;
type : event ;
event : subscribe ;
tousername : gh_5013f37369ce ;
fromusername : oqCObuBevqy7W16oZ9VVTxClVUGQ ;
createtime : 1450349882 ;
msgtype : event ;
eventkey :  ;

2015-12-17 18:57:58 params :
------------
Array:
rule : -2 ;
module :  ;
message : Array ;

2015-12-17 18:57:58 response :
------------

2015-12-17 19:03:26 trace :
------------
Array:
from : oqCObuNvCejEuddcIpSY8EEMGs9Q ;
to : gh_5013f37369ce ;
time : 1450350207 ;
type : event ;
event : subscribe ;
tousername : gh_5013f37369ce ;
fromusername : oqCObuNvCejEuddcIpSY8EEMGs9Q ;
createtime : 1450350207 ;
msgtype : event ;
eventkey :  ;

2015-12-17 19:03:26 params :
------------
Array:
rule : -2 ;
module :  ;
message : Array ;

2015-12-17 19:03:26 response :
------------

2015-12-17 19:07:13 trace :
------------
Array:
from : oqCObuGGJdzo1YbTncf-JAz5J49c ;
to : gh_5013f37369ce ;
time : 1450350437 ;
type : event ;
event : subscribe ;
tousername : gh_5013f37369ce ;
fromusername : oqCObuGGJdzo1YbTncf-JAz5J49c ;
createtime : 1450350437 ;
msgtype : event ;
eventkey :  ;

2015-12-17 19:07:13 params :
------------
Array:
rule : -2 ;
module :  ;
message : Array ;

2015-12-17 19:07:13 response :
------------

2015-12-17 19:08:37 trace :
------------
Array:
from : oqCObuN5FqED7ANYfsJYke5ke6rs ;
to : gh_5013f37369ce ;
time : 1450350521 ;
type : event ;
event : subscribe ;
tousername : gh_5013f37369ce ;
fromusername : oqCObuN5FqED7ANYfsJYke5ke6rs ;
createtime : 1450350521 ;
msgtype : event ;
eventkey :  ;

2015-12-17 19:08:37 params :
------------
Array:
rule : -2 ;
module :  ;
message : Array ;

2015-12-17 19:08:37 response :
------------

2015-12-17 19:15:39 trace :
------------
Array:
from : oqCObuFfTu3VPj1TxNu1_Urgu1ys ;
to : gh_5013f37369ce ;
time : 1450350940 ;
type : event ;
event : subscribe ;
tousername : gh_5013f37369ce ;
fromusername : oqCObuFfTu3VPj1TxNu1_Urgu1ys ;
createtime : 1450350940 ;
msgtype : event ;
eventkey :  ;

2015-12-17 19:15:39 params :
------------
Array:
rule : -2 ;
module :  ;
message : Array ;

2015-12-17 19:15:39 response :
------------

2015-12-17 20:10:47 trace :
------------
Array:
from : oqCObuFCB7dYWp42LrM_rXflkOM0 ;
to : gh_5013f37369ce ;
time : 1450354248 ;
type : event ;
event : VIEW ;
tousername : gh_5013f37369ce ;
fromusername : oqCObuFCB7dYWp42LrM_rXflkOM0 ;
createtime : 1450354248 ;
msgtype : event ;
eventkey : http://mp.weixin.qq.com/s?__biz=MzA5MzE5NzExNw==&mid=10001097&idx=1&sn=8338ffe385dcd8dd1f376fc1a2fd50ff&scene=18#rd ;

2015-12-17 20:10:47 params :
------------
Array:
rule : -2 ;
module :  ;
message : Array ;

2015-12-17 20:10:47 response :
------------

2015-12-17 20:36:11 trace :
------------
Array:
from : oqCObuDymNUvhtx0_48dI7tXO28I ;
to : gh_5013f37369ce ;
time : 1450355775 ;
type : event ;
event : subscribe ;
tousername : gh_5013f37369ce ;
fromusername : oqCObuDymNUvhtx0_48dI7tXO28I ;
createtime : 1450355775 ;
msgtype : event ;
eventkey :  ;

2015-12-17 20:36:11 params :
------------
Array:
rule : -2 ;
module :  ;
message : Array ;

2015-12-17 20:36:11 response :
------------

2015-12-17 20:39:07 trace :
------------
Array:
from : oqCObuBb6P-B78Id6nsLxqDSJSfo ;
to : gh_5013f37369ce ;
time : 1450355951 ;
type : event ;
event : subscribe ;
tousername : gh_5013f37369ce ;
fromusername : oqCObuBb6P-B78Id6nsLxqDSJSfo ;
createtime : 1450355951 ;
msgtype : event ;
eventkey :  ;

2015-12-17 20:39:07 params :
------------
Array:
rule : -2 ;
module :  ;
message : Array ;

2015-12-17 20:39:07 response :
------------

2015-12-17 20:41:27 trace :
------------
Array:
from : oqCObuB9bKU6EKocamA6Jc59yP58 ;
to : gh_5013f37369ce ;
time : 1450356091 ;
type : event ;
event : subscribe ;
tousername : gh_5013f37369ce ;
fromusername : oqCObuB9bKU6EKocamA6Jc59yP58 ;
createtime : 1450356091 ;
msgtype : event ;
eventkey :  ;

2015-12-17 20:41:27 params :
------------
Array:
rule : -2 ;
module :  ;
message : Array ;

2015-12-17 20:41:27 response :
------------

2015-12-17 20:51:33 trace :
------------
Array:
from : oqCObuEMUi5TI7V6xp8YXcZL7fiI ;
to : gh_5013f37369ce ;
time : 1450356697 ;
type : event ;
event : VIEW ;
tousername : gh_5013f37369ce ;
fromusername : oqCObuEMUi5TI7V6xp8YXcZL7fiI ;
createtime : 1450356697 ;
msgtype : event ;
eventkey : http://mp.weixin.qq.com/s?__biz=MzA5MzE5NzExNw==&mid=10001097&idx=1&sn=8338ffe385dcd8dd1f376fc1a2fd50ff&scene=18#rd ;

2015-12-17 20:51:33 params :
------------
Array:
rule : -2 ;
module :  ;
message : Array ;

2015-12-17 20:51:33 response :
------------

2015-12-17 20:51:42 trace :
------------
Array:
from : oqCObuEMUi5TI7V6xp8YXcZL7fiI ;
to : gh_5013f37369ce ;
time : 1450356706 ;
type : event ;
event : VIEW ;
tousername : gh_5013f37369ce ;
fromusername : oqCObuEMUi5TI7V6xp8YXcZL7fiI ;
createtime : 1450356706 ;
msgtype : event ;
eventkey : http://mp.weixin.qq.com/s?__biz=MzA5MzE5NzExNw==&mid=10001097&idx=1&sn=8338ffe385dcd8dd1f376fc1a2fd50ff&scene=18#rd ;

2015-12-17 20:51:42 params :
------------
Array:
rule : -2 ;
module :  ;
message : Array ;

2015-12-17 20:51:42 response :
------------

2015-12-17 20:58:14 trace :
------------
Array:
from : oqCObuP3EYBaQU9vnyMmh7HxRY68 ;
to : gh_5013f37369ce ;
time : 1450357098 ;
type : event ;
event : subscribe ;
tousername : gh_5013f37369ce ;
fromusername : oqCObuP3EYBaQU9vnyMmh7HxRY68 ;
createtime : 1450357098 ;
msgtype : event ;
eventkey :  ;

2015-12-17 20:58:14 params :
------------
Array:
rule : -2 ;
module :  ;
message : Array ;

2015-12-17 20:58:14 response :
------------

2015-12-17 21:14:16 trace :
------------
Array:
from : oqCObuOBR9nuqHirP3d7QhfJfp0w ;
to : gh_5013f37369ce ;
time : 1450358060 ;
type : event ;
event : subscribe ;
tousername : gh_5013f37369ce ;
fromusername : oqCObuOBR9nuqHirP3d7QhfJfp0w ;
createtime : 1450358060 ;
msgtype : event ;
eventkey :  ;

2015-12-17 21:14:16 params :
------------
Array:
rule : -2 ;
module :  ;
message : Array ;

2015-12-17 21:14:16 response :
------------

2015-12-17 21:19:25 trace :
------------
Array:
from : oqCObuPDUIoC9WC0vRpa3KP6PhVU ;
to : gh_5013f37369ce ;
time : 1450358369 ;
type : event ;
event : subscribe ;
tousername : gh_5013f37369ce ;
fromusername : oqCObuPDUIoC9WC0vRpa3KP6PhVU ;
createtime : 1450358369 ;
msgtype : event ;
eventkey :  ;

2015-12-17 21:19:25 params :
------------
Array:
rule : -2 ;
module :  ;
message : Array ;

2015-12-17 21:19:25 response :
------------

2015-12-17 21:24:00 trace :
------------
Array:
from : oqCObuMdBUAUfXP04y5Z5WWlf9rI ;
to : gh_5013f37369ce ;
time : 1450358640 ;
type : event ;
event : subscribe ;
tousername : gh_5013f37369ce ;
fromusername : oqCObuMdBUAUfXP04y5Z5WWlf9rI ;
createtime : 1450358640 ;
msgtype : event ;
eventkey :  ;

2015-12-17 21:24:00 params :
------------
Array:
rule : -2 ;
module :  ;
message : Array ;

2015-12-17 21:24:00 response :
------------

2015-12-17 21:26:49 trace :
------------
Array:
from : oqCObuH89eYOQFodEjZIOQAm0n7o ;
to : gh_5013f37369ce ;
time : 1450358813 ;
type : event ;
event : subscribe ;
tousername : gh_5013f37369ce ;
fromusername : oqCObuH89eYOQFodEjZIOQAm0n7o ;
createtime : 1450358813 ;
msgtype : event ;
eventkey :  ;

2015-12-17 21:26:49 params :
------------
Array:
rule : -2 ;
module :  ;
message : Array ;

2015-12-17 21:26:49 response :
------------

2015-12-17 21:55:11 trace :
------------
Array:
from : oqCObuCbYzY-HUKZQxFf_I_HO7s8 ;
to : gh_5013f37369ce ;
time : 1450360515 ;
type : event ;
event : subscribe ;
tousername : gh_5013f37369ce ;
fromusername : oqCObuCbYzY-HUKZQxFf_I_HO7s8 ;
createtime : 1450360515 ;
msgtype : event ;
eventkey :  ;

2015-12-17 21:55:11 params :
------------
Array:
rule : -2 ;
module :  ;
message : Array ;

2015-12-17 21:55:11 response :
------------

2015-12-17 22:45:46 trace :
------------
Array:
from : oqCObuHDo540lPWSQJbWh6dGJipE ;
to : gh_5013f37369ce ;
time : 1450363549 ;
type : event ;
event : subscribe ;
tousername : gh_5013f37369ce ;
fromusername : oqCObuHDo540lPWSQJbWh6dGJipE ;
createtime : 1450363549 ;
msgtype : event ;
eventkey :  ;

2015-12-17 22:45:46 params :
------------
Array:
rule : -2 ;
module :  ;
message : Array ;

2015-12-17 22:45:46 response :
------------

