2015-11-27 07:48:07 trace :
------------
Array:
from : oqCObuG4REB94ZtAQOJCEMQ6rcMY ;
to : gh_5013f37369ce ;
time : 1448581689 ;
type : event ;
event : subscribe ;
tousername : gh_5013f37369ce ;
fromusername : oqCObuG4REB94ZtAQOJCEMQ6rcMY ;
createtime : 1448581689 ;
msgtype : event ;
eventkey :  ;

2015-11-27 07:48:07 params :
------------
Array:
rule : -2 ;
module :  ;
message : Array ;

2015-11-27 07:48:07 response :
------------

2015-11-27 08:19:23 trace :
------------
Array:
from : oqCObuMTvqfY_lJBce1oSdtAmBCk ;
to : gh_5013f37369ce ;
time : 1448583566 ;
type : event ;
event : subscribe ;
tousername : gh_5013f37369ce ;
fromusername : oqCObuMTvqfY_lJBce1oSdtAmBCk ;
createtime : 1448583566 ;
msgtype : event ;
eventkey :  ;

2015-11-27 08:19:23 params :
------------
Array:
rule : -2 ;
module :  ;
message : Array ;

2015-11-27 08:19:23 response :
------------

2015-11-27 10:46:03 trace :
------------
Array:
from : oqCObuMT67VmNuw3FNwefgYhaQzs ;
to : gh_5013f37369ce ;
time : 1448592363 ;
type : event ;
event : VIEW ;
tousername : gh_5013f37369ce ;
fromusername : oqCObuMT67VmNuw3FNwefgYhaQzs ;
createtime : 1448592363 ;
msgtype : event ;
eventkey : http://mp.weixin.qq.com/s?__biz=MzA5MzE5NzExNw==&mid=10001097&idx=1&sn=8338ffe385dcd8dd1f376fc1a2fd50ff&scene=18#rd ;

2015-11-27 10:46:03 params :
------------
Array:
rule : -2 ;
module :  ;
message : Array ;

2015-11-27 10:46:03 response :
------------

2015-11-27 11:18:13 trace :
------------
Array:
from : oqCObuNHDMdR5UU9N9HKibYf_hBY ;
to : gh_5013f37369ce ;
time : 1448594293 ;
type : event ;
event : subscribe ;
tousername : gh_5013f37369ce ;
fromusername : oqCObuNHDMdR5UU9N9HKibYf_hBY ;
createtime : 1448594293 ;
msgtype : event ;
eventkey :  ;

2015-11-27 11:18:13 params :
------------
Array:
rule : -2 ;
module :  ;
message : Array ;

2015-11-27 11:18:13 response :
------------

2015-11-27 11:24:04 trace :
------------
Array:
from : oqCObuGFeknPHF_O1ZMleXeGXgng ;
to : gh_5013f37369ce ;
time : 1448594644 ;
type : event ;
event : subscribe ;
tousername : gh_5013f37369ce ;
fromusername : oqCObuGFeknPHF_O1ZMleXeGXgng ;
createtime : 1448594644 ;
msgtype : event ;
eventkey :  ;

2015-11-27 11:24:04 params :
------------
Array:
rule : -2 ;
module :  ;
message : Array ;

2015-11-27 11:24:04 response :
------------

2015-11-27 11:28:29 trace :
------------
Array:
from : oqCObuMT67VmNuw3FNwefgYhaQzs ;
to : gh_5013f37369ce ;
time : 1448594909 ;
type : event ;
event : VIEW ;
tousername : gh_5013f37369ce ;
fromusername : oqCObuMT67VmNuw3FNwefgYhaQzs ;
createtime : 1448594909 ;
msgtype : event ;
eventkey : http://mp.weixin.qq.com/s?__biz=MzA5MzE5NzExNw==&mid=10001097&idx=1&sn=8338ffe385dcd8dd1f376fc1a2fd50ff&scene=18#rd ;

2015-11-27 11:28:29 params :
------------
Array:
rule : -2 ;
module :  ;
message : Array ;

2015-11-27 11:28:29 response :
------------

2015-11-27 11:28:43 trace :
------------
Array:
from : oqCObuMT67VmNuw3FNwefgYhaQzs ;
to : gh_5013f37369ce ;
time : 1448594926 ;
type : event ;
event : VIEW ;
tousername : gh_5013f37369ce ;
fromusername : oqCObuMT67VmNuw3FNwefgYhaQzs ;
createtime : 1448594926 ;
msgtype : event ;
eventkey : http://mp.weixin.qq.com/s?__biz=MzA5MzE5NzExNw==&mid=10001097&idx=1&sn=8338ffe385dcd8dd1f376fc1a2fd50ff&scene=18#rd ;

2015-11-27 11:28:43 params :
------------
Array:
rule : -2 ;
module :  ;
message : Array ;

2015-11-27 11:28:43 response :
------------

2015-11-27 11:28:48 trace :
------------
Array:
from : oqCObuN-VVMiv6NI-yzh4cKnxwRw ;
to : gh_5013f37369ce ;
time : 1448594930 ;
type : event ;
event : VIEW ;
tousername : gh_5013f37369ce ;
fromusername : oqCObuN-VVMiv6NI-yzh4cKnxwRw ;
createtime : 1448594930 ;
msgtype : event ;
eventkey : http://mp.weixin.qq.com/s?__biz=MzA5MzE5NzExNw==&mid=10001097&idx=1&sn=8338ffe385dcd8dd1f376fc1a2fd50ff&scene=18#rd ;

2015-11-27 11:28:48 params :
------------
Array:
rule : -2 ;
module :  ;
message : Array ;

2015-11-27 11:28:48 response :
------------

2015-11-27 11:29:19 trace :
------------
Array:
from : oqCObuMT67VmNuw3FNwefgYhaQzs ;
to : gh_5013f37369ce ;
time : 1448594961 ;
type : event ;
event : VIEW ;
tousername : gh_5013f37369ce ;
fromusername : oqCObuMT67VmNuw3FNwefgYhaQzs ;
createtime : 1448594961 ;
msgtype : event ;
eventkey : http://mp.weixin.qq.com/s?__biz=MzA5MzE5NzExNw==&mid=10001097&idx=1&sn=8338ffe385dcd8dd1f376fc1a2fd50ff&scene=18#rd ;

2015-11-27 11:29:19 params :
------------
Array:
rule : -2 ;
module :  ;
message : Array ;

2015-11-27 11:29:19 response :
------------

2015-11-27 11:30:19 trace :
------------
Array:
from : oqCObuN-VVMiv6NI-yzh4cKnxwRw ;
to : gh_5013f37369ce ;
time : 1448595022 ;
type : event ;
event : VIEW ;
tousername : gh_5013f37369ce ;
fromusername : oqCObuN-VVMiv6NI-yzh4cKnxwRw ;
createtime : 1448595022 ;
msgtype : event ;
eventkey : http://mp.weixin.qq.com/s?__biz=MzA5MzE5NzExNw==&mid=10001097&idx=1&sn=8338ffe385dcd8dd1f376fc1a2fd50ff&scene=18#rd ;

2015-11-27 11:30:19 params :
------------
Array:
rule : -2 ;
module :  ;
message : Array ;

2015-11-27 11:30:19 response :
------------

2015-11-27 11:58:01 trace :
------------
Array:
from : oqCObuObrA1bPtR0TITIB_bEh0tw ;
to : gh_5013f37369ce ;
time : 1448596681 ;
type : event ;
event : subscribe ;
tousername : gh_5013f37369ce ;
fromusername : oqCObuObrA1bPtR0TITIB_bEh0tw ;
createtime : 1448596681 ;
msgtype : event ;
eventkey :  ;

2015-11-27 11:58:01 params :
------------
Array:
rule : -2 ;
module :  ;
message : Array ;

2015-11-27 11:58:01 response :
------------

2015-11-27 12:13:42 trace :
------------
Array:
from : oqCObuB6wgmcPAHFeLwIIsRHTE_A ;
to : gh_5013f37369ce ;
time : 1448597621 ;
type : event ;
event : subscribe ;
tousername : gh_5013f37369ce ;
fromusername : oqCObuB6wgmcPAHFeLwIIsRHTE_A ;
createtime : 1448597621 ;
msgtype : event ;
eventkey :  ;

2015-11-27 12:13:42 params :
------------
Array:
rule : -2 ;
module :  ;
message : Array ;

2015-11-27 12:13:42 response :
------------

2015-11-27 12:42:11 trace :
------------
Array:
from : oqCObuPXHDk-0F3zhY1dyOQVsFEw ;
to : gh_5013f37369ce ;
time : 1448599334 ;
type : event ;
event : VIEW ;
tousername : gh_5013f37369ce ;
fromusername : oqCObuPXHDk-0F3zhY1dyOQVsFEw ;
createtime : 1448599334 ;
msgtype : event ;
eventkey : http://mp.weixin.qq.com/s?__biz=MzA5MzE5NzExNw==&mid=10001097&idx=1&sn=8338ffe385dcd8dd1f376fc1a2fd50ff&scene=18#rd ;

2015-11-27 12:42:11 params :
------------
Array:
rule : -2 ;
module :  ;
message : Array ;

2015-11-27 12:42:11 response :
------------

2015-11-27 12:42:20 trace :
------------
Array:
from : oqCObuPXHDk-0F3zhY1dyOQVsFEw ;
to : gh_5013f37369ce ;
time : 1448599343 ;
type : event ;
event : VIEW ;
tousername : gh_5013f37369ce ;
fromusername : oqCObuPXHDk-0F3zhY1dyOQVsFEw ;
createtime : 1448599343 ;
msgtype : event ;
eventkey : http://mp.weixin.qq.com/s?__biz=MzA5MzE5NzExNw==&mid=10001097&idx=1&sn=8338ffe385dcd8dd1f376fc1a2fd50ff&scene=18#rd ;

2015-11-27 12:42:20 params :
------------
Array:
rule : -2 ;
module :  ;
message : Array ;

2015-11-27 12:42:20 response :
------------

2015-11-27 13:52:29 trace :
------------
Array:
from : oqCObuH3fBRDNxyV_f6HynZpmu_Y ;
to : gh_5013f37369ce ;
time : 1448603552 ;
type : event ;
event : subscribe ;
tousername : gh_5013f37369ce ;
fromusername : oqCObuH3fBRDNxyV_f6HynZpmu_Y ;
createtime : 1448603552 ;
msgtype : event ;
eventkey :  ;

2015-11-27 13:52:29 params :
------------
Array:
rule : -2 ;
module :  ;
message : Array ;

2015-11-27 13:52:29 response :
------------

2015-11-27 14:08:57 trace :
------------
Array:
from : oqCObuOHN5thHsCI7C8p7Itc4Tdk ;
to : gh_5013f37369ce ;
time : 1448604540 ;
type : event ;
event : subscribe ;
tousername : gh_5013f37369ce ;
fromusername : oqCObuOHN5thHsCI7C8p7Itc4Tdk ;
createtime : 1448604540 ;
msgtype : event ;
eventkey :  ;

2015-11-27 14:08:57 params :
------------
Array:
rule : -2 ;
module :  ;
message : Array ;

2015-11-27 14:08:57 response :
------------

2015-11-27 14:20:44 trace :
------------
Array:
from : oqCObuB-WJSlYDP1Y-9YJiPHDoF4 ;
to : gh_5013f37369ce ;
time : 1448605246 ;
type : event ;
event : VIEW ;
tousername : gh_5013f37369ce ;
fromusername : oqCObuB-WJSlYDP1Y-9YJiPHDoF4 ;
createtime : 1448605246 ;
msgtype : event ;
eventkey : http://mp.weixin.qq.com/s?__biz=MzA5MzE5NzExNw==&mid=10001097&idx=1&sn=8338ffe385dcd8dd1f376fc1a2fd50ff&scene=18#rd ;

2015-11-27 14:20:44 params :
------------
Array:
rule : -2 ;
module :  ;
message : Array ;

2015-11-27 14:20:44 response :
------------

2015-11-27 14:21:03 trace :
------------
Array:
from : oqCObuB-WJSlYDP1Y-9YJiPHDoF4 ;
to : gh_5013f37369ce ;
time : 1448605265 ;
type : event ;
event : VIEW ;
tousername : gh_5013f37369ce ;
fromusername : oqCObuB-WJSlYDP1Y-9YJiPHDoF4 ;
createtime : 1448605265 ;
msgtype : event ;
eventkey : http://mp.weixin.qq.com/s?__biz=MzA5MzE5NzExNw==&mid=10001097&idx=1&sn=8338ffe385dcd8dd1f376fc1a2fd50ff&scene=18#rd ;

2015-11-27 14:21:03 params :
------------
Array:
rule : -2 ;
module :  ;
message : Array ;

2015-11-27 14:21:03 response :
------------

2015-11-27 14:21:06 trace :
------------
Array:
from : oqCObuB-WJSlYDP1Y-9YJiPHDoF4 ;
to : gh_5013f37369ce ;
time : 1448605269 ;
type : event ;
event : VIEW ;
tousername : gh_5013f37369ce ;
fromusername : oqCObuB-WJSlYDP1Y-9YJiPHDoF4 ;
createtime : 1448605269 ;
msgtype : event ;
eventkey : http://mp.weixin.qq.com/s?__biz=MzA5MzE5NzExNw==&mid=10001097&idx=1&sn=8338ffe385dcd8dd1f376fc1a2fd50ff&scene=18#rd ;

2015-11-27 14:21:06 params :
------------
Array:
rule : -2 ;
module :  ;
message : Array ;

2015-11-27 14:21:06 response :
------------

2015-11-27 14:21:18 trace :
------------
Array:
from : oqCObuB-WJSlYDP1Y-9YJiPHDoF4 ;
to : gh_5013f37369ce ;
time : 1448605280 ;
type : event ;
event : VIEW ;
tousername : gh_5013f37369ce ;
fromusername : oqCObuB-WJSlYDP1Y-9YJiPHDoF4 ;
createtime : 1448605280 ;
msgtype : event ;
eventkey : http://mp.weixin.qq.com/s?__biz=MzA5MzE5NzExNw==&mid=10001097&idx=1&sn=8338ffe385dcd8dd1f376fc1a2fd50ff&scene=18#rd ;

2015-11-27 14:21:18 params :
------------
Array:
rule : -2 ;
module :  ;
message : Array ;

2015-11-27 14:21:18 response :
------------

2015-11-27 14:21:23 trace :
------------
Array:
from : oqCObuB-WJSlYDP1Y-9YJiPHDoF4 ;
to : gh_5013f37369ce ;
time : 1448605285 ;
type : event ;
event : VIEW ;
tousername : gh_5013f37369ce ;
fromusername : oqCObuB-WJSlYDP1Y-9YJiPHDoF4 ;
createtime : 1448605285 ;
msgtype : event ;
eventkey : http://mp.weixin.qq.com/s?__biz=MzA5MzE5NzExNw==&mid=10001097&idx=1&sn=8338ffe385dcd8dd1f376fc1a2fd50ff&scene=18#rd ;

2015-11-27 14:21:23 params :
------------
Array:
rule : -2 ;
module :  ;
message : Array ;

2015-11-27 14:21:23 response :
------------

2015-11-27 14:23:46 trace :
------------
Array:
from : oqCObuMjsXjZswH6n_u4k6s3fy3g ;
to : gh_5013f37369ce ;
time : 1448605426 ;
type : event ;
event : subscribe ;
tousername : gh_5013f37369ce ;
fromusername : oqCObuMjsXjZswH6n_u4k6s3fy3g ;
createtime : 1448605426 ;
msgtype : event ;
eventkey :  ;

2015-11-27 14:23:46 params :
------------
Array:
rule : -2 ;
module :  ;
message : Array ;

2015-11-27 14:23:46 response :
------------

2015-11-27 14:28:14 trace :
------------
Array:
from : oqCObuIXZ1wWjgA2q4MBDoDNbsr8 ;
to : gh_5013f37369ce ;
time : 1448605697 ;
type : event ;
event : subscribe ;
tousername : gh_5013f37369ce ;
fromusername : oqCObuIXZ1wWjgA2q4MBDoDNbsr8 ;
createtime : 1448605697 ;
msgtype : event ;
eventkey :  ;

2015-11-27 14:28:14 params :
------------
Array:
rule : -2 ;
module :  ;
message : Array ;

2015-11-27 14:28:14 response :
------------

2015-11-27 14:31:53 trace :
------------
Array:
from : oqCObuB-WJSlYDP1Y-9YJiPHDoF4 ;
to : gh_5013f37369ce ;
time : 1448605916 ;
type : event ;
event : VIEW ;
tousername : gh_5013f37369ce ;
fromusername : oqCObuB-WJSlYDP1Y-9YJiPHDoF4 ;
createtime : 1448605916 ;
msgtype : event ;
eventkey : http://mp.weixin.qq.com/s?__biz=MzA5MzE5NzExNw==&mid=10001097&idx=1&sn=8338ffe385dcd8dd1f376fc1a2fd50ff&scene=18#rd ;

2015-11-27 14:31:53 params :
------------
Array:
rule : -2 ;
module :  ;
message : Array ;

2015-11-27 14:31:53 response :
------------

2015-11-27 14:34:44 trace :
------------
Array:
from : oqCObuB-WJSlYDP1Y-9YJiPHDoF4 ;
to : gh_5013f37369ce ;
time : 1448606087 ;
type : event ;
event : VIEW ;
tousername : gh_5013f37369ce ;
fromusername : oqCObuB-WJSlYDP1Y-9YJiPHDoF4 ;
createtime : 1448606087 ;
msgtype : event ;
eventkey : http://mp.weixin.qq.com/s?__biz=MzA5MzE5NzExNw==&mid=10001097&idx=1&sn=8338ffe385dcd8dd1f376fc1a2fd50ff&scene=18#rd ;

2015-11-27 14:34:44 params :
------------
Array:
rule : -2 ;
module :  ;
message : Array ;

2015-11-27 14:34:44 response :
------------

2015-11-27 14:41:51 trace :
------------
Array:
from : oqCObuB-WJSlYDP1Y-9YJiPHDoF4 ;
to : gh_5013f37369ce ;
time : 1448606514 ;
type : event ;
event : VIEW ;
tousername : gh_5013f37369ce ;
fromusername : oqCObuB-WJSlYDP1Y-9YJiPHDoF4 ;
createtime : 1448606514 ;
msgtype : event ;
eventkey : http://mp.weixin.qq.com/s?__biz=MzA5MzE5NzExNw==&mid=10001097&idx=1&sn=8338ffe385dcd8dd1f376fc1a2fd50ff&scene=18#rd ;

2015-11-27 14:41:51 params :
------------
Array:
rule : -2 ;
module :  ;
message : Array ;

2015-11-27 14:41:51 response :
------------

2015-11-27 14:42:16 trace :
------------
Array:
from : oqCObuB-WJSlYDP1Y-9YJiPHDoF4 ;
to : gh_5013f37369ce ;
time : 1448606539 ;
type : event ;
event : VIEW ;
tousername : gh_5013f37369ce ;
fromusername : oqCObuB-WJSlYDP1Y-9YJiPHDoF4 ;
createtime : 1448606539 ;
msgtype : event ;
eventkey : http://mp.weixin.qq.com/s?__biz=MzA5MzE5NzExNw==&mid=10001097&idx=1&sn=8338ffe385dcd8dd1f376fc1a2fd50ff&scene=18#rd ;

2015-11-27 14:42:16 params :
------------
Array:
rule : -2 ;
module :  ;
message : Array ;

2015-11-27 14:42:16 response :
------------

2015-11-27 15:00:08 trace :
------------
Array:
from : oqCObuJt6yEFZVd6abP1c_Cf8osA ;
to : gh_5013f37369ce ;
time : 1448607611 ;
type : event ;
event : subscribe ;
tousername : gh_5013f37369ce ;
fromusername : oqCObuJt6yEFZVd6abP1c_Cf8osA ;
createtime : 1448607611 ;
msgtype : event ;
eventkey :  ;

2015-11-27 15:00:08 params :
------------
Array:
rule : -2 ;
module :  ;
message : Array ;

2015-11-27 15:00:08 response :
------------

2015-11-27 15:02:27 trace :
------------
Array:
from : oqCObuH9uI2aery7O-H48NaAYBaw ;
to : gh_5013f37369ce ;
time : 1448607750 ;
type : event ;
event : VIEW ;
tousername : gh_5013f37369ce ;
fromusername : oqCObuH9uI2aery7O-H48NaAYBaw ;
createtime : 1448607750 ;
msgtype : event ;
eventkey : http://mp.weixin.qq.com/s?__biz=MzA5MzE5NzExNw==&mid=10001097&idx=1&sn=8338ffe385dcd8dd1f376fc1a2fd50ff&scene=18#rd ;

2015-11-27 15:02:27 params :
------------
Array:
rule : -2 ;
module :  ;
message : Array ;

2015-11-27 15:02:27 response :
------------

2015-11-27 15:02:40 trace :
------------
Array:
from : oqCObuH9uI2aery7O-H48NaAYBaw ;
to : gh_5013f37369ce ;
time : 1448607763 ;
type : event ;
event : VIEW ;
tousername : gh_5013f37369ce ;
fromusername : oqCObuH9uI2aery7O-H48NaAYBaw ;
createtime : 1448607763 ;
msgtype : event ;
eventkey : http://mp.weixin.qq.com/s?__biz=MzA5MzE5NzExNw==&mid=10001097&idx=1&sn=8338ffe385dcd8dd1f376fc1a2fd50ff&scene=18#rd ;

2015-11-27 15:02:40 params :
------------
Array:
rule : -2 ;
module :  ;
message : Array ;

2015-11-27 15:02:40 response :
------------

2015-11-27 15:06:10 trace :
------------
Array:
from : oqCObuPunFsA59cV5DDdZ_Aj-iT4 ;
to : gh_5013f37369ce ;
time : 1448607973 ;
type : event ;
event : subscribe ;
tousername : gh_5013f37369ce ;
fromusername : oqCObuPunFsA59cV5DDdZ_Aj-iT4 ;
createtime : 1448607973 ;
msgtype : event ;
eventkey :  ;

2015-11-27 15:06:10 params :
------------
Array:
rule : -2 ;
module :  ;
message : Array ;

2015-11-27 15:06:10 response :
------------

2015-11-27 16:01:23 trace :
------------
Array:
from : oqCObuJASPdLuFYZzx9PY3aDAK38 ;
to : gh_5013f37369ce ;
time : 1448611286 ;
type : event ;
event : subscribe ;
tousername : gh_5013f37369ce ;
fromusername : oqCObuJASPdLuFYZzx9PY3aDAK38 ;
createtime : 1448611286 ;
msgtype : event ;
eventkey :  ;

2015-11-27 16:01:23 params :
------------
Array:
rule : -2 ;
module :  ;
message : Array ;

2015-11-27 16:01:23 response :
------------

2015-11-27 16:14:48 trace :
------------
Array:
from : oqCObuDSH3R7wrWAcAzHOor_mG6Q ;
to : gh_5013f37369ce ;
time : 1448612090 ;
type : event ;
event : subscribe ;
tousername : gh_5013f37369ce ;
fromusername : oqCObuDSH3R7wrWAcAzHOor_mG6Q ;
createtime : 1448612090 ;
msgtype : event ;
eventkey :  ;

2015-11-27 16:14:48 params :
------------
Array:
rule : -2 ;
module :  ;
message : Array ;

2015-11-27 16:14:48 response :
------------

2015-11-27 16:16:00 trace :
------------
Array:
from : oqCObuEJNk6z3L_Xj9LbQ-omrEEk ;
to : gh_5013f37369ce ;
time : 1448612162 ;
type : event ;
event : subscribe ;
tousername : gh_5013f37369ce ;
fromusername : oqCObuEJNk6z3L_Xj9LbQ-omrEEk ;
createtime : 1448612162 ;
msgtype : event ;
eventkey :  ;

2015-11-27 16:16:00 params :
------------
Array:
rule : -2 ;
module :  ;
message : Array ;

2015-11-27 16:16:00 response :
------------

2015-11-27 16:16:10 trace :
------------
Array:
from : oqCObuEJNk6z3L_Xj9LbQ-omrEEk ;
to : gh_5013f37369ce ;
time : 1448612173 ;
type : event ;
event : VIEW ;
tousername : gh_5013f37369ce ;
fromusername : oqCObuEJNk6z3L_Xj9LbQ-omrEEk ;
createtime : 1448612173 ;
msgtype : event ;
eventkey : http://mp.weixin.qq.com/s?__biz=MzA5MzE5NzExNw==&mid=10001097&idx=1&sn=8338ffe385dcd8dd1f376fc1a2fd50ff&scene=18#rd ;

2015-11-27 16:16:10 params :
------------
Array:
rule : -2 ;
module :  ;
message : Array ;

2015-11-27 16:16:10 response :
------------

2015-11-27 16:16:17 trace :
------------
Array:
from : oqCObuEJNk6z3L_Xj9LbQ-omrEEk ;
to : gh_5013f37369ce ;
time : 1448612180 ;
type : event ;
event : VIEW ;
tousername : gh_5013f37369ce ;
fromusername : oqCObuEJNk6z3L_Xj9LbQ-omrEEk ;
createtime : 1448612180 ;
msgtype : event ;
eventkey : http://mp.weixin.qq.com/s?__biz=MzA5MzE5NzExNw==&mid=10001097&idx=1&sn=8338ffe385dcd8dd1f376fc1a2fd50ff&scene=18#rd ;

2015-11-27 16:16:17 params :
------------
Array:
rule : -2 ;
module :  ;
message : Array ;

2015-11-27 16:16:17 response :
------------

2015-11-27 16:16:24 trace :
------------
Array:
from : oqCObuEJNk6z3L_Xj9LbQ-omrEEk ;
to : gh_5013f37369ce ;
time : 1448612187 ;
type : event ;
event : VIEW ;
tousername : gh_5013f37369ce ;
fromusername : oqCObuEJNk6z3L_Xj9LbQ-omrEEk ;
createtime : 1448612187 ;
msgtype : event ;
eventkey : http://mp.weixin.qq.com/s?__biz=MzA5MzE5NzExNw==&mid=10001097&idx=1&sn=8338ffe385dcd8dd1f376fc1a2fd50ff&scene=18#rd ;

2015-11-27 16:16:24 params :
------------
Array:
rule : -2 ;
module :  ;
message : Array ;

2015-11-27 16:16:24 response :
------------

2015-11-27 16:16:34 trace :
------------
Array:
from : oqCObuEJNk6z3L_Xj9LbQ-omrEEk ;
to : gh_5013f37369ce ;
time : 1448612197 ;
type : event ;
event : VIEW ;
tousername : gh_5013f37369ce ;
fromusername : oqCObuEJNk6z3L_Xj9LbQ-omrEEk ;
createtime : 1448612197 ;
msgtype : event ;
eventkey : http://mp.weixin.qq.com/s?__biz=MzA5MzE5NzExNw==&mid=10001097&idx=1&sn=8338ffe385dcd8dd1f376fc1a2fd50ff&scene=18#rd ;

2015-11-27 16:16:34 params :
------------
Array:
rule : -2 ;
module :  ;
message : Array ;

2015-11-27 16:16:34 response :
------------

2015-11-27 16:16:38 trace :
------------
Array:
from : oqCObuEJNk6z3L_Xj9LbQ-omrEEk ;
to : gh_5013f37369ce ;
time : 1448612201 ;
type : event ;
event : VIEW ;
tousername : gh_5013f37369ce ;
fromusername : oqCObuEJNk6z3L_Xj9LbQ-omrEEk ;
createtime : 1448612201 ;
msgtype : event ;
eventkey : http://mp.weixin.qq.com/s?__biz=MzA5MzE5NzExNw==&mid=10001097&idx=1&sn=8338ffe385dcd8dd1f376fc1a2fd50ff&scene=18#rd ;

2015-11-27 16:16:38 params :
------------
Array:
rule : -2 ;
module :  ;
message : Array ;

2015-11-27 16:16:38 response :
------------

2015-11-27 16:16:41 trace :
------------
Array:
from : oqCObuEJNk6z3L_Xj9LbQ-omrEEk ;
to : gh_5013f37369ce ;
time : 1448612204 ;
type : event ;
event : VIEW ;
tousername : gh_5013f37369ce ;
fromusername : oqCObuEJNk6z3L_Xj9LbQ-omrEEk ;
createtime : 1448612204 ;
msgtype : event ;
eventkey : http://mp.weixin.qq.com/s?__biz=MzA5MzE5NzExNw==&mid=10001097&idx=1&sn=8338ffe385dcd8dd1f376fc1a2fd50ff&scene=18#rd ;

2015-11-27 16:16:41 params :
------------
Array:
rule : -2 ;
module :  ;
message : Array ;

2015-11-27 16:16:41 response :
------------

2015-11-27 16:16:45 trace :
------------
Array:
from : oqCObuEJNk6z3L_Xj9LbQ-omrEEk ;
to : gh_5013f37369ce ;
time : 1448612208 ;
type : event ;
event : VIEW ;
tousername : gh_5013f37369ce ;
fromusername : oqCObuEJNk6z3L_Xj9LbQ-omrEEk ;
createtime : 1448612208 ;
msgtype : event ;
eventkey : http://mp.weixin.qq.com/s?__biz=MzA5MzE5NzExNw==&mid=10001097&idx=1&sn=8338ffe385dcd8dd1f376fc1a2fd50ff&scene=18#rd ;

2015-11-27 16:16:45 params :
------------
Array:
rule : -2 ;
module :  ;
message : Array ;

2015-11-27 16:16:45 response :
------------

2015-11-27 16:17:02 trace :
------------
Array:
from : oqCObuEJNk6z3L_Xj9LbQ-omrEEk ;
to : gh_5013f37369ce ;
time : 1448612224 ;
type : event ;
event : VIEW ;
tousername : gh_5013f37369ce ;
fromusername : oqCObuEJNk6z3L_Xj9LbQ-omrEEk ;
createtime : 1448612224 ;
msgtype : event ;
eventkey : http://mp.weixin.qq.com/s?__biz=MzA5MzE5NzExNw==&mid=10001097&idx=1&sn=8338ffe385dcd8dd1f376fc1a2fd50ff&scene=18#rd ;

2015-11-27 16:17:02 params :
------------
Array:
rule : -2 ;
module :  ;
message : Array ;

2015-11-27 16:17:02 response :
------------

2015-11-27 16:17:06 trace :
------------
Array:
from : oqCObuEJNk6z3L_Xj9LbQ-omrEEk ;
to : gh_5013f37369ce ;
time : 1448612228 ;
type : event ;
event : VIEW ;
tousername : gh_5013f37369ce ;
fromusername : oqCObuEJNk6z3L_Xj9LbQ-omrEEk ;
createtime : 1448612228 ;
msgtype : event ;
eventkey : http://mp.weixin.qq.com/s?__biz=MzA5MzE5NzExNw==&mid=10001097&idx=1&sn=8338ffe385dcd8dd1f376fc1a2fd50ff&scene=18#rd ;

2015-11-27 16:17:06 params :
------------
Array:
rule : -2 ;
module :  ;
message : Array ;

2015-11-27 16:17:06 response :
------------

2015-11-27 16:17:09 trace :
------------
Array:
from : oqCObuEJNk6z3L_Xj9LbQ-omrEEk ;
to : gh_5013f37369ce ;
time : 1448612232 ;
type : event ;
event : VIEW ;
tousername : gh_5013f37369ce ;
fromusername : oqCObuEJNk6z3L_Xj9LbQ-omrEEk ;
createtime : 1448612232 ;
msgtype : event ;
eventkey : http://mp.weixin.qq.com/s?__biz=MzA5MzE5NzExNw==&mid=10001097&idx=1&sn=8338ffe385dcd8dd1f376fc1a2fd50ff&scene=18#rd ;

2015-11-27 16:17:09 params :
------------
Array:
rule : -2 ;
module :  ;
message : Array ;

2015-11-27 16:17:09 response :
------------

2015-11-27 16:17:15 trace :
------------
Array:
from : oqCObuEJNk6z3L_Xj9LbQ-omrEEk ;
to : gh_5013f37369ce ;
time : 1448612237 ;
type : event ;
event : VIEW ;
tousername : gh_5013f37369ce ;
fromusername : oqCObuEJNk6z3L_Xj9LbQ-omrEEk ;
createtime : 1448612237 ;
msgtype : event ;
eventkey : http://mp.weixin.qq.com/s?__biz=MzA5MzE5NzExNw==&mid=10001097&idx=1&sn=8338ffe385dcd8dd1f376fc1a2fd50ff&scene=18#rd ;

2015-11-27 16:17:15 params :
------------
Array:
rule : -2 ;
module :  ;
message : Array ;

2015-11-27 16:17:15 response :
------------

2015-11-27 16:17:19 trace :
------------
Array:
from : oqCObuEJNk6z3L_Xj9LbQ-omrEEk ;
to : gh_5013f37369ce ;
time : 1448612242 ;
type : event ;
event : VIEW ;
tousername : gh_5013f37369ce ;
fromusername : oqCObuEJNk6z3L_Xj9LbQ-omrEEk ;
createtime : 1448612242 ;
msgtype : event ;
eventkey : http://mp.weixin.qq.com/s?__biz=MzA5MzE5NzExNw==&mid=10001097&idx=1&sn=8338ffe385dcd8dd1f376fc1a2fd50ff&scene=18#rd ;

2015-11-27 16:17:19 params :
------------
Array:
rule : -2 ;
module :  ;
message : Array ;

2015-11-27 16:17:19 response :
------------

2015-11-27 16:30:50 trace :
------------
Array:
from : oqCObuNHDMdR5UU9N9HKibYf_hBY ;
to : gh_5013f37369ce ;
time : 1448613053 ;
type : event ;
event : VIEW ;
tousername : gh_5013f37369ce ;
fromusername : oqCObuNHDMdR5UU9N9HKibYf_hBY ;
createtime : 1448613053 ;
msgtype : event ;
eventkey : http://mp.weixin.qq.com/s?__biz=MzA5MzE5NzExNw==&mid=10001097&idx=1&sn=8338ffe385dcd8dd1f376fc1a2fd50ff&scene=18#rd ;

2015-11-27 16:30:50 params :
------------
Array:
rule : -2 ;
module :  ;
message : Array ;

2015-11-27 16:30:50 response :
------------

2015-11-27 16:31:08 trace :
------------
Array:
from : oqCObuNHDMdR5UU9N9HKibYf_hBY ;
to : gh_5013f37369ce ;
time : 1448613071 ;
type : event ;
event : VIEW ;
tousername : gh_5013f37369ce ;
fromusername : oqCObuNHDMdR5UU9N9HKibYf_hBY ;
createtime : 1448613071 ;
msgtype : event ;
eventkey : http://mp.weixin.qq.com/s?__biz=MzA5MzE5NzExNw==&mid=10001097&idx=1&sn=8338ffe385dcd8dd1f376fc1a2fd50ff&scene=18#rd ;

2015-11-27 16:31:08 params :
------------
Array:
rule : -2 ;
module :  ;
message : Array ;

2015-11-27 16:31:08 response :
------------

2015-11-27 16:31:21 trace :
------------
Array:
from : oqCObuNHDMdR5UU9N9HKibYf_hBY ;
to : gh_5013f37369ce ;
time : 1448613084 ;
type : event ;
event : VIEW ;
tousername : gh_5013f37369ce ;
fromusername : oqCObuNHDMdR5UU9N9HKibYf_hBY ;
createtime : 1448613084 ;
msgtype : event ;
eventkey : http://mp.weixin.qq.com/s?__biz=MzA5MzE5NzExNw==&mid=10001097&idx=1&sn=8338ffe385dcd8dd1f376fc1a2fd50ff&scene=18#rd ;

2015-11-27 16:31:21 params :
------------
Array:
rule : -2 ;
module :  ;
message : Array ;

2015-11-27 16:31:21 response :
------------

2015-11-27 16:31:38 trace :
------------
Array:
from : oqCObuNHDMdR5UU9N9HKibYf_hBY ;
to : gh_5013f37369ce ;
time : 1448613101 ;
type : event ;
event : VIEW ;
tousername : gh_5013f37369ce ;
fromusername : oqCObuNHDMdR5UU9N9HKibYf_hBY ;
createtime : 1448613101 ;
msgtype : event ;
eventkey : http://mp.weixin.qq.com/s?__biz=MzA5MzE5NzExNw==&mid=10001097&idx=1&sn=8338ffe385dcd8dd1f376fc1a2fd50ff&scene=18#rd ;

2015-11-27 16:31:38 params :
------------
Array:
rule : -2 ;
module :  ;
message : Array ;

2015-11-27 16:31:38 response :
------------

2015-11-27 16:31:50 trace :
------------
Array:
from : oqCObuNHDMdR5UU9N9HKibYf_hBY ;
to : gh_5013f37369ce ;
time : 1448613112 ;
type : event ;
event : VIEW ;
tousername : gh_5013f37369ce ;
fromusername : oqCObuNHDMdR5UU9N9HKibYf_hBY ;
createtime : 1448613112 ;
msgtype : event ;
eventkey : http://mp.weixin.qq.com/s?__biz=MzA5MzE5NzExNw==&mid=10001097&idx=1&sn=8338ffe385dcd8dd1f376fc1a2fd50ff&scene=18#rd ;

2015-11-27 16:31:50 params :
------------
Array:
rule : -2 ;
module :  ;
message : Array ;

2015-11-27 16:31:50 response :
------------

2015-11-27 16:32:34 trace :
------------
Array:
from : oqCObuNHDMdR5UU9N9HKibYf_hBY ;
to : gh_5013f37369ce ;
time : 1448613156 ;
type : event ;
event : VIEW ;
tousername : gh_5013f37369ce ;
fromusername : oqCObuNHDMdR5UU9N9HKibYf_hBY ;
createtime : 1448613156 ;
msgtype : event ;
eventkey : http://mp.weixin.qq.com/s?__biz=MzA5MzE5NzExNw==&mid=10001097&idx=1&sn=8338ffe385dcd8dd1f376fc1a2fd50ff&scene=18#rd ;

2015-11-27 16:32:34 params :
------------
Array:
rule : -2 ;
module :  ;
message : Array ;

2015-11-27 16:32:34 response :
------------

2015-11-27 16:42:27 trace :
------------
Array:
from : oqCObuDRy4_nSrCF_YhlJLGWXlrw ;
to : gh_5013f37369ce ;
time : 1448613750 ;
type : event ;
event : subscribe ;
tousername : gh_5013f37369ce ;
fromusername : oqCObuDRy4_nSrCF_YhlJLGWXlrw ;
createtime : 1448613750 ;
msgtype : event ;
eventkey :  ;

2015-11-27 16:42:27 params :
------------
Array:
rule : -2 ;
module :  ;
message : Array ;

2015-11-27 16:42:27 response :
------------

2015-11-27 16:43:27 trace :
------------
Array:
from : oqCObuDRy4_nSrCF_YhlJLGWXlrw ;
to : gh_5013f37369ce ;
time : 1448613810 ;
type : event ;
event : VIEW ;
tousername : gh_5013f37369ce ;
fromusername : oqCObuDRy4_nSrCF_YhlJLGWXlrw ;
createtime : 1448613810 ;
msgtype : event ;
eventkey : http://mp.weixin.qq.com/s?__biz=MzA5MzE5NzExNw==&mid=10001097&idx=1&sn=8338ffe385dcd8dd1f376fc1a2fd50ff&scene=18#rd ;

2015-11-27 16:43:27 params :
------------
Array:
rule : -2 ;
module :  ;
message : Array ;

2015-11-27 16:43:27 response :
------------

2015-11-27 16:52:17 trace :
------------
Array:
from : oqCObuOB1-XBilpy26g6ENW-ypt4 ;
to : gh_5013f37369ce ;
time : 1448614339 ;
type : event ;
event : subscribe ;
tousername : gh_5013f37369ce ;
fromusername : oqCObuOB1-XBilpy26g6ENW-ypt4 ;
createtime : 1448614339 ;
msgtype : event ;
eventkey :  ;

2015-11-27 16:52:17 params :
------------
Array:
rule : -2 ;
module :  ;
message : Array ;

2015-11-27 16:52:17 response :
------------

2015-11-27 16:57:11 trace :
------------
Array:
from : oqCObuAdp5A1QBhhwcRtjVvq_Qzk ;
to : gh_5013f37369ce ;
time : 1448614634 ;
type : event ;
event : subscribe ;
tousername : gh_5013f37369ce ;
fromusername : oqCObuAdp5A1QBhhwcRtjVvq_Qzk ;
createtime : 1448614634 ;
msgtype : event ;
eventkey :  ;

2015-11-27 16:57:11 params :
------------
Array:
rule : -2 ;
module :  ;
message : Array ;

2015-11-27 16:57:11 response :
------------

2015-11-27 18:14:22 trace :
------------
Array:
from : oqCObuMT67VmNuw3FNwefgYhaQzs ;
to : gh_5013f37369ce ;
time : 1448619262 ;
type : event ;
event : VIEW ;
tousername : gh_5013f37369ce ;
fromusername : oqCObuMT67VmNuw3FNwefgYhaQzs ;
createtime : 1448619262 ;
msgtype : event ;
eventkey : http://mp.weixin.qq.com/s?__biz=MzA5MzE5NzExNw==&mid=10001097&idx=1&sn=8338ffe385dcd8dd1f376fc1a2fd50ff&scene=18#rd ;

2015-11-27 18:14:22 params :
------------
Array:
rule : -2 ;
module :  ;
message : Array ;

2015-11-27 18:14:22 response :
------------

2015-11-27 18:15:05 trace :
------------
Array:
from : oqCObuMT67VmNuw3FNwefgYhaQzs ;
to : gh_5013f37369ce ;
time : 1448619308 ;
type : event ;
event : VIEW ;
tousername : gh_5013f37369ce ;
fromusername : oqCObuMT67VmNuw3FNwefgYhaQzs ;
createtime : 1448619308 ;
msgtype : event ;
eventkey : http://mp.weixin.qq.com/s?__biz=MzA5MzE5NzExNw==&mid=10001097&idx=1&sn=8338ffe385dcd8dd1f376fc1a2fd50ff&scene=18#rd ;

2015-11-27 18:15:05 params :
------------
Array:
rule : -2 ;
module :  ;
message : Array ;

2015-11-27 18:15:05 response :
------------

2015-11-27 18:24:56 trace :
------------
Array:
from : oqCObuMT67VmNuw3FNwefgYhaQzs ;
to : gh_5013f37369ce ;
time : 1448619896 ;
type : event ;
event : VIEW ;
tousername : gh_5013f37369ce ;
fromusername : oqCObuMT67VmNuw3FNwefgYhaQzs ;
createtime : 1448619896 ;
msgtype : event ;
eventkey : http://mp.weixin.qq.com/s?__biz=MzA5MzE5NzExNw==&mid=10001097&idx=1&sn=8338ffe385dcd8dd1f376fc1a2fd50ff&scene=18#rd ;

2015-11-27 18:24:56 params :
------------
Array:
rule : -2 ;
module :  ;
message : Array ;

2015-11-27 18:24:56 response :
------------

2015-11-27 18:30:21 trace :
------------
Array:
from : oqCObuEcQubFMMWevs8sVipwzBp8 ;
to : gh_5013f37369ce ;
time : 1448620221 ;
type : event ;
event : subscribe ;
tousername : gh_5013f37369ce ;
fromusername : oqCObuEcQubFMMWevs8sVipwzBp8 ;
createtime : 1448620221 ;
msgtype : event ;
eventkey :  ;

2015-11-27 18:30:21 params :
------------
Array:
rule : -2 ;
module :  ;
message : Array ;

2015-11-27 18:30:21 response :
------------

2015-11-27 18:36:49 trace :
------------
Array:
from : oqCObuMT67VmNuw3FNwefgYhaQzs ;
to : gh_5013f37369ce ;
time : 1448620611 ;
type : event ;
event : VIEW ;
tousername : gh_5013f37369ce ;
fromusername : oqCObuMT67VmNuw3FNwefgYhaQzs ;
createtime : 1448620611 ;
msgtype : event ;
eventkey : http://mp.weixin.qq.com/s?__biz=MzA5MzE5NzExNw==&mid=10001097&idx=1&sn=8338ffe385dcd8dd1f376fc1a2fd50ff&scene=18#rd ;

2015-11-27 18:36:49 params :
------------
Array:
rule : -2 ;
module :  ;
message : Array ;

2015-11-27 18:36:49 response :
------------

2015-11-27 18:38:58 trace :
------------
Array:
from : oqCObuC2Fo82NMBlBQt7ztG-MgQY ;
to : gh_5013f37369ce ;
time : 1448620741 ;
type : event ;
event : subscribe ;
tousername : gh_5013f37369ce ;
fromusername : oqCObuC2Fo82NMBlBQt7ztG-MgQY ;
createtime : 1448620741 ;
msgtype : event ;
eventkey :  ;

2015-11-27 18:38:58 params :
------------
Array:
rule : -2 ;
module :  ;
message : Array ;

2015-11-27 18:38:58 response :
------------

2015-11-27 18:53:39 trace :
------------
Array:
from : oqCObuHVG8QqWvmty-GW_MWgQNPA ;
to : gh_5013f37369ce ;
time : 1448621619 ;
type : event ;
event : subscribe ;
tousername : gh_5013f37369ce ;
fromusername : oqCObuHVG8QqWvmty-GW_MWgQNPA ;
createtime : 1448621619 ;
msgtype : event ;
eventkey :  ;

2015-11-27 18:53:39 params :
------------
Array:
rule : -2 ;
module :  ;
message : Array ;

2015-11-27 18:53:39 response :
------------

2015-11-27 19:00:38 trace :
------------
Array:
from : oqCObuP9CZAyfjNsBSvhabw__uFY ;
to : gh_5013f37369ce ;
time : 1448622040 ;
type : event ;
event : subscribe ;
tousername : gh_5013f37369ce ;
fromusername : oqCObuP9CZAyfjNsBSvhabw__uFY ;
createtime : 1448622040 ;
msgtype : event ;
eventkey :  ;

2015-11-27 19:00:38 params :
------------
Array:
rule : -2 ;
module :  ;
message : Array ;

2015-11-27 19:00:38 response :
------------

2015-11-27 19:02:13 trace :
------------
Array:
from : oqCObuEga0AOlBy_RFY_mqYTFJdQ ;
to : gh_5013f37369ce ;
time : 1448622136 ;
type : event ;
event : subscribe ;
tousername : gh_5013f37369ce ;
fromusername : oqCObuEga0AOlBy_RFY_mqYTFJdQ ;
createtime : 1448622136 ;
msgtype : event ;
eventkey :  ;

2015-11-27 19:02:13 params :
------------
Array:
rule : -2 ;
module :  ;
message : Array ;

2015-11-27 19:02:13 response :
------------

2015-11-27 19:07:09 trace :
------------
Array:
from : oqCObuNwrtO32hflvrIw4QnC1rnA ;
to : gh_5013f37369ce ;
time : 1448622432 ;
type : event ;
event : VIEW ;
tousername : gh_5013f37369ce ;
fromusername : oqCObuNwrtO32hflvrIw4QnC1rnA ;
createtime : 1448622432 ;
msgtype : event ;
eventkey : http://mp.weixin.qq.com/s?__biz=MzA5MzE5NzExNw==&mid=10001097&idx=1&sn=8338ffe385dcd8dd1f376fc1a2fd50ff&scene=18#rd ;

2015-11-27 19:07:09 params :
------------
Array:
rule : -2 ;
module :  ;
message : Array ;

2015-11-27 19:07:09 response :
------------

2015-11-27 19:08:09 trace :
------------
Array:
from : oqCObuNNzKHxi3e-zJqWtOFxiJm0 ;
to : gh_5013f37369ce ;
time : 1448622492 ;
type : event ;
event : subscribe ;
tousername : gh_5013f37369ce ;
fromusername : oqCObuNNzKHxi3e-zJqWtOFxiJm0 ;
createtime : 1448622492 ;
msgtype : event ;
eventkey :  ;

2015-11-27 19:08:09 params :
------------
Array:
rule : -2 ;
module :  ;
message : Array ;

2015-11-27 19:08:09 response :
------------

2015-11-27 19:09:23 trace :
------------
Array:
from : oqCObuBlgqoE80QndRNiVMe15DIA ;
to : gh_5013f37369ce ;
time : 1448622566 ;
type : event ;
event : subscribe ;
tousername : gh_5013f37369ce ;
fromusername : oqCObuBlgqoE80QndRNiVMe15DIA ;
createtime : 1448622566 ;
msgtype : event ;
eventkey :  ;

2015-11-27 19:09:23 params :
------------
Array:
rule : -2 ;
module :  ;
message : Array ;

2015-11-27 19:09:23 response :
------------

2015-11-27 19:14:09 trace :
------------
Array:
from : oqCObuBiUIpMw7SrUjTG8055xaQw ;
to : gh_5013f37369ce ;
time : 1448622852 ;
type : event ;
event : subscribe ;
tousername : gh_5013f37369ce ;
fromusername : oqCObuBiUIpMw7SrUjTG8055xaQw ;
createtime : 1448622852 ;
msgtype : event ;
eventkey :  ;

2015-11-27 19:14:09 params :
------------
Array:
rule : -2 ;
module :  ;
message : Array ;

2015-11-27 19:14:09 response :
------------

2015-11-27 19:16:30 trace :
------------
Array:
from : oqCObuBiUIpMw7SrUjTG8055xaQw ;
to : gh_5013f37369ce ;
time : 1448622990 ;
type : event ;
event : VIEW ;
tousername : gh_5013f37369ce ;
fromusername : oqCObuBiUIpMw7SrUjTG8055xaQw ;
createtime : 1448622990 ;
msgtype : event ;
eventkey : http://mp.weixin.qq.com/s?__biz=MzA5MzE5NzExNw==&mid=10001097&idx=1&sn=8338ffe385dcd8dd1f376fc1a2fd50ff&scene=18#rd ;

2015-11-27 19:16:30 params :
------------
Array:
rule : -2 ;
module :  ;
message : Array ;

2015-11-27 19:16:30 response :
------------

2015-11-27 19:31:10 trace :
------------
Array:
from : oqCObuLV7PhE9pmGlPxg6PlS0vek ;
to : gh_5013f37369ce ;
time : 1448623873 ;
type : event ;
event : subscribe ;
tousername : gh_5013f37369ce ;
fromusername : oqCObuLV7PhE9pmGlPxg6PlS0vek ;
createtime : 1448623873 ;
msgtype : event ;
eventkey :  ;

2015-11-27 19:31:10 params :
------------
Array:
rule : -2 ;
module :  ;
message : Array ;

2015-11-27 19:31:10 response :
------------

2015-11-27 19:49:27 trace :
------------
Array:
from : oqCObuKzO3PHlJvypCdOHUybAY20 ;
to : gh_5013f37369ce ;
time : 1448624970 ;
type : event ;
event : subscribe ;
tousername : gh_5013f37369ce ;
fromusername : oqCObuKzO3PHlJvypCdOHUybAY20 ;
createtime : 1448624970 ;
msgtype : event ;
eventkey :  ;

2015-11-27 19:49:27 params :
------------
Array:
rule : -2 ;
module :  ;
message : Array ;

2015-11-27 19:49:27 response :
------------

2015-11-27 19:50:33 trace :
------------
Array:
from : oqCObuI1Ou72XRlbQlZpWiTiBqOA ;
to : gh_5013f37369ce ;
time : 1448625036 ;
type : event ;
event : subscribe ;
tousername : gh_5013f37369ce ;
fromusername : oqCObuI1Ou72XRlbQlZpWiTiBqOA ;
createtime : 1448625036 ;
msgtype : event ;
eventkey :  ;

2015-11-27 19:50:33 params :
------------
Array:
rule : -2 ;
module :  ;
message : Array ;

2015-11-27 19:50:33 response :
------------

2015-11-27 20:35:46 trace :
------------
Array:
from : oqCObuCowHr3p2DtgCDyOVgcfYL0 ;
to : gh_5013f37369ce ;
time : 1448627749 ;
type : event ;
event : subscribe ;
tousername : gh_5013f37369ce ;
fromusername : oqCObuCowHr3p2DtgCDyOVgcfYL0 ;
createtime : 1448627749 ;
msgtype : event ;
eventkey :  ;

2015-11-27 20:35:46 params :
------------
Array:
rule : -2 ;
module :  ;
message : Array ;

2015-11-27 20:35:46 response :
------------

2015-11-27 20:58:16 trace :
------------
Array:
from : oqCObuKzSfMd7r1IooI5MX2N0GJY ;
to : gh_5013f37369ce ;
time : 1448629099 ;
type : event ;
event : subscribe ;
tousername : gh_5013f37369ce ;
fromusername : oqCObuKzSfMd7r1IooI5MX2N0GJY ;
createtime : 1448629099 ;
msgtype : event ;
eventkey :  ;

2015-11-27 20:58:16 params :
------------
Array:
rule : -2 ;
module :  ;
message : Array ;

2015-11-27 20:58:16 response :
------------

2015-11-27 21:03:03 trace :
------------
Array:
from : oqCObuB0eTCdM7xOdjt7DMkuLV48 ;
to : gh_5013f37369ce ;
time : 1448629386 ;
type : event ;
event : subscribe ;
tousername : gh_5013f37369ce ;
fromusername : oqCObuB0eTCdM7xOdjt7DMkuLV48 ;
createtime : 1448629386 ;
msgtype : event ;
eventkey :  ;

2015-11-27 21:03:03 params :
------------
Array:
rule : -2 ;
module :  ;
message : Array ;

2015-11-27 21:03:03 response :
------------

2015-11-27 22:11:41 trace :
------------
Array:
from : oqCObuHBCR3Tw6kCc_2F-xFY9Gbo ;
to : gh_5013f37369ce ;
time : 1448633503 ;
type : event ;
event : subscribe ;
tousername : gh_5013f37369ce ;
fromusername : oqCObuHBCR3Tw6kCc_2F-xFY9Gbo ;
createtime : 1448633503 ;
msgtype : event ;
eventkey :  ;

2015-11-27 22:11:41 params :
------------
Array:
rule : -2 ;
module :  ;
message : Array ;

2015-11-27 22:11:41 response :
------------

