2015-12-28 10:34:38 trace :
------------
Array:
from : oqCObuHXMBZ8GQe6KAA8lGM7nEoA ;
to : gh_5013f37369ce ;
time : 1451270078 ;
type : event ;
event : VIEW ;
tousername : gh_5013f37369ce ;
fromusername : oqCObuHXMBZ8GQe6KAA8lGM7nEoA ;
createtime : 1451270078 ;
msgtype : event ;
eventkey : http://mp.weixin.qq.com/s?__biz=MzA5MzE5NzExNw==&mid=10001097&idx=1&sn=8338ffe385dcd8dd1f376fc1a2fd50ff&scene=18#rd ;
menuid : 0 ;

2015-12-28 10:34:38 params :
------------
Array:
rule : -2 ;
module :  ;
message : Array ;

2015-12-28 10:34:38 response :
------------

2015-12-28 10:34:45 trace :
------------
Array:
from : oqCObuHXMBZ8GQe6KAA8lGM7nEoA ;
to : gh_5013f37369ce ;
time : 1451270088 ;
type : event ;
event : VIEW ;
tousername : gh_5013f37369ce ;
fromusername : oqCObuHXMBZ8GQe6KAA8lGM7nEoA ;
createtime : 1451270088 ;
msgtype : event ;
eventkey : http://mp.weixin.qq.com/s?__biz=MzA5MzE5NzExNw==&mid=10001097&idx=1&sn=8338ffe385dcd8dd1f376fc1a2fd50ff&scene=18#rd ;
menuid : 0 ;

2015-12-28 10:34:45 params :
------------
Array:
rule : -2 ;
module :  ;
message : Array ;

2015-12-28 10:34:45 response :
------------

2015-12-28 15:23:55 trace :
------------
Array:
from : oqCObuKJ8swBIvpy1sD8iHUnHWAs ;
to : gh_5013f37369ce ;
time : 1451287435 ;
type : event ;
event : VIEW ;
tousername : gh_5013f37369ce ;
fromusername : oqCObuKJ8swBIvpy1sD8iHUnHWAs ;
createtime : 1451287435 ;
msgtype : event ;
eventkey : http://mp.weixin.qq.com/s?__biz=MzA5MzE5NzExNw==&mid=10001097&idx=1&sn=8338ffe385dcd8dd1f376fc1a2fd50ff&scene=18#rd ;
menuid : 208007648 ;

2015-12-28 15:23:55 params :
------------
Array:
rule : -2 ;
module :  ;
message : Array ;

2015-12-28 15:23:55 response :
------------

2015-12-28 15:24:30 trace :
------------
Array:
from : oqCObuBKTDgrXq1ZnZdB5MGRd7oQ ;
to : gh_5013f37369ce ;
time : 1451287470 ;
type : event ;
event : VIEW ;
tousername : gh_5013f37369ce ;
fromusername : oqCObuBKTDgrXq1ZnZdB5MGRd7oQ ;
createtime : 1451287470 ;
msgtype : event ;
eventkey : http://mp.weixin.qq.com/s?__biz=MzA5MzE5NzExNw==&mid=10001097&idx=1&sn=8338ffe385dcd8dd1f376fc1a2fd50ff&scene=18#rd ;
menuid : 208007648 ;

2015-12-28 15:24:30 params :
------------
Array:
rule : -2 ;
module :  ;
message : Array ;

2015-12-28 15:24:30 response :
------------

2015-12-28 15:27:44 trace :
------------
Array:
from : oqCObuE3MsYYJudp5SBEWe5PJBpE ;
to : gh_5013f37369ce ;
time : 1451287667 ;
type : event ;
event : subscribe ;
tousername : gh_5013f37369ce ;
fromusername : oqCObuE3MsYYJudp5SBEWe5PJBpE ;
createtime : 1451287667 ;
msgtype : event ;
eventkey :  ;

2015-12-28 15:27:44 params :
------------
Array:
rule : -2 ;
module :  ;
message : Array ;

2015-12-28 15:27:44 response :
------------

2015-12-28 15:27:49 trace :
------------
Array:
from : oqCObuE3MsYYJudp5SBEWe5PJBpE ;
to : gh_5013f37369ce ;
time : 1451287672 ;
type : event ;
event : VIEW ;
tousername : gh_5013f37369ce ;
fromusername : oqCObuE3MsYYJudp5SBEWe5PJBpE ;
createtime : 1451287672 ;
msgtype : event ;
eventkey : http://mp.weixin.qq.com/s?__biz=MzA5MzE5NzExNw==&mid=10001097&idx=1&sn=8338ffe385dcd8dd1f376fc1a2fd50ff&scene=18#rd ;
menuid : 208007648 ;

2015-12-28 15:27:49 params :
------------
Array:
rule : -2 ;
module :  ;
message : Array ;

2015-12-28 15:27:49 response :
------------

2015-12-28 15:28:16 trace :
------------
Array:
from : oqCObuE3MsYYJudp5SBEWe5PJBpE ;
to : gh_5013f37369ce ;
time : 1451287699 ;
type : event ;
event : VIEW ;
tousername : gh_5013f37369ce ;
fromusername : oqCObuE3MsYYJudp5SBEWe5PJBpE ;
createtime : 1451287699 ;
msgtype : event ;
eventkey : http://mp.weixin.qq.com/s?__biz=MzA5MzE5NzExNw==&mid=10001097&idx=1&sn=8338ffe385dcd8dd1f376fc1a2fd50ff&scene=18#rd ;
menuid : 208007648 ;

2015-12-28 15:28:16 params :
------------
Array:
rule : -2 ;
module :  ;
message : Array ;

2015-12-28 15:28:16 response :
------------

2015-12-28 15:28:38 trace :
------------
Array:
from : oqCObuE3MsYYJudp5SBEWe5PJBpE ;
to : gh_5013f37369ce ;
time : 1451287721 ;
type : event ;
event : VIEW ;
tousername : gh_5013f37369ce ;
fromusername : oqCObuE3MsYYJudp5SBEWe5PJBpE ;
createtime : 1451287721 ;
msgtype : event ;
eventkey : http://mp.weixin.qq.com/s?__biz=MzA5MzE5NzExNw==&mid=10001097&idx=1&sn=8338ffe385dcd8dd1f376fc1a2fd50ff&scene=18#rd ;
menuid : 208007648 ;

2015-12-28 15:28:38 params :
------------
Array:
rule : -2 ;
module :  ;
message : Array ;

2015-12-28 15:28:38 response :
------------

2015-12-28 15:28:44 trace :
------------
Array:
from : oqCObuE3MsYYJudp5SBEWe5PJBpE ;
to : gh_5013f37369ce ;
time : 1451287727 ;
type : event ;
event : VIEW ;
tousername : gh_5013f37369ce ;
fromusername : oqCObuE3MsYYJudp5SBEWe5PJBpE ;
createtime : 1451287727 ;
msgtype : event ;
eventkey : http://mp.weixin.qq.com/s?__biz=MzA5MzE5NzExNw==&mid=10001097&idx=1&sn=8338ffe385dcd8dd1f376fc1a2fd50ff&scene=18#rd ;
menuid : 208007648 ;

2015-12-28 15:28:44 params :
------------
Array:
rule : -2 ;
module :  ;
message : Array ;

2015-12-28 15:28:44 response :
------------

2015-12-28 16:07:45 trace :
------------
Array:
from : oqCObuKJ8swBIvpy1sD8iHUnHWAs ;
to : gh_5013f37369ce ;
time : 1451290068 ;
type : event ;
event : VIEW ;
tousername : gh_5013f37369ce ;
fromusername : oqCObuKJ8swBIvpy1sD8iHUnHWAs ;
createtime : 1451290068 ;
msgtype : event ;
eventkey : http://mp.weixin.qq.com/s?__biz=MzA5MzE5NzExNw==&mid=10001097&idx=1&sn=8338ffe385dcd8dd1f376fc1a2fd50ff&scene=18#rd ;
menuid : 208007648 ;

2015-12-28 16:07:45 params :
------------
Array:
rule : -2 ;
module :  ;
message : Array ;

2015-12-28 16:07:45 response :
------------

2015-12-28 16:21:41 trace :
------------
Array:
from : oqCObuEow4muyK3CRWrIHxUOWXQQ ;
to : gh_5013f37369ce ;
time : 1451290904 ;
type : event ;
event : VIEW ;
tousername : gh_5013f37369ce ;
fromusername : oqCObuEow4muyK3CRWrIHxUOWXQQ ;
createtime : 1451290904 ;
msgtype : event ;
eventkey : http://mp.weixin.qq.com/s?__biz=MzA5MzE5NzExNw==&mid=10001097&idx=1&sn=8338ffe385dcd8dd1f376fc1a2fd50ff&scene=18#rd ;
menuid : 208007648 ;

2015-12-28 16:21:41 params :
------------
Array:
rule : -2 ;
module :  ;
message : Array ;

2015-12-28 16:21:41 response :
------------

2015-12-28 16:21:51 trace :
------------
Array:
from : oqCObuEow4muyK3CRWrIHxUOWXQQ ;
to : gh_5013f37369ce ;
time : 1451290914 ;
type : event ;
event : VIEW ;
tousername : gh_5013f37369ce ;
fromusername : oqCObuEow4muyK3CRWrIHxUOWXQQ ;
createtime : 1451290914 ;
msgtype : event ;
eventkey : http://mp.weixin.qq.com/s?__biz=MzA5MzE5NzExNw==&mid=10001097&idx=1&sn=8338ffe385dcd8dd1f376fc1a2fd50ff&scene=18#rd ;
menuid : 208007648 ;

2015-12-28 16:21:51 params :
------------
Array:
rule : -2 ;
module :  ;
message : Array ;

2015-12-28 16:21:51 response :
------------

2015-12-28 16:21:56 trace :
------------
Array:
from : oqCObuEow4muyK3CRWrIHxUOWXQQ ;
to : gh_5013f37369ce ;
time : 1451290919 ;
type : event ;
event : VIEW ;
tousername : gh_5013f37369ce ;
fromusername : oqCObuEow4muyK3CRWrIHxUOWXQQ ;
createtime : 1451290919 ;
msgtype : event ;
eventkey : http://mp.weixin.qq.com/s?__biz=MzA5MzE5NzExNw==&mid=10001097&idx=1&sn=8338ffe385dcd8dd1f376fc1a2fd50ff&scene=18#rd ;
menuid : 208007648 ;

2015-12-28 16:21:56 params :
------------
Array:
rule : -2 ;
module :  ;
message : Array ;

2015-12-28 16:21:56 response :
------------

2015-12-28 16:43:56 trace :
------------
Array:
from : oqCObuJH-k0L1wx8N2Lk9ii-YZu8 ;
to : gh_5013f37369ce ;
time : 1451292236 ;
type : event ;
event : VIEW ;
tousername : gh_5013f37369ce ;
fromusername : oqCObuJH-k0L1wx8N2Lk9ii-YZu8 ;
createtime : 1451292236 ;
msgtype : event ;
eventkey : http://mp.weixin.qq.com/s?__biz=MzA5MzE5NzExNw==&mid=10001097&idx=1&sn=8338ffe385dcd8dd1f376fc1a2fd50ff&scene=18#rd ;
menuid : 208007648 ;

2015-12-28 16:43:56 params :
------------
Array:
rule : -2 ;
module :  ;
message : Array ;

2015-12-28 16:43:56 response :
------------

2015-12-28 16:44:14 trace :
------------
Array:
from : oqCObuJH-k0L1wx8N2Lk9ii-YZu8 ;
to : gh_5013f37369ce ;
time : 1451292257 ;
type : event ;
event : VIEW ;
tousername : gh_5013f37369ce ;
fromusername : oqCObuJH-k0L1wx8N2Lk9ii-YZu8 ;
createtime : 1451292257 ;
msgtype : event ;
eventkey : http://mp.weixin.qq.com/s?__biz=MzA5MzE5NzExNw==&mid=10001097&idx=1&sn=8338ffe385dcd8dd1f376fc1a2fd50ff&scene=18#rd ;
menuid : 208007648 ;

2015-12-28 16:44:14 params :
------------
Array:
rule : -2 ;
module :  ;
message : Array ;

2015-12-28 16:44:14 response :
------------

2015-12-28 16:44:26 trace :
------------
Array:
from : oqCObuJH-k0L1wx8N2Lk9ii-YZu8 ;
to : gh_5013f37369ce ;
time : 1451292269 ;
type : event ;
event : VIEW ;
tousername : gh_5013f37369ce ;
fromusername : oqCObuJH-k0L1wx8N2Lk9ii-YZu8 ;
createtime : 1451292269 ;
msgtype : event ;
eventkey : http://mp.weixin.qq.com/s?__biz=MzA5MzE5NzExNw==&mid=10001097&idx=1&sn=8338ffe385dcd8dd1f376fc1a2fd50ff&scene=18#rd ;
menuid : 208007648 ;

2015-12-28 16:44:26 params :
------------
Array:
rule : -2 ;
module :  ;
message : Array ;

2015-12-28 16:44:26 response :
------------

2015-12-28 18:01:30 trace :
------------
Array:
from : oqCObuFcCk0uDyTjGZ66OCjrXRj4 ;
to : gh_5013f37369ce ;
time : 1451296890 ;
type : event ;
event : VIEW ;
tousername : gh_5013f37369ce ;
fromusername : oqCObuFcCk0uDyTjGZ66OCjrXRj4 ;
createtime : 1451296890 ;
msgtype : event ;
eventkey : http://mp.weixin.qq.com/s?__biz=MzA5MzE5NzExNw==&mid=10001097&idx=1&sn=8338ffe385dcd8dd1f376fc1a2fd50ff&scene=18#rd ;
menuid : 208007648 ;

2015-12-28 18:01:30 params :
------------
Array:
rule : -2 ;
module :  ;
message : Array ;

2015-12-28 18:01:30 response :
------------

2015-12-28 18:01:41 trace :
------------
Array:
from : oqCObuFcCk0uDyTjGZ66OCjrXRj4 ;
to : gh_5013f37369ce ;
time : 1451296901 ;
type : event ;
event : VIEW ;
tousername : gh_5013f37369ce ;
fromusername : oqCObuFcCk0uDyTjGZ66OCjrXRj4 ;
createtime : 1451296901 ;
msgtype : event ;
eventkey : http://mp.weixin.qq.com/s?__biz=MzA5MzE5NzExNw==&mid=10001097&idx=1&sn=8338ffe385dcd8dd1f376fc1a2fd50ff&scene=18#rd ;
menuid : 208007648 ;

2015-12-28 18:01:41 params :
------------
Array:
rule : -2 ;
module :  ;
message : Array ;

2015-12-28 18:01:41 response :
------------

2015-12-28 18:01:52 trace :
------------
Array:
from : oqCObuFcCk0uDyTjGZ66OCjrXRj4 ;
to : gh_5013f37369ce ;
time : 1451296915 ;
type : event ;
event : VIEW ;
tousername : gh_5013f37369ce ;
fromusername : oqCObuFcCk0uDyTjGZ66OCjrXRj4 ;
createtime : 1451296915 ;
msgtype : event ;
eventkey : http://mp.weixin.qq.com/s?__biz=MzA5MzE5NzExNw==&mid=10001097&idx=1&sn=8338ffe385dcd8dd1f376fc1a2fd50ff&scene=18#rd ;
menuid : 208007648 ;

2015-12-28 18:01:52 params :
------------
Array:
rule : -2 ;
module :  ;
message : Array ;

2015-12-28 18:01:52 response :
------------

2015-12-28 18:58:22 trace :
------------
Array:
from : oqCObuJOq3HJAONZNaCaHdJDZAt4 ;
to : gh_5013f37369ce ;
time : 1451300302 ;
type : event ;
event : VIEW ;
tousername : gh_5013f37369ce ;
fromusername : oqCObuJOq3HJAONZNaCaHdJDZAt4 ;
createtime : 1451300302 ;
msgtype : event ;
eventkey : http://mp.weixin.qq.com/s?__biz=MzA5MzE5NzExNw==&mid=10001097&idx=1&sn=8338ffe385dcd8dd1f376fc1a2fd50ff&scene=18#rd ;
menuid : 208007648 ;

2015-12-28 18:58:22 params :
------------
Array:
rule : -2 ;
module :  ;
message : Array ;

2015-12-28 18:58:22 response :
------------

2015-12-28 19:09:18 trace :
------------
Array:
from : oqCObuC03qPlcIRC_Kx8f0helGR4 ;
to : gh_5013f37369ce ;
time : 1451300961 ;
type : event ;
event : VIEW ;
tousername : gh_5013f37369ce ;
fromusername : oqCObuC03qPlcIRC_Kx8f0helGR4 ;
createtime : 1451300961 ;
msgtype : event ;
eventkey : http://mp.weixin.qq.com/s?__biz=MzA5MzE5NzExNw==&mid=10001097&idx=1&sn=8338ffe385dcd8dd1f376fc1a2fd50ff&scene=18#rd ;
menuid : 208007648 ;

2015-12-28 19:09:18 params :
------------
Array:
rule : -2 ;
module :  ;
message : Array ;

2015-12-28 19:09:18 response :
------------

2015-12-28 20:30:31 trace :
------------
Array:
from : oqCObuDpIU0TLUyJMdRq9wIZtYIU ;
to : gh_5013f37369ce ;
time : 1451305834 ;
type : event ;
event : VIEW ;
tousername : gh_5013f37369ce ;
fromusername : oqCObuDpIU0TLUyJMdRq9wIZtYIU ;
createtime : 1451305834 ;
msgtype : event ;
eventkey : http://mp.weixin.qq.com/s?__biz=MzA5MzE5NzExNw==&mid=10001097&idx=1&sn=8338ffe385dcd8dd1f376fc1a2fd50ff&scene=18#rd ;
menuid : 208007648 ;

2015-12-28 20:30:31 params :
------------
Array:
rule : -2 ;
module :  ;
message : Array ;

2015-12-28 20:30:31 response :
------------

2015-12-28 20:30:38 trace :
------------
Array:
from : oqCObuDpIU0TLUyJMdRq9wIZtYIU ;
to : gh_5013f37369ce ;
time : 1451305841 ;
type : event ;
event : VIEW ;
tousername : gh_5013f37369ce ;
fromusername : oqCObuDpIU0TLUyJMdRq9wIZtYIU ;
createtime : 1451305841 ;
msgtype : event ;
eventkey : http://mp.weixin.qq.com/s?__biz=MzA5MzE5NzExNw==&mid=10001097&idx=1&sn=8338ffe385dcd8dd1f376fc1a2fd50ff&scene=18#rd ;
menuid : 208007648 ;

2015-12-28 20:30:38 params :
------------
Array:
rule : -2 ;
module :  ;
message : Array ;

2015-12-28 20:30:38 response :
------------

2015-12-28 20:30:51 trace :
------------
Array:
from : oqCObuDpIU0TLUyJMdRq9wIZtYIU ;
to : gh_5013f37369ce ;
time : 1451305854 ;
type : event ;
event : VIEW ;
tousername : gh_5013f37369ce ;
fromusername : oqCObuDpIU0TLUyJMdRq9wIZtYIU ;
createtime : 1451305854 ;
msgtype : event ;
eventkey : http://mp.weixin.qq.com/s?__biz=MzA5MzE5NzExNw==&mid=10001097&idx=1&sn=8338ffe385dcd8dd1f376fc1a2fd50ff&scene=18#rd ;
menuid : 208007648 ;

2015-12-28 20:30:51 params :
------------
Array:
rule : -2 ;
module :  ;
message : Array ;

2015-12-28 20:30:51 response :
------------

2015-12-28 20:31:14 trace :
------------
Array:
from : oqCObuDpIU0TLUyJMdRq9wIZtYIU ;
to : gh_5013f37369ce ;
time : 1451305874 ;
type : event ;
event : VIEW ;
tousername : gh_5013f37369ce ;
fromusername : oqCObuDpIU0TLUyJMdRq9wIZtYIU ;
createtime : 1451305874 ;
msgtype : event ;
eventkey : http://mp.weixin.qq.com/s?__biz=MzA5MzE5NzExNw==&mid=10001097&idx=1&sn=8338ffe385dcd8dd1f376fc1a2fd50ff&scene=18#rd ;
menuid : 208007648 ;

2015-12-28 20:31:14 params :
------------
Array:
rule : -2 ;
module :  ;
message : Array ;

2015-12-28 20:31:14 response :
------------

2015-12-28 20:49:49 trace :
------------
Array:
from : oqCObuAiWCaUZne-mjUWLVEFywzo ;
to : gh_5013f37369ce ;
time : 1451306988 ;
type : event ;
event : subscribe ;
tousername : gh_5013f37369ce ;
fromusername : oqCObuAiWCaUZne-mjUWLVEFywzo ;
createtime : 1451306988 ;
msgtype : event ;
eventkey :  ;

2015-12-28 20:49:49 params :
------------
Array:
rule : -2 ;
module :  ;
message : Array ;

2015-12-28 20:49:49 response :
------------

2015-12-28 20:49:49 trace :
------------
Array:
from : oqCObuAiWCaUZne-mjUWLVEFywzo ;
to : gh_5013f37369ce ;
time : 1451306992 ;
type : event ;
event : VIEW ;
tousername : gh_5013f37369ce ;
fromusername : oqCObuAiWCaUZne-mjUWLVEFywzo ;
createtime : 1451306992 ;
msgtype : event ;
eventkey : http://mp.weixin.qq.com/s?__biz=MzA5MzE5NzExNw==&mid=10001097&idx=1&sn=8338ffe385dcd8dd1f376fc1a2fd50ff&scene=18#rd ;
menuid : 208007648 ;

2015-12-28 20:49:49 params :
------------
Array:
rule : -2 ;
module :  ;
message : Array ;

2015-12-28 20:49:49 response :
------------

2015-12-28 23:03:07 trace :
------------
Array:
from : oqCObuA2AgLVopMrEAI4O-KOXN0w ;
to : gh_5013f37369ce ;
time : 1451314990 ;
type : event ;
event : VIEW ;
tousername : gh_5013f37369ce ;
fromusername : oqCObuA2AgLVopMrEAI4O-KOXN0w ;
createtime : 1451314990 ;
msgtype : event ;
eventkey : http://mp.weixin.qq.com/s?__biz=MzA5MzE5NzExNw==&mid=10001097&idx=1&sn=8338ffe385dcd8dd1f376fc1a2fd50ff&scene=18#rd ;
menuid : 208007648 ;

2015-12-28 23:03:07 params :
------------
Array:
rule : -2 ;
module :  ;
message : Array ;

2015-12-28 23:03:07 response :
------------

2015-12-28 23:03:30 trace :
------------
Array:
from : oqCObuA2AgLVopMrEAI4O-KOXN0w ;
to : gh_5013f37369ce ;
time : 1451315013 ;
type : event ;
event : VIEW ;
tousername : gh_5013f37369ce ;
fromusername : oqCObuA2AgLVopMrEAI4O-KOXN0w ;
createtime : 1451315013 ;
msgtype : event ;
eventkey : http://mp.weixin.qq.com/s?__biz=MzA5MzE5NzExNw==&mid=10001097&idx=1&sn=8338ffe385dcd8dd1f376fc1a2fd50ff&scene=18#rd ;
menuid : 208007648 ;

2015-12-28 23:03:30 params :
------------
Array:
rule : -2 ;
module :  ;
message : Array ;

2015-12-28 23:03:30 response :
------------

