2015-12-25 00:07:30 trace :
------------
Array:
from : oqCObuF_1Y6gv1B6DtxzrxuJaL8E ;
to : gh_5013f37369ce ;
time : 1450973251 ;
type : event ;
event : VIEW ;
tousername : gh_5013f37369ce ;
fromusername : oqCObuF_1Y6gv1B6DtxzrxuJaL8E ;
createtime : 1450973251 ;
msgtype : event ;
eventkey : http://mp.weixin.qq.com/s?__biz=MzA5MzE5NzExNw==&mid=10001097&idx=1&sn=8338ffe385dcd8dd1f376fc1a2fd50ff&scene=18#rd ;

2015-12-25 00:07:30 params :
------------
Array:
rule : -2 ;
module :  ;
message : Array ;

2015-12-25 00:07:30 response :
------------

2015-12-25 08:26:12 trace :
------------
Array:
from : oqCObuOlUOjxxsrHYaIY1Svuh3gY ;
to : gh_5013f37369ce ;
time : 1451003174 ;
type : event ;
event : VIEW ;
tousername : gh_5013f37369ce ;
fromusername : oqCObuOlUOjxxsrHYaIY1Svuh3gY ;
createtime : 1451003174 ;
msgtype : event ;
eventkey : http://mp.weixin.qq.com/s?__biz=MzA5MzE5NzExNw==&mid=10001097&idx=1&sn=8338ffe385dcd8dd1f376fc1a2fd50ff&scene=18#rd ;

2015-12-25 08:26:12 params :
------------
Array:
rule : -2 ;
module :  ;
message : Array ;

2015-12-25 08:26:12 response :
------------

2015-12-25 09:44:18 trace :
------------
Array:
from : oqCObuEMUi5TI7V6xp8YXcZL7fiI ;
to : gh_5013f37369ce ;
time : 1451007860 ;
type : event ;
event : VIEW ;
tousername : gh_5013f37369ce ;
fromusername : oqCObuEMUi5TI7V6xp8YXcZL7fiI ;
createtime : 1451007860 ;
msgtype : event ;
eventkey : http://mp.weixin.qq.com/s?__biz=MzA5MzE5NzExNw==&mid=10001097&idx=1&sn=8338ffe385dcd8dd1f376fc1a2fd50ff&scene=18#rd ;

2015-12-25 09:44:18 params :
------------
Array:
rule : -2 ;
module :  ;
message : Array ;

2015-12-25 09:44:18 response :
------------

2015-12-25 09:54:05 trace :
------------
Array:
from : oqCObuJUSh98DCi8fWqcKH7bOw6s ;
to : gh_5013f37369ce ;
time : 1451008447 ;
type : event ;
event : VIEW ;
tousername : gh_5013f37369ce ;
fromusername : oqCObuJUSh98DCi8fWqcKH7bOw6s ;
createtime : 1451008447 ;
msgtype : event ;
eventkey : http://mp.weixin.qq.com/s?__biz=MzA5MzE5NzExNw==&mid=10001097&idx=1&sn=8338ffe385dcd8dd1f376fc1a2fd50ff&scene=18#rd ;

2015-12-25 09:54:05 params :
------------
Array:
rule : -2 ;
module :  ;
message : Array ;

2015-12-25 09:54:05 response :
------------

2015-12-25 09:54:19 trace :
------------
Array:
from : oqCObuJUSh98DCi8fWqcKH7bOw6s ;
to : gh_5013f37369ce ;
time : 1451008462 ;
type : event ;
event : VIEW ;
tousername : gh_5013f37369ce ;
fromusername : oqCObuJUSh98DCi8fWqcKH7bOw6s ;
createtime : 1451008462 ;
msgtype : event ;
eventkey : http://mp.weixin.qq.com/s?__biz=MzA5MzE5NzExNw==&mid=10001097&idx=1&sn=8338ffe385dcd8dd1f376fc1a2fd50ff&scene=18#rd ;

2015-12-25 09:54:19 params :
------------
Array:
rule : -2 ;
module :  ;
message : Array ;

2015-12-25 09:54:19 response :
------------

2015-12-25 09:54:34 trace :
------------
Array:
from : oqCObuJUSh98DCi8fWqcKH7bOw6s ;
to : gh_5013f37369ce ;
time : 1451008474 ;
type : event ;
event : VIEW ;
tousername : gh_5013f37369ce ;
fromusername : oqCObuJUSh98DCi8fWqcKH7bOw6s ;
createtime : 1451008474 ;
msgtype : event ;
eventkey : http://mp.weixin.qq.com/s?__biz=MzA5MzE5NzExNw==&mid=10001097&idx=1&sn=8338ffe385dcd8dd1f376fc1a2fd50ff&scene=18#rd ;

2015-12-25 09:54:34 params :
------------
Array:
rule : -2 ;
module :  ;
message : Array ;

2015-12-25 09:54:34 response :
------------

2015-12-25 09:55:14 trace :
------------
Array:
from : oqCObuJUSh98DCi8fWqcKH7bOw6s ;
to : gh_5013f37369ce ;
time : 1451008513 ;
type : event ;
event : VIEW ;
tousername : gh_5013f37369ce ;
fromusername : oqCObuJUSh98DCi8fWqcKH7bOw6s ;
createtime : 1451008513 ;
msgtype : event ;
eventkey : http://mp.weixin.qq.com/s?__biz=MzA5MzE5NzExNw==&mid=10001097&idx=1&sn=8338ffe385dcd8dd1f376fc1a2fd50ff&scene=18#rd ;

2015-12-25 09:55:14 params :
------------
Array:
rule : -2 ;
module :  ;
message : Array ;

2015-12-25 09:55:14 response :
------------

2015-12-25 10:34:02 trace :
------------
Array:
from : oqCObuMjsXjZswH6n_u4k6s3fy3g ;
to : gh_5013f37369ce ;
time : 1451010844 ;
type : event ;
event : VIEW ;
tousername : gh_5013f37369ce ;
fromusername : oqCObuMjsXjZswH6n_u4k6s3fy3g ;
createtime : 1451010844 ;
msgtype : event ;
eventkey : http://mp.weixin.qq.com/s?__biz=MzA5MzE5NzExNw==&mid=10001097&idx=1&sn=8338ffe385dcd8dd1f376fc1a2fd50ff&scene=18#rd ;

2015-12-25 10:34:02 params :
------------
Array:
rule : -2 ;
module :  ;
message : Array ;

2015-12-25 10:34:02 response :
------------

2015-12-25 11:11:13 trace :
------------
Array:
from : oqCObuGlOwfCokM6t1PzUXLmFN9w ;
to : gh_5013f37369ce ;
time : 1451013075 ;
type : event ;
event : subscribe ;
tousername : gh_5013f37369ce ;
fromusername : oqCObuGlOwfCokM6t1PzUXLmFN9w ;
createtime : 1451013075 ;
msgtype : event ;
eventkey :  ;

2015-12-25 11:11:13 params :
------------
Array:
rule : -2 ;
module :  ;
message : Array ;

2015-12-25 11:11:13 response :
------------

2015-12-25 11:32:05 trace :
------------
Array:
from : oqCObuOgBIYFN_XPqX6czlU73X8g ;
to : gh_5013f37369ce ;
time : 1451014327 ;
type : event ;
event : VIEW ;
tousername : gh_5013f37369ce ;
fromusername : oqCObuOgBIYFN_XPqX6czlU73X8g ;
createtime : 1451014327 ;
msgtype : event ;
eventkey : http://mp.weixin.qq.com/s?__biz=MzA5MzE5NzExNw==&mid=10001097&idx=1&sn=8338ffe385dcd8dd1f376fc1a2fd50ff&scene=18#rd ;

2015-12-25 11:32:05 params :
------------
Array:
rule : -2 ;
module :  ;
message : Array ;

2015-12-25 11:32:05 response :
------------

2015-12-25 11:32:14 trace :
------------
Array:
from : oqCObuOgBIYFN_XPqX6czlU73X8g ;
to : gh_5013f37369ce ;
time : 1451014336 ;
type : event ;
event : VIEW ;
tousername : gh_5013f37369ce ;
fromusername : oqCObuOgBIYFN_XPqX6czlU73X8g ;
createtime : 1451014336 ;
msgtype : event ;
eventkey : http://mp.weixin.qq.com/s?__biz=MzA5MzE5NzExNw==&mid=10001097&idx=1&sn=8338ffe385dcd8dd1f376fc1a2fd50ff&scene=18#rd ;

2015-12-25 11:32:14 params :
------------
Array:
rule : -2 ;
module :  ;
message : Array ;

2015-12-25 11:32:14 response :
------------

2015-12-25 11:32:44 trace :
------------
Array:
from : oqCObuOgBIYFN_XPqX6czlU73X8g ;
to : gh_5013f37369ce ;
time : 1451014366 ;
type : event ;
event : VIEW ;
tousername : gh_5013f37369ce ;
fromusername : oqCObuOgBIYFN_XPqX6czlU73X8g ;
createtime : 1451014366 ;
msgtype : event ;
eventkey : http://mp.weixin.qq.com/s?__biz=MzA5MzE5NzExNw==&mid=10001097&idx=1&sn=8338ffe385dcd8dd1f376fc1a2fd50ff&scene=18#rd ;

2015-12-25 11:32:44 params :
------------
Array:
rule : -2 ;
module :  ;
message : Array ;

2015-12-25 11:32:44 response :
------------

2015-12-25 11:33:22 trace :
------------
Array:
from : oqCObuOgBIYFN_XPqX6czlU73X8g ;
to : gh_5013f37369ce ;
time : 1451014404 ;
type : event ;
event : VIEW ;
tousername : gh_5013f37369ce ;
fromusername : oqCObuOgBIYFN_XPqX6czlU73X8g ;
createtime : 1451014404 ;
msgtype : event ;
eventkey : http://mp.weixin.qq.com/s?__biz=MzA5MzE5NzExNw==&mid=10001097&idx=1&sn=8338ffe385dcd8dd1f376fc1a2fd50ff&scene=18#rd ;

2015-12-25 11:33:22 params :
------------
Array:
rule : -2 ;
module :  ;
message : Array ;

2015-12-25 11:33:22 response :
------------

2015-12-25 11:33:25 trace :
------------
Array:
from : oqCObuOgBIYFN_XPqX6czlU73X8g ;
to : gh_5013f37369ce ;
time : 1451014407 ;
type : event ;
event : VIEW ;
tousername : gh_5013f37369ce ;
fromusername : oqCObuOgBIYFN_XPqX6czlU73X8g ;
createtime : 1451014407 ;
msgtype : event ;
eventkey : http://mp.weixin.qq.com/s?__biz=MzA5MzE5NzExNw==&mid=10001097&idx=1&sn=8338ffe385dcd8dd1f376fc1a2fd50ff&scene=18#rd ;

2015-12-25 11:33:25 params :
------------
Array:
rule : -2 ;
module :  ;
message : Array ;

2015-12-25 11:33:25 response :
------------

2015-12-25 11:33:49 trace :
------------
Array:
from : oqCObuOgBIYFN_XPqX6czlU73X8g ;
to : gh_5013f37369ce ;
time : 1451014432 ;
type : event ;
event : VIEW ;
tousername : gh_5013f37369ce ;
fromusername : oqCObuOgBIYFN_XPqX6czlU73X8g ;
createtime : 1451014432 ;
msgtype : event ;
eventkey : http://mp.weixin.qq.com/s?__biz=MzA5MzE5NzExNw==&mid=10001097&idx=1&sn=8338ffe385dcd8dd1f376fc1a2fd50ff&scene=18#rd ;

2015-12-25 11:33:49 params :
------------
Array:
rule : -2 ;
module :  ;
message : Array ;

2015-12-25 11:33:49 response :
------------

2015-12-25 11:43:36 trace :
------------
Array:
from : oqCObuOgBIYFN_XPqX6czlU73X8g ;
to : gh_5013f37369ce ;
time : 1451015015 ;
type : event ;
event : VIEW ;
tousername : gh_5013f37369ce ;
fromusername : oqCObuOgBIYFN_XPqX6czlU73X8g ;
createtime : 1451015015 ;
msgtype : event ;
eventkey : http://mp.weixin.qq.com/s?__biz=MzA5MzE5NzExNw==&mid=10001097&idx=1&sn=8338ffe385dcd8dd1f376fc1a2fd50ff&scene=18#rd ;

2015-12-25 11:43:36 params :
------------
Array:
rule : -2 ;
module :  ;
message : Array ;

2015-12-25 11:43:36 response :
------------

2015-12-25 11:46:35 trace :
------------
Array:
from : oqCObuOgBIYFN_XPqX6czlU73X8g ;
to : gh_5013f37369ce ;
time : 1451015197 ;
type : event ;
event : VIEW ;
tousername : gh_5013f37369ce ;
fromusername : oqCObuOgBIYFN_XPqX6czlU73X8g ;
createtime : 1451015197 ;
msgtype : event ;
eventkey : http://mp.weixin.qq.com/s?__biz=MzA5MzE5NzExNw==&mid=10001097&idx=1&sn=8338ffe385dcd8dd1f376fc1a2fd50ff&scene=18#rd ;

2015-12-25 11:46:35 params :
------------
Array:
rule : -2 ;
module :  ;
message : Array ;

2015-12-25 11:46:35 response :
------------

2015-12-25 11:46:44 trace :
------------
Array:
from : oqCObuOgBIYFN_XPqX6czlU73X8g ;
to : gh_5013f37369ce ;
time : 1451015206 ;
type : event ;
event : VIEW ;
tousername : gh_5013f37369ce ;
fromusername : oqCObuOgBIYFN_XPqX6czlU73X8g ;
createtime : 1451015206 ;
msgtype : event ;
eventkey : http://mp.weixin.qq.com/s?__biz=MzA5MzE5NzExNw==&mid=10001097&idx=1&sn=8338ffe385dcd8dd1f376fc1a2fd50ff&scene=18#rd ;

2015-12-25 11:46:44 params :
------------
Array:
rule : -2 ;
module :  ;
message : Array ;

2015-12-25 11:46:44 response :
------------

2015-12-25 12:10:47 trace :
------------
Array:
from : oqCObuGfraUW4_OqaqSr4jzzgFDk ;
to : gh_5013f37369ce ;
time : 1451016649 ;
type : event ;
event : VIEW ;
tousername : gh_5013f37369ce ;
fromusername : oqCObuGfraUW4_OqaqSr4jzzgFDk ;
createtime : 1451016649 ;
msgtype : event ;
eventkey : http://mp.weixin.qq.com/s?__biz=MzA5MzE5NzExNw==&mid=10001097&idx=1&sn=8338ffe385dcd8dd1f376fc1a2fd50ff&scene=18#rd ;

2015-12-25 12:10:47 params :
------------
Array:
rule : -2 ;
module :  ;
message : Array ;

2015-12-25 12:10:47 response :
------------

2015-12-25 12:28:00 trace :
------------
Array:
from : oqCObuEpzzmvU1xATfMqduhg3CmY ;
to : gh_5013f37369ce ;
time : 1451017682 ;
type : event ;
event : VIEW ;
tousername : gh_5013f37369ce ;
fromusername : oqCObuEpzzmvU1xATfMqduhg3CmY ;
createtime : 1451017682 ;
msgtype : event ;
eventkey : http://mp.weixin.qq.com/s?__biz=MzA5MzE5NzExNw==&mid=10001097&idx=1&sn=8338ffe385dcd8dd1f376fc1a2fd50ff&scene=18#rd ;

2015-12-25 12:28:00 params :
------------
Array:
rule : -2 ;
module :  ;
message : Array ;

2015-12-25 12:28:00 response :
------------

2015-12-25 12:39:46 trace :
------------
Array:
from : oqCObuApZqlEkbfzqR4hRbbo_xd8 ;
to : gh_5013f37369ce ;
time : 1451018388 ;
type : event ;
event : VIEW ;
tousername : gh_5013f37369ce ;
fromusername : oqCObuApZqlEkbfzqR4hRbbo_xd8 ;
createtime : 1451018388 ;
msgtype : event ;
eventkey : http://mp.weixin.qq.com/s?__biz=MzA5MzE5NzExNw==&mid=10001097&idx=1&sn=8338ffe385dcd8dd1f376fc1a2fd50ff&scene=18#rd ;

2015-12-25 12:39:46 params :
------------
Array:
rule : -2 ;
module :  ;
message : Array ;

2015-12-25 12:39:46 response :
------------

2015-12-25 12:39:57 trace :
------------
Array:
from : oqCObuApZqlEkbfzqR4hRbbo_xd8 ;
to : gh_5013f37369ce ;
time : 1451018399 ;
type : event ;
event : VIEW ;
tousername : gh_5013f37369ce ;
fromusername : oqCObuApZqlEkbfzqR4hRbbo_xd8 ;
createtime : 1451018399 ;
msgtype : event ;
eventkey : http://mp.weixin.qq.com/s?__biz=MzA5MzE5NzExNw==&mid=10001097&idx=1&sn=8338ffe385dcd8dd1f376fc1a2fd50ff&scene=18#rd ;

2015-12-25 12:39:57 params :
------------
Array:
rule : -2 ;
module :  ;
message : Array ;

2015-12-25 12:39:57 response :
------------

2015-12-25 12:56:51 trace :
------------
Array:
from : oqCObuB1irzRgMNshz45-8IXQb5U ;
to : gh_5013f37369ce ;
time : 1451019410 ;
type : event ;
event : VIEW ;
tousername : gh_5013f37369ce ;
fromusername : oqCObuB1irzRgMNshz45-8IXQb5U ;
createtime : 1451019410 ;
msgtype : event ;
eventkey : http://mp.weixin.qq.com/s?__biz=MzA5MzE5NzExNw==&mid=10001097&idx=1&sn=8338ffe385dcd8dd1f376fc1a2fd50ff&scene=18#rd ;

2015-12-25 12:56:51 params :
------------
Array:
rule : -2 ;
module :  ;
message : Array ;

2015-12-25 12:56:51 response :
------------

2015-12-25 12:59:19 trace :
------------
Array:
from : oqCObuKRNrOC6GVBFnHchnoQe0_k ;
to : gh_5013f37369ce ;
time : 1451019562 ;
type : event ;
event : subscribe ;
tousername : gh_5013f37369ce ;
fromusername : oqCObuKRNrOC6GVBFnHchnoQe0_k ;
createtime : 1451019562 ;
msgtype : event ;
eventkey :  ;

2015-12-25 12:59:19 params :
------------
Array:
rule : -2 ;
module :  ;
message : Array ;

2015-12-25 12:59:19 response :
------------

2015-12-25 13:32:36 trace :
------------
Array:
from : oqCObuApZqlEkbfzqR4hRbbo_xd8 ;
to : gh_5013f37369ce ;
time : 1451021558 ;
type : event ;
event : VIEW ;
tousername : gh_5013f37369ce ;
fromusername : oqCObuApZqlEkbfzqR4hRbbo_xd8 ;
createtime : 1451021558 ;
msgtype : event ;
eventkey : http://mp.weixin.qq.com/s?__biz=MzA5MzE5NzExNw==&mid=10001097&idx=1&sn=8338ffe385dcd8dd1f376fc1a2fd50ff&scene=18#rd ;

2015-12-25 13:32:36 params :
------------
Array:
rule : -2 ;
module :  ;
message : Array ;

2015-12-25 13:32:36 response :
------------

2015-12-25 14:11:35 trace :
------------
Array:
from : oqCObuJ-TomNXMx1E_orWlX23LQs ;
to : gh_5013f37369ce ;
time : 1451023897 ;
type : event ;
event : subscribe ;
tousername : gh_5013f37369ce ;
fromusername : oqCObuJ-TomNXMx1E_orWlX23LQs ;
createtime : 1451023897 ;
msgtype : event ;
eventkey :  ;

2015-12-25 14:11:35 params :
------------
Array:
rule : -2 ;
module :  ;
message : Array ;

2015-12-25 14:11:35 response :
------------

2015-12-25 14:16:15 trace :
------------
Array:
from : oqCObuLpAOfj9gi08Xd_zQLd3LEU ;
to : gh_5013f37369ce ;
time : 1451024174 ;
type : event ;
event : VIEW ;
tousername : gh_5013f37369ce ;
fromusername : oqCObuLpAOfj9gi08Xd_zQLd3LEU ;
createtime : 1451024174 ;
msgtype : event ;
eventkey : http://mp.weixin.qq.com/s?__biz=MzA5MzE5NzExNw==&mid=10001097&idx=1&sn=8338ffe385dcd8dd1f376fc1a2fd50ff&scene=18#rd ;

2015-12-25 14:16:15 params :
------------
Array:
rule : -2 ;
module :  ;
message : Array ;

2015-12-25 14:16:15 response :
------------

2015-12-25 14:18:57 trace :
------------
Array:
from : oqCObuMPLmM6FrXT7610PYtY88_8 ;
to : gh_5013f37369ce ;
time : 1451024339 ;
type : event ;
event : subscribe ;
tousername : gh_5013f37369ce ;
fromusername : oqCObuMPLmM6FrXT7610PYtY88_8 ;
createtime : 1451024339 ;
msgtype : event ;
eventkey :  ;

2015-12-25 14:18:57 params :
------------
Array:
rule : -2 ;
module :  ;
message : Array ;

2015-12-25 14:18:57 response :
------------

2015-12-25 14:23:46 trace :
------------
Array:
from : oqCObuBa_RZr7qfMNQ0SGa6Y5f88 ;
to : gh_5013f37369ce ;
time : 1451024628 ;
type : event ;
event : subscribe ;
tousername : gh_5013f37369ce ;
fromusername : oqCObuBa_RZr7qfMNQ0SGa6Y5f88 ;
createtime : 1451024628 ;
msgtype : event ;
eventkey :  ;

2015-12-25 14:23:46 params :
------------
Array:
rule : -2 ;
module :  ;
message : Array ;

2015-12-25 14:23:46 response :
------------

2015-12-25 14:30:56 trace :
------------
Array:
from : oqCObuO1W3oboWtYGMDN9ztMeVIs ;
to : gh_5013f37369ce ;
time : 1451025058 ;
type : event ;
event : VIEW ;
tousername : gh_5013f37369ce ;
fromusername : oqCObuO1W3oboWtYGMDN9ztMeVIs ;
createtime : 1451025058 ;
msgtype : event ;
eventkey : http://mp.weixin.qq.com/s?__biz=MzA5MzE5NzExNw==&mid=10001097&idx=1&sn=8338ffe385dcd8dd1f376fc1a2fd50ff&scene=18#rd ;
menuid : 0 ;

2015-12-25 14:30:56 params :
------------
Array:
rule : -2 ;
module :  ;
message : Array ;

2015-12-25 14:30:56 response :
------------

2015-12-25 14:31:07 trace :
------------
Array:
from : oqCObuO1W3oboWtYGMDN9ztMeVIs ;
to : gh_5013f37369ce ;
time : 1451025067 ;
type : event ;
event : VIEW ;
tousername : gh_5013f37369ce ;
fromusername : oqCObuO1W3oboWtYGMDN9ztMeVIs ;
createtime : 1451025067 ;
msgtype : event ;
eventkey : http://mp.weixin.qq.com/s?__biz=MzA5MzE5NzExNw==&mid=10001097&idx=1&sn=8338ffe385dcd8dd1f376fc1a2fd50ff&scene=18#rd ;
menuid : 0 ;

2015-12-25 14:31:07 params :
------------
Array:
rule : -2 ;
module :  ;
message : Array ;

2015-12-25 14:31:07 response :
------------

2015-12-25 14:38:27 trace :
------------
Array:
from : oqCObuEQr8AZJY8XeznXwWzaQ2g4 ;
to : gh_5013f37369ce ;
time : 1451025510 ;
type : event ;
event : subscribe ;
tousername : gh_5013f37369ce ;
fromusername : oqCObuEQr8AZJY8XeznXwWzaQ2g4 ;
createtime : 1451025510 ;
msgtype : event ;
eventkey :  ;

2015-12-25 14:38:27 params :
------------
Array:
rule : -2 ;
module :  ;
message : Array ;

2015-12-25 14:38:27 response :
------------

2015-12-25 15:19:03 trace :
------------
Array:
from : oqCObuN7Qi1AracHPSzRxuF6WfgQ ;
to : gh_5013f37369ce ;
time : 1451027945 ;
type : event ;
event : subscribe ;
tousername : gh_5013f37369ce ;
fromusername : oqCObuN7Qi1AracHPSzRxuF6WfgQ ;
createtime : 1451027945 ;
msgtype : event ;
eventkey :  ;

2015-12-25 15:19:03 params :
------------
Array:
rule : -2 ;
module :  ;
message : Array ;

2015-12-25 15:19:03 response :
------------

2015-12-25 15:24:03 trace :
------------
Array:
from : oqCObuLpAOfj9gi08Xd_zQLd3LEU ;
to : gh_5013f37369ce ;
time : 1451028245 ;
type : event ;
event : VIEW ;
tousername : gh_5013f37369ce ;
fromusername : oqCObuLpAOfj9gi08Xd_zQLd3LEU ;
createtime : 1451028245 ;
msgtype : event ;
eventkey : http://mp.weixin.qq.com/s?__biz=MzA5MzE5NzExNw==&mid=10001097&idx=1&sn=8338ffe385dcd8dd1f376fc1a2fd50ff&scene=18#rd ;

2015-12-25 15:24:03 params :
------------
Array:
rule : -2 ;
module :  ;
message : Array ;

2015-12-25 15:24:03 response :
------------

2015-12-25 15:24:12 trace :
------------
Array:
from : oqCObuLpAOfj9gi08Xd_zQLd3LEU ;
to : gh_5013f37369ce ;
time : 1451028255 ;
type : event ;
event : VIEW ;
tousername : gh_5013f37369ce ;
fromusername : oqCObuLpAOfj9gi08Xd_zQLd3LEU ;
createtime : 1451028255 ;
msgtype : event ;
eventkey : http://mp.weixin.qq.com/s?__biz=MzA5MzE5NzExNw==&mid=10001097&idx=1&sn=8338ffe385dcd8dd1f376fc1a2fd50ff&scene=18#rd ;

2015-12-25 15:24:12 params :
------------
Array:
rule : -2 ;
module :  ;
message : Array ;

2015-12-25 15:24:12 response :
------------

2015-12-25 15:24:12 trace :
------------
Array:
from : oqCObuLpAOfj9gi08Xd_zQLd3LEU ;
to : gh_5013f37369ce ;
time : 1451028252 ;
type : event ;
event : VIEW ;
tousername : gh_5013f37369ce ;
fromusername : oqCObuLpAOfj9gi08Xd_zQLd3LEU ;
createtime : 1451028252 ;
msgtype : event ;
eventkey : http://mp.weixin.qq.com/s?__biz=MzA5MzE5NzExNw==&mid=10001097&idx=1&sn=8338ffe385dcd8dd1f376fc1a2fd50ff&scene=18#rd ;

2015-12-25 15:24:12 params :
------------
Array:
rule : -2 ;
module :  ;
message : Array ;

2015-12-25 15:24:12 response :
------------

2015-12-25 15:24:59 trace :
------------
Array:
from : oqCObuLpAOfj9gi08Xd_zQLd3LEU ;
to : gh_5013f37369ce ;
time : 1451028301 ;
type : event ;
event : VIEW ;
tousername : gh_5013f37369ce ;
fromusername : oqCObuLpAOfj9gi08Xd_zQLd3LEU ;
createtime : 1451028301 ;
msgtype : event ;
eventkey : http://mp.weixin.qq.com/s?__biz=MzA5MzE5NzExNw==&mid=10001097&idx=1&sn=8338ffe385dcd8dd1f376fc1a2fd50ff&scene=18#rd ;

2015-12-25 15:24:59 params :
------------
Array:
rule : -2 ;
module :  ;
message : Array ;

2015-12-25 15:24:59 response :
------------

2015-12-25 15:25:05 trace :
------------
Array:
from : oqCObuLpAOfj9gi08Xd_zQLd3LEU ;
to : gh_5013f37369ce ;
time : 1451028308 ;
type : event ;
event : VIEW ;
tousername : gh_5013f37369ce ;
fromusername : oqCObuLpAOfj9gi08Xd_zQLd3LEU ;
createtime : 1451028308 ;
msgtype : event ;
eventkey : http://mp.weixin.qq.com/s?__biz=MzA5MzE5NzExNw==&mid=10001097&idx=1&sn=8338ffe385dcd8dd1f376fc1a2fd50ff&scene=18#rd ;

2015-12-25 15:25:05 params :
------------
Array:
rule : -2 ;
module :  ;
message : Array ;

2015-12-25 15:25:05 response :
------------

2015-12-25 15:37:08 trace :
------------
Array:
from : oqCObuCNLFQcQHoQ-YoeQkk0gdfk ;
to : gh_5013f37369ce ;
time : 1451029030 ;
type : event ;
event : subscribe ;
tousername : gh_5013f37369ce ;
fromusername : oqCObuCNLFQcQHoQ-YoeQkk0gdfk ;
createtime : 1451029030 ;
msgtype : event ;
eventkey :  ;

2015-12-25 15:37:08 params :
------------
Array:
rule : -2 ;
module :  ;
message : Array ;

2015-12-25 15:37:08 response :
------------

2015-12-25 15:38:04 trace :
------------
Array:
from : oqCObuBqstoWYFuvJNzoxiUrAilI ;
to : gh_5013f37369ce ;
time : 1451029086 ;
type : event ;
event : subscribe ;
tousername : gh_5013f37369ce ;
fromusername : oqCObuBqstoWYFuvJNzoxiUrAilI ;
createtime : 1451029086 ;
msgtype : event ;
eventkey :  ;

2015-12-25 15:38:04 params :
------------
Array:
rule : -2 ;
module :  ;
message : Array ;

2015-12-25 15:38:04 response :
------------

2015-12-25 15:47:59 trace :
------------
Array:
from : oqCObuGAliCPUDsncIxjqxpDzu_M ;
to : gh_5013f37369ce ;
time : 1451029681 ;
type : event ;
event : subscribe ;
tousername : gh_5013f37369ce ;
fromusername : oqCObuGAliCPUDsncIxjqxpDzu_M ;
createtime : 1451029681 ;
msgtype : event ;
eventkey :  ;

2015-12-25 15:47:59 params :
------------
Array:
rule : -2 ;
module :  ;
message : Array ;

2015-12-25 15:47:59 response :
------------

2015-12-25 16:20:15 trace :
------------
Array:
from : oqCObuI_HwdA53OBGwoG0RTYIBRk ;
to : gh_5013f37369ce ;
time : 1451031614 ;
type : event ;
event : subscribe ;
tousername : gh_5013f37369ce ;
fromusername : oqCObuI_HwdA53OBGwoG0RTYIBRk ;
createtime : 1451031614 ;
msgtype : event ;
eventkey :  ;

2015-12-25 16:20:15 params :
------------
Array:
rule : -2 ;
module :  ;
message : Array ;

2015-12-25 16:20:15 response :
------------

2015-12-25 16:26:15 trace :
------------
Array:
from : oqCObuO1W3oboWtYGMDN9ztMeVIs ;
to : gh_5013f37369ce ;
time : 1451031978 ;
type : event ;
event : VIEW ;
tousername : gh_5013f37369ce ;
fromusername : oqCObuO1W3oboWtYGMDN9ztMeVIs ;
createtime : 1451031978 ;
msgtype : event ;
eventkey : http://mp.weixin.qq.com/s?__biz=MzA5MzE5NzExNw==&mid=10001097&idx=1&sn=8338ffe385dcd8dd1f376fc1a2fd50ff&scene=18#rd ;
menuid : 0 ;

2015-12-25 16:26:15 params :
------------
Array:
rule : -2 ;
module :  ;
message : Array ;

2015-12-25 16:26:15 response :
------------

2015-12-25 16:40:08 trace :
------------
Array:
from : oqCObuFhX6WS8LLE48vuQdAPXEFo ;
to : gh_5013f37369ce ;
time : 1451032810 ;
type : event ;
event : VIEW ;
tousername : gh_5013f37369ce ;
fromusername : oqCObuFhX6WS8LLE48vuQdAPXEFo ;
createtime : 1451032810 ;
msgtype : event ;
eventkey : http://mp.weixin.qq.com/s?__biz=MzA5MzE5NzExNw==&mid=10001097&idx=1&sn=8338ffe385dcd8dd1f376fc1a2fd50ff&scene=18#rd ;
menuid : 0 ;

2015-12-25 16:40:08 params :
------------
Array:
rule : -2 ;
module :  ;
message : Array ;

2015-12-25 16:40:08 response :
------------

2015-12-25 16:40:34 trace :
------------
Array:
from : oqCObuFhX6WS8LLE48vuQdAPXEFo ;
to : gh_5013f37369ce ;
time : 1451032834 ;
type : event ;
event : VIEW ;
tousername : gh_5013f37369ce ;
fromusername : oqCObuFhX6WS8LLE48vuQdAPXEFo ;
createtime : 1451032834 ;
msgtype : event ;
eventkey : http://mp.weixin.qq.com/s?__biz=MzA5MzE5NzExNw==&mid=10001097&idx=1&sn=8338ffe385dcd8dd1f376fc1a2fd50ff&scene=18#rd ;
menuid : 0 ;

2015-12-25 16:40:34 params :
------------
Array:
rule : -2 ;
module :  ;
message : Array ;

2015-12-25 16:40:34 response :
------------

2015-12-25 16:40:42 trace :
------------
Array:
from : oqCObuHFNVgMw6BbIvtyLwn2K_2U ;
to : gh_5013f37369ce ;
time : 1451032844 ;
type : event ;
event : VIEW ;
tousername : gh_5013f37369ce ;
fromusername : oqCObuHFNVgMw6BbIvtyLwn2K_2U ;
createtime : 1451032844 ;
msgtype : event ;
eventkey : http://mp.weixin.qq.com/s?__biz=MzA5MzE5NzExNw==&mid=10001097&idx=1&sn=8338ffe385dcd8dd1f376fc1a2fd50ff&scene=18#rd ;

2015-12-25 16:40:42 params :
------------
Array:
rule : -2 ;
module :  ;
message : Array ;

2015-12-25 16:40:42 response :
------------

2015-12-25 17:33:58 trace :
------------
Array:
from : oqCObuJQlp8WhX9TxdDwA5gh_vm8 ;
to : gh_5013f37369ce ;
time : 1451036040 ;
type : event ;
event : subscribe ;
tousername : gh_5013f37369ce ;
fromusername : oqCObuJQlp8WhX9TxdDwA5gh_vm8 ;
createtime : 1451036040 ;
msgtype : event ;
eventkey :  ;

2015-12-25 17:33:58 params :
------------
Array:
rule : -2 ;
module :  ;
message : Array ;

2015-12-25 17:33:58 response :
------------

2015-12-25 17:42:40 trace :
------------
Array:
from : oqCObuAj43pICzPPXjzOxd3uojAE ;
to : gh_5013f37369ce ;
time : 1451036562 ;
type : event ;
event : subscribe ;
tousername : gh_5013f37369ce ;
fromusername : oqCObuAj43pICzPPXjzOxd3uojAE ;
createtime : 1451036562 ;
msgtype : event ;
eventkey :  ;

2015-12-25 17:42:40 params :
------------
Array:
rule : -2 ;
module :  ;
message : Array ;

2015-12-25 17:42:40 response :
------------

2015-12-25 18:04:58 trace :
------------
Array:
from : oqCObuHC6-rWpHZsJoWcI_wQtmVA ;
to : gh_5013f37369ce ;
time : 1451037900 ;
type : event ;
event : subscribe ;
tousername : gh_5013f37369ce ;
fromusername : oqCObuHC6-rWpHZsJoWcI_wQtmVA ;
createtime : 1451037900 ;
msgtype : event ;
eventkey :  ;

2015-12-25 18:04:58 params :
------------
Array:
rule : -2 ;
module :  ;
message : Array ;

2015-12-25 18:04:58 response :
------------

2015-12-25 18:42:46 trace :
------------
Array:
from : oqCObuFuNjfNzseOiJh1pz-dSphs ;
to : gh_5013f37369ce ;
time : 1451040168 ;
type : event ;
event : VIEW ;
tousername : gh_5013f37369ce ;
fromusername : oqCObuFuNjfNzseOiJh1pz-dSphs ;
createtime : 1451040168 ;
msgtype : event ;
eventkey : http://mp.weixin.qq.com/s?__biz=MzA5MzE5NzExNw==&mid=10001097&idx=1&sn=8338ffe385dcd8dd1f376fc1a2fd50ff&scene=18#rd ;
menuid : 0 ;

2015-12-25 18:42:46 params :
------------
Array:
rule : -2 ;
module :  ;
message : Array ;

2015-12-25 18:42:46 response :
------------

2015-12-25 19:02:28 trace :
------------
Array:
from : oqCObuAm4H13A15SfkPtfP4V_IEA ;
to : gh_5013f37369ce ;
time : 1451041350 ;
type : event ;
event : subscribe ;
tousername : gh_5013f37369ce ;
fromusername : oqCObuAm4H13A15SfkPtfP4V_IEA ;
createtime : 1451041350 ;
msgtype : event ;
eventkey :  ;

2015-12-25 19:02:28 params :
------------
Array:
rule : -2 ;
module :  ;
message : Array ;

2015-12-25 19:02:28 response :
------------

2015-12-25 19:05:22 trace :
------------
Array:
from : oqCObuOm9EvScw5fiEj69a8HiSOA ;
to : gh_5013f37369ce ;
time : 1451041525 ;
type : event ;
event : VIEW ;
tousername : gh_5013f37369ce ;
fromusername : oqCObuOm9EvScw5fiEj69a8HiSOA ;
createtime : 1451041525 ;
msgtype : event ;
eventkey : http://mp.weixin.qq.com/s?__biz=MzA5MzE5NzExNw==&mid=10001097&idx=1&sn=8338ffe385dcd8dd1f376fc1a2fd50ff&scene=18#rd ;
menuid : 0 ;

2015-12-25 19:05:22 params :
------------
Array:
rule : -2 ;
module :  ;
message : Array ;

2015-12-25 19:05:22 response :
------------

2015-12-25 19:40:07 trace :
------------
Array:
from : oqCObuNbisHFsl_s8t4dqVWTrADQ ;
to : gh_5013f37369ce ;
time : 1451043609 ;
type : event ;
event : subscribe ;
tousername : gh_5013f37369ce ;
fromusername : oqCObuNbisHFsl_s8t4dqVWTrADQ ;
createtime : 1451043609 ;
msgtype : event ;
eventkey :  ;

2015-12-25 19:40:07 params :
------------
Array:
rule : -2 ;
module :  ;
message : Array ;

2015-12-25 19:40:07 response :
------------

2015-12-25 20:08:15 trace :
------------
Array:
from : oqCObuEgYXaEjgHqUxGUQWUNtoZE ;
to : gh_5013f37369ce ;
time : 1451045297 ;
type : event ;
event : VIEW ;
tousername : gh_5013f37369ce ;
fromusername : oqCObuEgYXaEjgHqUxGUQWUNtoZE ;
createtime : 1451045297 ;
msgtype : event ;
eventkey : http://mp.weixin.qq.com/s?__biz=MzA5MzE5NzExNw==&mid=10001097&idx=1&sn=8338ffe385dcd8dd1f376fc1a2fd50ff&scene=18#rd ;
menuid : 0 ;

2015-12-25 20:08:15 params :
------------
Array:
rule : -2 ;
module :  ;
message : Array ;

2015-12-25 20:08:15 response :
------------

2015-12-25 23:32:28 trace :
------------
Array:
from : oqCObuLV7PhE9pmGlPxg6PlS0vek ;
to : gh_5013f37369ce ;
time : 1451057547 ;
type : event ;
event : VIEW ;
tousername : gh_5013f37369ce ;
fromusername : oqCObuLV7PhE9pmGlPxg6PlS0vek ;
createtime : 1451057547 ;
msgtype : event ;
eventkey : http://mp.weixin.qq.com/s?__biz=MzA5MzE5NzExNw==&mid=10001097&idx=1&sn=8338ffe385dcd8dd1f376fc1a2fd50ff&scene=18#rd ;
menuid : 0 ;

2015-12-25 23:32:28 params :
------------
Array:
rule : -2 ;
module :  ;
message : Array ;

2015-12-25 23:32:28 response :
------------

