2015-12-31 08:57:02 trace :
------------
Array:
from : oqCObuCLWqbCWKkt2NmmQXT0lywM ;
to : gh_5013f37369ce ;
time : 1451523422 ;
type : event ;
event : VIEW ;
tousername : gh_5013f37369ce ;
fromusername : oqCObuCLWqbCWKkt2NmmQXT0lywM ;
createtime : 1451523422 ;
msgtype : event ;
eventkey : http://mp.weixin.qq.com/s?__biz=MzA5MzE5NzExNw==&mid=10001097&idx=1&sn=8338ffe385dcd8dd1f376fc1a2fd50ff&scene=18#rd ;
menuid : 208007648 ;

2015-12-31 08:57:02 params :
------------
Array:
rule : -2 ;
module :  ;
message : Array ;

2015-12-31 08:57:02 response :
------------

2015-12-31 08:58:25 trace :
------------
Array:
from : oqCObuCLWqbCWKkt2NmmQXT0lywM ;
to : gh_5013f37369ce ;
time : 1451523509 ;
type : event ;
event : VIEW ;
tousername : gh_5013f37369ce ;
fromusername : oqCObuCLWqbCWKkt2NmmQXT0lywM ;
createtime : 1451523509 ;
msgtype : event ;
eventkey : http://mp.weixin.qq.com/s?__biz=MzA5MzE5NzExNw==&mid=10001097&idx=1&sn=8338ffe385dcd8dd1f376fc1a2fd50ff&scene=18#rd ;
menuid : 208007648 ;

2015-12-31 08:58:25 params :
------------
Array:
rule : -2 ;
module :  ;
message : Array ;

2015-12-31 08:58:25 response :
------------

2015-12-31 08:58:36 trace :
------------
Array:
from : oqCObuCLWqbCWKkt2NmmQXT0lywM ;
to : gh_5013f37369ce ;
time : 1451523519 ;
type : event ;
event : VIEW ;
tousername : gh_5013f37369ce ;
fromusername : oqCObuCLWqbCWKkt2NmmQXT0lywM ;
createtime : 1451523519 ;
msgtype : event ;
eventkey : http://mp.weixin.qq.com/s?__biz=MzA5MzE5NzExNw==&mid=10001097&idx=1&sn=8338ffe385dcd8dd1f376fc1a2fd50ff&scene=18#rd ;
menuid : 208007648 ;

2015-12-31 08:58:36 params :
------------
Array:
rule : -2 ;
module :  ;
message : Array ;

2015-12-31 08:58:36 response :
------------

2015-12-31 08:59:15 trace :
------------
Array:
from : oqCObuCLWqbCWKkt2NmmQXT0lywM ;
to : gh_5013f37369ce ;
time : 1451523559 ;
type : event ;
event : VIEW ;
tousername : gh_5013f37369ce ;
fromusername : oqCObuCLWqbCWKkt2NmmQXT0lywM ;
createtime : 1451523559 ;
msgtype : event ;
eventkey : http://mp.weixin.qq.com/s?__biz=MzA5MzE5NzExNw==&mid=10001097&idx=1&sn=8338ffe385dcd8dd1f376fc1a2fd50ff&scene=18#rd ;
menuid : 208007648 ;

2015-12-31 08:59:15 params :
------------
Array:
rule : -2 ;
module :  ;
message : Array ;

2015-12-31 08:59:15 response :
------------

2015-12-31 08:59:30 trace :
------------
Array:
from : oqCObuCLWqbCWKkt2NmmQXT0lywM ;
to : gh_5013f37369ce ;
time : 1451523570 ;
type : event ;
event : VIEW ;
tousername : gh_5013f37369ce ;
fromusername : oqCObuCLWqbCWKkt2NmmQXT0lywM ;
createtime : 1451523570 ;
msgtype : event ;
eventkey : http://mp.weixin.qq.com/s?__biz=MzA5MzE5NzExNw==&mid=10001097&idx=1&sn=8338ffe385dcd8dd1f376fc1a2fd50ff&scene=18#rd ;
menuid : 208007648 ;

2015-12-31 08:59:30 params :
------------
Array:
rule : -2 ;
module :  ;
message : Array ;

2015-12-31 08:59:30 response :
------------

2015-12-31 08:59:30 trace :
------------
Array:
from : oqCObuCLWqbCWKkt2NmmQXT0lywM ;
to : gh_5013f37369ce ;
time : 1451523574 ;
type : event ;
event : VIEW ;
tousername : gh_5013f37369ce ;
fromusername : oqCObuCLWqbCWKkt2NmmQXT0lywM ;
createtime : 1451523574 ;
msgtype : event ;
eventkey : http://mp.weixin.qq.com/s?__biz=MzA5MzE5NzExNw==&mid=10001097&idx=1&sn=8338ffe385dcd8dd1f376fc1a2fd50ff&scene=18#rd ;
menuid : 208007648 ;

2015-12-31 08:59:30 params :
------------
Array:
rule : -2 ;
module :  ;
message : Array ;

2015-12-31 08:59:30 response :
------------

2015-12-31 10:10:40 trace :
------------
Array:
from : oqCObuJUzPb2nCHCighOGTTO9MW4 ;
to : gh_5013f37369ce ;
time : 1451527840 ;
type : event ;
event : subscribe ;
tousername : gh_5013f37369ce ;
fromusername : oqCObuJUzPb2nCHCighOGTTO9MW4 ;
createtime : 1451527840 ;
msgtype : event ;
eventkey :  ;

2015-12-31 10:10:40 params :
------------
Array:
rule : -2 ;
module :  ;
message : Array ;

2015-12-31 10:10:40 response :
------------

2015-12-31 10:10:42 trace :
------------
Array:
from : oqCObuJUzPb2nCHCighOGTTO9MW4 ;
to : gh_5013f37369ce ;
time : 1451527843 ;
type : event ;
event : VIEW ;
tousername : gh_5013f37369ce ;
fromusername : oqCObuJUzPb2nCHCighOGTTO9MW4 ;
createtime : 1451527843 ;
msgtype : event ;
eventkey : http://mp.weixin.qq.com/s?__biz=MzA5MzE5NzExNw==&mid=10001097&idx=1&sn=8338ffe385dcd8dd1f376fc1a2fd50ff&scene=18#rd ;
menuid : 208007648 ;

2015-12-31 10:10:42 params :
------------
Array:
rule : -2 ;
module :  ;
message : Array ;

2015-12-31 10:10:42 response :
------------

2015-12-31 10:11:05 trace :
------------
Array:
from : oqCObuJUzPb2nCHCighOGTTO9MW4 ;
to : gh_5013f37369ce ;
time : 1451527866 ;
type : event ;
event : VIEW ;
tousername : gh_5013f37369ce ;
fromusername : oqCObuJUzPb2nCHCighOGTTO9MW4 ;
createtime : 1451527866 ;
msgtype : event ;
eventkey : http://mp.weixin.qq.com/s?__biz=MzA5MzE5NzExNw==&mid=10001097&idx=1&sn=8338ffe385dcd8dd1f376fc1a2fd50ff&scene=18#rd ;
menuid : 208007648 ;

2015-12-31 10:11:05 params :
------------
Array:
rule : -2 ;
module :  ;
message : Array ;

2015-12-31 10:11:05 response :
------------

2015-12-31 10:28:05 trace :
------------
Array:
from : oqCObuOiQh0pBwF65HcqgKOG7BTg ;
to : gh_5013f37369ce ;
time : 1451528888 ;
type : event ;
event : VIEW ;
tousername : gh_5013f37369ce ;
fromusername : oqCObuOiQh0pBwF65HcqgKOG7BTg ;
createtime : 1451528888 ;
msgtype : event ;
eventkey : http://mp.weixin.qq.com/s?__biz=MzA5MzE5NzExNw==&mid=10001097&idx=1&sn=8338ffe385dcd8dd1f376fc1a2fd50ff&scene=18#rd ;
menuid : 208007648 ;

2015-12-31 10:28:05 params :
------------
Array:
rule : -2 ;
module :  ;
message : Array ;

2015-12-31 10:28:05 response :
------------

2015-12-31 10:29:19 trace :
------------
Array:
from : oqCObuOiQh0pBwF65HcqgKOG7BTg ;
to : gh_5013f37369ce ;
time : 1451528963 ;
type : event ;
event : VIEW ;
tousername : gh_5013f37369ce ;
fromusername : oqCObuOiQh0pBwF65HcqgKOG7BTg ;
createtime : 1451528963 ;
msgtype : event ;
eventkey : http://mp.weixin.qq.com/s?__biz=MzA5MzE5NzExNw==&mid=10001097&idx=1&sn=8338ffe385dcd8dd1f376fc1a2fd50ff&scene=18#rd ;
menuid : 208007648 ;

2015-12-31 10:29:19 params :
------------
Array:
rule : -2 ;
module :  ;
message : Array ;

2015-12-31 10:29:19 response :
------------

2015-12-31 11:49:21 trace :
------------
Array:
from : oqCObuK1xcOysLw3zIosy6Zb8nNE ;
to : gh_5013f37369ce ;
time : 1451533761 ;
type : event ;
event : VIEW ;
tousername : gh_5013f37369ce ;
fromusername : oqCObuK1xcOysLw3zIosy6Zb8nNE ;
createtime : 1451533761 ;
msgtype : event ;
eventkey : http://mp.weixin.qq.com/s?__biz=MzA5MzE5NzExNw==&mid=10001097&idx=1&sn=8338ffe385dcd8dd1f376fc1a2fd50ff&scene=18#rd ;
menuid : 208007648 ;

2015-12-31 11:49:21 params :
------------
Array:
rule : -2 ;
module :  ;
message : Array ;

2015-12-31 11:49:21 response :
------------

2015-12-31 11:49:22 trace :
------------
Array:
from : oqCObuK1xcOysLw3zIosy6Zb8nNE ;
to : gh_5013f37369ce ;
time : 1451533766 ;
type : event ;
event : VIEW ;
tousername : gh_5013f37369ce ;
fromusername : oqCObuK1xcOysLw3zIosy6Zb8nNE ;
createtime : 1451533766 ;
msgtype : event ;
eventkey : http://mp.weixin.qq.com/s?__biz=MzA5MzE5NzExNw==&mid=10001097&idx=1&sn=8338ffe385dcd8dd1f376fc1a2fd50ff&scene=18#rd ;
menuid : 208007648 ;

2015-12-31 11:49:22 params :
------------
Array:
rule : -2 ;
module :  ;
message : Array ;

2015-12-31 11:49:22 response :
------------

2015-12-31 12:25:31 trace :
------------
Array:
from : oqCObuHwJE1DQiY0fsB_5F72j-vE ;
to : gh_5013f37369ce ;
time : 1451535934 ;
type : event ;
event : VIEW ;
tousername : gh_5013f37369ce ;
fromusername : oqCObuHwJE1DQiY0fsB_5F72j-vE ;
createtime : 1451535934 ;
msgtype : event ;
eventkey : http://mp.weixin.qq.com/s?__biz=MzA5MzE5NzExNw==&mid=10001097&idx=1&sn=8338ffe385dcd8dd1f376fc1a2fd50ff&scene=18#rd ;
menuid : 208007648 ;

2015-12-31 12:25:31 params :
------------
Array:
rule : -2 ;
module :  ;
message : Array ;

2015-12-31 12:25:31 response :
------------

2015-12-31 12:58:57 trace :
------------
Array:
from : oqCObuNGumLb84v1p0ASR2yKA2v4 ;
to : gh_5013f37369ce ;
time : 1451537941 ;
type : event ;
event : subscribe ;
tousername : gh_5013f37369ce ;
fromusername : oqCObuNGumLb84v1p0ASR2yKA2v4 ;
createtime : 1451537941 ;
msgtype : event ;
eventkey :  ;

2015-12-31 12:58:57 params :
------------
Array:
rule : -2 ;
module :  ;
message : Array ;

2015-12-31 12:58:57 response :
------------

2015-12-31 12:59:06 trace :
------------
Array:
from : oqCObuNGumLb84v1p0ASR2yKA2v4 ;
to : gh_5013f37369ce ;
time : 1451537950 ;
type : event ;
event : VIEW ;
tousername : gh_5013f37369ce ;
fromusername : oqCObuNGumLb84v1p0ASR2yKA2v4 ;
createtime : 1451537950 ;
msgtype : event ;
eventkey : http://mp.weixin.qq.com/s?__biz=MzA5MzE5NzExNw==&mid=10001097&idx=1&sn=8338ffe385dcd8dd1f376fc1a2fd50ff&scene=18#rd ;
menuid : 208007648 ;

2015-12-31 12:59:06 params :
------------
Array:
rule : -2 ;
module :  ;
message : Array ;

2015-12-31 12:59:06 response :
------------

2015-12-31 12:59:51 trace :
------------
Array:
from : oqCObuM3-GiS59q8Pa7xuuPTKj9I ;
to : gh_5013f37369ce ;
time : 1451537994 ;
type : event ;
event : VIEW ;
tousername : gh_5013f37369ce ;
fromusername : oqCObuM3-GiS59q8Pa7xuuPTKj9I ;
createtime : 1451537994 ;
msgtype : event ;
eventkey : http://mp.weixin.qq.com/s?__biz=MzA5MzE5NzExNw==&mid=10001097&idx=1&sn=8338ffe385dcd8dd1f376fc1a2fd50ff&scene=18#rd ;
menuid : 208007648 ;

2015-12-31 12:59:51 params :
------------
Array:
rule : -2 ;
module :  ;
message : Array ;

2015-12-31 12:59:51 response :
------------

2015-12-31 13:00:04 trace :
------------
Array:
from : oqCObuM3-GiS59q8Pa7xuuPTKj9I ;
to : gh_5013f37369ce ;
time : 1451538008 ;
type : event ;
event : VIEW ;
tousername : gh_5013f37369ce ;
fromusername : oqCObuM3-GiS59q8Pa7xuuPTKj9I ;
createtime : 1451538008 ;
msgtype : event ;
eventkey : http://mp.weixin.qq.com/s?__biz=MzA5MzE5NzExNw==&mid=10001097&idx=1&sn=8338ffe385dcd8dd1f376fc1a2fd50ff&scene=18#rd ;
menuid : 208007648 ;

2015-12-31 13:00:04 params :
------------
Array:
rule : -2 ;
module :  ;
message : Array ;

2015-12-31 13:00:04 response :
------------

2015-12-31 15:40:58 trace :
------------
Array:
from : oqCObuGj7vlq3YUMfqrzwXR9mfi0 ;
to : gh_5013f37369ce ;
time : 1451547661 ;
type : event ;
event : subscribe ;
tousername : gh_5013f37369ce ;
fromusername : oqCObuGj7vlq3YUMfqrzwXR9mfi0 ;
createtime : 1451547661 ;
msgtype : event ;
eventkey :  ;

2015-12-31 15:40:58 params :
------------
Array:
rule : -2 ;
module :  ;
message : Array ;

2015-12-31 15:40:58 response :
------------

2015-12-31 15:41:06 trace :
------------
Array:
from : oqCObuGj7vlq3YUMfqrzwXR9mfi0 ;
to : gh_5013f37369ce ;
time : 1451547670 ;
type : text ;
event :  ;
tousername : gh_5013f37369ce ;
fromusername : oqCObuGj7vlq3YUMfqrzwXR9mfi0 ;
createtime : 1451547670 ;
msgtype : text ;
content : 亲，强烈购买使用全员营销找客系统机器人通过微信强力找准周边附近客源粉丝，通过微信强力做3-5公里信息营销推广，让您的产品或服务快速传播营销推广到您的周边3-5公里，语音式传播营销乃至全国各地您的服务或产品，我们做的是立竿见影的效果，无法复制，无法替代，您值得拥有，采购热线或微信13728938957  QQ2325969657 本信息由全员营销找客系统机器人所发，如有打扰，多多包涵！ ;
msgid : 6234349771636515150 ;
redirection :  ;
source :  ;

2015-12-31 15:41:06 params :
------------
Array:
rule : -2 ;
module :  ;
message : Array ;

2015-12-31 15:41:06 response :
------------

2015-12-31 16:18:36 trace :
------------
Array:
from : oqCObuIQeTgfOry9tSWeywdxaqXc ;
to : gh_5013f37369ce ;
time : 1451549920 ;
type : event ;
event : VIEW ;
tousername : gh_5013f37369ce ;
fromusername : oqCObuIQeTgfOry9tSWeywdxaqXc ;
createtime : 1451549920 ;
msgtype : event ;
eventkey : http://mp.weixin.qq.com/s?__biz=MzA5MzE5NzExNw==&mid=10001097&idx=1&sn=8338ffe385dcd8dd1f376fc1a2fd50ff&scene=18#rd ;
menuid : 208007648 ;

2015-12-31 16:18:36 params :
------------
Array:
rule : -2 ;
module :  ;
message : Array ;

2015-12-31 16:18:36 response :
------------

2015-12-31 16:19:28 trace :
------------
Array:
from : oqCObuIQeTgfOry9tSWeywdxaqXc ;
to : gh_5013f37369ce ;
time : 1451549972 ;
type : event ;
event : VIEW ;
tousername : gh_5013f37369ce ;
fromusername : oqCObuIQeTgfOry9tSWeywdxaqXc ;
createtime : 1451549972 ;
msgtype : event ;
eventkey : http://mp.weixin.qq.com/s?__biz=MzA5MzE5NzExNw==&mid=10001097&idx=1&sn=8338ffe385dcd8dd1f376fc1a2fd50ff&scene=18#rd ;
menuid : 208007648 ;

2015-12-31 16:19:28 params :
------------
Array:
rule : -2 ;
module :  ;
message : Array ;

2015-12-31 16:19:28 response :
------------

2015-12-31 16:19:50 trace :
------------
Array:
from : oqCObuIQeTgfOry9tSWeywdxaqXc ;
to : gh_5013f37369ce ;
time : 1451549994 ;
type : event ;
event : VIEW ;
tousername : gh_5013f37369ce ;
fromusername : oqCObuIQeTgfOry9tSWeywdxaqXc ;
createtime : 1451549994 ;
msgtype : event ;
eventkey : http://mp.weixin.qq.com/s?__biz=MzA5MzE5NzExNw==&mid=10001097&idx=1&sn=8338ffe385dcd8dd1f376fc1a2fd50ff&scene=18#rd ;
menuid : 208007648 ;

2015-12-31 16:19:50 params :
------------
Array:
rule : -2 ;
module :  ;
message : Array ;

2015-12-31 16:19:50 response :
------------

2015-12-31 17:31:28 trace :
------------
Array:
from : oqCObuE2wMgTG65tSFCi-PJID9VM ;
to : gh_5013f37369ce ;
time : 1451554289 ;
type : event ;
event : VIEW ;
tousername : gh_5013f37369ce ;
fromusername : oqCObuE2wMgTG65tSFCi-PJID9VM ;
createtime : 1451554289 ;
msgtype : event ;
eventkey : http://mp.weixin.qq.com/s?__biz=MzA5MzE5NzExNw==&mid=10001097&idx=1&sn=8338ffe385dcd8dd1f376fc1a2fd50ff&scene=18#rd ;
menuid : 208007648 ;

2015-12-31 17:31:28 params :
------------
Array:
rule : -2 ;
module :  ;
message : Array ;

2015-12-31 17:31:28 response :
------------

2015-12-31 17:31:59 trace :
------------
Array:
from : oqCObuKObdqx1s-TU1k1kFTHJ12U ;
to : gh_5013f37369ce ;
time : 1451554322 ;
type : event ;
event : VIEW ;
tousername : gh_5013f37369ce ;
fromusername : oqCObuKObdqx1s-TU1k1kFTHJ12U ;
createtime : 1451554322 ;
msgtype : event ;
eventkey : http://mp.weixin.qq.com/s?__biz=MzA5MzE5NzExNw==&mid=10001097&idx=1&sn=8338ffe385dcd8dd1f376fc1a2fd50ff&scene=18#rd ;
menuid : 208007648 ;

2015-12-31 17:31:59 params :
------------
Array:
rule : -2 ;
module :  ;
message : Array ;

2015-12-31 17:31:59 response :
------------

2015-12-31 17:32:06 trace :
------------
Array:
from : oqCObuKObdqx1s-TU1k1kFTHJ12U ;
to : gh_5013f37369ce ;
time : 1451554330 ;
type : event ;
event : VIEW ;
tousername : gh_5013f37369ce ;
fromusername : oqCObuKObdqx1s-TU1k1kFTHJ12U ;
createtime : 1451554330 ;
msgtype : event ;
eventkey : http://mp.weixin.qq.com/s?__biz=MzA5MzE5NzExNw==&mid=10001097&idx=1&sn=8338ffe385dcd8dd1f376fc1a2fd50ff&scene=18#rd ;
menuid : 208007648 ;

2015-12-31 17:32:06 params :
------------
Array:
rule : -2 ;
module :  ;
message : Array ;

2015-12-31 17:32:06 response :
------------

2015-12-31 17:33:02 trace :
------------
Array:
from : oqCObuHcVUEYYnfgkjDuoZxtW35Q ;
to : gh_5013f37369ce ;
time : 1451554383 ;
type : event ;
event : VIEW ;
tousername : gh_5013f37369ce ;
fromusername : oqCObuHcVUEYYnfgkjDuoZxtW35Q ;
createtime : 1451554383 ;
msgtype : event ;
eventkey : http://mp.weixin.qq.com/s?__biz=MzA5MzE5NzExNw==&mid=10001097&idx=1&sn=8338ffe385dcd8dd1f376fc1a2fd50ff&scene=18#rd ;
menuid : 208007648 ;

2015-12-31 17:33:02 params :
------------
Array:
rule : -2 ;
module :  ;
message : Array ;

2015-12-31 17:33:02 response :
------------

2015-12-31 18:38:30 trace :
------------
Array:
from : oqCObuKs8TIa43KpDdDK8qk0gino ;
to : gh_5013f37369ce ;
time : 1451558314 ;
type : event ;
event : VIEW ;
tousername : gh_5013f37369ce ;
fromusername : oqCObuKs8TIa43KpDdDK8qk0gino ;
createtime : 1451558314 ;
msgtype : event ;
eventkey : http://mp.weixin.qq.com/s?__biz=MzA5MzE5NzExNw==&mid=10001097&idx=1&sn=8338ffe385dcd8dd1f376fc1a2fd50ff&scene=18#rd ;
menuid : 208007648 ;

2015-12-31 18:38:30 params :
------------
Array:
rule : -2 ;
module :  ;
message : Array ;

2015-12-31 18:38:30 response :
------------

2015-12-31 19:40:35 trace :
------------
Array:
from : oqCObuF1r56B44Oq0u_fjIf9Ou88 ;
to : gh_5013f37369ce ;
time : 1451562036 ;
type : event ;
event : VIEW ;
tousername : gh_5013f37369ce ;
fromusername : oqCObuF1r56B44Oq0u_fjIf9Ou88 ;
createtime : 1451562036 ;
msgtype : event ;
eventkey : http://mp.weixin.qq.com/s?__biz=MzA5MzE5NzExNw==&mid=10001097&idx=1&sn=8338ffe385dcd8dd1f376fc1a2fd50ff&scene=18#rd ;
menuid : 208007648 ;

2015-12-31 19:40:35 params :
------------
Array:
rule : -2 ;
module :  ;
message : Array ;

2015-12-31 19:40:35 response :
------------

2015-12-31 19:41:37 trace :
------------
Array:
from : oqCObuF1r56B44Oq0u_fjIf9Ou88 ;
to : gh_5013f37369ce ;
time : 1451562101 ;
type : event ;
event : VIEW ;
tousername : gh_5013f37369ce ;
fromusername : oqCObuF1r56B44Oq0u_fjIf9Ou88 ;
createtime : 1451562101 ;
msgtype : event ;
eventkey : http://mp.weixin.qq.com/s?__biz=MzA5MzE5NzExNw==&mid=10001097&idx=1&sn=8338ffe385dcd8dd1f376fc1a2fd50ff&scene=18#rd ;
menuid : 208007648 ;

2015-12-31 19:41:37 params :
------------
Array:
rule : -2 ;
module :  ;
message : Array ;

2015-12-31 19:41:37 response :
------------

2015-12-31 19:42:47 trace :
------------
Array:
from : oqCObuF1r56B44Oq0u_fjIf9Ou88 ;
to : gh_5013f37369ce ;
time : 1451562170 ;
type : event ;
event : VIEW ;
tousername : gh_5013f37369ce ;
fromusername : oqCObuF1r56B44Oq0u_fjIf9Ou88 ;
createtime : 1451562170 ;
msgtype : event ;
eventkey : http://mp.weixin.qq.com/s?__biz=MzA5MzE5NzExNw==&mid=10001097&idx=1&sn=8338ffe385dcd8dd1f376fc1a2fd50ff&scene=18#rd ;
menuid : 208007648 ;

2015-12-31 19:42:47 params :
------------
Array:
rule : -2 ;
module :  ;
message : Array ;

2015-12-31 19:42:47 response :
------------

2015-12-31 20:00:00 trace :
------------
Array:
from : oqCObuF1r56B44Oq0u_fjIf9Ou88 ;
to : gh_5013f37369ce ;
time : 1451563204 ;
type : event ;
event : VIEW ;
tousername : gh_5013f37369ce ;
fromusername : oqCObuF1r56B44Oq0u_fjIf9Ou88 ;
createtime : 1451563204 ;
msgtype : event ;
eventkey : http://mp.weixin.qq.com/s?__biz=MzA5MzE5NzExNw==&mid=10001097&idx=1&sn=8338ffe385dcd8dd1f376fc1a2fd50ff&scene=18#rd ;
menuid : 208007648 ;

2015-12-31 20:00:00 params :
------------
Array:
rule : -2 ;
module :  ;
message : Array ;

2015-12-31 20:00:00 response :
------------

2015-12-31 20:00:51 trace :
------------
Array:
from : oqCObuF1r56B44Oq0u_fjIf9Ou88 ;
to : gh_5013f37369ce ;
time : 1451563255 ;
type : event ;
event : VIEW ;
tousername : gh_5013f37369ce ;
fromusername : oqCObuF1r56B44Oq0u_fjIf9Ou88 ;
createtime : 1451563255 ;
msgtype : event ;
eventkey : http://mp.weixin.qq.com/s?__biz=MzA5MzE5NzExNw==&mid=10001097&idx=1&sn=8338ffe385dcd8dd1f376fc1a2fd50ff&scene=18#rd ;
menuid : 208007648 ;

2015-12-31 20:00:51 params :
------------
Array:
rule : -2 ;
module :  ;
message : Array ;

2015-12-31 20:00:51 response :
------------

2015-12-31 20:00:59 trace :
------------
Array:
from : oqCObuF1r56B44Oq0u_fjIf9Ou88 ;
to : gh_5013f37369ce ;
time : 1451563260 ;
type : event ;
event : VIEW ;
tousername : gh_5013f37369ce ;
fromusername : oqCObuF1r56B44Oq0u_fjIf9Ou88 ;
createtime : 1451563260 ;
msgtype : event ;
eventkey : http://mp.weixin.qq.com/s?__biz=MzA5MzE5NzExNw==&mid=10001097&idx=1&sn=8338ffe385dcd8dd1f376fc1a2fd50ff&scene=18#rd ;
menuid : 208007648 ;

2015-12-31 20:00:59 params :
------------
Array:
rule : -2 ;
module :  ;
message : Array ;

2015-12-31 20:00:59 response :
------------

2015-12-31 20:01:54 trace :
------------
Array:
from : oqCObuF1r56B44Oq0u_fjIf9Ou88 ;
to : gh_5013f37369ce ;
time : 1451563318 ;
type : event ;
event : VIEW ;
tousername : gh_5013f37369ce ;
fromusername : oqCObuF1r56B44Oq0u_fjIf9Ou88 ;
createtime : 1451563318 ;
msgtype : event ;
eventkey : http://mp.weixin.qq.com/s?__biz=MzA5MzE5NzExNw==&mid=10001097&idx=1&sn=8338ffe385dcd8dd1f376fc1a2fd50ff&scene=18#rd ;
menuid : 208007648 ;

2015-12-31 20:01:54 params :
------------
Array:
rule : -2 ;
module :  ;
message : Array ;

2015-12-31 20:01:54 response :
------------

2015-12-31 20:01:59 trace :
------------
Array:
from : oqCObuF1r56B44Oq0u_fjIf9Ou88 ;
to : gh_5013f37369ce ;
time : 1451563323 ;
type : event ;
event : VIEW ;
tousername : gh_5013f37369ce ;
fromusername : oqCObuF1r56B44Oq0u_fjIf9Ou88 ;
createtime : 1451563323 ;
msgtype : event ;
eventkey : http://mp.weixin.qq.com/s?__biz=MzA5MzE5NzExNw==&mid=10001097&idx=1&sn=8338ffe385dcd8dd1f376fc1a2fd50ff&scene=18#rd ;
menuid : 208007648 ;

2015-12-31 20:01:59 params :
------------
Array:
rule : -2 ;
module :  ;
message : Array ;

2015-12-31 20:01:59 response :
------------

2015-12-31 22:13:48 trace :
------------
Array:
from : oqCObuGfraUW4_OqaqSr4jzzgFDk ;
to : gh_5013f37369ce ;
time : 1451571232 ;
type : event ;
event : VIEW ;
tousername : gh_5013f37369ce ;
fromusername : oqCObuGfraUW4_OqaqSr4jzzgFDk ;
createtime : 1451571232 ;
msgtype : event ;
eventkey : http://mp.weixin.qq.com/s?__biz=MzA5MzE5NzExNw==&mid=10001097&idx=1&sn=8338ffe385dcd8dd1f376fc1a2fd50ff&scene=18#rd ;
menuid : 208007648 ;

2015-12-31 22:13:48 params :
------------
Array:
rule : -2 ;
module :  ;
message : Array ;

2015-12-31 22:13:48 response :
------------

2015-12-31 22:25:14 trace :
------------
Array:
from : oqCObuGcy_1F8vVBORlzq6EBZVi0 ;
to : gh_5013f37369ce ;
time : 1451571915 ;
type : event ;
event : VIEW ;
tousername : gh_5013f37369ce ;
fromusername : oqCObuGcy_1F8vVBORlzq6EBZVi0 ;
createtime : 1451571915 ;
msgtype : event ;
eventkey : http://mp.weixin.qq.com/s?__biz=MzA5MzE5NzExNw==&mid=10001097&idx=1&sn=8338ffe385dcd8dd1f376fc1a2fd50ff&scene=18#rd ;
menuid : 208007648 ;

2015-12-31 22:25:14 params :
------------
Array:
rule : -2 ;
module :  ;
message : Array ;

2015-12-31 22:25:14 response :
------------

2015-12-31 22:25:17 trace :
------------
Array:
from : oqCObuGcy_1F8vVBORlzq6EBZVi0 ;
to : gh_5013f37369ce ;
time : 1451571921 ;
type : event ;
event : VIEW ;
tousername : gh_5013f37369ce ;
fromusername : oqCObuGcy_1F8vVBORlzq6EBZVi0 ;
createtime : 1451571921 ;
msgtype : event ;
eventkey : http://mp.weixin.qq.com/s?__biz=MzA5MzE5NzExNw==&mid=10001097&idx=1&sn=8338ffe385dcd8dd1f376fc1a2fd50ff&scene=18#rd ;
menuid : 208007648 ;

2015-12-31 22:25:17 params :
------------
Array:
rule : -2 ;
module :  ;
message : Array ;

2015-12-31 22:25:17 response :
------------

2015-12-31 22:25:20 trace :
------------
Array:
from : oqCObuGcy_1F8vVBORlzq6EBZVi0 ;
to : gh_5013f37369ce ;
time : 1451571923 ;
type : event ;
event : VIEW ;
tousername : gh_5013f37369ce ;
fromusername : oqCObuGcy_1F8vVBORlzq6EBZVi0 ;
createtime : 1451571923 ;
msgtype : event ;
eventkey : http://mp.weixin.qq.com/s?__biz=MzA5MzE5NzExNw==&mid=10001097&idx=1&sn=8338ffe385dcd8dd1f376fc1a2fd50ff&scene=18#rd ;
menuid : 208007648 ;

2015-12-31 22:25:20 params :
------------
Array:
rule : -2 ;
module :  ;
message : Array ;

2015-12-31 22:25:20 response :
------------

2015-12-31 22:25:22 trace :
------------
Array:
from : oqCObuGcy_1F8vVBORlzq6EBZVi0 ;
to : gh_5013f37369ce ;
time : 1451571925 ;
type : event ;
event : VIEW ;
tousername : gh_5013f37369ce ;
fromusername : oqCObuGcy_1F8vVBORlzq6EBZVi0 ;
createtime : 1451571925 ;
msgtype : event ;
eventkey : http://mp.weixin.qq.com/s?__biz=MzA5MzE5NzExNw==&mid=10001097&idx=1&sn=8338ffe385dcd8dd1f376fc1a2fd50ff&scene=18#rd ;
menuid : 208007648 ;

2015-12-31 22:25:22 params :
------------
Array:
rule : -2 ;
module :  ;
message : Array ;

2015-12-31 22:25:22 response :
------------

2015-12-31 22:25:24 trace :
------------
Array:
from : oqCObuGcy_1F8vVBORlzq6EBZVi0 ;
to : gh_5013f37369ce ;
time : 1451571928 ;
type : event ;
event : VIEW ;
tousername : gh_5013f37369ce ;
fromusername : oqCObuGcy_1F8vVBORlzq6EBZVi0 ;
createtime : 1451571928 ;
msgtype : event ;
eventkey : http://mp.weixin.qq.com/s?__biz=MzA5MzE5NzExNw==&mid=10001097&idx=1&sn=8338ffe385dcd8dd1f376fc1a2fd50ff&scene=18#rd ;
menuid : 208007648 ;

2015-12-31 22:25:24 params :
------------
Array:
rule : -2 ;
module :  ;
message : Array ;

2015-12-31 22:25:24 response :
------------

2015-12-31 22:25:27 trace :
------------
Array:
from : oqCObuGcy_1F8vVBORlzq6EBZVi0 ;
to : gh_5013f37369ce ;
time : 1451571931 ;
type : event ;
event : VIEW ;
tousername : gh_5013f37369ce ;
fromusername : oqCObuGcy_1F8vVBORlzq6EBZVi0 ;
createtime : 1451571931 ;
msgtype : event ;
eventkey : http://mp.weixin.qq.com/s?__biz=MzA5MzE5NzExNw==&mid=10001097&idx=1&sn=8338ffe385dcd8dd1f376fc1a2fd50ff&scene=18#rd ;
menuid : 208007648 ;

2015-12-31 22:25:27 params :
------------
Array:
rule : -2 ;
module :  ;
message : Array ;

2015-12-31 22:25:27 response :
------------

2015-12-31 22:25:29 trace :
------------
Array:
from : oqCObuGcy_1F8vVBORlzq6EBZVi0 ;
to : gh_5013f37369ce ;
time : 1451571933 ;
type : event ;
event : VIEW ;
tousername : gh_5013f37369ce ;
fromusername : oqCObuGcy_1F8vVBORlzq6EBZVi0 ;
createtime : 1451571933 ;
msgtype : event ;
eventkey : http://mp.weixin.qq.com/s?__biz=MzA5MzE5NzExNw==&mid=10001097&idx=1&sn=8338ffe385dcd8dd1f376fc1a2fd50ff&scene=18#rd ;
menuid : 208007648 ;

2015-12-31 22:25:29 params :
------------
Array:
rule : -2 ;
module :  ;
message : Array ;

2015-12-31 22:25:29 response :
------------

2015-12-31 22:25:32 trace :
------------
Array:
from : oqCObuGcy_1F8vVBORlzq6EBZVi0 ;
to : gh_5013f37369ce ;
time : 1451571935 ;
type : event ;
event : VIEW ;
tousername : gh_5013f37369ce ;
fromusername : oqCObuGcy_1F8vVBORlzq6EBZVi0 ;
createtime : 1451571935 ;
msgtype : event ;
eventkey : http://mp.weixin.qq.com/s?__biz=MzA5MzE5NzExNw==&mid=10001097&idx=1&sn=8338ffe385dcd8dd1f376fc1a2fd50ff&scene=18#rd ;
menuid : 208007648 ;

2015-12-31 22:25:32 params :
------------
Array:
rule : -2 ;
module :  ;
message : Array ;

2015-12-31 22:25:32 response :
------------

