2015-12-05 08:31:36 trace :
------------
Array:
from : oqCObuPR-mPLXFiqwG3lK6SpGdY8 ;
to : gh_5013f37369ce ;
time : 1449275496 ;
type : event ;
event : VIEW ;
tousername : gh_5013f37369ce ;
fromusername : oqCObuPR-mPLXFiqwG3lK6SpGdY8 ;
createtime : 1449275496 ;
msgtype : event ;
eventkey : http://mp.weixin.qq.com/s?__biz=MzA5MzE5NzExNw==&mid=10001097&idx=1&sn=8338ffe385dcd8dd1f376fc1a2fd50ff&scene=18#rd ;

2015-12-05 08:31:36 params :
------------
Array:
rule : -2 ;
module :  ;
message : Array ;

2015-12-05 08:31:36 response :
------------

2015-12-05 08:36:48 trace :
------------
Array:
from : oqCObuHFNVgMw6BbIvtyLwn2K_2U ;
to : gh_5013f37369ce ;
time : 1449275809 ;
type : event ;
event : VIEW ;
tousername : gh_5013f37369ce ;
fromusername : oqCObuHFNVgMw6BbIvtyLwn2K_2U ;
createtime : 1449275809 ;
msgtype : event ;
eventkey : http://mp.weixin.qq.com/s?__biz=MzA5MzE5NzExNw==&mid=10001097&idx=1&sn=8338ffe385dcd8dd1f376fc1a2fd50ff&scene=18#rd ;

2015-12-05 08:36:48 params :
------------
Array:
rule : -2 ;
module :  ;
message : Array ;

2015-12-05 08:36:48 response :
------------

2015-12-05 09:47:27 trace :
------------
Array:
from : oqCObuEDmlufLLotg9aBuQTlTyzs ;
to : gh_5013f37369ce ;
time : 1449280045 ;
type : event ;
event : subscribe ;
tousername : gh_5013f37369ce ;
fromusername : oqCObuEDmlufLLotg9aBuQTlTyzs ;
createtime : 1449280045 ;
msgtype : event ;
eventkey :  ;

2015-12-05 09:47:27 params :
------------
Array:
rule : -2 ;
module :  ;
message : Array ;

2015-12-05 09:47:27 response :
------------

2015-12-05 10:38:05 trace :
------------
Array:
from : oqCObuDnGKAZ5YyG398IC27hiTYQ ;
to : gh_5013f37369ce ;
time : 1449283083 ;
type : event ;
event : subscribe ;
tousername : gh_5013f37369ce ;
fromusername : oqCObuDnGKAZ5YyG398IC27hiTYQ ;
createtime : 1449283083 ;
msgtype : event ;
eventkey :  ;

2015-12-05 10:38:05 params :
------------
Array:
rule : -2 ;
module :  ;
message : Array ;

2015-12-05 10:38:05 response :
------------

2015-12-05 10:41:21 trace :
------------
Array:
from : oqCObuI-QBPoT-__fYcGwxm9ugMg ;
to : gh_5013f37369ce ;
time : 1449283282 ;
type : event ;
event : subscribe ;
tousername : gh_5013f37369ce ;
fromusername : oqCObuI-QBPoT-__fYcGwxm9ugMg ;
createtime : 1449283282 ;
msgtype : event ;
eventkey :  ;

2015-12-05 10:41:21 params :
------------
Array:
rule : -2 ;
module :  ;
message : Array ;

2015-12-05 10:41:21 response :
------------

2015-12-05 11:41:14 trace :
------------
Array:
from : oqCObuGRzKmc9Cb5hlTfGK6cmRlU ;
to : gh_5013f37369ce ;
time : 1449286875 ;
type : event ;
event : subscribe ;
tousername : gh_5013f37369ce ;
fromusername : oqCObuGRzKmc9Cb5hlTfGK6cmRlU ;
createtime : 1449286875 ;
msgtype : event ;
eventkey :  ;

2015-12-05 11:41:14 params :
------------
Array:
rule : -2 ;
module :  ;
message : Array ;

2015-12-05 11:41:14 response :
------------

2015-12-05 11:51:41 trace :
------------
Array:
from : oqCObuBK6btckwV9rauRmefwd_O0 ;
to : gh_5013f37369ce ;
time : 1449287502 ;
type : event ;
event : subscribe ;
tousername : gh_5013f37369ce ;
fromusername : oqCObuBK6btckwV9rauRmefwd_O0 ;
createtime : 1449287502 ;
msgtype : event ;
eventkey :  ;

2015-12-05 11:51:41 params :
------------
Array:
rule : -2 ;
module :  ;
message : Array ;

2015-12-05 11:51:41 response :
------------

2015-12-05 12:00:59 trace :
------------
Array:
from : oqCObuGPiMTpctofZB0-7UJB5udE ;
to : gh_5013f37369ce ;
time : 1449288057 ;
type : event ;
event : subscribe ;
tousername : gh_5013f37369ce ;
fromusername : oqCObuGPiMTpctofZB0-7UJB5udE ;
createtime : 1449288057 ;
msgtype : event ;
eventkey :  ;

2015-12-05 12:00:59 params :
------------
Array:
rule : -2 ;
module :  ;
message : Array ;

2015-12-05 12:00:59 response :
------------

2015-12-05 12:03:50 trace :
------------
Array:
from : oqCObuNcpiyjTmUP5ZQ_divGxioU ;
to : gh_5013f37369ce ;
time : 1449288231 ;
type : event ;
event : VIEW ;
tousername : gh_5013f37369ce ;
fromusername : oqCObuNcpiyjTmUP5ZQ_divGxioU ;
createtime : 1449288231 ;
msgtype : event ;
eventkey : http://mp.weixin.qq.com/s?__biz=MzA5MzE5NzExNw==&mid=10001097&idx=1&sn=8338ffe385dcd8dd1f376fc1a2fd50ff&scene=18#rd ;

2015-12-05 12:03:50 params :
------------
Array:
rule : -2 ;
module :  ;
message : Array ;

2015-12-05 12:03:50 response :
------------

2015-12-05 12:10:11 trace :
------------
Array:
from : oqCObuJXK4zb1qSuuWiSnouC1jF8 ;
to : gh_5013f37369ce ;
time : 1449288612 ;
type : event ;
event : subscribe ;
tousername : gh_5013f37369ce ;
fromusername : oqCObuJXK4zb1qSuuWiSnouC1jF8 ;
createtime : 1449288612 ;
msgtype : event ;
eventkey :  ;

2015-12-05 12:10:11 params :
------------
Array:
rule : -2 ;
module :  ;
message : Array ;

2015-12-05 12:10:11 response :
------------

2015-12-05 12:31:15 trace :
------------
Array:
from : oqCObuHEsc6tm1dVJZSqzJoDU8Qw ;
to : gh_5013f37369ce ;
time : 1449289876 ;
type : event ;
event : VIEW ;
tousername : gh_5013f37369ce ;
fromusername : oqCObuHEsc6tm1dVJZSqzJoDU8Qw ;
createtime : 1449289876 ;
msgtype : event ;
eventkey : http://mp.weixin.qq.com/s?__biz=MzA5MzE5NzExNw==&mid=10001097&idx=1&sn=8338ffe385dcd8dd1f376fc1a2fd50ff&scene=18#rd ;

2015-12-05 12:31:15 params :
------------
Array:
rule : -2 ;
module :  ;
message : Array ;

2015-12-05 12:31:15 response :
------------

2015-12-05 12:32:48 trace :
------------
Array:
from : oqCObuDJLllpqOOG2LEM0vd58ZRk ;
to : gh_5013f37369ce ;
time : 1449289969 ;
type : event ;
event : VIEW ;
tousername : gh_5013f37369ce ;
fromusername : oqCObuDJLllpqOOG2LEM0vd58ZRk ;
createtime : 1449289969 ;
msgtype : event ;
eventkey : http://mp.weixin.qq.com/s?__biz=MzA5MzE5NzExNw==&mid=10001097&idx=1&sn=8338ffe385dcd8dd1f376fc1a2fd50ff&scene=18#rd ;

2015-12-05 12:32:48 params :
------------
Array:
rule : -2 ;
module :  ;
message : Array ;

2015-12-05 12:32:48 response :
------------

2015-12-05 12:36:22 trace :
------------
Array:
from : oqCObuJkZjUuxcacfpfVogeApRIc ;
to : gh_5013f37369ce ;
time : 1449290183 ;
type : event ;
event : subscribe ;
tousername : gh_5013f37369ce ;
fromusername : oqCObuJkZjUuxcacfpfVogeApRIc ;
createtime : 1449290183 ;
msgtype : event ;
eventkey :  ;

2015-12-05 12:36:22 params :
------------
Array:
rule : -2 ;
module :  ;
message : Array ;

2015-12-05 12:36:22 response :
------------

2015-12-05 12:45:26 trace :
------------
Array:
from : oqCObuIRwxk9_pfpIa0_W8FxpSac ;
to : gh_5013f37369ce ;
time : 1449290727 ;
type : event ;
event : subscribe ;
tousername : gh_5013f37369ce ;
fromusername : oqCObuIRwxk9_pfpIa0_W8FxpSac ;
createtime : 1449290727 ;
msgtype : event ;
eventkey :  ;

2015-12-05 12:45:26 params :
------------
Array:
rule : -2 ;
module :  ;
message : Array ;

2015-12-05 12:45:26 response :
------------

2015-12-05 12:49:05 trace :
------------
Array:
from : oqCObuCBI5U1f10soBqfAxryqDfE ;
to : gh_5013f37369ce ;
time : 1449290946 ;
type : event ;
event : subscribe ;
tousername : gh_5013f37369ce ;
fromusername : oqCObuCBI5U1f10soBqfAxryqDfE ;
createtime : 1449290946 ;
msgtype : event ;
eventkey :  ;

2015-12-05 12:49:05 params :
------------
Array:
rule : -2 ;
module :  ;
message : Array ;

2015-12-05 12:49:05 response :
------------

2015-12-05 12:56:30 trace :
------------
Array:
from : oqCObuLkqsFeg7QNlneWcemR3hTY ;
to : gh_5013f37369ce ;
time : 1449291391 ;
type : event ;
event : subscribe ;
tousername : gh_5013f37369ce ;
fromusername : oqCObuLkqsFeg7QNlneWcemR3hTY ;
createtime : 1449291391 ;
msgtype : event ;
eventkey :  ;

2015-12-05 12:56:30 params :
------------
Array:
rule : -2 ;
module :  ;
message : Array ;

2015-12-05 12:56:30 response :
------------

2015-12-05 13:09:12 trace :
------------
Array:
from : oqCObuIPjwJmvShSPjYm3-toaKzM ;
to : gh_5013f37369ce ;
time : 1449292153 ;
type : event ;
event : VIEW ;
tousername : gh_5013f37369ce ;
fromusername : oqCObuIPjwJmvShSPjYm3-toaKzM ;
createtime : 1449292153 ;
msgtype : event ;
eventkey : http://mp.weixin.qq.com/s?__biz=MzA5MzE5NzExNw==&mid=10001097&idx=1&sn=8338ffe385dcd8dd1f376fc1a2fd50ff&scene=18#rd ;

2015-12-05 13:09:12 params :
------------
Array:
rule : -2 ;
module :  ;
message : Array ;

2015-12-05 13:09:12 response :
------------

2015-12-05 13:09:23 trace :
------------
Array:
from : oqCObuIPjwJmvShSPjYm3-toaKzM ;
to : gh_5013f37369ce ;
time : 1449292164 ;
type : event ;
event : VIEW ;
tousername : gh_5013f37369ce ;
fromusername : oqCObuIPjwJmvShSPjYm3-toaKzM ;
createtime : 1449292164 ;
msgtype : event ;
eventkey : http://mp.weixin.qq.com/s?__biz=MzA5MzE5NzExNw==&mid=10001097&idx=1&sn=8338ffe385dcd8dd1f376fc1a2fd50ff&scene=18#rd ;

2015-12-05 13:09:23 params :
------------
Array:
rule : -2 ;
module :  ;
message : Array ;

2015-12-05 13:09:23 response :
------------

2015-12-05 13:09:49 trace :
------------
Array:
from : oqCObuIPjwJmvShSPjYm3-toaKzM ;
to : gh_5013f37369ce ;
time : 1449292190 ;
type : event ;
event : VIEW ;
tousername : gh_5013f37369ce ;
fromusername : oqCObuIPjwJmvShSPjYm3-toaKzM ;
createtime : 1449292190 ;
msgtype : event ;
eventkey : http://mp.weixin.qq.com/s?__biz=MzA5MzE5NzExNw==&mid=10001097&idx=1&sn=8338ffe385dcd8dd1f376fc1a2fd50ff&scene=18#rd ;

2015-12-05 13:09:49 params :
------------
Array:
rule : -2 ;
module :  ;
message : Array ;

2015-12-05 13:09:49 response :
------------

2015-12-05 13:10:47 trace :
------------
Array:
from : oqCObuIPjwJmvShSPjYm3-toaKzM ;
to : gh_5013f37369ce ;
time : 1449292248 ;
type : event ;
event : VIEW ;
tousername : gh_5013f37369ce ;
fromusername : oqCObuIPjwJmvShSPjYm3-toaKzM ;
createtime : 1449292248 ;
msgtype : event ;
eventkey : http://mp.weixin.qq.com/s?__biz=MzA5MzE5NzExNw==&mid=10001097&idx=1&sn=8338ffe385dcd8dd1f376fc1a2fd50ff&scene=18#rd ;

2015-12-05 13:10:47 params :
------------
Array:
rule : -2 ;
module :  ;
message : Array ;

2015-12-05 13:10:47 response :
------------

2015-12-05 13:12:30 trace :
------------
Array:
from : oqCObuIPjwJmvShSPjYm3-toaKzM ;
to : gh_5013f37369ce ;
time : 1449292351 ;
type : event ;
event : VIEW ;
tousername : gh_5013f37369ce ;
fromusername : oqCObuIPjwJmvShSPjYm3-toaKzM ;
createtime : 1449292351 ;
msgtype : event ;
eventkey : http://mp.weixin.qq.com/s?__biz=MzA5MzE5NzExNw==&mid=10001097&idx=1&sn=8338ffe385dcd8dd1f376fc1a2fd50ff&scene=18#rd ;

2015-12-05 13:12:30 params :
------------
Array:
rule : -2 ;
module :  ;
message : Array ;

2015-12-05 13:12:30 response :
------------

2015-12-05 13:22:19 trace :
------------
Array:
from : oqCObuPzZZaT-_85Ro-ZE-FK0GDw ;
to : gh_5013f37369ce ;
time : 1449292940 ;
type : event ;
event : subscribe ;
tousername : gh_5013f37369ce ;
fromusername : oqCObuPzZZaT-_85Ro-ZE-FK0GDw ;
createtime : 1449292940 ;
msgtype : event ;
eventkey :  ;

2015-12-05 13:22:19 params :
------------
Array:
rule : -2 ;
module :  ;
message : Array ;

2015-12-05 13:22:19 response :
------------

2015-12-05 13:30:28 trace :
------------
Array:
from : oqCObuHFXj_rWYvxhNBzG5qqL09U ;
to : gh_5013f37369ce ;
time : 1449293429 ;
type : event ;
event : subscribe ;
tousername : gh_5013f37369ce ;
fromusername : oqCObuHFXj_rWYvxhNBzG5qqL09U ;
createtime : 1449293429 ;
msgtype : event ;
eventkey :  ;

2015-12-05 13:30:28 params :
------------
Array:
rule : -2 ;
module :  ;
message : Array ;

2015-12-05 13:30:28 response :
------------

2015-12-05 13:36:36 trace :
------------
Array:
from : oqCObuKFx-kWsJVbm4oUzOvzgp9Q ;
to : gh_5013f37369ce ;
time : 1449293797 ;
type : event ;
event : subscribe ;
tousername : gh_5013f37369ce ;
fromusername : oqCObuKFx-kWsJVbm4oUzOvzgp9Q ;
createtime : 1449293797 ;
msgtype : event ;
eventkey :  ;

2015-12-05 13:36:36 params :
------------
Array:
rule : -2 ;
module :  ;
message : Array ;

2015-12-05 13:36:36 response :
------------

2015-12-05 13:50:10 trace :
------------
Array:
from : oqCObuGxy6WWoMuphPYJMcyt5iE8 ;
to : gh_5013f37369ce ;
time : 1449294611 ;
type : event ;
event : subscribe ;
tousername : gh_5013f37369ce ;
fromusername : oqCObuGxy6WWoMuphPYJMcyt5iE8 ;
createtime : 1449294611 ;
msgtype : event ;
eventkey :  ;

2015-12-05 13:50:10 params :
------------
Array:
rule : -2 ;
module :  ;
message : Array ;

2015-12-05 13:50:10 response :
------------

2015-12-05 14:11:55 trace :
------------
Array:
from : oqCObuNpBgMOLDYIuGlS4WxsIzGE ;
to : gh_5013f37369ce ;
time : 1449295916 ;
type : event ;
event : subscribe ;
tousername : gh_5013f37369ce ;
fromusername : oqCObuNpBgMOLDYIuGlS4WxsIzGE ;
createtime : 1449295916 ;
msgtype : event ;
eventkey :  ;

2015-12-05 14:11:55 params :
------------
Array:
rule : -2 ;
module :  ;
message : Array ;

2015-12-05 14:11:55 response :
------------

2015-12-05 14:12:54 trace :
------------
Array:
from : oqCObuPUjsLrYB09XxMHvmnkTnUk ;
to : gh_5013f37369ce ;
time : 1449295975 ;
type : event ;
event : subscribe ;
tousername : gh_5013f37369ce ;
fromusername : oqCObuPUjsLrYB09XxMHvmnkTnUk ;
createtime : 1449295975 ;
msgtype : event ;
eventkey :  ;

2015-12-05 14:12:54 params :
------------
Array:
rule : -2 ;
module :  ;
message : Array ;

2015-12-05 14:12:54 response :
------------

2015-12-05 14:15:09 trace :
------------
Array:
from : oqCObuLzZeFe3kVA1LBx1Nf6V1W0 ;
to : gh_5013f37369ce ;
time : 1449296110 ;
type : event ;
event : subscribe ;
tousername : gh_5013f37369ce ;
fromusername : oqCObuLzZeFe3kVA1LBx1Nf6V1W0 ;
createtime : 1449296110 ;
msgtype : event ;
eventkey :  ;

2015-12-05 14:15:09 params :
------------
Array:
rule : -2 ;
module :  ;
message : Array ;

2015-12-05 14:15:09 response :
------------

2015-12-05 14:15:15 trace :
------------
Array:
from : oqCObuLzZeFe3kVA1LBx1Nf6V1W0 ;
to : gh_5013f37369ce ;
time : 1449296116 ;
type : event ;
event : VIEW ;
tousername : gh_5013f37369ce ;
fromusername : oqCObuLzZeFe3kVA1LBx1Nf6V1W0 ;
createtime : 1449296116 ;
msgtype : event ;
eventkey : http://mp.weixin.qq.com/s?__biz=MzA5MzE5NzExNw==&mid=10001097&idx=1&sn=8338ffe385dcd8dd1f376fc1a2fd50ff&scene=18#rd ;

2015-12-05 14:15:15 params :
------------
Array:
rule : -2 ;
module :  ;
message : Array ;

2015-12-05 14:15:15 response :
------------

2015-12-05 14:16:04 trace :
------------
Array:
from : oqCObuDBMr9T1-DldPzfPhu4ZfEQ ;
to : gh_5013f37369ce ;
time : 1449296162 ;
type : event ;
event : subscribe ;
tousername : gh_5013f37369ce ;
fromusername : oqCObuDBMr9T1-DldPzfPhu4ZfEQ ;
createtime : 1449296162 ;
msgtype : event ;
eventkey :  ;

2015-12-05 14:16:04 params :
------------
Array:
rule : -2 ;
module :  ;
message : Array ;

2015-12-05 14:16:04 response :
------------

2015-12-05 14:17:09 trace :
------------
Array:
from : oqCObuDqgLPBQCHaA7fOiAjWpZSQ ;
to : gh_5013f37369ce ;
time : 1449296230 ;
type : event ;
event : subscribe ;
tousername : gh_5013f37369ce ;
fromusername : oqCObuDqgLPBQCHaA7fOiAjWpZSQ ;
createtime : 1449296230 ;
msgtype : event ;
eventkey :  ;

2015-12-05 14:17:09 params :
------------
Array:
rule : -2 ;
module :  ;
message : Array ;

2015-12-05 14:17:09 response :
------------

2015-12-05 14:19:05 trace :
------------
Array:
from : oqCObuLBSyocwJ4iOwci59cYFZb4 ;
to : gh_5013f37369ce ;
time : 1449296343 ;
type : event ;
event : subscribe ;
tousername : gh_5013f37369ce ;
fromusername : oqCObuLBSyocwJ4iOwci59cYFZb4 ;
createtime : 1449296343 ;
msgtype : event ;
eventkey :  ;

2015-12-05 14:19:05 params :
------------
Array:
rule : -2 ;
module :  ;
message : Array ;

2015-12-05 14:19:05 response :
------------

2015-12-05 14:32:14 trace :
------------
Array:
from : oqCObuK1acCDh-5Hk8nBu0wP7_xY ;
to : gh_5013f37369ce ;
time : 1449297136 ;
type : event ;
event : subscribe ;
tousername : gh_5013f37369ce ;
fromusername : oqCObuK1acCDh-5Hk8nBu0wP7_xY ;
createtime : 1449297136 ;
msgtype : event ;
eventkey :  ;

2015-12-05 14:32:14 params :
------------
Array:
rule : -2 ;
module :  ;
message : Array ;

2015-12-05 14:32:14 response :
------------

2015-12-05 14:32:27 trace :
------------
Array:
from : oqCObuCtGYhdhufAlKgxl9u4oRmQ ;
to : gh_5013f37369ce ;
time : 1449297148 ;
type : event ;
event : subscribe ;
tousername : gh_5013f37369ce ;
fromusername : oqCObuCtGYhdhufAlKgxl9u4oRmQ ;
createtime : 1449297148 ;
msgtype : event ;
eventkey :  ;

2015-12-05 14:32:27 params :
------------
Array:
rule : -2 ;
module :  ;
message : Array ;

2015-12-05 14:32:27 response :
------------

2015-12-05 14:38:48 trace :
------------
Array:
from : oqCObuJ8ObtI4KtT-v_scd9E7F9o ;
to : gh_5013f37369ce ;
time : 1449297529 ;
type : event ;
event : VIEW ;
tousername : gh_5013f37369ce ;
fromusername : oqCObuJ8ObtI4KtT-v_scd9E7F9o ;
createtime : 1449297529 ;
msgtype : event ;
eventkey : http://mp.weixin.qq.com/s?__biz=MzA5MzE5NzExNw==&mid=10001097&idx=1&sn=8338ffe385dcd8dd1f376fc1a2fd50ff&scene=18#rd ;

2015-12-05 14:38:48 params :
------------
Array:
rule : -2 ;
module :  ;
message : Array ;

2015-12-05 14:38:48 response :
------------

2015-12-05 14:39:22 trace :
------------
Array:
from : oqCObuJ8ObtI4KtT-v_scd9E7F9o ;
to : gh_5013f37369ce ;
time : 1449297563 ;
type : event ;
event : VIEW ;
tousername : gh_5013f37369ce ;
fromusername : oqCObuJ8ObtI4KtT-v_scd9E7F9o ;
createtime : 1449297563 ;
msgtype : event ;
eventkey : http://mp.weixin.qq.com/s?__biz=MzA5MzE5NzExNw==&mid=10001097&idx=1&sn=8338ffe385dcd8dd1f376fc1a2fd50ff&scene=18#rd ;

2015-12-05 14:39:22 params :
------------
Array:
rule : -2 ;
module :  ;
message : Array ;

2015-12-05 14:39:22 response :
------------

2015-12-05 14:39:31 trace :
------------
Array:
from : oqCObuEXFeBzqa1v27_4ogQ_Ypt0 ;
to : gh_5013f37369ce ;
time : 1449297572 ;
type : event ;
event : subscribe ;
tousername : gh_5013f37369ce ;
fromusername : oqCObuEXFeBzqa1v27_4ogQ_Ypt0 ;
createtime : 1449297572 ;
msgtype : event ;
eventkey :  ;

2015-12-05 14:39:31 params :
------------
Array:
rule : -2 ;
module :  ;
message : Array ;

2015-12-05 14:39:31 response :
------------

2015-12-05 14:55:18 trace :
------------
Array:
from : oqCObuE7sWBW1Y6lqk6O_BAfaptY ;
to : gh_5013f37369ce ;
time : 1449298519 ;
type : event ;
event : VIEW ;
tousername : gh_5013f37369ce ;
fromusername : oqCObuE7sWBW1Y6lqk6O_BAfaptY ;
createtime : 1449298519 ;
msgtype : event ;
eventkey : http://mp.weixin.qq.com/s?__biz=MzA5MzE5NzExNw==&mid=10001097&idx=1&sn=8338ffe385dcd8dd1f376fc1a2fd50ff&scene=18#rd ;

2015-12-05 14:55:18 params :
------------
Array:
rule : -2 ;
module :  ;
message : Array ;

2015-12-05 14:55:18 response :
------------

2015-12-05 14:55:27 trace :
------------
Array:
from : oqCObuE7sWBW1Y6lqk6O_BAfaptY ;
to : gh_5013f37369ce ;
time : 1449298528 ;
type : event ;
event : VIEW ;
tousername : gh_5013f37369ce ;
fromusername : oqCObuE7sWBW1Y6lqk6O_BAfaptY ;
createtime : 1449298528 ;
msgtype : event ;
eventkey : http://mp.weixin.qq.com/s?__biz=MzA5MzE5NzExNw==&mid=10001097&idx=1&sn=8338ffe385dcd8dd1f376fc1a2fd50ff&scene=18#rd ;

2015-12-05 14:55:27 params :
------------
Array:
rule : -2 ;
module :  ;
message : Array ;

2015-12-05 14:55:27 response :
------------

2015-12-05 15:00:40 trace :
------------
Array:
from : oqCObuPhLsW8PJrD17Vu3_WYP-Eo ;
to : gh_5013f37369ce ;
time : 1449298841 ;
type : event ;
event : subscribe ;
tousername : gh_5013f37369ce ;
fromusername : oqCObuPhLsW8PJrD17Vu3_WYP-Eo ;
createtime : 1449298841 ;
msgtype : event ;
eventkey :  ;

2015-12-05 15:00:40 params :
------------
Array:
rule : -2 ;
module :  ;
message : Array ;

2015-12-05 15:00:40 response :
------------

2015-12-05 15:01:43 trace :
------------
Array:
from : oqCObuPhLsW8PJrD17Vu3_WYP-Eo ;
to : gh_5013f37369ce ;
time : 1449298905 ;
type : event ;
event : VIEW ;
tousername : gh_5013f37369ce ;
fromusername : oqCObuPhLsW8PJrD17Vu3_WYP-Eo ;
createtime : 1449298905 ;
msgtype : event ;
eventkey : http://mp.weixin.qq.com/s?__biz=MzA5MzE5NzExNw==&mid=10001097&idx=1&sn=8338ffe385dcd8dd1f376fc1a2fd50ff&scene=18#rd ;

2015-12-05 15:01:43 params :
------------
Array:
rule : -2 ;
module :  ;
message : Array ;

2015-12-05 15:01:43 response :
------------

2015-12-05 15:03:04 trace :
------------
Array:
from : oqCObuPhLsW8PJrD17Vu3_WYP-Eo ;
to : gh_5013f37369ce ;
time : 1449298985 ;
type : event ;
event : VIEW ;
tousername : gh_5013f37369ce ;
fromusername : oqCObuPhLsW8PJrD17Vu3_WYP-Eo ;
createtime : 1449298985 ;
msgtype : event ;
eventkey : http://mp.weixin.qq.com/s?__biz=MzA5MzE5NzExNw==&mid=10001097&idx=1&sn=8338ffe385dcd8dd1f376fc1a2fd50ff&scene=18#rd ;

2015-12-05 15:03:04 params :
------------
Array:
rule : -2 ;
module :  ;
message : Array ;

2015-12-05 15:03:04 response :
------------

2015-12-05 15:09:54 trace :
------------
Array:
from : oqCObuA9KBVXLlXT-TNsi6j4SSHA ;
to : gh_5013f37369ce ;
time : 1449299395 ;
type : event ;
event : subscribe ;
tousername : gh_5013f37369ce ;
fromusername : oqCObuA9KBVXLlXT-TNsi6j4SSHA ;
createtime : 1449299395 ;
msgtype : event ;
eventkey :  ;

2015-12-05 15:09:54 params :
------------
Array:
rule : -2 ;
module :  ;
message : Array ;

2015-12-05 15:09:54 response :
------------

2015-12-05 15:25:37 trace :
------------
Array:
from : oqCObuN85SHj4-Bmnsp8yDrhGoNE ;
to : gh_5013f37369ce ;
time : 1449300338 ;
type : event ;
event : subscribe ;
tousername : gh_5013f37369ce ;
fromusername : oqCObuN85SHj4-Bmnsp8yDrhGoNE ;
createtime : 1449300338 ;
msgtype : event ;
eventkey :  ;

2015-12-05 15:25:37 params :
------------
Array:
rule : -2 ;
module :  ;
message : Array ;

2015-12-05 15:25:37 response :
------------

2015-12-05 15:29:15 trace :
------------
Array:
from : oqCObuEuykxQzyzV5i3pqptUjoNU ;
to : gh_5013f37369ce ;
time : 1449300556 ;
type : event ;
event : subscribe ;
tousername : gh_5013f37369ce ;
fromusername : oqCObuEuykxQzyzV5i3pqptUjoNU ;
createtime : 1449300556 ;
msgtype : event ;
eventkey :  ;

2015-12-05 15:29:15 params :
------------
Array:
rule : -2 ;
module :  ;
message : Array ;

2015-12-05 15:29:15 response :
------------

2015-12-05 15:48:08 trace :
------------
Array:
from : oqCObuOw0GqPEPk5z6XP-055IJwU ;
to : gh_5013f37369ce ;
time : 1449301689 ;
type : event ;
event : VIEW ;
tousername : gh_5013f37369ce ;
fromusername : oqCObuOw0GqPEPk5z6XP-055IJwU ;
createtime : 1449301689 ;
msgtype : event ;
eventkey : http://mp.weixin.qq.com/s?__biz=MzA5MzE5NzExNw==&mid=10001097&idx=1&sn=8338ffe385dcd8dd1f376fc1a2fd50ff&scene=18#rd ;

2015-12-05 15:48:08 params :
------------
Array:
rule : -2 ;
module :  ;
message : Array ;

2015-12-05 15:48:08 response :
------------

2015-12-05 15:48:12 trace :
------------
Array:
from : oqCObuOw0GqPEPk5z6XP-055IJwU ;
to : gh_5013f37369ce ;
time : 1449301693 ;
type : event ;
event : VIEW ;
tousername : gh_5013f37369ce ;
fromusername : oqCObuOw0GqPEPk5z6XP-055IJwU ;
createtime : 1449301693 ;
msgtype : event ;
eventkey : http://mp.weixin.qq.com/s?__biz=MzA5MzE5NzExNw==&mid=10001097&idx=1&sn=8338ffe385dcd8dd1f376fc1a2fd50ff&scene=18#rd ;

2015-12-05 15:48:12 params :
------------
Array:
rule : -2 ;
module :  ;
message : Array ;

2015-12-05 15:48:12 response :
------------

2015-12-05 15:48:29 trace :
------------
Array:
from : oqCObuOw0GqPEPk5z6XP-055IJwU ;
to : gh_5013f37369ce ;
time : 1449301710 ;
type : event ;
event : VIEW ;
tousername : gh_5013f37369ce ;
fromusername : oqCObuOw0GqPEPk5z6XP-055IJwU ;
createtime : 1449301710 ;
msgtype : event ;
eventkey : http://mp.weixin.qq.com/s?__biz=MzA5MzE5NzExNw==&mid=10001097&idx=1&sn=8338ffe385dcd8dd1f376fc1a2fd50ff&scene=18#rd ;

2015-12-05 15:48:29 params :
------------
Array:
rule : -2 ;
module :  ;
message : Array ;

2015-12-05 15:48:29 response :
------------

2015-12-05 15:48:34 trace :
------------
Array:
from : oqCObuOw0GqPEPk5z6XP-055IJwU ;
to : gh_5013f37369ce ;
time : 1449301715 ;
type : event ;
event : VIEW ;
tousername : gh_5013f37369ce ;
fromusername : oqCObuOw0GqPEPk5z6XP-055IJwU ;
createtime : 1449301715 ;
msgtype : event ;
eventkey : http://mp.weixin.qq.com/s?__biz=MzA5MzE5NzExNw==&mid=10001097&idx=1&sn=8338ffe385dcd8dd1f376fc1a2fd50ff&scene=18#rd ;

2015-12-05 15:48:34 params :
------------
Array:
rule : -2 ;
module :  ;
message : Array ;

2015-12-05 15:48:34 response :
------------

2015-12-05 15:48:40 trace :
------------
Array:
from : oqCObuOw0GqPEPk5z6XP-055IJwU ;
to : gh_5013f37369ce ;
time : 1449301721 ;
type : event ;
event : VIEW ;
tousername : gh_5013f37369ce ;
fromusername : oqCObuOw0GqPEPk5z6XP-055IJwU ;
createtime : 1449301721 ;
msgtype : event ;
eventkey : http://mp.weixin.qq.com/s?__biz=MzA5MzE5NzExNw==&mid=10001097&idx=1&sn=8338ffe385dcd8dd1f376fc1a2fd50ff&scene=18#rd ;

2015-12-05 15:48:40 params :
------------
Array:
rule : -2 ;
module :  ;
message : Array ;

2015-12-05 15:48:40 response :
------------

2015-12-05 15:48:46 trace :
------------
Array:
from : oqCObuOw0GqPEPk5z6XP-055IJwU ;
to : gh_5013f37369ce ;
time : 1449301727 ;
type : event ;
event : VIEW ;
tousername : gh_5013f37369ce ;
fromusername : oqCObuOw0GqPEPk5z6XP-055IJwU ;
createtime : 1449301727 ;
msgtype : event ;
eventkey : http://mp.weixin.qq.com/s?__biz=MzA5MzE5NzExNw==&mid=10001097&idx=1&sn=8338ffe385dcd8dd1f376fc1a2fd50ff&scene=18#rd ;

2015-12-05 15:48:46 params :
------------
Array:
rule : -2 ;
module :  ;
message : Array ;

2015-12-05 15:48:46 response :
------------

2015-12-05 16:00:47 trace :
------------
Array:
from : oqCObuPwZS0R60ZULuDI6tKwPsFg ;
to : gh_5013f37369ce ;
time : 1449302448 ;
type : event ;
event : subscribe ;
tousername : gh_5013f37369ce ;
fromusername : oqCObuPwZS0R60ZULuDI6tKwPsFg ;
createtime : 1449302448 ;
msgtype : event ;
eventkey :  ;

2015-12-05 16:00:47 params :
------------
Array:
rule : -2 ;
module :  ;
message : Array ;

2015-12-05 16:00:47 response :
------------

2015-12-05 16:11:55 trace :
------------
Array:
from : oqCObuN2zvYYgKa0RQGZi0pN9ln4 ;
to : gh_5013f37369ce ;
time : 1449303117 ;
type : event ;
event : VIEW ;
tousername : gh_5013f37369ce ;
fromusername : oqCObuN2zvYYgKa0RQGZi0pN9ln4 ;
createtime : 1449303117 ;
msgtype : event ;
eventkey : http://mp.weixin.qq.com/s?__biz=MzA5MzE5NzExNw==&mid=10001097&idx=1&sn=8338ffe385dcd8dd1f376fc1a2fd50ff&scene=18#rd ;

2015-12-05 16:11:55 params :
------------
Array:
rule : -2 ;
module :  ;
message : Array ;

2015-12-05 16:11:55 response :
------------

2015-12-05 16:12:04 trace :
------------
Array:
from : oqCObuN2zvYYgKa0RQGZi0pN9ln4 ;
to : gh_5013f37369ce ;
time : 1449303125 ;
type : event ;
event : VIEW ;
tousername : gh_5013f37369ce ;
fromusername : oqCObuN2zvYYgKa0RQGZi0pN9ln4 ;
createtime : 1449303125 ;
msgtype : event ;
eventkey : http://mp.weixin.qq.com/s?__biz=MzA5MzE5NzExNw==&mid=10001097&idx=1&sn=8338ffe385dcd8dd1f376fc1a2fd50ff&scene=18#rd ;

2015-12-05 16:12:04 params :
------------
Array:
rule : -2 ;
module :  ;
message : Array ;

2015-12-05 16:12:04 response :
------------

2015-12-05 16:12:07 trace :
------------
Array:
from : oqCObuN2zvYYgKa0RQGZi0pN9ln4 ;
to : gh_5013f37369ce ;
time : 1449303128 ;
type : event ;
event : VIEW ;
tousername : gh_5013f37369ce ;
fromusername : oqCObuN2zvYYgKa0RQGZi0pN9ln4 ;
createtime : 1449303128 ;
msgtype : event ;
eventkey : http://mp.weixin.qq.com/s?__biz=MzA5MzE5NzExNw==&mid=10001097&idx=1&sn=8338ffe385dcd8dd1f376fc1a2fd50ff&scene=18#rd ;

2015-12-05 16:12:07 params :
------------
Array:
rule : -2 ;
module :  ;
message : Array ;

2015-12-05 16:12:07 response :
------------

2015-12-05 16:25:22 trace :
------------
Array:
from : oqCObuAtUc1o-dGg8xL8sZnjIxQk ;
to : gh_5013f37369ce ;
time : 1449303923 ;
type : event ;
event : subscribe ;
tousername : gh_5013f37369ce ;
fromusername : oqCObuAtUc1o-dGg8xL8sZnjIxQk ;
createtime : 1449303923 ;
msgtype : event ;
eventkey :  ;

2015-12-05 16:25:22 params :
------------
Array:
rule : -2 ;
module :  ;
message : Array ;

2015-12-05 16:25:22 response :
------------

2015-12-05 16:30:04 trace :
------------
Array:
from : oqCObuPqktyzxrFzuA038ECOmORk ;
to : gh_5013f37369ce ;
time : 1449304205 ;
type : event ;
event : subscribe ;
tousername : gh_5013f37369ce ;
fromusername : oqCObuPqktyzxrFzuA038ECOmORk ;
createtime : 1449304205 ;
msgtype : event ;
eventkey :  ;

2015-12-05 16:30:04 params :
------------
Array:
rule : -2 ;
module :  ;
message : Array ;

2015-12-05 16:30:04 response :
------------

2015-12-05 16:30:31 trace :
------------
Array:
from : oqCObuIWO7WTWhCAX7Xo-8g2pev4 ;
to : gh_5013f37369ce ;
time : 1449304232 ;
type : event ;
event : subscribe ;
tousername : gh_5013f37369ce ;
fromusername : oqCObuIWO7WTWhCAX7Xo-8g2pev4 ;
createtime : 1449304232 ;
msgtype : event ;
eventkey :  ;

2015-12-05 16:30:31 params :
------------
Array:
rule : -2 ;
module :  ;
message : Array ;

2015-12-05 16:30:31 response :
------------

2015-12-05 16:34:44 trace :
------------
Array:
from : oqCObuKEH92jKyrmr3CO3eA5lmvw ;
to : gh_5013f37369ce ;
time : 1449304482 ;
type : event ;
event : subscribe ;
tousername : gh_5013f37369ce ;
fromusername : oqCObuKEH92jKyrmr3CO3eA5lmvw ;
createtime : 1449304482 ;
msgtype : event ;
eventkey :  ;

2015-12-05 16:34:44 params :
------------
Array:
rule : -2 ;
module :  ;
message : Array ;

2015-12-05 16:34:44 response :
------------

2015-12-05 16:44:11 trace :
------------
Array:
from : oqCObuC-aFPWcD3jCI7u0smY7Eoo ;
to : gh_5013f37369ce ;
time : 1449305052 ;
type : event ;
event : subscribe ;
tousername : gh_5013f37369ce ;
fromusername : oqCObuC-aFPWcD3jCI7u0smY7Eoo ;
createtime : 1449305052 ;
msgtype : event ;
eventkey :  ;

2015-12-05 16:44:11 params :
------------
Array:
rule : -2 ;
module :  ;
message : Array ;

2015-12-05 16:44:11 response :
------------

2015-12-05 16:45:35 trace :
------------
Array:
from : oqCObuPvsdmb5Kff5Qy_Cp6TfFQ0 ;
to : gh_5013f37369ce ;
time : 1449305136 ;
type : event ;
event : VIEW ;
tousername : gh_5013f37369ce ;
fromusername : oqCObuPvsdmb5Kff5Qy_Cp6TfFQ0 ;
createtime : 1449305136 ;
msgtype : event ;
eventkey : http://mp.weixin.qq.com/s?__biz=MzA5MzE5NzExNw==&mid=10001097&idx=1&sn=8338ffe385dcd8dd1f376fc1a2fd50ff&scene=18#rd ;

2015-12-05 16:45:35 params :
------------
Array:
rule : -2 ;
module :  ;
message : Array ;

2015-12-05 16:45:35 response :
------------

2015-12-05 16:45:53 trace :
------------
Array:
from : oqCObuB05A_UawgythJrF2wwv1pw ;
to : gh_5013f37369ce ;
time : 1449305151 ;
type : event ;
event : subscribe ;
tousername : gh_5013f37369ce ;
fromusername : oqCObuB05A_UawgythJrF2wwv1pw ;
createtime : 1449305151 ;
msgtype : event ;
eventkey :  ;

2015-12-05 16:45:53 params :
------------
Array:
rule : -2 ;
module :  ;
message : Array ;

2015-12-05 16:45:53 response :
------------

2015-12-05 17:31:20 trace :
------------
Array:
from : oqCObuFnktgegdm_uj0rAlHML0rM ;
to : gh_5013f37369ce ;
time : 1449307881 ;
type : event ;
event : subscribe ;
tousername : gh_5013f37369ce ;
fromusername : oqCObuFnktgegdm_uj0rAlHML0rM ;
createtime : 1449307881 ;
msgtype : event ;
eventkey :  ;

2015-12-05 17:31:20 params :
------------
Array:
rule : -2 ;
module :  ;
message : Array ;

2015-12-05 17:31:20 response :
------------

2015-12-05 17:31:58 trace :
------------
Array:
from : oqCObuB0hKd8DOEfxbHP2tk6hn8s ;
to : gh_5013f37369ce ;
time : 1449307919 ;
type : event ;
event : subscribe ;
tousername : gh_5013f37369ce ;
fromusername : oqCObuB0hKd8DOEfxbHP2tk6hn8s ;
createtime : 1449307919 ;
msgtype : event ;
eventkey :  ;

2015-12-05 17:31:58 params :
------------
Array:
rule : -2 ;
module :  ;
message : Array ;

2015-12-05 17:31:58 response :
------------

2015-12-05 17:45:45 trace :
------------
Array:
from : oqCObuAOUKS5QDikhOBQCTBFG7uQ ;
to : gh_5013f37369ce ;
time : 1449308746 ;
type : event ;
event : subscribe ;
tousername : gh_5013f37369ce ;
fromusername : oqCObuAOUKS5QDikhOBQCTBFG7uQ ;
createtime : 1449308746 ;
msgtype : event ;
eventkey :  ;

2015-12-05 17:45:45 params :
------------
Array:
rule : -2 ;
module :  ;
message : Array ;

2015-12-05 17:45:45 response :
------------

2015-12-05 17:54:21 trace :
------------
Array:
from : oqCObuIYiseOY_qykS18RQoe8eF0 ;
to : gh_5013f37369ce ;
time : 1449309262 ;
type : event ;
event : subscribe ;
tousername : gh_5013f37369ce ;
fromusername : oqCObuIYiseOY_qykS18RQoe8eF0 ;
createtime : 1449309262 ;
msgtype : event ;
eventkey :  ;

2015-12-05 17:54:21 params :
------------
Array:
rule : -2 ;
module :  ;
message : Array ;

2015-12-05 17:54:21 response :
------------

2015-12-05 18:03:35 trace :
------------
Array:
from : oqCObuE5nNsTyc27H3H_q02H52Hs ;
to : gh_5013f37369ce ;
time : 1449309816 ;
type : event ;
event : subscribe ;
tousername : gh_5013f37369ce ;
fromusername : oqCObuE5nNsTyc27H3H_q02H52Hs ;
createtime : 1449309816 ;
msgtype : event ;
eventkey :  ;

2015-12-05 18:03:35 params :
------------
Array:
rule : -2 ;
module :  ;
message : Array ;

2015-12-05 18:03:35 response :
------------

2015-12-05 18:13:06 trace :
------------
Array:
from : oqCObuFdzjqhzsYnm6FM02o_j150 ;
to : gh_5013f37369ce ;
time : 1449310387 ;
type : event ;
event : subscribe ;
tousername : gh_5013f37369ce ;
fromusername : oqCObuFdzjqhzsYnm6FM02o_j150 ;
createtime : 1449310387 ;
msgtype : event ;
eventkey :  ;

2015-12-05 18:13:06 params :
------------
Array:
rule : -2 ;
module :  ;
message : Array ;

2015-12-05 18:13:06 response :
------------

2015-12-05 18:33:15 trace :
------------
Array:
from : oqCObuFQdHJJRhIJZ60AICEbI5qU ;
to : gh_5013f37369ce ;
time : 1449311596 ;
type : event ;
event : subscribe ;
tousername : gh_5013f37369ce ;
fromusername : oqCObuFQdHJJRhIJZ60AICEbI5qU ;
createtime : 1449311596 ;
msgtype : event ;
eventkey :  ;

2015-12-05 18:33:15 params :
------------
Array:
rule : -2 ;
module :  ;
message : Array ;

2015-12-05 18:33:15 response :
------------

2015-12-05 18:39:33 trace :
------------
Array:
from : oqCObuNChCUZsXOruobHujXtm_qk ;
to : gh_5013f37369ce ;
time : 1449311975 ;
type : event ;
event : subscribe ;
tousername : gh_5013f37369ce ;
fromusername : oqCObuNChCUZsXOruobHujXtm_qk ;
createtime : 1449311975 ;
msgtype : event ;
eventkey :  ;

2015-12-05 18:39:33 params :
------------
Array:
rule : -2 ;
module :  ;
message : Array ;

2015-12-05 18:39:33 response :
------------

2015-12-05 18:42:15 trace :
------------
Array:
from : oqCObuKZHYCNEShx_0xjxfJVB-wI ;
to : gh_5013f37369ce ;
time : 1449312136 ;
type : event ;
event : subscribe ;
tousername : gh_5013f37369ce ;
fromusername : oqCObuKZHYCNEShx_0xjxfJVB-wI ;
createtime : 1449312136 ;
msgtype : event ;
eventkey :  ;

2015-12-05 18:42:15 params :
------------
Array:
rule : -2 ;
module :  ;
message : Array ;

2015-12-05 18:42:15 response :
------------

2015-12-05 18:58:07 trace :
------------
Array:
from : oqCObuM6tQa34o0uqhNCEnIfueUI ;
to : gh_5013f37369ce ;
time : 1449313088 ;
type : event ;
event : VIEW ;
tousername : gh_5013f37369ce ;
fromusername : oqCObuM6tQa34o0uqhNCEnIfueUI ;
createtime : 1449313088 ;
msgtype : event ;
eventkey : http://mp.weixin.qq.com/s?__biz=MzA5MzE5NzExNw==&mid=10001097&idx=1&sn=8338ffe385dcd8dd1f376fc1a2fd50ff&scene=18#rd ;

2015-12-05 18:58:07 params :
------------
Array:
rule : -2 ;
module :  ;
message : Array ;

2015-12-05 18:58:07 response :
------------

2015-12-05 18:58:10 trace :
------------
Array:
from : oqCObuM6tQa34o0uqhNCEnIfueUI ;
to : gh_5013f37369ce ;
time : 1449313091 ;
type : event ;
event : VIEW ;
tousername : gh_5013f37369ce ;
fromusername : oqCObuM6tQa34o0uqhNCEnIfueUI ;
createtime : 1449313091 ;
msgtype : event ;
eventkey : http://mp.weixin.qq.com/s?__biz=MzA5MzE5NzExNw==&mid=10001097&idx=1&sn=8338ffe385dcd8dd1f376fc1a2fd50ff&scene=18#rd ;

2015-12-05 18:58:10 params :
------------
Array:
rule : -2 ;
module :  ;
message : Array ;

2015-12-05 18:58:10 response :
------------

2015-12-05 19:05:44 trace :
------------
Array:
from : oqCObuPZ_Ghxyf3YmdJ19OTgZXdk ;
to : gh_5013f37369ce ;
time : 1449313545 ;
type : event ;
event : subscribe ;
tousername : gh_5013f37369ce ;
fromusername : oqCObuPZ_Ghxyf3YmdJ19OTgZXdk ;
createtime : 1449313545 ;
msgtype : event ;
eventkey :  ;

2015-12-05 19:05:44 params :
------------
Array:
rule : -2 ;
module :  ;
message : Array ;

2015-12-05 19:05:44 response :
------------

2015-12-05 19:08:09 trace :
------------
Array:
from : oqCObuAjnm83yGkNBrTSkiRupn8g ;
to : gh_5013f37369ce ;
time : 1449313690 ;
type : event ;
event : VIEW ;
tousername : gh_5013f37369ce ;
fromusername : oqCObuAjnm83yGkNBrTSkiRupn8g ;
createtime : 1449313690 ;
msgtype : event ;
eventkey : http://mp.weixin.qq.com/s?__biz=MzA5MzE5NzExNw==&mid=10001097&idx=1&sn=8338ffe385dcd8dd1f376fc1a2fd50ff&scene=18#rd ;

2015-12-05 19:08:09 params :
------------
Array:
rule : -2 ;
module :  ;
message : Array ;

2015-12-05 19:08:09 response :
------------

2015-12-05 19:08:14 trace :
------------
Array:
from : oqCObuAjnm83yGkNBrTSkiRupn8g ;
to : gh_5013f37369ce ;
time : 1449313695 ;
type : event ;
event : VIEW ;
tousername : gh_5013f37369ce ;
fromusername : oqCObuAjnm83yGkNBrTSkiRupn8g ;
createtime : 1449313695 ;
msgtype : event ;
eventkey : http://mp.weixin.qq.com/s?__biz=MzA5MzE5NzExNw==&mid=10001097&idx=1&sn=8338ffe385dcd8dd1f376fc1a2fd50ff&scene=18#rd ;

2015-12-05 19:08:14 params :
------------
Array:
rule : -2 ;
module :  ;
message : Array ;

2015-12-05 19:08:14 response :
------------

2015-12-05 19:20:40 trace :
------------
Array:
from : oqCObuB7f0FAYdcJm-eKPIA0Xj-U ;
to : gh_5013f37369ce ;
time : 1449314441 ;
type : event ;
event : subscribe ;
tousername : gh_5013f37369ce ;
fromusername : oqCObuB7f0FAYdcJm-eKPIA0Xj-U ;
createtime : 1449314441 ;
msgtype : event ;
eventkey :  ;

2015-12-05 19:20:40 params :
------------
Array:
rule : -2 ;
module :  ;
message : Array ;

2015-12-05 19:20:40 response :
------------

2015-12-05 19:25:28 trace :
------------
Array:
from : oqCObuK0O_tKdSAt9hqTm7sEH_Oo ;
to : gh_5013f37369ce ;
time : 1449314729 ;
type : event ;
event : subscribe ;
tousername : gh_5013f37369ce ;
fromusername : oqCObuK0O_tKdSAt9hqTm7sEH_Oo ;
createtime : 1449314729 ;
msgtype : event ;
eventkey :  ;

2015-12-05 19:25:28 params :
------------
Array:
rule : -2 ;
module :  ;
message : Array ;

2015-12-05 19:25:28 response :
------------

2015-12-05 19:52:24 trace :
------------
Array:
from : oqCObuMtqWbCpW90YcwJADsj7TCE ;
to : gh_5013f37369ce ;
time : 1449316342 ;
type : event ;
event : subscribe ;
tousername : gh_5013f37369ce ;
fromusername : oqCObuMtqWbCpW90YcwJADsj7TCE ;
createtime : 1449316342 ;
msgtype : event ;
eventkey :  ;

2015-12-05 19:52:24 params :
------------
Array:
rule : -2 ;
module :  ;
message : Array ;

2015-12-05 19:52:24 response :
------------

2015-12-05 19:57:07 trace :
------------
Array:
from : oqCObuKmr5ND4Dv_3ydAhifXdKcs ;
to : gh_5013f37369ce ;
time : 1449316625 ;
type : event ;
event : subscribe ;
tousername : gh_5013f37369ce ;
fromusername : oqCObuKmr5ND4Dv_3ydAhifXdKcs ;
createtime : 1449316625 ;
msgtype : event ;
eventkey :  ;

2015-12-05 19:57:07 params :
------------
Array:
rule : -2 ;
module :  ;
message : Array ;

2015-12-05 19:57:07 response :
------------

2015-12-05 20:08:00 trace :
------------
Array:
from : oqCObuOQ9In_3BniBvRH39VygxI4 ;
to : gh_5013f37369ce ;
time : 1449317281 ;
type : event ;
event : subscribe ;
tousername : gh_5013f37369ce ;
fromusername : oqCObuOQ9In_3BniBvRH39VygxI4 ;
createtime : 1449317281 ;
msgtype : event ;
eventkey :  ;

2015-12-05 20:08:00 params :
------------
Array:
rule : -2 ;
module :  ;
message : Array ;

2015-12-05 20:08:00 response :
------------

2015-12-05 20:37:02 trace :
------------
Array:
from : oqCObuAjnm83yGkNBrTSkiRupn8g ;
to : gh_5013f37369ce ;
time : 1449319023 ;
type : event ;
event : VIEW ;
tousername : gh_5013f37369ce ;
fromusername : oqCObuAjnm83yGkNBrTSkiRupn8g ;
createtime : 1449319023 ;
msgtype : event ;
eventkey : http://mp.weixin.qq.com/s?__biz=MzA5MzE5NzExNw==&mid=10001097&idx=1&sn=8338ffe385dcd8dd1f376fc1a2fd50ff&scene=18#rd ;

2015-12-05 20:37:02 params :
------------
Array:
rule : -2 ;
module :  ;
message : Array ;

2015-12-05 20:37:02 response :
------------

2015-12-05 20:49:45 trace :
------------
Array:
from : oqCObuAjnm83yGkNBrTSkiRupn8g ;
to : gh_5013f37369ce ;
time : 1449319786 ;
type : event ;
event : VIEW ;
tousername : gh_5013f37369ce ;
fromusername : oqCObuAjnm83yGkNBrTSkiRupn8g ;
createtime : 1449319786 ;
msgtype : event ;
eventkey : http://mp.weixin.qq.com/s?__biz=MzA5MzE5NzExNw==&mid=10001097&idx=1&sn=8338ffe385dcd8dd1f376fc1a2fd50ff&scene=18#rd ;

2015-12-05 20:49:45 params :
------------
Array:
rule : -2 ;
module :  ;
message : Array ;

2015-12-05 20:49:45 response :
------------

2015-12-05 20:53:52 trace :
------------
Array:
from : oqCObuDgzaDH1Fh60HH_qVz7nrrs ;
to : gh_5013f37369ce ;
time : 1449320030 ;
type : event ;
event : subscribe ;
tousername : gh_5013f37369ce ;
fromusername : oqCObuDgzaDH1Fh60HH_qVz7nrrs ;
createtime : 1449320030 ;
msgtype : event ;
eventkey :  ;

2015-12-05 20:53:52 params :
------------
Array:
rule : -2 ;
module :  ;
message : Array ;

2015-12-05 20:53:52 response :
------------

2015-12-05 20:59:52 trace :
------------
Array:
from : oqCObuBTwSX4pVBoD0AucwBq9H8U ;
to : gh_5013f37369ce ;
time : 1449320393 ;
type : event ;
event : VIEW ;
tousername : gh_5013f37369ce ;
fromusername : oqCObuBTwSX4pVBoD0AucwBq9H8U ;
createtime : 1449320393 ;
msgtype : event ;
eventkey : http://mp.weixin.qq.com/s?__biz=MzA5MzE5NzExNw==&mid=10001097&idx=1&sn=8338ffe385dcd8dd1f376fc1a2fd50ff&scene=18#rd ;

2015-12-05 20:59:52 params :
------------
Array:
rule : -2 ;
module :  ;
message : Array ;

2015-12-05 20:59:52 response :
------------

2015-12-05 21:00:14 trace :
------------
Array:
from : oqCObuM9Z4gDDcF8hnvbIwl3rsoA ;
to : gh_5013f37369ce ;
time : 1449320413 ;
type : event ;
event : subscribe ;
tousername : gh_5013f37369ce ;
fromusername : oqCObuM9Z4gDDcF8hnvbIwl3rsoA ;
createtime : 1449320413 ;
msgtype : event ;
eventkey :  ;

2015-12-05 21:00:14 params :
------------
Array:
rule : -2 ;
module :  ;
message : Array ;

2015-12-05 21:00:14 response :
------------

2015-12-05 21:43:25 trace :
------------
Array:
from : oqCObuEw0PTQUHbcU9B7lqoIcdwc ;
to : gh_5013f37369ce ;
time : 1449323007 ;
type : event ;
event : subscribe ;
tousername : gh_5013f37369ce ;
fromusername : oqCObuEw0PTQUHbcU9B7lqoIcdwc ;
createtime : 1449323007 ;
msgtype : event ;
eventkey :  ;

2015-12-05 21:43:25 params :
------------
Array:
rule : -2 ;
module :  ;
message : Array ;

2015-12-05 21:43:25 response :
------------

2015-12-05 21:46:35 trace :
------------
Array:
from : oqCObuMSwDwfQPk2n97t1Q_fT3Ho ;
to : gh_5013f37369ce ;
time : 1449323196 ;
type : event ;
event : VIEW ;
tousername : gh_5013f37369ce ;
fromusername : oqCObuMSwDwfQPk2n97t1Q_fT3Ho ;
createtime : 1449323196 ;
msgtype : event ;
eventkey : http://mp.weixin.qq.com/s?__biz=MzA5MzE5NzExNw==&mid=10001097&idx=1&sn=8338ffe385dcd8dd1f376fc1a2fd50ff&scene=18#rd ;

2015-12-05 21:46:35 params :
------------
Array:
rule : -2 ;
module :  ;
message : Array ;

2015-12-05 21:46:35 response :
------------

2015-12-05 21:46:53 trace :
------------
Array:
from : oqCObuMSwDwfQPk2n97t1Q_fT3Ho ;
to : gh_5013f37369ce ;
time : 1449323214 ;
type : event ;
event : VIEW ;
tousername : gh_5013f37369ce ;
fromusername : oqCObuMSwDwfQPk2n97t1Q_fT3Ho ;
createtime : 1449323214 ;
msgtype : event ;
eventkey : http://mp.weixin.qq.com/s?__biz=MzA5MzE5NzExNw==&mid=10001097&idx=1&sn=8338ffe385dcd8dd1f376fc1a2fd50ff&scene=18#rd ;

2015-12-05 21:46:53 params :
------------
Array:
rule : -2 ;
module :  ;
message : Array ;

2015-12-05 21:46:53 response :
------------

2015-12-05 22:11:45 trace :
------------
Array:
from : oqCObuMGfpdPm9v9aDwBiPBb0cDA ;
to : gh_5013f37369ce ;
time : 1449324706 ;
type : event ;
event : subscribe ;
tousername : gh_5013f37369ce ;
fromusername : oqCObuMGfpdPm9v9aDwBiPBb0cDA ;
createtime : 1449324706 ;
msgtype : event ;
eventkey :  ;

2015-12-05 22:11:45 params :
------------
Array:
rule : -2 ;
module :  ;
message : Array ;

2015-12-05 22:11:45 response :
------------

2015-12-05 22:15:13 trace :
------------
Array:
from : oqCObuILi8RBNXqFTIwu3mJZ69VQ ;
to : gh_5013f37369ce ;
time : 1449324911 ;
type : event ;
event : subscribe ;
tousername : gh_5013f37369ce ;
fromusername : oqCObuILi8RBNXqFTIwu3mJZ69VQ ;
createtime : 1449324911 ;
msgtype : event ;
eventkey :  ;

2015-12-05 22:15:13 params :
------------
Array:
rule : -2 ;
module :  ;
message : Array ;

2015-12-05 22:15:13 response :
------------

2015-12-05 22:28:13 trace :
------------
Array:
from : oqCObuGF1l327Gm0dU6JUKYBVOV8 ;
to : gh_5013f37369ce ;
time : 1449325694 ;
type : event ;
event : subscribe ;
tousername : gh_5013f37369ce ;
fromusername : oqCObuGF1l327Gm0dU6JUKYBVOV8 ;
createtime : 1449325694 ;
msgtype : event ;
eventkey :  ;

2015-12-05 22:28:13 params :
------------
Array:
rule : -2 ;
module :  ;
message : Array ;

2015-12-05 22:28:13 response :
------------

