2015-12-21 00:22:22 trace :
------------
Array:
from : oqCObuC7-K9-v9n1rH2aq8b557TA ;
to : gh_5013f37369ce ;
time : 1450628544 ;
type : event ;
event : subscribe ;
tousername : gh_5013f37369ce ;
fromusername : oqCObuC7-K9-v9n1rH2aq8b557TA ;
createtime : 1450628544 ;
msgtype : event ;
eventkey :  ;

2015-12-21 00:22:22 params :
------------
Array:
rule : -2 ;
module :  ;
message : Array ;

2015-12-21 00:22:22 response :
------------

2015-12-21 09:09:50 trace :
------------
Array:
from : oqCObuO0yUFaLUqilLF-VLEKRls4 ;
to : gh_5013f37369ce ;
time : 1450660192 ;
type : event ;
event : subscribe ;
tousername : gh_5013f37369ce ;
fromusername : oqCObuO0yUFaLUqilLF-VLEKRls4 ;
createtime : 1450660192 ;
msgtype : event ;
eventkey :  ;

2015-12-21 09:09:50 params :
------------
Array:
rule : -2 ;
module :  ;
message : Array ;

2015-12-21 09:09:50 response :
------------

2015-12-21 09:21:10 trace :
------------
Array:
from : oqCObuCn5T7xPOnhFs3M01IRhjPo ;
to : gh_5013f37369ce ;
time : 1450660872 ;
type : event ;
event : subscribe ;
tousername : gh_5013f37369ce ;
fromusername : oqCObuCn5T7xPOnhFs3M01IRhjPo ;
createtime : 1450660872 ;
msgtype : event ;
eventkey :  ;

2015-12-21 09:21:10 params :
------------
Array:
rule : -2 ;
module :  ;
message : Array ;

2015-12-21 09:21:10 response :
------------

2015-12-21 09:23:13 trace :
------------
Array:
from : oqCObuLnmf0Ofux_494qMzzei3Fo ;
to : gh_5013f37369ce ;
time : 1450660995 ;
type : event ;
event : VIEW ;
tousername : gh_5013f37369ce ;
fromusername : oqCObuLnmf0Ofux_494qMzzei3Fo ;
createtime : 1450660995 ;
msgtype : event ;
eventkey : http://mp.weixin.qq.com/s?__biz=MzA5MzE5NzExNw==&mid=10001097&idx=1&sn=8338ffe385dcd8dd1f376fc1a2fd50ff&scene=18#rd ;

2015-12-21 09:23:13 params :
------------
Array:
rule : -2 ;
module :  ;
message : Array ;

2015-12-21 09:23:13 response :
------------

2015-12-21 09:27:46 trace :
------------
Array:
from : oqCObuMNJEXmSU-Hovnie2Dkjejk ;
to : gh_5013f37369ce ;
time : 1450661268 ;
type : event ;
event : subscribe ;
tousername : gh_5013f37369ce ;
fromusername : oqCObuMNJEXmSU-Hovnie2Dkjejk ;
createtime : 1450661268 ;
msgtype : event ;
eventkey :  ;

2015-12-21 09:27:46 params :
------------
Array:
rule : -2 ;
module :  ;
message : Array ;

2015-12-21 09:27:46 response :
------------

2015-12-21 09:34:27 trace :
------------
Array:
from : oqCObuDaIMAqwqQr9ndraJns1UMg ;
to : gh_5013f37369ce ;
time : 1450661669 ;
type : event ;
event : subscribe ;
tousername : gh_5013f37369ce ;
fromusername : oqCObuDaIMAqwqQr9ndraJns1UMg ;
createtime : 1450661669 ;
msgtype : event ;
eventkey :  ;

2015-12-21 09:34:27 params :
------------
Array:
rule : -2 ;
module :  ;
message : Array ;

2015-12-21 09:34:27 response :
------------

2015-12-21 09:48:11 trace :
------------
Array:
from : oqCObuEqPseOsPkpvPsm___oTOVE ;
to : gh_5013f37369ce ;
time : 1450662493 ;
type : event ;
event : subscribe ;
tousername : gh_5013f37369ce ;
fromusername : oqCObuEqPseOsPkpvPsm___oTOVE ;
createtime : 1450662493 ;
msgtype : event ;
eventkey :  ;

2015-12-21 09:48:11 params :
------------
Array:
rule : -2 ;
module :  ;
message : Array ;

2015-12-21 09:48:11 response :
------------

2015-12-21 09:52:08 trace :
------------
Array:
from : oqCObuGzWGrFjdtmQjWs4e8Dn4go ;
to : gh_5013f37369ce ;
time : 1450662730 ;
type : event ;
event : subscribe ;
tousername : gh_5013f37369ce ;
fromusername : oqCObuGzWGrFjdtmQjWs4e8Dn4go ;
createtime : 1450662730 ;
msgtype : event ;
eventkey :  ;

2015-12-21 09:52:08 params :
------------
Array:
rule : -2 ;
module :  ;
message : Array ;

2015-12-21 09:52:08 response :
------------

2015-12-21 10:08:52 trace :
------------
Array:
from : oqCObuGxThczqlr5TD8NtbLFNppo ;
to : gh_5013f37369ce ;
time : 1450663734 ;
type : event ;
event : VIEW ;
tousername : gh_5013f37369ce ;
fromusername : oqCObuGxThczqlr5TD8NtbLFNppo ;
createtime : 1450663734 ;
msgtype : event ;
eventkey : http://mp.weixin.qq.com/s?__biz=MzA5MzE5NzExNw==&mid=10001097&idx=1&sn=8338ffe385dcd8dd1f376fc1a2fd50ff&scene=18#rd ;

2015-12-21 10:08:52 params :
------------
Array:
rule : -2 ;
module :  ;
message : Array ;

2015-12-21 10:08:52 response :
------------

2015-12-21 10:09:19 trace :
------------
Array:
from : oqCObuGxThczqlr5TD8NtbLFNppo ;
to : gh_5013f37369ce ;
time : 1450663761 ;
type : event ;
event : VIEW ;
tousername : gh_5013f37369ce ;
fromusername : oqCObuGxThczqlr5TD8NtbLFNppo ;
createtime : 1450663761 ;
msgtype : event ;
eventkey : http://mp.weixin.qq.com/s?__biz=MzA5MzE5NzExNw==&mid=10001097&idx=1&sn=8338ffe385dcd8dd1f376fc1a2fd50ff&scene=18#rd ;

2015-12-21 10:09:19 params :
------------
Array:
rule : -2 ;
module :  ;
message : Array ;

2015-12-21 10:09:19 response :
------------

2015-12-21 10:09:34 trace :
------------
Array:
from : oqCObuNgo9mLQGW4ZkcssZvUSS1E ;
to : gh_5013f37369ce ;
time : 1450663776 ;
type : event ;
event : subscribe ;
tousername : gh_5013f37369ce ;
fromusername : oqCObuNgo9mLQGW4ZkcssZvUSS1E ;
createtime : 1450663776 ;
msgtype : event ;
eventkey :  ;

2015-12-21 10:09:34 params :
------------
Array:
rule : -2 ;
module :  ;
message : Array ;

2015-12-21 10:09:34 response :
------------

2015-12-21 10:28:36 trace :
------------
Array:
from : oqCObuGxThczqlr5TD8NtbLFNppo ;
to : gh_5013f37369ce ;
time : 1450664918 ;
type : event ;
event : VIEW ;
tousername : gh_5013f37369ce ;
fromusername : oqCObuGxThczqlr5TD8NtbLFNppo ;
createtime : 1450664918 ;
msgtype : event ;
eventkey : http://mp.weixin.qq.com/s?__biz=MzA5MzE5NzExNw==&mid=10001097&idx=1&sn=8338ffe385dcd8dd1f376fc1a2fd50ff&scene=18#rd ;

2015-12-21 10:28:37 params :
------------
Array:
rule : -2 ;
module :  ;
message : Array ;

2015-12-21 10:28:37 response :
------------

2015-12-21 10:32:07 trace :
------------
Array:
from : oqCObuP4rs-QOs-7S1LZFeElZZfE ;
to : gh_5013f37369ce ;
time : 1450665129 ;
type : event ;
event : subscribe ;
tousername : gh_5013f37369ce ;
fromusername : oqCObuP4rs-QOs-7S1LZFeElZZfE ;
createtime : 1450665129 ;
msgtype : event ;
eventkey :  ;

2015-12-21 10:32:07 params :
------------
Array:
rule : -2 ;
module :  ;
message : Array ;

2015-12-21 10:32:07 response :
------------

2015-12-21 10:45:28 trace :
------------
Array:
from : oqCObuKv5vmTI7rOCYhJfrGQEGe4 ;
to : gh_5013f37369ce ;
time : 1450665930 ;
type : event ;
event : subscribe ;
tousername : gh_5013f37369ce ;
fromusername : oqCObuKv5vmTI7rOCYhJfrGQEGe4 ;
createtime : 1450665930 ;
msgtype : event ;
eventkey :  ;

2015-12-21 10:45:28 params :
------------
Array:
rule : -2 ;
module :  ;
message : Array ;

2015-12-21 10:45:28 response :
------------

2015-12-21 10:59:48 trace :
------------
Array:
from : oqCObuOgOhhomgFFMKSUE2LRJ4gM ;
to : gh_5013f37369ce ;
time : 1450666790 ;
type : event ;
event : subscribe ;
tousername : gh_5013f37369ce ;
fromusername : oqCObuOgOhhomgFFMKSUE2LRJ4gM ;
createtime : 1450666790 ;
msgtype : event ;
eventkey :  ;

2015-12-21 10:59:48 params :
------------
Array:
rule : -2 ;
module :  ;
message : Array ;

2015-12-21 10:59:48 response :
------------

2015-12-21 10:59:58 trace :
------------
Array:
from : oqCObuE9TKH-_xAln8GmXA_grCI0 ;
to : gh_5013f37369ce ;
time : 1450666800 ;
type : event ;
event : subscribe ;
tousername : gh_5013f37369ce ;
fromusername : oqCObuE9TKH-_xAln8GmXA_grCI0 ;
createtime : 1450666800 ;
msgtype : event ;
eventkey :  ;

2015-12-21 10:59:58 params :
------------
Array:
rule : -2 ;
module :  ;
message : Array ;

2015-12-21 10:59:58 response :
------------

2015-12-21 11:12:24 trace :
------------
Array:
from : oqCObuP3MLQG03yD2w_ke1s5H0AI ;
to : gh_5013f37369ce ;
time : 1450667546 ;
type : event ;
event : subscribe ;
tousername : gh_5013f37369ce ;
fromusername : oqCObuP3MLQG03yD2w_ke1s5H0AI ;
createtime : 1450667546 ;
msgtype : event ;
eventkey :  ;

2015-12-21 11:12:24 params :
------------
Array:
rule : -2 ;
module :  ;
message : Array ;

2015-12-21 11:12:24 response :
------------

2015-12-21 11:18:42 trace :
------------
Array:
from : oqCObuFu-63q3Slk1z25PP9vA9lQ ;
to : gh_5013f37369ce ;
time : 1450667924 ;
type : event ;
event : subscribe ;
tousername : gh_5013f37369ce ;
fromusername : oqCObuFu-63q3Slk1z25PP9vA9lQ ;
createtime : 1450667924 ;
msgtype : event ;
eventkey :  ;

2015-12-21 11:18:42 params :
------------
Array:
rule : -2 ;
module :  ;
message : Array ;

2015-12-21 11:18:42 response :
------------

2015-12-21 11:21:19 trace :
------------
Array:
from : oqCObuFu-63q3Slk1z25PP9vA9lQ ;
to : gh_5013f37369ce ;
time : 1450668078 ;
type : event ;
event : VIEW ;
tousername : gh_5013f37369ce ;
fromusername : oqCObuFu-63q3Slk1z25PP9vA9lQ ;
createtime : 1450668078 ;
msgtype : event ;
eventkey : http://mp.weixin.qq.com/s?__biz=MzA5MzE5NzExNw==&mid=10001097&idx=1&sn=8338ffe385dcd8dd1f376fc1a2fd50ff&scene=18#rd ;

2015-12-21 11:21:19 params :
------------
Array:
rule : -2 ;
module :  ;
message : Array ;

2015-12-21 11:21:19 response :
------------

2015-12-21 11:21:35 trace :
------------
Array:
from : oqCObuFu-63q3Slk1z25PP9vA9lQ ;
to : gh_5013f37369ce ;
time : 1450668097 ;
type : event ;
event : VIEW ;
tousername : gh_5013f37369ce ;
fromusername : oqCObuFu-63q3Slk1z25PP9vA9lQ ;
createtime : 1450668097 ;
msgtype : event ;
eventkey : http://mp.weixin.qq.com/s?__biz=MzA5MzE5NzExNw==&mid=10001097&idx=1&sn=8338ffe385dcd8dd1f376fc1a2fd50ff&scene=18#rd ;

2015-12-21 11:21:35 params :
------------
Array:
rule : -2 ;
module :  ;
message : Array ;

2015-12-21 11:21:35 response :
------------

2015-12-21 11:21:50 trace :
------------
Array:
from : oqCObuFu-63q3Slk1z25PP9vA9lQ ;
to : gh_5013f37369ce ;
time : 1450668112 ;
type : event ;
event : VIEW ;
tousername : gh_5013f37369ce ;
fromusername : oqCObuFu-63q3Slk1z25PP9vA9lQ ;
createtime : 1450668112 ;
msgtype : event ;
eventkey : http://mp.weixin.qq.com/s?__biz=MzA5MzE5NzExNw==&mid=10001097&idx=1&sn=8338ffe385dcd8dd1f376fc1a2fd50ff&scene=18#rd ;

2015-12-21 11:21:50 params :
------------
Array:
rule : -2 ;
module :  ;
message : Array ;

2015-12-21 11:21:50 response :
------------

2015-12-21 11:38:19 trace :
------------
Array:
from : oqCObuF1rTL-qTGy_dye3_kF62Iw ;
to : gh_5013f37369ce ;
time : 1450669098 ;
type : event ;
event : subscribe ;
tousername : gh_5013f37369ce ;
fromusername : oqCObuF1rTL-qTGy_dye3_kF62Iw ;
createtime : 1450669098 ;
msgtype : event ;
eventkey :  ;

2015-12-21 11:38:19 params :
------------
Array:
rule : -2 ;
module :  ;
message : Array ;

2015-12-21 11:38:19 response :
------------

2015-12-21 11:45:23 trace :
------------
Array:
from : oqCObuLHY1Aru2S8RcLIYMNwRqRs ;
to : gh_5013f37369ce ;
time : 1450669525 ;
type : event ;
event : subscribe ;
tousername : gh_5013f37369ce ;
fromusername : oqCObuLHY1Aru2S8RcLIYMNwRqRs ;
createtime : 1450669525 ;
msgtype : event ;
eventkey :  ;

2015-12-21 11:45:23 params :
------------
Array:
rule : -2 ;
module :  ;
message : Array ;

2015-12-21 11:45:23 response :
------------

2015-12-21 11:45:40 trace :
------------
Array:
from : oqCObuIU9A4lLSxttPOyDPBdWcc8 ;
to : gh_5013f37369ce ;
time : 1450669542 ;
type : event ;
event : VIEW ;
tousername : gh_5013f37369ce ;
fromusername : oqCObuIU9A4lLSxttPOyDPBdWcc8 ;
createtime : 1450669542 ;
msgtype : event ;
eventkey : http://mp.weixin.qq.com/s?__biz=MzA5MzE5NzExNw==&mid=10001097&idx=1&sn=8338ffe385dcd8dd1f376fc1a2fd50ff&scene=18#rd ;

2015-12-21 11:45:40 params :
------------
Array:
rule : -2 ;
module :  ;
message : Array ;

2015-12-21 11:45:40 response :
------------

2015-12-21 11:56:19 trace :
------------
Array:
from : oqCObuCY66jbBJekHYzN52tRV1-I ;
to : gh_5013f37369ce ;
time : 1450670178 ;
type : event ;
event : subscribe ;
tousername : gh_5013f37369ce ;
fromusername : oqCObuCY66jbBJekHYzN52tRV1-I ;
createtime : 1450670178 ;
msgtype : event ;
eventkey :  ;

2015-12-21 11:56:19 params :
------------
Array:
rule : -2 ;
module :  ;
message : Array ;

2015-12-21 11:56:19 response :
------------

2015-12-21 12:02:03 trace :
------------
Array:
from : oqCObuHFEBBoJ3N5v2MBs3MqT0P0 ;
to : gh_5013f37369ce ;
time : 1450670525 ;
type : event ;
event : subscribe ;
tousername : gh_5013f37369ce ;
fromusername : oqCObuHFEBBoJ3N5v2MBs3MqT0P0 ;
createtime : 1450670525 ;
msgtype : event ;
eventkey :  ;

2015-12-21 12:02:03 params :
------------
Array:
rule : -2 ;
module :  ;
message : Array ;

2015-12-21 12:02:03 response :
------------

2015-12-21 12:38:17 trace :
------------
Array:
from : oqCObuNZiikqnMt91IEX6OrwIek8 ;
to : gh_5013f37369ce ;
time : 1450672696 ;
type : event ;
event : subscribe ;
tousername : gh_5013f37369ce ;
fromusername : oqCObuNZiikqnMt91IEX6OrwIek8 ;
createtime : 1450672696 ;
msgtype : event ;
eventkey :  ;

2015-12-21 12:38:17 params :
------------
Array:
rule : -2 ;
module :  ;
message : Array ;

2015-12-21 12:38:17 response :
------------

2015-12-21 12:44:01 trace :
------------
Array:
from : oqCObuKt3R-KWAu-97tYOIzasq7Q ;
to : gh_5013f37369ce ;
time : 1450673043 ;
type : event ;
event : subscribe ;
tousername : gh_5013f37369ce ;
fromusername : oqCObuKt3R-KWAu-97tYOIzasq7Q ;
createtime : 1450673043 ;
msgtype : event ;
eventkey :  ;

2015-12-21 12:44:01 params :
------------
Array:
rule : -2 ;
module :  ;
message : Array ;

2015-12-21 12:44:01 response :
------------

2015-12-21 12:46:17 trace :
------------
Array:
from : oqCObuH-o9JSTuDvCdQQ8MUOD2UY ;
to : gh_5013f37369ce ;
time : 1450673179 ;
type : event ;
event : subscribe ;
tousername : gh_5013f37369ce ;
fromusername : oqCObuH-o9JSTuDvCdQQ8MUOD2UY ;
createtime : 1450673179 ;
msgtype : event ;
eventkey :  ;

2015-12-21 12:46:17 params :
------------
Array:
rule : -2 ;
module :  ;
message : Array ;

2015-12-21 12:46:17 response :
------------

2015-12-21 12:49:52 trace :
------------
Array:
from : oqCObuP5kY28I5gH8NsiyupA3_2g ;
to : gh_5013f37369ce ;
time : 1450673391 ;
type : event ;
event : subscribe ;
tousername : gh_5013f37369ce ;
fromusername : oqCObuP5kY28I5gH8NsiyupA3_2g ;
createtime : 1450673391 ;
msgtype : event ;
eventkey :  ;

2015-12-21 12:49:52 params :
------------
Array:
rule : -2 ;
module :  ;
message : Array ;

2015-12-21 12:49:52 response :
------------

2015-12-21 13:34:25 trace :
------------
Array:
from : oqCObuCkHHNE8gRdIBme5NYKkOdg ;
to : gh_5013f37369ce ;
time : 1450676064 ;
type : event ;
event : subscribe ;
tousername : gh_5013f37369ce ;
fromusername : oqCObuCkHHNE8gRdIBme5NYKkOdg ;
createtime : 1450676064 ;
msgtype : event ;
eventkey :  ;

2015-12-21 13:34:25 params :
------------
Array:
rule : -2 ;
module :  ;
message : Array ;

2015-12-21 13:34:25 response :
------------

2015-12-21 13:46:18 trace :
------------
Array:
from : oqCObuCBR95upVDfwaSWByuUYey0 ;
to : gh_5013f37369ce ;
time : 1450676780 ;
type : event ;
event : VIEW ;
tousername : gh_5013f37369ce ;
fromusername : oqCObuCBR95upVDfwaSWByuUYey0 ;
createtime : 1450676780 ;
msgtype : event ;
eventkey : http://mp.weixin.qq.com/s?__biz=MzA5MzE5NzExNw==&mid=10001097&idx=1&sn=8338ffe385dcd8dd1f376fc1a2fd50ff&scene=18#rd ;

2015-12-21 13:46:18 params :
------------
Array:
rule : -2 ;
module :  ;
message : Array ;

2015-12-21 13:46:18 response :
------------

2015-12-21 13:46:30 trace :
------------
Array:
from : oqCObuCBR95upVDfwaSWByuUYey0 ;
to : gh_5013f37369ce ;
time : 1450676792 ;
type : event ;
event : VIEW ;
tousername : gh_5013f37369ce ;
fromusername : oqCObuCBR95upVDfwaSWByuUYey0 ;
createtime : 1450676792 ;
msgtype : event ;
eventkey : http://mp.weixin.qq.com/s?__biz=MzA5MzE5NzExNw==&mid=10001097&idx=1&sn=8338ffe385dcd8dd1f376fc1a2fd50ff&scene=18#rd ;

2015-12-21 13:46:30 params :
------------
Array:
rule : -2 ;
module :  ;
message : Array ;

2015-12-21 13:46:30 response :
------------

2015-12-21 13:59:30 trace :
------------
Array:
from : oqCObuM9N124E5Mbrf10OIxyemM8 ;
to : gh_5013f37369ce ;
time : 1450677572 ;
type : event ;
event : subscribe ;
tousername : gh_5013f37369ce ;
fromusername : oqCObuM9N124E5Mbrf10OIxyemM8 ;
createtime : 1450677572 ;
msgtype : event ;
eventkey :  ;

2015-12-21 13:59:30 params :
------------
Array:
rule : -2 ;
module :  ;
message : Array ;

2015-12-21 13:59:30 response :
------------

2015-12-21 14:12:47 trace :
------------
Array:
from : oqCObuLAUpVNrDWu7H3xg6sSGDdw ;
to : gh_5013f37369ce ;
time : 1450678369 ;
type : event ;
event : subscribe ;
tousername : gh_5013f37369ce ;
fromusername : oqCObuLAUpVNrDWu7H3xg6sSGDdw ;
createtime : 1450678369 ;
msgtype : event ;
eventkey :  ;

2015-12-21 14:12:47 params :
------------
Array:
rule : -2 ;
module :  ;
message : Array ;

2015-12-21 14:12:47 response :
------------

2015-12-21 14:36:06 trace :
------------
Array:
from : oqCObuCbkmqWtmLinKZMZmAE4vP0 ;
to : gh_5013f37369ce ;
time : 1450679768 ;
type : event ;
event : subscribe ;
tousername : gh_5013f37369ce ;
fromusername : oqCObuCbkmqWtmLinKZMZmAE4vP0 ;
createtime : 1450679768 ;
msgtype : event ;
eventkey :  ;

2015-12-21 14:36:06 params :
------------
Array:
rule : -2 ;
module :  ;
message : Array ;

2015-12-21 14:36:06 response :
------------

2015-12-21 14:39:21 trace :
------------
Array:
from : oqCObuH7Hif9scNF2M45qTU6UkXA ;
to : gh_5013f37369ce ;
time : 1450679960 ;
type : event ;
event : subscribe ;
tousername : gh_5013f37369ce ;
fromusername : oqCObuH7Hif9scNF2M45qTU6UkXA ;
createtime : 1450679960 ;
msgtype : event ;
eventkey :  ;

2015-12-21 14:39:21 params :
------------
Array:
rule : -2 ;
module :  ;
message : Array ;

2015-12-21 14:39:21 response :
------------

2015-12-21 14:47:28 trace :
------------
Array:
from : oqCObuM3-GiS59q8Pa7xuuPTKj9I ;
to : gh_5013f37369ce ;
time : 1450680450 ;
type : event ;
event : subscribe ;
tousername : gh_5013f37369ce ;
fromusername : oqCObuM3-GiS59q8Pa7xuuPTKj9I ;
createtime : 1450680450 ;
msgtype : event ;
eventkey :  ;

2015-12-21 14:47:28 params :
------------
Array:
rule : -2 ;
module :  ;
message : Array ;

2015-12-21 14:47:28 response :
------------

2015-12-21 14:51:58 trace :
------------
Array:
from : oqCObuFu-63q3Slk1z25PP9vA9lQ ;
to : gh_5013f37369ce ;
time : 1450680720 ;
type : event ;
event : VIEW ;
tousername : gh_5013f37369ce ;
fromusername : oqCObuFu-63q3Slk1z25PP9vA9lQ ;
createtime : 1450680720 ;
msgtype : event ;
eventkey : http://mp.weixin.qq.com/s?__biz=MzA5MzE5NzExNw==&mid=10001097&idx=1&sn=8338ffe385dcd8dd1f376fc1a2fd50ff&scene=18#rd ;

2015-12-21 14:51:58 params :
------------
Array:
rule : -2 ;
module :  ;
message : Array ;

2015-12-21 14:51:58 response :
------------

2015-12-21 14:53:19 trace :
------------
Array:
from : oqCObuIjYEZyUGt2Gj5NmcD_frio ;
to : gh_5013f37369ce ;
time : 1450680801 ;
type : event ;
event : subscribe ;
tousername : gh_5013f37369ce ;
fromusername : oqCObuIjYEZyUGt2Gj5NmcD_frio ;
createtime : 1450680801 ;
msgtype : event ;
eventkey :  ;

2015-12-21 14:53:19 params :
------------
Array:
rule : -2 ;
module :  ;
message : Array ;

2015-12-21 14:53:19 response :
------------

2015-12-21 14:54:24 trace :
------------
Array:
from : oqCObuPollRFzEQYSSII5OSX7JJ8 ;
to : gh_5013f37369ce ;
time : 1450680866 ;
type : event ;
event : VIEW ;
tousername : gh_5013f37369ce ;
fromusername : oqCObuPollRFzEQYSSII5OSX7JJ8 ;
createtime : 1450680866 ;
msgtype : event ;
eventkey : http://mp.weixin.qq.com/s?__biz=MzA5MzE5NzExNw==&mid=10001097&idx=1&sn=8338ffe385dcd8dd1f376fc1a2fd50ff&scene=18#rd ;

2015-12-21 14:54:24 params :
------------
Array:
rule : -2 ;
module :  ;
message : Array ;

2015-12-21 14:54:24 response :
------------

2015-12-21 15:16:28 trace :
------------
Array:
from : oqCObuFf0DWw41WbWUCaTxP6vRw4 ;
to : gh_5013f37369ce ;
time : 1450682187 ;
type : event ;
event : subscribe ;
tousername : gh_5013f37369ce ;
fromusername : oqCObuFf0DWw41WbWUCaTxP6vRw4 ;
createtime : 1450682187 ;
msgtype : event ;
eventkey :  ;

2015-12-21 15:16:28 params :
------------
Array:
rule : -2 ;
module :  ;
message : Array ;

2015-12-21 15:16:28 response :
------------

2015-12-21 15:28:25 trace :
------------
Array:
from : oqCObuJCq64qoUX34qfB0DaJqJRw ;
to : gh_5013f37369ce ;
time : 1450682907 ;
type : event ;
event : subscribe ;
tousername : gh_5013f37369ce ;
fromusername : oqCObuJCq64qoUX34qfB0DaJqJRw ;
createtime : 1450682907 ;
msgtype : event ;
eventkey :  ;

2015-12-21 15:28:25 params :
------------
Array:
rule : -2 ;
module :  ;
message : Array ;

2015-12-21 15:28:25 response :
------------

2015-12-21 15:33:08 trace :
------------
Array:
from : oqCObuMLie5y3dflD4xbvrVckMzQ ;
to : gh_5013f37369ce ;
time : 1450683190 ;
type : event ;
event : VIEW ;
tousername : gh_5013f37369ce ;
fromusername : oqCObuMLie5y3dflD4xbvrVckMzQ ;
createtime : 1450683190 ;
msgtype : event ;
eventkey : http://mp.weixin.qq.com/s?__biz=MzA5MzE5NzExNw==&mid=10001097&idx=1&sn=8338ffe385dcd8dd1f376fc1a2fd50ff&scene=18#rd ;

2015-12-21 15:33:08 params :
------------
Array:
rule : -2 ;
module :  ;
message : Array ;

2015-12-21 15:33:08 response :
------------

2015-12-21 15:33:14 trace :
------------
Array:
from : oqCObuMLie5y3dflD4xbvrVckMzQ ;
to : gh_5013f37369ce ;
time : 1450683193 ;
type : event ;
event : VIEW ;
tousername : gh_5013f37369ce ;
fromusername : oqCObuMLie5y3dflD4xbvrVckMzQ ;
createtime : 1450683193 ;
msgtype : event ;
eventkey : http://mp.weixin.qq.com/s?__biz=MzA5MzE5NzExNw==&mid=10001097&idx=1&sn=8338ffe385dcd8dd1f376fc1a2fd50ff&scene=18#rd ;

2015-12-21 15:33:14 params :
------------
Array:
rule : -2 ;
module :  ;
message : Array ;

2015-12-21 15:33:14 response :
------------

2015-12-21 15:48:46 trace :
------------
Array:
from : oqCObuFpe1-hQKNGLT3bxk4SQoSA ;
to : gh_5013f37369ce ;
time : 1450684128 ;
type : event ;
event : subscribe ;
tousername : gh_5013f37369ce ;
fromusername : oqCObuFpe1-hQKNGLT3bxk4SQoSA ;
createtime : 1450684128 ;
msgtype : event ;
eventkey :  ;

2015-12-21 15:48:46 params :
------------
Array:
rule : -2 ;
module :  ;
message : Array ;

2015-12-21 15:48:46 response :
------------

2015-12-21 15:51:40 trace :
------------
Array:
from : oqCObuIdpJv-3rUJj2gQIt8gUOaE ;
to : gh_5013f37369ce ;
time : 1450684302 ;
type : event ;
event : VIEW ;
tousername : gh_5013f37369ce ;
fromusername : oqCObuIdpJv-3rUJj2gQIt8gUOaE ;
createtime : 1450684302 ;
msgtype : event ;
eventkey : http://mp.weixin.qq.com/s?__biz=MzA5MzE5NzExNw==&mid=10001097&idx=1&sn=8338ffe385dcd8dd1f376fc1a2fd50ff&scene=18#rd ;

2015-12-21 15:51:40 params :
------------
Array:
rule : -2 ;
module :  ;
message : Array ;

2015-12-21 15:51:40 response :
------------

2015-12-21 16:03:31 trace :
------------
Array:
from : oqCObuFjqNshtAwlaywNy2DjwYrg ;
to : gh_5013f37369ce ;
time : 1450685013 ;
type : event ;
event : subscribe ;
tousername : gh_5013f37369ce ;
fromusername : oqCObuFjqNshtAwlaywNy2DjwYrg ;
createtime : 1450685013 ;
msgtype : event ;
eventkey :  ;

2015-12-21 16:03:31 params :
------------
Array:
rule : -2 ;
module :  ;
message : Array ;

2015-12-21 16:03:31 response :
------------

2015-12-21 16:28:05 trace :
------------
Array:
from : oqCObuBKTDgrXq1ZnZdB5MGRd7oQ ;
to : gh_5013f37369ce ;
time : 1450686487 ;
type : event ;
event : VIEW ;
tousername : gh_5013f37369ce ;
fromusername : oqCObuBKTDgrXq1ZnZdB5MGRd7oQ ;
createtime : 1450686487 ;
msgtype : event ;
eventkey : http://mp.weixin.qq.com/s?__biz=MzA5MzE5NzExNw==&mid=10001097&idx=1&sn=8338ffe385dcd8dd1f376fc1a2fd50ff&scene=18#rd ;

2015-12-21 16:28:05 params :
------------
Array:
rule : -2 ;
module :  ;
message : Array ;

2015-12-21 16:28:05 response :
------------

2015-12-21 16:29:11 trace :
------------
Array:
from : oqCObuCBR95upVDfwaSWByuUYey0 ;
to : gh_5013f37369ce ;
time : 1450686553 ;
type : event ;
event : VIEW ;
tousername : gh_5013f37369ce ;
fromusername : oqCObuCBR95upVDfwaSWByuUYey0 ;
createtime : 1450686553 ;
msgtype : event ;
eventkey : http://mp.weixin.qq.com/s?__biz=MzA5MzE5NzExNw==&mid=10001097&idx=1&sn=8338ffe385dcd8dd1f376fc1a2fd50ff&scene=18#rd ;

2015-12-21 16:29:11 params :
------------
Array:
rule : -2 ;
module :  ;
message : Array ;

2015-12-21 16:29:11 response :
------------

2015-12-21 16:29:16 trace :
------------
Array:
from : oqCObuCBR95upVDfwaSWByuUYey0 ;
to : gh_5013f37369ce ;
time : 1450686558 ;
type : event ;
event : VIEW ;
tousername : gh_5013f37369ce ;
fromusername : oqCObuCBR95upVDfwaSWByuUYey0 ;
createtime : 1450686558 ;
msgtype : event ;
eventkey : http://mp.weixin.qq.com/s?__biz=MzA5MzE5NzExNw==&mid=10001097&idx=1&sn=8338ffe385dcd8dd1f376fc1a2fd50ff&scene=18#rd ;

2015-12-21 16:29:16 params :
------------
Array:
rule : -2 ;
module :  ;
message : Array ;

2015-12-21 16:29:16 response :
------------

2015-12-21 16:42:36 trace :
------------
Array:
from : oqCObuHbK_7dTJSuX0LMu1CX4i2g ;
to : gh_5013f37369ce ;
time : 1450687358 ;
type : event ;
event : subscribe ;
tousername : gh_5013f37369ce ;
fromusername : oqCObuHbK_7dTJSuX0LMu1CX4i2g ;
createtime : 1450687358 ;
msgtype : event ;
eventkey :  ;

2015-12-21 16:42:36 params :
------------
Array:
rule : -2 ;
module :  ;
message : Array ;

2015-12-21 16:42:36 response :
------------

2015-12-21 16:50:40 trace :
------------
Array:
from : oqCObuNz_M4Jfy47S14bPaI3yv4U ;
to : gh_5013f37369ce ;
time : 1450687842 ;
type : event ;
event : subscribe ;
tousername : gh_5013f37369ce ;
fromusername : oqCObuNz_M4Jfy47S14bPaI3yv4U ;
createtime : 1450687842 ;
msgtype : event ;
eventkey :  ;

2015-12-21 16:50:40 params :
------------
Array:
rule : -2 ;
module :  ;
message : Array ;

2015-12-21 16:50:40 response :
------------

2015-12-21 17:01:13 trace :
------------
Array:
from : oqCObuH9QE5OIwgJ4SzKaU5hrHcM ;
to : gh_5013f37369ce ;
time : 1450688475 ;
type : event ;
event : subscribe ;
tousername : gh_5013f37369ce ;
fromusername : oqCObuH9QE5OIwgJ4SzKaU5hrHcM ;
createtime : 1450688475 ;
msgtype : event ;
eventkey :  ;

2015-12-21 17:01:13 params :
------------
Array:
rule : -2 ;
module :  ;
message : Array ;

2015-12-21 17:01:13 response :
------------

2015-12-21 17:20:46 trace :
------------
Array:
from : oqCObuEJEgTheN-ZUBEjMiFWdwOg ;
to : gh_5013f37369ce ;
time : 1450689648 ;
type : event ;
event : VIEW ;
tousername : gh_5013f37369ce ;
fromusername : oqCObuEJEgTheN-ZUBEjMiFWdwOg ;
createtime : 1450689648 ;
msgtype : event ;
eventkey : http://mp.weixin.qq.com/s?__biz=MzA5MzE5NzExNw==&mid=10001097&idx=1&sn=8338ffe385dcd8dd1f376fc1a2fd50ff&scene=18#rd ;

2015-12-21 17:20:46 params :
------------
Array:
rule : -2 ;
module :  ;
message : Array ;

2015-12-21 17:20:46 response :
------------

2015-12-21 17:21:06 trace :
------------
Array:
from : oqCObuEJEgTheN-ZUBEjMiFWdwOg ;
to : gh_5013f37369ce ;
time : 1450689668 ;
type : event ;
event : VIEW ;
tousername : gh_5013f37369ce ;
fromusername : oqCObuEJEgTheN-ZUBEjMiFWdwOg ;
createtime : 1450689668 ;
msgtype : event ;
eventkey : http://mp.weixin.qq.com/s?__biz=MzA5MzE5NzExNw==&mid=10001097&idx=1&sn=8338ffe385dcd8dd1f376fc1a2fd50ff&scene=18#rd ;

2015-12-21 17:21:06 params :
------------
Array:
rule : -2 ;
module :  ;
message : Array ;

2015-12-21 17:21:06 response :
------------

2015-12-21 17:51:37 trace :
------------
Array:
from : oqCObuILXt2GP5p1R2X79OLXSv08 ;
to : gh_5013f37369ce ;
time : 1450691499 ;
type : event ;
event : subscribe ;
tousername : gh_5013f37369ce ;
fromusername : oqCObuILXt2GP5p1R2X79OLXSv08 ;
createtime : 1450691499 ;
msgtype : event ;
eventkey :  ;

2015-12-21 17:51:37 params :
------------
Array:
rule : -2 ;
module :  ;
message : Array ;

2015-12-21 17:51:37 response :
------------

2015-12-21 17:52:29 trace :
------------
Array:
from : oqCObuN43wm-N9grAvKcR-8n4wec ;
to : gh_5013f37369ce ;
time : 1450691551 ;
type : event ;
event : subscribe ;
tousername : gh_5013f37369ce ;
fromusername : oqCObuN43wm-N9grAvKcR-8n4wec ;
createtime : 1450691551 ;
msgtype : event ;
eventkey :  ;

2015-12-21 17:52:29 params :
------------
Array:
rule : -2 ;
module :  ;
message : Array ;

2015-12-21 17:52:29 response :
------------

2015-12-21 17:58:04 trace :
------------
Array:
from : oqCObuL4JoNdbNq_FCCJPwrc58Z4 ;
to : gh_5013f37369ce ;
time : 1450691886 ;
type : event ;
event : subscribe ;
tousername : gh_5013f37369ce ;
fromusername : oqCObuL4JoNdbNq_FCCJPwrc58Z4 ;
createtime : 1450691886 ;
msgtype : event ;
eventkey :  ;

2015-12-21 17:58:04 params :
------------
Array:
rule : -2 ;
module :  ;
message : Array ;

2015-12-21 17:58:04 response :
------------

2015-12-21 18:07:32 trace :
------------
Array:
from : oqCObuBQJBgJiCwQTj2wX2SQNzHA ;
to : gh_5013f37369ce ;
time : 1450692454 ;
type : event ;
event : subscribe ;
tousername : gh_5013f37369ce ;
fromusername : oqCObuBQJBgJiCwQTj2wX2SQNzHA ;
createtime : 1450692454 ;
msgtype : event ;
eventkey :  ;

2015-12-21 18:07:32 params :
------------
Array:
rule : -2 ;
module :  ;
message : Array ;

2015-12-21 18:07:32 response :
------------

2015-12-21 18:07:55 trace :
------------
Array:
from : oqCObuMZLoxtjrnBOC9ibR3N3vhI ;
to : gh_5013f37369ce ;
time : 1450692477 ;
type : event ;
event : subscribe ;
tousername : gh_5013f37369ce ;
fromusername : oqCObuMZLoxtjrnBOC9ibR3N3vhI ;
createtime : 1450692477 ;
msgtype : event ;
eventkey :  ;

2015-12-21 18:07:55 params :
------------
Array:
rule : -2 ;
module :  ;
message : Array ;

2015-12-21 18:07:55 response :
------------

2015-12-21 18:12:01 trace :
------------
Array:
from : oqCObuKkHI0rK68MUMhXOYq9nFIA ;
to : gh_5013f37369ce ;
time : 1450692723 ;
type : event ;
event : subscribe ;
tousername : gh_5013f37369ce ;
fromusername : oqCObuKkHI0rK68MUMhXOYq9nFIA ;
createtime : 1450692723 ;
msgtype : event ;
eventkey :  ;

2015-12-21 18:12:01 params :
------------
Array:
rule : -2 ;
module :  ;
message : Array ;

2015-12-21 18:12:01 response :
------------

2015-12-21 18:34:10 trace :
------------
Array:
from : oqCObuNf6_7CftEDxOdSGpJkn3mw ;
to : gh_5013f37369ce ;
time : 1450694052 ;
type : event ;
event : subscribe ;
tousername : gh_5013f37369ce ;
fromusername : oqCObuNf6_7CftEDxOdSGpJkn3mw ;
createtime : 1450694052 ;
msgtype : event ;
eventkey :  ;

2015-12-21 18:34:10 params :
------------
Array:
rule : -2 ;
module :  ;
message : Array ;

2015-12-21 18:34:10 response :
------------

2015-12-21 19:03:20 trace :
------------
Array:
from : oqCObuBP2XjT1xXXf4af8NNllGdA ;
to : gh_5013f37369ce ;
time : 1450695802 ;
type : event ;
event : subscribe ;
tousername : gh_5013f37369ce ;
fromusername : oqCObuBP2XjT1xXXf4af8NNllGdA ;
createtime : 1450695802 ;
msgtype : event ;
eventkey :  ;

2015-12-21 19:03:20 params :
------------
Array:
rule : -2 ;
module :  ;
message : Array ;

2015-12-21 19:03:20 response :
------------

2015-12-21 19:12:59 trace :
------------
Array:
from : oqCObuJKweue0jf_DiMddxKfxugo ;
to : gh_5013f37369ce ;
time : 1450696381 ;
type : event ;
event : subscribe ;
tousername : gh_5013f37369ce ;
fromusername : oqCObuJKweue0jf_DiMddxKfxugo ;
createtime : 1450696381 ;
msgtype : event ;
eventkey :  ;

2015-12-21 19:12:59 params :
------------
Array:
rule : -2 ;
module :  ;
message : Array ;

2015-12-21 19:12:59 response :
------------

2015-12-21 19:17:36 trace :
------------
Array:
from : oqCObuD-bWn-3irZjb0nXo5Gs2Fc ;
to : gh_5013f37369ce ;
time : 1450696658 ;
type : event ;
event : subscribe ;
tousername : gh_5013f37369ce ;
fromusername : oqCObuD-bWn-3irZjb0nXo5Gs2Fc ;
createtime : 1450696658 ;
msgtype : event ;
eventkey :  ;

2015-12-21 19:17:36 params :
------------
Array:
rule : -2 ;
module :  ;
message : Array ;

2015-12-21 19:17:36 response :
------------

2015-12-21 19:52:58 trace :
------------
Array:
from : oqCObuId6U2g5g6ZyYASkD7lPT7o ;
to : gh_5013f37369ce ;
time : 1450698780 ;
type : event ;
event : subscribe ;
tousername : gh_5013f37369ce ;
fromusername : oqCObuId6U2g5g6ZyYASkD7lPT7o ;
createtime : 1450698780 ;
msgtype : event ;
eventkey :  ;

2015-12-21 19:52:58 params :
------------
Array:
rule : -2 ;
module :  ;
message : Array ;

2015-12-21 19:52:58 response :
------------

2015-12-21 19:53:18 trace :
------------
Array:
from : oqCObuN-6qSjjkPOQDBlw_QyqVSc ;
to : gh_5013f37369ce ;
time : 1450698800 ;
type : event ;
event : subscribe ;
tousername : gh_5013f37369ce ;
fromusername : oqCObuN-6qSjjkPOQDBlw_QyqVSc ;
createtime : 1450698800 ;
msgtype : event ;
eventkey :  ;

2015-12-21 19:53:18 params :
------------
Array:
rule : -2 ;
module :  ;
message : Array ;

2015-12-21 19:53:18 response :
------------

2015-12-21 20:04:22 trace :
------------
Array:
from : oqCObuE3ld0Ophy9Ryk-87r5ZzRE ;
to : gh_5013f37369ce ;
time : 1450699464 ;
type : event ;
event : subscribe ;
tousername : gh_5013f37369ce ;
fromusername : oqCObuE3ld0Ophy9Ryk-87r5ZzRE ;
createtime : 1450699464 ;
msgtype : event ;
eventkey :  ;

2015-12-21 20:04:22 params :
------------
Array:
rule : -2 ;
module :  ;
message : Array ;

2015-12-21 20:04:22 response :
------------

2015-12-21 20:15:46 trace :
------------
Array:
from : oqCObuKbCH3H3cp88XirowZtff2Q ;
to : gh_5013f37369ce ;
time : 1450700148 ;
type : event ;
event : subscribe ;
tousername : gh_5013f37369ce ;
fromusername : oqCObuKbCH3H3cp88XirowZtff2Q ;
createtime : 1450700148 ;
msgtype : event ;
eventkey :  ;

2015-12-21 20:15:46 params :
------------
Array:
rule : -2 ;
module :  ;
message : Array ;

2015-12-21 20:15:46 response :
------------

2015-12-21 20:19:03 trace :
------------
Array:
from : oqCObuO2eV9dOtwcizQcTkK4yp7Y ;
to : gh_5013f37369ce ;
time : 1450700345 ;
type : event ;
event : subscribe ;
tousername : gh_5013f37369ce ;
fromusername : oqCObuO2eV9dOtwcizQcTkK4yp7Y ;
createtime : 1450700345 ;
msgtype : event ;
eventkey :  ;

2015-12-21 20:19:03 params :
------------
Array:
rule : -2 ;
module :  ;
message : Array ;

2015-12-21 20:19:03 response :
------------

2015-12-21 20:19:24 trace :
------------
Array:
from : oqCObuCY76GdHicCWZ3_Va084vnw ;
to : gh_5013f37369ce ;
time : 1450700366 ;
type : event ;
event : subscribe ;
tousername : gh_5013f37369ce ;
fromusername : oqCObuCY76GdHicCWZ3_Va084vnw ;
createtime : 1450700366 ;
msgtype : event ;
eventkey :  ;

2015-12-21 20:19:24 params :
------------
Array:
rule : -2 ;
module :  ;
message : Array ;

2015-12-21 20:19:24 response :
------------

2015-12-21 20:28:37 trace :
------------
Array:
from : oqCObuNSMSNYMbXQsY_xhwR5_2oE ;
to : gh_5013f37369ce ;
time : 1450700919 ;
type : event ;
event : subscribe ;
tousername : gh_5013f37369ce ;
fromusername : oqCObuNSMSNYMbXQsY_xhwR5_2oE ;
createtime : 1450700919 ;
msgtype : event ;
eventkey :  ;

2015-12-21 20:28:37 params :
------------
Array:
rule : -2 ;
module :  ;
message : Array ;

2015-12-21 20:28:37 response :
------------

2015-12-21 20:48:34 trace :
------------
Array:
from : oqCObuL2ycgRzgnyIloNImVkBrok ;
to : gh_5013f37369ce ;
time : 1450702116 ;
type : event ;
event : subscribe ;
tousername : gh_5013f37369ce ;
fromusername : oqCObuL2ycgRzgnyIloNImVkBrok ;
createtime : 1450702116 ;
msgtype : event ;
eventkey :  ;

2015-12-21 20:48:34 params :
------------
Array:
rule : -2 ;
module :  ;
message : Array ;

2015-12-21 20:48:34 response :
------------

2015-12-21 20:50:03 trace :
------------
Array:
from : oqCObuCSS3pGy1peIHAlhAxPs0FM ;
to : gh_5013f37369ce ;
time : 1450702205 ;
type : event ;
event : subscribe ;
tousername : gh_5013f37369ce ;
fromusername : oqCObuCSS3pGy1peIHAlhAxPs0FM ;
createtime : 1450702205 ;
msgtype : event ;
eventkey :  ;

2015-12-21 20:50:03 params :
------------
Array:
rule : -2 ;
module :  ;
message : Array ;

2015-12-21 20:50:03 response :
------------

2015-12-21 20:50:03 trace :
------------
Array:
from : oqCObuA9gmF1qSSnyImru-jqMCjg ;
to : gh_5013f37369ce ;
time : 1450702205 ;
type : event ;
event : subscribe ;
tousername : gh_5013f37369ce ;
fromusername : oqCObuA9gmF1qSSnyImru-jqMCjg ;
createtime : 1450702205 ;
msgtype : event ;
eventkey :  ;

2015-12-21 20:50:03 params :
------------
Array:
rule : -2 ;
module :  ;
message : Array ;

2015-12-21 20:50:03 response :
------------

2015-12-21 20:56:56 trace :
------------
Array:
from : oqCObuJ4SAZqQf14LRXSx6E_QWvw ;
to : gh_5013f37369ce ;
time : 1450702615 ;
type : event ;
event : subscribe ;
tousername : gh_5013f37369ce ;
fromusername : oqCObuJ4SAZqQf14LRXSx6E_QWvw ;
createtime : 1450702615 ;
msgtype : event ;
eventkey :  ;

2015-12-21 20:56:56 params :
------------
Array:
rule : -2 ;
module :  ;
message : Array ;

2015-12-21 20:56:56 response :
------------

2015-12-21 20:59:54 trace :
------------
Array:
from : oqCObuGDgBKJvhNr64ZUhR03jp9Q ;
to : gh_5013f37369ce ;
time : 1450702796 ;
type : event ;
event : subscribe ;
tousername : gh_5013f37369ce ;
fromusername : oqCObuGDgBKJvhNr64ZUhR03jp9Q ;
createtime : 1450702796 ;
msgtype : event ;
eventkey :  ;

2015-12-21 20:59:54 params :
------------
Array:
rule : -2 ;
module :  ;
message : Array ;

2015-12-21 20:59:54 response :
------------

2015-12-21 21:00:01 trace :
------------
Array:
from : oqCObuGDgBKJvhNr64ZUhR03jp9Q ;
to : gh_5013f37369ce ;
time : 1450702802 ;
type : event ;
event : VIEW ;
tousername : gh_5013f37369ce ;
fromusername : oqCObuGDgBKJvhNr64ZUhR03jp9Q ;
createtime : 1450702802 ;
msgtype : event ;
eventkey : http://mp.weixin.qq.com/s?__biz=MzA5MzE5NzExNw==&mid=10001097&idx=1&sn=8338ffe385dcd8dd1f376fc1a2fd50ff&scene=18#rd ;

2015-12-21 21:00:01 params :
------------
Array:
rule : -2 ;
module :  ;
message : Array ;

2015-12-21 21:00:01 response :
------------

2015-12-21 21:00:07 trace :
------------
Array:
from : oqCObuE1k20F3VJ_A7PD1cs3UhsY ;
to : gh_5013f37369ce ;
time : 1450702810 ;
type : event ;
event : subscribe ;
tousername : gh_5013f37369ce ;
fromusername : oqCObuE1k20F3VJ_A7PD1cs3UhsY ;
createtime : 1450702810 ;
msgtype : event ;
eventkey :  ;

2015-12-21 21:00:07 params :
------------
Array:
rule : -2 ;
module :  ;
message : Array ;

2015-12-21 21:00:07 response :
------------

2015-12-21 21:00:10 trace :
------------
Array:
from : oqCObuGDgBKJvhNr64ZUhR03jp9Q ;
to : gh_5013f37369ce ;
time : 1450702802 ;
type : event ;
event : VIEW ;
tousername : gh_5013f37369ce ;
fromusername : oqCObuGDgBKJvhNr64ZUhR03jp9Q ;
createtime : 1450702802 ;
msgtype : event ;
eventkey : http://mp.weixin.qq.com/s?__biz=MzA5MzE5NzExNw==&mid=10001097&idx=1&sn=8338ffe385dcd8dd1f376fc1a2fd50ff&scene=18#rd ;

2015-12-21 21:00:10 params :
------------
Array:
rule : -2 ;
module :  ;
message : Array ;

2015-12-21 21:00:10 response :
------------

2015-12-21 21:02:49 trace :
------------
Array:
from : oqCObuKObdqx1s-TU1k1kFTHJ12U ;
to : gh_5013f37369ce ;
time : 1450702971 ;
type : event ;
event : subscribe ;
tousername : gh_5013f37369ce ;
fromusername : oqCObuKObdqx1s-TU1k1kFTHJ12U ;
createtime : 1450702971 ;
msgtype : event ;
eventkey :  ;

2015-12-21 21:02:49 params :
------------
Array:
rule : -2 ;
module :  ;
message : Array ;

2015-12-21 21:02:49 response :
------------

2015-12-21 21:10:28 trace :
------------
Array:
from : oqCObuIizHIX5B1huLbFPqG4ssCw ;
to : gh_5013f37369ce ;
time : 1450703430 ;
type : event ;
event : subscribe ;
tousername : gh_5013f37369ce ;
fromusername : oqCObuIizHIX5B1huLbFPqG4ssCw ;
createtime : 1450703430 ;
msgtype : event ;
eventkey :  ;

2015-12-21 21:10:28 params :
------------
Array:
rule : -2 ;
module :  ;
message : Array ;

2015-12-21 21:10:28 response :
------------

2015-12-21 21:10:34 trace :
------------
Array:
from : oqCObuIizHIX5B1huLbFPqG4ssCw ;
to : gh_5013f37369ce ;
time : 1450703436 ;
type : event ;
event : VIEW ;
tousername : gh_5013f37369ce ;
fromusername : oqCObuIizHIX5B1huLbFPqG4ssCw ;
createtime : 1450703436 ;
msgtype : event ;
eventkey : http://mp.weixin.qq.com/s?__biz=MzA5MzE5NzExNw==&mid=10001097&idx=1&sn=8338ffe385dcd8dd1f376fc1a2fd50ff&scene=18#rd ;

2015-12-21 21:10:34 params :
------------
Array:
rule : -2 ;
module :  ;
message : Array ;

2015-12-21 21:10:34 response :
------------

2015-12-21 21:12:00 trace :
------------
Array:
from : oqCObuIizHIX5B1huLbFPqG4ssCw ;
to : gh_5013f37369ce ;
time : 1450703523 ;
type : event ;
event : VIEW ;
tousername : gh_5013f37369ce ;
fromusername : oqCObuIizHIX5B1huLbFPqG4ssCw ;
createtime : 1450703523 ;
msgtype : event ;
eventkey : http://mp.weixin.qq.com/s?__biz=MzA5MzE5NzExNw==&mid=10001097&idx=1&sn=8338ffe385dcd8dd1f376fc1a2fd50ff&scene=18#rd ;

2015-12-21 21:12:00 params :
------------
Array:
rule : -2 ;
module :  ;
message : Array ;

2015-12-21 21:12:00 response :
------------

2015-12-21 21:13:05 trace :
------------
Array:
from : oqCObuIizHIX5B1huLbFPqG4ssCw ;
to : gh_5013f37369ce ;
time : 1450703587 ;
type : event ;
event : VIEW ;
tousername : gh_5013f37369ce ;
fromusername : oqCObuIizHIX5B1huLbFPqG4ssCw ;
createtime : 1450703587 ;
msgtype : event ;
eventkey : http://mp.weixin.qq.com/s?__biz=MzA5MzE5NzExNw==&mid=10001097&idx=1&sn=8338ffe385dcd8dd1f376fc1a2fd50ff&scene=18#rd ;

2015-12-21 21:13:05 params :
------------
Array:
rule : -2 ;
module :  ;
message : Array ;

2015-12-21 21:13:05 response :
------------

2015-12-21 21:13:41 trace :
------------
Array:
from : oqCObuIizHIX5B1huLbFPqG4ssCw ;
to : gh_5013f37369ce ;
time : 1450703624 ;
type : event ;
event : VIEW ;
tousername : gh_5013f37369ce ;
fromusername : oqCObuIizHIX5B1huLbFPqG4ssCw ;
createtime : 1450703624 ;
msgtype : event ;
eventkey : http://mp.weixin.qq.com/s?__biz=MzA5MzE5NzExNw==&mid=10001097&idx=1&sn=8338ffe385dcd8dd1f376fc1a2fd50ff&scene=18#rd ;

2015-12-21 21:13:41 params :
------------
Array:
rule : -2 ;
module :  ;
message : Array ;

2015-12-21 21:13:41 response :
------------

2015-12-21 21:14:06 trace :
------------
Array:
from : oqCObuGmtaTQ-49BHPd9I9CDEARc ;
to : gh_5013f37369ce ;
time : 1450703648 ;
type : event ;
event : subscribe ;
tousername : gh_5013f37369ce ;
fromusername : oqCObuGmtaTQ-49BHPd9I9CDEARc ;
createtime : 1450703648 ;
msgtype : event ;
eventkey :  ;

2015-12-21 21:14:06 params :
------------
Array:
rule : -2 ;
module :  ;
message : Array ;

2015-12-21 21:14:06 response :
------------

2015-12-21 21:18:56 trace :
------------
Array:
from : oqCObuCxBPaJQFUkTNMYdFRcOg08 ;
to : gh_5013f37369ce ;
time : 1450703935 ;
type : event ;
event : subscribe ;
tousername : gh_5013f37369ce ;
fromusername : oqCObuCxBPaJQFUkTNMYdFRcOg08 ;
createtime : 1450703935 ;
msgtype : event ;
eventkey :  ;

2015-12-21 21:18:56 params :
------------
Array:
rule : -2 ;
module :  ;
message : Array ;

2015-12-21 21:18:56 response :
------------

2015-12-21 21:20:00 trace :
------------
Array:
from : oqCObuHcVUEYYnfgkjDuoZxtW35Q ;
to : gh_5013f37369ce ;
time : 1450703999 ;
type : event ;
event : subscribe ;
tousername : gh_5013f37369ce ;
fromusername : oqCObuHcVUEYYnfgkjDuoZxtW35Q ;
createtime : 1450703999 ;
msgtype : event ;
eventkey :  ;

2015-12-21 21:20:00 params :
------------
Array:
rule : -2 ;
module :  ;
message : Array ;

2015-12-21 21:20:00 response :
------------

2015-12-21 21:23:11 trace :
------------
Array:
from : oqCObuD2iCuXYCUECWd2M-MYm9mc ;
to : gh_5013f37369ce ;
time : 1450704190 ;
type : event ;
event : subscribe ;
tousername : gh_5013f37369ce ;
fromusername : oqCObuD2iCuXYCUECWd2M-MYm9mc ;
createtime : 1450704190 ;
msgtype : event ;
eventkey :  ;

2015-12-21 21:23:11 params :
------------
Array:
rule : -2 ;
module :  ;
message : Array ;

2015-12-21 21:23:11 response :
------------

2015-12-21 21:30:41 trace :
------------
Array:
from : oqCObuKyQdOR-SGjYea9WEm0buYI ;
to : gh_5013f37369ce ;
time : 1450704640 ;
type : event ;
event : subscribe ;
tousername : gh_5013f37369ce ;
fromusername : oqCObuKyQdOR-SGjYea9WEm0buYI ;
createtime : 1450704640 ;
msgtype : event ;
eventkey :  ;

2015-12-21 21:30:41 params :
------------
Array:
rule : -2 ;
module :  ;
message : Array ;

2015-12-21 21:30:41 response :
------------

2015-12-21 22:10:10 trace :
------------
Array:
from : oqCObuNz_M4Jfy47S14bPaI3yv4U ;
to : gh_5013f37369ce ;
time : 1450707012 ;
type : event ;
event : VIEW ;
tousername : gh_5013f37369ce ;
fromusername : oqCObuNz_M4Jfy47S14bPaI3yv4U ;
createtime : 1450707012 ;
msgtype : event ;
eventkey : http://mp.weixin.qq.com/s?__biz=MzA5MzE5NzExNw==&mid=10001097&idx=1&sn=8338ffe385dcd8dd1f376fc1a2fd50ff&scene=18#rd ;

2015-12-21 22:10:10 params :
------------
Array:
rule : -2 ;
module :  ;
message : Array ;

2015-12-21 22:10:10 response :
------------

2015-12-21 22:10:17 trace :
------------
Array:
from : oqCObuNz_M4Jfy47S14bPaI3yv4U ;
to : gh_5013f37369ce ;
time : 1450707019 ;
type : event ;
event : VIEW ;
tousername : gh_5013f37369ce ;
fromusername : oqCObuNz_M4Jfy47S14bPaI3yv4U ;
createtime : 1450707019 ;
msgtype : event ;
eventkey : http://mp.weixin.qq.com/s?__biz=MzA5MzE5NzExNw==&mid=10001097&idx=1&sn=8338ffe385dcd8dd1f376fc1a2fd50ff&scene=18#rd ;

2015-12-21 22:10:17 params :
------------
Array:
rule : -2 ;
module :  ;
message : Array ;

2015-12-21 22:10:17 response :
------------

2015-12-21 22:10:23 trace :
------------
Array:
from : oqCObuNz_M4Jfy47S14bPaI3yv4U ;
to : gh_5013f37369ce ;
time : 1450707025 ;
type : event ;
event : VIEW ;
tousername : gh_5013f37369ce ;
fromusername : oqCObuNz_M4Jfy47S14bPaI3yv4U ;
createtime : 1450707025 ;
msgtype : event ;
eventkey : http://mp.weixin.qq.com/s?__biz=MzA5MzE5NzExNw==&mid=10001097&idx=1&sn=8338ffe385dcd8dd1f376fc1a2fd50ff&scene=18#rd ;

2015-12-21 22:10:23 params :
------------
Array:
rule : -2 ;
module :  ;
message : Array ;

2015-12-21 22:10:23 response :
------------

2015-12-21 22:10:27 trace :
------------
Array:
from : oqCObuNz_M4Jfy47S14bPaI3yv4U ;
to : gh_5013f37369ce ;
time : 1450707030 ;
type : event ;
event : VIEW ;
tousername : gh_5013f37369ce ;
fromusername : oqCObuNz_M4Jfy47S14bPaI3yv4U ;
createtime : 1450707030 ;
msgtype : event ;
eventkey : http://mp.weixin.qq.com/s?__biz=MzA5MzE5NzExNw==&mid=10001097&idx=1&sn=8338ffe385dcd8dd1f376fc1a2fd50ff&scene=18#rd ;

2015-12-21 22:10:27 params :
------------
Array:
rule : -2 ;
module :  ;
message : Array ;

2015-12-21 22:10:27 response :
------------

2015-12-21 22:14:55 trace :
------------
Array:
from : oqCObuIqupemN4eDNFM1WycPKZls ;
to : gh_5013f37369ce ;
time : 1450707298 ;
type : event ;
event : subscribe ;
tousername : gh_5013f37369ce ;
fromusername : oqCObuIqupemN4eDNFM1WycPKZls ;
createtime : 1450707298 ;
msgtype : event ;
eventkey :  ;

2015-12-21 22:14:55 params :
------------
Array:
rule : -2 ;
module :  ;
message : Array ;

2015-12-21 22:14:55 response :
------------

2015-12-21 22:21:07 trace :
------------
Array:
from : oqCObuP9cjNb-gDZlKHdtRTpS9Qc ;
to : gh_5013f37369ce ;
time : 1450707669 ;
type : event ;
event : VIEW ;
tousername : gh_5013f37369ce ;
fromusername : oqCObuP9cjNb-gDZlKHdtRTpS9Qc ;
createtime : 1450707669 ;
msgtype : event ;
eventkey : http://mp.weixin.qq.com/s?__biz=MzA5MzE5NzExNw==&mid=10001097&idx=1&sn=8338ffe385dcd8dd1f376fc1a2fd50ff&scene=18#rd ;

2015-12-21 22:21:07 params :
------------
Array:
rule : -2 ;
module :  ;
message : Array ;

2015-12-21 22:21:07 response :
------------

2015-12-21 22:21:14 trace :
------------
Array:
from : oqCObuP9cjNb-gDZlKHdtRTpS9Qc ;
to : gh_5013f37369ce ;
time : 1450707676 ;
type : event ;
event : VIEW ;
tousername : gh_5013f37369ce ;
fromusername : oqCObuP9cjNb-gDZlKHdtRTpS9Qc ;
createtime : 1450707676 ;
msgtype : event ;
eventkey : http://mp.weixin.qq.com/s?__biz=MzA5MzE5NzExNw==&mid=10001097&idx=1&sn=8338ffe385dcd8dd1f376fc1a2fd50ff&scene=18#rd ;

2015-12-21 22:21:14 params :
------------
Array:
rule : -2 ;
module :  ;
message : Array ;

2015-12-21 22:21:14 response :
------------

2015-12-21 22:21:26 trace :
------------
Array:
from : oqCObuP9cjNb-gDZlKHdtRTpS9Qc ;
to : gh_5013f37369ce ;
time : 1450707688 ;
type : event ;
event : VIEW ;
tousername : gh_5013f37369ce ;
fromusername : oqCObuP9cjNb-gDZlKHdtRTpS9Qc ;
createtime : 1450707688 ;
msgtype : event ;
eventkey : http://mp.weixin.qq.com/s?__biz=MzA5MzE5NzExNw==&mid=10001097&idx=1&sn=8338ffe385dcd8dd1f376fc1a2fd50ff&scene=18#rd ;

2015-12-21 22:21:26 params :
------------
Array:
rule : -2 ;
module :  ;
message : Array ;

2015-12-21 22:21:26 response :
------------

2015-12-21 22:21:45 trace :
------------
Array:
from : oqCObuP9cjNb-gDZlKHdtRTpS9Qc ;
to : gh_5013f37369ce ;
time : 1450707704 ;
type : event ;
event : VIEW ;
tousername : gh_5013f37369ce ;
fromusername : oqCObuP9cjNb-gDZlKHdtRTpS9Qc ;
createtime : 1450707704 ;
msgtype : event ;
eventkey : http://mp.weixin.qq.com/s?__biz=MzA5MzE5NzExNw==&mid=10001097&idx=1&sn=8338ffe385dcd8dd1f376fc1a2fd50ff&scene=18#rd ;

2015-12-21 22:21:45 params :
------------
Array:
rule : -2 ;
module :  ;
message : Array ;

2015-12-21 22:21:45 response :
------------

2015-12-21 22:27:05 trace :
------------
Array:
from : oqCObuLy5zCR6kDbZEvQEKmqOY8w ;
to : gh_5013f37369ce ;
time : 1450708028 ;
type : event ;
event : subscribe ;
tousername : gh_5013f37369ce ;
fromusername : oqCObuLy5zCR6kDbZEvQEKmqOY8w ;
createtime : 1450708028 ;
msgtype : event ;
eventkey :  ;

2015-12-21 22:27:05 params :
------------
Array:
rule : -2 ;
module :  ;
message : Array ;

2015-12-21 22:27:05 response :
------------

2015-12-21 22:31:26 trace :
------------
Array:
from : oqCObuFGse5u4PVEKdVpMskcEK3c ;
to : gh_5013f37369ce ;
time : 1450708287 ;
type : event ;
event : subscribe ;
tousername : gh_5013f37369ce ;
fromusername : oqCObuFGse5u4PVEKdVpMskcEK3c ;
createtime : 1450708287 ;
msgtype : event ;
eventkey :  ;

2015-12-21 22:31:26 params :
------------
Array:
rule : -2 ;
module :  ;
message : Array ;

2015-12-21 22:31:26 response :
------------

2015-12-21 22:46:58 trace :
------------
Array:
from : oqCObuL11LOdipc_3fKJQmOSsjCU ;
to : gh_5013f37369ce ;
time : 1450709220 ;
type : event ;
event : subscribe ;
tousername : gh_5013f37369ce ;
fromusername : oqCObuL11LOdipc_3fKJQmOSsjCU ;
createtime : 1450709220 ;
msgtype : event ;
eventkey :  ;

2015-12-21 22:46:58 params :
------------
Array:
rule : -2 ;
module :  ;
message : Array ;

2015-12-21 22:46:58 response :
------------

2015-12-21 22:54:24 trace :
------------
Array:
from : oqCObuOvkcaRu85dr5eaD7kDGMx4 ;
to : gh_5013f37369ce ;
time : 1450709667 ;
type : event ;
event : subscribe ;
tousername : gh_5013f37369ce ;
fromusername : oqCObuOvkcaRu85dr5eaD7kDGMx4 ;
createtime : 1450709667 ;
msgtype : event ;
eventkey :  ;

2015-12-21 22:54:24 params :
------------
Array:
rule : -2 ;
module :  ;
message : Array ;

2015-12-21 22:54:24 response :
------------

2015-12-21 23:07:04 trace :
------------
Array:
from : oqCObuGraUkWWwnAJwXmKKvhXSIA ;
to : gh_5013f37369ce ;
time : 1450710426 ;
type : event ;
event : subscribe ;
tousername : gh_5013f37369ce ;
fromusername : oqCObuGraUkWWwnAJwXmKKvhXSIA ;
createtime : 1450710426 ;
msgtype : event ;
eventkey :  ;

2015-12-21 23:07:04 params :
------------
Array:
rule : -2 ;
module :  ;
message : Array ;

2015-12-21 23:07:04 response :
------------

2015-12-21 23:16:20 trace :
------------
Array:
from : oqCObuAOUKS5QDikhOBQCTBFG7uQ ;
to : gh_5013f37369ce ;
time : 1450710981 ;
type : event ;
event : VIEW ;
tousername : gh_5013f37369ce ;
fromusername : oqCObuAOUKS5QDikhOBQCTBFG7uQ ;
createtime : 1450710981 ;
msgtype : event ;
eventkey : http://mp.weixin.qq.com/s?__biz=MzA5MzE5NzExNw==&mid=10001097&idx=1&sn=8338ffe385dcd8dd1f376fc1a2fd50ff&scene=18#rd ;

2015-12-21 23:16:20 params :
------------
Array:
rule : -2 ;
module :  ;
message : Array ;

2015-12-21 23:16:20 response :
------------

2015-12-21 23:31:05 trace :
------------
Array:
from : oqCObuIPGkXbCdioxOvgBhppAXzM ;
to : gh_5013f37369ce ;
time : 1450711867 ;
type : event ;
event : subscribe ;
tousername : gh_5013f37369ce ;
fromusername : oqCObuIPGkXbCdioxOvgBhppAXzM ;
createtime : 1450711867 ;
msgtype : event ;
eventkey :  ;

2015-12-21 23:31:05 params :
------------
Array:
rule : -2 ;
module :  ;
message : Array ;

2015-12-21 23:31:05 response :
------------

