2015-12-06 07:54:42 trace :
------------
Array:
from : oqCObuLwGQECecuDd8Fvoj1GGFCg ;
to : gh_5013f37369ce ;
time : 1449359680 ;
type : event ;
event : subscribe ;
tousername : gh_5013f37369ce ;
fromusername : oqCObuLwGQECecuDd8Fvoj1GGFCg ;
createtime : 1449359680 ;
msgtype : event ;
eventkey :  ;

2015-12-06 07:54:42 params :
------------
Array:
rule : -2 ;
module :  ;
message : Array ;

2015-12-06 07:54:42 response :
------------

2015-12-06 09:47:06 trace :
------------
Array:
from : oqCObuAjnm83yGkNBrTSkiRupn8g ;
to : gh_5013f37369ce ;
time : 1449366424 ;
type : event ;
event : VIEW ;
tousername : gh_5013f37369ce ;
fromusername : oqCObuAjnm83yGkNBrTSkiRupn8g ;
createtime : 1449366424 ;
msgtype : event ;
eventkey : http://mp.weixin.qq.com/s?__biz=MzA5MzE5NzExNw==&mid=10001097&idx=1&sn=8338ffe385dcd8dd1f376fc1a2fd50ff&scene=18#rd ;

2015-12-06 09:47:06 params :
------------
Array:
rule : -2 ;
module :  ;
message : Array ;

2015-12-06 09:47:06 response :
------------

2015-12-06 10:06:52 trace :
------------
Array:
from : oqCObuB2yJ1iWLZ3pY5N9iCCP1H4 ;
to : gh_5013f37369ce ;
time : 1449367610 ;
type : event ;
event : subscribe ;
tousername : gh_5013f37369ce ;
fromusername : oqCObuB2yJ1iWLZ3pY5N9iCCP1H4 ;
createtime : 1449367610 ;
msgtype : event ;
eventkey :  ;

2015-12-06 10:06:52 params :
------------
Array:
rule : -2 ;
module :  ;
message : Array ;

2015-12-06 10:06:52 response :
------------

2015-12-06 10:12:39 trace :
------------
Array:
from : oqCObuOIFXcvXoGVE2QqAn6_RMq4 ;
to : gh_5013f37369ce ;
time : 1449367957 ;
type : event ;
event : subscribe ;
tousername : gh_5013f37369ce ;
fromusername : oqCObuOIFXcvXoGVE2QqAn6_RMq4 ;
createtime : 1449367957 ;
msgtype : event ;
eventkey :  ;

2015-12-06 10:12:39 params :
------------
Array:
rule : -2 ;
module :  ;
message : Array ;

2015-12-06 10:12:39 response :
------------

2015-12-06 10:23:50 trace :
------------
Array:
from : oqCObuOi_tQtWuzndxXOnkNMr9e8 ;
to : gh_5013f37369ce ;
time : 1449368631 ;
type : event ;
event : subscribe ;
tousername : gh_5013f37369ce ;
fromusername : oqCObuOi_tQtWuzndxXOnkNMr9e8 ;
createtime : 1449368631 ;
msgtype : event ;
eventkey :  ;

2015-12-06 10:23:50 params :
------------
Array:
rule : -2 ;
module :  ;
message : Array ;

2015-12-06 10:23:50 response :
------------

2015-12-06 10:46:44 trace :
------------
Array:
from : oqCObuFcCk0uDyTjGZ66OCjrXRj4 ;
to : gh_5013f37369ce ;
time : 1449370002 ;
type : event ;
event : subscribe ;
tousername : gh_5013f37369ce ;
fromusername : oqCObuFcCk0uDyTjGZ66OCjrXRj4 ;
createtime : 1449370002 ;
msgtype : event ;
eventkey :  ;

2015-12-06 10:46:44 params :
------------
Array:
rule : -2 ;
module :  ;
message : Array ;

2015-12-06 10:46:44 response :
------------

2015-12-06 10:52:30 trace :
------------
Array:
from : oqCObuPGYhh0gGf6aXUcue5lup5s ;
to : gh_5013f37369ce ;
time : 1449370351 ;
type : event ;
event : subscribe ;
tousername : gh_5013f37369ce ;
fromusername : oqCObuPGYhh0gGf6aXUcue5lup5s ;
createtime : 1449370351 ;
msgtype : event ;
eventkey :  ;

2015-12-06 10:52:30 params :
------------
Array:
rule : -2 ;
module :  ;
message : Array ;

2015-12-06 10:52:30 response :
------------

2015-12-06 10:54:29 trace :
------------
Array:
from : oqCObuPTt0fVvHYnphng53NHqTs0 ;
to : gh_5013f37369ce ;
time : 1449370471 ;
type : event ;
event : subscribe ;
tousername : gh_5013f37369ce ;
fromusername : oqCObuPTt0fVvHYnphng53NHqTs0 ;
createtime : 1449370471 ;
msgtype : event ;
eventkey :  ;

2015-12-06 10:54:29 params :
------------
Array:
rule : -2 ;
module :  ;
message : Array ;

2015-12-06 10:54:29 response :
------------

2015-12-06 11:08:58 trace :
------------
Array:
from : oqCObuPiaMxScKmHqtEG6urv-_XU ;
to : gh_5013f37369ce ;
time : 1449371336 ;
type : event ;
event : subscribe ;
tousername : gh_5013f37369ce ;
fromusername : oqCObuPiaMxScKmHqtEG6urv-_XU ;
createtime : 1449371336 ;
msgtype : event ;
eventkey :  ;

2015-12-06 11:08:58 params :
------------
Array:
rule : -2 ;
module :  ;
message : Array ;

2015-12-06 11:08:58 response :
------------

2015-12-06 11:14:38 trace :
------------
Array:
from : oqCObuPDtXLf93uLpyj1f1XOw1Bc ;
to : gh_5013f37369ce ;
time : 1449371679 ;
type : event ;
event : subscribe ;
tousername : gh_5013f37369ce ;
fromusername : oqCObuPDtXLf93uLpyj1f1XOw1Bc ;
createtime : 1449371679 ;
msgtype : event ;
eventkey :  ;

2015-12-06 11:14:38 params :
------------
Array:
rule : -2 ;
module :  ;
message : Array ;

2015-12-06 11:14:38 response :
------------

2015-12-06 11:23:29 trace :
------------
Array:
from : oqCObuOVsfGSKbYbiV3iVpnLLdK8 ;
to : gh_5013f37369ce ;
time : 1449372210 ;
type : event ;
event : subscribe ;
tousername : gh_5013f37369ce ;
fromusername : oqCObuOVsfGSKbYbiV3iVpnLLdK8 ;
createtime : 1449372210 ;
msgtype : event ;
eventkey :  ;

2015-12-06 11:23:29 params :
------------
Array:
rule : -2 ;
module :  ;
message : Array ;

2015-12-06 11:23:29 response :
------------

2015-12-06 11:27:33 trace :
------------
Array:
from : oqCObuMGeB0MSRS_oW5Y2bFPdUdI ;
to : gh_5013f37369ce ;
time : 1449372454 ;
type : event ;
event : subscribe ;
tousername : gh_5013f37369ce ;
fromusername : oqCObuMGeB0MSRS_oW5Y2bFPdUdI ;
createtime : 1449372454 ;
msgtype : event ;
eventkey :  ;

2015-12-06 11:27:33 params :
------------
Array:
rule : -2 ;
module :  ;
message : Array ;

2015-12-06 11:27:33 response :
------------

2015-12-06 11:28:00 trace :
------------
Array:
from : oqCObuOFA2SN_gx7PyrtVTVl52Xw ;
to : gh_5013f37369ce ;
time : 1449372481 ;
type : event ;
event : subscribe ;
tousername : gh_5013f37369ce ;
fromusername : oqCObuOFA2SN_gx7PyrtVTVl52Xw ;
createtime : 1449372481 ;
msgtype : event ;
eventkey :  ;

2015-12-06 11:28:00 params :
------------
Array:
rule : -2 ;
module :  ;
message : Array ;

2015-12-06 11:28:00 response :
------------

2015-12-06 11:39:06 trace :
------------
Array:
from : oqCObuKjRcVtAMmt__osMaISca-A ;
to : gh_5013f37369ce ;
time : 1449373147 ;
type : event ;
event : subscribe ;
tousername : gh_5013f37369ce ;
fromusername : oqCObuKjRcVtAMmt__osMaISca-A ;
createtime : 1449373147 ;
msgtype : event ;
eventkey :  ;

2015-12-06 11:39:06 params :
------------
Array:
rule : -2 ;
module :  ;
message : Array ;

2015-12-06 11:39:06 response :
------------

2015-12-06 11:46:32 trace :
------------
Array:
from : oqCObuH-oqGTCmTYlM3F-hJAQPfM ;
to : gh_5013f37369ce ;
time : 1449373593 ;
type : event ;
event : subscribe ;
tousername : gh_5013f37369ce ;
fromusername : oqCObuH-oqGTCmTYlM3F-hJAQPfM ;
createtime : 1449373593 ;
msgtype : event ;
eventkey :  ;

2015-12-06 11:46:32 params :
------------
Array:
rule : -2 ;
module :  ;
message : Array ;

2015-12-06 11:46:32 response :
------------

2015-12-06 11:55:02 trace :
------------
Array:
from : oqCObuAV05RdKDyjwTbmXuUE5evs ;
to : gh_5013f37369ce ;
time : 1449374103 ;
type : event ;
event : subscribe ;
tousername : gh_5013f37369ce ;
fromusername : oqCObuAV05RdKDyjwTbmXuUE5evs ;
createtime : 1449374103 ;
msgtype : event ;
eventkey :  ;

2015-12-06 11:55:02 params :
------------
Array:
rule : -2 ;
module :  ;
message : Array ;

2015-12-06 11:55:02 response :
------------

2015-12-06 12:03:39 trace :
------------
Array:
from : oqCObuCtoyASInwvVSI4rbsyYE9c ;
to : gh_5013f37369ce ;
time : 1449374620 ;
type : event ;
event : subscribe ;
tousername : gh_5013f37369ce ;
fromusername : oqCObuCtoyASInwvVSI4rbsyYE9c ;
createtime : 1449374620 ;
msgtype : event ;
eventkey :  ;

2015-12-06 12:03:39 params :
------------
Array:
rule : -2 ;
module :  ;
message : Array ;

2015-12-06 12:03:39 response :
------------

2015-12-06 12:27:30 trace :
------------
Array:
from : oqCObuJZ5mvAIwqww5Sn84Y9tU6I ;
to : gh_5013f37369ce ;
time : 1449376051 ;
type : event ;
event : subscribe ;
tousername : gh_5013f37369ce ;
fromusername : oqCObuJZ5mvAIwqww5Sn84Y9tU6I ;
createtime : 1449376051 ;
msgtype : event ;
eventkey :  ;

2015-12-06 12:27:30 params :
------------
Array:
rule : -2 ;
module :  ;
message : Array ;

2015-12-06 12:27:30 response :
------------

2015-12-06 12:33:04 trace :
------------
Array:
from : oqCObuHJkx1hbVJGprIszIrg9JnQ ;
to : gh_5013f37369ce ;
time : 1449376385 ;
type : event ;
event : subscribe ;
tousername : gh_5013f37369ce ;
fromusername : oqCObuHJkx1hbVJGprIszIrg9JnQ ;
createtime : 1449376385 ;
msgtype : event ;
eventkey :  ;

2015-12-06 12:33:04 params :
------------
Array:
rule : -2 ;
module :  ;
message : Array ;

2015-12-06 12:33:04 response :
------------

2015-12-06 12:46:09 trace :
------------
Array:
from : oqCObuFtveMxFrNAXTUOl_o3IbHw ;
to : gh_5013f37369ce ;
time : 1449377171 ;
type : event ;
event : subscribe ;
tousername : gh_5013f37369ce ;
fromusername : oqCObuFtveMxFrNAXTUOl_o3IbHw ;
createtime : 1449377171 ;
msgtype : event ;
eventkey :  ;

2015-12-06 12:46:09 params :
------------
Array:
rule : -2 ;
module :  ;
message : Array ;

2015-12-06 12:46:09 response :
------------

2015-12-06 13:16:02 trace :
------------
Array:
from : oqCObuAMFHVBYvRXwGv_cNKzQZwA ;
to : gh_5013f37369ce ;
time : 1449378960 ;
type : event ;
event : VIEW ;
tousername : gh_5013f37369ce ;
fromusername : oqCObuAMFHVBYvRXwGv_cNKzQZwA ;
createtime : 1449378960 ;
msgtype : event ;
eventkey : http://mp.weixin.qq.com/s?__biz=MzA5MzE5NzExNw==&mid=10001097&idx=1&sn=8338ffe385dcd8dd1f376fc1a2fd50ff&scene=18#rd ;

2015-12-06 13:16:02 params :
------------
Array:
rule : -2 ;
module :  ;
message : Array ;

2015-12-06 13:16:02 response :
------------

2015-12-06 13:16:14 trace :
------------
Array:
from : oqCObuAMFHVBYvRXwGv_cNKzQZwA ;
to : gh_5013f37369ce ;
time : 1449378975 ;
type : event ;
event : VIEW ;
tousername : gh_5013f37369ce ;
fromusername : oqCObuAMFHVBYvRXwGv_cNKzQZwA ;
createtime : 1449378975 ;
msgtype : event ;
eventkey : http://mp.weixin.qq.com/s?__biz=MzA5MzE5NzExNw==&mid=10001097&idx=1&sn=8338ffe385dcd8dd1f376fc1a2fd50ff&scene=18#rd ;

2015-12-06 13:16:14 params :
------------
Array:
rule : -2 ;
module :  ;
message : Array ;

2015-12-06 13:16:14 response :
------------

2015-12-06 13:16:35 trace :
------------
Array:
from : oqCObuAMFHVBYvRXwGv_cNKzQZwA ;
to : gh_5013f37369ce ;
time : 1449378997 ;
type : event ;
event : VIEW ;
tousername : gh_5013f37369ce ;
fromusername : oqCObuAMFHVBYvRXwGv_cNKzQZwA ;
createtime : 1449378997 ;
msgtype : event ;
eventkey : http://mp.weixin.qq.com/s?__biz=MzA5MzE5NzExNw==&mid=10001097&idx=1&sn=8338ffe385dcd8dd1f376fc1a2fd50ff&scene=18#rd ;

2015-12-06 13:16:36 params :
------------
Array:
rule : -2 ;
module :  ;
message : Array ;

2015-12-06 13:16:36 response :
------------

2015-12-06 13:16:53 trace :
------------
Array:
from : oqCObuAMFHVBYvRXwGv_cNKzQZwA ;
to : gh_5013f37369ce ;
time : 1449379011 ;
type : event ;
event : VIEW ;
tousername : gh_5013f37369ce ;
fromusername : oqCObuAMFHVBYvRXwGv_cNKzQZwA ;
createtime : 1449379011 ;
msgtype : event ;
eventkey : http://mp.weixin.qq.com/s?__biz=MzA5MzE5NzExNw==&mid=10001097&idx=1&sn=8338ffe385dcd8dd1f376fc1a2fd50ff&scene=18#rd ;

2015-12-06 13:16:53 params :
------------
Array:
rule : -2 ;
module :  ;
message : Array ;

2015-12-06 13:16:53 response :
------------

2015-12-06 13:19:55 trace :
------------
Array:
from : oqCObuGSWbUfhf2tp4hEN1U6MyBQ ;
to : gh_5013f37369ce ;
time : 1449379196 ;
type : event ;
event : subscribe ;
tousername : gh_5013f37369ce ;
fromusername : oqCObuGSWbUfhf2tp4hEN1U6MyBQ ;
createtime : 1449379196 ;
msgtype : event ;
eventkey :  ;

2015-12-06 13:19:55 params :
------------
Array:
rule : -2 ;
module :  ;
message : Array ;

2015-12-06 13:19:55 response :
------------

2015-12-06 14:20:03 trace :
------------
Array:
from : oqCObuGydE-tbM7rnJt9WuwHROaY ;
to : gh_5013f37369ce ;
time : 1449382804 ;
type : event ;
event : subscribe ;
tousername : gh_5013f37369ce ;
fromusername : oqCObuGydE-tbM7rnJt9WuwHROaY ;
createtime : 1449382804 ;
msgtype : event ;
eventkey :  ;

2015-12-06 14:20:03 params :
------------
Array:
rule : -2 ;
module :  ;
message : Array ;

2015-12-06 14:20:03 response :
------------

2015-12-06 14:20:55 trace :
------------
Array:
from : oqCObuLvGi4QMzAtcaCXYP0ZAa-I ;
to : gh_5013f37369ce ;
time : 1449382856 ;
type : event ;
event : subscribe ;
tousername : gh_5013f37369ce ;
fromusername : oqCObuLvGi4QMzAtcaCXYP0ZAa-I ;
createtime : 1449382856 ;
msgtype : event ;
eventkey :  ;

2015-12-06 14:20:55 params :
------------
Array:
rule : -2 ;
module :  ;
message : Array ;

2015-12-06 14:20:55 response :
------------

2015-12-06 14:21:51 trace :
------------
Array:
from : oqCObuCIHAdA1uJ24_48UkXNE44I ;
to : gh_5013f37369ce ;
time : 1449382912 ;
type : event ;
event : subscribe ;
tousername : gh_5013f37369ce ;
fromusername : oqCObuCIHAdA1uJ24_48UkXNE44I ;
createtime : 1449382912 ;
msgtype : event ;
eventkey :  ;

2015-12-06 14:21:51 params :
------------
Array:
rule : -2 ;
module :  ;
message : Array ;

2015-12-06 14:21:51 response :
------------

2015-12-06 14:37:32 trace :
------------
Array:
from : oqCObuEAc09l7fwoBsAxKrlHIstk ;
to : gh_5013f37369ce ;
time : 1449383853 ;
type : event ;
event : subscribe ;
tousername : gh_5013f37369ce ;
fromusername : oqCObuEAc09l7fwoBsAxKrlHIstk ;
createtime : 1449383853 ;
msgtype : event ;
eventkey :  ;

2015-12-06 14:37:32 params :
------------
Array:
rule : -2 ;
module :  ;
message : Array ;

2015-12-06 14:37:32 response :
------------

2015-12-06 14:37:35 trace :
------------
Array:
from : oqCObuEWfX_mCsLeNzQaPaFq9mI0 ;
to : gh_5013f37369ce ;
time : 1449383856 ;
type : event ;
event : subscribe ;
tousername : gh_5013f37369ce ;
fromusername : oqCObuEWfX_mCsLeNzQaPaFq9mI0 ;
createtime : 1449383856 ;
msgtype : event ;
eventkey :  ;

2015-12-06 14:37:35 params :
------------
Array:
rule : -2 ;
module :  ;
message : Array ;

2015-12-06 14:37:35 response :
------------

2015-12-06 14:44:16 trace :
------------
Array:
from : oqCObuLBfGyJYZtf0VqDrraj2e6w ;
to : gh_5013f37369ce ;
time : 1449384257 ;
type : event ;
event : subscribe ;
tousername : gh_5013f37369ce ;
fromusername : oqCObuLBfGyJYZtf0VqDrraj2e6w ;
createtime : 1449384257 ;
msgtype : event ;
eventkey :  ;

2015-12-06 14:44:16 params :
------------
Array:
rule : -2 ;
module :  ;
message : Array ;

2015-12-06 14:44:16 response :
------------

2015-12-06 14:48:08 trace :
------------
Array:
from : oqCObuA7aTfnU3ZzWeEmY01gHm2U ;
to : gh_5013f37369ce ;
time : 1449384490 ;
type : event ;
event : subscribe ;
tousername : gh_5013f37369ce ;
fromusername : oqCObuA7aTfnU3ZzWeEmY01gHm2U ;
createtime : 1449384490 ;
msgtype : event ;
eventkey :  ;

2015-12-06 14:48:08 params :
------------
Array:
rule : -2 ;
module :  ;
message : Array ;

2015-12-06 14:48:08 response :
------------

2015-12-06 15:08:37 trace :
------------
Array:
from : oqCObuPKdchjlgwhYoPdv8QZMstA ;
to : gh_5013f37369ce ;
time : 1449385718 ;
type : event ;
event : subscribe ;
tousername : gh_5013f37369ce ;
fromusername : oqCObuPKdchjlgwhYoPdv8QZMstA ;
createtime : 1449385718 ;
msgtype : event ;
eventkey :  ;

2015-12-06 15:08:37 params :
------------
Array:
rule : -2 ;
module :  ;
message : Array ;

2015-12-06 15:08:37 response :
------------

2015-12-06 15:12:25 trace :
------------
Array:
from : oqCObuJujatMbS2PWv_g5bv4P1w0 ;
to : gh_5013f37369ce ;
time : 1449385946 ;
type : event ;
event : subscribe ;
tousername : gh_5013f37369ce ;
fromusername : oqCObuJujatMbS2PWv_g5bv4P1w0 ;
createtime : 1449385946 ;
msgtype : event ;
eventkey :  ;

2015-12-06 15:12:25 params :
------------
Array:
rule : -2 ;
module :  ;
message : Array ;

2015-12-06 15:12:25 response :
------------

2015-12-06 15:13:22 trace :
------------
Array:
from : oqCObuC_kBQ6UfRat-U9nNvrJNcc ;
to : gh_5013f37369ce ;
time : 1449386002 ;
type : event ;
event : subscribe ;
tousername : gh_5013f37369ce ;
fromusername : oqCObuC_kBQ6UfRat-U9nNvrJNcc ;
createtime : 1449386002 ;
msgtype : event ;
eventkey :  ;

2015-12-06 15:13:22 params :
------------
Array:
rule : -2 ;
module :  ;
message : Array ;

2015-12-06 15:13:22 response :
------------

2015-12-06 15:21:00 trace :
------------
Array:
from : oqCObuDrSXGOKRPK6iTyV63sYtSY ;
to : gh_5013f37369ce ;
time : 1449386461 ;
type : event ;
event : subscribe ;
tousername : gh_5013f37369ce ;
fromusername : oqCObuDrSXGOKRPK6iTyV63sYtSY ;
createtime : 1449386461 ;
msgtype : event ;
eventkey :  ;

2015-12-06 15:21:00 params :
------------
Array:
rule : -2 ;
module :  ;
message : Array ;

2015-12-06 15:21:00 response :
------------

2015-12-06 15:22:55 trace :
------------
Array:
from : oqCObuAhJXSGRSmccLu9AF7PVjV4 ;
to : gh_5013f37369ce ;
time : 1449386576 ;
type : event ;
event : subscribe ;
tousername : gh_5013f37369ce ;
fromusername : oqCObuAhJXSGRSmccLu9AF7PVjV4 ;
createtime : 1449386576 ;
msgtype : event ;
eventkey :  ;

2015-12-06 15:22:55 params :
------------
Array:
rule : -2 ;
module :  ;
message : Array ;

2015-12-06 15:22:55 response :
------------

2015-12-06 15:33:37 trace :
------------
Array:
from : oqCObuPZxCQAwshDbzPlUiHyUtSw ;
to : gh_5013f37369ce ;
time : 1449387218 ;
type : event ;
event : subscribe ;
tousername : gh_5013f37369ce ;
fromusername : oqCObuPZxCQAwshDbzPlUiHyUtSw ;
createtime : 1449387218 ;
msgtype : event ;
eventkey :  ;

2015-12-06 15:33:37 params :
------------
Array:
rule : -2 ;
module :  ;
message : Array ;

2015-12-06 15:33:37 response :
------------

2015-12-06 15:36:03 trace :
------------
Array:
from : oqCObuL-bUte7BCHX2CqRFz7q_Wk ;
to : gh_5013f37369ce ;
time : 1449387365 ;
type : event ;
event : subscribe ;
tousername : gh_5013f37369ce ;
fromusername : oqCObuL-bUte7BCHX2CqRFz7q_Wk ;
createtime : 1449387365 ;
msgtype : event ;
eventkey :  ;

2015-12-06 15:36:03 params :
------------
Array:
rule : -2 ;
module :  ;
message : Array ;

2015-12-06 15:36:03 response :
------------

2015-12-06 15:42:11 trace :
------------
Array:
from : oqCObuEyAYk-Tkjs5q9b2nIiroC4 ;
to : gh_5013f37369ce ;
time : 1449387732 ;
type : event ;
event : subscribe ;
tousername : gh_5013f37369ce ;
fromusername : oqCObuEyAYk-Tkjs5q9b2nIiroC4 ;
createtime : 1449387732 ;
msgtype : event ;
eventkey :  ;

2015-12-06 15:42:11 params :
------------
Array:
rule : -2 ;
module :  ;
message : Array ;

2015-12-06 15:42:11 response :
------------

2015-12-06 15:42:35 trace :
------------
Array:
from : oqCObuKI7zyKt-Omae1aeI2S3Yq4 ;
to : gh_5013f37369ce ;
time : 1449387756 ;
type : event ;
event : subscribe ;
tousername : gh_5013f37369ce ;
fromusername : oqCObuKI7zyKt-Omae1aeI2S3Yq4 ;
createtime : 1449387756 ;
msgtype : event ;
eventkey :  ;

2015-12-06 15:42:35 params :
------------
Array:
rule : -2 ;
module :  ;
message : Array ;

2015-12-06 15:42:35 response :
------------

2015-12-06 15:46:00 trace :
------------
Array:
from : oqCObuOW9kevpngv1f_bQ2ln1zt4 ;
to : gh_5013f37369ce ;
time : 1449387961 ;
type : event ;
event : subscribe ;
tousername : gh_5013f37369ce ;
fromusername : oqCObuOW9kevpngv1f_bQ2ln1zt4 ;
createtime : 1449387961 ;
msgtype : event ;
eventkey :  ;

2015-12-06 15:46:00 params :
------------
Array:
rule : -2 ;
module :  ;
message : Array ;

2015-12-06 15:46:00 response :
------------

2015-12-06 15:48:34 trace :
------------
Array:
from : oqCObuO_KhImxp-b5I_B-sMmtSCs ;
to : gh_5013f37369ce ;
time : 1449388112 ;
type : event ;
event : subscribe ;
tousername : gh_5013f37369ce ;
fromusername : oqCObuO_KhImxp-b5I_B-sMmtSCs ;
createtime : 1449388112 ;
msgtype : event ;
eventkey :  ;

2015-12-06 15:48:34 params :
------------
Array:
rule : -2 ;
module :  ;
message : Array ;

2015-12-06 15:48:34 response :
------------

2015-12-06 15:54:51 trace :
------------
Array:
from : oqCObuHNAWwAXbXTdI2mjP5qayI8 ;
to : gh_5013f37369ce ;
time : 1449388489 ;
type : event ;
event : subscribe ;
tousername : gh_5013f37369ce ;
fromusername : oqCObuHNAWwAXbXTdI2mjP5qayI8 ;
createtime : 1449388489 ;
msgtype : event ;
eventkey :  ;

2015-12-06 15:54:51 params :
------------
Array:
rule : -2 ;
module :  ;
message : Array ;

2015-12-06 15:54:51 response :
------------

2015-12-06 16:07:11 trace :
------------
Array:
from : oqCObuJuulnkx6K-ptrScpc1nxHc ;
to : gh_5013f37369ce ;
time : 1449389232 ;
type : event ;
event : subscribe ;
tousername : gh_5013f37369ce ;
fromusername : oqCObuJuulnkx6K-ptrScpc1nxHc ;
createtime : 1449389232 ;
msgtype : event ;
eventkey :  ;

2015-12-06 16:07:11 params :
------------
Array:
rule : -2 ;
module :  ;
message : Array ;

2015-12-06 16:07:11 response :
------------

2015-12-06 16:19:08 trace :
------------
Array:
from : oqCObuKMwDkyKgwZ-v2HDBwOo9XI ;
to : gh_5013f37369ce ;
time : 1449389949 ;
type : event ;
event : subscribe ;
tousername : gh_5013f37369ce ;
fromusername : oqCObuKMwDkyKgwZ-v2HDBwOo9XI ;
createtime : 1449389949 ;
msgtype : event ;
eventkey :  ;

2015-12-06 16:19:08 params :
------------
Array:
rule : -2 ;
module :  ;
message : Array ;

2015-12-06 16:19:08 response :
------------

2015-12-06 16:19:11 trace :
------------
Array:
from : oqCObuEcAFWiJzCA9gkjg0LIkBKs ;
to : gh_5013f37369ce ;
time : 1449389953 ;
type : event ;
event : subscribe ;
tousername : gh_5013f37369ce ;
fromusername : oqCObuEcAFWiJzCA9gkjg0LIkBKs ;
createtime : 1449389953 ;
msgtype : event ;
eventkey :  ;

2015-12-06 16:19:11 params :
------------
Array:
rule : -2 ;
module :  ;
message : Array ;

2015-12-06 16:19:11 response :
------------

2015-12-06 16:23:30 trace :
------------
Array:
from : oqCObuCvF0kKRzqItpXso6UChshU ;
to : gh_5013f37369ce ;
time : 1449390211 ;
type : event ;
event : subscribe ;
tousername : gh_5013f37369ce ;
fromusername : oqCObuCvF0kKRzqItpXso6UChshU ;
createtime : 1449390211 ;
msgtype : event ;
eventkey :  ;

2015-12-06 16:23:30 params :
------------
Array:
rule : -2 ;
module :  ;
message : Array ;

2015-12-06 16:23:30 response :
------------

2015-12-06 16:34:58 trace :
------------
Array:
from : oqCObuO9jmA28uOwgZkSi1f9_pNk ;
to : gh_5013f37369ce ;
time : 1449390899 ;
type : event ;
event : subscribe ;
tousername : gh_5013f37369ce ;
fromusername : oqCObuO9jmA28uOwgZkSi1f9_pNk ;
createtime : 1449390899 ;
msgtype : event ;
eventkey :  ;

2015-12-06 16:34:58 params :
------------
Array:
rule : -2 ;
module :  ;
message : Array ;

2015-12-06 16:34:58 response :
------------

2015-12-06 16:36:05 trace :
------------
Array:
from : oqCObuI-LELIzTPPso5DZ3djN4p8 ;
to : gh_5013f37369ce ;
time : 1449390967 ;
type : event ;
event : subscribe ;
tousername : gh_5013f37369ce ;
fromusername : oqCObuI-LELIzTPPso5DZ3djN4p8 ;
createtime : 1449390967 ;
msgtype : event ;
eventkey :  ;

2015-12-06 16:36:05 params :
------------
Array:
rule : -2 ;
module :  ;
message : Array ;

2015-12-06 16:36:05 response :
------------

2015-12-06 16:38:25 trace :
------------
Array:
from : oqCObuHzTPHsh6F9LqqsST1ZYHKw ;
to : gh_5013f37369ce ;
time : 1449391104 ;
type : event ;
event : subscribe ;
tousername : gh_5013f37369ce ;
fromusername : oqCObuHzTPHsh6F9LqqsST1ZYHKw ;
createtime : 1449391104 ;
msgtype : event ;
eventkey :  ;

2015-12-06 16:38:25 params :
------------
Array:
rule : -2 ;
module :  ;
message : Array ;

2015-12-06 16:38:25 response :
------------

2015-12-06 16:40:22 trace :
------------
Array:
from : oqCObuAsxQ--B_mGkv2tq0YyWuFE ;
to : gh_5013f37369ce ;
time : 1449391223 ;
type : event ;
event : subscribe ;
tousername : gh_5013f37369ce ;
fromusername : oqCObuAsxQ--B_mGkv2tq0YyWuFE ;
createtime : 1449391223 ;
msgtype : event ;
eventkey :  ;

2015-12-06 16:40:22 params :
------------
Array:
rule : -2 ;
module :  ;
message : Array ;

2015-12-06 16:40:22 response :
------------

2015-12-06 16:44:21 trace :
------------
Array:
from : oqCObuHNr8KdfMHz1qnleBhBIF2Y ;
to : gh_5013f37369ce ;
time : 1449391462 ;
type : event ;
event : subscribe ;
tousername : gh_5013f37369ce ;
fromusername : oqCObuHNr8KdfMHz1qnleBhBIF2Y ;
createtime : 1449391462 ;
msgtype : event ;
eventkey :  ;

2015-12-06 16:44:21 params :
------------
Array:
rule : -2 ;
module :  ;
message : Array ;

2015-12-06 16:44:21 response :
------------

2015-12-06 16:54:36 trace :
------------
Array:
from : oqCObuEUJixPyDItUZ-goc7XzxOI ;
to : gh_5013f37369ce ;
time : 1449392077 ;
type : event ;
event : subscribe ;
tousername : gh_5013f37369ce ;
fromusername : oqCObuEUJixPyDItUZ-goc7XzxOI ;
createtime : 1449392077 ;
msgtype : event ;
eventkey :  ;

2015-12-06 16:54:36 params :
------------
Array:
rule : -2 ;
module :  ;
message : Array ;

2015-12-06 16:54:36 response :
------------

2015-12-06 16:55:40 trace :
------------
Array:
from : oqCObuLQfFfxr7fluT8bKAjtuokc ;
to : gh_5013f37369ce ;
time : 1449392142 ;
type : event ;
event : subscribe ;
tousername : gh_5013f37369ce ;
fromusername : oqCObuLQfFfxr7fluT8bKAjtuokc ;
createtime : 1449392142 ;
msgtype : event ;
eventkey :  ;

2015-12-06 16:55:40 params :
------------
Array:
rule : -2 ;
module :  ;
message : Array ;

2015-12-06 16:55:40 response :
------------

2015-12-06 16:59:49 trace :
------------
Array:
from : oqCObuAFKObMHKEIBnImht7Ve_wM ;
to : gh_5013f37369ce ;
time : 1449392390 ;
type : event ;
event : subscribe ;
tousername : gh_5013f37369ce ;
fromusername : oqCObuAFKObMHKEIBnImht7Ve_wM ;
createtime : 1449392390 ;
msgtype : event ;
eventkey :  ;

2015-12-06 16:59:49 params :
------------
Array:
rule : -2 ;
module :  ;
message : Array ;

2015-12-06 16:59:49 response :
------------

2015-12-06 17:00:23 trace :
------------
Array:
from : oqCObuFeK9365j3JhSKsACr5RfA4 ;
to : gh_5013f37369ce ;
time : 1449392425 ;
type : event ;
event : subscribe ;
tousername : gh_5013f37369ce ;
fromusername : oqCObuFeK9365j3JhSKsACr5RfA4 ;
createtime : 1449392425 ;
msgtype : event ;
eventkey :  ;

2015-12-06 17:00:23 params :
------------
Array:
rule : -2 ;
module :  ;
message : Array ;

2015-12-06 17:00:23 response :
------------

2015-12-06 17:03:09 trace :
------------
Array:
from : oqCObuJA2eH7O01SkgEaL5chg024 ;
to : gh_5013f37369ce ;
time : 1449392590 ;
type : event ;
event : subscribe ;
tousername : gh_5013f37369ce ;
fromusername : oqCObuJA2eH7O01SkgEaL5chg024 ;
createtime : 1449392590 ;
msgtype : event ;
eventkey :  ;

2015-12-06 17:03:09 params :
------------
Array:
rule : -2 ;
module :  ;
message : Array ;

2015-12-06 17:03:09 response :
------------

2015-12-06 17:03:48 trace :
------------
Array:
from : oqCObuDl6oF6wuvRG3QtIj9ZprGw ;
to : gh_5013f37369ce ;
time : 1449392629 ;
type : event ;
event : subscribe ;
tousername : gh_5013f37369ce ;
fromusername : oqCObuDl6oF6wuvRG3QtIj9ZprGw ;
createtime : 1449392629 ;
msgtype : event ;
eventkey :  ;

2015-12-06 17:03:48 params :
------------
Array:
rule : -2 ;
module :  ;
message : Array ;

2015-12-06 17:03:48 response :
------------

2015-12-06 17:06:15 trace :
------------
Array:
from : oqCObuGddh8id1OQU6dy3zZYW3c4 ;
to : gh_5013f37369ce ;
time : 1449392776 ;
type : event ;
event : subscribe ;
tousername : gh_5013f37369ce ;
fromusername : oqCObuGddh8id1OQU6dy3zZYW3c4 ;
createtime : 1449392776 ;
msgtype : event ;
eventkey :  ;

2015-12-06 17:06:15 params :
------------
Array:
rule : -2 ;
module :  ;
message : Array ;

2015-12-06 17:06:15 response :
------------

2015-12-06 17:10:10 trace :
------------
Array:
from : oqCObuAOttacQd8uXttR7C9llyyY ;
to : gh_5013f37369ce ;
time : 1449393011 ;
type : event ;
event : subscribe ;
tousername : gh_5013f37369ce ;
fromusername : oqCObuAOttacQd8uXttR7C9llyyY ;
createtime : 1449393011 ;
msgtype : event ;
eventkey :  ;

2015-12-06 17:10:10 params :
------------
Array:
rule : -2 ;
module :  ;
message : Array ;

2015-12-06 17:10:10 response :
------------

2015-12-06 17:12:33 trace :
------------
Array:
from : oqCObuG0_eGRlSU8I9exojUt1uok ;
to : gh_5013f37369ce ;
time : 1449393155 ;
type : event ;
event : VIEW ;
tousername : gh_5013f37369ce ;
fromusername : oqCObuG0_eGRlSU8I9exojUt1uok ;
createtime : 1449393155 ;
msgtype : event ;
eventkey : http://mp.weixin.qq.com/s?__biz=MzA5MzE5NzExNw==&mid=10001097&idx=1&sn=8338ffe385dcd8dd1f376fc1a2fd50ff&scene=18#rd ;

2015-12-06 17:12:33 params :
------------
Array:
rule : -2 ;
module :  ;
message : Array ;

2015-12-06 17:12:33 response :
------------

2015-12-06 17:18:28 trace :
------------
Array:
from : oqCObuDD41Laa1aeDH6nlh_e0kzc ;
to : gh_5013f37369ce ;
time : 1449393509 ;
type : event ;
event : subscribe ;
tousername : gh_5013f37369ce ;
fromusername : oqCObuDD41Laa1aeDH6nlh_e0kzc ;
createtime : 1449393509 ;
msgtype : event ;
eventkey :  ;

2015-12-06 17:18:28 params :
------------
Array:
rule : -2 ;
module :  ;
message : Array ;

2015-12-06 17:18:28 response :
------------

2015-12-06 17:23:15 trace :
------------
Array:
from : oqCObuEQWQ4DYOlWHtMwUm_rwByE ;
to : gh_5013f37369ce ;
time : 1449393796 ;
type : event ;
event : VIEW ;
tousername : gh_5013f37369ce ;
fromusername : oqCObuEQWQ4DYOlWHtMwUm_rwByE ;
createtime : 1449393796 ;
msgtype : event ;
eventkey : http://mp.weixin.qq.com/s?__biz=MzA5MzE5NzExNw==&mid=10001097&idx=1&sn=8338ffe385dcd8dd1f376fc1a2fd50ff&scene=18#rd ;

2015-12-06 17:23:15 params :
------------
Array:
rule : -2 ;
module :  ;
message : Array ;

2015-12-06 17:23:15 response :
------------

2015-12-06 17:23:25 trace :
------------
Array:
from : oqCObuEQWQ4DYOlWHtMwUm_rwByE ;
to : gh_5013f37369ce ;
time : 1449393807 ;
type : event ;
event : VIEW ;
tousername : gh_5013f37369ce ;
fromusername : oqCObuEQWQ4DYOlWHtMwUm_rwByE ;
createtime : 1449393807 ;
msgtype : event ;
eventkey : http://mp.weixin.qq.com/s?__biz=MzA5MzE5NzExNw==&mid=10001097&idx=1&sn=8338ffe385dcd8dd1f376fc1a2fd50ff&scene=18#rd ;

2015-12-06 17:23:25 params :
------------
Array:
rule : -2 ;
module :  ;
message : Array ;

2015-12-06 17:23:25 response :
------------

2015-12-06 17:23:42 trace :
------------
Array:
from : oqCObuEQWQ4DYOlWHtMwUm_rwByE ;
to : gh_5013f37369ce ;
time : 1449393824 ;
type : event ;
event : VIEW ;
tousername : gh_5013f37369ce ;
fromusername : oqCObuEQWQ4DYOlWHtMwUm_rwByE ;
createtime : 1449393824 ;
msgtype : event ;
eventkey : http://mp.weixin.qq.com/s?__biz=MzA5MzE5NzExNw==&mid=10001097&idx=1&sn=8338ffe385dcd8dd1f376fc1a2fd50ff&scene=18#rd ;

2015-12-06 17:23:42 params :
------------
Array:
rule : -2 ;
module :  ;
message : Array ;

2015-12-06 17:23:42 response :
------------

2015-12-06 17:24:30 trace :
------------
Array:
from : oqCObuEQWQ4DYOlWHtMwUm_rwByE ;
to : gh_5013f37369ce ;
time : 1449393872 ;
type : event ;
event : VIEW ;
tousername : gh_5013f37369ce ;
fromusername : oqCObuEQWQ4DYOlWHtMwUm_rwByE ;
createtime : 1449393872 ;
msgtype : event ;
eventkey : http://mp.weixin.qq.com/s?__biz=MzA5MzE5NzExNw==&mid=10001097&idx=1&sn=8338ffe385dcd8dd1f376fc1a2fd50ff&scene=18#rd ;

2015-12-06 17:24:30 params :
------------
Array:
rule : -2 ;
module :  ;
message : Array ;

2015-12-06 17:24:30 response :
------------

2015-12-06 17:24:35 trace :
------------
Array:
from : oqCObuEQWQ4DYOlWHtMwUm_rwByE ;
to : gh_5013f37369ce ;
time : 1449393876 ;
type : event ;
event : VIEW ;
tousername : gh_5013f37369ce ;
fromusername : oqCObuEQWQ4DYOlWHtMwUm_rwByE ;
createtime : 1449393876 ;
msgtype : event ;
eventkey : http://mp.weixin.qq.com/s?__biz=MzA5MzE5NzExNw==&mid=10001097&idx=1&sn=8338ffe385dcd8dd1f376fc1a2fd50ff&scene=18#rd ;

2015-12-06 17:24:35 params :
------------
Array:
rule : -2 ;
module :  ;
message : Array ;

2015-12-06 17:24:35 response :
------------

2015-12-06 17:25:09 trace :
------------
Array:
from : oqCObuEQWQ4DYOlWHtMwUm_rwByE ;
to : gh_5013f37369ce ;
time : 1449393910 ;
type : event ;
event : VIEW ;
tousername : gh_5013f37369ce ;
fromusername : oqCObuEQWQ4DYOlWHtMwUm_rwByE ;
createtime : 1449393910 ;
msgtype : event ;
eventkey : http://mp.weixin.qq.com/s?__biz=MzA5MzE5NzExNw==&mid=10001097&idx=1&sn=8338ffe385dcd8dd1f376fc1a2fd50ff&scene=18#rd ;

2015-12-06 17:25:09 params :
------------
Array:
rule : -2 ;
module :  ;
message : Array ;

2015-12-06 17:25:09 response :
------------

2015-12-06 17:25:23 trace :
------------
Array:
from : oqCObuEQWQ4DYOlWHtMwUm_rwByE ;
to : gh_5013f37369ce ;
time : 1449393924 ;
type : event ;
event : VIEW ;
tousername : gh_5013f37369ce ;
fromusername : oqCObuEQWQ4DYOlWHtMwUm_rwByE ;
createtime : 1449393924 ;
msgtype : event ;
eventkey : http://mp.weixin.qq.com/s?__biz=MzA5MzE5NzExNw==&mid=10001097&idx=1&sn=8338ffe385dcd8dd1f376fc1a2fd50ff&scene=18#rd ;

2015-12-06 17:25:23 params :
------------
Array:
rule : -2 ;
module :  ;
message : Array ;

2015-12-06 17:25:23 response :
------------

2015-12-06 17:27:31 trace :
------------
Array:
from : oqCObuFVZCdtaZkBakvPb0EfuOG4 ;
to : gh_5013f37369ce ;
time : 1449394052 ;
type : event ;
event : VIEW ;
tousername : gh_5013f37369ce ;
fromusername : oqCObuFVZCdtaZkBakvPb0EfuOG4 ;
createtime : 1449394052 ;
msgtype : event ;
eventkey : http://mp.weixin.qq.com/s?__biz=MzA5MzE5NzExNw==&mid=10001097&idx=1&sn=8338ffe385dcd8dd1f376fc1a2fd50ff&scene=18#rd ;

2015-12-06 17:27:31 params :
------------
Array:
rule : -2 ;
module :  ;
message : Array ;

2015-12-06 17:27:31 response :
------------

2015-12-06 17:27:39 trace :
------------
Array:
from : oqCObuFVZCdtaZkBakvPb0EfuOG4 ;
to : gh_5013f37369ce ;
time : 1449394060 ;
type : event ;
event : VIEW ;
tousername : gh_5013f37369ce ;
fromusername : oqCObuFVZCdtaZkBakvPb0EfuOG4 ;
createtime : 1449394060 ;
msgtype : event ;
eventkey : http://mp.weixin.qq.com/s?__biz=MzA5MzE5NzExNw==&mid=10001097&idx=1&sn=8338ffe385dcd8dd1f376fc1a2fd50ff&scene=18#rd ;

2015-12-06 17:27:39 params :
------------
Array:
rule : -2 ;
module :  ;
message : Array ;

2015-12-06 17:27:39 response :
------------

2015-12-06 17:27:46 trace :
------------
Array:
from : oqCObuFVZCdtaZkBakvPb0EfuOG4 ;
to : gh_5013f37369ce ;
time : 1449394065 ;
type : event ;
event : VIEW ;
tousername : gh_5013f37369ce ;
fromusername : oqCObuFVZCdtaZkBakvPb0EfuOG4 ;
createtime : 1449394065 ;
msgtype : event ;
eventkey : http://mp.weixin.qq.com/s?__biz=MzA5MzE5NzExNw==&mid=10001097&idx=1&sn=8338ffe385dcd8dd1f376fc1a2fd50ff&scene=18#rd ;

2015-12-06 17:27:46 params :
------------
Array:
rule : -2 ;
module :  ;
message : Array ;

2015-12-06 17:27:46 response :
------------

2015-12-06 17:29:04 trace :
------------
Array:
from : oqCObuAjnm83yGkNBrTSkiRupn8g ;
to : gh_5013f37369ce ;
time : 1449394146 ;
type : event ;
event : VIEW ;
tousername : gh_5013f37369ce ;
fromusername : oqCObuAjnm83yGkNBrTSkiRupn8g ;
createtime : 1449394146 ;
msgtype : event ;
eventkey : http://mp.weixin.qq.com/s?__biz=MzA5MzE5NzExNw==&mid=10001097&idx=1&sn=8338ffe385dcd8dd1f376fc1a2fd50ff&scene=18#rd ;

2015-12-06 17:29:04 params :
------------
Array:
rule : -2 ;
module :  ;
message : Array ;

2015-12-06 17:29:04 response :
------------

2015-12-06 17:34:10 trace :
------------
Array:
from : oqCObuBL9sDRIqEpo0TfwHva0Hc4 ;
to : gh_5013f37369ce ;
time : 1449394452 ;
type : event ;
event : subscribe ;
tousername : gh_5013f37369ce ;
fromusername : oqCObuBL9sDRIqEpo0TfwHva0Hc4 ;
createtime : 1449394452 ;
msgtype : event ;
eventkey :  ;

2015-12-06 17:34:10 params :
------------
Array:
rule : -2 ;
module :  ;
message : Array ;

2015-12-06 17:34:10 response :
------------

2015-12-06 17:34:31 trace :
------------
Array:
from : oqCObuM3vJ0lL_wY0vswO6ADPy-I ;
to : gh_5013f37369ce ;
time : 1449394473 ;
type : event ;
event : subscribe ;
tousername : gh_5013f37369ce ;
fromusername : oqCObuM3vJ0lL_wY0vswO6ADPy-I ;
createtime : 1449394473 ;
msgtype : event ;
eventkey :  ;

2015-12-06 17:34:31 params :
------------
Array:
rule : -2 ;
module :  ;
message : Array ;

2015-12-06 17:34:31 response :
------------

2015-12-06 17:36:03 trace :
------------
Array:
from : oqCObuO56HDc0K9_8Z78fETiITPA ;
to : gh_5013f37369ce ;
time : 1449394564 ;
type : event ;
event : subscribe ;
tousername : gh_5013f37369ce ;
fromusername : oqCObuO56HDc0K9_8Z78fETiITPA ;
createtime : 1449394564 ;
msgtype : event ;
eventkey :  ;

2015-12-06 17:36:03 params :
------------
Array:
rule : -2 ;
module :  ;
message : Array ;

2015-12-06 17:36:03 response :
------------

2015-12-06 17:36:12 trace :
------------
Array:
from : oqCObuP1dN68jtoQW45QyP15JAe0 ;
to : gh_5013f37369ce ;
time : 1449394573 ;
type : event ;
event : subscribe ;
tousername : gh_5013f37369ce ;
fromusername : oqCObuP1dN68jtoQW45QyP15JAe0 ;
createtime : 1449394573 ;
msgtype : event ;
eventkey :  ;

2015-12-06 17:36:12 params :
------------
Array:
rule : -2 ;
module :  ;
message : Array ;

2015-12-06 17:36:12 response :
------------

2015-12-06 17:40:28 trace :
------------
Array:
from : oqCObuPfsh1oHKeTs_NNVgCWunCw ;
to : gh_5013f37369ce ;
time : 1449394829 ;
type : event ;
event : subscribe ;
tousername : gh_5013f37369ce ;
fromusername : oqCObuPfsh1oHKeTs_NNVgCWunCw ;
createtime : 1449394829 ;
msgtype : event ;
eventkey :  ;

2015-12-06 17:40:28 params :
------------
Array:
rule : -2 ;
module :  ;
message : Array ;

2015-12-06 17:40:28 response :
------------

2015-12-06 17:48:22 trace :
------------
Array:
from : oqCObuPdWW6ydv434lvdzLuf7PeM ;
to : gh_5013f37369ce ;
time : 1449395304 ;
type : event ;
event : subscribe ;
tousername : gh_5013f37369ce ;
fromusername : oqCObuPdWW6ydv434lvdzLuf7PeM ;
createtime : 1449395304 ;
msgtype : event ;
eventkey :  ;

2015-12-06 17:48:22 params :
------------
Array:
rule : -2 ;
module :  ;
message : Array ;

2015-12-06 17:48:22 response :
------------

2015-12-06 18:04:25 trace :
------------
Array:
from : oqCObuDTA7Rk5dHyK6j9NHRVDc9Q ;
to : gh_5013f37369ce ;
time : 1449396266 ;
type : event ;
event : subscribe ;
tousername : gh_5013f37369ce ;
fromusername : oqCObuDTA7Rk5dHyK6j9NHRVDc9Q ;
createtime : 1449396266 ;
msgtype : event ;
eventkey :  ;

2015-12-06 18:04:25 params :
------------
Array:
rule : -2 ;
module :  ;
message : Array ;

2015-12-06 18:04:25 response :
------------

2015-12-06 18:06:34 trace :
------------
Array:
from : oqCObuHcuTihktOrWLJY3EGyV2rE ;
to : gh_5013f37369ce ;
time : 1449396396 ;
type : event ;
event : subscribe ;
tousername : gh_5013f37369ce ;
fromusername : oqCObuHcuTihktOrWLJY3EGyV2rE ;
createtime : 1449396396 ;
msgtype : event ;
eventkey :  ;

2015-12-06 18:06:34 params :
------------
Array:
rule : -2 ;
module :  ;
message : Array ;

2015-12-06 18:06:34 response :
------------

2015-12-06 18:11:52 trace :
------------
Array:
from : oqCObuAq6X9ojCAcKlwx9lL_6GGY ;
to : gh_5013f37369ce ;
time : 1449396713 ;
type : event ;
event : subscribe ;
tousername : gh_5013f37369ce ;
fromusername : oqCObuAq6X9ojCAcKlwx9lL_6GGY ;
createtime : 1449396713 ;
msgtype : event ;
eventkey :  ;

2015-12-06 18:11:52 params :
------------
Array:
rule : -2 ;
module :  ;
message : Array ;

2015-12-06 18:11:52 response :
------------

2015-12-06 18:23:03 trace :
------------
Array:
from : oqCObuKmlCcOI3LbSh2J8-clea18 ;
to : gh_5013f37369ce ;
time : 1449397385 ;
type : event ;
event : subscribe ;
tousername : gh_5013f37369ce ;
fromusername : oqCObuKmlCcOI3LbSh2J8-clea18 ;
createtime : 1449397385 ;
msgtype : event ;
eventkey :  ;

2015-12-06 18:23:03 params :
------------
Array:
rule : -2 ;
module :  ;
message : Array ;

2015-12-06 18:23:03 response :
------------

2015-12-06 18:27:47 trace :
------------
Array:
from : oqCObuNJvsflL9nBylA0dzg6hSmw ;
to : gh_5013f37369ce ;
time : 1449397669 ;
type : event ;
event : subscribe ;
tousername : gh_5013f37369ce ;
fromusername : oqCObuNJvsflL9nBylA0dzg6hSmw ;
createtime : 1449397669 ;
msgtype : event ;
eventkey :  ;

2015-12-06 18:27:47 params :
------------
Array:
rule : -2 ;
module :  ;
message : Array ;

2015-12-06 18:27:47 response :
------------

2015-12-06 18:28:13 trace :
------------
Array:
from : oqCObuEyljyGgqVJnGHL87gH8eMo ;
to : gh_5013f37369ce ;
time : 1449397695 ;
type : event ;
event : subscribe ;
tousername : gh_5013f37369ce ;
fromusername : oqCObuEyljyGgqVJnGHL87gH8eMo ;
createtime : 1449397695 ;
msgtype : event ;
eventkey :  ;

2015-12-06 18:28:13 params :
------------
Array:
rule : -2 ;
module :  ;
message : Array ;

2015-12-06 18:28:13 response :
------------

2015-12-06 18:30:03 trace :
------------
Array:
from : oqCObuEeYAxa3YLXUUTikpW9DffU ;
to : gh_5013f37369ce ;
time : 1449397804 ;
type : event ;
event : subscribe ;
tousername : gh_5013f37369ce ;
fromusername : oqCObuEeYAxa3YLXUUTikpW9DffU ;
createtime : 1449397804 ;
msgtype : event ;
eventkey :  ;

2015-12-06 18:30:03 params :
------------
Array:
rule : -2 ;
module :  ;
message : Array ;

2015-12-06 18:30:03 response :
------------

2015-12-06 18:35:47 trace :
------------
Array:
from : oqCObuGvtddF1JgSkFwqmF8OTJ-s ;
to : gh_5013f37369ce ;
time : 1449398149 ;
type : event ;
event : subscribe ;
tousername : gh_5013f37369ce ;
fromusername : oqCObuGvtddF1JgSkFwqmF8OTJ-s ;
createtime : 1449398149 ;
msgtype : event ;
eventkey :  ;

2015-12-06 18:35:47 params :
------------
Array:
rule : -2 ;
module :  ;
message : Array ;

2015-12-06 18:35:47 response :
------------

2015-12-06 18:46:59 trace :
------------
Array:
from : oqCObuPVo37LeK3i_dmfo2z3-Yqo ;
to : gh_5013f37369ce ;
time : 1449398820 ;
type : event ;
event : subscribe ;
tousername : gh_5013f37369ce ;
fromusername : oqCObuPVo37LeK3i_dmfo2z3-Yqo ;
createtime : 1449398820 ;
msgtype : event ;
eventkey :  ;

2015-12-06 18:46:59 params :
------------
Array:
rule : -2 ;
module :  ;
message : Array ;

2015-12-06 18:46:59 response :
------------

2015-12-06 18:48:21 trace :
------------
Array:
from : oqCObuNZ9LEO9DhmN9TEL2Vqo48E ;
to : gh_5013f37369ce ;
time : 1449398902 ;
type : event ;
event : subscribe ;
tousername : gh_5013f37369ce ;
fromusername : oqCObuNZ9LEO9DhmN9TEL2Vqo48E ;
createtime : 1449398902 ;
msgtype : event ;
eventkey :  ;

2015-12-06 18:48:21 params :
------------
Array:
rule : -2 ;
module :  ;
message : Array ;

2015-12-06 18:48:21 response :
------------

2015-12-06 18:51:54 trace :
------------
Array:
from : oqCObuF4mOSiRLsNqReWy1HfZg9U ;
to : gh_5013f37369ce ;
time : 1449399116 ;
type : event ;
event : subscribe ;
tousername : gh_5013f37369ce ;
fromusername : oqCObuF4mOSiRLsNqReWy1HfZg9U ;
createtime : 1449399116 ;
msgtype : event ;
eventkey :  ;

2015-12-06 18:51:54 params :
------------
Array:
rule : -2 ;
module :  ;
message : Array ;

2015-12-06 18:51:54 response :
------------

2015-12-06 19:18:29 trace :
------------
Array:
from : oqCObuKSYXEq__vjSDLKkWOX6two ;
to : gh_5013f37369ce ;
time : 1449400710 ;
type : event ;
event : subscribe ;
tousername : gh_5013f37369ce ;
fromusername : oqCObuKSYXEq__vjSDLKkWOX6two ;
createtime : 1449400710 ;
msgtype : event ;
eventkey :  ;

2015-12-06 19:18:29 params :
------------
Array:
rule : -2 ;
module :  ;
message : Array ;

2015-12-06 19:18:29 response :
------------

2015-12-06 19:19:33 trace :
------------
Array:
from : oqCObuKOTFfs8KqTYTcFN6-d1TQI ;
to : gh_5013f37369ce ;
time : 1449400775 ;
type : event ;
event : VIEW ;
tousername : gh_5013f37369ce ;
fromusername : oqCObuKOTFfs8KqTYTcFN6-d1TQI ;
createtime : 1449400775 ;
msgtype : event ;
eventkey : http://mp.weixin.qq.com/s?__biz=MzA5MzE5NzExNw==&mid=10001097&idx=1&sn=8338ffe385dcd8dd1f376fc1a2fd50ff&scene=18#rd ;

2015-12-06 19:19:33 params :
------------
Array:
rule : -2 ;
module :  ;
message : Array ;

2015-12-06 19:19:33 response :
------------

2015-12-06 19:19:39 trace :
------------
Array:
from : oqCObuKOTFfs8KqTYTcFN6-d1TQI ;
to : gh_5013f37369ce ;
time : 1449400780 ;
type : event ;
event : VIEW ;
tousername : gh_5013f37369ce ;
fromusername : oqCObuKOTFfs8KqTYTcFN6-d1TQI ;
createtime : 1449400780 ;
msgtype : event ;
eventkey : http://mp.weixin.qq.com/s?__biz=MzA5MzE5NzExNw==&mid=10001097&idx=1&sn=8338ffe385dcd8dd1f376fc1a2fd50ff&scene=18#rd ;

2015-12-06 19:19:39 params :
------------
Array:
rule : -2 ;
module :  ;
message : Array ;

2015-12-06 19:19:39 response :
------------

2015-12-06 19:25:46 trace :
------------
Array:
from : oqCObuJV0MAFDw3lUPinHI6O2AhE ;
to : gh_5013f37369ce ;
time : 1449401148 ;
type : event ;
event : subscribe ;
tousername : gh_5013f37369ce ;
fromusername : oqCObuJV0MAFDw3lUPinHI6O2AhE ;
createtime : 1449401148 ;
msgtype : event ;
eventkey :  ;

2015-12-06 19:25:46 params :
------------
Array:
rule : -2 ;
module :  ;
message : Array ;

2015-12-06 19:25:46 response :
------------

2015-12-06 19:32:04 trace :
------------
Array:
from : oqCObuFmY99vFJx6K8auFTgANiZQ ;
to : gh_5013f37369ce ;
time : 1449401525 ;
type : event ;
event : subscribe ;
tousername : gh_5013f37369ce ;
fromusername : oqCObuFmY99vFJx6K8auFTgANiZQ ;
createtime : 1449401525 ;
msgtype : event ;
eventkey :  ;

2015-12-06 19:32:04 params :
------------
Array:
rule : -2 ;
module :  ;
message : Array ;

2015-12-06 19:32:04 response :
------------

2015-12-06 19:42:51 trace :
------------
Array:
from : oqCObuCjk9DQDrDTWLp342GmrEQk ;
to : gh_5013f37369ce ;
time : 1449402173 ;
type : event ;
event : subscribe ;
tousername : gh_5013f37369ce ;
fromusername : oqCObuCjk9DQDrDTWLp342GmrEQk ;
createtime : 1449402173 ;
msgtype : event ;
eventkey :  ;

2015-12-06 19:42:51 params :
------------
Array:
rule : -2 ;
module :  ;
message : Array ;

2015-12-06 19:42:51 response :
------------

2015-12-06 19:43:23 trace :
------------
Array:
from : oqCObuHCuRNTZLrHosWulKekQDb8 ;
to : gh_5013f37369ce ;
time : 1449402205 ;
type : event ;
event : subscribe ;
tousername : gh_5013f37369ce ;
fromusername : oqCObuHCuRNTZLrHosWulKekQDb8 ;
createtime : 1449402205 ;
msgtype : event ;
eventkey :  ;

2015-12-06 19:43:23 params :
------------
Array:
rule : -2 ;
module :  ;
message : Array ;

2015-12-06 19:43:23 response :
------------

2015-12-06 19:50:19 trace :
------------
Array:
from : oqCObuJxlgG_mWdWh1CGL5Nlvbp4 ;
to : gh_5013f37369ce ;
time : 1449402621 ;
type : event ;
event : subscribe ;
tousername : gh_5013f37369ce ;
fromusername : oqCObuJxlgG_mWdWh1CGL5Nlvbp4 ;
createtime : 1449402621 ;
msgtype : event ;
eventkey :  ;

2015-12-06 19:50:19 params :
------------
Array:
rule : -2 ;
module :  ;
message : Array ;

2015-12-06 19:50:19 response :
------------

2015-12-06 19:56:32 trace :
------------
Array:
from : oqCObuLPqAh_w12iwMSmo7Dmq9fA ;
to : gh_5013f37369ce ;
time : 1449402993 ;
type : event ;
event : subscribe ;
tousername : gh_5013f37369ce ;
fromusername : oqCObuLPqAh_w12iwMSmo7Dmq9fA ;
createtime : 1449402993 ;
msgtype : event ;
eventkey :  ;

2015-12-06 19:56:32 params :
------------
Array:
rule : -2 ;
module :  ;
message : Array ;

2015-12-06 19:56:32 response :
------------

2015-12-06 20:00:41 trace :
------------
Array:
from : oqCObuAytOaCdGedyhoHArBn-cxU ;
to : gh_5013f37369ce ;
time : 1449403243 ;
type : event ;
event : subscribe ;
tousername : gh_5013f37369ce ;
fromusername : oqCObuAytOaCdGedyhoHArBn-cxU ;
createtime : 1449403243 ;
msgtype : event ;
eventkey :  ;

2015-12-06 20:00:41 params :
------------
Array:
rule : -2 ;
module :  ;
message : Array ;

2015-12-06 20:00:41 response :
------------

2015-12-06 20:04:47 trace :
------------
Array:
from : oqCObuJpjjjEgLscSWGn1NHqXR4E ;
to : gh_5013f37369ce ;
time : 1449403488 ;
type : event ;
event : subscribe ;
tousername : gh_5013f37369ce ;
fromusername : oqCObuJpjjjEgLscSWGn1NHqXR4E ;
createtime : 1449403488 ;
msgtype : event ;
eventkey :  ;

2015-12-06 20:04:47 params :
------------
Array:
rule : -2 ;
module :  ;
message : Array ;

2015-12-06 20:04:47 response :
------------

2015-12-06 20:05:19 trace :
------------
Array:
from : oqCObuOgBrak8wRUnNw38UDWu5B0 ;
to : gh_5013f37369ce ;
time : 1449403521 ;
type : event ;
event : subscribe ;
tousername : gh_5013f37369ce ;
fromusername : oqCObuOgBrak8wRUnNw38UDWu5B0 ;
createtime : 1449403521 ;
msgtype : event ;
eventkey :  ;

2015-12-06 20:05:19 params :
------------
Array:
rule : -2 ;
module :  ;
message : Array ;

2015-12-06 20:05:19 response :
------------

2015-12-06 20:06:18 trace :
------------
Array:
from : oqCObuOcVfe7HWqju7lQUZF8BvdI ;
to : gh_5013f37369ce ;
time : 1449403580 ;
type : event ;
event : subscribe ;
tousername : gh_5013f37369ce ;
fromusername : oqCObuOcVfe7HWqju7lQUZF8BvdI ;
createtime : 1449403580 ;
msgtype : event ;
eventkey :  ;

2015-12-06 20:06:18 params :
------------
Array:
rule : -2 ;
module :  ;
message : Array ;

2015-12-06 20:06:18 response :
------------

2015-12-06 20:10:58 trace :
------------
Array:
from : oqCObuMTU5-PAVrN9mrZ2uh2o-JY ;
to : gh_5013f37369ce ;
time : 1449403860 ;
type : event ;
event : subscribe ;
tousername : gh_5013f37369ce ;
fromusername : oqCObuMTU5-PAVrN9mrZ2uh2o-JY ;
createtime : 1449403860 ;
msgtype : event ;
eventkey :  ;

2015-12-06 20:10:58 params :
------------
Array:
rule : -2 ;
module :  ;
message : Array ;

2015-12-06 20:10:58 response :
------------

2015-12-06 20:12:04 trace :
------------
Array:
from : oqCObuEMdyP777toEV7scz0isq0I ;
to : gh_5013f37369ce ;
time : 1449403926 ;
type : event ;
event : subscribe ;
tousername : gh_5013f37369ce ;
fromusername : oqCObuEMdyP777toEV7scz0isq0I ;
createtime : 1449403926 ;
msgtype : event ;
eventkey :  ;

2015-12-06 20:12:04 params :
------------
Array:
rule : -2 ;
module :  ;
message : Array ;

2015-12-06 20:12:04 response :
------------

2015-12-06 20:14:11 trace :
------------
Array:
from : oqCObuMEm3woW_74GulUKWsRTeB4 ;
to : gh_5013f37369ce ;
time : 1449404053 ;
type : event ;
event : subscribe ;
tousername : gh_5013f37369ce ;
fromusername : oqCObuMEm3woW_74GulUKWsRTeB4 ;
createtime : 1449404053 ;
msgtype : event ;
eventkey :  ;

2015-12-06 20:14:11 params :
------------
Array:
rule : -2 ;
module :  ;
message : Array ;

2015-12-06 20:14:11 response :
------------

2015-12-06 20:31:42 trace :
------------
Array:
from : oqCObuD99cpmGDM9WNJ7RoAAr73s ;
to : gh_5013f37369ce ;
time : 1449405103 ;
type : event ;
event : subscribe ;
tousername : gh_5013f37369ce ;
fromusername : oqCObuD99cpmGDM9WNJ7RoAAr73s ;
createtime : 1449405103 ;
msgtype : event ;
eventkey :  ;

2015-12-06 20:31:42 params :
------------
Array:
rule : -2 ;
module :  ;
message : Array ;

2015-12-06 20:31:42 response :
------------

2015-12-06 20:43:04 trace :
------------
Array:
from : oqCObuEqS4qygLl-9CwuOdDRWzQg ;
to : gh_5013f37369ce ;
time : 1449405785 ;
type : event ;
event : subscribe ;
tousername : gh_5013f37369ce ;
fromusername : oqCObuEqS4qygLl-9CwuOdDRWzQg ;
createtime : 1449405785 ;
msgtype : event ;
eventkey :  ;

2015-12-06 20:43:04 params :
------------
Array:
rule : -2 ;
module :  ;
message : Array ;

2015-12-06 20:43:04 response :
------------

2015-12-06 21:10:45 trace :
------------
Array:
from : oqCObuLEzLLfwUkc0kreX-3KB4lo ;
to : gh_5013f37369ce ;
time : 1449407446 ;
type : event ;
event : subscribe ;
tousername : gh_5013f37369ce ;
fromusername : oqCObuLEzLLfwUkc0kreX-3KB4lo ;
createtime : 1449407446 ;
msgtype : event ;
eventkey :  ;

2015-12-06 21:10:45 params :
------------
Array:
rule : -2 ;
module :  ;
message : Array ;

2015-12-06 21:10:45 response :
------------

2015-12-06 21:16:14 trace :
------------
Array:
from : oqCObuLTrs1Lp-j_bddI0rgcDMJY ;
to : gh_5013f37369ce ;
time : 1449407775 ;
type : event ;
event : subscribe ;
tousername : gh_5013f37369ce ;
fromusername : oqCObuLTrs1Lp-j_bddI0rgcDMJY ;
createtime : 1449407775 ;
msgtype : event ;
eventkey :  ;

2015-12-06 21:16:14 params :
------------
Array:
rule : -2 ;
module :  ;
message : Array ;

2015-12-06 21:16:14 response :
------------

2015-12-06 21:38:40 trace :
------------
Array:
from : oqCObuB2nIjF4n43qmScI-vyV9Ec ;
to : gh_5013f37369ce ;
time : 1449409118 ;
type : event ;
event : subscribe ;
tousername : gh_5013f37369ce ;
fromusername : oqCObuB2nIjF4n43qmScI-vyV9Ec ;
createtime : 1449409118 ;
msgtype : event ;
eventkey :  ;

2015-12-06 21:38:40 params :
------------
Array:
rule : -2 ;
module :  ;
message : Array ;

2015-12-06 21:38:40 response :
------------

2015-12-06 22:22:15 trace :
------------
Array:
from : oqCObuFCB7dYWp42LrM_rXflkOM0 ;
to : gh_5013f37369ce ;
time : 1449411733 ;
type : event ;
event : VIEW ;
tousername : gh_5013f37369ce ;
fromusername : oqCObuFCB7dYWp42LrM_rXflkOM0 ;
createtime : 1449411733 ;
msgtype : event ;
eventkey : http://mp.weixin.qq.com/s?__biz=MzA5MzE5NzExNw==&mid=10001097&idx=1&sn=8338ffe385dcd8dd1f376fc1a2fd50ff&scene=18#rd ;

2015-12-06 22:22:15 params :
------------
Array:
rule : -2 ;
module :  ;
message : Array ;

2015-12-06 22:22:15 response :
------------

2015-12-06 22:22:29 trace :
------------
Array:
from : oqCObuFCB7dYWp42LrM_rXflkOM0 ;
to : gh_5013f37369ce ;
time : 1449411750 ;
type : event ;
event : VIEW ;
tousername : gh_5013f37369ce ;
fromusername : oqCObuFCB7dYWp42LrM_rXflkOM0 ;
createtime : 1449411750 ;
msgtype : event ;
eventkey : http://mp.weixin.qq.com/s?__biz=MzA5MzE5NzExNw==&mid=10001097&idx=1&sn=8338ffe385dcd8dd1f376fc1a2fd50ff&scene=18#rd ;

2015-12-06 22:22:29 params :
------------
Array:
rule : -2 ;
module :  ;
message : Array ;

2015-12-06 22:22:29 response :
------------

2015-12-06 22:22:34 trace :
------------
Array:
from : oqCObuFCB7dYWp42LrM_rXflkOM0 ;
to : gh_5013f37369ce ;
time : 1449411756 ;
type : event ;
event : VIEW ;
tousername : gh_5013f37369ce ;
fromusername : oqCObuFCB7dYWp42LrM_rXflkOM0 ;
createtime : 1449411756 ;
msgtype : event ;
eventkey : http://mp.weixin.qq.com/s?__biz=MzA5MzE5NzExNw==&mid=10001097&idx=1&sn=8338ffe385dcd8dd1f376fc1a2fd50ff&scene=18#rd ;

2015-12-06 22:22:34 params :
------------
Array:
rule : -2 ;
module :  ;
message : Array ;

2015-12-06 22:22:34 response :
------------

2015-12-06 23:28:08 trace :
------------
Array:
from : oqCObuJYabtQzhNrPECyRCbSKznA ;
to : gh_5013f37369ce ;
time : 1449415686 ;
type : event ;
event : subscribe ;
tousername : gh_5013f37369ce ;
fromusername : oqCObuJYabtQzhNrPECyRCbSKznA ;
createtime : 1449415686 ;
msgtype : event ;
eventkey :  ;

2015-12-06 23:28:08 params :
------------
Array:
rule : -2 ;
module :  ;
message : Array ;

2015-12-06 23:28:08 response :
------------

2015-12-06 23:49:18 trace :
------------
Array:
from : oqCObuEJg63UZ-eYyS9WpzbOUmqY ;
to : gh_5013f37369ce ;
time : 1449416959 ;
type : event ;
event : subscribe ;
tousername : gh_5013f37369ce ;
fromusername : oqCObuEJg63UZ-eYyS9WpzbOUmqY ;
createtime : 1449416959 ;
msgtype : event ;
eventkey :  ;

2015-12-06 23:49:18 params :
------------
Array:
rule : -2 ;
module :  ;
message : Array ;

2015-12-06 23:49:18 response :
------------

2015-12-06 23:53:07 trace :
------------
Array:
from : oqCObuM3RCtMxv4g68V9NR_ZSXvM ;
to : gh_5013f37369ce ;
time : 1449417185 ;
type : event ;
event : subscribe ;
tousername : gh_5013f37369ce ;
fromusername : oqCObuM3RCtMxv4g68V9NR_ZSXvM ;
createtime : 1449417185 ;
msgtype : event ;
eventkey :  ;

2015-12-06 23:53:07 params :
------------
Array:
rule : -2 ;
module :  ;
message : Array ;

2015-12-06 23:53:07 response :
------------

