2015-12-09 07:36:27 trace :
------------
Array:
from : oqCObuE7sXR6W8KY60_laNgAGZVM ;
to : gh_5013f37369ce ;
time : 1449617788 ;
type : event ;
event : VIEW ;
tousername : gh_5013f37369ce ;
fromusername : oqCObuE7sXR6W8KY60_laNgAGZVM ;
createtime : 1449617788 ;
msgtype : event ;
eventkey : http://mp.weixin.qq.com/s?__biz=MzA5MzE5NzExNw==&mid=10001097&idx=1&sn=8338ffe385dcd8dd1f376fc1a2fd50ff&scene=18#rd ;

2015-12-09 07:36:27 params :
------------
Array:
rule : -2 ;
module :  ;
message : Array ;

2015-12-09 07:36:27 response :
------------

2015-12-09 07:36:31 trace :
------------
Array:
from : oqCObuE7sXR6W8KY60_laNgAGZVM ;
to : gh_5013f37369ce ;
time : 1449617793 ;
type : event ;
event : VIEW ;
tousername : gh_5013f37369ce ;
fromusername : oqCObuE7sXR6W8KY60_laNgAGZVM ;
createtime : 1449617793 ;
msgtype : event ;
eventkey : http://mp.weixin.qq.com/s?__biz=MzA5MzE5NzExNw==&mid=10001097&idx=1&sn=8338ffe385dcd8dd1f376fc1a2fd50ff&scene=18#rd ;

2015-12-09 07:36:31 params :
------------
Array:
rule : -2 ;
module :  ;
message : Array ;

2015-12-09 07:36:31 response :
------------

2015-12-09 07:36:38 trace :
------------
Array:
from : oqCObuE7sXR6W8KY60_laNgAGZVM ;
to : gh_5013f37369ce ;
time : 1449617800 ;
type : event ;
event : VIEW ;
tousername : gh_5013f37369ce ;
fromusername : oqCObuE7sXR6W8KY60_laNgAGZVM ;
createtime : 1449617800 ;
msgtype : event ;
eventkey : http://mp.weixin.qq.com/s?__biz=MzA5MzE5NzExNw==&mid=10001097&idx=1&sn=8338ffe385dcd8dd1f376fc1a2fd50ff&scene=18#rd ;

2015-12-09 07:36:38 params :
------------
Array:
rule : -2 ;
module :  ;
message : Array ;

2015-12-09 07:36:38 response :
------------

2015-12-09 07:36:44 trace :
------------
Array:
from : oqCObuE7sXR6W8KY60_laNgAGZVM ;
to : gh_5013f37369ce ;
time : 1449617806 ;
type : event ;
event : VIEW ;
tousername : gh_5013f37369ce ;
fromusername : oqCObuE7sXR6W8KY60_laNgAGZVM ;
createtime : 1449617806 ;
msgtype : event ;
eventkey : http://mp.weixin.qq.com/s?__biz=MzA5MzE5NzExNw==&mid=10001097&idx=1&sn=8338ffe385dcd8dd1f376fc1a2fd50ff&scene=18#rd ;

2015-12-09 07:36:44 params :
------------
Array:
rule : -2 ;
module :  ;
message : Array ;

2015-12-09 07:36:44 response :
------------

2015-12-09 07:36:50 trace :
------------
Array:
from : oqCObuE7sXR6W8KY60_laNgAGZVM ;
to : gh_5013f37369ce ;
time : 1449617812 ;
type : event ;
event : VIEW ;
tousername : gh_5013f37369ce ;
fromusername : oqCObuE7sXR6W8KY60_laNgAGZVM ;
createtime : 1449617812 ;
msgtype : event ;
eventkey : http://mp.weixin.qq.com/s?__biz=MzA5MzE5NzExNw==&mid=10001097&idx=1&sn=8338ffe385dcd8dd1f376fc1a2fd50ff&scene=18#rd ;

2015-12-09 07:36:50 params :
------------
Array:
rule : -2 ;
module :  ;
message : Array ;

2015-12-09 07:36:50 response :
------------

2015-12-09 07:36:55 trace :
------------
Array:
from : oqCObuE7sXR6W8KY60_laNgAGZVM ;
to : gh_5013f37369ce ;
time : 1449617817 ;
type : event ;
event : VIEW ;
tousername : gh_5013f37369ce ;
fromusername : oqCObuE7sXR6W8KY60_laNgAGZVM ;
createtime : 1449617817 ;
msgtype : event ;
eventkey : http://mp.weixin.qq.com/s?__biz=MzA5MzE5NzExNw==&mid=10001097&idx=1&sn=8338ffe385dcd8dd1f376fc1a2fd50ff&scene=18#rd ;

2015-12-09 07:36:55 params :
------------
Array:
rule : -2 ;
module :  ;
message : Array ;

2015-12-09 07:36:55 response :
------------

2015-12-09 07:49:39 trace :
------------
Array:
from : oqCObuMMoTMwJYcm5jmqN4VtScmw ;
to : gh_5013f37369ce ;
time : 1449618578 ;
type : event ;
event : VIEW ;
tousername : gh_5013f37369ce ;
fromusername : oqCObuMMoTMwJYcm5jmqN4VtScmw ;
createtime : 1449618578 ;
msgtype : event ;
eventkey : http://mp.weixin.qq.com/s?__biz=MzA5MzE5NzExNw==&mid=10001097&idx=1&sn=8338ffe385dcd8dd1f376fc1a2fd50ff&scene=18#rd ;

2015-12-09 07:49:39 params :
------------
Array:
rule : -2 ;
module :  ;
message : Array ;

2015-12-09 07:49:39 response :
------------

2015-12-09 09:40:01 trace :
------------
Array:
from : oqCObuHZiNcs7wjnpwMchMXe97IA ;
to : gh_5013f37369ce ;
time : 1449625200 ;
type : event ;
event : subscribe ;
tousername : gh_5013f37369ce ;
fromusername : oqCObuHZiNcs7wjnpwMchMXe97IA ;
createtime : 1449625200 ;
msgtype : event ;
eventkey :  ;

2015-12-09 09:40:01 params :
------------
Array:
rule : -2 ;
module :  ;
message : Array ;

2015-12-09 09:40:01 response :
------------

2015-12-09 10:40:49 trace :
------------
Array:
from : oqCObuKMqpdKfkPwNZRXau7-bZIk ;
to : gh_5013f37369ce ;
time : 1449628851 ;
type : event ;
event : VIEW ;
tousername : gh_5013f37369ce ;
fromusername : oqCObuKMqpdKfkPwNZRXau7-bZIk ;
createtime : 1449628851 ;
msgtype : event ;
eventkey : http://mp.weixin.qq.com/s?__biz=MzA5MzE5NzExNw==&mid=10001097&idx=1&sn=8338ffe385dcd8dd1f376fc1a2fd50ff&scene=18#rd ;

2015-12-09 10:40:49 params :
------------
Array:
rule : -2 ;
module :  ;
message : Array ;

2015-12-09 10:40:49 response :
------------

2015-12-09 10:41:11 trace :
------------
Array:
from : oqCObuKMqpdKfkPwNZRXau7-bZIk ;
to : gh_5013f37369ce ;
time : 1449628873 ;
type : event ;
event : VIEW ;
tousername : gh_5013f37369ce ;
fromusername : oqCObuKMqpdKfkPwNZRXau7-bZIk ;
createtime : 1449628873 ;
msgtype : event ;
eventkey : http://mp.weixin.qq.com/s?__biz=MzA5MzE5NzExNw==&mid=10001097&idx=1&sn=8338ffe385dcd8dd1f376fc1a2fd50ff&scene=18#rd ;

2015-12-09 10:41:11 params :
------------
Array:
rule : -2 ;
module :  ;
message : Array ;

2015-12-09 10:41:11 response :
------------

2015-12-09 11:27:12 trace :
------------
Array:
from : oqCObuIRb5uJjvwSTlfYXoNRWYlQ ;
to : gh_5013f37369ce ;
time : 1449631631 ;
type : event ;
event : subscribe ;
tousername : gh_5013f37369ce ;
fromusername : oqCObuIRb5uJjvwSTlfYXoNRWYlQ ;
createtime : 1449631631 ;
msgtype : event ;
eventkey :  ;

2015-12-09 11:27:12 params :
------------
Array:
rule : -2 ;
module :  ;
message : Array ;

2015-12-09 11:27:12 response :
------------

2015-12-09 11:28:47 trace :
------------
Array:
from : oqCObuPuhBzatLTwxZQoChw-hDc8 ;
to : gh_5013f37369ce ;
time : 1449631726 ;
type : event ;
event : subscribe ;
tousername : gh_5013f37369ce ;
fromusername : oqCObuPuhBzatLTwxZQoChw-hDc8 ;
createtime : 1449631726 ;
msgtype : event ;
eventkey :  ;

2015-12-09 11:28:47 params :
------------
Array:
rule : -2 ;
module :  ;
message : Array ;

2015-12-09 11:28:47 response :
------------

2015-12-09 11:31:02 trace :
------------
Array:
from : oqCObuJRvIEGFVpxfDVXX94JJgtc ;
to : gh_5013f37369ce ;
time : 1449631861 ;
type : event ;
event : subscribe ;
tousername : gh_5013f37369ce ;
fromusername : oqCObuJRvIEGFVpxfDVXX94JJgtc ;
createtime : 1449631861 ;
msgtype : event ;
eventkey :  ;

2015-12-09 11:31:02 params :
------------
Array:
rule : -2 ;
module :  ;
message : Array ;

2015-12-09 11:31:02 response :
------------

2015-12-09 11:37:34 trace :
------------
Array:
from : oqCObuOyGt2GrBElsDh6vDAuIEEw ;
to : gh_5013f37369ce ;
time : 1449632256 ;
type : event ;
event : subscribe ;
tousername : gh_5013f37369ce ;
fromusername : oqCObuOyGt2GrBElsDh6vDAuIEEw ;
createtime : 1449632256 ;
msgtype : event ;
eventkey :  ;

2015-12-09 11:37:34 params :
------------
Array:
rule : -2 ;
module :  ;
message : Array ;

2015-12-09 11:37:34 response :
------------

2015-12-09 12:35:26 trace :
------------
Array:
from : oqCObuKOOaaBnNqRdZGu_ZlQSDGM ;
to : gh_5013f37369ce ;
time : 1449635727 ;
type : event ;
event : subscribe ;
tousername : gh_5013f37369ce ;
fromusername : oqCObuKOOaaBnNqRdZGu_ZlQSDGM ;
createtime : 1449635727 ;
msgtype : event ;
eventkey :  ;

2015-12-09 12:35:26 params :
------------
Array:
rule : -2 ;
module :  ;
message : Array ;

2015-12-09 12:35:26 response :
------------

2015-12-09 12:40:32 trace :
------------
Array:
from : oqCObuFvk6SwMamZbSwJsRl3w72s ;
to : gh_5013f37369ce ;
time : 1449636031 ;
type : event ;
event : subscribe ;
tousername : gh_5013f37369ce ;
fromusername : oqCObuFvk6SwMamZbSwJsRl3w72s ;
createtime : 1449636031 ;
msgtype : event ;
eventkey :  ;

2015-12-09 12:40:32 params :
------------
Array:
rule : -2 ;
module :  ;
message : Array ;

2015-12-09 12:40:32 response :
------------

2015-12-09 12:49:20 trace :
------------
Array:
from : oqCObuA_M9o3FbziovfWZ99-ZBFw ;
to : gh_5013f37369ce ;
time : 1449636561 ;
type : event ;
event : subscribe ;
tousername : gh_5013f37369ce ;
fromusername : oqCObuA_M9o3FbziovfWZ99-ZBFw ;
createtime : 1449636561 ;
msgtype : event ;
eventkey :  ;

2015-12-09 12:49:20 params :
------------
Array:
rule : -2 ;
module :  ;
message : Array ;

2015-12-09 12:49:20 response :
------------

2015-12-09 12:56:47 trace :
------------
Array:
from : oqCObuIj8hxUui_Ir7VGK-276qI4 ;
to : gh_5013f37369ce ;
time : 1449637005 ;
type : event ;
event : subscribe ;
tousername : gh_5013f37369ce ;
fromusername : oqCObuIj8hxUui_Ir7VGK-276qI4 ;
createtime : 1449637005 ;
msgtype : event ;
eventkey :  ;

2015-12-09 12:56:47 params :
------------
Array:
rule : -2 ;
module :  ;
message : Array ;

2015-12-09 12:56:47 response :
------------

2015-12-09 13:05:17 trace :
------------
Array:
from : oqCObuEI51sfkUhrrM9SLp4rgHrw ;
to : gh_5013f37369ce ;
time : 1449637519 ;
type : event ;
event : VIEW ;
tousername : gh_5013f37369ce ;
fromusername : oqCObuEI51sfkUhrrM9SLp4rgHrw ;
createtime : 1449637519 ;
msgtype : event ;
eventkey : http://mp.weixin.qq.com/s?__biz=MzA5MzE5NzExNw==&mid=10001097&idx=1&sn=8338ffe385dcd8dd1f376fc1a2fd50ff&scene=18#rd ;

2015-12-09 13:05:17 params :
------------
Array:
rule : -2 ;
module :  ;
message : Array ;

2015-12-09 13:05:17 response :
------------

2015-12-09 13:05:28 trace :
------------
Array:
from : oqCObuEI51sfkUhrrM9SLp4rgHrw ;
to : gh_5013f37369ce ;
time : 1449637530 ;
type : event ;
event : VIEW ;
tousername : gh_5013f37369ce ;
fromusername : oqCObuEI51sfkUhrrM9SLp4rgHrw ;
createtime : 1449637530 ;
msgtype : event ;
eventkey : http://mp.weixin.qq.com/s?__biz=MzA5MzE5NzExNw==&mid=10001097&idx=1&sn=8338ffe385dcd8dd1f376fc1a2fd50ff&scene=18#rd ;

2015-12-09 13:05:28 params :
------------
Array:
rule : -2 ;
module :  ;
message : Array ;

2015-12-09 13:05:28 response :
------------

2015-12-09 13:05:42 trace :
------------
Array:
from : oqCObuEI51sfkUhrrM9SLp4rgHrw ;
to : gh_5013f37369ce ;
time : 1449637544 ;
type : event ;
event : VIEW ;
tousername : gh_5013f37369ce ;
fromusername : oqCObuEI51sfkUhrrM9SLp4rgHrw ;
createtime : 1449637544 ;
msgtype : event ;
eventkey : http://mp.weixin.qq.com/s?__biz=MzA5MzE5NzExNw==&mid=10001097&idx=1&sn=8338ffe385dcd8dd1f376fc1a2fd50ff&scene=18#rd ;

2015-12-09 13:05:42 params :
------------
Array:
rule : -2 ;
module :  ;
message : Array ;

2015-12-09 13:05:42 response :
------------

2015-12-09 13:26:58 trace :
------------
Array:
from : oqCObuMsHC8UuLDgRoW6Wu4pfWJ0 ;
to : gh_5013f37369ce ;
time : 1449638818 ;
type : event ;
event : VIEW ;
tousername : gh_5013f37369ce ;
fromusername : oqCObuMsHC8UuLDgRoW6Wu4pfWJ0 ;
createtime : 1449638818 ;
msgtype : event ;
eventkey : http://mp.weixin.qq.com/s?__biz=MzA5MzE5NzExNw==&mid=10001097&idx=1&sn=8338ffe385dcd8dd1f376fc1a2fd50ff&scene=18#rd ;

2015-12-09 13:26:59 params :
------------
Array:
rule : -2 ;
module :  ;
message : Array ;

2015-12-09 13:26:59 response :
------------

2015-12-09 13:29:53 trace :
------------
Array:
from : oqCObuHEo4OtNZZoCqwGoY3lXzV4 ;
to : gh_5013f37369ce ;
time : 1449638995 ;
type : event ;
event : VIEW ;
tousername : gh_5013f37369ce ;
fromusername : oqCObuHEo4OtNZZoCqwGoY3lXzV4 ;
createtime : 1449638995 ;
msgtype : event ;
eventkey : http://mp.weixin.qq.com/s?__biz=MzA5MzE5NzExNw==&mid=10001097&idx=1&sn=8338ffe385dcd8dd1f376fc1a2fd50ff&scene=18#rd ;

2015-12-09 13:29:53 params :
------------
Array:
rule : -2 ;
module :  ;
message : Array ;

2015-12-09 13:29:53 response :
------------

2015-12-09 13:30:01 trace :
------------
Array:
from : oqCObuPSrV9tetXp9Q0S7X_NQN5A ;
to : gh_5013f37369ce ;
time : 1449639000 ;
type : event ;
event : VIEW ;
tousername : gh_5013f37369ce ;
fromusername : oqCObuPSrV9tetXp9Q0S7X_NQN5A ;
createtime : 1449639000 ;
msgtype : event ;
eventkey : http://mp.weixin.qq.com/s?__biz=MzA5MzE5NzExNw==&mid=10001097&idx=1&sn=8338ffe385dcd8dd1f376fc1a2fd50ff&scene=18#rd ;

2015-12-09 13:30:01 params :
------------
Array:
rule : -2 ;
module :  ;
message : Array ;

2015-12-09 13:30:01 response :
------------

2015-12-09 13:30:19 trace :
------------
Array:
from : oqCObuMrpdozMj8NKbO5iiCygXlg ;
to : gh_5013f37369ce ;
time : 1449639021 ;
type : event ;
event : subscribe ;
tousername : gh_5013f37369ce ;
fromusername : oqCObuMrpdozMj8NKbO5iiCygXlg ;
createtime : 1449639021 ;
msgtype : event ;
eventkey :  ;

2015-12-09 13:30:19 params :
------------
Array:
rule : -2 ;
module :  ;
message : Array ;

2015-12-09 13:30:19 response :
------------

2015-12-09 13:35:45 trace :
------------
Array:
from : oqCObuLSssYbPTztImXmKT12INPk ;
to : gh_5013f37369ce ;
time : 1449639346 ;
type : event ;
event : subscribe ;
tousername : gh_5013f37369ce ;
fromusername : oqCObuLSssYbPTztImXmKT12INPk ;
createtime : 1449639346 ;
msgtype : event ;
eventkey :  ;

2015-12-09 13:35:45 params :
------------
Array:
rule : -2 ;
module :  ;
message : Array ;

2015-12-09 13:35:45 response :
------------

2015-12-09 13:39:42 trace :
------------
Array:
from : oqCObuGxjiEVS3l9pXWOwjoZsiO0 ;
to : gh_5013f37369ce ;
time : 1449639581 ;
type : event ;
event : subscribe ;
tousername : gh_5013f37369ce ;
fromusername : oqCObuGxjiEVS3l9pXWOwjoZsiO0 ;
createtime : 1449639581 ;
msgtype : event ;
eventkey :  ;

2015-12-09 13:39:42 params :
------------
Array:
rule : -2 ;
module :  ;
message : Array ;

2015-12-09 13:39:42 response :
------------

2015-12-09 13:44:42 trace :
------------
Array:
from : oqCObuF_G5hPoNaFnL9P1Wtfwd_4 ;
to : gh_5013f37369ce ;
time : 1449639884 ;
type : event ;
event : subscribe ;
tousername : gh_5013f37369ce ;
fromusername : oqCObuF_G5hPoNaFnL9P1Wtfwd_4 ;
createtime : 1449639884 ;
msgtype : event ;
eventkey :  ;

2015-12-09 13:44:42 params :
------------
Array:
rule : -2 ;
module :  ;
message : Array ;

2015-12-09 13:44:42 response :
------------

2015-12-09 13:45:16 trace :
------------
Array:
from : oqCObuMHt6n39OIEWVc7J_BchnNU ;
to : gh_5013f37369ce ;
time : 1449639918 ;
type : event ;
event : subscribe ;
tousername : gh_5013f37369ce ;
fromusername : oqCObuMHt6n39OIEWVc7J_BchnNU ;
createtime : 1449639918 ;
msgtype : event ;
eventkey :  ;

2015-12-09 13:45:16 params :
------------
Array:
rule : -2 ;
module :  ;
message : Array ;

2015-12-09 13:45:16 response :
------------

2015-12-09 14:12:05 trace :
------------
Array:
from : oqCObuMbTjN-oQRBDDyG8ztswqQY ;
to : gh_5013f37369ce ;
time : 1449641527 ;
type : event ;
event : VIEW ;
tousername : gh_5013f37369ce ;
fromusername : oqCObuMbTjN-oQRBDDyG8ztswqQY ;
createtime : 1449641527 ;
msgtype : event ;
eventkey : http://mp.weixin.qq.com/s?__biz=MzA5MzE5NzExNw==&mid=10001097&idx=1&sn=8338ffe385dcd8dd1f376fc1a2fd50ff&scene=18#rd ;

2015-12-09 14:12:05 params :
------------
Array:
rule : -2 ;
module :  ;
message : Array ;

2015-12-09 14:12:05 response :
------------

2015-12-09 14:12:13 trace :
------------
Array:
from : oqCObuMbTjN-oQRBDDyG8ztswqQY ;
to : gh_5013f37369ce ;
time : 1449641535 ;
type : event ;
event : VIEW ;
tousername : gh_5013f37369ce ;
fromusername : oqCObuMbTjN-oQRBDDyG8ztswqQY ;
createtime : 1449641535 ;
msgtype : event ;
eventkey : http://mp.weixin.qq.com/s?__biz=MzA5MzE5NzExNw==&mid=10001097&idx=1&sn=8338ffe385dcd8dd1f376fc1a2fd50ff&scene=18#rd ;

2015-12-09 14:12:13 params :
------------
Array:
rule : -2 ;
module :  ;
message : Array ;

2015-12-09 14:12:13 response :
------------

2015-12-09 14:21:53 trace :
------------
Array:
from : oqCObuDGrJPlRhfxUlqj4_nJbyyY ;
to : gh_5013f37369ce ;
time : 1449642115 ;
type : event ;
event : subscribe ;
tousername : gh_5013f37369ce ;
fromusername : oqCObuDGrJPlRhfxUlqj4_nJbyyY ;
createtime : 1449642115 ;
msgtype : event ;
eventkey :  ;

2015-12-09 14:21:53 params :
------------
Array:
rule : -2 ;
module :  ;
message : Array ;

2015-12-09 14:21:53 response :
------------

2015-12-09 14:36:13 trace :
------------
Array:
from : oqCObuFYTJpQDi8YDGVxQr7CfDXw ;
to : gh_5013f37369ce ;
time : 1449642975 ;
type : event ;
event : subscribe ;
tousername : gh_5013f37369ce ;
fromusername : oqCObuFYTJpQDi8YDGVxQr7CfDXw ;
createtime : 1449642975 ;
msgtype : event ;
eventkey :  ;

2015-12-09 14:36:13 params :
------------
Array:
rule : -2 ;
module :  ;
message : Array ;

2015-12-09 14:36:13 response :
------------

2015-12-09 14:48:01 trace :
------------
Array:
from : oqCObuI4StqTYtfzlig1ijDkWaV0 ;
to : gh_5013f37369ce ;
time : 1449643683 ;
type : event ;
event : subscribe ;
tousername : gh_5013f37369ce ;
fromusername : oqCObuI4StqTYtfzlig1ijDkWaV0 ;
createtime : 1449643683 ;
msgtype : event ;
eventkey :  ;

2015-12-09 14:48:01 params :
------------
Array:
rule : -2 ;
module :  ;
message : Array ;

2015-12-09 14:48:01 response :
------------

2015-12-09 14:48:39 trace :
------------
Array:
from : oqCObuEXxAkb5Q5PIbL7VfjN5PAg ;
to : gh_5013f37369ce ;
time : 1449643721 ;
type : event ;
event : subscribe ;
tousername : gh_5013f37369ce ;
fromusername : oqCObuEXxAkb5Q5PIbL7VfjN5PAg ;
createtime : 1449643721 ;
msgtype : event ;
eventkey :  ;

2015-12-09 14:48:39 params :
------------
Array:
rule : -2 ;
module :  ;
message : Array ;

2015-12-09 14:48:39 response :
------------

2015-12-09 14:51:43 trace :
------------
Array:
from : oqCObuFatLWXh-8EHrIPOHMB2IhA ;
to : gh_5013f37369ce ;
time : 1449643905 ;
type : event ;
event : subscribe ;
tousername : gh_5013f37369ce ;
fromusername : oqCObuFatLWXh-8EHrIPOHMB2IhA ;
createtime : 1449643905 ;
msgtype : event ;
eventkey :  ;

2015-12-09 14:51:43 params :
------------
Array:
rule : -2 ;
module :  ;
message : Array ;

2015-12-09 14:51:43 response :
------------

2015-12-09 14:54:28 trace :
------------
Array:
from : oqCObuJylVpBYhnrGAoYS4nQyG60 ;
to : gh_5013f37369ce ;
time : 1449644070 ;
type : event ;
event : VIEW ;
tousername : gh_5013f37369ce ;
fromusername : oqCObuJylVpBYhnrGAoYS4nQyG60 ;
createtime : 1449644070 ;
msgtype : event ;
eventkey : http://mp.weixin.qq.com/s?__biz=MzA5MzE5NzExNw==&mid=10001097&idx=1&sn=8338ffe385dcd8dd1f376fc1a2fd50ff&scene=18#rd ;

2015-12-09 14:54:28 params :
------------
Array:
rule : -2 ;
module :  ;
message : Array ;

2015-12-09 14:54:28 response :
------------

2015-12-09 14:54:38 trace :
------------
Array:
from : oqCObuJylVpBYhnrGAoYS4nQyG60 ;
to : gh_5013f37369ce ;
time : 1449644080 ;
type : event ;
event : VIEW ;
tousername : gh_5013f37369ce ;
fromusername : oqCObuJylVpBYhnrGAoYS4nQyG60 ;
createtime : 1449644080 ;
msgtype : event ;
eventkey : http://mp.weixin.qq.com/s?__biz=MzA5MzE5NzExNw==&mid=10001097&idx=1&sn=8338ffe385dcd8dd1f376fc1a2fd50ff&scene=18#rd ;

2015-12-09 14:54:38 params :
------------
Array:
rule : -2 ;
module :  ;
message : Array ;

2015-12-09 14:54:38 response :
------------

2015-12-09 14:58:15 trace :
------------
Array:
from : oqCObuNb24VZ20PK8HQHHZkcZcEs ;
to : gh_5013f37369ce ;
time : 1449644296 ;
type : event ;
event : subscribe ;
tousername : gh_5013f37369ce ;
fromusername : oqCObuNb24VZ20PK8HQHHZkcZcEs ;
createtime : 1449644296 ;
msgtype : event ;
eventkey :  ;

2015-12-09 14:58:15 params :
------------
Array:
rule : -2 ;
module :  ;
message : Array ;

2015-12-09 14:58:15 response :
------------

2015-12-09 15:06:57 trace :
------------
Array:
from : oqCObuKPkhrfEn-fhuc9Uq_Ahav0 ;
to : gh_5013f37369ce ;
time : 1449644818 ;
type : event ;
event : subscribe ;
tousername : gh_5013f37369ce ;
fromusername : oqCObuKPkhrfEn-fhuc9Uq_Ahav0 ;
createtime : 1449644818 ;
msgtype : event ;
eventkey :  ;

2015-12-09 15:06:57 params :
------------
Array:
rule : -2 ;
module :  ;
message : Array ;

2015-12-09 15:06:57 response :
------------

2015-12-09 15:10:38 trace :
------------
Array:
from : oqCObuPeY525HyYO3XEGjGPUnNHA ;
to : gh_5013f37369ce ;
time : 1449645040 ;
type : event ;
event : subscribe ;
tousername : gh_5013f37369ce ;
fromusername : oqCObuPeY525HyYO3XEGjGPUnNHA ;
createtime : 1449645040 ;
msgtype : event ;
eventkey :  ;

2015-12-09 15:10:38 params :
------------
Array:
rule : -2 ;
module :  ;
message : Array ;

2015-12-09 15:10:38 response :
------------

2015-12-09 15:24:31 trace :
------------
Array:
from : oqCObuD1mf4yKx09L9o7TVd-kClw ;
to : gh_5013f37369ce ;
time : 1449645873 ;
type : event ;
event : subscribe ;
tousername : gh_5013f37369ce ;
fromusername : oqCObuD1mf4yKx09L9o7TVd-kClw ;
createtime : 1449645873 ;
msgtype : event ;
eventkey :  ;

2015-12-09 15:24:31 params :
------------
Array:
rule : -2 ;
module :  ;
message : Array ;

2015-12-09 15:24:31 response :
------------

2015-12-09 15:36:31 trace :
------------
Array:
from : oqCObuEVZgFmHSdCpZVAGAnBtU4A ;
to : gh_5013f37369ce ;
time : 1449646593 ;
type : event ;
event : subscribe ;
tousername : gh_5013f37369ce ;
fromusername : oqCObuEVZgFmHSdCpZVAGAnBtU4A ;
createtime : 1449646593 ;
msgtype : event ;
eventkey :  ;

2015-12-09 15:36:31 params :
------------
Array:
rule : -2 ;
module :  ;
message : Array ;

2015-12-09 15:36:31 response :
------------

2015-12-09 15:44:49 trace :
------------
Array:
from : oqCObuHmlscgjIN0yjeTdPt8P4OY ;
to : gh_5013f37369ce ;
time : 1449647091 ;
type : event ;
event : subscribe ;
tousername : gh_5013f37369ce ;
fromusername : oqCObuHmlscgjIN0yjeTdPt8P4OY ;
createtime : 1449647091 ;
msgtype : event ;
eventkey :  ;

2015-12-09 15:44:49 params :
------------
Array:
rule : -2 ;
module :  ;
message : Array ;

2015-12-09 15:44:49 response :
------------

2015-12-09 15:46:36 trace :
------------
Array:
from : oqCObuLbbsrjk8M-WwOtZALiBJCo ;
to : gh_5013f37369ce ;
time : 1449647198 ;
type : event ;
event : VIEW ;
tousername : gh_5013f37369ce ;
fromusername : oqCObuLbbsrjk8M-WwOtZALiBJCo ;
createtime : 1449647198 ;
msgtype : event ;
eventkey : http://mp.weixin.qq.com/s?__biz=MzA5MzE5NzExNw==&mid=10001097&idx=1&sn=8338ffe385dcd8dd1f376fc1a2fd50ff&scene=18#rd ;

2015-12-09 15:46:36 params :
------------
Array:
rule : -2 ;
module :  ;
message : Array ;

2015-12-09 15:46:36 response :
------------

2015-12-09 15:46:41 trace :
------------
Array:
from : oqCObuLbbsrjk8M-WwOtZALiBJCo ;
to : gh_5013f37369ce ;
time : 1449647203 ;
type : event ;
event : VIEW ;
tousername : gh_5013f37369ce ;
fromusername : oqCObuLbbsrjk8M-WwOtZALiBJCo ;
createtime : 1449647203 ;
msgtype : event ;
eventkey : http://mp.weixin.qq.com/s?__biz=MzA5MzE5NzExNw==&mid=10001097&idx=1&sn=8338ffe385dcd8dd1f376fc1a2fd50ff&scene=18#rd ;

2015-12-09 15:46:41 params :
------------
Array:
rule : -2 ;
module :  ;
message : Array ;

2015-12-09 15:46:41 response :
------------

2015-12-09 15:46:45 trace :
------------
Array:
from : oqCObuLbbsrjk8M-WwOtZALiBJCo ;
to : gh_5013f37369ce ;
time : 1449647207 ;
type : event ;
event : VIEW ;
tousername : gh_5013f37369ce ;
fromusername : oqCObuLbbsrjk8M-WwOtZALiBJCo ;
createtime : 1449647207 ;
msgtype : event ;
eventkey : http://mp.weixin.qq.com/s?__biz=MzA5MzE5NzExNw==&mid=10001097&idx=1&sn=8338ffe385dcd8dd1f376fc1a2fd50ff&scene=18#rd ;

2015-12-09 15:46:45 params :
------------
Array:
rule : -2 ;
module :  ;
message : Array ;

2015-12-09 15:46:45 response :
------------

2015-12-09 15:48:23 trace :
------------
Array:
from : oqCObuFJqoSEIZBBQX6wBYsYDXSE ;
to : gh_5013f37369ce ;
time : 1449647304 ;
type : event ;
event : subscribe ;
tousername : gh_5013f37369ce ;
fromusername : oqCObuFJqoSEIZBBQX6wBYsYDXSE ;
createtime : 1449647304 ;
msgtype : event ;
eventkey :  ;

2015-12-09 15:48:23 params :
------------
Array:
rule : -2 ;
module :  ;
message : Array ;

2015-12-09 15:48:23 response :
------------

2015-12-09 15:50:16 trace :
------------
Array:
from : oqCObuMZIaI7cygPF2pmMEyAYrCI ;
to : gh_5013f37369ce ;
time : 1449647418 ;
type : event ;
event : subscribe ;
tousername : gh_5013f37369ce ;
fromusername : oqCObuMZIaI7cygPF2pmMEyAYrCI ;
createtime : 1449647418 ;
msgtype : event ;
eventkey :  ;

2015-12-09 15:50:16 params :
------------
Array:
rule : -2 ;
module :  ;
message : Array ;

2015-12-09 15:50:16 response :
------------

2015-12-09 16:05:00 trace :
------------
Array:
from : oqCObuC_Z-arntoy4ix3up8WMVwA ;
to : gh_5013f37369ce ;
time : 1449648302 ;
type : event ;
event : subscribe ;
tousername : gh_5013f37369ce ;
fromusername : oqCObuC_Z-arntoy4ix3up8WMVwA ;
createtime : 1449648302 ;
msgtype : event ;
eventkey :  ;

2015-12-09 16:05:00 params :
------------
Array:
rule : -2 ;
module :  ;
message : Array ;

2015-12-09 16:05:00 response :
------------

2015-12-09 16:07:11 trace :
------------
Array:
from : oqCObuJACYtzq5rvRaukVpxvi4v0 ;
to : gh_5013f37369ce ;
time : 1449648433 ;
type : event ;
event : VIEW ;
tousername : gh_5013f37369ce ;
fromusername : oqCObuJACYtzq5rvRaukVpxvi4v0 ;
createtime : 1449648433 ;
msgtype : event ;
eventkey : http://mp.weixin.qq.com/s?__biz=MzA5MzE5NzExNw==&mid=10001097&idx=1&sn=8338ffe385dcd8dd1f376fc1a2fd50ff&scene=18#rd ;

2015-12-09 16:07:11 params :
------------
Array:
rule : -2 ;
module :  ;
message : Array ;

2015-12-09 16:07:11 response :
------------

2015-12-09 16:28:18 trace :
------------
Array:
from : oqCObuGYI9A4TUYSPxGXNsVJQwGc ;
to : gh_5013f37369ce ;
time : 1449649700 ;
type : event ;
event : subscribe ;
tousername : gh_5013f37369ce ;
fromusername : oqCObuGYI9A4TUYSPxGXNsVJQwGc ;
createtime : 1449649700 ;
msgtype : event ;
eventkey :  ;

2015-12-09 16:28:18 params :
------------
Array:
rule : -2 ;
module :  ;
message : Array ;

2015-12-09 16:28:18 response :
------------

2015-12-09 16:40:42 trace :
------------
Array:
from : oqCObuOH0_O8zifrFG5RL9KiiGV4 ;
to : gh_5013f37369ce ;
time : 1449650441 ;
type : event ;
event : subscribe ;
tousername : gh_5013f37369ce ;
fromusername : oqCObuOH0_O8zifrFG5RL9KiiGV4 ;
createtime : 1449650441 ;
msgtype : event ;
eventkey :  ;

2015-12-09 16:40:42 params :
------------
Array:
rule : -2 ;
module :  ;
message : Array ;

2015-12-09 16:40:42 response :
------------

2015-12-09 16:43:48 trace :
------------
Array:
from : oqCObuHMWSyAYXJBcfBE9BeOcO6E ;
to : gh_5013f37369ce ;
time : 1449650630 ;
type : event ;
event : subscribe ;
tousername : gh_5013f37369ce ;
fromusername : oqCObuHMWSyAYXJBcfBE9BeOcO6E ;
createtime : 1449650630 ;
msgtype : event ;
eventkey :  ;

2015-12-09 16:43:48 params :
------------
Array:
rule : -2 ;
module :  ;
message : Array ;

2015-12-09 16:43:48 response :
------------

2015-12-09 16:44:24 trace :
------------
Array:
from : oqCObuPmkB_WOzjrcoifm_MqLDQU ;
to : gh_5013f37369ce ;
time : 1449650666 ;
type : event ;
event : subscribe ;
tousername : gh_5013f37369ce ;
fromusername : oqCObuPmkB_WOzjrcoifm_MqLDQU ;
createtime : 1449650666 ;
msgtype : event ;
eventkey :  ;

2015-12-09 16:44:24 params :
------------
Array:
rule : -2 ;
module :  ;
message : Array ;

2015-12-09 16:44:24 response :
------------

2015-12-09 16:52:27 trace :
------------
Array:
from : oqCObuHP_8DjCNekTnlRWfZB3oPg ;
to : gh_5013f37369ce ;
time : 1449651149 ;
type : event ;
event : VIEW ;
tousername : gh_5013f37369ce ;
fromusername : oqCObuHP_8DjCNekTnlRWfZB3oPg ;
createtime : 1449651149 ;
msgtype : event ;
eventkey : http://mp.weixin.qq.com/s?__biz=MzA5MzE5NzExNw==&mid=10001097&idx=1&sn=8338ffe385dcd8dd1f376fc1a2fd50ff&scene=18#rd ;

2015-12-09 16:52:27 params :
------------
Array:
rule : -2 ;
module :  ;
message : Array ;

2015-12-09 16:52:27 response :
------------

2015-12-09 17:03:26 trace :
------------
Array:
from : oqCObuEUeQBgjrzPfJk63keo2T1o ;
to : gh_5013f37369ce ;
time : 1449651808 ;
type : event ;
event : subscribe ;
tousername : gh_5013f37369ce ;
fromusername : oqCObuEUeQBgjrzPfJk63keo2T1o ;
createtime : 1449651808 ;
msgtype : event ;
eventkey :  ;

2015-12-09 17:03:26 params :
------------
Array:
rule : -2 ;
module :  ;
message : Array ;

2015-12-09 17:03:26 response :
------------

2015-12-09 17:09:56 trace :
------------
Array:
from : oqCObuHP_8DjCNekTnlRWfZB3oPg ;
to : gh_5013f37369ce ;
time : 1449652198 ;
type : event ;
event : VIEW ;
tousername : gh_5013f37369ce ;
fromusername : oqCObuHP_8DjCNekTnlRWfZB3oPg ;
createtime : 1449652198 ;
msgtype : event ;
eventkey : http://mp.weixin.qq.com/s?__biz=MzA5MzE5NzExNw==&mid=10001097&idx=1&sn=8338ffe385dcd8dd1f376fc1a2fd50ff&scene=18#rd ;

2015-12-09 17:09:56 params :
------------
Array:
rule : -2 ;
module :  ;
message : Array ;

2015-12-09 17:09:56 response :
------------

2015-12-09 17:16:45 trace :
------------
Array:
from : oqCObuPte-hwLbZYkZ8o8MGCedWM ;
to : gh_5013f37369ce ;
time : 1449652607 ;
type : event ;
event : subscribe ;
tousername : gh_5013f37369ce ;
fromusername : oqCObuPte-hwLbZYkZ8o8MGCedWM ;
createtime : 1449652607 ;
msgtype : event ;
eventkey :  ;

2015-12-09 17:16:45 params :
------------
Array:
rule : -2 ;
module :  ;
message : Array ;

2015-12-09 17:16:45 response :
------------

2015-12-09 17:18:49 trace :
------------
Array:
from : oqCObuM4nYjx8DExxx0GSfqO5Sxk ;
to : gh_5013f37369ce ;
time : 1449652730 ;
type : event ;
event : subscribe ;
tousername : gh_5013f37369ce ;
fromusername : oqCObuM4nYjx8DExxx0GSfqO5Sxk ;
createtime : 1449652730 ;
msgtype : event ;
eventkey :  ;

2015-12-09 17:18:49 params :
------------
Array:
rule : -2 ;
module :  ;
message : Array ;

2015-12-09 17:18:49 response :
------------

2015-12-09 17:19:35 trace :
------------
Array:
from : oqCObuM4nYjx8DExxx0GSfqO5Sxk ;
to : gh_5013f37369ce ;
time : 1449652777 ;
type : event ;
event : VIEW ;
tousername : gh_5013f37369ce ;
fromusername : oqCObuM4nYjx8DExxx0GSfqO5Sxk ;
createtime : 1449652777 ;
msgtype : event ;
eventkey : http://mp.weixin.qq.com/s?__biz=MzA5MzE5NzExNw==&mid=10001097&idx=1&sn=8338ffe385dcd8dd1f376fc1a2fd50ff&scene=18#rd ;

2015-12-09 17:19:35 params :
------------
Array:
rule : -2 ;
module :  ;
message : Array ;

2015-12-09 17:19:35 response :
------------

2015-12-09 17:20:10 trace :
------------
Array:
from : oqCObuM4nYjx8DExxx0GSfqO5Sxk ;
to : gh_5013f37369ce ;
time : 1449652812 ;
type : event ;
event : VIEW ;
tousername : gh_5013f37369ce ;
fromusername : oqCObuM4nYjx8DExxx0GSfqO5Sxk ;
createtime : 1449652812 ;
msgtype : event ;
eventkey : http://mp.weixin.qq.com/s?__biz=MzA5MzE5NzExNw==&mid=10001097&idx=1&sn=8338ffe385dcd8dd1f376fc1a2fd50ff&scene=18#rd ;

2015-12-09 17:20:10 params :
------------
Array:
rule : -2 ;
module :  ;
message : Array ;

2015-12-09 17:20:10 response :
------------

2015-12-09 17:21:28 trace :
------------
Array:
from : oqCObuJjz4Vc4P1FZm4k2_9aahco ;
to : gh_5013f37369ce ;
time : 1449652890 ;
type : event ;
event : subscribe ;
tousername : gh_5013f37369ce ;
fromusername : oqCObuJjz4Vc4P1FZm4k2_9aahco ;
createtime : 1449652890 ;
msgtype : event ;
eventkey :  ;

2015-12-09 17:21:28 params :
------------
Array:
rule : -2 ;
module :  ;
message : Array ;

2015-12-09 17:21:28 response :
------------

2015-12-09 17:41:35 trace :
------------
Array:
from : oqCObuH9062p2yW6I05YR7ho86JY ;
to : gh_5013f37369ce ;
time : 1449654097 ;
type : event ;
event : subscribe ;
tousername : gh_5013f37369ce ;
fromusername : oqCObuH9062p2yW6I05YR7ho86JY ;
createtime : 1449654097 ;
msgtype : event ;
eventkey :  ;

2015-12-09 17:41:35 params :
------------
Array:
rule : -2 ;
module :  ;
message : Array ;

2015-12-09 17:41:35 response :
------------

2015-12-09 17:49:29 trace :
------------
Array:
from : oqCObuIIh449XWETr8U2LOhfwnqs ;
to : gh_5013f37369ce ;
time : 1449654571 ;
type : event ;
event : subscribe ;
tousername : gh_5013f37369ce ;
fromusername : oqCObuIIh449XWETr8U2LOhfwnqs ;
createtime : 1449654571 ;
msgtype : event ;
eventkey :  ;

2015-12-09 17:49:29 params :
------------
Array:
rule : -2 ;
module :  ;
message : Array ;

2015-12-09 17:49:29 response :
------------

2015-12-09 18:00:42 trace :
------------
Array:
from : oqCObuNjKx5Ep8yIEhGzsFttj1bc ;
to : gh_5013f37369ce ;
time : 1449655244 ;
type : event ;
event : VIEW ;
tousername : gh_5013f37369ce ;
fromusername : oqCObuNjKx5Ep8yIEhGzsFttj1bc ;
createtime : 1449655244 ;
msgtype : event ;
eventkey : http://mp.weixin.qq.com/s?__biz=MzA5MzE5NzExNw==&mid=10001097&idx=1&sn=8338ffe385dcd8dd1f376fc1a2fd50ff&scene=18#rd ;

2015-12-09 18:00:42 params :
------------
Array:
rule : -2 ;
module :  ;
message : Array ;

2015-12-09 18:00:42 response :
------------

2015-12-09 18:01:00 trace :
------------
Array:
from : oqCObuNjKx5Ep8yIEhGzsFttj1bc ;
to : gh_5013f37369ce ;
time : 1449655262 ;
type : event ;
event : VIEW ;
tousername : gh_5013f37369ce ;
fromusername : oqCObuNjKx5Ep8yIEhGzsFttj1bc ;
createtime : 1449655262 ;
msgtype : event ;
eventkey : http://mp.weixin.qq.com/s?__biz=MzA5MzE5NzExNw==&mid=10001097&idx=1&sn=8338ffe385dcd8dd1f376fc1a2fd50ff&scene=18#rd ;

2015-12-09 18:01:00 params :
------------
Array:
rule : -2 ;
module :  ;
message : Array ;

2015-12-09 18:01:00 response :
------------

2015-12-09 18:17:45 trace :
------------
Array:
from : oqCObuBTwSX4pVBoD0AucwBq9H8U ;
to : gh_5013f37369ce ;
time : 1449656267 ;
type : event ;
event : VIEW ;
tousername : gh_5013f37369ce ;
fromusername : oqCObuBTwSX4pVBoD0AucwBq9H8U ;
createtime : 1449656267 ;
msgtype : event ;
eventkey : http://mp.weixin.qq.com/s?__biz=MzA5MzE5NzExNw==&mid=10001097&idx=1&sn=8338ffe385dcd8dd1f376fc1a2fd50ff&scene=18#rd ;

2015-12-09 18:17:45 params :
------------
Array:
rule : -2 ;
module :  ;
message : Array ;

2015-12-09 18:17:45 response :
------------

2015-12-09 18:17:54 trace :
------------
Array:
from : oqCObuBTwSX4pVBoD0AucwBq9H8U ;
to : gh_5013f37369ce ;
time : 1449656276 ;
type : event ;
event : VIEW ;
tousername : gh_5013f37369ce ;
fromusername : oqCObuBTwSX4pVBoD0AucwBq9H8U ;
createtime : 1449656276 ;
msgtype : event ;
eventkey : http://mp.weixin.qq.com/s?__biz=MzA5MzE5NzExNw==&mid=10001097&idx=1&sn=8338ffe385dcd8dd1f376fc1a2fd50ff&scene=18#rd ;

2015-12-09 18:17:54 params :
------------
Array:
rule : -2 ;
module :  ;
message : Array ;

2015-12-09 18:17:54 response :
------------

2015-12-09 18:24:14 trace :
------------
Array:
from : oqCObuIuciyWAGLzamC35TSR2SzQ ;
to : gh_5013f37369ce ;
time : 1449656656 ;
type : event ;
event : subscribe ;
tousername : gh_5013f37369ce ;
fromusername : oqCObuIuciyWAGLzamC35TSR2SzQ ;
createtime : 1449656656 ;
msgtype : event ;
eventkey :  ;

2015-12-09 18:24:14 params :
------------
Array:
rule : -2 ;
module :  ;
message : Array ;

2015-12-09 18:24:14 response :
------------

2015-12-09 18:33:11 trace :
------------
Array:
from : oqCObuCy9-ffLPDP71yeHYCzWT7M ;
to : gh_5013f37369ce ;
time : 1449657192 ;
type : event ;
event : subscribe ;
tousername : gh_5013f37369ce ;
fromusername : oqCObuCy9-ffLPDP71yeHYCzWT7M ;
createtime : 1449657192 ;
msgtype : event ;
eventkey :  ;

2015-12-09 18:33:11 params :
------------
Array:
rule : -2 ;
module :  ;
message : Array ;

2015-12-09 18:33:11 response :
------------

2015-12-09 18:45:32 trace :
------------
Array:
from : oqCObuCO_JjRsSa-IvOw-gZulg2A ;
to : gh_5013f37369ce ;
time : 1449657934 ;
type : event ;
event : VIEW ;
tousername : gh_5013f37369ce ;
fromusername : oqCObuCO_JjRsSa-IvOw-gZulg2A ;
createtime : 1449657934 ;
msgtype : event ;
eventkey : http://mp.weixin.qq.com/s?__biz=MzA5MzE5NzExNw==&mid=10001097&idx=1&sn=8338ffe385dcd8dd1f376fc1a2fd50ff&scene=18#rd ;

2015-12-09 18:45:32 params :
------------
Array:
rule : -2 ;
module :  ;
message : Array ;

2015-12-09 18:45:32 response :
------------

2015-12-09 18:45:42 trace :
------------
Array:
from : oqCObuCO_JjRsSa-IvOw-gZulg2A ;
to : gh_5013f37369ce ;
time : 1449657944 ;
type : event ;
event : VIEW ;
tousername : gh_5013f37369ce ;
fromusername : oqCObuCO_JjRsSa-IvOw-gZulg2A ;
createtime : 1449657944 ;
msgtype : event ;
eventkey : http://mp.weixin.qq.com/s?__biz=MzA5MzE5NzExNw==&mid=10001097&idx=1&sn=8338ffe385dcd8dd1f376fc1a2fd50ff&scene=18#rd ;

2015-12-09 18:45:42 params :
------------
Array:
rule : -2 ;
module :  ;
message : Array ;

2015-12-09 18:45:42 response :
------------

2015-12-09 18:48:45 trace :
------------
Array:
from : oqCObuLS5OFHbihuz3ruwtmjHh2U ;
to : gh_5013f37369ce ;
time : 1449658127 ;
type : event ;
event : subscribe ;
tousername : gh_5013f37369ce ;
fromusername : oqCObuLS5OFHbihuz3ruwtmjHh2U ;
createtime : 1449658127 ;
msgtype : event ;
eventkey :  ;

2015-12-09 18:48:45 params :
------------
Array:
rule : -2 ;
module :  ;
message : Array ;

2015-12-09 18:48:45 response :
------------

2015-12-09 19:08:05 trace :
------------
Array:
from : oqCObuJnctyMXm39A5hPFyadR9eY ;
to : gh_5013f37369ce ;
time : 1449659287 ;
type : event ;
event : subscribe ;
tousername : gh_5013f37369ce ;
fromusername : oqCObuJnctyMXm39A5hPFyadR9eY ;
createtime : 1449659287 ;
msgtype : event ;
eventkey :  ;

2015-12-09 19:08:05 params :
------------
Array:
rule : -2 ;
module :  ;
message : Array ;

2015-12-09 19:08:05 response :
------------

2015-12-09 19:10:46 trace :
------------
Array:
from : oqCObuKJ8swBIvpy1sD8iHUnHWAs ;
to : gh_5013f37369ce ;
time : 1449659448 ;
type : event ;
event : subscribe ;
tousername : gh_5013f37369ce ;
fromusername : oqCObuKJ8swBIvpy1sD8iHUnHWAs ;
createtime : 1449659448 ;
msgtype : event ;
eventkey :  ;

2015-12-09 19:10:46 params :
------------
Array:
rule : -2 ;
module :  ;
message : Array ;

2015-12-09 19:10:46 response :
------------

2015-12-09 19:20:28 trace :
------------
Array:
from : oqCObuIFTCfMjPtGHMmHUoNgZE_w ;
to : gh_5013f37369ce ;
time : 1449660030 ;
type : event ;
event : subscribe ;
tousername : gh_5013f37369ce ;
fromusername : oqCObuIFTCfMjPtGHMmHUoNgZE_w ;
createtime : 1449660030 ;
msgtype : event ;
eventkey :  ;

2015-12-09 19:20:28 params :
------------
Array:
rule : -2 ;
module :  ;
message : Array ;

2015-12-09 19:20:28 response :
------------

2015-12-09 19:47:01 trace :
------------
Array:
from : oqCObuH-DIHxOCnXdwTm5Vgf3kfM ;
to : gh_5013f37369ce ;
time : 1449661622 ;
type : event ;
event : VIEW ;
tousername : gh_5013f37369ce ;
fromusername : oqCObuH-DIHxOCnXdwTm5Vgf3kfM ;
createtime : 1449661622 ;
msgtype : event ;
eventkey : http://mp.weixin.qq.com/s?__biz=MzA5MzE5NzExNw==&mid=10001097&idx=1&sn=8338ffe385dcd8dd1f376fc1a2fd50ff&scene=18#rd ;

2015-12-09 19:47:01 params :
------------
Array:
rule : -2 ;
module :  ;
message : Array ;

2015-12-09 19:47:01 response :
------------

2015-12-09 19:47:13 trace :
------------
Array:
from : oqCObuH-DIHxOCnXdwTm5Vgf3kfM ;
to : gh_5013f37369ce ;
time : 1449661635 ;
type : event ;
event : VIEW ;
tousername : gh_5013f37369ce ;
fromusername : oqCObuH-DIHxOCnXdwTm5Vgf3kfM ;
createtime : 1449661635 ;
msgtype : event ;
eventkey : http://mp.weixin.qq.com/s?__biz=MzA5MzE5NzExNw==&mid=10001097&idx=1&sn=8338ffe385dcd8dd1f376fc1a2fd50ff&scene=18#rd ;

2015-12-09 19:47:13 params :
------------
Array:
rule : -2 ;
module :  ;
message : Array ;

2015-12-09 19:47:13 response :
------------

2015-12-09 20:10:04 trace :
------------
Array:
from : oqCObuNjKx5Ep8yIEhGzsFttj1bc ;
to : gh_5013f37369ce ;
time : 1449663006 ;
type : event ;
event : VIEW ;
tousername : gh_5013f37369ce ;
fromusername : oqCObuNjKx5Ep8yIEhGzsFttj1bc ;
createtime : 1449663006 ;
msgtype : event ;
eventkey : http://mp.weixin.qq.com/s?__biz=MzA5MzE5NzExNw==&mid=10001097&idx=1&sn=8338ffe385dcd8dd1f376fc1a2fd50ff&scene=18#rd ;

2015-12-09 20:10:04 params :
------------
Array:
rule : -2 ;
module :  ;
message : Array ;

2015-12-09 20:10:04 response :
------------

2015-12-09 20:10:39 trace :
------------
Array:
from : oqCObuNjKx5Ep8yIEhGzsFttj1bc ;
to : gh_5013f37369ce ;
time : 1449663041 ;
type : event ;
event : VIEW ;
tousername : gh_5013f37369ce ;
fromusername : oqCObuNjKx5Ep8yIEhGzsFttj1bc ;
createtime : 1449663041 ;
msgtype : event ;
eventkey : http://mp.weixin.qq.com/s?__biz=MzA5MzE5NzExNw==&mid=10001097&idx=1&sn=8338ffe385dcd8dd1f376fc1a2fd50ff&scene=18#rd ;

2015-12-09 20:10:39 params :
------------
Array:
rule : -2 ;
module :  ;
message : Array ;

2015-12-09 20:10:39 response :
------------

2015-12-09 21:06:55 trace :
------------
Array:
from : oqCObuJ0A-5xTzz3-cm3yM1rlQdA ;
to : gh_5013f37369ce ;
time : 1449666414 ;
type : event ;
event : subscribe ;
tousername : gh_5013f37369ce ;
fromusername : oqCObuJ0A-5xTzz3-cm3yM1rlQdA ;
createtime : 1449666414 ;
msgtype : event ;
eventkey :  ;

2015-12-09 21:06:55 params :
------------
Array:
rule : -2 ;
module :  ;
message : Array ;

2015-12-09 21:06:55 response :
------------

2015-12-09 21:27:16 trace :
------------
Array:
from : oqCObuPG9N6MAsvSRXGJ1lGOYdqY ;
to : gh_5013f37369ce ;
time : 1449667635 ;
type : event ;
event : subscribe ;
tousername : gh_5013f37369ce ;
fromusername : oqCObuPG9N6MAsvSRXGJ1lGOYdqY ;
createtime : 1449667635 ;
msgtype : event ;
eventkey :  ;

2015-12-09 21:27:16 params :
------------
Array:
rule : -2 ;
module :  ;
message : Array ;

2015-12-09 21:27:16 response :
------------

2015-12-09 21:41:00 trace :
------------
Array:
from : oqCObuG1SMy_0u-VsHZA196t4kgI ;
to : gh_5013f37369ce ;
time : 1449668459 ;
type : event ;
event : subscribe ;
tousername : gh_5013f37369ce ;
fromusername : oqCObuG1SMy_0u-VsHZA196t4kgI ;
createtime : 1449668459 ;
msgtype : event ;
eventkey :  ;

2015-12-09 21:41:00 params :
------------
Array:
rule : -2 ;
module :  ;
message : Array ;

2015-12-09 21:41:00 response :
------------

2015-12-09 21:53:15 trace :
------------
Array:
from : oqCObuFReUYoFIfP6a1tbqFsNOiM ;
to : gh_5013f37369ce ;
time : 1449669194 ;
type : event ;
event : VIEW ;
tousername : gh_5013f37369ce ;
fromusername : oqCObuFReUYoFIfP6a1tbqFsNOiM ;
createtime : 1449669194 ;
msgtype : event ;
eventkey : http://mp.weixin.qq.com/s?__biz=MzA5MzE5NzExNw==&mid=10001097&idx=1&sn=8338ffe385dcd8dd1f376fc1a2fd50ff&scene=18#rd ;

2015-12-09 21:53:15 params :
------------
Array:
rule : -2 ;
module :  ;
message : Array ;

2015-12-09 21:53:15 response :
------------

2015-12-09 21:54:42 trace :
------------
Array:
from : oqCObuFReUYoFIfP6a1tbqFsNOiM ;
to : gh_5013f37369ce ;
time : 1449669284 ;
type : event ;
event : VIEW ;
tousername : gh_5013f37369ce ;
fromusername : oqCObuFReUYoFIfP6a1tbqFsNOiM ;
createtime : 1449669284 ;
msgtype : event ;
eventkey : http://mp.weixin.qq.com/s?__biz=MzA5MzE5NzExNw==&mid=10001097&idx=1&sn=8338ffe385dcd8dd1f376fc1a2fd50ff&scene=18#rd ;

2015-12-09 21:54:42 params :
------------
Array:
rule : -2 ;
module :  ;
message : Array ;

2015-12-09 21:54:42 response :
------------

2015-12-09 22:10:00 trace :
------------
Array:
from : oqCObuEudyjmbpr4aml2ZkJNpaag ;
to : gh_5013f37369ce ;
time : 1449670202 ;
type : event ;
event : subscribe ;
tousername : gh_5013f37369ce ;
fromusername : oqCObuEudyjmbpr4aml2ZkJNpaag ;
createtime : 1449670202 ;
msgtype : event ;
eventkey :  ;

2015-12-09 22:10:00 params :
------------
Array:
rule : -2 ;
module :  ;
message : Array ;

2015-12-09 22:10:00 response :
------------

