2015-11-24 11:13:11 trace :
------------
Array:
from : oqCObuL2H1X93zCBOPucTQ6NDhlU ;
to : gh_5013f37369ce ;
time : 1448334790 ;
type : event ;
event : VIEW ;
tousername : gh_5013f37369ce ;
fromusername : oqCObuL2H1X93zCBOPucTQ6NDhlU ;
createtime : 1448334790 ;
msgtype : event ;
eventkey : http://mp.weixin.qq.com/s?__biz=MzA5MzE5NzExNw==&mid=10001097&idx=1&sn=8338ffe385dcd8dd1f376fc1a2fd50ff&scene=18#rd ;

2015-11-24 11:13:11 params :
------------
Array:
rule : -2 ;
module :  ;
message : Array ;

2015-11-24 11:13:11 response :
------------

2015-11-24 11:13:19 trace :
------------
Array:
from : oqCObuL2H1X93zCBOPucTQ6NDhlU ;
to : gh_5013f37369ce ;
time : 1448334801 ;
type : event ;
event : VIEW ;
tousername : gh_5013f37369ce ;
fromusername : oqCObuL2H1X93zCBOPucTQ6NDhlU ;
createtime : 1448334801 ;
msgtype : event ;
eventkey : http://mp.weixin.qq.com/s?__biz=MzA5MzE5NzExNw==&mid=10001097&idx=1&sn=8338ffe385dcd8dd1f376fc1a2fd50ff&scene=18#rd ;

2015-11-24 11:13:19 params :
------------
Array:
rule : -2 ;
module :  ;
message : Array ;

2015-11-24 11:13:19 response :
------------

2015-11-24 11:13:26 trace :
------------
Array:
from : oqCObuL2H1X93zCBOPucTQ6NDhlU ;
to : gh_5013f37369ce ;
time : 1448334808 ;
type : event ;
event : VIEW ;
tousername : gh_5013f37369ce ;
fromusername : oqCObuL2H1X93zCBOPucTQ6NDhlU ;
createtime : 1448334808 ;
msgtype : event ;
eventkey : http://mp.weixin.qq.com/s?__biz=MzA5MzE5NzExNw==&mid=10001097&idx=1&sn=8338ffe385dcd8dd1f376fc1a2fd50ff&scene=18#rd ;

2015-11-24 11:13:26 params :
------------
Array:
rule : -2 ;
module :  ;
message : Array ;

2015-11-24 11:13:26 response :
------------

2015-11-24 11:13:40 trace :
------------
Array:
from : oqCObuL2H1X93zCBOPucTQ6NDhlU ;
to : gh_5013f37369ce ;
time : 1448334822 ;
type : event ;
event : VIEW ;
tousername : gh_5013f37369ce ;
fromusername : oqCObuL2H1X93zCBOPucTQ6NDhlU ;
createtime : 1448334822 ;
msgtype : event ;
eventkey : http://mp.weixin.qq.com/s?__biz=MzA5MzE5NzExNw==&mid=10001097&idx=1&sn=8338ffe385dcd8dd1f376fc1a2fd50ff&scene=18#rd ;

2015-11-24 11:13:40 params :
------------
Array:
rule : -2 ;
module :  ;
message : Array ;

2015-11-24 11:13:40 response :
------------

2015-11-24 11:16:40 trace :
------------
Array:
from : oqCObuL2H1X93zCBOPucTQ6NDhlU ;
to : gh_5013f37369ce ;
time : 1448335002 ;
type : event ;
event : VIEW ;
tousername : gh_5013f37369ce ;
fromusername : oqCObuL2H1X93zCBOPucTQ6NDhlU ;
createtime : 1448335002 ;
msgtype : event ;
eventkey : http://mp.weixin.qq.com/s?__biz=MzA5MzE5NzExNw==&mid=10001097&idx=1&sn=8338ffe385dcd8dd1f376fc1a2fd50ff&scene=18#rd ;

2015-11-24 11:16:40 params :
------------
Array:
rule : -2 ;
module :  ;
message : Array ;

2015-11-24 11:16:40 response :
------------

2015-11-24 12:07:29 trace :
------------
Array:
from : oqCObuGZJ4ALB449ho-pLCgnrjcs ;
to : gh_5013f37369ce ;
time : 1448338048 ;
type : event ;
event : subscribe ;
tousername : gh_5013f37369ce ;
fromusername : oqCObuGZJ4ALB449ho-pLCgnrjcs ;
createtime : 1448338048 ;
msgtype : event ;
eventkey :  ;

2015-11-24 12:07:29 params :
------------
Array:
rule : -2 ;
module :  ;
message : Array ;

2015-11-24 12:07:29 response :
------------

2015-11-24 12:55:13 trace :
------------
Array:
from : oqCObuFTRCFF2ONS0M8XzDEuHtt8 ;
to : gh_5013f37369ce ;
time : 1448340915 ;
type : event ;
event : VIEW ;
tousername : gh_5013f37369ce ;
fromusername : oqCObuFTRCFF2ONS0M8XzDEuHtt8 ;
createtime : 1448340915 ;
msgtype : event ;
eventkey : http://mp.weixin.qq.com/s?__biz=MzA5MzE5NzExNw==&mid=10001097&idx=1&sn=8338ffe385dcd8dd1f376fc1a2fd50ff&scene=18#rd ;

2015-11-24 12:55:13 params :
------------
Array:
rule : -2 ;
module :  ;
message : Array ;

2015-11-24 12:55:13 response :
------------

2015-11-24 12:55:36 trace :
------------
Array:
from : oqCObuFTRCFF2ONS0M8XzDEuHtt8 ;
to : gh_5013f37369ce ;
time : 1448340939 ;
type : event ;
event : VIEW ;
tousername : gh_5013f37369ce ;
fromusername : oqCObuFTRCFF2ONS0M8XzDEuHtt8 ;
createtime : 1448340939 ;
msgtype : event ;
eventkey : http://mp.weixin.qq.com/s?__biz=MzA5MzE5NzExNw==&mid=10001097&idx=1&sn=8338ffe385dcd8dd1f376fc1a2fd50ff&scene=18#rd ;

2015-11-24 12:55:36 params :
------------
Array:
rule : -2 ;
module :  ;
message : Array ;

2015-11-24 12:55:36 response :
------------

2015-11-24 12:56:16 trace :
------------
Array:
from : oqCObuLsHD4WK-djQjajV61zh9VM ;
to : gh_5013f37369ce ;
time : 1448340975 ;
type : event ;
event : VIEW ;
tousername : gh_5013f37369ce ;
fromusername : oqCObuLsHD4WK-djQjajV61zh9VM ;
createtime : 1448340975 ;
msgtype : event ;
eventkey : http://mp.weixin.qq.com/s?__biz=MzA5MzE5NzExNw==&mid=10001097&idx=1&sn=8338ffe385dcd8dd1f376fc1a2fd50ff&scene=18#rd ;

2015-11-24 12:56:16 params :
------------
Array:
rule : -2 ;
module :  ;
message : Array ;

2015-11-24 12:56:16 response :
------------

2015-11-24 13:24:00 trace :
------------
Array:
from : oqCObuFsIxr4W1IRwb4pmByQSDhk ;
to : gh_5013f37369ce ;
time : 1448342642 ;
type : event ;
event : subscribe ;
tousername : gh_5013f37369ce ;
fromusername : oqCObuFsIxr4W1IRwb4pmByQSDhk ;
createtime : 1448342642 ;
msgtype : event ;
eventkey :  ;

2015-11-24 13:24:00 params :
------------
Array:
rule : -2 ;
module :  ;
message : Array ;

2015-11-24 13:24:00 response :
------------

2015-11-24 13:24:01 trace :
------------
Array:
from : oqCObuH49ze5Y4eLNeL5o6c6egvc ;
to : gh_5013f37369ce ;
time : 1448342643 ;
type : event ;
event : subscribe ;
tousername : gh_5013f37369ce ;
fromusername : oqCObuH49ze5Y4eLNeL5o6c6egvc ;
createtime : 1448342643 ;
msgtype : event ;
eventkey :  ;

2015-11-24 13:24:01 params :
------------
Array:
rule : -2 ;
module :  ;
message : Array ;

2015-11-24 13:24:01 response :
------------

2015-11-24 13:24:08 trace :
------------
Array:
from : oqCObuH49ze5Y4eLNeL5o6c6egvc ;
to : gh_5013f37369ce ;
time : 1448342650 ;
type : event ;
event : VIEW ;
tousername : gh_5013f37369ce ;
fromusername : oqCObuH49ze5Y4eLNeL5o6c6egvc ;
createtime : 1448342650 ;
msgtype : event ;
eventkey : http://mp.weixin.qq.com/s?__biz=MzA5MzE5NzExNw==&mid=10001097&idx=1&sn=8338ffe385dcd8dd1f376fc1a2fd50ff&scene=18#rd ;

2015-11-24 13:24:08 params :
------------
Array:
rule : -2 ;
module :  ;
message : Array ;

2015-11-24 13:24:08 response :
------------

2015-11-24 13:38:53 trace :
------------
Array:
from : oqCObuFS1kY9OX4E5pZpCkfsAxEg ;
to : gh_5013f37369ce ;
time : 1448343533 ;
type : event ;
event : subscribe ;
tousername : gh_5013f37369ce ;
fromusername : oqCObuFS1kY9OX4E5pZpCkfsAxEg ;
createtime : 1448343533 ;
msgtype : event ;
eventkey :  ;

2015-11-24 13:38:53 params :
------------
Array:
rule : -2 ;
module :  ;
message : Array ;

2015-11-24 13:38:53 response :
------------

2015-11-24 14:05:16 trace :
------------
Array:
from : oqCObuH9cB4r0gF0YvwS5TgP4fZM ;
to : gh_5013f37369ce ;
time : 1448345119 ;
type : event ;
event : subscribe ;
tousername : gh_5013f37369ce ;
fromusername : oqCObuH9cB4r0gF0YvwS5TgP4fZM ;
createtime : 1448345119 ;
msgtype : event ;
eventkey :  ;

2015-11-24 14:05:16 params :
------------
Array:
rule : -2 ;
module :  ;
message : Array ;

2015-11-24 14:05:16 response :
------------

2015-11-24 14:05:51 trace :
------------
Array:
from : oqCObuA_aFPJ7DlTizpDE3wHTaiY ;
to : gh_5013f37369ce ;
time : 1448345151 ;
type : event ;
event : subscribe ;
tousername : gh_5013f37369ce ;
fromusername : oqCObuA_aFPJ7DlTizpDE3wHTaiY ;
createtime : 1448345151 ;
msgtype : event ;
eventkey :  ;

2015-11-24 14:05:51 params :
------------
Array:
rule : -2 ;
module :  ;
message : Array ;

2015-11-24 14:05:51 response :
------------

2015-11-24 14:27:33 trace :
------------
Array:
from : oqCObuB_t2QuYdzV2xVLmirUi75M ;
to : gh_5013f37369ce ;
time : 1448346453 ;
type : event ;
event : subscribe ;
tousername : gh_5013f37369ce ;
fromusername : oqCObuB_t2QuYdzV2xVLmirUi75M ;
createtime : 1448346453 ;
msgtype : event ;
eventkey :  ;

2015-11-24 14:27:33 params :
------------
Array:
rule : -2 ;
module :  ;
message : Array ;

2015-11-24 14:27:33 response :
------------

2015-11-24 14:33:37 trace :
------------
Array:
from : oqCObuC-m1TDDuDcQplbVPcn9Knc ;
to : gh_5013f37369ce ;
time : 1448346816 ;
type : event ;
event : subscribe ;
tousername : gh_5013f37369ce ;
fromusername : oqCObuC-m1TDDuDcQplbVPcn9Knc ;
createtime : 1448346816 ;
msgtype : event ;
eventkey :  ;

2015-11-24 14:33:37 params :
------------
Array:
rule : -2 ;
module :  ;
message : Array ;

2015-11-24 14:33:37 response :
------------

2015-11-24 14:36:19 trace :
------------
Array:
from : oqCObuOmlutO3247gkazE4BLXFWk ;
to : gh_5013f37369ce ;
time : 1448346978 ;
type : event ;
event : subscribe ;
tousername : gh_5013f37369ce ;
fromusername : oqCObuOmlutO3247gkazE4BLXFWk ;
createtime : 1448346978 ;
msgtype : event ;
eventkey :  ;

2015-11-24 14:36:19 params :
------------
Array:
rule : -2 ;
module :  ;
message : Array ;

2015-11-24 14:36:19 response :
------------

2015-11-24 14:37:12 trace :
------------
Array:
from : oqCObuKtQ_FzQ4b0H0V-QFg4uRuc ;
to : gh_5013f37369ce ;
time : 1448347034 ;
type : event ;
event : subscribe ;
tousername : gh_5013f37369ce ;
fromusername : oqCObuKtQ_FzQ4b0H0V-QFg4uRuc ;
createtime : 1448347034 ;
msgtype : event ;
eventkey :  ;

2015-11-24 14:37:12 params :
------------
Array:
rule : -2 ;
module :  ;
message : Array ;

2015-11-24 14:37:12 response :
------------

2015-11-24 15:09:43 trace :
------------
Array:
from : oqCObuMOw5jnjWDMgB6A7vS8Hy50 ;
to : gh_5013f37369ce ;
time : 1448348986 ;
type : event ;
event : subscribe ;
tousername : gh_5013f37369ce ;
fromusername : oqCObuMOw5jnjWDMgB6A7vS8Hy50 ;
createtime : 1448348986 ;
msgtype : event ;
eventkey :  ;

2015-11-24 15:09:43 params :
------------
Array:
rule : -2 ;
module :  ;
message : Array ;

2015-11-24 15:09:43 response :
------------

2015-11-24 15:34:29 trace :
------------
Array:
from : oqCObuHF8KCof2EOY40HRTr1S3Zk ;
to : gh_5013f37369ce ;
time : 1448350468 ;
type : event ;
event : subscribe ;
tousername : gh_5013f37369ce ;
fromusername : oqCObuHF8KCof2EOY40HRTr1S3Zk ;
createtime : 1448350468 ;
msgtype : event ;
eventkey :  ;

2015-11-24 15:34:29 params :
------------
Array:
rule : -2 ;
module :  ;
message : Array ;

2015-11-24 15:34:29 response :
------------

2015-11-24 15:59:45 trace :
------------
Array:
from : oqCObuPVTa2KUAnX2VDlPYHudCN0 ;
to : gh_5013f37369ce ;
time : 1448351985 ;
type : event ;
event : subscribe ;
tousername : gh_5013f37369ce ;
fromusername : oqCObuPVTa2KUAnX2VDlPYHudCN0 ;
createtime : 1448351985 ;
msgtype : event ;
eventkey :  ;

2015-11-24 15:59:45 params :
------------
Array:
rule : -2 ;
module :  ;
message : Array ;

2015-11-24 15:59:45 response :
------------

2015-11-24 16:06:08 trace :
------------
Array:
from : oqCObuIPjwJmvShSPjYm3-toaKzM ;
to : gh_5013f37369ce ;
time : 1448352370 ;
type : event ;
event : subscribe ;
tousername : gh_5013f37369ce ;
fromusername : oqCObuIPjwJmvShSPjYm3-toaKzM ;
createtime : 1448352370 ;
msgtype : event ;
eventkey :  ;

2015-11-24 16:06:08 params :
------------
Array:
rule : -2 ;
module :  ;
message : Array ;

2015-11-24 16:06:08 response :
------------

2015-11-24 16:08:08 trace :
------------
Array:
from : oqCObuMQq-AVBdUC4bYEumGXDGQk ;
to : gh_5013f37369ce ;
time : 1448352491 ;
type : event ;
event : VIEW ;
tousername : gh_5013f37369ce ;
fromusername : oqCObuMQq-AVBdUC4bYEumGXDGQk ;
createtime : 1448352491 ;
msgtype : event ;
eventkey : http://mp.weixin.qq.com/s?__biz=MzA5MzE5NzExNw==&mid=10001097&idx=1&sn=8338ffe385dcd8dd1f376fc1a2fd50ff&scene=18#rd ;

2015-11-24 16:08:08 params :
------------
Array:
rule : -2 ;
module :  ;
message : Array ;

2015-11-24 16:08:08 response :
------------

2015-11-24 16:08:15 trace :
------------
Array:
from : oqCObuMQq-AVBdUC4bYEumGXDGQk ;
to : gh_5013f37369ce ;
time : 1448352497 ;
type : event ;
event : VIEW ;
tousername : gh_5013f37369ce ;
fromusername : oqCObuMQq-AVBdUC4bYEumGXDGQk ;
createtime : 1448352497 ;
msgtype : event ;
eventkey : http://mp.weixin.qq.com/s?__biz=MzA5MzE5NzExNw==&mid=10001097&idx=1&sn=8338ffe385dcd8dd1f376fc1a2fd50ff&scene=18#rd ;

2015-11-24 16:08:15 params :
------------
Array:
rule : -2 ;
module :  ;
message : Array ;

2015-11-24 16:08:15 response :
------------

2015-11-24 16:08:22 trace :
------------
Array:
from : oqCObuMQq-AVBdUC4bYEumGXDGQk ;
to : gh_5013f37369ce ;
time : 1448352505 ;
type : event ;
event : VIEW ;
tousername : gh_5013f37369ce ;
fromusername : oqCObuMQq-AVBdUC4bYEumGXDGQk ;
createtime : 1448352505 ;
msgtype : event ;
eventkey : http://mp.weixin.qq.com/s?__biz=MzA5MzE5NzExNw==&mid=10001097&idx=1&sn=8338ffe385dcd8dd1f376fc1a2fd50ff&scene=18#rd ;

2015-11-24 16:08:22 params :
------------
Array:
rule : -2 ;
module :  ;
message : Array ;

2015-11-24 16:08:22 response :
------------

2015-11-24 16:09:45 trace :
------------
Array:
from : oqCObuEDQPQCbvgu7-zVmHTDd3z0 ;
to : gh_5013f37369ce ;
time : 1448352588 ;
type : event ;
event : subscribe ;
tousername : gh_5013f37369ce ;
fromusername : oqCObuEDQPQCbvgu7-zVmHTDd3z0 ;
createtime : 1448352588 ;
msgtype : event ;
eventkey :  ;

2015-11-24 16:09:45 params :
------------
Array:
rule : -2 ;
module :  ;
message : Array ;

2015-11-24 16:09:45 response :
------------

2015-11-24 16:31:56 trace :
------------
Array:
from : oqCObuHWQI4N1mQhKMOoPBLdrBOw ;
to : gh_5013f37369ce ;
time : 1448353919 ;
type : event ;
event : subscribe ;
tousername : gh_5013f37369ce ;
fromusername : oqCObuHWQI4N1mQhKMOoPBLdrBOw ;
createtime : 1448353919 ;
msgtype : event ;
eventkey :  ;

2015-11-24 16:31:56 params :
------------
Array:
rule : -2 ;
module :  ;
message : Array ;

2015-11-24 16:31:56 response :
------------

2015-11-24 16:33:19 trace :
------------
Array:
from : oqCObuOLdV2mx_I1vf3h89qCaQzU ;
to : gh_5013f37369ce ;
time : 1448354001 ;
type : event ;
event : subscribe ;
tousername : gh_5013f37369ce ;
fromusername : oqCObuOLdV2mx_I1vf3h89qCaQzU ;
createtime : 1448354001 ;
msgtype : event ;
eventkey :  ;

2015-11-24 16:33:19 params :
------------
Array:
rule : -2 ;
module :  ;
message : Array ;

2015-11-24 16:33:19 response :
------------

2015-11-24 16:46:47 trace :
------------
Array:
from : oqCObuJ2V33EDqkV8JUuVocz_et8 ;
to : gh_5013f37369ce ;
time : 1448354809 ;
type : event ;
event : subscribe ;
tousername : gh_5013f37369ce ;
fromusername : oqCObuJ2V33EDqkV8JUuVocz_et8 ;
createtime : 1448354809 ;
msgtype : event ;
eventkey :  ;

2015-11-24 16:46:47 params :
------------
Array:
rule : -2 ;
module :  ;
message : Array ;

2015-11-24 16:46:47 response :
------------

2015-11-24 16:58:50 trace :
------------
Array:
from : oqCObuIVcJ_IYOEUX6yzdGgJyQAI ;
to : gh_5013f37369ce ;
time : 1448355532 ;
type : event ;
event : subscribe ;
tousername : gh_5013f37369ce ;
fromusername : oqCObuIVcJ_IYOEUX6yzdGgJyQAI ;
createtime : 1448355532 ;
msgtype : event ;
eventkey :  ;

2015-11-24 16:58:50 params :
------------
Array:
rule : -2 ;
module :  ;
message : Array ;

2015-11-24 16:58:50 response :
------------

2015-11-24 16:59:09 trace :
------------
Array:
from : oqCObuK4FQ-e1JAaD3EwGymMuHeE ;
to : gh_5013f37369ce ;
time : 1448355552 ;
type : event ;
event : subscribe ;
tousername : gh_5013f37369ce ;
fromusername : oqCObuK4FQ-e1JAaD3EwGymMuHeE ;
createtime : 1448355552 ;
msgtype : event ;
eventkey :  ;

2015-11-24 16:59:09 params :
------------
Array:
rule : -2 ;
module :  ;
message : Array ;

2015-11-24 16:59:09 response :
------------

2015-11-24 16:59:29 trace :
------------
Array:
from : oqCObuGiXdNtkSvqZVCv5F10xhdI ;
to : gh_5013f37369ce ;
time : 1448355571 ;
type : event ;
event : subscribe ;
tousername : gh_5013f37369ce ;
fromusername : oqCObuGiXdNtkSvqZVCv5F10xhdI ;
createtime : 1448355571 ;
msgtype : event ;
eventkey :  ;

2015-11-24 16:59:29 params :
------------
Array:
rule : -2 ;
module :  ;
message : Array ;

2015-11-24 16:59:29 response :
------------

2015-11-24 17:05:23 trace :
------------
Array:
from : oqCObuHG0gisRZBKkdJrZZYj-fvA ;
to : gh_5013f37369ce ;
time : 1448355926 ;
type : event ;
event : subscribe ;
tousername : gh_5013f37369ce ;
fromusername : oqCObuHG0gisRZBKkdJrZZYj-fvA ;
createtime : 1448355926 ;
msgtype : event ;
eventkey :  ;

2015-11-24 17:05:23 params :
------------
Array:
rule : -2 ;
module :  ;
message : Array ;

2015-11-24 17:05:23 response :
------------

2015-11-24 17:06:42 trace :
------------
Array:
from : oqCObuJ7og6gl2iSwqCTahSFZLZk ;
to : gh_5013f37369ce ;
time : 1448356004 ;
type : event ;
event : subscribe ;
tousername : gh_5013f37369ce ;
fromusername : oqCObuJ7og6gl2iSwqCTahSFZLZk ;
createtime : 1448356004 ;
msgtype : event ;
eventkey :  ;

2015-11-24 17:06:42 params :
------------
Array:
rule : -2 ;
module :  ;
message : Array ;

2015-11-24 17:06:42 response :
------------

2015-11-24 17:13:11 trace :
------------
Array:
from : oqCObuOxzcu3FTnrqS-W85goanw4 ;
to : gh_5013f37369ce ;
time : 1448356394 ;
type : event ;
event : subscribe ;
tousername : gh_5013f37369ce ;
fromusername : oqCObuOxzcu3FTnrqS-W85goanw4 ;
createtime : 1448356394 ;
msgtype : event ;
eventkey :  ;

2015-11-24 17:13:11 params :
------------
Array:
rule : -2 ;
module :  ;
message : Array ;

2015-11-24 17:13:11 response :
------------

2015-11-24 17:13:53 trace :
------------
Array:
from : oqCObuEi1UDijKf0oJqs63bAbhM0 ;
to : gh_5013f37369ce ;
time : 1448356435 ;
type : event ;
event : subscribe ;
tousername : gh_5013f37369ce ;
fromusername : oqCObuEi1UDijKf0oJqs63bAbhM0 ;
createtime : 1448356435 ;
msgtype : event ;
eventkey :  ;

2015-11-24 17:13:53 params :
------------
Array:
rule : -2 ;
module :  ;
message : Array ;

2015-11-24 17:13:53 response :
------------

2015-11-24 17:15:22 trace :
------------
Array:
from : oqCObuE3MsYYJudp5SBEWe5PJBpE ;
to : gh_5013f37369ce ;
time : 1448356525 ;
type : event ;
event : subscribe ;
tousername : gh_5013f37369ce ;
fromusername : oqCObuE3MsYYJudp5SBEWe5PJBpE ;
createtime : 1448356525 ;
msgtype : event ;
eventkey :  ;

2015-11-24 17:15:22 params :
------------
Array:
rule : -2 ;
module :  ;
message : Array ;

2015-11-24 17:15:22 response :
------------

2015-11-24 17:17:49 trace :
------------
Array:
from : oqCObuIkNfCv1EhXLHyHKDiRYn70 ;
to : gh_5013f37369ce ;
time : 1448356669 ;
type : event ;
event : subscribe ;
tousername : gh_5013f37369ce ;
fromusername : oqCObuIkNfCv1EhXLHyHKDiRYn70 ;
createtime : 1448356669 ;
msgtype : event ;
eventkey :  ;

2015-11-24 17:17:49 params :
------------
Array:
rule : -2 ;
module :  ;
message : Array ;

2015-11-24 17:17:49 response :
------------

2015-11-24 17:17:50 trace :
------------
Array:
from : oqCObuCejURSsYFRZS4B_omQwVAQ ;
to : gh_5013f37369ce ;
time : 1448356673 ;
type : event ;
event : subscribe ;
tousername : gh_5013f37369ce ;
fromusername : oqCObuCejURSsYFRZS4B_omQwVAQ ;
createtime : 1448356673 ;
msgtype : event ;
eventkey :  ;

2015-11-24 17:17:50 params :
------------
Array:
rule : -2 ;
module :  ;
message : Array ;

2015-11-24 17:17:50 response :
------------

2015-11-24 17:29:08 trace :
------------
Array:
from : oqCObuMQq-AVBdUC4bYEumGXDGQk ;
to : gh_5013f37369ce ;
time : 1448357348 ;
type : event ;
event : VIEW ;
tousername : gh_5013f37369ce ;
fromusername : oqCObuMQq-AVBdUC4bYEumGXDGQk ;
createtime : 1448357348 ;
msgtype : event ;
eventkey : http://mp.weixin.qq.com/s?__biz=MzA5MzE5NzExNw==&mid=10001097&idx=1&sn=8338ffe385dcd8dd1f376fc1a2fd50ff&scene=18#rd ;

2015-11-24 17:29:08 params :
------------
Array:
rule : -2 ;
module :  ;
message : Array ;

2015-11-24 17:29:08 response :
------------

2015-11-24 17:35:55 trace :
------------
Array:
from : oqCObuBeHJELfIzRNX57qNl0HTwg ;
to : gh_5013f37369ce ;
time : 1448357758 ;
type : event ;
event : subscribe ;
tousername : gh_5013f37369ce ;
fromusername : oqCObuBeHJELfIzRNX57qNl0HTwg ;
createtime : 1448357758 ;
msgtype : event ;
eventkey :  ;

2015-11-24 17:35:55 params :
------------
Array:
rule : -2 ;
module :  ;
message : Array ;

2015-11-24 17:35:55 response :
------------

2015-11-24 17:47:25 trace :
------------
Array:
from : oqCObuDjXXFcB9Bvg5rZJppN7Cuo ;
to : gh_5013f37369ce ;
time : 1448358448 ;
type : event ;
event : subscribe ;
tousername : gh_5013f37369ce ;
fromusername : oqCObuDjXXFcB9Bvg5rZJppN7Cuo ;
createtime : 1448358448 ;
msgtype : event ;
eventkey :  ;

2015-11-24 17:47:25 params :
------------
Array:
rule : -2 ;
module :  ;
message : Array ;

2015-11-24 17:47:25 response :
------------

2015-11-24 18:09:33 trace :
------------
Array:
from : oqCObuHC5n3oFx_dIM1MFhQUpS7U ;
to : gh_5013f37369ce ;
time : 1448359775 ;
type : event ;
event : subscribe ;
tousername : gh_5013f37369ce ;
fromusername : oqCObuHC5n3oFx_dIM1MFhQUpS7U ;
createtime : 1448359775 ;
msgtype : event ;
eventkey :  ;

2015-11-24 18:09:33 params :
------------
Array:
rule : -2 ;
module :  ;
message : Array ;

2015-11-24 18:09:33 response :
------------

2015-11-24 18:37:11 trace :
------------
Array:
from : oqCObuGvFDjWDCWumv-VXLaWz1zg ;
to : gh_5013f37369ce ;
time : 1448361434 ;
type : event ;
event : subscribe ;
tousername : gh_5013f37369ce ;
fromusername : oqCObuGvFDjWDCWumv-VXLaWz1zg ;
createtime : 1448361434 ;
msgtype : event ;
eventkey :  ;

2015-11-24 18:37:11 params :
------------
Array:
rule : -2 ;
module :  ;
message : Array ;

2015-11-24 18:37:11 response :
------------

2015-11-24 19:38:03 trace :
------------
Array:
from : oqCObuIHEnvOOD1Ac8woN2VXgJ7k ;
to : gh_5013f37369ce ;
time : 1448365086 ;
type : event ;
event : subscribe ;
tousername : gh_5013f37369ce ;
fromusername : oqCObuIHEnvOOD1Ac8woN2VXgJ7k ;
createtime : 1448365086 ;
msgtype : event ;
eventkey :  ;

2015-11-24 19:38:03 params :
------------
Array:
rule : -2 ;
module :  ;
message : Array ;

2015-11-24 19:38:03 response :
------------

2015-11-24 19:39:37 trace :
------------
Array:
from : oqCObuNN8UKvvkQ9jMwdJq1YjX1A ;
to : gh_5013f37369ce ;
time : 1448365179 ;
type : event ;
event : subscribe ;
tousername : gh_5013f37369ce ;
fromusername : oqCObuNN8UKvvkQ9jMwdJq1YjX1A ;
createtime : 1448365179 ;
msgtype : event ;
eventkey :  ;

2015-11-24 19:39:37 params :
------------
Array:
rule : -2 ;
module :  ;
message : Array ;

2015-11-24 19:39:37 response :
------------

2015-11-24 19:41:01 trace :
------------
Array:
from : oqCObuD7nSl3uVXp_QbCXNB9_JoQ ;
to : gh_5013f37369ce ;
time : 1448365263 ;
type : event ;
event : subscribe ;
tousername : gh_5013f37369ce ;
fromusername : oqCObuD7nSl3uVXp_QbCXNB9_JoQ ;
createtime : 1448365263 ;
msgtype : event ;
eventkey :  ;

2015-11-24 19:41:01 params :
------------
Array:
rule : -2 ;
module :  ;
message : Array ;

2015-11-24 19:41:01 response :
------------

2015-11-24 20:08:11 trace :
------------
Array:
from : oqCObuH3rAXc-d_qHYckzSXax5Xw ;
to : gh_5013f37369ce ;
time : 1448366894 ;
type : event ;
event : subscribe ;
tousername : gh_5013f37369ce ;
fromusername : oqCObuH3rAXc-d_qHYckzSXax5Xw ;
createtime : 1448366894 ;
msgtype : event ;
eventkey :  ;

2015-11-24 20:08:11 params :
------------
Array:
rule : -2 ;
module :  ;
message : Array ;

2015-11-24 20:08:11 response :
------------

2015-11-24 20:12:20 trace :
------------
Array:
from : oqCObuDDqBOfLu9ju6hRUxJYELGM ;
to : gh_5013f37369ce ;
time : 1448367143 ;
type : event ;
event : subscribe ;
tousername : gh_5013f37369ce ;
fromusername : oqCObuDDqBOfLu9ju6hRUxJYELGM ;
createtime : 1448367143 ;
msgtype : event ;
eventkey :  ;

2015-11-24 20:12:20 params :
------------
Array:
rule : -2 ;
module :  ;
message : Array ;

2015-11-24 20:12:20 response :
------------

2015-11-24 20:12:21 trace :
------------
Array:
from : oqCObuJPACDxgewYy1FOpSG5uYM8 ;
to : gh_5013f37369ce ;
time : 1448367144 ;
type : event ;
event : subscribe ;
tousername : gh_5013f37369ce ;
fromusername : oqCObuJPACDxgewYy1FOpSG5uYM8 ;
createtime : 1448367144 ;
msgtype : event ;
eventkey :  ;

2015-11-24 20:12:21 params :
------------
Array:
rule : -2 ;
module :  ;
message : Array ;

2015-11-24 20:12:21 response :
------------

2015-11-24 20:34:42 trace :
------------
Array:
from : oqCObuPI7YGGTeIxo3DEYB-nMj3c ;
to : gh_5013f37369ce ;
time : 1448368485 ;
type : event ;
event : subscribe ;
tousername : gh_5013f37369ce ;
fromusername : oqCObuPI7YGGTeIxo3DEYB-nMj3c ;
createtime : 1448368485 ;
msgtype : event ;
eventkey :  ;

2015-11-24 20:34:42 params :
------------
Array:
rule : -2 ;
module :  ;
message : Array ;

2015-11-24 20:34:42 response :
------------

2015-11-24 20:56:25 trace :
------------
Array:
from : oqCObuEQWQ4DYOlWHtMwUm_rwByE ;
to : gh_5013f37369ce ;
time : 1448369788 ;
type : event ;
event : subscribe ;
tousername : gh_5013f37369ce ;
fromusername : oqCObuEQWQ4DYOlWHtMwUm_rwByE ;
createtime : 1448369788 ;
msgtype : event ;
eventkey :  ;

2015-11-24 20:56:25 params :
------------
Array:
rule : -2 ;
module :  ;
message : Array ;

2015-11-24 20:56:25 response :
------------

2015-11-24 21:10:53 trace :
------------
Array:
from : oqCObuAXtvgPuJwStqbzhSuurkpM ;
to : gh_5013f37369ce ;
time : 1448370656 ;
type : event ;
event : subscribe ;
tousername : gh_5013f37369ce ;
fromusername : oqCObuAXtvgPuJwStqbzhSuurkpM ;
createtime : 1448370656 ;
msgtype : event ;
eventkey :  ;

2015-11-24 21:10:53 params :
------------
Array:
rule : -2 ;
module :  ;
message : Array ;

2015-11-24 21:10:53 response :
------------

2015-11-24 21:27:07 trace :
------------
Array:
from : oqCObuINAXtBqAVvbq5G9bmKubhc ;
to : gh_5013f37369ce ;
time : 1448371630 ;
type : event ;
event : subscribe ;
tousername : gh_5013f37369ce ;
fromusername : oqCObuINAXtBqAVvbq5G9bmKubhc ;
createtime : 1448371630 ;
msgtype : event ;
eventkey :  ;

2015-11-24 21:27:07 params :
------------
Array:
rule : -2 ;
module :  ;
message : Array ;

2015-11-24 21:27:07 response :
------------

2015-11-24 21:42:56 trace :
------------
Array:
from : oqCObuDW0-y3Uiy4VaNmqZ4RHk0c ;
to : gh_5013f37369ce ;
time : 1448372579 ;
type : event ;
event : subscribe ;
tousername : gh_5013f37369ce ;
fromusername : oqCObuDW0-y3Uiy4VaNmqZ4RHk0c ;
createtime : 1448372579 ;
msgtype : event ;
eventkey :  ;

2015-11-24 21:42:56 params :
------------
Array:
rule : -2 ;
module :  ;
message : Array ;

2015-11-24 21:42:56 response :
------------

2015-11-24 22:23:45 trace :
------------
Array:
from : oqCObuPHbgcNT8NuHWWIB-EPFhlc ;
to : gh_5013f37369ce ;
time : 1448375028 ;
type : event ;
event : VIEW ;
tousername : gh_5013f37369ce ;
fromusername : oqCObuPHbgcNT8NuHWWIB-EPFhlc ;
createtime : 1448375028 ;
msgtype : event ;
eventkey : http://mp.weixin.qq.com/s?__biz=MzA5MzE5NzExNw==&mid=10001097&idx=1&sn=8338ffe385dcd8dd1f376fc1a2fd50ff&scene=18#rd ;

2015-11-24 22:23:45 params :
------------
Array:
rule : -2 ;
module :  ;
message : Array ;

2015-11-24 22:23:45 response :
------------

