2015-12-08 07:19:26 trace :
------------
Array:
from : oqCObuEfEzy2lTPkD-0ajbWigImY ;
to : gh_5013f37369ce ;
time : 1449530363 ;
type : event ;
event : VIEW ;
tousername : gh_5013f37369ce ;
fromusername : oqCObuEfEzy2lTPkD-0ajbWigImY ;
createtime : 1449530363 ;
msgtype : event ;
eventkey : http://mp.weixin.qq.com/s?__biz=MzA5MzE5NzExNw==&mid=10001097&idx=1&sn=8338ffe385dcd8dd1f376fc1a2fd50ff&scene=18#rd ;

2015-12-08 07:19:26 params :
------------
Array:
rule : -2 ;
module :  ;
message : Array ;

2015-12-08 07:19:26 response :
------------

2015-12-08 07:19:34 trace :
------------
Array:
from : oqCObuEfEzy2lTPkD-0ajbWigImY ;
to : gh_5013f37369ce ;
time : 1449530375 ;
type : event ;
event : VIEW ;
tousername : gh_5013f37369ce ;
fromusername : oqCObuEfEzy2lTPkD-0ajbWigImY ;
createtime : 1449530375 ;
msgtype : event ;
eventkey : http://mp.weixin.qq.com/s?__biz=MzA5MzE5NzExNw==&mid=10001097&idx=1&sn=8338ffe385dcd8dd1f376fc1a2fd50ff&scene=18#rd ;

2015-12-08 07:19:34 params :
------------
Array:
rule : -2 ;
module :  ;
message : Array ;

2015-12-08 07:19:34 response :
------------

2015-12-08 07:19:40 trace :
------------
Array:
from : oqCObuEfEzy2lTPkD-0ajbWigImY ;
to : gh_5013f37369ce ;
time : 1449530381 ;
type : event ;
event : VIEW ;
tousername : gh_5013f37369ce ;
fromusername : oqCObuEfEzy2lTPkD-0ajbWigImY ;
createtime : 1449530381 ;
msgtype : event ;
eventkey : http://mp.weixin.qq.com/s?__biz=MzA5MzE5NzExNw==&mid=10001097&idx=1&sn=8338ffe385dcd8dd1f376fc1a2fd50ff&scene=18#rd ;

2015-12-08 07:19:40 params :
------------
Array:
rule : -2 ;
module :  ;
message : Array ;

2015-12-08 07:19:40 response :
------------

2015-12-08 09:05:22 trace :
------------
Array:
from : oqCObuIi-UATL9x9WNs_Xcz-CYJk ;
to : gh_5013f37369ce ;
time : 1449536724 ;
type : event ;
event : subscribe ;
tousername : gh_5013f37369ce ;
fromusername : oqCObuIi-UATL9x9WNs_Xcz-CYJk ;
createtime : 1449536724 ;
msgtype : event ;
eventkey :  ;

2015-12-08 09:05:22 params :
------------
Array:
rule : -2 ;
module :  ;
message : Array ;

2015-12-08 09:05:22 response :
------------

2015-12-08 09:25:42 trace :
------------
Array:
from : oqCObuHf9556ExXW5tViLDnTdwuk ;
to : gh_5013f37369ce ;
time : 1449537944 ;
type : event ;
event : subscribe ;
tousername : gh_5013f37369ce ;
fromusername : oqCObuHf9556ExXW5tViLDnTdwuk ;
createtime : 1449537944 ;
msgtype : event ;
eventkey :  ;

2015-12-08 09:25:42 params :
------------
Array:
rule : -2 ;
module :  ;
message : Array ;

2015-12-08 09:25:42 response :
------------

2015-12-08 09:34:52 trace :
------------
Array:
from : oqCObuB-WJSlYDP1Y-9YJiPHDoF4 ;
to : gh_5013f37369ce ;
time : 1449538494 ;
type : event ;
event : VIEW ;
tousername : gh_5013f37369ce ;
fromusername : oqCObuB-WJSlYDP1Y-9YJiPHDoF4 ;
createtime : 1449538494 ;
msgtype : event ;
eventkey : http://mp.weixin.qq.com/s?__biz=MzA5MzE5NzExNw==&mid=10001097&idx=1&sn=8338ffe385dcd8dd1f376fc1a2fd50ff&scene=18#rd ;

2015-12-08 09:34:52 params :
------------
Array:
rule : -2 ;
module :  ;
message : Array ;

2015-12-08 09:34:52 response :
------------

2015-12-08 09:35:13 trace :
------------
Array:
from : oqCObuB-WJSlYDP1Y-9YJiPHDoF4 ;
to : gh_5013f37369ce ;
time : 1449538511 ;
type : event ;
event : VIEW ;
tousername : gh_5013f37369ce ;
fromusername : oqCObuB-WJSlYDP1Y-9YJiPHDoF4 ;
createtime : 1449538511 ;
msgtype : event ;
eventkey : http://mp.weixin.qq.com/s?__biz=MzA5MzE5NzExNw==&mid=10001097&idx=1&sn=8338ffe385dcd8dd1f376fc1a2fd50ff&scene=18#rd ;

2015-12-08 09:35:13 params :
------------
Array:
rule : -2 ;
module :  ;
message : Array ;

2015-12-08 09:35:13 response :
------------

2015-12-08 09:37:16 trace :
------------
Array:
from : oqCObuB-WJSlYDP1Y-9YJiPHDoF4 ;
to : gh_5013f37369ce ;
time : 1449538638 ;
type : event ;
event : VIEW ;
tousername : gh_5013f37369ce ;
fromusername : oqCObuB-WJSlYDP1Y-9YJiPHDoF4 ;
createtime : 1449538638 ;
msgtype : event ;
eventkey : http://mp.weixin.qq.com/s?__biz=MzA5MzE5NzExNw==&mid=10001097&idx=1&sn=8338ffe385dcd8dd1f376fc1a2fd50ff&scene=18#rd ;

2015-12-08 09:37:16 params :
------------
Array:
rule : -2 ;
module :  ;
message : Array ;

2015-12-08 09:37:16 response :
------------

2015-12-08 09:37:25 trace :
------------
Array:
from : oqCObuB-WJSlYDP1Y-9YJiPHDoF4 ;
to : gh_5013f37369ce ;
time : 1449538647 ;
type : event ;
event : VIEW ;
tousername : gh_5013f37369ce ;
fromusername : oqCObuB-WJSlYDP1Y-9YJiPHDoF4 ;
createtime : 1449538647 ;
msgtype : event ;
eventkey : http://mp.weixin.qq.com/s?__biz=MzA5MzE5NzExNw==&mid=10001097&idx=1&sn=8338ffe385dcd8dd1f376fc1a2fd50ff&scene=18#rd ;

2015-12-08 09:37:25 params :
------------
Array:
rule : -2 ;
module :  ;
message : Array ;

2015-12-08 09:37:25 response :
------------

2015-12-08 09:37:32 trace :
------------
Array:
from : oqCObuB-WJSlYDP1Y-9YJiPHDoF4 ;
to : gh_5013f37369ce ;
time : 1449538653 ;
type : event ;
event : VIEW ;
tousername : gh_5013f37369ce ;
fromusername : oqCObuB-WJSlYDP1Y-9YJiPHDoF4 ;
createtime : 1449538653 ;
msgtype : event ;
eventkey : http://mp.weixin.qq.com/s?__biz=MzA5MzE5NzExNw==&mid=10001097&idx=1&sn=8338ffe385dcd8dd1f376fc1a2fd50ff&scene=18#rd ;

2015-12-08 09:37:32 params :
------------
Array:
rule : -2 ;
module :  ;
message : Array ;

2015-12-08 09:37:32 response :
------------

2015-12-08 09:37:37 trace :
------------
Array:
from : oqCObuB-WJSlYDP1Y-9YJiPHDoF4 ;
to : gh_5013f37369ce ;
time : 1449538658 ;
type : event ;
event : VIEW ;
tousername : gh_5013f37369ce ;
fromusername : oqCObuB-WJSlYDP1Y-9YJiPHDoF4 ;
createtime : 1449538658 ;
msgtype : event ;
eventkey : http://mp.weixin.qq.com/s?__biz=MzA5MzE5NzExNw==&mid=10001097&idx=1&sn=8338ffe385dcd8dd1f376fc1a2fd50ff&scene=18#rd ;

2015-12-08 09:37:37 params :
------------
Array:
rule : -2 ;
module :  ;
message : Array ;

2015-12-08 09:37:37 response :
------------

2015-12-08 09:37:40 trace :
------------
Array:
from : oqCObuB-WJSlYDP1Y-9YJiPHDoF4 ;
to : gh_5013f37369ce ;
time : 1449538661 ;
type : event ;
event : VIEW ;
tousername : gh_5013f37369ce ;
fromusername : oqCObuB-WJSlYDP1Y-9YJiPHDoF4 ;
createtime : 1449538661 ;
msgtype : event ;
eventkey : http://mp.weixin.qq.com/s?__biz=MzA5MzE5NzExNw==&mid=10001097&idx=1&sn=8338ffe385dcd8dd1f376fc1a2fd50ff&scene=18#rd ;

2015-12-08 09:37:40 params :
------------
Array:
rule : -2 ;
module :  ;
message : Array ;

2015-12-08 09:37:40 response :
------------

2015-12-08 10:29:36 trace :
------------
Array:
from : oqCObuLnmf0Ofux_494qMzzei3Fo ;
to : gh_5013f37369ce ;
time : 1449541774 ;
type : event ;
event : VIEW ;
tousername : gh_5013f37369ce ;
fromusername : oqCObuLnmf0Ofux_494qMzzei3Fo ;
createtime : 1449541774 ;
msgtype : event ;
eventkey : http://mp.weixin.qq.com/s?__biz=MzA5MzE5NzExNw==&mid=10001097&idx=1&sn=8338ffe385dcd8dd1f376fc1a2fd50ff&scene=18#rd ;

2015-12-08 10:29:36 params :
------------
Array:
rule : -2 ;
module :  ;
message : Array ;

2015-12-08 10:29:36 response :
------------

2015-12-08 10:36:04 trace :
------------
Array:
from : oqCObuM0duv9T0Q6XxK1RPnQT_jY ;
to : gh_5013f37369ce ;
time : 1449542166 ;
type : event ;
event : VIEW ;
tousername : gh_5013f37369ce ;
fromusername : oqCObuM0duv9T0Q6XxK1RPnQT_jY ;
createtime : 1449542166 ;
msgtype : event ;
eventkey : http://mp.weixin.qq.com/s?__biz=MzA5MzE5NzExNw==&mid=10001097&idx=1&sn=8338ffe385dcd8dd1f376fc1a2fd50ff&scene=18#rd ;

2015-12-08 10:36:04 params :
------------
Array:
rule : -2 ;
module :  ;
message : Array ;

2015-12-08 10:36:04 response :
------------

2015-12-08 10:51:37 trace :
------------
Array:
from : oqCObuMxN5zdwomf-SLMSeKNuX_8 ;
to : gh_5013f37369ce ;
time : 1449543099 ;
type : event ;
event : subscribe ;
tousername : gh_5013f37369ce ;
fromusername : oqCObuMxN5zdwomf-SLMSeKNuX_8 ;
createtime : 1449543099 ;
msgtype : event ;
eventkey :  ;

2015-12-08 10:51:37 params :
------------
Array:
rule : -2 ;
module :  ;
message : Array ;

2015-12-08 10:51:37 response :
------------

2015-12-08 10:59:01 trace :
------------
Array:
from : oqCObuOhYrQNkHCeyTCUJvqUz6kE ;
to : gh_5013f37369ce ;
time : 1449543540 ;
type : event ;
event : subscribe ;
tousername : gh_5013f37369ce ;
fromusername : oqCObuOhYrQNkHCeyTCUJvqUz6kE ;
createtime : 1449543540 ;
msgtype : event ;
eventkey :  ;

2015-12-08 10:59:01 params :
------------
Array:
rule : -2 ;
module :  ;
message : Array ;

2015-12-08 10:59:01 response :
------------

2015-12-08 11:02:27 trace :
------------
Array:
from : oqCObuClcH_BpyNcybSkIek_hY_k ;
to : gh_5013f37369ce ;
time : 1449543745 ;
type : event ;
event : VIEW ;
tousername : gh_5013f37369ce ;
fromusername : oqCObuClcH_BpyNcybSkIek_hY_k ;
createtime : 1449543745 ;
msgtype : event ;
eventkey : http://mp.weixin.qq.com/s?__biz=MzA5MzE5NzExNw==&mid=10001097&idx=1&sn=8338ffe385dcd8dd1f376fc1a2fd50ff&scene=18#rd ;

2015-12-08 11:02:27 params :
------------
Array:
rule : -2 ;
module :  ;
message : Array ;

2015-12-08 11:02:27 response :
------------

2015-12-08 11:03:49 trace :
------------
Array:
from : oqCObuClcH_BpyNcybSkIek_hY_k ;
to : gh_5013f37369ce ;
time : 1449543830 ;
type : event ;
event : VIEW ;
tousername : gh_5013f37369ce ;
fromusername : oqCObuClcH_BpyNcybSkIek_hY_k ;
createtime : 1449543830 ;
msgtype : event ;
eventkey : http://mp.weixin.qq.com/s?__biz=MzA5MzE5NzExNw==&mid=10001097&idx=1&sn=8338ffe385dcd8dd1f376fc1a2fd50ff&scene=18#rd ;

2015-12-08 11:03:49 params :
------------
Array:
rule : -2 ;
module :  ;
message : Array ;

2015-12-08 11:03:49 response :
------------

2015-12-08 11:04:12 trace :
------------
Array:
from : oqCObuClcH_BpyNcybSkIek_hY_k ;
to : gh_5013f37369ce ;
time : 1449543854 ;
type : event ;
event : VIEW ;
tousername : gh_5013f37369ce ;
fromusername : oqCObuClcH_BpyNcybSkIek_hY_k ;
createtime : 1449543854 ;
msgtype : event ;
eventkey : http://mp.weixin.qq.com/s?__biz=MzA5MzE5NzExNw==&mid=10001097&idx=1&sn=8338ffe385dcd8dd1f376fc1a2fd50ff&scene=18#rd ;

2015-12-08 11:04:12 params :
------------
Array:
rule : -2 ;
module :  ;
message : Array ;

2015-12-08 11:04:12 response :
------------

2015-12-08 11:08:42 trace :
------------
Array:
from : oqCObuKfZ26pQ4UVbPbe-z77BLsw ;
to : gh_5013f37369ce ;
time : 1449544124 ;
type : event ;
event : subscribe ;
tousername : gh_5013f37369ce ;
fromusername : oqCObuKfZ26pQ4UVbPbe-z77BLsw ;
createtime : 1449544124 ;
msgtype : event ;
eventkey :  ;

2015-12-08 11:08:42 params :
------------
Array:
rule : -2 ;
module :  ;
message : Array ;

2015-12-08 11:08:42 response :
------------

2015-12-08 11:23:59 trace :
------------
Array:
from : oqCObuEMUi5TI7V6xp8YXcZL7fiI ;
to : gh_5013f37369ce ;
time : 1449545041 ;
type : event ;
event : VIEW ;
tousername : gh_5013f37369ce ;
fromusername : oqCObuEMUi5TI7V6xp8YXcZL7fiI ;
createtime : 1449545041 ;
msgtype : event ;
eventkey : http://mp.weixin.qq.com/s?__biz=MzA5MzE5NzExNw==&mid=10001097&idx=1&sn=8338ffe385dcd8dd1f376fc1a2fd50ff&scene=18#rd ;

2015-12-08 11:23:59 params :
------------
Array:
rule : -2 ;
module :  ;
message : Array ;

2015-12-08 11:23:59 response :
------------

2015-12-08 11:46:33 trace :
------------
Array:
from : oqCObuOOP_ds-dufdVQ6tSMuQYsE ;
to : gh_5013f37369ce ;
time : 1449546392 ;
type : event ;
event : subscribe ;
tousername : gh_5013f37369ce ;
fromusername : oqCObuOOP_ds-dufdVQ6tSMuQYsE ;
createtime : 1449546392 ;
msgtype : event ;
eventkey :  ;

2015-12-08 11:46:33 params :
------------
Array:
rule : -2 ;
module :  ;
message : Array ;

2015-12-08 11:46:33 response :
------------

2015-12-08 11:47:42 trace :
------------
Array:
from : oqCObuClrg5mWzH_kzkD-cD_BdrM ;
to : gh_5013f37369ce ;
time : 1449546464 ;
type : event ;
event : subscribe ;
tousername : gh_5013f37369ce ;
fromusername : oqCObuClrg5mWzH_kzkD-cD_BdrM ;
createtime : 1449546464 ;
msgtype : event ;
eventkey :  ;

2015-12-08 11:47:42 params :
------------
Array:
rule : -2 ;
module :  ;
message : Array ;

2015-12-08 11:47:42 response :
------------

2015-12-08 11:52:12 trace :
------------
Array:
from : oqCObuDIv1i5Yn7HYpW_by2SaPyc ;
to : gh_5013f37369ce ;
time : 1449546733 ;
type : event ;
event : subscribe ;
tousername : gh_5013f37369ce ;
fromusername : oqCObuDIv1i5Yn7HYpW_by2SaPyc ;
createtime : 1449546733 ;
msgtype : event ;
eventkey :  ;

2015-12-08 11:52:12 params :
------------
Array:
rule : -2 ;
module :  ;
message : Array ;

2015-12-08 11:52:12 response :
------------

2015-12-08 12:06:27 trace :
------------
Array:
from : oqCObuL_PBaYAgmGxBg-ikW9QKu8 ;
to : gh_5013f37369ce ;
time : 1449547589 ;
type : event ;
event : subscribe ;
tousername : gh_5013f37369ce ;
fromusername : oqCObuL_PBaYAgmGxBg-ikW9QKu8 ;
createtime : 1449547589 ;
msgtype : event ;
eventkey :  ;

2015-12-08 12:06:27 params :
------------
Array:
rule : -2 ;
module :  ;
message : Array ;

2015-12-08 12:06:27 response :
------------

2015-12-08 12:17:24 trace :
------------
Array:
from : oqCObuMpXpCfoNdkfDhEvc8Rwxro ;
to : gh_5013f37369ce ;
time : 1449548245 ;
type : event ;
event : subscribe ;
tousername : gh_5013f37369ce ;
fromusername : oqCObuMpXpCfoNdkfDhEvc8Rwxro ;
createtime : 1449548245 ;
msgtype : event ;
eventkey :  ;

2015-12-08 12:17:24 params :
------------
Array:
rule : -2 ;
module :  ;
message : Array ;

2015-12-08 12:17:24 response :
------------

2015-12-08 12:21:52 trace :
------------
Array:
from : oqCObuPOfRjZqMdxog6I7VBnnNnQ ;
to : gh_5013f37369ce ;
time : 1449548513 ;
type : event ;
event : subscribe ;
tousername : gh_5013f37369ce ;
fromusername : oqCObuPOfRjZqMdxog6I7VBnnNnQ ;
createtime : 1449548513 ;
msgtype : event ;
eventkey :  ;

2015-12-08 12:21:52 params :
------------
Array:
rule : -2 ;
module :  ;
message : Array ;

2015-12-08 12:21:52 response :
------------

2015-12-08 12:22:29 trace :
------------
Array:
from : oqCObuBhy-VA0ERZ_Gdm9CZU-Mlg ;
to : gh_5013f37369ce ;
time : 1449548551 ;
type : event ;
event : subscribe ;
tousername : gh_5013f37369ce ;
fromusername : oqCObuBhy-VA0ERZ_Gdm9CZU-Mlg ;
createtime : 1449548551 ;
msgtype : event ;
eventkey :  ;

2015-12-08 12:22:29 params :
------------
Array:
rule : -2 ;
module :  ;
message : Array ;

2015-12-08 12:22:29 response :
------------

2015-12-08 12:38:27 trace :
------------
Array:
from : oqCObuKAZ01qspeEAuhxLm8xDTIo ;
to : gh_5013f37369ce ;
time : 1449549509 ;
type : event ;
event : subscribe ;
tousername : gh_5013f37369ce ;
fromusername : oqCObuKAZ01qspeEAuhxLm8xDTIo ;
createtime : 1449549509 ;
msgtype : event ;
eventkey :  ;

2015-12-08 12:38:27 params :
------------
Array:
rule : -2 ;
module :  ;
message : Array ;

2015-12-08 12:38:27 response :
------------

2015-12-08 12:56:39 trace :
------------
Array:
from : oqCObuPWlNV9pCRZ-Rjd8IIIUafQ ;
to : gh_5013f37369ce ;
time : 1449550600 ;
type : event ;
event : subscribe ;
tousername : gh_5013f37369ce ;
fromusername : oqCObuPWlNV9pCRZ-Rjd8IIIUafQ ;
createtime : 1449550600 ;
msgtype : event ;
eventkey :  ;

2015-12-08 12:56:39 params :
------------
Array:
rule : -2 ;
module :  ;
message : Array ;

2015-12-08 12:56:39 response :
------------

2015-12-08 12:57:20 trace :
------------
Array:
from : oqCObuEDGO15HKCW0kgQonOwSszc ;
to : gh_5013f37369ce ;
time : 1449550642 ;
type : event ;
event : subscribe ;
tousername : gh_5013f37369ce ;
fromusername : oqCObuEDGO15HKCW0kgQonOwSszc ;
createtime : 1449550642 ;
msgtype : event ;
eventkey :  ;

2015-12-08 12:57:20 params :
------------
Array:
rule : -2 ;
module :  ;
message : Array ;

2015-12-08 12:57:20 response :
------------

2015-12-08 13:37:07 trace :
------------
Array:
from : oqCObuARtlZEXdu21qP86va4vfQ4 ;
to : gh_5013f37369ce ;
time : 1449553028 ;
type : event ;
event : subscribe ;
tousername : gh_5013f37369ce ;
fromusername : oqCObuARtlZEXdu21qP86va4vfQ4 ;
createtime : 1449553028 ;
msgtype : event ;
eventkey :  ;

2015-12-08 13:37:07 params :
------------
Array:
rule : -2 ;
module :  ;
message : Array ;

2015-12-08 13:37:07 response :
------------

2015-12-08 13:48:18 trace :
------------
Array:
from : oqCObuCv6ANzaepN-m5FJ-1xIi0s ;
to : gh_5013f37369ce ;
time : 1449553700 ;
type : event ;
event : subscribe ;
tousername : gh_5013f37369ce ;
fromusername : oqCObuCv6ANzaepN-m5FJ-1xIi0s ;
createtime : 1449553700 ;
msgtype : event ;
eventkey :  ;

2015-12-08 13:48:18 params :
------------
Array:
rule : -2 ;
module :  ;
message : Array ;

2015-12-08 13:48:18 response :
------------

2015-12-08 13:59:22 trace :
------------
Array:
from : oqCObuMCEGJtvu0QZZfVQvb3WiW8 ;
to : gh_5013f37369ce ;
time : 1449554364 ;
type : event ;
event : VIEW ;
tousername : gh_5013f37369ce ;
fromusername : oqCObuMCEGJtvu0QZZfVQvb3WiW8 ;
createtime : 1449554364 ;
msgtype : event ;
eventkey : http://mp.weixin.qq.com/s?__biz=MzA5MzE5NzExNw==&mid=10001097&idx=1&sn=8338ffe385dcd8dd1f376fc1a2fd50ff&scene=18#rd ;

2015-12-08 13:59:22 params :
------------
Array:
rule : -2 ;
module :  ;
message : Array ;

2015-12-08 13:59:22 response :
------------

2015-12-08 13:59:30 trace :
------------
Array:
from : oqCObuMCEGJtvu0QZZfVQvb3WiW8 ;
to : gh_5013f37369ce ;
time : 1449554372 ;
type : event ;
event : VIEW ;
tousername : gh_5013f37369ce ;
fromusername : oqCObuMCEGJtvu0QZZfVQvb3WiW8 ;
createtime : 1449554372 ;
msgtype : event ;
eventkey : http://mp.weixin.qq.com/s?__biz=MzA5MzE5NzExNw==&mid=10001097&idx=1&sn=8338ffe385dcd8dd1f376fc1a2fd50ff&scene=18#rd ;

2015-12-08 13:59:30 params :
------------
Array:
rule : -2 ;
module :  ;
message : Array ;

2015-12-08 13:59:30 response :
------------

2015-12-08 14:04:50 trace :
------------
Array:
from : oqCObuEtjcx2aREISpTnMDmhCOdI ;
to : gh_5013f37369ce ;
time : 1449554691 ;
type : event ;
event : subscribe ;
tousername : gh_5013f37369ce ;
fromusername : oqCObuEtjcx2aREISpTnMDmhCOdI ;
createtime : 1449554691 ;
msgtype : event ;
eventkey :  ;

2015-12-08 14:04:50 params :
------------
Array:
rule : -2 ;
module :  ;
message : Array ;

2015-12-08 14:04:50 response :
------------

2015-12-08 14:10:34 trace :
------------
Array:
from : oqCObuO1bLNxmOpDi4RfOwmFXhnY ;
to : gh_5013f37369ce ;
time : 1449555036 ;
type : event ;
event : subscribe ;
tousername : gh_5013f37369ce ;
fromusername : oqCObuO1bLNxmOpDi4RfOwmFXhnY ;
createtime : 1449555036 ;
msgtype : event ;
eventkey :  ;

2015-12-08 14:10:34 params :
------------
Array:
rule : -2 ;
module :  ;
message : Array ;

2015-12-08 14:10:34 response :
------------

2015-12-08 14:14:38 trace :
------------
Array:
from : oqCObuFO7kSu-AX2AHgk6_R5iCb0 ;
to : gh_5013f37369ce ;
time : 1449555280 ;
type : event ;
event : VIEW ;
tousername : gh_5013f37369ce ;
fromusername : oqCObuFO7kSu-AX2AHgk6_R5iCb0 ;
createtime : 1449555280 ;
msgtype : event ;
eventkey : http://mp.weixin.qq.com/s?__biz=MzA5MzE5NzExNw==&mid=10001097&idx=1&sn=8338ffe385dcd8dd1f376fc1a2fd50ff&scene=18#rd ;

2015-12-08 14:14:38 params :
------------
Array:
rule : -2 ;
module :  ;
message : Array ;

2015-12-08 14:14:38 response :
------------

2015-12-08 14:14:55 trace :
------------
Array:
from : oqCObuFO7kSu-AX2AHgk6_R5iCb0 ;
to : gh_5013f37369ce ;
time : 1449555297 ;
type : event ;
event : VIEW ;
tousername : gh_5013f37369ce ;
fromusername : oqCObuFO7kSu-AX2AHgk6_R5iCb0 ;
createtime : 1449555297 ;
msgtype : event ;
eventkey : http://mp.weixin.qq.com/s?__biz=MzA5MzE5NzExNw==&mid=10001097&idx=1&sn=8338ffe385dcd8dd1f376fc1a2fd50ff&scene=18#rd ;

2015-12-08 14:14:55 params :
------------
Array:
rule : -2 ;
module :  ;
message : Array ;

2015-12-08 14:14:55 response :
------------

2015-12-08 14:14:59 trace :
------------
Array:
from : oqCObuFO7kSu-AX2AHgk6_R5iCb0 ;
to : gh_5013f37369ce ;
time : 1449555300 ;
type : event ;
event : VIEW ;
tousername : gh_5013f37369ce ;
fromusername : oqCObuFO7kSu-AX2AHgk6_R5iCb0 ;
createtime : 1449555300 ;
msgtype : event ;
eventkey : http://mp.weixin.qq.com/s?__biz=MzA5MzE5NzExNw==&mid=10001097&idx=1&sn=8338ffe385dcd8dd1f376fc1a2fd50ff&scene=18#rd ;

2015-12-08 14:14:59 params :
------------
Array:
rule : -2 ;
module :  ;
message : Array ;

2015-12-08 14:14:59 response :
------------

2015-12-08 14:15:00 trace :
------------
Array:
from : oqCObuFO7kSu-AX2AHgk6_R5iCb0 ;
to : gh_5013f37369ce ;
time : 1449555302 ;
type : event ;
event : VIEW ;
tousername : gh_5013f37369ce ;
fromusername : oqCObuFO7kSu-AX2AHgk6_R5iCb0 ;
createtime : 1449555302 ;
msgtype : event ;
eventkey : http://mp.weixin.qq.com/s?__biz=MzA5MzE5NzExNw==&mid=10001097&idx=1&sn=8338ffe385dcd8dd1f376fc1a2fd50ff&scene=18#rd ;

2015-12-08 14:15:00 params :
------------
Array:
rule : -2 ;
module :  ;
message : Array ;

2015-12-08 14:15:00 response :
------------

2015-12-08 14:15:02 trace :
------------
Array:
from : oqCObuFO7kSu-AX2AHgk6_R5iCb0 ;
to : gh_5013f37369ce ;
time : 1449555304 ;
type : event ;
event : VIEW ;
tousername : gh_5013f37369ce ;
fromusername : oqCObuFO7kSu-AX2AHgk6_R5iCb0 ;
createtime : 1449555304 ;
msgtype : event ;
eventkey : http://mp.weixin.qq.com/s?__biz=MzA5MzE5NzExNw==&mid=10001097&idx=1&sn=8338ffe385dcd8dd1f376fc1a2fd50ff&scene=18#rd ;

2015-12-08 14:15:02 params :
------------
Array:
rule : -2 ;
module :  ;
message : Array ;

2015-12-08 14:15:02 response :
------------

2015-12-08 14:15:18 trace :
------------
Array:
from : oqCObuFO7kSu-AX2AHgk6_R5iCb0 ;
to : gh_5013f37369ce ;
time : 1449555320 ;
type : event ;
event : VIEW ;
tousername : gh_5013f37369ce ;
fromusername : oqCObuFO7kSu-AX2AHgk6_R5iCb0 ;
createtime : 1449555320 ;
msgtype : event ;
eventkey : http://mp.weixin.qq.com/s?__biz=MzA5MzE5NzExNw==&mid=10001097&idx=1&sn=8338ffe385dcd8dd1f376fc1a2fd50ff&scene=18#rd ;

2015-12-08 14:15:18 params :
------------
Array:
rule : -2 ;
module :  ;
message : Array ;

2015-12-08 14:15:18 response :
------------

2015-12-08 14:17:56 trace :
------------
Array:
from : oqCObuFO7kSu-AX2AHgk6_R5iCb0 ;
to : gh_5013f37369ce ;
time : 1449555478 ;
type : event ;
event : VIEW ;
tousername : gh_5013f37369ce ;
fromusername : oqCObuFO7kSu-AX2AHgk6_R5iCb0 ;
createtime : 1449555478 ;
msgtype : event ;
eventkey : http://mp.weixin.qq.com/s?__biz=MzA5MzE5NzExNw==&mid=10001097&idx=1&sn=8338ffe385dcd8dd1f376fc1a2fd50ff&scene=18#rd ;

2015-12-08 14:17:56 params :
------------
Array:
rule : -2 ;
module :  ;
message : Array ;

2015-12-08 14:17:56 response :
------------

2015-12-08 14:18:00 trace :
------------
Array:
from : oqCObuFO7kSu-AX2AHgk6_R5iCb0 ;
to : gh_5013f37369ce ;
time : 1449555482 ;
type : event ;
event : VIEW ;
tousername : gh_5013f37369ce ;
fromusername : oqCObuFO7kSu-AX2AHgk6_R5iCb0 ;
createtime : 1449555482 ;
msgtype : event ;
eventkey : http://mp.weixin.qq.com/s?__biz=MzA5MzE5NzExNw==&mid=10001097&idx=1&sn=8338ffe385dcd8dd1f376fc1a2fd50ff&scene=18#rd ;

2015-12-08 14:18:00 params :
------------
Array:
rule : -2 ;
module :  ;
message : Array ;

2015-12-08 14:18:00 response :
------------

2015-12-08 14:18:02 trace :
------------
Array:
from : oqCObuFO7kSu-AX2AHgk6_R5iCb0 ;
to : gh_5013f37369ce ;
time : 1449555484 ;
type : event ;
event : VIEW ;
tousername : gh_5013f37369ce ;
fromusername : oqCObuFO7kSu-AX2AHgk6_R5iCb0 ;
createtime : 1449555484 ;
msgtype : event ;
eventkey : http://mp.weixin.qq.com/s?__biz=MzA5MzE5NzExNw==&mid=10001097&idx=1&sn=8338ffe385dcd8dd1f376fc1a2fd50ff&scene=18#rd ;

2015-12-08 14:18:02 params :
------------
Array:
rule : -2 ;
module :  ;
message : Array ;

2015-12-08 14:18:02 response :
------------

2015-12-08 14:18:05 trace :
------------
Array:
from : oqCObuFO7kSu-AX2AHgk6_R5iCb0 ;
to : gh_5013f37369ce ;
time : 1449555487 ;
type : event ;
event : VIEW ;
tousername : gh_5013f37369ce ;
fromusername : oqCObuFO7kSu-AX2AHgk6_R5iCb0 ;
createtime : 1449555487 ;
msgtype : event ;
eventkey : http://mp.weixin.qq.com/s?__biz=MzA5MzE5NzExNw==&mid=10001097&idx=1&sn=8338ffe385dcd8dd1f376fc1a2fd50ff&scene=18#rd ;

2015-12-08 14:18:05 params :
------------
Array:
rule : -2 ;
module :  ;
message : Array ;

2015-12-08 14:18:05 response :
------------

2015-12-08 14:18:08 trace :
------------
Array:
from : oqCObuFO7kSu-AX2AHgk6_R5iCb0 ;
to : gh_5013f37369ce ;
time : 1449555490 ;
type : event ;
event : VIEW ;
tousername : gh_5013f37369ce ;
fromusername : oqCObuFO7kSu-AX2AHgk6_R5iCb0 ;
createtime : 1449555490 ;
msgtype : event ;
eventkey : http://mp.weixin.qq.com/s?__biz=MzA5MzE5NzExNw==&mid=10001097&idx=1&sn=8338ffe385dcd8dd1f376fc1a2fd50ff&scene=18#rd ;

2015-12-08 14:18:08 params :
------------
Array:
rule : -2 ;
module :  ;
message : Array ;

2015-12-08 14:18:08 response :
------------

2015-12-08 14:18:10 trace :
------------
Array:
from : oqCObuFO7kSu-AX2AHgk6_R5iCb0 ;
to : gh_5013f37369ce ;
time : 1449555492 ;
type : event ;
event : VIEW ;
tousername : gh_5013f37369ce ;
fromusername : oqCObuFO7kSu-AX2AHgk6_R5iCb0 ;
createtime : 1449555492 ;
msgtype : event ;
eventkey : http://mp.weixin.qq.com/s?__biz=MzA5MzE5NzExNw==&mid=10001097&idx=1&sn=8338ffe385dcd8dd1f376fc1a2fd50ff&scene=18#rd ;

2015-12-08 14:18:10 params :
------------
Array:
rule : -2 ;
module :  ;
message : Array ;

2015-12-08 14:18:10 response :
------------

2015-12-08 14:25:31 trace :
------------
Array:
from : oqCObuLMBMswIqsLyvaT-NCkC6zA ;
to : gh_5013f37369ce ;
time : 1449555933 ;
type : event ;
event : subscribe ;
tousername : gh_5013f37369ce ;
fromusername : oqCObuLMBMswIqsLyvaT-NCkC6zA ;
createtime : 1449555933 ;
msgtype : event ;
eventkey :  ;

2015-12-08 14:25:31 params :
------------
Array:
rule : -2 ;
module :  ;
message : Array ;

2015-12-08 14:25:31 response :
------------

2015-12-08 14:30:51 trace :
------------
Array:
from : oqCObuC8LqJScFoHTyAMRFtm8Qhw ;
to : gh_5013f37369ce ;
time : 1449556253 ;
type : event ;
event : subscribe ;
tousername : gh_5013f37369ce ;
fromusername : oqCObuC8LqJScFoHTyAMRFtm8Qhw ;
createtime : 1449556253 ;
msgtype : event ;
eventkey :  ;

2015-12-08 14:30:51 params :
------------
Array:
rule : -2 ;
module :  ;
message : Array ;

2015-12-08 14:30:51 response :
------------

2015-12-08 14:30:59 trace :
------------
Array:
from : oqCObuC8LqJScFoHTyAMRFtm8Qhw ;
to : gh_5013f37369ce ;
time : 1449556261 ;
type : event ;
event : VIEW ;
tousername : gh_5013f37369ce ;
fromusername : oqCObuC8LqJScFoHTyAMRFtm8Qhw ;
createtime : 1449556261 ;
msgtype : event ;
eventkey : http://mp.weixin.qq.com/s?__biz=MzA5MzE5NzExNw==&mid=10001097&idx=1&sn=8338ffe385dcd8dd1f376fc1a2fd50ff&scene=18#rd ;

2015-12-08 14:30:59 params :
------------
Array:
rule : -2 ;
module :  ;
message : Array ;

2015-12-08 14:30:59 response :
------------

2015-12-08 14:31:18 trace :
------------
Array:
from : oqCObuC8LqJScFoHTyAMRFtm8Qhw ;
to : gh_5013f37369ce ;
time : 1449556280 ;
type : event ;
event : VIEW ;
tousername : gh_5013f37369ce ;
fromusername : oqCObuC8LqJScFoHTyAMRFtm8Qhw ;
createtime : 1449556280 ;
msgtype : event ;
eventkey : http://mp.weixin.qq.com/s?__biz=MzA5MzE5NzExNw==&mid=10001097&idx=1&sn=8338ffe385dcd8dd1f376fc1a2fd50ff&scene=18#rd ;

2015-12-08 14:31:18 params :
------------
Array:
rule : -2 ;
module :  ;
message : Array ;

2015-12-08 14:31:18 response :
------------

2015-12-08 14:38:43 trace :
------------
Array:
from : oqCObuNmy77Orq3iN2l0aR7E2Z1U ;
to : gh_5013f37369ce ;
time : 1449556725 ;
type : event ;
event : subscribe ;
tousername : gh_5013f37369ce ;
fromusername : oqCObuNmy77Orq3iN2l0aR7E2Z1U ;
createtime : 1449556725 ;
msgtype : event ;
eventkey :  ;

2015-12-08 14:38:43 params :
------------
Array:
rule : -2 ;
module :  ;
message : Array ;

2015-12-08 14:38:43 response :
------------

2015-12-08 14:38:52 trace :
------------
Array:
from : oqCObuNmy77Orq3iN2l0aR7E2Z1U ;
to : gh_5013f37369ce ;
time : 1449556734 ;
type : event ;
event : VIEW ;
tousername : gh_5013f37369ce ;
fromusername : oqCObuNmy77Orq3iN2l0aR7E2Z1U ;
createtime : 1449556734 ;
msgtype : event ;
eventkey : http://mp.weixin.qq.com/s?__biz=MzA5MzE5NzExNw==&mid=10001097&idx=1&sn=8338ffe385dcd8dd1f376fc1a2fd50ff&scene=18#rd ;

2015-12-08 14:38:52 params :
------------
Array:
rule : -2 ;
module :  ;
message : Array ;

2015-12-08 14:38:52 response :
------------

2015-12-08 14:43:29 trace :
------------
Array:
from : oqCObuPSrV9tetXp9Q0S7X_NQN5A ;
to : gh_5013f37369ce ;
time : 1449557011 ;
type : event ;
event : VIEW ;
tousername : gh_5013f37369ce ;
fromusername : oqCObuPSrV9tetXp9Q0S7X_NQN5A ;
createtime : 1449557011 ;
msgtype : event ;
eventkey : http://mp.weixin.qq.com/s?__biz=MzA5MzE5NzExNw==&mid=10001097&idx=1&sn=8338ffe385dcd8dd1f376fc1a2fd50ff&scene=18#rd ;

2015-12-08 14:43:29 params :
------------
Array:
rule : -2 ;
module :  ;
message : Array ;

2015-12-08 14:43:29 response :
------------

2015-12-08 14:49:54 trace :
------------
Array:
from : oqCObuPSrV9tetXp9Q0S7X_NQN5A ;
to : gh_5013f37369ce ;
time : 1449557396 ;
type : event ;
event : VIEW ;
tousername : gh_5013f37369ce ;
fromusername : oqCObuPSrV9tetXp9Q0S7X_NQN5A ;
createtime : 1449557396 ;
msgtype : event ;
eventkey : http://mp.weixin.qq.com/s?__biz=MzA5MzE5NzExNw==&mid=10001097&idx=1&sn=8338ffe385dcd8dd1f376fc1a2fd50ff&scene=18#rd ;

2015-12-08 14:49:54 params :
------------
Array:
rule : -2 ;
module :  ;
message : Array ;

2015-12-08 14:49:54 response :
------------

2015-12-08 14:50:12 trace :
------------
Array:
from : oqCObuPSrV9tetXp9Q0S7X_NQN5A ;
to : gh_5013f37369ce ;
time : 1449557414 ;
type : event ;
event : VIEW ;
tousername : gh_5013f37369ce ;
fromusername : oqCObuPSrV9tetXp9Q0S7X_NQN5A ;
createtime : 1449557414 ;
msgtype : event ;
eventkey : http://mp.weixin.qq.com/s?__biz=MzA5MzE5NzExNw==&mid=10001097&idx=1&sn=8338ffe385dcd8dd1f376fc1a2fd50ff&scene=18#rd ;

2015-12-08 14:50:12 params :
------------
Array:
rule : -2 ;
module :  ;
message : Array ;

2015-12-08 14:50:12 response :
------------

2015-12-08 14:54:42 trace :
------------
Array:
from : oqCObuENV8dKyg7AeXiOt1EccM1Y ;
to : gh_5013f37369ce ;
time : 1449557683 ;
type : event ;
event : subscribe ;
tousername : gh_5013f37369ce ;
fromusername : oqCObuENV8dKyg7AeXiOt1EccM1Y ;
createtime : 1449557683 ;
msgtype : event ;
eventkey :  ;

2015-12-08 14:54:42 params :
------------
Array:
rule : -2 ;
module :  ;
message : Array ;

2015-12-08 14:54:42 response :
------------

2015-12-08 15:05:51 trace :
------------
Array:
from : oqCObuKJ_7XoqlFjLN4PNDseG0fA ;
to : gh_5013f37369ce ;
time : 1449558353 ;
type : event ;
event : subscribe ;
tousername : gh_5013f37369ce ;
fromusername : oqCObuKJ_7XoqlFjLN4PNDseG0fA ;
createtime : 1449558353 ;
msgtype : event ;
eventkey :  ;

2015-12-08 15:05:51 params :
------------
Array:
rule : -2 ;
module :  ;
message : Array ;

2015-12-08 15:05:51 response :
------------

2015-12-08 15:53:20 trace :
------------
Array:
from : oqCObuIEYMeS5zhUSICEQplu5ID0 ;
to : gh_5013f37369ce ;
time : 1449561201 ;
type : event ;
event : subscribe ;
tousername : gh_5013f37369ce ;
fromusername : oqCObuIEYMeS5zhUSICEQplu5ID0 ;
createtime : 1449561201 ;
msgtype : event ;
eventkey :  ;

2015-12-08 15:53:20 params :
------------
Array:
rule : -2 ;
module :  ;
message : Array ;

2015-12-08 15:53:20 response :
------------

2015-12-08 16:05:55 trace :
------------
Array:
from : oqCObuIoYqO_lgqPsEGqecmxagUU ;
to : gh_5013f37369ce ;
time : 1449561956 ;
type : event ;
event : subscribe ;
tousername : gh_5013f37369ce ;
fromusername : oqCObuIoYqO_lgqPsEGqecmxagUU ;
createtime : 1449561956 ;
msgtype : event ;
eventkey :  ;

2015-12-08 16:05:55 params :
------------
Array:
rule : -2 ;
module :  ;
message : Array ;

2015-12-08 16:05:55 response :
------------

2015-12-08 16:17:09 trace :
------------
Array:
from : oqCObuJzA399M3LWxQiSukkZIQto ;
to : gh_5013f37369ce ;
time : 1449562631 ;
type : event ;
event : VIEW ;
tousername : gh_5013f37369ce ;
fromusername : oqCObuJzA399M3LWxQiSukkZIQto ;
createtime : 1449562631 ;
msgtype : event ;
eventkey : http://mp.weixin.qq.com/s?__biz=MzA5MzE5NzExNw==&mid=10001097&idx=1&sn=8338ffe385dcd8dd1f376fc1a2fd50ff&scene=18#rd ;

2015-12-08 16:17:09 params :
------------
Array:
rule : -2 ;
module :  ;
message : Array ;

2015-12-08 16:17:09 response :
------------

2015-12-08 16:21:04 trace :
------------
Array:
from : oqCObuHYj6wTZwZZYh6p6-YDTRLo ;
to : gh_5013f37369ce ;
time : 1449562866 ;
type : event ;
event : subscribe ;
tousername : gh_5013f37369ce ;
fromusername : oqCObuHYj6wTZwZZYh6p6-YDTRLo ;
createtime : 1449562866 ;
msgtype : event ;
eventkey :  ;

2015-12-08 16:21:04 params :
------------
Array:
rule : -2 ;
module :  ;
message : Array ;

2015-12-08 16:21:04 response :
------------

2015-12-08 16:22:34 trace :
------------
Array:
from : oqCObuFzDbJPMvG_2nJQTGS0Ec7A ;
to : gh_5013f37369ce ;
time : 1449562955 ;
type : event ;
event : subscribe ;
tousername : gh_5013f37369ce ;
fromusername : oqCObuFzDbJPMvG_2nJQTGS0Ec7A ;
createtime : 1449562955 ;
msgtype : event ;
eventkey :  ;

2015-12-08 16:22:34 params :
------------
Array:
rule : -2 ;
module :  ;
message : Array ;

2015-12-08 16:22:34 response :
------------

2015-12-08 16:29:38 trace :
------------
Array:
from : oqCObuBtJ4RWXFzfdpe_OnfWNGug ;
to : gh_5013f37369ce ;
time : 1449563380 ;
type : event ;
event : subscribe ;
tousername : gh_5013f37369ce ;
fromusername : oqCObuBtJ4RWXFzfdpe_OnfWNGug ;
createtime : 1449563380 ;
msgtype : event ;
eventkey :  ;

2015-12-08 16:29:38 params :
------------
Array:
rule : -2 ;
module :  ;
message : Array ;

2015-12-08 16:29:38 response :
------------

2015-12-08 16:40:49 trace :
------------
Array:
from : oqCObuHKCDZapRbqQ8uNW79vaqaU ;
to : gh_5013f37369ce ;
time : 1449564050 ;
type : event ;
event : subscribe ;
tousername : gh_5013f37369ce ;
fromusername : oqCObuHKCDZapRbqQ8uNW79vaqaU ;
createtime : 1449564050 ;
msgtype : event ;
eventkey :  ;

2015-12-08 16:40:49 params :
------------
Array:
rule : -2 ;
module :  ;
message : Array ;

2015-12-08 16:40:49 response :
------------

2015-12-08 16:43:18 trace :
------------
Array:
from : oqCObuFOs3GEIpBRD-EupIjRzea4 ;
to : gh_5013f37369ce ;
time : 1449564200 ;
type : event ;
event : subscribe ;
tousername : gh_5013f37369ce ;
fromusername : oqCObuFOs3GEIpBRD-EupIjRzea4 ;
createtime : 1449564200 ;
msgtype : event ;
eventkey :  ;

2015-12-08 16:43:18 params :
------------
Array:
rule : -2 ;
module :  ;
message : Array ;

2015-12-08 16:43:18 response :
------------

2015-12-08 17:06:46 trace :
------------
Array:
from : oqCObuOUtN_MW2v0xENo9jUxVXXs ;
to : gh_5013f37369ce ;
time : 1449565607 ;
type : event ;
event : subscribe ;
tousername : gh_5013f37369ce ;
fromusername : oqCObuOUtN_MW2v0xENo9jUxVXXs ;
createtime : 1449565607 ;
msgtype : event ;
eventkey :  ;

2015-12-08 17:06:46 params :
------------
Array:
rule : -2 ;
module :  ;
message : Array ;

2015-12-08 17:06:46 response :
------------

2015-12-08 17:18:12 trace :
------------
Array:
from : oqCObuHZKI7AZhmIkTrn2z5wCbs8 ;
to : gh_5013f37369ce ;
time : 1449566293 ;
type : event ;
event : subscribe ;
tousername : gh_5013f37369ce ;
fromusername : oqCObuHZKI7AZhmIkTrn2z5wCbs8 ;
createtime : 1449566293 ;
msgtype : event ;
eventkey :  ;

2015-12-08 17:18:12 params :
------------
Array:
rule : -2 ;
module :  ;
message : Array ;

2015-12-08 17:18:12 response :
------------

2015-12-08 17:21:56 trace :
------------
Array:
from : oqCObuE7sWBW1Y6lqk6O_BAfaptY ;
to : gh_5013f37369ce ;
time : 1449566518 ;
type : event ;
event : VIEW ;
tousername : gh_5013f37369ce ;
fromusername : oqCObuE7sWBW1Y6lqk6O_BAfaptY ;
createtime : 1449566518 ;
msgtype : event ;
eventkey : http://mp.weixin.qq.com/s?__biz=MzA5MzE5NzExNw==&mid=10001097&idx=1&sn=8338ffe385dcd8dd1f376fc1a2fd50ff&scene=18#rd ;

2015-12-08 17:21:56 params :
------------
Array:
rule : -2 ;
module :  ;
message : Array ;

2015-12-08 17:21:56 response :
------------

2015-12-08 17:47:32 trace :
------------
Array:
from : oqCObuEMUi5TI7V6xp8YXcZL7fiI ;
to : gh_5013f37369ce ;
time : 1449568054 ;
type : event ;
event : VIEW ;
tousername : gh_5013f37369ce ;
fromusername : oqCObuEMUi5TI7V6xp8YXcZL7fiI ;
createtime : 1449568054 ;
msgtype : event ;
eventkey : http://mp.weixin.qq.com/s?__biz=MzA5MzE5NzExNw==&mid=10001097&idx=1&sn=8338ffe385dcd8dd1f376fc1a2fd50ff&scene=18#rd ;

2015-12-08 17:47:32 params :
------------
Array:
rule : -2 ;
module :  ;
message : Array ;

2015-12-08 17:47:32 response :
------------

2015-12-08 17:51:37 trace :
------------
Array:
from : oqCObuClcH_BpyNcybSkIek_hY_k ;
to : gh_5013f37369ce ;
time : 1449568299 ;
type : event ;
event : VIEW ;
tousername : gh_5013f37369ce ;
fromusername : oqCObuClcH_BpyNcybSkIek_hY_k ;
createtime : 1449568299 ;
msgtype : event ;
eventkey : http://mp.weixin.qq.com/s?__biz=MzA5MzE5NzExNw==&mid=10001097&idx=1&sn=8338ffe385dcd8dd1f376fc1a2fd50ff&scene=18#rd ;

2015-12-08 17:51:37 params :
------------
Array:
rule : -2 ;
module :  ;
message : Array ;

2015-12-08 17:51:37 response :
------------

2015-12-08 18:12:52 trace :
------------
Array:
from : oqCObuK2EUU3CsulJIbG_cNs7NIc ;
to : gh_5013f37369ce ;
time : 1449569574 ;
type : event ;
event : subscribe ;
tousername : gh_5013f37369ce ;
fromusername : oqCObuK2EUU3CsulJIbG_cNs7NIc ;
createtime : 1449569574 ;
msgtype : event ;
eventkey :  ;

2015-12-08 18:12:52 params :
------------
Array:
rule : -2 ;
module :  ;
message : Array ;

2015-12-08 18:12:52 response :
------------

2015-12-08 18:15:51 trace :
------------
Array:
from : oqCObuLUs1xJ_5LXr3BJBff0CpV8 ;
to : gh_5013f37369ce ;
time : 1449569753 ;
type : event ;
event : subscribe ;
tousername : gh_5013f37369ce ;
fromusername : oqCObuLUs1xJ_5LXr3BJBff0CpV8 ;
createtime : 1449569753 ;
msgtype : event ;
eventkey :  ;

2015-12-08 18:15:51 params :
------------
Array:
rule : -2 ;
module :  ;
message : Array ;

2015-12-08 18:15:51 response :
------------

2015-12-08 18:26:53 trace :
------------
Array:
from : oqCObuJzA399M3LWxQiSukkZIQto ;
to : gh_5013f37369ce ;
time : 1449570414 ;
type : event ;
event : VIEW ;
tousername : gh_5013f37369ce ;
fromusername : oqCObuJzA399M3LWxQiSukkZIQto ;
createtime : 1449570414 ;
msgtype : event ;
eventkey : http://mp.weixin.qq.com/s?__biz=MzA5MzE5NzExNw==&mid=10001097&idx=1&sn=8338ffe385dcd8dd1f376fc1a2fd50ff&scene=18#rd ;

2015-12-08 18:26:53 params :
------------
Array:
rule : -2 ;
module :  ;
message : Array ;

2015-12-08 18:26:53 response :
------------

2015-12-08 18:27:15 trace :
------------
Array:
from : oqCObuJzA399M3LWxQiSukkZIQto ;
to : gh_5013f37369ce ;
time : 1449570437 ;
type : event ;
event : VIEW ;
tousername : gh_5013f37369ce ;
fromusername : oqCObuJzA399M3LWxQiSukkZIQto ;
createtime : 1449570437 ;
msgtype : event ;
eventkey : http://mp.weixin.qq.com/s?__biz=MzA5MzE5NzExNw==&mid=10001097&idx=1&sn=8338ffe385dcd8dd1f376fc1a2fd50ff&scene=18#rd ;

2015-12-08 18:27:15 params :
------------
Array:
rule : -2 ;
module :  ;
message : Array ;

2015-12-08 18:27:15 response :
------------

2015-12-08 18:33:18 trace :
------------
Array:
from : oqCObuOYMK-Mhjz2-MB7Ha0zZdPw ;
to : gh_5013f37369ce ;
time : 1449570800 ;
type : event ;
event : subscribe ;
tousername : gh_5013f37369ce ;
fromusername : oqCObuOYMK-Mhjz2-MB7Ha0zZdPw ;
createtime : 1449570800 ;
msgtype : event ;
eventkey :  ;

2015-12-08 18:33:18 params :
------------
Array:
rule : -2 ;
module :  ;
message : Array ;

2015-12-08 18:33:18 response :
------------

2015-12-08 19:21:14 trace :
------------
Array:
from : oqCObuGrRjhtuI5fYQOBjIRKAo-s ;
to : gh_5013f37369ce ;
time : 1449573670 ;
type : event ;
event : subscribe ;
tousername : gh_5013f37369ce ;
fromusername : oqCObuGrRjhtuI5fYQOBjIRKAo-s ;
createtime : 1449573670 ;
msgtype : event ;
eventkey :  ;

2015-12-08 19:21:14 trace :
------------
Array:
from : oqCObuGrRjhtuI5fYQOBjIRKAo-s ;
to : gh_5013f37369ce ;
time : 1449573670 ;
type : event ;
event : subscribe ;
tousername : gh_5013f37369ce ;
fromusername : oqCObuGrRjhtuI5fYQOBjIRKAo-s ;
createtime : 1449573670 ;
msgtype : event ;
eventkey :  ;

2015-12-08 19:21:14 params :
------------
Array:
rule : -2 ;
module :  ;
message : Array ;

2015-12-08 19:21:14 response :
------------

2015-12-08 19:21:14 params :
------------
Array:
rule : -2 ;
module :  ;
message : Array ;

2015-12-08 19:21:14 response :
------------

2015-12-08 19:30:53 trace :
------------
Array:
from : oqCObuKJKPefxhu4Tgnmninckbwk ;
to : gh_5013f37369ce ;
time : 1449574255 ;
type : event ;
event : VIEW ;
tousername : gh_5013f37369ce ;
fromusername : oqCObuKJKPefxhu4Tgnmninckbwk ;
createtime : 1449574255 ;
msgtype : event ;
eventkey : http://mp.weixin.qq.com/s?__biz=MzA5MzE5NzExNw==&mid=10001097&idx=1&sn=8338ffe385dcd8dd1f376fc1a2fd50ff&scene=18#rd ;

2015-12-08 19:30:53 params :
------------
Array:
rule : -2 ;
module :  ;
message : Array ;

2015-12-08 19:30:53 response :
------------

2015-12-08 19:44:54 trace :
------------
Array:
from : oqCObuEYyayhkMriRet9EEWk2nHA ;
to : gh_5013f37369ce ;
time : 1449575096 ;
type : event ;
event : subscribe ;
tousername : gh_5013f37369ce ;
fromusername : oqCObuEYyayhkMriRet9EEWk2nHA ;
createtime : 1449575096 ;
msgtype : event ;
eventkey :  ;

2015-12-08 19:44:54 params :
------------
Array:
rule : -2 ;
module :  ;
message : Array ;

2015-12-08 19:44:54 response :
------------

2015-12-08 19:45:32 trace :
------------
Array:
from : oqCObuOXOTF_bnobnCvtWWkTmoU4 ;
to : gh_5013f37369ce ;
time : 1449575133 ;
type : event ;
event : VIEW ;
tousername : gh_5013f37369ce ;
fromusername : oqCObuOXOTF_bnobnCvtWWkTmoU4 ;
createtime : 1449575133 ;
msgtype : event ;
eventkey : http://mp.weixin.qq.com/s?__biz=MzA5MzE5NzExNw==&mid=10001097&idx=1&sn=8338ffe385dcd8dd1f376fc1a2fd50ff&scene=18#rd ;

2015-12-08 19:45:32 params :
------------
Array:
rule : -2 ;
module :  ;
message : Array ;

2015-12-08 19:45:32 response :
------------

2015-12-08 19:47:14 trace :
------------
Array:
from : oqCObuEa_qs8YJHDc_TA6jCAxWXc ;
to : gh_5013f37369ce ;
time : 1449575235 ;
type : event ;
event : subscribe ;
tousername : gh_5013f37369ce ;
fromusername : oqCObuEa_qs8YJHDc_TA6jCAxWXc ;
createtime : 1449575235 ;
msgtype : event ;
eventkey :  ;

2015-12-08 19:47:14 params :
------------
Array:
rule : -2 ;
module :  ;
message : Array ;

2015-12-08 19:47:14 response :
------------

2015-12-08 20:05:04 trace :
------------
Array:
from : oqCObuC7RQF2NVMrFO2fxwVwEopY ;
to : gh_5013f37369ce ;
time : 1449576305 ;
type : event ;
event : subscribe ;
tousername : gh_5013f37369ce ;
fromusername : oqCObuC7RQF2NVMrFO2fxwVwEopY ;
createtime : 1449576305 ;
msgtype : event ;
eventkey :  ;

2015-12-08 20:05:04 params :
------------
Array:
rule : -2 ;
module :  ;
message : Array ;

2015-12-08 20:05:04 response :
------------

2015-12-08 20:06:00 trace :
------------
Array:
from : oqCObuKTv6ygb4Gb_Vi2YDjXpiho ;
to : gh_5013f37369ce ;
time : 1449576362 ;
type : event ;
event : subscribe ;
tousername : gh_5013f37369ce ;
fromusername : oqCObuKTv6ygb4Gb_Vi2YDjXpiho ;
createtime : 1449576362 ;
msgtype : event ;
eventkey :  ;

2015-12-08 20:06:00 params :
------------
Array:
rule : -2 ;
module :  ;
message : Array ;

2015-12-08 20:06:00 response :
------------

2015-12-08 20:08:52 trace :
------------
Array:
from : oqCObuApzAg0J-CqM9V3Zvk8URwU ;
to : gh_5013f37369ce ;
time : 1449576533 ;
type : event ;
event : subscribe ;
tousername : gh_5013f37369ce ;
fromusername : oqCObuApzAg0J-CqM9V3Zvk8URwU ;
createtime : 1449576533 ;
msgtype : event ;
eventkey :  ;

2015-12-08 20:08:52 params :
------------
Array:
rule : -2 ;
module :  ;
message : Array ;

2015-12-08 20:08:52 response :
------------

2015-12-08 20:11:36 trace :
------------
Array:
from : oqCObuFtAxZOPs2uebESPRyiVGaY ;
to : gh_5013f37369ce ;
time : 1449576697 ;
type : event ;
event : subscribe ;
tousername : gh_5013f37369ce ;
fromusername : oqCObuFtAxZOPs2uebESPRyiVGaY ;
createtime : 1449576697 ;
msgtype : event ;
eventkey :  ;

2015-12-08 20:11:36 params :
------------
Array:
rule : -2 ;
module :  ;
message : Array ;

2015-12-08 20:11:36 response :
------------

2015-12-08 20:25:23 trace :
------------
Array:
from : oqCObuC8ZkZhCwkmGLepJuUGK1cw ;
to : gh_5013f37369ce ;
time : 1449577524 ;
type : event ;
event : subscribe ;
tousername : gh_5013f37369ce ;
fromusername : oqCObuC8ZkZhCwkmGLepJuUGK1cw ;
createtime : 1449577524 ;
msgtype : event ;
eventkey :  ;

2015-12-08 20:25:23 params :
------------
Array:
rule : -2 ;
module :  ;
message : Array ;

2015-12-08 20:25:23 response :
------------

2015-12-08 20:47:24 trace :
------------
Array:
from : oqCObuAb1QO6ZHNbS68SWlYOKkEQ ;
to : gh_5013f37369ce ;
time : 1449578843 ;
type : event ;
event : subscribe ;
tousername : gh_5013f37369ce ;
fromusername : oqCObuAb1QO6ZHNbS68SWlYOKkEQ ;
createtime : 1449578843 ;
msgtype : event ;
eventkey :  ;

2015-12-08 20:47:24 params :
------------
Array:
rule : -2 ;
module :  ;
message : Array ;

2015-12-08 20:47:24 response :
------------

2015-12-08 21:14:53 trace :
------------
Array:
from : oqCObuJ48AQfSJxhKw9o25wJN5AA ;
to : gh_5013f37369ce ;
time : 1449580491 ;
type : event ;
event : subscribe ;
tousername : gh_5013f37369ce ;
fromusername : oqCObuJ48AQfSJxhKw9o25wJN5AA ;
createtime : 1449580491 ;
msgtype : event ;
eventkey :  ;

2015-12-08 21:14:53 params :
------------
Array:
rule : -2 ;
module :  ;
message : Array ;

2015-12-08 21:14:53 response :
------------

2015-12-08 22:37:17 trace :
------------
Array:
from : oqCObuPTlFh0ibeW7GCXFliZJOIY ;
to : gh_5013f37369ce ;
time : 1449585439 ;
type : event ;
event : subscribe ;
tousername : gh_5013f37369ce ;
fromusername : oqCObuPTlFh0ibeW7GCXFliZJOIY ;
createtime : 1449585439 ;
msgtype : event ;
eventkey :  ;

2015-12-08 22:37:17 params :
------------
Array:
rule : -2 ;
module :  ;
message : Array ;

2015-12-08 22:37:17 response :
------------

