2016-01-10 08:39:20 trace :
------------
Array:
from : oqCObuO1y-nWAIuiEIG58_saxey0 ;
to : gh_5013f37369ce ;
time : 1452386365 ;
type : event ;
event : VIEW ;
tousername : gh_5013f37369ce ;
fromusername : oqCObuO1y-nWAIuiEIG58_saxey0 ;
createtime : 1452386365 ;
msgtype : event ;
eventkey : http://mp.weixin.qq.com/s?__biz=MzA5MzE5NzExNw==&mid=10001097&idx=1&sn=8338ffe385dcd8dd1f376fc1a2fd50ff&scene=18#rd ;
menuid : 208007648 ;

2016-01-10 08:39:20 params :
------------
Array:
rule : -2 ;
module :  ;
message : Array ;

2016-01-10 08:39:20 response :
------------

2016-01-10 08:39:26 trace :
------------
Array:
from : oqCObuO1y-nWAIuiEIG58_saxey0 ;
to : gh_5013f37369ce ;
time : 1452386371 ;
type : event ;
event : VIEW ;
tousername : gh_5013f37369ce ;
fromusername : oqCObuO1y-nWAIuiEIG58_saxey0 ;
createtime : 1452386371 ;
msgtype : event ;
eventkey : http://mp.weixin.qq.com/s?__biz=MzA5MzE5NzExNw==&mid=10001097&idx=1&sn=8338ffe385dcd8dd1f376fc1a2fd50ff&scene=18#rd ;
menuid : 208007648 ;

2016-01-10 08:39:26 params :
------------
Array:
rule : -2 ;
module :  ;
message : Array ;

2016-01-10 08:39:26 response :
------------

2016-01-10 08:39:32 trace :
------------
Array:
from : oqCObuO1y-nWAIuiEIG58_saxey0 ;
to : gh_5013f37369ce ;
time : 1452386377 ;
type : event ;
event : VIEW ;
tousername : gh_5013f37369ce ;
fromusername : oqCObuO1y-nWAIuiEIG58_saxey0 ;
createtime : 1452386377 ;
msgtype : event ;
eventkey : http://mp.weixin.qq.com/s?__biz=MzA5MzE5NzExNw==&mid=10001097&idx=1&sn=8338ffe385dcd8dd1f376fc1a2fd50ff&scene=18#rd ;
menuid : 208007648 ;

2016-01-10 08:39:32 params :
------------
Array:
rule : -2 ;
module :  ;
message : Array ;

2016-01-10 08:39:32 response :
------------

2016-01-10 08:45:35 trace :
------------
Array:
from : oqCObuO1y-nWAIuiEIG58_saxey0 ;
to : gh_5013f37369ce ;
time : 1452386739 ;
type : event ;
event : VIEW ;
tousername : gh_5013f37369ce ;
fromusername : oqCObuO1y-nWAIuiEIG58_saxey0 ;
createtime : 1452386739 ;
msgtype : event ;
eventkey : http://mp.weixin.qq.com/s?__biz=MzA5MzE5NzExNw==&mid=10001097&idx=1&sn=8338ffe385dcd8dd1f376fc1a2fd50ff&scene=18#rd ;
menuid : 208007648 ;

2016-01-10 08:45:35 params :
------------
Array:
rule : -2 ;
module :  ;
message : Array ;

2016-01-10 08:45:35 response :
------------

2016-01-10 08:45:41 trace :
------------
Array:
from : oqCObuO1y-nWAIuiEIG58_saxey0 ;
to : gh_5013f37369ce ;
time : 1452386746 ;
type : event ;
event : VIEW ;
tousername : gh_5013f37369ce ;
fromusername : oqCObuO1y-nWAIuiEIG58_saxey0 ;
createtime : 1452386746 ;
msgtype : event ;
eventkey : http://mp.weixin.qq.com/s?__biz=MzA5MzE5NzExNw==&mid=10001097&idx=1&sn=8338ffe385dcd8dd1f376fc1a2fd50ff&scene=18#rd ;
menuid : 208007648 ;

2016-01-10 08:45:41 params :
------------
Array:
rule : -2 ;
module :  ;
message : Array ;

2016-01-10 08:45:41 response :
------------

2016-01-10 08:45:55 trace :
------------
Array:
from : oqCObuO1y-nWAIuiEIG58_saxey0 ;
to : gh_5013f37369ce ;
time : 1452386760 ;
type : event ;
event : VIEW ;
tousername : gh_5013f37369ce ;
fromusername : oqCObuO1y-nWAIuiEIG58_saxey0 ;
createtime : 1452386760 ;
msgtype : event ;
eventkey : http://mp.weixin.qq.com/s?__biz=MzA5MzE5NzExNw==&mid=10001097&idx=1&sn=8338ffe385dcd8dd1f376fc1a2fd50ff&scene=18#rd ;
menuid : 208007648 ;

2016-01-10 08:45:55 params :
------------
Array:
rule : -2 ;
module :  ;
message : Array ;

2016-01-10 08:45:55 response :
------------

2016-01-10 09:53:24 trace :
------------
Array:
from : oqCObuHlQWxRkjb_j1Hb5gL2t2HA ;
to : gh_5013f37369ce ;
time : 1452390806 ;
type : event ;
event : VIEW ;
tousername : gh_5013f37369ce ;
fromusername : oqCObuHlQWxRkjb_j1Hb5gL2t2HA ;
createtime : 1452390806 ;
msgtype : event ;
eventkey : http://mp.weixin.qq.com/s?__biz=MzA5MzE5NzExNw==&mid=10001097&idx=1&sn=8338ffe385dcd8dd1f376fc1a2fd50ff&scene=18#rd ;
menuid : 208007648 ;

2016-01-10 09:53:24 params :
------------
Array:
rule : -2 ;
module :  ;
message : Array ;

2016-01-10 09:53:24 response :
------------

2016-01-10 10:08:16 trace :
------------
Array:
from : oqCObuFrJeODfrqGYfTfez57cEgI ;
to : gh_5013f37369ce ;
time : 1452391698 ;
type : event ;
event : VIEW ;
tousername : gh_5013f37369ce ;
fromusername : oqCObuFrJeODfrqGYfTfez57cEgI ;
createtime : 1452391698 ;
msgtype : event ;
eventkey : http://mp.weixin.qq.com/s?__biz=MzA5MzE5NzExNw==&mid=10001097&idx=1&sn=8338ffe385dcd8dd1f376fc1a2fd50ff&scene=18#rd ;
menuid : 208007648 ;

2016-01-10 10:08:16 params :
------------
Array:
rule : -2 ;
module :  ;
message : Array ;

2016-01-10 10:08:16 response :
------------

2016-01-10 10:08:22 trace :
------------
Array:
from : oqCObuIQeTgfOry9tSWeywdxaqXc ;
to : gh_5013f37369ce ;
time : 1452391707 ;
type : event ;
event : VIEW ;
tousername : gh_5013f37369ce ;
fromusername : oqCObuIQeTgfOry9tSWeywdxaqXc ;
createtime : 1452391707 ;
msgtype : event ;
eventkey : http://mp.weixin.qq.com/s?__biz=MzA5MzE5NzExNw==&mid=10001097&idx=1&sn=8338ffe385dcd8dd1f376fc1a2fd50ff&scene=18#rd ;
menuid : 208007648 ;

2016-01-10 10:08:22 params :
------------
Array:
rule : -2 ;
module :  ;
message : Array ;

2016-01-10 10:08:22 response :
------------

2016-01-10 10:09:24 trace :
------------
Array:
from : oqCObuIQeTgfOry9tSWeywdxaqXc ;
to : gh_5013f37369ce ;
time : 1452391769 ;
type : event ;
event : VIEW ;
tousername : gh_5013f37369ce ;
fromusername : oqCObuIQeTgfOry9tSWeywdxaqXc ;
createtime : 1452391769 ;
msgtype : event ;
eventkey : http://mp.weixin.qq.com/s?__biz=MzA5MzE5NzExNw==&mid=10001097&idx=1&sn=8338ffe385dcd8dd1f376fc1a2fd50ff&scene=18#rd ;
menuid : 208007648 ;

2016-01-10 10:09:24 params :
------------
Array:
rule : -2 ;
module :  ;
message : Array ;

2016-01-10 10:09:24 response :
------------

2016-01-10 10:09:50 trace :
------------
Array:
from : oqCObuIQeTgfOry9tSWeywdxaqXc ;
to : gh_5013f37369ce ;
time : 1452391795 ;
type : event ;
event : VIEW ;
tousername : gh_5013f37369ce ;
fromusername : oqCObuIQeTgfOry9tSWeywdxaqXc ;
createtime : 1452391795 ;
msgtype : event ;
eventkey : http://mp.weixin.qq.com/s?__biz=MzA5MzE5NzExNw==&mid=10001097&idx=1&sn=8338ffe385dcd8dd1f376fc1a2fd50ff&scene=18#rd ;
menuid : 208007648 ;

2016-01-10 10:09:50 params :
------------
Array:
rule : -2 ;
module :  ;
message : Array ;

2016-01-10 10:09:50 response :
------------

2016-01-10 10:10:23 trace :
------------
Array:
from : oqCObuIQeTgfOry9tSWeywdxaqXc ;
to : gh_5013f37369ce ;
time : 1452391828 ;
type : event ;
event : VIEW ;
tousername : gh_5013f37369ce ;
fromusername : oqCObuIQeTgfOry9tSWeywdxaqXc ;
createtime : 1452391828 ;
msgtype : event ;
eventkey : http://mp.weixin.qq.com/s?__biz=MzA5MzE5NzExNw==&mid=10001097&idx=1&sn=8338ffe385dcd8dd1f376fc1a2fd50ff&scene=18#rd ;
menuid : 208007648 ;

2016-01-10 10:10:23 params :
------------
Array:
rule : -2 ;
module :  ;
message : Array ;

2016-01-10 10:10:23 response :
------------

2016-01-10 10:11:03 trace :
------------
Array:
from : oqCObuIQeTgfOry9tSWeywdxaqXc ;
to : gh_5013f37369ce ;
time : 1452391868 ;
type : event ;
event : VIEW ;
tousername : gh_5013f37369ce ;
fromusername : oqCObuIQeTgfOry9tSWeywdxaqXc ;
createtime : 1452391868 ;
msgtype : event ;
eventkey : http://mp.weixin.qq.com/s?__biz=MzA5MzE5NzExNw==&mid=10001097&idx=1&sn=8338ffe385dcd8dd1f376fc1a2fd50ff&scene=18#rd ;
menuid : 208007648 ;

2016-01-10 10:11:03 params :
------------
Array:
rule : -2 ;
module :  ;
message : Array ;

2016-01-10 10:11:03 response :
------------

2016-01-10 10:12:48 trace :
------------
Array:
from : oqCObuIQeTgfOry9tSWeywdxaqXc ;
to : gh_5013f37369ce ;
time : 1452391973 ;
type : event ;
event : VIEW ;
tousername : gh_5013f37369ce ;
fromusername : oqCObuIQeTgfOry9tSWeywdxaqXc ;
createtime : 1452391973 ;
msgtype : event ;
eventkey : http://mp.weixin.qq.com/s?__biz=MzA5MzE5NzExNw==&mid=10001097&idx=1&sn=8338ffe385dcd8dd1f376fc1a2fd50ff&scene=18#rd ;
menuid : 208007648 ;

2016-01-10 10:12:48 params :
------------
Array:
rule : -2 ;
module :  ;
message : Array ;

2016-01-10 10:12:48 response :
------------

2016-01-10 10:12:58 trace :
------------
Array:
from : oqCObuIQeTgfOry9tSWeywdxaqXc ;
to : gh_5013f37369ce ;
time : 1452391984 ;
type : event ;
event : VIEW ;
tousername : gh_5013f37369ce ;
fromusername : oqCObuIQeTgfOry9tSWeywdxaqXc ;
createtime : 1452391984 ;
msgtype : event ;
eventkey : http://mp.weixin.qq.com/s?__biz=MzA5MzE5NzExNw==&mid=10001097&idx=1&sn=8338ffe385dcd8dd1f376fc1a2fd50ff&scene=18#rd ;
menuid : 208007648 ;

2016-01-10 10:12:58 params :
------------
Array:
rule : -2 ;
module :  ;
message : Array ;

2016-01-10 10:12:58 response :
------------

2016-01-10 10:20:42 trace :
------------
Array:
from : oqCObuIQeTgfOry9tSWeywdxaqXc ;
to : gh_5013f37369ce ;
time : 1452392447 ;
type : event ;
event : VIEW ;
tousername : gh_5013f37369ce ;
fromusername : oqCObuIQeTgfOry9tSWeywdxaqXc ;
createtime : 1452392447 ;
msgtype : event ;
eventkey : http://mp.weixin.qq.com/s?__biz=MzA5MzE5NzExNw==&mid=10001097&idx=1&sn=8338ffe385dcd8dd1f376fc1a2fd50ff&scene=18#rd ;
menuid : 208007648 ;

2016-01-10 10:20:42 params :
------------
Array:
rule : -2 ;
module :  ;
message : Array ;

2016-01-10 10:20:42 response :
------------

2016-01-10 10:20:48 trace :
------------
Array:
from : oqCObuIQeTgfOry9tSWeywdxaqXc ;
to : gh_5013f37369ce ;
time : 1452392453 ;
type : event ;
event : VIEW ;
tousername : gh_5013f37369ce ;
fromusername : oqCObuIQeTgfOry9tSWeywdxaqXc ;
createtime : 1452392453 ;
msgtype : event ;
eventkey : http://mp.weixin.qq.com/s?__biz=MzA5MzE5NzExNw==&mid=10001097&idx=1&sn=8338ffe385dcd8dd1f376fc1a2fd50ff&scene=18#rd ;
menuid : 208007648 ;

2016-01-10 10:20:48 params :
------------
Array:
rule : -2 ;
module :  ;
message : Array ;

2016-01-10 10:20:48 response :
------------

2016-01-10 10:21:02 trace :
------------
Array:
from : oqCObuIQeTgfOry9tSWeywdxaqXc ;
to : gh_5013f37369ce ;
time : 1452392467 ;
type : event ;
event : VIEW ;
tousername : gh_5013f37369ce ;
fromusername : oqCObuIQeTgfOry9tSWeywdxaqXc ;
createtime : 1452392467 ;
msgtype : event ;
eventkey : http://mp.weixin.qq.com/s?__biz=MzA5MzE5NzExNw==&mid=10001097&idx=1&sn=8338ffe385dcd8dd1f376fc1a2fd50ff&scene=18#rd ;
menuid : 208007648 ;

2016-01-10 10:21:02 params :
------------
Array:
rule : -2 ;
module :  ;
message : Array ;

2016-01-10 10:21:02 response :
------------

2016-01-10 10:21:06 trace :
------------
Array:
from : oqCObuIQeTgfOry9tSWeywdxaqXc ;
to : gh_5013f37369ce ;
time : 1452392471 ;
type : event ;
event : VIEW ;
tousername : gh_5013f37369ce ;
fromusername : oqCObuIQeTgfOry9tSWeywdxaqXc ;
createtime : 1452392471 ;
msgtype : event ;
eventkey : http://mp.weixin.qq.com/s?__biz=MzA5MzE5NzExNw==&mid=10001097&idx=1&sn=8338ffe385dcd8dd1f376fc1a2fd50ff&scene=18#rd ;
menuid : 208007648 ;

2016-01-10 10:21:06 params :
------------
Array:
rule : -2 ;
module :  ;
message : Array ;

2016-01-10 10:21:06 response :
------------

2016-01-10 10:21:14 trace :
------------
Array:
from : oqCObuIQeTgfOry9tSWeywdxaqXc ;
to : gh_5013f37369ce ;
time : 1452392479 ;
type : event ;
event : VIEW ;
tousername : gh_5013f37369ce ;
fromusername : oqCObuIQeTgfOry9tSWeywdxaqXc ;
createtime : 1452392479 ;
msgtype : event ;
eventkey : http://mp.weixin.qq.com/s?__biz=MzA5MzE5NzExNw==&mid=10001097&idx=1&sn=8338ffe385dcd8dd1f376fc1a2fd50ff&scene=18#rd ;
menuid : 208007648 ;

2016-01-10 10:21:14 params :
------------
Array:
rule : -2 ;
module :  ;
message : Array ;

2016-01-10 10:21:14 response :
------------

2016-01-10 10:21:21 trace :
------------
Array:
from : oqCObuIQeTgfOry9tSWeywdxaqXc ;
to : gh_5013f37369ce ;
time : 1452392486 ;
type : event ;
event : VIEW ;
tousername : gh_5013f37369ce ;
fromusername : oqCObuIQeTgfOry9tSWeywdxaqXc ;
createtime : 1452392486 ;
msgtype : event ;
eventkey : http://mp.weixin.qq.com/s?__biz=MzA5MzE5NzExNw==&mid=10001097&idx=1&sn=8338ffe385dcd8dd1f376fc1a2fd50ff&scene=18#rd ;
menuid : 208007648 ;

2016-01-10 10:21:21 params :
------------
Array:
rule : -2 ;
module :  ;
message : Array ;

2016-01-10 10:21:21 response :
------------

2016-01-10 11:39:15 trace :
------------
Array:
from : oqCObuDzMPvokKaQ9cxvu8LZhE1o ;
to : gh_5013f37369ce ;
time : 1452397157 ;
type : event ;
event : subscribe ;
tousername : gh_5013f37369ce ;
fromusername : oqCObuDzMPvokKaQ9cxvu8LZhE1o ;
createtime : 1452397157 ;
msgtype : event ;
eventkey :  ;

2016-01-10 11:39:15 params :
------------
Array:
rule : -2 ;
module :  ;
message : Array ;

2016-01-10 11:39:15 response :
------------

2016-01-10 11:39:15 trace :
------------
Array:
from : oqCObuDzMPvokKaQ9cxvu8LZhE1o ;
to : gh_5013f37369ce ;
time : 1452397160 ;
type : event ;
event : VIEW ;
tousername : gh_5013f37369ce ;
fromusername : oqCObuDzMPvokKaQ9cxvu8LZhE1o ;
createtime : 1452397160 ;
msgtype : event ;
eventkey : http://mp.weixin.qq.com/s?__biz=MzA5MzE5NzExNw==&mid=10001097&idx=1&sn=8338ffe385dcd8dd1f376fc1a2fd50ff&scene=18#rd ;
menuid : 208007648 ;

2016-01-10 11:39:15 params :
------------
Array:
rule : -2 ;
module :  ;
message : Array ;

2016-01-10 11:39:15 response :
------------

2016-01-10 11:39:25 trace :
------------
Array:
from : oqCObuDzMPvokKaQ9cxvu8LZhE1o ;
to : gh_5013f37369ce ;
time : 1452397170 ;
type : event ;
event : VIEW ;
tousername : gh_5013f37369ce ;
fromusername : oqCObuDzMPvokKaQ9cxvu8LZhE1o ;
createtime : 1452397170 ;
msgtype : event ;
eventkey : http://mp.weixin.qq.com/s?__biz=MzA5MzE5NzExNw==&mid=10001097&idx=1&sn=8338ffe385dcd8dd1f376fc1a2fd50ff&scene=18#rd ;
menuid : 208007648 ;

2016-01-10 11:39:25 params :
------------
Array:
rule : -2 ;
module :  ;
message : Array ;

2016-01-10 11:39:25 response :
------------

2016-01-10 13:29:09 trace :
------------
Array:
from : oqCObuHDOiP_ODfuwm9B6VzXvrS8 ;
to : gh_5013f37369ce ;
time : 1452403754 ;
type : event ;
event : subscribe ;
tousername : gh_5013f37369ce ;
fromusername : oqCObuHDOiP_ODfuwm9B6VzXvrS8 ;
createtime : 1452403754 ;
msgtype : event ;
eventkey :  ;

2016-01-10 13:29:09 params :
------------
Array:
rule : -2 ;
module :  ;
message : Array ;

2016-01-10 13:29:09 response :
------------

2016-01-10 13:42:31 trace :
------------
Array:
from : oqCObuAV7Gq2CkpLTt2z0lDF8Gl0 ;
to : gh_5013f37369ce ;
time : 1452404553 ;
type : event ;
event : subscribe ;
tousername : gh_5013f37369ce ;
fromusername : oqCObuAV7Gq2CkpLTt2z0lDF8Gl0 ;
createtime : 1452404553 ;
msgtype : event ;
eventkey :  ;

2016-01-10 13:42:31 params :
------------
Array:
rule : -2 ;
module :  ;
message : Array ;

2016-01-10 13:42:31 response :
------------

2016-01-10 13:42:37 trace :
------------
Array:
from : oqCObuAV7Gq2CkpLTt2z0lDF8Gl0 ;
to : gh_5013f37369ce ;
time : 1452404562 ;
type : event ;
event : VIEW ;
tousername : gh_5013f37369ce ;
fromusername : oqCObuAV7Gq2CkpLTt2z0lDF8Gl0 ;
createtime : 1452404562 ;
msgtype : event ;
eventkey : http://mp.weixin.qq.com/s?__biz=MzA5MzE5NzExNw==&mid=10001097&idx=1&sn=8338ffe385dcd8dd1f376fc1a2fd50ff&scene=18#rd ;
menuid : 208007648 ;

2016-01-10 13:42:37 params :
------------
Array:
rule : -2 ;
module :  ;
message : Array ;

2016-01-10 13:42:37 response :
------------

2016-01-10 14:40:52 trace :
------------
Array:
from : oqCObuDOfiaVbbrrrcUwFpJdLs_E ;
to : gh_5013f37369ce ;
time : 1452408057 ;
type : event ;
event : VIEW ;
tousername : gh_5013f37369ce ;
fromusername : oqCObuDOfiaVbbrrrcUwFpJdLs_E ;
createtime : 1452408057 ;
msgtype : event ;
eventkey : http://mp.weixin.qq.com/s?__biz=MzA5MzE5NzExNw==&mid=10001097&idx=1&sn=8338ffe385dcd8dd1f376fc1a2fd50ff&scene=18#rd ;
menuid : 208007648 ;

2016-01-10 14:40:52 params :
------------
Array:
rule : -2 ;
module :  ;
message : Array ;

2016-01-10 14:40:52 response :
------------

2016-01-10 14:40:55 trace :
------------
Array:
from : oqCObuDOfiaVbbrrrcUwFpJdLs_E ;
to : gh_5013f37369ce ;
time : 1452408060 ;
type : event ;
event : VIEW ;
tousername : gh_5013f37369ce ;
fromusername : oqCObuDOfiaVbbrrrcUwFpJdLs_E ;
createtime : 1452408060 ;
msgtype : event ;
eventkey : http://mp.weixin.qq.com/s?__biz=MzA5MzE5NzExNw==&mid=10001097&idx=1&sn=8338ffe385dcd8dd1f376fc1a2fd50ff&scene=18#rd ;
menuid : 208007648 ;

2016-01-10 14:40:55 params :
------------
Array:
rule : -2 ;
module :  ;
message : Array ;

2016-01-10 14:40:55 response :
------------

2016-01-10 16:12:04 trace :
------------
Array:
from : oqCObuCacdcAAOgxvdHlZu9uPKEE ;
to : gh_5013f37369ce ;
time : 1452413529 ;
type : event ;
event : subscribe ;
tousername : gh_5013f37369ce ;
fromusername : oqCObuCacdcAAOgxvdHlZu9uPKEE ;
createtime : 1452413529 ;
msgtype : event ;
eventkey :  ;

2016-01-10 16:12:04 params :
------------
Array:
rule : -2 ;
module :  ;
message : Array ;

2016-01-10 16:12:04 response :
------------

2016-01-10 16:12:09 trace :
------------
Array:
from : oqCObuCacdcAAOgxvdHlZu9uPKEE ;
to : gh_5013f37369ce ;
time : 1452413534 ;
type : event ;
event : VIEW ;
tousername : gh_5013f37369ce ;
fromusername : oqCObuCacdcAAOgxvdHlZu9uPKEE ;
createtime : 1452413534 ;
msgtype : event ;
eventkey : http://mp.weixin.qq.com/s?__biz=MzA5MzE5NzExNw==&mid=10001097&idx=1&sn=8338ffe385dcd8dd1f376fc1a2fd50ff&scene=18#rd ;
menuid : 208007648 ;

2016-01-10 16:12:09 params :
------------
Array:
rule : -2 ;
module :  ;
message : Array ;

2016-01-10 16:12:09 response :
------------

2016-01-10 16:12:14 trace :
------------
Array:
from : oqCObuCacdcAAOgxvdHlZu9uPKEE ;
to : gh_5013f37369ce ;
time : 1452413539 ;
type : event ;
event : VIEW ;
tousername : gh_5013f37369ce ;
fromusername : oqCObuCacdcAAOgxvdHlZu9uPKEE ;
createtime : 1452413539 ;
msgtype : event ;
eventkey : http://mp.weixin.qq.com/s?__biz=MzA5MzE5NzExNw==&mid=10001097&idx=1&sn=8338ffe385dcd8dd1f376fc1a2fd50ff&scene=18#rd ;
menuid : 208007648 ;

2016-01-10 16:12:14 params :
------------
Array:
rule : -2 ;
module :  ;
message : Array ;

2016-01-10 16:12:14 response :
------------

2016-01-10 16:12:18 trace :
------------
Array:
from : oqCObuCacdcAAOgxvdHlZu9uPKEE ;
to : gh_5013f37369ce ;
time : 1452413543 ;
type : event ;
event : VIEW ;
tousername : gh_5013f37369ce ;
fromusername : oqCObuCacdcAAOgxvdHlZu9uPKEE ;
createtime : 1452413543 ;
msgtype : event ;
eventkey : http://mp.weixin.qq.com/s?__biz=MzA5MzE5NzExNw==&mid=10001097&idx=1&sn=8338ffe385dcd8dd1f376fc1a2fd50ff&scene=18#rd ;
menuid : 208007648 ;

2016-01-10 16:12:18 params :
------------
Array:
rule : -2 ;
module :  ;
message : Array ;

2016-01-10 16:12:18 response :
------------

2016-01-10 18:48:57 trace :
------------
Array:
from : oqCObuMQFcIAgiUtclwaaLZ5hx1k ;
to : gh_5013f37369ce ;
time : 1452422938 ;
type : event ;
event : subscribe ;
tousername : gh_5013f37369ce ;
fromusername : oqCObuMQFcIAgiUtclwaaLZ5hx1k ;
createtime : 1452422938 ;
msgtype : event ;
eventkey :  ;

2016-01-10 18:48:57 params :
------------
Array:
rule : -2 ;
module :  ;
message : Array ;

2016-01-10 18:48:57 response :
------------

2016-01-10 19:11:44 trace :
------------
Array:
from : oqCObuMQFcIAgiUtclwaaLZ5hx1k ;
to : gh_5013f37369ce ;
time : 1452424309 ;
type : event ;
event : VIEW ;
tousername : gh_5013f37369ce ;
fromusername : oqCObuMQFcIAgiUtclwaaLZ5hx1k ;
createtime : 1452424309 ;
msgtype : event ;
eventkey : http://mp.weixin.qq.com/s?__biz=MzA5MzE5NzExNw==&mid=10001097&idx=1&sn=8338ffe385dcd8dd1f376fc1a2fd50ff&scene=18#rd ;
menuid : 208007648 ;

2016-01-10 19:11:44 params :
------------
Array:
rule : -2 ;
module :  ;
message : Array ;

2016-01-10 19:11:44 response :
------------

2016-01-10 19:12:20 trace :
------------
Array:
from : oqCObuMQFcIAgiUtclwaaLZ5hx1k ;
to : gh_5013f37369ce ;
time : 1452424345 ;
type : event ;
event : VIEW ;
tousername : gh_5013f37369ce ;
fromusername : oqCObuMQFcIAgiUtclwaaLZ5hx1k ;
createtime : 1452424345 ;
msgtype : event ;
eventkey : http://mp.weixin.qq.com/s?__biz=MzA5MzE5NzExNw==&mid=10001097&idx=1&sn=8338ffe385dcd8dd1f376fc1a2fd50ff&scene=18#rd ;
menuid : 208007648 ;

2016-01-10 19:12:20 params :
------------
Array:
rule : -2 ;
module :  ;
message : Array ;

2016-01-10 19:12:20 response :
------------

2016-01-10 19:45:08 trace :
------------
Array:
from : oqCObuOuFWiX-W3J2DOyvqZZFiNY ;
to : gh_5013f37369ce ;
time : 1452426313 ;
type : event ;
event : subscribe ;
tousername : gh_5013f37369ce ;
fromusername : oqCObuOuFWiX-W3J2DOyvqZZFiNY ;
createtime : 1452426313 ;
msgtype : event ;
eventkey :  ;

2016-01-10 19:45:08 params :
------------
Array:
rule : -2 ;
module :  ;
message : Array ;

2016-01-10 19:45:08 response :
------------

2016-01-10 19:45:16 trace :
------------
Array:
from : oqCObuOuFWiX-W3J2DOyvqZZFiNY ;
to : gh_5013f37369ce ;
time : 1452426321 ;
type : event ;
event : VIEW ;
tousername : gh_5013f37369ce ;
fromusername : oqCObuOuFWiX-W3J2DOyvqZZFiNY ;
createtime : 1452426321 ;
msgtype : event ;
eventkey : http://mp.weixin.qq.com/s?__biz=MzA5MzE5NzExNw==&mid=10001097&idx=1&sn=8338ffe385dcd8dd1f376fc1a2fd50ff&scene=18#rd ;
menuid : 208007648 ;

2016-01-10 19:45:16 params :
------------
Array:
rule : -2 ;
module :  ;
message : Array ;

2016-01-10 19:45:16 response :
------------

2016-01-10 20:46:45 trace :
------------
Array:
from : oqCObuOtuSsUAEJpta3CS6XuCdIo ;
to : gh_5013f37369ce ;
time : 1452430010 ;
type : event ;
event : subscribe ;
tousername : gh_5013f37369ce ;
fromusername : oqCObuOtuSsUAEJpta3CS6XuCdIo ;
createtime : 1452430010 ;
msgtype : event ;
eventkey :  ;

2016-01-10 20:46:45 params :
------------
Array:
rule : -2 ;
module :  ;
message : Array ;

2016-01-10 20:46:45 response :
------------

2016-01-10 21:45:48 trace :
------------
Array:
from : oqCObuJHGRArlQImbeIoI6BlyPpc ;
to : gh_5013f37369ce ;
time : 1452433553 ;
type : event ;
event : VIEW ;
tousername : gh_5013f37369ce ;
fromusername : oqCObuJHGRArlQImbeIoI6BlyPpc ;
createtime : 1452433553 ;
msgtype : event ;
eventkey : http://mp.weixin.qq.com/s?__biz=MzA5MzE5NzExNw==&mid=10001097&idx=1&sn=8338ffe385dcd8dd1f376fc1a2fd50ff&scene=18#rd ;
menuid : 208007648 ;

2016-01-10 21:45:48 params :
------------
Array:
rule : -2 ;
module :  ;
message : Array ;

2016-01-10 21:45:48 response :
------------

2016-01-10 21:45:57 trace :
------------
Array:
from : oqCObuJHGRArlQImbeIoI6BlyPpc ;
to : gh_5013f37369ce ;
time : 1452433561 ;
type : event ;
event : VIEW ;
tousername : gh_5013f37369ce ;
fromusername : oqCObuJHGRArlQImbeIoI6BlyPpc ;
createtime : 1452433561 ;
msgtype : event ;
eventkey : http://mp.weixin.qq.com/s?__biz=MzA5MzE5NzExNw==&mid=10001097&idx=1&sn=8338ffe385dcd8dd1f376fc1a2fd50ff&scene=18#rd ;
menuid : 208007648 ;

2016-01-10 21:45:57 params :
------------
Array:
rule : -2 ;
module :  ;
message : Array ;

2016-01-10 21:45:57 response :
------------

2016-01-10 21:46:06 trace :
------------
Array:
from : oqCObuJHGRArlQImbeIoI6BlyPpc ;
to : gh_5013f37369ce ;
time : 1452433571 ;
type : event ;
event : VIEW ;
tousername : gh_5013f37369ce ;
fromusername : oqCObuJHGRArlQImbeIoI6BlyPpc ;
createtime : 1452433571 ;
msgtype : event ;
eventkey : http://mp.weixin.qq.com/s?__biz=MzA5MzE5NzExNw==&mid=10001097&idx=1&sn=8338ffe385dcd8dd1f376fc1a2fd50ff&scene=18#rd ;
menuid : 208007648 ;

2016-01-10 21:46:06 params :
------------
Array:
rule : -2 ;
module :  ;
message : Array ;

2016-01-10 21:46:06 response :
------------

2016-01-10 21:46:35 trace :
------------
Array:
from : oqCObuJHGRArlQImbeIoI6BlyPpc ;
to : gh_5013f37369ce ;
time : 1452433600 ;
type : event ;
event : VIEW ;
tousername : gh_5013f37369ce ;
fromusername : oqCObuJHGRArlQImbeIoI6BlyPpc ;
createtime : 1452433600 ;
msgtype : event ;
eventkey : http://mp.weixin.qq.com/s?__biz=MzA5MzE5NzExNw==&mid=10001097&idx=1&sn=8338ffe385dcd8dd1f376fc1a2fd50ff&scene=18#rd ;
menuid : 208007648 ;

2016-01-10 21:46:35 params :
------------
Array:
rule : -2 ;
module :  ;
message : Array ;

2016-01-10 21:46:35 response :
------------

2016-01-10 22:29:23 trace :
------------
Array:
from : oqCObuFu-63q3Slk1z25PP9vA9lQ ;
to : gh_5013f37369ce ;
time : 1452436168 ;
type : event ;
event : VIEW ;
tousername : gh_5013f37369ce ;
fromusername : oqCObuFu-63q3Slk1z25PP9vA9lQ ;
createtime : 1452436168 ;
msgtype : event ;
eventkey : http://mp.weixin.qq.com/s?__biz=MzA5MzE5NzExNw==&mid=10001097&idx=1&sn=8338ffe385dcd8dd1f376fc1a2fd50ff&scene=18#rd ;
menuid : 208007648 ;

2016-01-10 22:29:23 params :
------------
Array:
rule : -2 ;
module :  ;
message : Array ;

2016-01-10 22:29:23 response :
------------

2016-01-10 22:29:31 trace :
------------
Array:
from : oqCObuFu-63q3Slk1z25PP9vA9lQ ;
to : gh_5013f37369ce ;
time : 1452436177 ;
type : event ;
event : VIEW ;
tousername : gh_5013f37369ce ;
fromusername : oqCObuFu-63q3Slk1z25PP9vA9lQ ;
createtime : 1452436177 ;
msgtype : event ;
eventkey : http://mp.weixin.qq.com/s?__biz=MzA5MzE5NzExNw==&mid=10001097&idx=1&sn=8338ffe385dcd8dd1f376fc1a2fd50ff&scene=18#rd ;
menuid : 208007648 ;

2016-01-10 22:29:31 params :
------------
Array:
rule : -2 ;
module :  ;
message : Array ;

2016-01-10 22:29:31 response :
------------

2016-01-10 22:29:36 trace :
------------
Array:
from : oqCObuFu-63q3Slk1z25PP9vA9lQ ;
to : gh_5013f37369ce ;
time : 1452436182 ;
type : event ;
event : VIEW ;
tousername : gh_5013f37369ce ;
fromusername : oqCObuFu-63q3Slk1z25PP9vA9lQ ;
createtime : 1452436182 ;
msgtype : event ;
eventkey : http://mp.weixin.qq.com/s?__biz=MzA5MzE5NzExNw==&mid=10001097&idx=1&sn=8338ffe385dcd8dd1f376fc1a2fd50ff&scene=18#rd ;
menuid : 208007648 ;

2016-01-10 22:29:36 params :
------------
Array:
rule : -2 ;
module :  ;
message : Array ;

2016-01-10 22:29:36 response :
------------

2016-01-10 22:33:15 trace :
------------
Array:
from : oqCObuOvivjkdAaTuHi6MJzxSyDc ;
to : gh_5013f37369ce ;
time : 1452436400 ;
type : event ;
event : subscribe ;
tousername : gh_5013f37369ce ;
fromusername : oqCObuOvivjkdAaTuHi6MJzxSyDc ;
createtime : 1452436400 ;
msgtype : event ;
eventkey :  ;

2016-01-10 22:33:15 params :
------------
Array:
rule : -2 ;
module :  ;
message : Array ;

2016-01-10 22:33:15 response :
------------

2016-01-10 22:33:37 trace :
------------
Array:
from : oqCObuOvivjkdAaTuHi6MJzxSyDc ;
to : gh_5013f37369ce ;
time : 1452436422 ;
type : text ;
event :  ;
tousername : gh_5013f37369ce ;
fromusername : oqCObuOvivjkdAaTuHi6MJzxSyDc ;
createtime : 1452436422 ;
msgtype : text ;
content : 3D4+2修复原液 ;
msgid : 6238166932410939721 ;
redirection :  ;
source :  ;

2016-01-10 22:33:37 params :
------------
Array:
rule : -2 ;
module :  ;
message : Array ;

2016-01-10 22:33:37 response :
------------

2016-01-10 23:48:09 trace :
------------
Array:
from : oqCObuC8LqJScFoHTyAMRFtm8Qhw ;
to : gh_5013f37369ce ;
time : 1452440894 ;
type : event ;
event : VIEW ;
tousername : gh_5013f37369ce ;
fromusername : oqCObuC8LqJScFoHTyAMRFtm8Qhw ;
createtime : 1452440894 ;
msgtype : event ;
eventkey : http://mp.weixin.qq.com/s?__biz=MzA5MzE5NzExNw==&mid=10001097&idx=1&sn=8338ffe385dcd8dd1f376fc1a2fd50ff&scene=18#rd ;
menuid : 208007648 ;

2016-01-10 23:48:09 params :
------------
Array:
rule : -2 ;
module :  ;
message : Array ;

2016-01-10 23:48:09 response :
------------

