2016-05-26 10:03:42 trace :
------------
Array:
from : oqCObuGy0-7YF0zQOIPWoKjfYiFc ;
to : gh_5013f37369ce ;
time : 1464228301 ;
type : event ;
event : VIEW ;
tousername : gh_5013f37369ce ;
fromusername : oqCObuGy0-7YF0zQOIPWoKjfYiFc ;
createtime : 1464228301 ;
msgtype : event ;
eventkey : http://mp.weixin.qq.com/s?__biz=MzA5MzE5NzExNw==&mid=10001097&idx=1&sn=8338ffe385dcd8dd1f376fc1a2fd50ff&scene=18#rd ;
menuid : 208007648 ;

2016-05-26 10:03:42 params :
------------
Array:
rule : -2 ;
module :  ;
message : Array ;

2016-05-26 10:03:42 response :
------------

2016-05-26 10:03:52 trace :
------------
Array:
from : oqCObuGy0-7YF0zQOIPWoKjfYiFc ;
to : gh_5013f37369ce ;
time : 1464228312 ;
type : event ;
event : VIEW ;
tousername : gh_5013f37369ce ;
fromusername : oqCObuGy0-7YF0zQOIPWoKjfYiFc ;
createtime : 1464228312 ;
msgtype : event ;
eventkey : http://mp.weixin.qq.com/s?__biz=MzA5MzE5NzExNw==&mid=10001097&idx=1&sn=8338ffe385dcd8dd1f376fc1a2fd50ff&scene=18#rd ;
menuid : 208007648 ;

2016-05-26 10:03:52 params :
------------
Array:
rule : -2 ;
module :  ;
message : Array ;

2016-05-26 10:03:52 response :
------------

2016-05-26 12:35:59 trace :
------------
Array:
from : oqCObuAjnm83yGkNBrTSkiRupn8g ;
to : gh_5013f37369ce ;
time : 1464237442 ;
type : event ;
event : VIEW ;
tousername : gh_5013f37369ce ;
fromusername : oqCObuAjnm83yGkNBrTSkiRupn8g ;
createtime : 1464237442 ;
msgtype : event ;
eventkey : http://mp.weixin.qq.com/s?__biz=MzA5MzE5NzExNw==&mid=10001097&idx=1&sn=8338ffe385dcd8dd1f376fc1a2fd50ff&scene=18#rd ;
menuid : 208007648 ;

2016-05-26 12:35:59 params :
------------
Array:
rule : -2 ;
module :  ;
message : Array ;

2016-05-26 12:35:59 response :
------------

2016-05-26 15:27:34 trace :
------------
Array:
from : oqCObuHpcwkKMnDMY8RI2J7caiPQ ;
to : gh_5013f37369ce ;
time : 1464247737 ;
type : event ;
event : VIEW ;
tousername : gh_5013f37369ce ;
fromusername : oqCObuHpcwkKMnDMY8RI2J7caiPQ ;
createtime : 1464247737 ;
msgtype : event ;
eventkey : http://mp.weixin.qq.com/s?__biz=MzA5MzE5NzExNw==&mid=10001097&idx=1&sn=8338ffe385dcd8dd1f376fc1a2fd50ff&scene=18#rd ;
menuid : 208007648 ;

2016-05-26 15:27:34 params :
------------
Array:
rule : -2 ;
module :  ;
message : Array ;

2016-05-26 15:27:34 response :
------------

2016-05-26 15:27:48 trace :
------------
Array:
from : oqCObuHpcwkKMnDMY8RI2J7caiPQ ;
to : gh_5013f37369ce ;
time : 1464247751 ;
type : event ;
event : VIEW ;
tousername : gh_5013f37369ce ;
fromusername : oqCObuHpcwkKMnDMY8RI2J7caiPQ ;
createtime : 1464247751 ;
msgtype : event ;
eventkey : http://mp.weixin.qq.com/s?__biz=MzA5MzE5NzExNw==&mid=10001097&idx=1&sn=8338ffe385dcd8dd1f376fc1a2fd50ff&scene=18#rd ;
menuid : 208007648 ;

2016-05-26 15:27:48 params :
------------
Array:
rule : -2 ;
module :  ;
message : Array ;

2016-05-26 15:27:48 response :
------------

2016-05-26 15:27:53 trace :
------------
Array:
from : oqCObuHpcwkKMnDMY8RI2J7caiPQ ;
to : gh_5013f37369ce ;
time : 1464247755 ;
type : event ;
event : VIEW ;
tousername : gh_5013f37369ce ;
fromusername : oqCObuHpcwkKMnDMY8RI2J7caiPQ ;
createtime : 1464247755 ;
msgtype : event ;
eventkey : http://mp.weixin.qq.com/s?__biz=MzA5MzE5NzExNw==&mid=10001097&idx=1&sn=8338ffe385dcd8dd1f376fc1a2fd50ff&scene=18#rd ;
menuid : 208007648 ;

2016-05-26 15:27:53 params :
------------
Array:
rule : -2 ;
module :  ;
message : Array ;

2016-05-26 15:27:53 response :
------------

2016-05-26 15:27:57 trace :
------------
Array:
from : oqCObuHpcwkKMnDMY8RI2J7caiPQ ;
to : gh_5013f37369ce ;
time : 1464247760 ;
type : event ;
event : VIEW ;
tousername : gh_5013f37369ce ;
fromusername : oqCObuHpcwkKMnDMY8RI2J7caiPQ ;
createtime : 1464247760 ;
msgtype : event ;
eventkey : http://mp.weixin.qq.com/s?__biz=MzA5MzE5NzExNw==&mid=10001097&idx=1&sn=8338ffe385dcd8dd1f376fc1a2fd50ff&scene=18#rd ;
menuid : 208007648 ;

2016-05-26 15:27:57 params :
------------
Array:
rule : -2 ;
module :  ;
message : Array ;

2016-05-26 15:27:57 response :
------------

2016-05-26 15:28:03 trace :
------------
Array:
from : oqCObuHpcwkKMnDMY8RI2J7caiPQ ;
to : gh_5013f37369ce ;
time : 1464247766 ;
type : event ;
event : VIEW ;
tousername : gh_5013f37369ce ;
fromusername : oqCObuHpcwkKMnDMY8RI2J7caiPQ ;
createtime : 1464247766 ;
msgtype : event ;
eventkey : http://mp.weixin.qq.com/s?__biz=MzA5MzE5NzExNw==&mid=10001097&idx=1&sn=8338ffe385dcd8dd1f376fc1a2fd50ff&scene=18#rd ;
menuid : 208007648 ;

2016-05-26 15:28:03 params :
------------
Array:
rule : -2 ;
module :  ;
message : Array ;

2016-05-26 15:28:03 response :
------------

2016-05-26 15:33:17 trace :
------------
Array:
from : oqCObuHyjP1TnLoEZWnhxgsJZJj4 ;
to : gh_5013f37369ce ;
time : 1464248081 ;
type : event ;
event : VIEW ;
tousername : gh_5013f37369ce ;
fromusername : oqCObuHyjP1TnLoEZWnhxgsJZJj4 ;
createtime : 1464248081 ;
msgtype : event ;
eventkey : http://mp.weixin.qq.com/s?__biz=MzA5MzE5NzExNw==&mid=10001097&idx=1&sn=8338ffe385dcd8dd1f376fc1a2fd50ff&scene=18#rd ;
menuid : 208007648 ;

2016-05-26 15:33:18 params :
------------
Array:
rule : -2 ;
module :  ;
message : Array ;

2016-05-26 15:33:18 response :
------------

2016-05-26 15:42:13 trace :
------------
Array:
from : oqCObuP6Pj7skKKQpkvCnXDHb2P4 ;
to : gh_5013f37369ce ;
time : 1464248616 ;
type : event ;
event : subscribe ;
tousername : gh_5013f37369ce ;
fromusername : oqCObuP6Pj7skKKQpkvCnXDHb2P4 ;
createtime : 1464248616 ;
msgtype : event ;
eventkey :  ;

2016-05-26 15:42:13 params :
------------
Array:
rule : -2 ;
module :  ;
message : Array ;

2016-05-26 15:42:13 response :
------------

2016-05-26 15:43:03 trace :
------------
Array:
from : oqCObuP6Pj7skKKQpkvCnXDHb2P4 ;
to : gh_5013f37369ce ;
time : 1464248666 ;
type : event ;
event : VIEW ;
tousername : gh_5013f37369ce ;
fromusername : oqCObuP6Pj7skKKQpkvCnXDHb2P4 ;
createtime : 1464248666 ;
msgtype : event ;
eventkey : http://mp.weixin.qq.com/s?__biz=MzA5MzE5NzExNw==&mid=10001097&idx=1&sn=8338ffe385dcd8dd1f376fc1a2fd50ff&scene=18#rd ;
menuid : 208007648 ;

2016-05-26 15:43:03 params :
------------
Array:
rule : -2 ;
module :  ;
message : Array ;

2016-05-26 15:43:03 response :
------------

2016-05-26 15:55:49 trace :
------------
Array:
from : oqCObuLsxioMqI3BvI2YFMRzFQpk ;
to : gh_5013f37369ce ;
time : 1464249432 ;
type : event ;
event : subscribe ;
tousername : gh_5013f37369ce ;
fromusername : oqCObuLsxioMqI3BvI2YFMRzFQpk ;
createtime : 1464249432 ;
msgtype : event ;
eventkey :  ;

2016-05-26 15:55:49 params :
------------
Array:
rule : -2 ;
module :  ;
message : Array ;

2016-05-26 15:55:49 response :
------------

2016-05-26 17:59:11 trace :
------------
Array:
from : oqCObuK9yCurAG3GzAyfyaNOwCik ;
to : gh_5013f37369ce ;
time : 1464256834 ;
type : event ;
event : VIEW ;
tousername : gh_5013f37369ce ;
fromusername : oqCObuK9yCurAG3GzAyfyaNOwCik ;
createtime : 1464256834 ;
msgtype : event ;
eventkey : http://mp.weixin.qq.com/s?__biz=MzA5MzE5NzExNw==&mid=10001097&idx=1&sn=8338ffe385dcd8dd1f376fc1a2fd50ff&scene=18#rd ;
menuid : 208007648 ;

2016-05-26 17:59:11 params :
------------
Array:
rule : -2 ;
module :  ;
message : Array ;

2016-05-26 17:59:11 response :
------------

2016-05-26 20:55:05 trace :
------------
Array:
from : oqCObuH0rgvhz9KCeX73z8ekpvNI ;
to : gh_5013f37369ce ;
time : 1464267388 ;
type : event ;
event : VIEW ;
tousername : gh_5013f37369ce ;
fromusername : oqCObuH0rgvhz9KCeX73z8ekpvNI ;
createtime : 1464267388 ;
msgtype : event ;
eventkey : http://mp.weixin.qq.com/s?__biz=MzA5MzE5NzExNw==&mid=10001097&idx=1&sn=8338ffe385dcd8dd1f376fc1a2fd50ff&scene=18#rd ;
menuid : 208007648 ;

2016-05-26 20:55:05 params :
------------
Array:
rule : -2 ;
module :  ;
message : Array ;

2016-05-26 20:55:05 response :
------------

