2016-03-18 09:01:36 trace :
------------
Array:
from : oqCObuLDV1Kb_6Pg2FMS6DXDArUI ;
to : gh_5013f37369ce ;
time : 1458262909 ;
type : event ;
event : subscribe ;
tousername : gh_5013f37369ce ;
fromusername : oqCObuLDV1Kb_6Pg2FMS6DXDArUI ;
createtime : 1458262909 ;
msgtype : event ;
eventkey :  ;

2016-03-18 09:01:36 params :
------------
Array:
rule : -2 ;
module :  ;
message : Array ;

2016-03-18 09:01:36 response :
------------

2016-03-18 09:16:45 trace :
------------
Array:
from : oqCObuGUKKeSoNJrx1LVQnTJ6Y5Q ;
to : gh_5013f37369ce ;
time : 1458263818 ;
type : event ;
event : subscribe ;
tousername : gh_5013f37369ce ;
fromusername : oqCObuGUKKeSoNJrx1LVQnTJ6Y5Q ;
createtime : 1458263818 ;
msgtype : event ;
eventkey :  ;

2016-03-18 09:16:45 params :
------------
Array:
rule : -2 ;
module :  ;
message : Array ;

2016-03-18 09:16:45 response :
------------

2016-03-18 09:31:21 trace :
------------
Array:
from : oqCObuH3kzh_R577Y9ylfTf3YH5k ;
to : gh_5013f37369ce ;
time : 1458264693 ;
type : event ;
event : VIEW ;
tousername : gh_5013f37369ce ;
fromusername : oqCObuH3kzh_R577Y9ylfTf3YH5k ;
createtime : 1458264693 ;
msgtype : event ;
eventkey : http://mp.weixin.qq.com/s?__biz=MzA5MzE5NzExNw==&mid=10001097&idx=1&sn=8338ffe385dcd8dd1f376fc1a2fd50ff&scene=18#rd ;
menuid : 208007648 ;

2016-03-18 09:31:21 params :
------------
Array:
rule : -2 ;
module :  ;
message : Array ;

2016-03-18 09:31:21 response :
------------

2016-03-18 12:55:48 trace :
------------
Array:
from : oqCObuJuulnkx6K-ptrScpc1nxHc ;
to : gh_5013f37369ce ;
time : 1458276961 ;
type : event ;
event : VIEW ;
tousername : gh_5013f37369ce ;
fromusername : oqCObuJuulnkx6K-ptrScpc1nxHc ;
createtime : 1458276961 ;
msgtype : event ;
eventkey : http://mp.weixin.qq.com/s?__biz=MzA5MzE5NzExNw==&mid=10001097&idx=1&sn=8338ffe385dcd8dd1f376fc1a2fd50ff&scene=18#rd ;
menuid : 208007648 ;

2016-03-18 12:55:48 params :
------------
Array:
rule : -2 ;
module :  ;
message : Array ;

2016-03-18 12:55:48 response :
------------

2016-03-18 12:57:01 trace :
------------
Array:
from : oqCObuJuulnkx6K-ptrScpc1nxHc ;
to : gh_5013f37369ce ;
time : 1458277034 ;
type : event ;
event : VIEW ;
tousername : gh_5013f37369ce ;
fromusername : oqCObuJuulnkx6K-ptrScpc1nxHc ;
createtime : 1458277034 ;
msgtype : event ;
eventkey : http://mp.weixin.qq.com/s?__biz=MzA5MzE5NzExNw==&mid=10001097&idx=1&sn=8338ffe385dcd8dd1f376fc1a2fd50ff&scene=18#rd ;
menuid : 208007648 ;

2016-03-18 12:57:01 params :
------------
Array:
rule : -2 ;
module :  ;
message : Array ;

2016-03-18 12:57:01 response :
------------

2016-03-18 12:57:26 trace :
------------
Array:
from : oqCObuJuulnkx6K-ptrScpc1nxHc ;
to : gh_5013f37369ce ;
time : 1458277059 ;
type : event ;
event : VIEW ;
tousername : gh_5013f37369ce ;
fromusername : oqCObuJuulnkx6K-ptrScpc1nxHc ;
createtime : 1458277059 ;
msgtype : event ;
eventkey : http://mp.weixin.qq.com/s?__biz=MzA5MzE5NzExNw==&mid=10001097&idx=1&sn=8338ffe385dcd8dd1f376fc1a2fd50ff&scene=18#rd ;
menuid : 208007648 ;

2016-03-18 12:57:26 params :
------------
Array:
rule : -2 ;
module :  ;
message : Array ;

2016-03-18 12:57:26 response :
------------

2016-03-18 12:57:47 trace :
------------
Array:
from : oqCObuJuulnkx6K-ptrScpc1nxHc ;
to : gh_5013f37369ce ;
time : 1458277080 ;
type : event ;
event : VIEW ;
tousername : gh_5013f37369ce ;
fromusername : oqCObuJuulnkx6K-ptrScpc1nxHc ;
createtime : 1458277080 ;
msgtype : event ;
eventkey : http://mp.weixin.qq.com/s?__biz=MzA5MzE5NzExNw==&mid=10001097&idx=1&sn=8338ffe385dcd8dd1f376fc1a2fd50ff&scene=18#rd ;
menuid : 208007648 ;

2016-03-18 12:57:47 params :
------------
Array:
rule : -2 ;
module :  ;
message : Array ;

2016-03-18 12:57:47 response :
------------

2016-03-18 13:11:31 trace :
------------
Array:
from : oqCObuCBwh5i59H8F6IrUBmIQl9c ;
to : gh_5013f37369ce ;
time : 1458277904 ;
type : event ;
event : subscribe ;
tousername : gh_5013f37369ce ;
fromusername : oqCObuCBwh5i59H8F6IrUBmIQl9c ;
createtime : 1458277904 ;
msgtype : event ;
eventkey :  ;

2016-03-18 13:11:31 params :
------------
Array:
rule : -2 ;
module :  ;
message : Array ;

2016-03-18 13:11:31 response :
------------

2016-03-18 14:23:56 trace :
------------
Array:
from : oqCObuKMdSRSOwnLlDUCMx2RY7tE ;
to : gh_5013f37369ce ;
time : 1458282249 ;
type : event ;
event : subscribe ;
tousername : gh_5013f37369ce ;
fromusername : oqCObuKMdSRSOwnLlDUCMx2RY7tE ;
createtime : 1458282249 ;
msgtype : event ;
eventkey :  ;

2016-03-18 14:23:56 params :
------------
Array:
rule : -2 ;
module :  ;
message : Array ;

2016-03-18 14:23:56 response :
------------

2016-03-18 14:24:14 trace :
------------
Array:
from : oqCObuKMdSRSOwnLlDUCMx2RY7tE ;
to : gh_5013f37369ce ;
time : 1458282267 ;
type : event ;
event : VIEW ;
tousername : gh_5013f37369ce ;
fromusername : oqCObuKMdSRSOwnLlDUCMx2RY7tE ;
createtime : 1458282267 ;
msgtype : event ;
eventkey : http://mp.weixin.qq.com/s?__biz=MzA5MzE5NzExNw==&mid=10001097&idx=1&sn=8338ffe385dcd8dd1f376fc1a2fd50ff&scene=18#rd ;
menuid : 208007648 ;

2016-03-18 14:24:14 params :
------------
Array:
rule : -2 ;
module :  ;
message : Array ;

2016-03-18 14:24:14 response :
------------

2016-03-18 14:25:44 trace :
------------
Array:
from : oqCObuKMdSRSOwnLlDUCMx2RY7tE ;
to : gh_5013f37369ce ;
time : 1458282357 ;
type : event ;
event : VIEW ;
tousername : gh_5013f37369ce ;
fromusername : oqCObuKMdSRSOwnLlDUCMx2RY7tE ;
createtime : 1458282357 ;
msgtype : event ;
eventkey : http://mp.weixin.qq.com/s?__biz=MzA5MzE5NzExNw==&mid=10001097&idx=1&sn=8338ffe385dcd8dd1f376fc1a2fd50ff&scene=18#rd ;
menuid : 208007648 ;

2016-03-18 14:25:44 params :
------------
Array:
rule : -2 ;
module :  ;
message : Array ;

2016-03-18 14:25:44 response :
------------

2016-03-18 14:25:50 trace :
------------
Array:
from : oqCObuKMdSRSOwnLlDUCMx2RY7tE ;
to : gh_5013f37369ce ;
time : 1458282363 ;
type : event ;
event : VIEW ;
tousername : gh_5013f37369ce ;
fromusername : oqCObuKMdSRSOwnLlDUCMx2RY7tE ;
createtime : 1458282363 ;
msgtype : event ;
eventkey : http://mp.weixin.qq.com/s?__biz=MzA5MzE5NzExNw==&mid=10001097&idx=1&sn=8338ffe385dcd8dd1f376fc1a2fd50ff&scene=18#rd ;
menuid : 208007648 ;

2016-03-18 14:25:50 params :
------------
Array:
rule : -2 ;
module :  ;
message : Array ;

2016-03-18 14:25:50 response :
------------

2016-03-18 14:26:17 trace :
------------
Array:
from : oqCObuKMdSRSOwnLlDUCMx2RY7tE ;
to : gh_5013f37369ce ;
time : 1458282390 ;
type : event ;
event : VIEW ;
tousername : gh_5013f37369ce ;
fromusername : oqCObuKMdSRSOwnLlDUCMx2RY7tE ;
createtime : 1458282390 ;
msgtype : event ;
eventkey : http://mp.weixin.qq.com/s?__biz=MzA5MzE5NzExNw==&mid=10001097&idx=1&sn=8338ffe385dcd8dd1f376fc1a2fd50ff&scene=18#rd ;
menuid : 208007648 ;

2016-03-18 14:26:17 params :
------------
Array:
rule : -2 ;
module :  ;
message : Array ;

2016-03-18 14:26:17 response :
------------

2016-03-18 14:43:46 trace :
------------
Array:
from : oqCObuKuUfNBEEu8iAP2KnB5c0tk ;
to : gh_5013f37369ce ;
time : 1458283439 ;
type : event ;
event : VIEW ;
tousername : gh_5013f37369ce ;
fromusername : oqCObuKuUfNBEEu8iAP2KnB5c0tk ;
createtime : 1458283439 ;
msgtype : event ;
eventkey : http://mp.weixin.qq.com/s?__biz=MzA5MzE5NzExNw==&mid=10001097&idx=1&sn=8338ffe385dcd8dd1f376fc1a2fd50ff&scene=18#rd ;
menuid : 208007648 ;

2016-03-18 14:43:46 params :
------------
Array:
rule : -2 ;
module :  ;
message : Array ;

2016-03-18 14:43:46 response :
------------

2016-03-18 16:04:21 trace :
------------
Array:
from : oqCObuKkpORgq69Sk-wNKTIL0bG4 ;
to : gh_5013f37369ce ;
time : 1458288274 ;
type : event ;
event : VIEW ;
tousername : gh_5013f37369ce ;
fromusername : oqCObuKkpORgq69Sk-wNKTIL0bG4 ;
createtime : 1458288274 ;
msgtype : event ;
eventkey : http://mp.weixin.qq.com/s?__biz=MzA5MzE5NzExNw==&mid=10001097&idx=1&sn=8338ffe385dcd8dd1f376fc1a2fd50ff&scene=18#rd ;
menuid : 208007648 ;

2016-03-18 16:04:21 params :
------------
Array:
rule : -2 ;
module :  ;
message : Array ;

2016-03-18 16:04:21 response :
------------

2016-03-18 16:04:47 trace :
------------
Array:
from : oqCObuKkpORgq69Sk-wNKTIL0bG4 ;
to : gh_5013f37369ce ;
time : 1458288300 ;
type : event ;
event : VIEW ;
tousername : gh_5013f37369ce ;
fromusername : oqCObuKkpORgq69Sk-wNKTIL0bG4 ;
createtime : 1458288300 ;
msgtype : event ;
eventkey : http://mp.weixin.qq.com/s?__biz=MzA5MzE5NzExNw==&mid=10001097&idx=1&sn=8338ffe385dcd8dd1f376fc1a2fd50ff&scene=18#rd ;
menuid : 208007648 ;

2016-03-18 16:04:47 params :
------------
Array:
rule : -2 ;
module :  ;
message : Array ;

2016-03-18 16:04:47 response :
------------

2016-03-18 16:09:49 trace :
------------
Array:
from : oqCObuKkpORgq69Sk-wNKTIL0bG4 ;
to : gh_5013f37369ce ;
time : 1458288602 ;
type : event ;
event : VIEW ;
tousername : gh_5013f37369ce ;
fromusername : oqCObuKkpORgq69Sk-wNKTIL0bG4 ;
createtime : 1458288602 ;
msgtype : event ;
eventkey : http://mp.weixin.qq.com/s?__biz=MzA5MzE5NzExNw==&mid=10001097&idx=1&sn=8338ffe385dcd8dd1f376fc1a2fd50ff&scene=18#rd ;
menuid : 208007648 ;

2016-03-18 16:09:49 params :
------------
Array:
rule : -2 ;
module :  ;
message : Array ;

2016-03-18 16:09:49 response :
------------

2016-03-18 16:10:02 trace :
------------
Array:
from : oqCObuKkpORgq69Sk-wNKTIL0bG4 ;
to : gh_5013f37369ce ;
time : 1458288615 ;
type : event ;
event : VIEW ;
tousername : gh_5013f37369ce ;
fromusername : oqCObuKkpORgq69Sk-wNKTIL0bG4 ;
createtime : 1458288615 ;
msgtype : event ;
eventkey : http://mp.weixin.qq.com/s?__biz=MzA5MzE5NzExNw==&mid=10001097&idx=1&sn=8338ffe385dcd8dd1f376fc1a2fd50ff&scene=18#rd ;
menuid : 208007648 ;

2016-03-18 16:10:02 params :
------------
Array:
rule : -2 ;
module :  ;
message : Array ;

2016-03-18 16:10:02 response :
------------

2016-03-18 16:59:49 trace :
------------
Array:
from : oqCObuEsw9hnAORSobrO5LU7I4LM ;
to : gh_5013f37369ce ;
time : 1458291602 ;
type : event ;
event : VIEW ;
tousername : gh_5013f37369ce ;
fromusername : oqCObuEsw9hnAORSobrO5LU7I4LM ;
createtime : 1458291602 ;
msgtype : event ;
eventkey : http://mp.weixin.qq.com/s?__biz=MzA5MzE5NzExNw==&mid=10001097&idx=1&sn=8338ffe385dcd8dd1f376fc1a2fd50ff&scene=18#rd ;
menuid : 208007648 ;

2016-03-18 16:59:49 params :
------------
Array:
rule : -2 ;
module :  ;
message : Array ;

2016-03-18 16:59:49 response :
------------

2016-03-18 17:00:00 trace :
------------
Array:
from : oqCObuEsw9hnAORSobrO5LU7I4LM ;
to : gh_5013f37369ce ;
time : 1458291613 ;
type : event ;
event : VIEW ;
tousername : gh_5013f37369ce ;
fromusername : oqCObuEsw9hnAORSobrO5LU7I4LM ;
createtime : 1458291613 ;
msgtype : event ;
eventkey : http://mp.weixin.qq.com/s?__biz=MzA5MzE5NzExNw==&mid=10001097&idx=1&sn=8338ffe385dcd8dd1f376fc1a2fd50ff&scene=18#rd ;
menuid : 208007648 ;

2016-03-18 17:00:00 params :
------------
Array:
rule : -2 ;
module :  ;
message : Array ;

2016-03-18 17:00:00 response :
------------

2016-03-18 17:05:20 trace :
------------
Array:
from : oqCObuDdcmxO4AlVvzePapAvhltU ;
to : gh_5013f37369ce ;
time : 1458291933 ;
type : event ;
event : VIEW ;
tousername : gh_5013f37369ce ;
fromusername : oqCObuDdcmxO4AlVvzePapAvhltU ;
createtime : 1458291933 ;
msgtype : event ;
eventkey : http://mp.weixin.qq.com/s?__biz=MzA5MzE5NzExNw==&mid=10001097&idx=1&sn=8338ffe385dcd8dd1f376fc1a2fd50ff&scene=18#rd ;
menuid : 208007648 ;

2016-03-18 17:05:20 params :
------------
Array:
rule : -2 ;
module :  ;
message : Array ;

2016-03-18 17:05:20 response :
------------

2016-03-18 17:05:34 trace :
------------
Array:
from : oqCObuDdcmxO4AlVvzePapAvhltU ;
to : gh_5013f37369ce ;
time : 1458291947 ;
type : event ;
event : VIEW ;
tousername : gh_5013f37369ce ;
fromusername : oqCObuDdcmxO4AlVvzePapAvhltU ;
createtime : 1458291947 ;
msgtype : event ;
eventkey : http://mp.weixin.qq.com/s?__biz=MzA5MzE5NzExNw==&mid=10001097&idx=1&sn=8338ffe385dcd8dd1f376fc1a2fd50ff&scene=18#rd ;
menuid : 208007648 ;

2016-03-18 17:05:34 params :
------------
Array:
rule : -2 ;
module :  ;
message : Array ;

2016-03-18 17:05:34 response :
------------

2016-03-18 17:05:44 trace :
------------
Array:
from : oqCObuDdcmxO4AlVvzePapAvhltU ;
to : gh_5013f37369ce ;
time : 1458291957 ;
type : event ;
event : VIEW ;
tousername : gh_5013f37369ce ;
fromusername : oqCObuDdcmxO4AlVvzePapAvhltU ;
createtime : 1458291957 ;
msgtype : event ;
eventkey : http://mp.weixin.qq.com/s?__biz=MzA5MzE5NzExNw==&mid=10001097&idx=1&sn=8338ffe385dcd8dd1f376fc1a2fd50ff&scene=18#rd ;
menuid : 208007648 ;

2016-03-18 17:05:44 params :
------------
Array:
rule : -2 ;
module :  ;
message : Array ;

2016-03-18 17:05:44 response :
------------

2016-03-18 17:06:00 trace :
------------
Array:
from : oqCObuDdcmxO4AlVvzePapAvhltU ;
to : gh_5013f37369ce ;
time : 1458291973 ;
type : event ;
event : VIEW ;
tousername : gh_5013f37369ce ;
fromusername : oqCObuDdcmxO4AlVvzePapAvhltU ;
createtime : 1458291973 ;
msgtype : event ;
eventkey : http://mp.weixin.qq.com/s?__biz=MzA5MzE5NzExNw==&mid=10001097&idx=1&sn=8338ffe385dcd8dd1f376fc1a2fd50ff&scene=18#rd ;
menuid : 208007648 ;

2016-03-18 17:06:00 params :
------------
Array:
rule : -2 ;
module :  ;
message : Array ;

2016-03-18 17:06:00 response :
------------

2016-03-18 17:06:16 trace :
------------
Array:
from : oqCObuDdcmxO4AlVvzePapAvhltU ;
to : gh_5013f37369ce ;
time : 1458291989 ;
type : event ;
event : VIEW ;
tousername : gh_5013f37369ce ;
fromusername : oqCObuDdcmxO4AlVvzePapAvhltU ;
createtime : 1458291989 ;
msgtype : event ;
eventkey : http://mp.weixin.qq.com/s?__biz=MzA5MzE5NzExNw==&mid=10001097&idx=1&sn=8338ffe385dcd8dd1f376fc1a2fd50ff&scene=18#rd ;
menuid : 208007648 ;

2016-03-18 17:06:16 params :
------------
Array:
rule : -2 ;
module :  ;
message : Array ;

2016-03-18 17:06:16 response :
------------

2016-03-18 17:06:25 trace :
------------
Array:
from : oqCObuDdcmxO4AlVvzePapAvhltU ;
to : gh_5013f37369ce ;
time : 1458291998 ;
type : event ;
event : VIEW ;
tousername : gh_5013f37369ce ;
fromusername : oqCObuDdcmxO4AlVvzePapAvhltU ;
createtime : 1458291998 ;
msgtype : event ;
eventkey : http://mp.weixin.qq.com/s?__biz=MzA5MzE5NzExNw==&mid=10001097&idx=1&sn=8338ffe385dcd8dd1f376fc1a2fd50ff&scene=18#rd ;
menuid : 208007648 ;

2016-03-18 17:06:25 params :
------------
Array:
rule : -2 ;
module :  ;
message : Array ;

2016-03-18 17:06:25 response :
------------

2016-03-18 17:07:16 trace :
------------
Array:
from : oqCObuDdcmxO4AlVvzePapAvhltU ;
to : gh_5013f37369ce ;
time : 1458292049 ;
type : event ;
event : VIEW ;
tousername : gh_5013f37369ce ;
fromusername : oqCObuDdcmxO4AlVvzePapAvhltU ;
createtime : 1458292049 ;
msgtype : event ;
eventkey : http://mp.weixin.qq.com/s?__biz=MzA5MzE5NzExNw==&mid=10001097&idx=1&sn=8338ffe385dcd8dd1f376fc1a2fd50ff&scene=18#rd ;
menuid : 208007648 ;

2016-03-18 17:07:16 params :
------------
Array:
rule : -2 ;
module :  ;
message : Array ;

2016-03-18 17:07:16 response :
------------

2016-03-18 17:07:20 trace :
------------
Array:
from : oqCObuDdcmxO4AlVvzePapAvhltU ;
to : gh_5013f37369ce ;
time : 1458292053 ;
type : event ;
event : VIEW ;
tousername : gh_5013f37369ce ;
fromusername : oqCObuDdcmxO4AlVvzePapAvhltU ;
createtime : 1458292053 ;
msgtype : event ;
eventkey : http://mp.weixin.qq.com/s?__biz=MzA5MzE5NzExNw==&mid=10001097&idx=1&sn=8338ffe385dcd8dd1f376fc1a2fd50ff&scene=18#rd ;
menuid : 208007648 ;

2016-03-18 17:07:20 params :
------------
Array:
rule : -2 ;
module :  ;
message : Array ;

2016-03-18 17:07:20 response :
------------

2016-03-18 17:07:25 trace :
------------
Array:
from : oqCObuDdcmxO4AlVvzePapAvhltU ;
to : gh_5013f37369ce ;
time : 1458292058 ;
type : event ;
event : VIEW ;
tousername : gh_5013f37369ce ;
fromusername : oqCObuDdcmxO4AlVvzePapAvhltU ;
createtime : 1458292058 ;
msgtype : event ;
eventkey : http://mp.weixin.qq.com/s?__biz=MzA5MzE5NzExNw==&mid=10001097&idx=1&sn=8338ffe385dcd8dd1f376fc1a2fd50ff&scene=18#rd ;
menuid : 208007648 ;

2016-03-18 17:07:25 params :
------------
Array:
rule : -2 ;
module :  ;
message : Array ;

2016-03-18 17:07:25 response :
------------

2016-03-18 17:07:30 trace :
------------
Array:
from : oqCObuDdcmxO4AlVvzePapAvhltU ;
to : gh_5013f37369ce ;
time : 1458292063 ;
type : event ;
event : VIEW ;
tousername : gh_5013f37369ce ;
fromusername : oqCObuDdcmxO4AlVvzePapAvhltU ;
createtime : 1458292063 ;
msgtype : event ;
eventkey : http://mp.weixin.qq.com/s?__biz=MzA5MzE5NzExNw==&mid=10001097&idx=1&sn=8338ffe385dcd8dd1f376fc1a2fd50ff&scene=18#rd ;
menuid : 208007648 ;

2016-03-18 17:07:30 params :
------------
Array:
rule : -2 ;
module :  ;
message : Array ;

2016-03-18 17:07:30 response :
------------

2016-03-18 17:07:45 trace :
------------
Array:
from : oqCObuDdcmxO4AlVvzePapAvhltU ;
to : gh_5013f37369ce ;
time : 1458292079 ;
type : event ;
event : VIEW ;
tousername : gh_5013f37369ce ;
fromusername : oqCObuDdcmxO4AlVvzePapAvhltU ;
createtime : 1458292079 ;
msgtype : event ;
eventkey : http://mp.weixin.qq.com/s?__biz=MzA5MzE5NzExNw==&mid=10001097&idx=1&sn=8338ffe385dcd8dd1f376fc1a2fd50ff&scene=18#rd ;
menuid : 208007648 ;

2016-03-18 17:07:45 params :
------------
Array:
rule : -2 ;
module :  ;
message : Array ;

2016-03-18 17:07:45 response :
------------

2016-03-18 17:08:15 trace :
------------
Array:
from : oqCObuDdcmxO4AlVvzePapAvhltU ;
to : gh_5013f37369ce ;
time : 1458292108 ;
type : event ;
event : VIEW ;
tousername : gh_5013f37369ce ;
fromusername : oqCObuDdcmxO4AlVvzePapAvhltU ;
createtime : 1458292108 ;
msgtype : event ;
eventkey : http://mp.weixin.qq.com/s?__biz=MzA5MzE5NzExNw==&mid=10001097&idx=1&sn=8338ffe385dcd8dd1f376fc1a2fd50ff&scene=18#rd ;
menuid : 208007648 ;

2016-03-18 17:08:15 params :
------------
Array:
rule : -2 ;
module :  ;
message : Array ;

2016-03-18 17:08:15 response :
------------

2016-03-18 17:08:47 trace :
------------
Array:
from : oqCObuDdcmxO4AlVvzePapAvhltU ;
to : gh_5013f37369ce ;
time : 1458292140 ;
type : event ;
event : VIEW ;
tousername : gh_5013f37369ce ;
fromusername : oqCObuDdcmxO4AlVvzePapAvhltU ;
createtime : 1458292140 ;
msgtype : event ;
eventkey : http://mp.weixin.qq.com/s?__biz=MzA5MzE5NzExNw==&mid=10001097&idx=1&sn=8338ffe385dcd8dd1f376fc1a2fd50ff&scene=18#rd ;
menuid : 208007648 ;

2016-03-18 17:08:47 params :
------------
Array:
rule : -2 ;
module :  ;
message : Array ;

2016-03-18 17:08:47 response :
------------

2016-03-18 17:08:52 trace :
------------
Array:
from : oqCObuDdcmxO4AlVvzePapAvhltU ;
to : gh_5013f37369ce ;
time : 1458292145 ;
type : event ;
event : VIEW ;
tousername : gh_5013f37369ce ;
fromusername : oqCObuDdcmxO4AlVvzePapAvhltU ;
createtime : 1458292145 ;
msgtype : event ;
eventkey : http://mp.weixin.qq.com/s?__biz=MzA5MzE5NzExNw==&mid=10001097&idx=1&sn=8338ffe385dcd8dd1f376fc1a2fd50ff&scene=18#rd ;
menuid : 208007648 ;

2016-03-18 17:08:52 params :
------------
Array:
rule : -2 ;
module :  ;
message : Array ;

2016-03-18 17:08:52 response :
------------

2016-03-18 17:31:35 trace :
------------
Array:
from : oqCObuAIi83AOvjP1Txr0h_p9IX8 ;
to : gh_5013f37369ce ;
time : 1458293508 ;
type : event ;
event : subscribe ;
tousername : gh_5013f37369ce ;
fromusername : oqCObuAIi83AOvjP1Txr0h_p9IX8 ;
createtime : 1458293508 ;
msgtype : event ;
eventkey :  ;

2016-03-18 17:31:35 params :
------------
Array:
rule : -2 ;
module :  ;
message : Array ;

2016-03-18 17:31:35 response :
------------

2016-03-18 17:32:18 trace :
------------
Array:
from : oqCObuAIi83AOvjP1Txr0h_p9IX8 ;
to : gh_5013f37369ce ;
time : 1458293551 ;
type : event ;
event : VIEW ;
tousername : gh_5013f37369ce ;
fromusername : oqCObuAIi83AOvjP1Txr0h_p9IX8 ;
createtime : 1458293551 ;
msgtype : event ;
eventkey : http://mp.weixin.qq.com/s?__biz=MzA5MzE5NzExNw==&mid=10001097&idx=1&sn=8338ffe385dcd8dd1f376fc1a2fd50ff&scene=18#rd ;
menuid : 208007648 ;

2016-03-18 17:32:18 params :
------------
Array:
rule : -2 ;
module :  ;
message : Array ;

2016-03-18 17:32:18 response :
------------

2016-03-18 17:32:52 trace :
------------
Array:
from : oqCObuAIi83AOvjP1Txr0h_p9IX8 ;
to : gh_5013f37369ce ;
time : 1458293585 ;
type : event ;
event : VIEW ;
tousername : gh_5013f37369ce ;
fromusername : oqCObuAIi83AOvjP1Txr0h_p9IX8 ;
createtime : 1458293585 ;
msgtype : event ;
eventkey : http://mp.weixin.qq.com/s?__biz=MzA5MzE5NzExNw==&mid=10001097&idx=1&sn=8338ffe385dcd8dd1f376fc1a2fd50ff&scene=18#rd ;
menuid : 208007648 ;

2016-03-18 17:32:52 params :
------------
Array:
rule : -2 ;
module :  ;
message : Array ;

2016-03-18 17:32:52 response :
------------

2016-03-18 17:33:02 trace :
------------
Array:
from : oqCObuAIi83AOvjP1Txr0h_p9IX8 ;
to : gh_5013f37369ce ;
time : 1458293592 ;
type : event ;
event : VIEW ;
tousername : gh_5013f37369ce ;
fromusername : oqCObuAIi83AOvjP1Txr0h_p9IX8 ;
createtime : 1458293592 ;
msgtype : event ;
eventkey : http://mp.weixin.qq.com/s?__biz=MzA5MzE5NzExNw==&mid=10001097&idx=1&sn=8338ffe385dcd8dd1f376fc1a2fd50ff&scene=18#rd ;
menuid : 208007648 ;

2016-03-18 17:33:02 params :
------------
Array:
rule : -2 ;
module :  ;
message : Array ;

2016-03-18 17:33:02 response :
------------

2016-03-18 17:33:07 trace :
------------
Array:
from : oqCObuAIi83AOvjP1Txr0h_p9IX8 ;
to : gh_5013f37369ce ;
time : 1458293600 ;
type : event ;
event : VIEW ;
tousername : gh_5013f37369ce ;
fromusername : oqCObuAIi83AOvjP1Txr0h_p9IX8 ;
createtime : 1458293600 ;
msgtype : event ;
eventkey : http://mp.weixin.qq.com/s?__biz=MzA5MzE5NzExNw==&mid=10001097&idx=1&sn=8338ffe385dcd8dd1f376fc1a2fd50ff&scene=18#rd ;
menuid : 208007648 ;

2016-03-18 17:33:07 params :
------------
Array:
rule : -2 ;
module :  ;
message : Array ;

2016-03-18 17:33:07 response :
------------

2016-03-18 17:33:19 trace :
------------
Array:
from : oqCObuAIi83AOvjP1Txr0h_p9IX8 ;
to : gh_5013f37369ce ;
time : 1458293613 ;
type : event ;
event : VIEW ;
tousername : gh_5013f37369ce ;
fromusername : oqCObuAIi83AOvjP1Txr0h_p9IX8 ;
createtime : 1458293613 ;
msgtype : event ;
eventkey : http://mp.weixin.qq.com/s?__biz=MzA5MzE5NzExNw==&mid=10001097&idx=1&sn=8338ffe385dcd8dd1f376fc1a2fd50ff&scene=18#rd ;
menuid : 208007648 ;

2016-03-18 17:33:19 params :
------------
Array:
rule : -2 ;
module :  ;
message : Array ;

2016-03-18 17:33:19 response :
------------

2016-03-18 17:33:34 trace :
------------
Array:
from : oqCObuAIi83AOvjP1Txr0h_p9IX8 ;
to : gh_5013f37369ce ;
time : 1458293627 ;
type : event ;
event : VIEW ;
tousername : gh_5013f37369ce ;
fromusername : oqCObuAIi83AOvjP1Txr0h_p9IX8 ;
createtime : 1458293627 ;
msgtype : event ;
eventkey : http://mp.weixin.qq.com/s?__biz=MzA5MzE5NzExNw==&mid=10001097&idx=1&sn=8338ffe385dcd8dd1f376fc1a2fd50ff&scene=18#rd ;
menuid : 208007648 ;

2016-03-18 17:33:34 params :
------------
Array:
rule : -2 ;
module :  ;
message : Array ;

2016-03-18 17:33:34 response :
------------

2016-03-18 17:56:36 trace :
------------
Array:
from : oqCObuPZxCQAwshDbzPlUiHyUtSw ;
to : gh_5013f37369ce ;
time : 1458295009 ;
type : event ;
event : VIEW ;
tousername : gh_5013f37369ce ;
fromusername : oqCObuPZxCQAwshDbzPlUiHyUtSw ;
createtime : 1458295009 ;
msgtype : event ;
eventkey : http://mp.weixin.qq.com/s?__biz=MzA5MzE5NzExNw==&mid=10001097&idx=1&sn=8338ffe385dcd8dd1f376fc1a2fd50ff&scene=18#rd ;
menuid : 208007648 ;

2016-03-18 17:56:36 params :
------------
Array:
rule : -2 ;
module :  ;
message : Array ;

2016-03-18 17:56:36 response :
------------

2016-03-18 18:12:38 trace :
------------
Array:
from : oqCObuN7Qi1AracHPSzRxuF6WfgQ ;
to : gh_5013f37369ce ;
time : 1458295971 ;
type : event ;
event : VIEW ;
tousername : gh_5013f37369ce ;
fromusername : oqCObuN7Qi1AracHPSzRxuF6WfgQ ;
createtime : 1458295971 ;
msgtype : event ;
eventkey : http://mp.weixin.qq.com/s?__biz=MzA5MzE5NzExNw==&mid=10001097&idx=1&sn=8338ffe385dcd8dd1f376fc1a2fd50ff&scene=18#rd ;
menuid : 208007648 ;

2016-03-18 18:12:38 params :
------------
Array:
rule : -2 ;
module :  ;
message : Array ;

2016-03-18 18:12:38 response :
------------

2016-03-18 18:12:55 trace :
------------
Array:
from : oqCObuN7Qi1AracHPSzRxuF6WfgQ ;
to : gh_5013f37369ce ;
time : 1458295988 ;
type : event ;
event : VIEW ;
tousername : gh_5013f37369ce ;
fromusername : oqCObuN7Qi1AracHPSzRxuF6WfgQ ;
createtime : 1458295988 ;
msgtype : event ;
eventkey : http://mp.weixin.qq.com/s?__biz=MzA5MzE5NzExNw==&mid=10001097&idx=1&sn=8338ffe385dcd8dd1f376fc1a2fd50ff&scene=18#rd ;
menuid : 208007648 ;

2016-03-18 18:12:55 params :
------------
Array:
rule : -2 ;
module :  ;
message : Array ;

2016-03-18 18:12:55 response :
------------

2016-03-18 18:13:12 trace :
------------
Array:
from : oqCObuN7Qi1AracHPSzRxuF6WfgQ ;
to : gh_5013f37369ce ;
time : 1458296006 ;
type : event ;
event : VIEW ;
tousername : gh_5013f37369ce ;
fromusername : oqCObuN7Qi1AracHPSzRxuF6WfgQ ;
createtime : 1458296006 ;
msgtype : event ;
eventkey : http://mp.weixin.qq.com/s?__biz=MzA5MzE5NzExNw==&mid=10001097&idx=1&sn=8338ffe385dcd8dd1f376fc1a2fd50ff&scene=18#rd ;
menuid : 208007648 ;

2016-03-18 18:13:12 params :
------------
Array:
rule : -2 ;
module :  ;
message : Array ;

2016-03-18 18:13:12 response :
------------

2016-03-18 19:10:03 trace :
------------
Array:
from : oqCObuN48TyyudLxKq_vsLo0rUmU ;
to : gh_5013f37369ce ;
time : 1458299416 ;
type : event ;
event : subscribe ;
tousername : gh_5013f37369ce ;
fromusername : oqCObuN48TyyudLxKq_vsLo0rUmU ;
createtime : 1458299416 ;
msgtype : event ;
eventkey :  ;

2016-03-18 19:10:03 params :
------------
Array:
rule : -2 ;
module :  ;
message : Array ;

2016-03-18 19:10:03 response :
------------

2016-03-18 19:27:59 trace :
------------
Array:
from : oqCObuKMtrG0VQPehJUj0onVGneI ;
to : gh_5013f37369ce ;
time : 1458300492 ;
type : event ;
event : subscribe ;
tousername : gh_5013f37369ce ;
fromusername : oqCObuKMtrG0VQPehJUj0onVGneI ;
createtime : 1458300492 ;
msgtype : event ;
eventkey :  ;

2016-03-18 19:27:59 params :
------------
Array:
rule : -2 ;
module :  ;
message : Array ;

2016-03-18 19:27:59 response :
------------

2016-03-18 19:58:34 trace :
------------
Array:
from : oqCObuMd2arrKJ_paf1dgmx007yU ;
to : gh_5013f37369ce ;
time : 1458302327 ;
type : event ;
event : VIEW ;
tousername : gh_5013f37369ce ;
fromusername : oqCObuMd2arrKJ_paf1dgmx007yU ;
createtime : 1458302327 ;
msgtype : event ;
eventkey : http://mp.weixin.qq.com/s?__biz=MzA5MzE5NzExNw==&mid=10001097&idx=1&sn=8338ffe385dcd8dd1f376fc1a2fd50ff&scene=18#rd ;
menuid : 208007648 ;

2016-03-18 19:58:34 params :
------------
Array:
rule : -2 ;
module :  ;
message : Array ;

2016-03-18 19:58:34 response :
------------

2016-03-18 20:05:16 trace :
------------
Array:
from : oqCObuL7gLsSIFRPZab6zh3pSfhY ;
to : gh_5013f37369ce ;
time : 1458302729 ;
type : event ;
event : subscribe ;
tousername : gh_5013f37369ce ;
fromusername : oqCObuL7gLsSIFRPZab6zh3pSfhY ;
createtime : 1458302729 ;
msgtype : event ;
eventkey :  ;

2016-03-18 20:05:16 params :
------------
Array:
rule : -2 ;
module :  ;
message : Array ;

2016-03-18 20:05:16 response :
------------

2016-03-18 20:06:24 trace :
------------
Array:
from : oqCObuL7gLsSIFRPZab6zh3pSfhY ;
to : gh_5013f37369ce ;
time : 1458302797 ;
type : event ;
event : VIEW ;
tousername : gh_5013f37369ce ;
fromusername : oqCObuL7gLsSIFRPZab6zh3pSfhY ;
createtime : 1458302797 ;
msgtype : event ;
eventkey : http://mp.weixin.qq.com/s?__biz=MzA5MzE5NzExNw==&mid=10001097&idx=1&sn=8338ffe385dcd8dd1f376fc1a2fd50ff&scene=18#rd ;
menuid : 208007648 ;

2016-03-18 20:06:24 params :
------------
Array:
rule : -2 ;
module :  ;
message : Array ;

2016-03-18 20:06:24 response :
------------

2016-03-18 20:06:29 trace :
------------
Array:
from : oqCObuL7gLsSIFRPZab6zh3pSfhY ;
to : gh_5013f37369ce ;
time : 1458302802 ;
type : event ;
event : VIEW ;
tousername : gh_5013f37369ce ;
fromusername : oqCObuL7gLsSIFRPZab6zh3pSfhY ;
createtime : 1458302802 ;
msgtype : event ;
eventkey : http://mp.weixin.qq.com/s?__biz=MzA5MzE5NzExNw==&mid=10001097&idx=1&sn=8338ffe385dcd8dd1f376fc1a2fd50ff&scene=18#rd ;
menuid : 208007648 ;

2016-03-18 20:06:29 params :
------------
Array:
rule : -2 ;
module :  ;
message : Array ;

2016-03-18 20:06:29 response :
------------

2016-03-18 20:06:41 trace :
------------
Array:
from : oqCObuL7gLsSIFRPZab6zh3pSfhY ;
to : gh_5013f37369ce ;
time : 1458302814 ;
type : event ;
event : VIEW ;
tousername : gh_5013f37369ce ;
fromusername : oqCObuL7gLsSIFRPZab6zh3pSfhY ;
createtime : 1458302814 ;
msgtype : event ;
eventkey : http://mp.weixin.qq.com/s?__biz=MzA5MzE5NzExNw==&mid=10001097&idx=1&sn=8338ffe385dcd8dd1f376fc1a2fd50ff&scene=18#rd ;
menuid : 208007648 ;

2016-03-18 20:06:41 params :
------------
Array:
rule : -2 ;
module :  ;
message : Array ;

2016-03-18 20:06:41 response :
------------

2016-03-18 20:06:47 trace :
------------
Array:
from : oqCObuL7gLsSIFRPZab6zh3pSfhY ;
to : gh_5013f37369ce ;
time : 1458302821 ;
type : event ;
event : VIEW ;
tousername : gh_5013f37369ce ;
fromusername : oqCObuL7gLsSIFRPZab6zh3pSfhY ;
createtime : 1458302821 ;
msgtype : event ;
eventkey : http://mp.weixin.qq.com/s?__biz=MzA5MzE5NzExNw==&mid=10001097&idx=1&sn=8338ffe385dcd8dd1f376fc1a2fd50ff&scene=18#rd ;
menuid : 208007648 ;

2016-03-18 20:06:47 params :
------------
Array:
rule : -2 ;
module :  ;
message : Array ;

2016-03-18 20:06:47 response :
------------

2016-03-18 20:07:16 trace :
------------
Array:
from : oqCObuL7gLsSIFRPZab6zh3pSfhY ;
to : gh_5013f37369ce ;
time : 1458302849 ;
type : event ;
event : VIEW ;
tousername : gh_5013f37369ce ;
fromusername : oqCObuL7gLsSIFRPZab6zh3pSfhY ;
createtime : 1458302849 ;
msgtype : event ;
eventkey : http://mp.weixin.qq.com/s?__biz=MzA5MzE5NzExNw==&mid=10001097&idx=1&sn=8338ffe385dcd8dd1f376fc1a2fd50ff&scene=18#rd ;
menuid : 208007648 ;

2016-03-18 20:07:16 params :
------------
Array:
rule : -2 ;
module :  ;
message : Array ;

2016-03-18 20:07:16 response :
------------

2016-03-18 20:07:20 trace :
------------
Array:
from : oqCObuL7gLsSIFRPZab6zh3pSfhY ;
to : gh_5013f37369ce ;
time : 1458302853 ;
type : event ;
event : VIEW ;
tousername : gh_5013f37369ce ;
fromusername : oqCObuL7gLsSIFRPZab6zh3pSfhY ;
createtime : 1458302853 ;
msgtype : event ;
eventkey : http://mp.weixin.qq.com/s?__biz=MzA5MzE5NzExNw==&mid=10001097&idx=1&sn=8338ffe385dcd8dd1f376fc1a2fd50ff&scene=18#rd ;
menuid : 208007648 ;

2016-03-18 20:07:20 params :
------------
Array:
rule : -2 ;
module :  ;
message : Array ;

2016-03-18 20:07:20 response :
------------

2016-03-18 20:08:25 trace :
------------
Array:
from : oqCObuB-LNn8ezlVYniEred2MIi4 ;
to : gh_5013f37369ce ;
time : 1458302918 ;
type : event ;
event : subscribe ;
tousername : gh_5013f37369ce ;
fromusername : oqCObuB-LNn8ezlVYniEred2MIi4 ;
createtime : 1458302918 ;
msgtype : event ;
eventkey :  ;

2016-03-18 20:08:25 params :
------------
Array:
rule : -2 ;
module :  ;
message : Array ;

2016-03-18 20:08:25 response :
------------

2016-03-18 20:10:06 trace :
------------
Array:
from : oqCObuB-LNn8ezlVYniEred2MIi4 ;
to : gh_5013f37369ce ;
time : 1458303019 ;
type : event ;
event : VIEW ;
tousername : gh_5013f37369ce ;
fromusername : oqCObuB-LNn8ezlVYniEred2MIi4 ;
createtime : 1458303019 ;
msgtype : event ;
eventkey : http://mp.weixin.qq.com/s?__biz=MzA5MzE5NzExNw==&mid=10001097&idx=1&sn=8338ffe385dcd8dd1f376fc1a2fd50ff&scene=18#rd ;
menuid : 208007648 ;

2016-03-18 20:10:06 params :
------------
Array:
rule : -2 ;
module :  ;
message : Array ;

2016-03-18 20:10:06 response :
------------

2016-03-18 20:10:15 trace :
------------
Array:
from : oqCObuB-LNn8ezlVYniEred2MIi4 ;
to : gh_5013f37369ce ;
time : 1458303028 ;
type : event ;
event : VIEW ;
tousername : gh_5013f37369ce ;
fromusername : oqCObuB-LNn8ezlVYniEred2MIi4 ;
createtime : 1458303028 ;
msgtype : event ;
eventkey : http://mp.weixin.qq.com/s?__biz=MzA5MzE5NzExNw==&mid=10001097&idx=1&sn=8338ffe385dcd8dd1f376fc1a2fd50ff&scene=18#rd ;
menuid : 208007648 ;

2016-03-18 20:10:15 params :
------------
Array:
rule : -2 ;
module :  ;
message : Array ;

2016-03-18 20:10:15 response :
------------

2016-03-18 20:10:18 trace :
------------
Array:
from : oqCObuB-LNn8ezlVYniEred2MIi4 ;
to : gh_5013f37369ce ;
time : 1458303031 ;
type : event ;
event : VIEW ;
tousername : gh_5013f37369ce ;
fromusername : oqCObuB-LNn8ezlVYniEred2MIi4 ;
createtime : 1458303031 ;
msgtype : event ;
eventkey : http://mp.weixin.qq.com/s?__biz=MzA5MzE5NzExNw==&mid=10001097&idx=1&sn=8338ffe385dcd8dd1f376fc1a2fd50ff&scene=18#rd ;
menuid : 208007648 ;

2016-03-18 20:10:18 params :
------------
Array:
rule : -2 ;
module :  ;
message : Array ;

2016-03-18 20:10:18 response :
------------

2016-03-18 20:10:34 trace :
------------
Array:
from : oqCObuB-LNn8ezlVYniEred2MIi4 ;
to : gh_5013f37369ce ;
time : 1458303047 ;
type : event ;
event : VIEW ;
tousername : gh_5013f37369ce ;
fromusername : oqCObuB-LNn8ezlVYniEred2MIi4 ;
createtime : 1458303047 ;
msgtype : event ;
eventkey : http://mp.weixin.qq.com/s?__biz=MzA5MzE5NzExNw==&mid=10001097&idx=1&sn=8338ffe385dcd8dd1f376fc1a2fd50ff&scene=18#rd ;
menuid : 208007648 ;

2016-03-18 20:10:34 params :
------------
Array:
rule : -2 ;
module :  ;
message : Array ;

2016-03-18 20:10:34 response :
------------

2016-03-18 20:10:41 trace :
------------
Array:
from : oqCObuB-LNn8ezlVYniEred2MIi4 ;
to : gh_5013f37369ce ;
time : 1458303054 ;
type : event ;
event : VIEW ;
tousername : gh_5013f37369ce ;
fromusername : oqCObuB-LNn8ezlVYniEred2MIi4 ;
createtime : 1458303054 ;
msgtype : event ;
eventkey : http://mp.weixin.qq.com/s?__biz=MzA5MzE5NzExNw==&mid=10001097&idx=1&sn=8338ffe385dcd8dd1f376fc1a2fd50ff&scene=18#rd ;
menuid : 208007648 ;

2016-03-18 20:10:41 params :
------------
Array:
rule : -2 ;
module :  ;
message : Array ;

2016-03-18 20:10:41 response :
------------

2016-03-18 20:11:11 trace :
------------
Array:
from : oqCObuB-LNn8ezlVYniEred2MIi4 ;
to : gh_5013f37369ce ;
time : 1458303084 ;
type : event ;
event : VIEW ;
tousername : gh_5013f37369ce ;
fromusername : oqCObuB-LNn8ezlVYniEred2MIi4 ;
createtime : 1458303084 ;
msgtype : event ;
eventkey : http://mp.weixin.qq.com/s?__biz=MzA5MzE5NzExNw==&mid=10001097&idx=1&sn=8338ffe385dcd8dd1f376fc1a2fd50ff&scene=18#rd ;
menuid : 208007648 ;

2016-03-18 20:11:11 params :
------------
Array:
rule : -2 ;
module :  ;
message : Array ;

2016-03-18 20:11:11 response :
------------

2016-03-18 20:11:12 trace :
------------
Array:
from : oqCObuB-LNn8ezlVYniEred2MIi4 ;
to : gh_5013f37369ce ;
time : 1458303085 ;
type : event ;
event : VIEW ;
tousername : gh_5013f37369ce ;
fromusername : oqCObuB-LNn8ezlVYniEred2MIi4 ;
createtime : 1458303085 ;
msgtype : event ;
eventkey : http://mp.weixin.qq.com/s?__biz=MzA5MzE5NzExNw==&mid=10001097&idx=1&sn=8338ffe385dcd8dd1f376fc1a2fd50ff&scene=18#rd ;
menuid : 208007648 ;

2016-03-18 20:11:12 params :
------------
Array:
rule : -2 ;
module :  ;
message : Array ;

2016-03-18 20:11:12 response :
------------

2016-03-18 20:19:53 trace :
------------
Array:
from : oqCObuB-LNn8ezlVYniEred2MIi4 ;
to : gh_5013f37369ce ;
time : 1458303607 ;
type : event ;
event : VIEW ;
tousername : gh_5013f37369ce ;
fromusername : oqCObuB-LNn8ezlVYniEred2MIi4 ;
createtime : 1458303607 ;
msgtype : event ;
eventkey : http://mp.weixin.qq.com/s?__biz=MzA5MzE5NzExNw==&mid=10001097&idx=1&sn=8338ffe385dcd8dd1f376fc1a2fd50ff&scene=18#rd ;
menuid : 208007648 ;

2016-03-18 20:19:53 params :
------------
Array:
rule : -2 ;
module :  ;
message : Array ;

2016-03-18 20:19:53 response :
------------

2016-03-18 20:20:03 trace :
------------
Array:
from : oqCObuB-LNn8ezlVYniEred2MIi4 ;
to : gh_5013f37369ce ;
time : 1458303616 ;
type : event ;
event : VIEW ;
tousername : gh_5013f37369ce ;
fromusername : oqCObuB-LNn8ezlVYniEred2MIi4 ;
createtime : 1458303616 ;
msgtype : event ;
eventkey : http://mp.weixin.qq.com/s?__biz=MzA5MzE5NzExNw==&mid=10001097&idx=1&sn=8338ffe385dcd8dd1f376fc1a2fd50ff&scene=18#rd ;
menuid : 208007648 ;

2016-03-18 20:20:03 params :
------------
Array:
rule : -2 ;
module :  ;
message : Array ;

2016-03-18 20:20:03 response :
------------

2016-03-18 21:22:15 trace :
------------
Array:
from : oqCObuDIQMJpQ79jDPBXxBlCFteY ;
to : gh_5013f37369ce ;
time : 1458307348 ;
type : event ;
event : VIEW ;
tousername : gh_5013f37369ce ;
fromusername : oqCObuDIQMJpQ79jDPBXxBlCFteY ;
createtime : 1458307348 ;
msgtype : event ;
eventkey : http://mp.weixin.qq.com/s?__biz=MzA5MzE5NzExNw==&mid=10001097&idx=1&sn=8338ffe385dcd8dd1f376fc1a2fd50ff&scene=18#rd ;
menuid : 208007648 ;

2016-03-18 21:22:15 params :
------------
Array:
rule : -2 ;
module :  ;
message : Array ;

2016-03-18 21:22:15 response :
------------

2016-03-18 22:45:31 trace :
------------
Array:
from : oqCObuDSZD9oUS_4C4AdllB5u7QM ;
to : gh_5013f37369ce ;
time : 1458312344 ;
type : event ;
event : VIEW ;
tousername : gh_5013f37369ce ;
fromusername : oqCObuDSZD9oUS_4C4AdllB5u7QM ;
createtime : 1458312344 ;
msgtype : event ;
eventkey : http://mp.weixin.qq.com/s?__biz=MzA5MzE5NzExNw==&mid=10001097&idx=1&sn=8338ffe385dcd8dd1f376fc1a2fd50ff&scene=18#rd ;
menuid : 208007648 ;

2016-03-18 22:45:31 params :
------------
Array:
rule : -2 ;
module :  ;
message : Array ;

2016-03-18 22:45:31 response :
------------

2016-03-18 22:45:43 trace :
------------
Array:
from : oqCObuDSZD9oUS_4C4AdllB5u7QM ;
to : gh_5013f37369ce ;
time : 1458312356 ;
type : event ;
event : VIEW ;
tousername : gh_5013f37369ce ;
fromusername : oqCObuDSZD9oUS_4C4AdllB5u7QM ;
createtime : 1458312356 ;
msgtype : event ;
eventkey : http://mp.weixin.qq.com/s?__biz=MzA5MzE5NzExNw==&mid=10001097&idx=1&sn=8338ffe385dcd8dd1f376fc1a2fd50ff&scene=18#rd ;
menuid : 208007648 ;

2016-03-18 22:45:43 params :
------------
Array:
rule : -2 ;
module :  ;
message : Array ;

2016-03-18 22:45:43 response :
------------

2016-03-18 22:45:53 trace :
------------
Array:
from : oqCObuDSZD9oUS_4C4AdllB5u7QM ;
to : gh_5013f37369ce ;
time : 1458312366 ;
type : event ;
event : VIEW ;
tousername : gh_5013f37369ce ;
fromusername : oqCObuDSZD9oUS_4C4AdllB5u7QM ;
createtime : 1458312366 ;
msgtype : event ;
eventkey : http://mp.weixin.qq.com/s?__biz=MzA5MzE5NzExNw==&mid=10001097&idx=1&sn=8338ffe385dcd8dd1f376fc1a2fd50ff&scene=18#rd ;
menuid : 208007648 ;

2016-03-18 22:45:53 params :
------------
Array:
rule : -2 ;
module :  ;
message : Array ;

2016-03-18 22:45:53 response :
------------

2016-03-18 22:46:06 trace :
------------
Array:
from : oqCObuDSZD9oUS_4C4AdllB5u7QM ;
to : gh_5013f37369ce ;
time : 1458312379 ;
type : event ;
event : VIEW ;
tousername : gh_5013f37369ce ;
fromusername : oqCObuDSZD9oUS_4C4AdllB5u7QM ;
createtime : 1458312379 ;
msgtype : event ;
eventkey : http://mp.weixin.qq.com/s?__biz=MzA5MzE5NzExNw==&mid=10001097&idx=1&sn=8338ffe385dcd8dd1f376fc1a2fd50ff&scene=18#rd ;
menuid : 208007648 ;

2016-03-18 22:46:06 params :
------------
Array:
rule : -2 ;
module :  ;
message : Array ;

2016-03-18 22:46:06 response :
------------

2016-03-18 22:46:14 trace :
------------
Array:
from : oqCObuDSZD9oUS_4C4AdllB5u7QM ;
to : gh_5013f37369ce ;
time : 1458312386 ;
type : event ;
event : VIEW ;
tousername : gh_5013f37369ce ;
fromusername : oqCObuDSZD9oUS_4C4AdllB5u7QM ;
createtime : 1458312386 ;
msgtype : event ;
eventkey : http://mp.weixin.qq.com/s?__biz=MzA5MzE5NzExNw==&mid=10001097&idx=1&sn=8338ffe385dcd8dd1f376fc1a2fd50ff&scene=18#rd ;
menuid : 208007648 ;

2016-03-18 22:46:14 params :
------------
Array:
rule : -2 ;
module :  ;
message : Array ;

2016-03-18 22:46:14 response :
------------

2016-03-18 22:46:18 trace :
------------
Array:
from : oqCObuDSZD9oUS_4C4AdllB5u7QM ;
to : gh_5013f37369ce ;
time : 1458312391 ;
type : event ;
event : VIEW ;
tousername : gh_5013f37369ce ;
fromusername : oqCObuDSZD9oUS_4C4AdllB5u7QM ;
createtime : 1458312391 ;
msgtype : event ;
eventkey : http://mp.weixin.qq.com/s?__biz=MzA5MzE5NzExNw==&mid=10001097&idx=1&sn=8338ffe385dcd8dd1f376fc1a2fd50ff&scene=18#rd ;
menuid : 208007648 ;

2016-03-18 22:46:18 params :
------------
Array:
rule : -2 ;
module :  ;
message : Array ;

2016-03-18 22:46:18 response :
------------

2016-03-18 23:48:33 trace :
------------
Array:
from : oqCObuGwCnyR-0DdJzSHYG-LBUZU ;
to : gh_5013f37369ce ;
time : 1458316126 ;
type : event ;
event : subscribe ;
tousername : gh_5013f37369ce ;
fromusername : oqCObuGwCnyR-0DdJzSHYG-LBUZU ;
createtime : 1458316126 ;
msgtype : event ;
eventkey :  ;

2016-03-18 23:48:33 params :
------------
Array:
rule : -2 ;
module :  ;
message : Array ;

2016-03-18 23:48:33 response :
------------

