2016-04-22 07:58:38 trace :
------------
Array:
from : oqCObuIlatYtSEowKwtW3BCRo2_0 ;
to : gh_5013f37369ce ;
time : 1461283135 ;
type : event ;
event : subscribe ;
tousername : gh_5013f37369ce ;
fromusername : oqCObuIlatYtSEowKwtW3BCRo2_0 ;
createtime : 1461283135 ;
msgtype : event ;
eventkey :  ;

2016-04-22 07:58:38 params :
------------
Array:
rule : -2 ;
module :  ;
message : Array ;

2016-04-22 07:58:38 response :
------------

2016-04-22 09:50:23 trace :
------------
Array:
from : oqCObuDfHgecIPHygx4OgboO8T30 ;
to : gh_5013f37369ce ;
time : 1461289843 ;
type : event ;
event : subscribe ;
tousername : gh_5013f37369ce ;
fromusername : oqCObuDfHgecIPHygx4OgboO8T30 ;
createtime : 1461289843 ;
msgtype : event ;
eventkey :  ;

2016-04-22 09:50:23 params :
------------
Array:
rule : -2 ;
module :  ;
message : Array ;

2016-04-22 09:50:23 response :
------------

2016-04-22 09:50:27 trace :
------------
Array:
from : oqCObuDfHgecIPHygx4OgboO8T30 ;
to : gh_5013f37369ce ;
time : 1461289847 ;
type : event ;
event : VIEW ;
tousername : gh_5013f37369ce ;
fromusername : oqCObuDfHgecIPHygx4OgboO8T30 ;
createtime : 1461289847 ;
msgtype : event ;
eventkey : http://mp.weixin.qq.com/s?__biz=MzA5MzE5NzExNw==&mid=10001097&idx=1&sn=8338ffe385dcd8dd1f376fc1a2fd50ff&scene=18#rd ;
menuid : 208007648 ;

2016-04-22 09:50:27 params :
------------
Array:
rule : -2 ;
module :  ;
message : Array ;

2016-04-22 09:50:27 response :
------------

2016-04-22 09:50:34 trace :
------------
Array:
from : oqCObuDfHgecIPHygx4OgboO8T30 ;
to : gh_5013f37369ce ;
time : 1461289854 ;
type : event ;
event : VIEW ;
tousername : gh_5013f37369ce ;
fromusername : oqCObuDfHgecIPHygx4OgboO8T30 ;
createtime : 1461289854 ;
msgtype : event ;
eventkey : http://mp.weixin.qq.com/s?__biz=MzA5MzE5NzExNw==&mid=10001097&idx=1&sn=8338ffe385dcd8dd1f376fc1a2fd50ff&scene=18#rd ;
menuid : 208007648 ;

2016-04-22 09:50:34 params :
------------
Array:
rule : -2 ;
module :  ;
message : Array ;

2016-04-22 09:50:34 response :
------------

2016-04-22 09:52:13 trace :
------------
Array:
from : oqCObuDPrGHtWbxOAxmdTEAnep1s ;
to : gh_5013f37369ce ;
time : 1461289954 ;
type : event ;
event : subscribe ;
tousername : gh_5013f37369ce ;
fromusername : oqCObuDPrGHtWbxOAxmdTEAnep1s ;
createtime : 1461289954 ;
msgtype : event ;
eventkey :  ;

2016-04-22 09:52:13 params :
------------
Array:
rule : -2 ;
module :  ;
message : Array ;

2016-04-22 09:52:13 response :
------------

2016-04-22 09:52:29 trace :
------------
Array:
from : oqCObuDfHgecIPHygx4OgboO8T30 ;
to : gh_5013f37369ce ;
time : 1461289969 ;
type : event ;
event : VIEW ;
tousername : gh_5013f37369ce ;
fromusername : oqCObuDfHgecIPHygx4OgboO8T30 ;
createtime : 1461289969 ;
msgtype : event ;
eventkey : http://mp.weixin.qq.com/s?__biz=MzA5MzE5NzExNw==&mid=10001097&idx=1&sn=8338ffe385dcd8dd1f376fc1a2fd50ff&scene=18#rd ;
menuid : 208007648 ;

2016-04-22 09:52:29 params :
------------
Array:
rule : -2 ;
module :  ;
message : Array ;

2016-04-22 09:52:29 response :
------------

2016-04-22 09:52:49 trace :
------------
Array:
from : oqCObuDfHgecIPHygx4OgboO8T30 ;
to : gh_5013f37369ce ;
time : 1461289990 ;
type : event ;
event : VIEW ;
tousername : gh_5013f37369ce ;
fromusername : oqCObuDfHgecIPHygx4OgboO8T30 ;
createtime : 1461289990 ;
msgtype : event ;
eventkey : http://mp.weixin.qq.com/s?__biz=MzA5MzE5NzExNw==&mid=10001097&idx=1&sn=8338ffe385dcd8dd1f376fc1a2fd50ff&scene=18#rd ;
menuid : 208007648 ;

2016-04-22 09:52:49 params :
------------
Array:
rule : -2 ;
module :  ;
message : Array ;

2016-04-22 09:52:49 response :
------------

2016-04-22 09:52:53 trace :
------------
Array:
from : oqCObuDfHgecIPHygx4OgboO8T30 ;
to : gh_5013f37369ce ;
time : 1461289993 ;
type : event ;
event : VIEW ;
tousername : gh_5013f37369ce ;
fromusername : oqCObuDfHgecIPHygx4OgboO8T30 ;
createtime : 1461289993 ;
msgtype : event ;
eventkey : http://mp.weixin.qq.com/s?__biz=MzA5MzE5NzExNw==&mid=10001097&idx=1&sn=8338ffe385dcd8dd1f376fc1a2fd50ff&scene=18#rd ;
menuid : 208007648 ;

2016-04-22 09:52:53 params :
------------
Array:
rule : -2 ;
module :  ;
message : Array ;

2016-04-22 09:52:53 response :
------------

2016-04-22 09:52:56 trace :
------------
Array:
from : oqCObuDfHgecIPHygx4OgboO8T30 ;
to : gh_5013f37369ce ;
time : 1461289997 ;
type : event ;
event : VIEW ;
tousername : gh_5013f37369ce ;
fromusername : oqCObuDfHgecIPHygx4OgboO8T30 ;
createtime : 1461289997 ;
msgtype : event ;
eventkey : http://mp.weixin.qq.com/s?__biz=MzA5MzE5NzExNw==&mid=10001097&idx=1&sn=8338ffe385dcd8dd1f376fc1a2fd50ff&scene=18#rd ;
menuid : 208007648 ;

2016-04-22 09:52:56 params :
------------
Array:
rule : -2 ;
module :  ;
message : Array ;

2016-04-22 09:52:56 response :
------------

2016-04-22 09:54:03 trace :
------------
Array:
from : oqCObuDPrGHtWbxOAxmdTEAnep1s ;
to : gh_5013f37369ce ;
time : 1461290063 ;
type : event ;
event : VIEW ;
tousername : gh_5013f37369ce ;
fromusername : oqCObuDPrGHtWbxOAxmdTEAnep1s ;
createtime : 1461290063 ;
msgtype : event ;
eventkey : http://mp.weixin.qq.com/s?__biz=MzA5MzE5NzExNw==&mid=10001097&idx=1&sn=8338ffe385dcd8dd1f376fc1a2fd50ff&scene=18#rd ;
menuid : 208007648 ;

2016-04-22 09:54:03 params :
------------
Array:
rule : -2 ;
module :  ;
message : Array ;

2016-04-22 09:54:03 response :
------------

2016-04-22 09:54:09 trace :
------------
Array:
from : oqCObuDfHgecIPHygx4OgboO8T30 ;
to : gh_5013f37369ce ;
time : 1461290069 ;
type : event ;
event : VIEW ;
tousername : gh_5013f37369ce ;
fromusername : oqCObuDfHgecIPHygx4OgboO8T30 ;
createtime : 1461290069 ;
msgtype : event ;
eventkey : http://mp.weixin.qq.com/s?__biz=MzA5MzE5NzExNw==&mid=10001097&idx=1&sn=8338ffe385dcd8dd1f376fc1a2fd50ff&scene=18#rd ;
menuid : 208007648 ;

2016-04-22 09:54:09 params :
------------
Array:
rule : -2 ;
module :  ;
message : Array ;

2016-04-22 09:54:09 response :
------------

2016-04-22 09:54:30 trace :
------------
Array:
from : oqCObuDfHgecIPHygx4OgboO8T30 ;
to : gh_5013f37369ce ;
time : 1461290090 ;
type : event ;
event : VIEW ;
tousername : gh_5013f37369ce ;
fromusername : oqCObuDfHgecIPHygx4OgboO8T30 ;
createtime : 1461290090 ;
msgtype : event ;
eventkey : http://mp.weixin.qq.com/s?__biz=MzA5MzE5NzExNw==&mid=10001097&idx=1&sn=8338ffe385dcd8dd1f376fc1a2fd50ff&scene=18#rd ;
menuid : 208007648 ;

2016-04-22 09:54:30 params :
------------
Array:
rule : -2 ;
module :  ;
message : Array ;

2016-04-22 09:54:30 response :
------------

2016-04-22 09:54:41 trace :
------------
Array:
from : oqCObuDfHgecIPHygx4OgboO8T30 ;
to : gh_5013f37369ce ;
time : 1461290101 ;
type : event ;
event : VIEW ;
tousername : gh_5013f37369ce ;
fromusername : oqCObuDfHgecIPHygx4OgboO8T30 ;
createtime : 1461290101 ;
msgtype : event ;
eventkey : http://mp.weixin.qq.com/s?__biz=MzA5MzE5NzExNw==&mid=10001097&idx=1&sn=8338ffe385dcd8dd1f376fc1a2fd50ff&scene=18#rd ;
menuid : 208007648 ;

2016-04-22 09:54:41 params :
------------
Array:
rule : -2 ;
module :  ;
message : Array ;

2016-04-22 09:54:41 response :
------------

2016-04-22 11:52:09 trace :
------------
Array:
from : oqCObuGYwcow0ZzVWFbl0TfsQpXQ ;
to : gh_5013f37369ce ;
time : 1461297147 ;
type : event ;
event : subscribe ;
tousername : gh_5013f37369ce ;
fromusername : oqCObuGYwcow0ZzVWFbl0TfsQpXQ ;
createtime : 1461297147 ;
msgtype : event ;
eventkey :  ;

2016-04-22 11:52:09 params :
------------
Array:
rule : -2 ;
module :  ;
message : Array ;

2016-04-22 11:52:09 response :
------------

2016-04-22 13:04:38 trace :
------------
Array:
from : oqCObuNNbn8bUpB7t4Yd08i8H7O4 ;
to : gh_5013f37369ce ;
time : 1461301498 ;
type : event ;
event : subscribe ;
tousername : gh_5013f37369ce ;
fromusername : oqCObuNNbn8bUpB7t4Yd08i8H7O4 ;
createtime : 1461301498 ;
msgtype : event ;
eventkey :  ;

2016-04-22 13:04:38 params :
------------
Array:
rule : -2 ;
module :  ;
message : Array ;

2016-04-22 13:04:38 response :
------------

2016-04-22 13:16:12 trace :
------------
Array:
from : oqCObuNNbn8bUpB7t4Yd08i8H7O4 ;
to : gh_5013f37369ce ;
time : 1461302193 ;
type : event ;
event : VIEW ;
tousername : gh_5013f37369ce ;
fromusername : oqCObuNNbn8bUpB7t4Yd08i8H7O4 ;
createtime : 1461302193 ;
msgtype : event ;
eventkey : http://mp.weixin.qq.com/s?__biz=MzA5MzE5NzExNw==&mid=10001097&idx=1&sn=8338ffe385dcd8dd1f376fc1a2fd50ff&scene=18#rd ;
menuid : 208007648 ;

2016-04-22 13:16:12 params :
------------
Array:
rule : -2 ;
module :  ;
message : Array ;

2016-04-22 13:16:12 response :
------------

2016-04-22 13:24:53 trace :
------------
Array:
from : oqCObuNNbn8bUpB7t4Yd08i8H7O4 ;
to : gh_5013f37369ce ;
time : 1461302713 ;
type : event ;
event : VIEW ;
tousername : gh_5013f37369ce ;
fromusername : oqCObuNNbn8bUpB7t4Yd08i8H7O4 ;
createtime : 1461302713 ;
msgtype : event ;
eventkey : http://mp.weixin.qq.com/s?__biz=MzA5MzE5NzExNw==&mid=10001097&idx=1&sn=8338ffe385dcd8dd1f376fc1a2fd50ff&scene=18#rd ;
menuid : 208007648 ;

2016-04-22 13:24:53 params :
------------
Array:
rule : -2 ;
module :  ;
message : Array ;

2016-04-22 13:24:53 response :
------------

2016-04-22 13:52:30 trace :
------------
Array:
from : oqCObuNNbn8bUpB7t4Yd08i8H7O4 ;
to : gh_5013f37369ce ;
time : 1461304370 ;
type : event ;
event : VIEW ;
tousername : gh_5013f37369ce ;
fromusername : oqCObuNNbn8bUpB7t4Yd08i8H7O4 ;
createtime : 1461304370 ;
msgtype : event ;
eventkey : http://mp.weixin.qq.com/s?__biz=MzA5MzE5NzExNw==&mid=10001097&idx=1&sn=8338ffe385dcd8dd1f376fc1a2fd50ff&scene=18#rd ;
menuid : 208007648 ;

2016-04-22 13:52:30 params :
------------
Array:
rule : -2 ;
module :  ;
message : Array ;

2016-04-22 13:52:30 response :
------------

2016-04-22 14:47:30 trace :
------------
Array:
from : oqCObuNNbn8bUpB7t4Yd08i8H7O4 ;
to : gh_5013f37369ce ;
time : 1461307670 ;
type : event ;
event : VIEW ;
tousername : gh_5013f37369ce ;
fromusername : oqCObuNNbn8bUpB7t4Yd08i8H7O4 ;
createtime : 1461307670 ;
msgtype : event ;
eventkey : http://mp.weixin.qq.com/s?__biz=MzA5MzE5NzExNw==&mid=10001097&idx=1&sn=8338ffe385dcd8dd1f376fc1a2fd50ff&scene=18#rd ;
menuid : 208007648 ;

2016-04-22 14:47:30 params :
------------
Array:
rule : -2 ;
module :  ;
message : Array ;

2016-04-22 14:47:30 response :
------------

2016-04-22 16:02:01 trace :
------------
Array:
from : oqCObuD5CtOLwW-EnBUfLu3Ytjnw ;
to : gh_5013f37369ce ;
time : 1461312141 ;
type : event ;
event : subscribe ;
tousername : gh_5013f37369ce ;
fromusername : oqCObuD5CtOLwW-EnBUfLu3Ytjnw ;
createtime : 1461312141 ;
msgtype : event ;
eventkey :  ;

2016-04-22 16:02:01 params :
------------
Array:
rule : -2 ;
module :  ;
message : Array ;

2016-04-22 16:02:01 response :
------------

2016-04-22 16:02:04 trace :
------------
Array:
from : oqCObuD5CtOLwW-EnBUfLu3Ytjnw ;
to : gh_5013f37369ce ;
time : 1461312145 ;
type : event ;
event : VIEW ;
tousername : gh_5013f37369ce ;
fromusername : oqCObuD5CtOLwW-EnBUfLu3Ytjnw ;
createtime : 1461312145 ;
msgtype : event ;
eventkey : http://mp.weixin.qq.com/s?__biz=MzA5MzE5NzExNw==&mid=10001097&idx=1&sn=8338ffe385dcd8dd1f376fc1a2fd50ff&scene=18#rd ;
menuid : 208007648 ;

2016-04-22 16:02:04 params :
------------
Array:
rule : -2 ;
module :  ;
message : Array ;

2016-04-22 16:02:04 response :
------------

2016-04-22 17:01:15 trace :
------------
Array:
from : oqCObuCK_WsVVkMZXmE6GKN_dVnE ;
to : gh_5013f37369ce ;
time : 1461315693 ;
type : event ;
event : subscribe ;
tousername : gh_5013f37369ce ;
fromusername : oqCObuCK_WsVVkMZXmE6GKN_dVnE ;
createtime : 1461315693 ;
msgtype : event ;
eventkey :  ;

2016-04-22 17:01:15 params :
------------
Array:
rule : -2 ;
module :  ;
message : Array ;

2016-04-22 17:01:15 response :
------------

2016-04-22 17:01:18 trace :
------------
Array:
from : oqCObuCK_WsVVkMZXmE6GKN_dVnE ;
to : gh_5013f37369ce ;
time : 1461315698 ;
type : event ;
event : VIEW ;
tousername : gh_5013f37369ce ;
fromusername : oqCObuCK_WsVVkMZXmE6GKN_dVnE ;
createtime : 1461315698 ;
msgtype : event ;
eventkey : http://mp.weixin.qq.com/s?__biz=MzA5MzE5NzExNw==&mid=10001097&idx=1&sn=8338ffe385dcd8dd1f376fc1a2fd50ff&scene=18#rd ;
menuid : 208007648 ;

2016-04-22 17:01:18 params :
------------
Array:
rule : -2 ;
module :  ;
message : Array ;

2016-04-22 17:01:18 response :
------------

2016-04-22 17:23:18 trace :
------------
Array:
from : oqCObuKRXzMy48PWBqCtd-4m7vpc ;
to : gh_5013f37369ce ;
time : 1461317019 ;
type : event ;
event : subscribe ;
tousername : gh_5013f37369ce ;
fromusername : oqCObuKRXzMy48PWBqCtd-4m7vpc ;
createtime : 1461317019 ;
msgtype : event ;
eventkey :  ;

2016-04-22 17:23:18 params :
------------
Array:
rule : -2 ;
module :  ;
message : Array ;

2016-04-22 17:23:18 response :
------------

2016-04-22 17:45:18 trace :
------------
Array:
from : oqCObuPgTWLvzB0CWVQoDJOEbtS4 ;
to : gh_5013f37369ce ;
time : 1461318339 ;
type : event ;
event : subscribe ;
tousername : gh_5013f37369ce ;
fromusername : oqCObuPgTWLvzB0CWVQoDJOEbtS4 ;
createtime : 1461318339 ;
msgtype : event ;
eventkey :  ;

2016-04-22 17:45:18 params :
------------
Array:
rule : -2 ;
module :  ;
message : Array ;

2016-04-22 17:45:18 response :
------------

2016-04-22 19:58:13 trace :
------------
Array:
from : oqCObuO2OjN9iLNS25ZaHsj8Z0Gc ;
to : gh_5013f37369ce ;
time : 1461326314 ;
type : event ;
event : VIEW ;
tousername : gh_5013f37369ce ;
fromusername : oqCObuO2OjN9iLNS25ZaHsj8Z0Gc ;
createtime : 1461326314 ;
msgtype : event ;
eventkey : http://mp.weixin.qq.com/s?__biz=MzA5MzE5NzExNw==&mid=10001097&idx=1&sn=8338ffe385dcd8dd1f376fc1a2fd50ff&scene=18#rd ;
menuid : 208007648 ;

2016-04-22 19:58:13 params :
------------
Array:
rule : -2 ;
module :  ;
message : Array ;

2016-04-22 19:58:13 response :
------------

2016-04-22 22:07:47 trace :
------------
Array:
from : oqCObuOv8FiXEdCylFMDBWeJghDo ;
to : gh_5013f37369ce ;
time : 1461334087 ;
type : event ;
event : subscribe ;
tousername : gh_5013f37369ce ;
fromusername : oqCObuOv8FiXEdCylFMDBWeJghDo ;
createtime : 1461334087 ;
msgtype : event ;
eventkey :  ;

2016-04-22 22:07:47 params :
------------
Array:
rule : -2 ;
module :  ;
message : Array ;

2016-04-22 22:07:47 response :
------------

