2016-09-26 09:17:46 trace :
------------
String:
<xml><ToUserName><![CDATA[gh_fbee6dda34f1]]></ToUserName>
<FromUserName><![CDATA[o1Sf9wkKBQehW95uXJpMpNu1EkCg]]></FromUserName>
<CreateTime>1474852875</CreateTime>
<MsgType><![CDATA[event]]></MsgType>
<Event><![CDATA[VIEW]]></Event>
<EventKey><![CDATA[http://mp.angelbeautyinc.com/app/index.php?i=8&c=entry&do=selfinspection&m=lrj_guide]]></EventKey>
<MenuId>524736329</MenuId>
</xml>

2016-09-26 09:17:46 params :
------------
Array:
rule : -2 ;
module :  ;
message : Array ;

2016-09-26 09:17:46 response :
------------

2016-09-26 09:17:56 trace :
------------
String:
<xml><ToUserName><![CDATA[gh_fbee6dda34f1]]></ToUserName>
<FromUserName><![CDATA[o1Sf9wkKBQehW95uXJpMpNu1EkCg]]></FromUserName>
<CreateTime>1474852885</CreateTime>
<MsgType><![CDATA[event]]></MsgType>
<Event><![CDATA[VIEW]]></Event>
<EventKey><![CDATA[http://mp.angelbeautyinc.com/question/]]></EventKey>
<MenuId>524736329</MenuId>
</xml>

2016-09-26 09:17:56 params :
------------
Array:
rule : -2 ;
module :  ;
message : Array ;

2016-09-26 09:17:56 response :
------------

2016-09-26 09:18:19 trace :
------------
String:
<xml><ToUserName><![CDATA[gh_fbee6dda34f1]]></ToUserName>
<FromUserName><![CDATA[o1Sf9wkKBQehW95uXJpMpNu1EkCg]]></FromUserName>
<CreateTime>1474852908</CreateTime>
<MsgType><![CDATA[event]]></MsgType>
<Event><![CDATA[VIEW]]></Event>
<EventKey><![CDATA[http://mp.angelbeautyinc.com/app/aboutus.html#enterprise]]></EventKey>
<MenuId>524736329</MenuId>
</xml>

2016-09-26 09:18:19 params :
------------
Array:
rule : -2 ;
module :  ;
message : Array ;

2016-09-26 09:18:19 response :
------------

2016-09-26 09:19:37 trace :
------------
String:
<xml><ToUserName><![CDATA[gh_fbee6dda34f1]]></ToUserName>
<FromUserName><![CDATA[o1Sf9wkKBQehW95uXJpMpNu1EkCg]]></FromUserName>
<CreateTime>1474852986</CreateTime>
<MsgType><![CDATA[event]]></MsgType>
<Event><![CDATA[VIEW]]></Event>
<EventKey><![CDATA[http://mp.angelbeautyinc.com/app/aboutus.html#brand]]></EventKey>
<MenuId>524736329</MenuId>
</xml>

2016-09-26 09:19:37 params :
------------
Array:
rule : -2 ;
module :  ;
message : Array ;

2016-09-26 09:19:37 response :
------------

2016-09-26 09:19:58 trace :
------------
String:
<xml><ToUserName><![CDATA[gh_fbee6dda34f1]]></ToUserName>
<FromUserName><![CDATA[o1Sf9wkKBQehW95uXJpMpNu1EkCg]]></FromUserName>
<CreateTime>1474853007</CreateTime>
<MsgType><![CDATA[event]]></MsgType>
<Event><![CDATA[VIEW]]></Event>
<EventKey><![CDATA[http://mp.angelbeautyinc.com/app/index.php?i=8&c=entry&do=shop&m=ewei_shop]]></EventKey>
<MenuId>524736329</MenuId>
</xml>

2016-09-26 09:19:58 params :
------------
Array:
rule : -2 ;
module :  ;
message : Array ;

2016-09-26 09:19:58 response :
------------

2016-09-26 09:25:56 trace :
------------
String:
<xml><ToUserName><![CDATA[gh_fbee6dda34f1]]></ToUserName>
<FromUserName><![CDATA[o1Sf9wkKBQehW95uXJpMpNu1EkCg]]></FromUserName>
<CreateTime>1474853365</CreateTime>
<MsgType><![CDATA[event]]></MsgType>
<Event><![CDATA[VIEW]]></Event>
<EventKey><![CDATA[http://mp.angelbeautyinc.com/app/index.php?i=8&c=entry&do=selfinspection&m=lrj_guide]]></EventKey>
<MenuId>524736329</MenuId>
</xml>

2016-09-26 09:25:56 params :
------------
Array:
rule : -2 ;
module :  ;
message : Array ;

2016-09-26 09:25:56 response :
------------

2016-09-26 09:26:02 trace :
------------
String:
<xml><ToUserName><![CDATA[gh_fbee6dda34f1]]></ToUserName>
<FromUserName><![CDATA[o1Sf9wkKBQehW95uXJpMpNu1EkCg]]></FromUserName>
<CreateTime>1474853371</CreateTime>
<MsgType><![CDATA[event]]></MsgType>
<Event><![CDATA[VIEW]]></Event>
<EventKey><![CDATA[http://mp.angelbeautyinc.com/app/index.php?i=8&c=entry&do=shop&m=ewei_shop]]></EventKey>
<MenuId>524736329</MenuId>
</xml>

2016-09-26 09:26:02 params :
------------
Array:
rule : -2 ;
module :  ;
message : Array ;

2016-09-26 09:26:02 response :
------------

2016-09-26 09:44:28 trace :
------------
String:
<xml><ToUserName><![CDATA[gh_fbee6dda34f1]]></ToUserName>
<FromUserName><![CDATA[o1Sf9wkRRScI1TMsZGeSag5I2ulk]]></FromUserName>
<CreateTime>1474854477</CreateTime>
<MsgType><![CDATA[event]]></MsgType>
<Event><![CDATA[VIEW]]></Event>
<EventKey><![CDATA[http://mp.angelbeautyinc.com/app/aboutus.html#enterprise]]></EventKey>
<MenuId>524736329</MenuId>
</xml>

2016-09-26 09:44:28 params :
------------
Array:
rule : -2 ;
module :  ;
message : Array ;

2016-09-26 09:44:28 response :
------------

2016-09-26 09:45:26 trace :
------------
String:
<xml><ToUserName><![CDATA[gh_fbee6dda34f1]]></ToUserName>
<FromUserName><![CDATA[o1Sf9wkRRScI1TMsZGeSag5I2ulk]]></FromUserName>
<CreateTime>1474854535</CreateTime>
<MsgType><![CDATA[event]]></MsgType>
<Event><![CDATA[VIEW]]></Event>
<EventKey><![CDATA[http://mp.angelbeautyinc.com/app/index.php?i=8&c=entry&do=shop&m=ewei_shop]]></EventKey>
<MenuId>524736329</MenuId>
</xml>

2016-09-26 09:45:26 params :
------------
Array:
rule : -2 ;
module :  ;
message : Array ;

2016-09-26 09:45:26 response :
------------

2016-09-26 09:46:08 trace :
------------
String:
<xml><ToUserName><![CDATA[gh_fbee6dda34f1]]></ToUserName>
<FromUserName><![CDATA[o1Sf9wkRRScI1TMsZGeSag5I2ulk]]></FromUserName>
<CreateTime>1474854577</CreateTime>
<MsgType><![CDATA[event]]></MsgType>
<Event><![CDATA[VIEW]]></Event>
<EventKey><![CDATA[http://mp.angelbeautyinc.com/app/index.php?i=8&c=entry&do=shop&m=ewei_shop]]></EventKey>
<MenuId>524736329</MenuId>
</xml>

2016-09-26 09:46:08 params :
------------
Array:
rule : -2 ;
module :  ;
message : Array ;

2016-09-26 09:46:08 response :
------------

2016-09-26 09:47:37 trace :
------------
String:
<xml><ToUserName><![CDATA[gh_fbee6dda34f1]]></ToUserName>
<FromUserName><![CDATA[o1Sf9wkRRScI1TMsZGeSag5I2ulk]]></FromUserName>
<CreateTime>1474854666</CreateTime>
<MsgType><![CDATA[event]]></MsgType>
<Event><![CDATA[VIEW]]></Event>
<EventKey><![CDATA[http://mp.angelbeautyinc.com/app/index.php?i=8&c=entry&do=selfinspection&m=lrj_guide]]></EventKey>
<MenuId>524736329</MenuId>
</xml>

2016-09-26 09:47:37 params :
------------
Array:
rule : -2 ;
module :  ;
message : Array ;

2016-09-26 09:47:37 response :
------------

2016-09-26 09:53:03 trace :
------------
String:
<xml><ToUserName><![CDATA[gh_fbee6dda34f1]]></ToUserName>
<FromUserName><![CDATA[o1Sf9wh6vHNzBtcODxBVyLMnuXAA]]></FromUserName>
<CreateTime>1474854989</CreateTime>
<MsgType><![CDATA[event]]></MsgType>
<Event><![CDATA[unsubscribe]]></Event>
<EventKey><![CDATA[]]></EventKey>
</xml>

2016-09-26 09:53:17 trace :
------------
String:
<xml><ToUserName><![CDATA[gh_fbee6dda34f1]]></ToUserName>
<FromUserName><![CDATA[o1Sf9wh6vHNzBtcODxBVyLMnuXAA]]></FromUserName>
<CreateTime>1474855006</CreateTime>
<MsgType><![CDATA[event]]></MsgType>
<Event><![CDATA[subscribe]]></Event>
<EventKey><![CDATA[]]></EventKey>
</xml>

2016-09-26 09:53:17 params :
------------
Array:
message : Array ;
module : basic ;
rule : 22 ;
priority : 0 ;
keyword : Array ;

2016-09-26 09:53:17 response :
------------
Array:
FromUserName : gh_fbee6dda34f1 ;
ToUserName : o1Sf9wh6vHNzBtcODxBVyLMnuXAA ;
MsgType : text ;
Content : 为梦想打拼的路上，
有曲折，有艰辛，
只要有强健的体魄，
我们无惧失败。。。
八年铸一品，
日复一日，
坚持、奋斗、创造。。。
每天酵果菜谱，
与您携手共创每一刻的人生精彩。
您的健康，有我在！
点击您的需求，接轨健康快线！ ;

2016-09-26 11:05:15 trace :
------------
String:
<xml><ToUserName><![CDATA[gh_fbee6dda34f1]]></ToUserName>
<FromUserName><![CDATA[o1Sf9wkKBQehW95uXJpMpNu1EkCg]]></FromUserName>
<CreateTime>1474859324</CreateTime>
<MsgType><![CDATA[event]]></MsgType>
<Event><![CDATA[VIEW]]></Event>
<EventKey><![CDATA[http://mp.angelbeautyinc.com/app/aboutus.html#enterprise]]></EventKey>
<MenuId>524736329</MenuId>
</xml>

2016-09-26 11:05:15 params :
------------
Array:
rule : -2 ;
module :  ;
message : Array ;

2016-09-26 11:05:15 response :
------------

2016-09-26 11:10:49 trace :
------------
String:
<xml><ToUserName><![CDATA[gh_fbee6dda34f1]]></ToUserName>
<FromUserName><![CDATA[o1Sf9wkKBQehW95uXJpMpNu1EkCg]]></FromUserName>
<CreateTime>1474859658</CreateTime>
<MsgType><![CDATA[event]]></MsgType>
<Event><![CDATA[VIEW]]></Event>
<EventKey><![CDATA[http://mp.angelbeautyinc.com/app/index.php?i=8&c=entry&do=shop&m=ewei_shop]]></EventKey>
<MenuId>524736329</MenuId>
</xml>

2016-09-26 11:10:49 params :
------------
Array:
rule : -2 ;
module :  ;
message : Array ;

2016-09-26 11:10:49 response :
------------

2016-09-26 11:14:20 trace :
------------
String:
<xml><ToUserName><![CDATA[gh_fbee6dda34f1]]></ToUserName>
<FromUserName><![CDATA[o1Sf9wkKBQehW95uXJpMpNu1EkCg]]></FromUserName>
<CreateTime>1474859869</CreateTime>
<MsgType><![CDATA[event]]></MsgType>
<Event><![CDATA[VIEW]]></Event>
<EventKey><![CDATA[http://mp.angelbeautyinc.com/app/index.php?i=8&c=entry&do=member&m=ewei_shop]]></EventKey>
<MenuId>524736329</MenuId>
</xml>

2016-09-26 11:14:20 params :
------------
Array:
rule : -2 ;
module :  ;
message : Array ;

2016-09-26 11:14:20 response :
------------

2016-09-26 12:15:54 trace :
------------
String:
<xml><ToUserName><![CDATA[gh_fbee6dda34f1]]></ToUserName>
<FromUserName><![CDATA[o1Sf9wjLfY9pINdEYHQOSfXAdQBk]]></FromUserName>
<CreateTime>1474863563</CreateTime>
<MsgType><![CDATA[event]]></MsgType>
<Event><![CDATA[VIEW]]></Event>
<EventKey><![CDATA[http://mp.angelbeautyinc.com/app/aboutus.html#enterprise]]></EventKey>
<MenuId>524736329</MenuId>
</xml>

2016-09-26 12:15:54 params :
------------
Array:
rule : -2 ;
module :  ;
message : Array ;

2016-09-26 12:15:54 response :
------------

2016-09-26 12:38:03 trace :
------------
String:
<xml><ToUserName><![CDATA[gh_fbee6dda34f1]]></ToUserName>
<FromUserName><![CDATA[o1Sf9wjLfY9pINdEYHQOSfXAdQBk]]></FromUserName>
<CreateTime>1474864892</CreateTime>
<MsgType><![CDATA[event]]></MsgType>
<Event><![CDATA[VIEW]]></Event>
<EventKey><![CDATA[http://mp.angelbeautyinc.com/app/aboutus.html#enterprise]]></EventKey>
<MenuId>524736329</MenuId>
</xml>

2016-09-26 12:38:03 params :
------------
Array:
rule : -2 ;
module :  ;
message : Array ;

2016-09-26 12:38:03 response :
------------

2016-09-26 12:39:42 trace :
------------
String:
<xml><ToUserName><![CDATA[gh_fbee6dda34f1]]></ToUserName>
<FromUserName><![CDATA[o1Sf9wjLfY9pINdEYHQOSfXAdQBk]]></FromUserName>
<CreateTime>1474864991</CreateTime>
<MsgType><![CDATA[event]]></MsgType>
<Event><![CDATA[VIEW]]></Event>
<EventKey><![CDATA[http://mp.angelbeautyinc.com/app/aboutus.html#enterprise]]></EventKey>
<MenuId>524736329</MenuId>
</xml>

2016-09-26 12:39:42 params :
------------
Array:
rule : -2 ;
module :  ;
message : Array ;

2016-09-26 12:39:42 response :
------------

2016-09-26 12:44:49 trace :
------------
String:
<xml><ToUserName><![CDATA[gh_fbee6dda34f1]]></ToUserName>
<FromUserName><![CDATA[o1Sf9wnwKARxWwEzTZNiD-s6yh04]]></FromUserName>
<CreateTime>1474865298</CreateTime>
<MsgType><![CDATA[event]]></MsgType>
<Event><![CDATA[VIEW]]></Event>
<EventKey><![CDATA[http://mp.angelbeautyinc.com/app/index.php?i=8&c=entry&do=shop&m=ewei_shop]]></EventKey>
<MenuId>524736329</MenuId>
</xml>

2016-09-26 12:44:49 params :
------------
Array:
rule : -2 ;
module :  ;
message : Array ;

2016-09-26 12:44:49 response :
------------

2016-09-26 12:44:52 trace :
------------
String:
<xml><ToUserName><![CDATA[gh_fbee6dda34f1]]></ToUserName>
<FromUserName><![CDATA[o1Sf9wnwKARxWwEzTZNiD-s6yh04]]></FromUserName>
<CreateTime>1474865301</CreateTime>
<MsgType><![CDATA[event]]></MsgType>
<Event><![CDATA[VIEW]]></Event>
<EventKey><![CDATA[http://mp.angelbeautyinc.com/app/index.php?i=8&c=entry&do=selfinspection&m=lrj_guide]]></EventKey>
<MenuId>524736329</MenuId>
</xml>

2016-09-26 12:44:52 params :
------------
Array:
rule : -2 ;
module :  ;
message : Array ;

2016-09-26 12:44:52 response :
------------

2016-09-26 13:26:32 trace :
------------
String:
<xml><ToUserName><![CDATA[gh_fbee6dda34f1]]></ToUserName>
<FromUserName><![CDATA[o1Sf9wkKBQehW95uXJpMpNu1EkCg]]></FromUserName>
<CreateTime>1474867801</CreateTime>
<MsgType><![CDATA[event]]></MsgType>
<Event><![CDATA[VIEW]]></Event>
<EventKey><![CDATA[http://mp.angelbeautyinc.com/app/index.php?i=8&c=entry&do=shop&m=ewei_shop]]></EventKey>
<MenuId>524736329</MenuId>
</xml>

2016-09-26 13:26:32 params :
------------
Array:
rule : -2 ;
module :  ;
message : Array ;

2016-09-26 13:26:32 response :
------------

2016-09-26 13:26:49 trace :
------------
String:
<xml><ToUserName><![CDATA[gh_fbee6dda34f1]]></ToUserName>
<FromUserName><![CDATA[o1Sf9wkKBQehW95uXJpMpNu1EkCg]]></FromUserName>
<CreateTime>1474867818</CreateTime>
<MsgType><![CDATA[event]]></MsgType>
<Event><![CDATA[VIEW]]></Event>
<EventKey><![CDATA[http://mp.angelbeautyinc.com/app/index.php?i=8&c=entry&do=shop&m=ewei_shop]]></EventKey>
<MenuId>524736329</MenuId>
</xml>

2016-09-26 13:26:49 params :
------------
Array:
rule : -2 ;
module :  ;
message : Array ;

2016-09-26 13:26:49 response :
------------

2016-09-26 15:07:52 trace :
------------
String:
<xml><ToUserName><![CDATA[gh_fbee6dda34f1]]></ToUserName>
<FromUserName><![CDATA[o1Sf9wh6vHNzBtcODxBVyLMnuXAA]]></FromUserName>
<CreateTime>1474873878</CreateTime>
<MsgType><![CDATA[event]]></MsgType>
<Event><![CDATA[VIEW]]></Event>
<EventKey><![CDATA[http://mp.angelbeautyinc.com/app/index.php?i=8&c=entry&do=selfinspection&m=lrj_guide]]></EventKey>
<MenuId>524736329</MenuId>
</xml>

2016-09-26 15:07:52 params :
------------
Array:
rule : -2 ;
module :  ;
message : Array ;

2016-09-26 15:07:52 response :
------------

2016-09-26 21:04:51 trace :
------------
String:
<xml><ToUserName><![CDATA[gh_fbee6dda34f1]]></ToUserName>
<FromUserName><![CDATA[o1Sf9wsrOcd0En-jeTZ27YHvFfBI]]></FromUserName>
<CreateTime>1474895299</CreateTime>
<MsgType><![CDATA[event]]></MsgType>
<Event><![CDATA[VIEW]]></Event>
<EventKey><![CDATA[http://mp.angelbeautyinc.com/app/index.php?i=8&c=entry&do=shop&m=ewei_shop]]></EventKey>
<MenuId>524736329</MenuId>
</xml>

2016-09-26 21:04:51 params :
------------
Array:
rule : -2 ;
module :  ;
message : Array ;

2016-09-26 21:04:51 response :
------------

2016-09-26 21:04:54 trace :
------------
String:
<xml><ToUserName><![CDATA[gh_fbee6dda34f1]]></ToUserName>
<FromUserName><![CDATA[o1Sf9wsrOcd0En-jeTZ27YHvFfBI]]></FromUserName>
<CreateTime>1474895302</CreateTime>
<MsgType><![CDATA[event]]></MsgType>
<Event><![CDATA[VIEW]]></Event>
<EventKey><![CDATA[http://mp.angelbeautyinc.com/app/index.php?i=8&c=entry&do=selfinspection&m=lrj_guide]]></EventKey>
<MenuId>524736329</MenuId>
</xml>

2016-09-26 21:04:54 params :
------------
Array:
rule : -2 ;
module :  ;
message : Array ;

2016-09-26 21:04:54 response :
------------

