2016-10-09 09:14:58 trace :
------------
String:
<xml><ToUserName><![CDATA[gh_fbee6dda34f1]]></ToUserName>
<FromUserName><![CDATA[o1Sf9wh6vHNzBtcODxBVyLMnuXAA]]></FromUserName>
<CreateTime>1475975909</CreateTime>
<MsgType><![CDATA[event]]></MsgType>
<Event><![CDATA[VIEW]]></Event>
<EventKey><![CDATA[http://mp.angelbeautyinc.com/app/index.php?i=8&c=entry&do=associate&m=lrj_guide]]></EventKey>
<MenuId>525514519</MenuId>
</xml>

2016-10-09 09:14:58 params :
------------
Array:
rule : -2 ;
module :  ;
message : Array ;

2016-10-09 09:14:58 response :
------------

2016-10-09 09:15:06 trace :
------------
String:
<xml><ToUserName><![CDATA[gh_fbee6dda34f1]]></ToUserName>
<FromUserName><![CDATA[o1Sf9wh6vHNzBtcODxBVyLMnuXAA]]></FromUserName>
<CreateTime>1475975917</CreateTime>
<MsgType><![CDATA[event]]></MsgType>
<Event><![CDATA[VIEW]]></Event>
<EventKey><![CDATA[http://mp.angelbeautyinc.com/app/index.php?i=8&c=entry&do=selfinspection&m=lrj_guide]]></EventKey>
<MenuId>525514519</MenuId>
</xml>

2016-10-09 09:15:06 params :
------------
Array:
rule : -2 ;
module :  ;
message : Array ;

2016-10-09 09:15:06 response :
------------

2016-10-09 09:15:10 trace :
------------
String:
<xml><ToUserName><![CDATA[gh_fbee6dda34f1]]></ToUserName>
<FromUserName><![CDATA[o1Sf9wh6vHNzBtcODxBVyLMnuXAA]]></FromUserName>
<CreateTime>1475975920</CreateTime>
<MsgType><![CDATA[event]]></MsgType>
<Event><![CDATA[VIEW]]></Event>
<EventKey><![CDATA[http://mp.angelbeautyinc.com/question/]]></EventKey>
<MenuId>525514519</MenuId>
</xml>

2016-10-09 09:15:10 params :
------------
Array:
rule : -2 ;
module :  ;
message : Array ;

2016-10-09 09:15:10 response :
------------

2016-10-09 09:24:08 trace :
------------
String:
<xml><ToUserName><![CDATA[gh_fbee6dda34f1]]></ToUserName>
<FromUserName><![CDATA[o1Sf9wh6vHNzBtcODxBVyLMnuXAA]]></FromUserName>
<CreateTime>1475976459</CreateTime>
<MsgType><![CDATA[event]]></MsgType>
<Event><![CDATA[VIEW]]></Event>
<EventKey><![CDATA[http://mp.angelbeautyinc.com/question/]]></EventKey>
<MenuId>525514519</MenuId>
</xml>

2016-10-09 09:24:08 params :
------------
Array:
rule : -2 ;
module :  ;
message : Array ;

2016-10-09 09:24:08 response :
------------

2016-10-09 09:26:09 trace :
------------
String:
<xml><ToUserName><![CDATA[gh_fbee6dda34f1]]></ToUserName>
<FromUserName><![CDATA[o1Sf9wh6vHNzBtcODxBVyLMnuXAA]]></FromUserName>
<CreateTime>1475976580</CreateTime>
<MsgType><![CDATA[event]]></MsgType>
<Event><![CDATA[VIEW]]></Event>
<EventKey><![CDATA[http://mp.angelbeautyinc.com/question/]]></EventKey>
<MenuId>525514519</MenuId>
</xml>

2016-10-09 09:26:09 params :
------------
Array:
rule : -2 ;
module :  ;
message : Array ;

2016-10-09 09:26:09 response :
------------

2016-10-09 09:28:30 trace :
------------
String:
<xml><ToUserName><![CDATA[gh_fbee6dda34f1]]></ToUserName>
<FromUserName><![CDATA[o1Sf9wiVbAE8eTBHl_teVBY0UTOU]]></FromUserName>
<CreateTime>1475976721</CreateTime>
<MsgType><![CDATA[event]]></MsgType>
<Event><![CDATA[VIEW]]></Event>
<EventKey><![CDATA[http://mp.angelbeautyinc.com/app/index.php?i=8&c=entry&do=shop&m=ewei_shop]]></EventKey>
<MenuId>525340429</MenuId>
</xml>

2016-10-09 09:28:30 params :
------------
Array:
rule : -2 ;
module :  ;
message : Array ;

2016-10-09 09:28:30 response :
------------

2016-10-09 09:29:08 trace :
------------
String:
<xml><ToUserName><![CDATA[gh_fbee6dda34f1]]></ToUserName>
<FromUserName><![CDATA[o1Sf9wiVbAE8eTBHl_teVBY0UTOU]]></FromUserName>
<CreateTime>1475976758</CreateTime>
<MsgType><![CDATA[event]]></MsgType>
<Event><![CDATA[VIEW]]></Event>
<EventKey><![CDATA[http://mp.angelbeautyinc.com/app/aboutus.html#brand]]></EventKey>
<MenuId>525340429</MenuId>
</xml>

2016-10-09 09:29:08 params :
------------
Array:
rule : -2 ;
module :  ;
message : Array ;

2016-10-09 09:29:08 response :
------------

2016-10-09 09:29:16 trace :
------------
String:
<xml><ToUserName><![CDATA[gh_fbee6dda34f1]]></ToUserName>
<FromUserName><![CDATA[o1Sf9wiVbAE8eTBHl_teVBY0UTOU]]></FromUserName>
<CreateTime>1475976766</CreateTime>
<MsgType><![CDATA[event]]></MsgType>
<Event><![CDATA[VIEW]]></Event>
<EventKey><![CDATA[http://mp.angelbeautyinc.com/app/index.php?i=8&c=entry&do=shop&m=ewei_shop]]></EventKey>
<MenuId>525340429</MenuId>
</xml>

2016-10-09 09:29:16 params :
------------
Array:
rule : -2 ;
module :  ;
message : Array ;

2016-10-09 09:29:16 response :
------------

2016-10-09 10:33:25 trace :
------------
String:
<xml><ToUserName><![CDATA[gh_fbee6dda34f1]]></ToUserName>
<FromUserName><![CDATA[o1Sf9wgmaqIL_VPFQSEHCTYz3YZ0]]></FromUserName>
<CreateTime>1475980616</CreateTime>
<MsgType><![CDATA[event]]></MsgType>
<Event><![CDATA[VIEW]]></Event>
<EventKey><![CDATA[http://mp.angelbeautyinc.com/app/index.php?i=8&c=entry&do=associate&m=lrj_guide]]></EventKey>
<MenuId>525514519</MenuId>
</xml>

2016-10-09 10:33:25 params :
------------
Array:
rule : -2 ;
module :  ;
message : Array ;

2016-10-09 10:33:25 response :
------------

2016-10-09 10:38:07 trace :
------------
String:
<xml><ToUserName><![CDATA[gh_fbee6dda34f1]]></ToUserName>
<FromUserName><![CDATA[o1Sf9wkKBQehW95uXJpMpNu1EkCg]]></FromUserName>
<CreateTime>1475980898</CreateTime>
<MsgType><![CDATA[event]]></MsgType>
<Event><![CDATA[VIEW]]></Event>
<EventKey><![CDATA[http://mp.angelbeautyinc.com/app/index.php?i=8&c=entry&do=associate&m=lrj_guide]]></EventKey>
<MenuId>525514519</MenuId>
</xml>

2016-10-09 10:38:07 params :
------------
Array:
rule : -2 ;
module :  ;
message : Array ;

2016-10-09 10:38:07 response :
------------

2016-10-09 10:39:11 trace :
------------
String:
<xml><ToUserName><![CDATA[gh_fbee6dda34f1]]></ToUserName>
<FromUserName><![CDATA[o1Sf9wkKBQehW95uXJpMpNu1EkCg]]></FromUserName>
<CreateTime>1475980962</CreateTime>
<MsgType><![CDATA[event]]></MsgType>
<Event><![CDATA[VIEW]]></Event>
<EventKey><![CDATA[http://mp.angelbeautyinc.com/app/index.php?i=8&c=entry&do=shop&m=ewei_shop]]></EventKey>
<MenuId>525514519</MenuId>
</xml>

2016-10-09 10:39:11 params :
------------
Array:
rule : -2 ;
module :  ;
message : Array ;

2016-10-09 10:39:11 response :
------------

2016-10-09 12:04:07 trace :
------------
String:
<xml><ToUserName><![CDATA[gh_fbee6dda34f1]]></ToUserName>
<FromUserName><![CDATA[o1Sf9wgmaqIL_VPFQSEHCTYz3YZ0]]></FromUserName>
<CreateTime>1475986057</CreateTime>
<MsgType><![CDATA[event]]></MsgType>
<Event><![CDATA[unsubscribe]]></Event>
<EventKey><![CDATA[]]></EventKey>
</xml>

2016-10-09 12:04:39 trace :
------------
String:
<xml><ToUserName><![CDATA[gh_fbee6dda34f1]]></ToUserName>
<FromUserName><![CDATA[o1Sf9wgmaqIL_VPFQSEHCTYz3YZ0]]></FromUserName>
<CreateTime>1475986090</CreateTime>
<MsgType><![CDATA[event]]></MsgType>
<Event><![CDATA[subscribe]]></Event>
<EventKey><![CDATA[]]></EventKey>
</xml>

2016-10-09 12:04:39 params :
------------
Array:
message : Array ;
module : news ;
rule : 26 ;
priority : 0 ;
keyword : Array ;

2016-10-09 12:04:39 response :
------------
Array:
FromUserName : gh_fbee6dda34f1 ;
ToUserName : o1Sf9wgmaqIL_VPFQSEHCTYz3YZ0 ;
MsgType : news ;
ArticleCount : 1 ;
Articles : Array ;

2016-10-09 13:05:12 trace :
------------
String:
<xml><ToUserName><![CDATA[gh_fbee6dda34f1]]></ToUserName>
<FromUserName><![CDATA[o1Sf9wkKBQehW95uXJpMpNu1EkCg]]></FromUserName>
<CreateTime>1475989717</CreateTime>
<MsgType><![CDATA[event]]></MsgType>
<Event><![CDATA[VIEW]]></Event>
<EventKey><![CDATA[http://mp.angelbeautyinc.com/app/index.php?i=8&c=entry&do=shop&m=ewei_shop]]></EventKey>
<MenuId>525514519</MenuId>
</xml>

2016-10-09 13:05:12 params :
------------
Array:
rule : -2 ;
module :  ;
message : Array ;

2016-10-09 13:05:12 response :
------------

2016-10-09 13:05:14 trace :
------------
String:
<xml><ToUserName><![CDATA[gh_fbee6dda34f1]]></ToUserName>
<FromUserName><![CDATA[o1Sf9wkKBQehW95uXJpMpNu1EkCg]]></FromUserName>
<CreateTime>1475989717</CreateTime>
<MsgType><![CDATA[event]]></MsgType>
<Event><![CDATA[VIEW]]></Event>
<EventKey><![CDATA[http://mp.angelbeautyinc.com/app/index.php?i=8&c=entry&do=shop&m=ewei_shop]]></EventKey>
<MenuId>525514519</MenuId>
</xml>

2016-10-09 13:05:14 params :
------------
Array:
rule : -2 ;
module :  ;
message : Array ;

2016-10-09 13:05:14 response :
------------

2016-10-09 16:12:58 trace :
------------
String:
<xml><ToUserName><![CDATA[gh_fbee6dda34f1]]></ToUserName>
<FromUserName><![CDATA[o1Sf9wsrOcd0En-jeTZ27YHvFfBI]]></FromUserName>
<CreateTime>1476000988</CreateTime>
<MsgType><![CDATA[event]]></MsgType>
<Event><![CDATA[VIEW]]></Event>
<EventKey><![CDATA[http://mp.angelbeautyinc.com/app/index.php?i=8&c=entry&do=shop&m=ewei_shop]]></EventKey>
<MenuId>525514519</MenuId>
</xml>

2016-10-09 16:12:58 params :
------------
Array:
rule : -2 ;
module :  ;
message : Array ;

2016-10-09 16:12:58 response :
------------

