2016-10-17 09:25:46 trace :
------------
String:
<xml><ToUserName><![CDATA[gh_fbee6dda34f1]]></ToUserName>
<FromUserName><![CDATA[o1Sf9wkKBQehW95uXJpMpNu1EkCg]]></FromUserName>
<CreateTime>1476667758</CreateTime>
<MsgType><![CDATA[event]]></MsgType>
<Event><![CDATA[VIEW]]></Event>
<EventKey><![CDATA[http://mp.angelbeautyinc.com/app/index.php?i=8&c=entry&do=shop&m=ewei_shop]]></EventKey>
<MenuId>525514519</MenuId>
</xml>

2016-10-17 09:25:46 params :
------------
Array:
rule : -2 ;
module :  ;
message : Array ;

2016-10-17 09:25:46 response :
------------

2016-10-17 09:26:43 trace :
------------
String:
<xml><ToUserName><![CDATA[gh_fbee6dda34f1]]></ToUserName>
<FromUserName><![CDATA[o1Sf9wkKBQehW95uXJpMpNu1EkCg]]></FromUserName>
<CreateTime>1476667815</CreateTime>
<MsgType><![CDATA[event]]></MsgType>
<Event><![CDATA[VIEW]]></Event>
<EventKey><![CDATA[http://mp.angelbeautyinc.com/app/index.php?i=8&c=entry&do=shop&m=ewei_shop]]></EventKey>
<MenuId>525514519</MenuId>
</xml>

2016-10-17 09:26:43 params :
------------
Array:
rule : -2 ;
module :  ;
message : Array ;

2016-10-17 09:26:43 response :
------------

2016-10-17 09:27:11 trace :
------------
String:
<xml><ToUserName><![CDATA[gh_fbee6dda34f1]]></ToUserName>
<FromUserName><![CDATA[o1Sf9wkKBQehW95uXJpMpNu1EkCg]]></FromUserName>
<CreateTime>1476667843</CreateTime>
<MsgType><![CDATA[event]]></MsgType>
<Event><![CDATA[VIEW]]></Event>
<EventKey><![CDATA[http://mp.angelbeautyinc.com/app/index.php?i=8&c=entry&do=selfinspection&m=lrj_guide]]></EventKey>
<MenuId>525514519</MenuId>
</xml>

2016-10-17 09:27:11 params :
------------
Array:
rule : -2 ;
module :  ;
message : Array ;

2016-10-17 09:27:11 response :
------------

2016-10-17 09:31:19 trace :
------------
String:
<xml><ToUserName><![CDATA[gh_fbee6dda34f1]]></ToUserName>
<FromUserName><![CDATA[o1Sf9wkKBQehW95uXJpMpNu1EkCg]]></FromUserName>
<CreateTime>1476668091</CreateTime>
<MsgType><![CDATA[event]]></MsgType>
<Event><![CDATA[VIEW]]></Event>
<EventKey><![CDATA[http://mp.angelbeautyinc.com/app/index.php?i=8&c=entry&do=shop&m=ewei_shop]]></EventKey>
<MenuId>525514519</MenuId>
</xml>

2016-10-17 09:31:19 params :
------------
Array:
rule : -2 ;
module :  ;
message : Array ;

2016-10-17 09:31:19 response :
------------

2016-10-17 09:32:18 trace :
------------
String:
<xml><ToUserName><![CDATA[gh_fbee6dda34f1]]></ToUserName>
<FromUserName><![CDATA[o1Sf9wkKBQehW95uXJpMpNu1EkCg]]></FromUserName>
<CreateTime>1476668150</CreateTime>
<MsgType><![CDATA[event]]></MsgType>
<Event><![CDATA[VIEW]]></Event>
<EventKey><![CDATA[http://mp.angelbeautyinc.com/app/index.php?i=8&c=entry&do=selfinspection&m=lrj_guide]]></EventKey>
<MenuId>525514519</MenuId>
</xml>

2016-10-17 09:32:18 params :
------------
Array:
rule : -2 ;
module :  ;
message : Array ;

2016-10-17 09:32:18 response :
------------

2016-10-17 09:32:30 trace :
------------
String:
<xml><ToUserName><![CDATA[gh_fbee6dda34f1]]></ToUserName>
<FromUserName><![CDATA[o1Sf9wkKBQehW95uXJpMpNu1EkCg]]></FromUserName>
<CreateTime>1476668162</CreateTime>
<MsgType><![CDATA[event]]></MsgType>
<Event><![CDATA[VIEW]]></Event>
<EventKey><![CDATA[http://mp.angelbeautyinc.com/app/index.php?i=8&c=entry&do=associate&m=lrj_guide]]></EventKey>
<MenuId>525514519</MenuId>
</xml>

2016-10-17 09:32:30 params :
------------
Array:
rule : -2 ;
module :  ;
message : Array ;

2016-10-17 09:32:30 response :
------------

2016-10-17 09:40:23 trace :
------------
String:
<xml><ToUserName><![CDATA[gh_fbee6dda34f1]]></ToUserName>
<FromUserName><![CDATA[o1Sf9wgmaqIL_VPFQSEHCTYz3YZ0]]></FromUserName>
<CreateTime>1476668635</CreateTime>
<MsgType><![CDATA[event]]></MsgType>
<Event><![CDATA[VIEW]]></Event>
<EventKey><![CDATA[http://mp.angelbeautyinc.com/app/index.php?i=8&c=entry&do=member&m=ewei_shop]]></EventKey>
<MenuId>525514519</MenuId>
</xml>

2016-10-17 09:40:23 params :
------------
Array:
rule : -2 ;
module :  ;
message : Array ;

2016-10-17 09:40:23 response :
------------

2016-10-17 09:41:32 trace :
------------
String:
<xml><ToUserName><![CDATA[gh_fbee6dda34f1]]></ToUserName>
<FromUserName><![CDATA[o1Sf9wgmaqIL_VPFQSEHCTYz3YZ0]]></FromUserName>
<CreateTime>1476668703</CreateTime>
<MsgType><![CDATA[event]]></MsgType>
<Event><![CDATA[VIEW]]></Event>
<EventKey><![CDATA[http://mp.angelbeautyinc.com/app/index.php?i=8&c=entry&do=associate&m=lrj_guide]]></EventKey>
<MenuId>525514519</MenuId>
</xml>

2016-10-17 09:41:32 params :
------------
Array:
rule : -2 ;
module :  ;
message : Array ;

2016-10-17 09:41:32 response :
------------

2016-10-17 09:41:48 trace :
------------
String:
<xml><ToUserName><![CDATA[gh_fbee6dda34f1]]></ToUserName>
<FromUserName><![CDATA[o1Sf9wgmaqIL_VPFQSEHCTYz3YZ0]]></FromUserName>
<CreateTime>1476668719</CreateTime>
<MsgType><![CDATA[event]]></MsgType>
<Event><![CDATA[VIEW]]></Event>
<EventKey><![CDATA[http://mp.angelbeautyinc.com/app/index.php?i=8&c=entry&do=member&m=ewei_shop]]></EventKey>
<MenuId>525514519</MenuId>
</xml>

2016-10-17 09:41:48 params :
------------
Array:
rule : -2 ;
module :  ;
message : Array ;

2016-10-17 09:41:48 response :
------------

2016-10-17 09:42:19 trace :
------------
String:
<xml><ToUserName><![CDATA[gh_fbee6dda34f1]]></ToUserName>
<FromUserName><![CDATA[o1Sf9wkKBQehW95uXJpMpNu1EkCg]]></FromUserName>
<CreateTime>1476668750</CreateTime>
<MsgType><![CDATA[event]]></MsgType>
<Event><![CDATA[VIEW]]></Event>
<EventKey><![CDATA[http://mp.angelbeautyinc.com/app/index.php?i=8&c=entry&do=member&m=ewei_shop]]></EventKey>
<MenuId>525514519</MenuId>
</xml>

2016-10-17 09:42:19 params :
------------
Array:
rule : -2 ;
module :  ;
message : Array ;

2016-10-17 09:42:19 response :
------------

2016-10-17 09:42:36 trace :
------------
String:
<xml><ToUserName><![CDATA[gh_fbee6dda34f1]]></ToUserName>
<FromUserName><![CDATA[o1Sf9wgmaqIL_VPFQSEHCTYz3YZ0]]></FromUserName>
<CreateTime>1476668768</CreateTime>
<MsgType><![CDATA[event]]></MsgType>
<Event><![CDATA[VIEW]]></Event>
<EventKey><![CDATA[http://mp.angelbeautyinc.com/app/index.php?i=8&c=entry&do=shop&m=ewei_shop]]></EventKey>
<MenuId>525514519</MenuId>
</xml>

2016-10-17 09:42:36 params :
------------
Array:
rule : -2 ;
module :  ;
message : Array ;

2016-10-17 09:42:36 response :
------------

2016-10-17 09:42:40 trace :
------------
String:
<xml><ToUserName><![CDATA[gh_fbee6dda34f1]]></ToUserName>
<FromUserName><![CDATA[o1Sf9wkKBQehW95uXJpMpNu1EkCg]]></FromUserName>
<CreateTime>1476668772</CreateTime>
<MsgType><![CDATA[event]]></MsgType>
<Event><![CDATA[VIEW]]></Event>
<EventKey><![CDATA[http://mp.angelbeautyinc.com/app/index.php?i=8&c=entry&do=shop&m=ewei_shop]]></EventKey>
<MenuId>525514519</MenuId>
</xml>

2016-10-17 09:42:40 params :
------------
Array:
rule : -2 ;
module :  ;
message : Array ;

2016-10-17 09:42:40 response :
------------

2016-10-17 09:44:03 trace :
------------
String:
<xml><ToUserName><![CDATA[gh_fbee6dda34f1]]></ToUserName>
<FromUserName><![CDATA[o1Sf9wsrOcd0En-jeTZ27YHvFfBI]]></FromUserName>
<CreateTime>1476668854</CreateTime>
<MsgType><![CDATA[event]]></MsgType>
<Event><![CDATA[VIEW]]></Event>
<EventKey><![CDATA[http://mp.angelbeautyinc.com/app/index.php?i=8&c=entry&do=member&m=ewei_shop]]></EventKey>
<MenuId>525514519</MenuId>
</xml>

2016-10-17 09:44:03 params :
------------
Array:
rule : -2 ;
module :  ;
message : Array ;

2016-10-17 09:44:03 response :
------------

2016-10-17 09:44:48 trace :
------------
String:
<xml><ToUserName><![CDATA[gh_fbee6dda34f1]]></ToUserName>
<FromUserName><![CDATA[o1Sf9wkKBQehW95uXJpMpNu1EkCg]]></FromUserName>
<CreateTime>1476668899</CreateTime>
<MsgType><![CDATA[event]]></MsgType>
<Event><![CDATA[VIEW]]></Event>
<EventKey><![CDATA[http://mp.angelbeautyinc.com/app/index.php?i=8&c=entry&do=member&m=ewei_shop]]></EventKey>
<MenuId>525514519</MenuId>
</xml>

2016-10-17 09:44:48 params :
------------
Array:
rule : -2 ;
module :  ;
message : Array ;

2016-10-17 09:44:48 response :
------------

2016-10-17 09:45:21 trace :
------------
String:
<xml><ToUserName><![CDATA[gh_fbee6dda34f1]]></ToUserName>
<FromUserName><![CDATA[o1Sf9wkKBQehW95uXJpMpNu1EkCg]]></FromUserName>
<CreateTime>1476668933</CreateTime>
<MsgType><![CDATA[event]]></MsgType>
<Event><![CDATA[VIEW]]></Event>
<EventKey><![CDATA[http://mp.angelbeautyinc.com/app/index.php?i=8&c=entry&do=member&m=ewei_shop]]></EventKey>
<MenuId>525514519</MenuId>
</xml>

2016-10-17 09:45:21 params :
------------
Array:
rule : -2 ;
module :  ;
message : Array ;

2016-10-17 09:45:21 response :
------------

2016-10-17 09:46:19 trace :
------------
String:
<xml><ToUserName><![CDATA[gh_fbee6dda34f1]]></ToUserName>
<FromUserName><![CDATA[o1Sf9wkKBQehW95uXJpMpNu1EkCg]]></FromUserName>
<CreateTime>1476668990</CreateTime>
<MsgType><![CDATA[event]]></MsgType>
<Event><![CDATA[unsubscribe]]></Event>
<EventKey><![CDATA[]]></EventKey>
</xml>

2016-10-17 09:47:16 trace :
------------
String:
<xml><ToUserName><![CDATA[gh_fbee6dda34f1]]></ToUserName>
<FromUserName><![CDATA[o1Sf9wkKBQehW95uXJpMpNu1EkCg]]></FromUserName>
<CreateTime>1476669047</CreateTime>
<MsgType><![CDATA[event]]></MsgType>
<Event><![CDATA[subscribe]]></Event>
<EventKey><![CDATA[]]></EventKey>
</xml>

2016-10-17 09:47:16 params :
------------
Array:
message : Array ;
module : news ;
rule : 26 ;
priority : 0 ;
keyword : Array ;

2016-10-17 09:47:16 response :
------------
Array:
FromUserName : gh_fbee6dda34f1 ;
ToUserName : o1Sf9wkKBQehW95uXJpMpNu1EkCg ;
MsgType : news ;
ArticleCount : 1 ;
Articles : Array ;

2016-10-17 09:47:21 trace :
------------
String:
<xml><ToUserName><![CDATA[gh_fbee6dda34f1]]></ToUserName>
<FromUserName><![CDATA[o1Sf9wkKBQehW95uXJpMpNu1EkCg]]></FromUserName>
<CreateTime>1476669047</CreateTime>
<MsgType><![CDATA[event]]></MsgType>
<Event><![CDATA[subscribe]]></Event>
<EventKey><![CDATA[]]></EventKey>
</xml>

2016-10-17 09:47:21 params :
------------
Array:
message : Array ;
module : news ;
rule : 26 ;
priority : 0 ;
keyword : Array ;

2016-10-17 09:47:21 response :
------------
Array:
FromUserName : gh_fbee6dda34f1 ;
ToUserName : o1Sf9wkKBQehW95uXJpMpNu1EkCg ;
MsgType : news ;
ArticleCount : 1 ;
Articles : Array ;

2016-10-17 09:47:28 trace :
------------
String:
<xml><ToUserName><![CDATA[gh_fbee6dda34f1]]></ToUserName>
<FromUserName><![CDATA[o1Sf9wkKBQehW95uXJpMpNu1EkCg]]></FromUserName>
<CreateTime>1476669047</CreateTime>
<MsgType><![CDATA[event]]></MsgType>
<Event><![CDATA[subscribe]]></Event>
<EventKey><![CDATA[]]></EventKey>
</xml>

2016-10-17 09:47:28 params :
------------
Array:
message : Array ;
module : news ;
rule : 26 ;
priority : 0 ;
keyword : Array ;

2016-10-17 09:47:28 response :
------------
Array:
FromUserName : gh_fbee6dda34f1 ;
ToUserName : o1Sf9wkKBQehW95uXJpMpNu1EkCg ;
MsgType : news ;
ArticleCount : 1 ;
Articles : Array ;

2016-10-17 09:47:33 trace :
------------
String:
<xml><ToUserName><![CDATA[gh_fbee6dda34f1]]></ToUserName>
<FromUserName><![CDATA[o1Sf9wkKBQehW95uXJpMpNu1EkCg]]></FromUserName>
<CreateTime>1476669060</CreateTime>
<MsgType><![CDATA[event]]></MsgType>
<Event><![CDATA[VIEW]]></Event>
<EventKey><![CDATA[http://mp.angelbeautyinc.com/app/index.php?i=8&c=entry&do=member&m=ewei_shop]]></EventKey>
<MenuId>525514519</MenuId>
</xml>

2016-10-17 09:47:33 params :
------------
Array:
rule : -2 ;
module :  ;
message : Array ;

2016-10-17 09:47:33 response :
------------

2016-10-17 09:51:27 trace :
------------
String:
<xml><ToUserName><![CDATA[gh_fbee6dda34f1]]></ToUserName>
<FromUserName><![CDATA[o1Sf9wkKBQehW95uXJpMpNu1EkCg]]></FromUserName>
<CreateTime>1476669299</CreateTime>
<MsgType><![CDATA[event]]></MsgType>
<Event><![CDATA[VIEW]]></Event>
<EventKey><![CDATA[http://mp.angelbeautyinc.com/app/index.php?i=8&c=entry&do=member&m=ewei_shop]]></EventKey>
<MenuId>525514519</MenuId>
</xml>

2016-10-17 09:51:27 params :
------------
Array:
rule : -2 ;
module :  ;
message : Array ;

2016-10-17 09:51:27 response :
------------

2016-10-17 09:52:56 trace :
------------
String:
<xml><ToUserName><![CDATA[gh_fbee6dda34f1]]></ToUserName>
<FromUserName><![CDATA[o1Sf9wky6gDBzCPFdCpS6SxeWES8]]></FromUserName>
<CreateTime>1476669388</CreateTime>
<MsgType><![CDATA[event]]></MsgType>
<Event><![CDATA[VIEW]]></Event>
<EventKey><![CDATA[http://mp.angelbeautyinc.com/app/index.php?i=8&c=entry&do=member&m=ewei_shop]]></EventKey>
<MenuId>525514519</MenuId>
</xml>

2016-10-17 09:52:56 params :
------------
Array:
rule : -2 ;
module :  ;
message : Array ;

2016-10-17 09:52:56 response :
------------

2016-10-17 09:53:49 trace :
------------
String:
<xml><ToUserName><![CDATA[gh_fbee6dda34f1]]></ToUserName>
<FromUserName><![CDATA[o1Sf9wkKBQehW95uXJpMpNu1EkCg]]></FromUserName>
<CreateTime>1476669440</CreateTime>
<MsgType><![CDATA[event]]></MsgType>
<Event><![CDATA[VIEW]]></Event>
<EventKey><![CDATA[http://mp.angelbeautyinc.com/app/index.php?i=8&c=entry&do=member&m=ewei_shop]]></EventKey>
<MenuId>525514519</MenuId>
</xml>

2016-10-17 09:53:49 params :
------------
Array:
rule : -2 ;
module :  ;
message : Array ;

2016-10-17 09:53:49 response :
------------

2016-10-17 09:57:29 trace :
------------
String:
<xml><ToUserName><![CDATA[gh_fbee6dda34f1]]></ToUserName>
<FromUserName><![CDATA[o1Sf9wkKBQehW95uXJpMpNu1EkCg]]></FromUserName>
<CreateTime>1476669660</CreateTime>
<MsgType><![CDATA[event]]></MsgType>
<Event><![CDATA[VIEW]]></Event>
<EventKey><![CDATA[http://mp.angelbeautyinc.com/app/index.php?i=8&c=entry&do=associate&m=lrj_guide]]></EventKey>
<MenuId>525514519</MenuId>
</xml>

2016-10-17 09:57:29 params :
------------
Array:
rule : -2 ;
module :  ;
message : Array ;

2016-10-17 09:57:29 response :
------------

2016-10-17 09:57:33 trace :
------------
String:
<xml><ToUserName><![CDATA[gh_fbee6dda34f1]]></ToUserName>
<FromUserName><![CDATA[o1Sf9wkKBQehW95uXJpMpNu1EkCg]]></FromUserName>
<CreateTime>1476669665</CreateTime>
<MsgType><![CDATA[event]]></MsgType>
<Event><![CDATA[VIEW]]></Event>
<EventKey><![CDATA[http://mp.angelbeautyinc.com/question/]]></EventKey>
<MenuId>525514519</MenuId>
</xml>

2016-10-17 09:57:33 params :
------------
Array:
rule : -2 ;
module :  ;
message : Array ;

2016-10-17 09:57:33 response :
------------

2016-10-17 09:57:40 trace :
------------
String:
<xml><ToUserName><![CDATA[gh_fbee6dda34f1]]></ToUserName>
<FromUserName><![CDATA[o1Sf9wkKBQehW95uXJpMpNu1EkCg]]></FromUserName>
<CreateTime>1476669672</CreateTime>
<MsgType><![CDATA[event]]></MsgType>
<Event><![CDATA[VIEW]]></Event>
<EventKey><![CDATA[http://mp.angelbeautyinc.com/app/index.php?i=8&c=entry&do=selfinspection&m=lrj_guide]]></EventKey>
<MenuId>525514519</MenuId>
</xml>

2016-10-17 09:57:40 params :
------------
Array:
rule : -2 ;
module :  ;
message : Array ;

2016-10-17 09:57:40 response :
------------

2016-10-17 09:58:00 trace :
------------
String:
<xml><ToUserName><![CDATA[gh_fbee6dda34f1]]></ToUserName>
<FromUserName><![CDATA[o1Sf9wkKBQehW95uXJpMpNu1EkCg]]></FromUserName>
<CreateTime>1476669692</CreateTime>
<MsgType><![CDATA[event]]></MsgType>
<Event><![CDATA[VIEW]]></Event>
<EventKey><![CDATA[http://mp.angelbeautyinc.com/app/index.php?i=8&c=entry&do=shop&m=ewei_shop]]></EventKey>
<MenuId>525514519</MenuId>
</xml>

2016-10-17 09:58:00 params :
------------
Array:
rule : -2 ;
module :  ;
message : Array ;

2016-10-17 09:58:00 response :
------------

2016-10-17 10:05:16 trace :
------------
String:
<xml><ToUserName><![CDATA[gh_fbee6dda34f1]]></ToUserName>
<FromUserName><![CDATA[o1Sf9wrTbuiHhuoq8Juz4Z9HTN6w]]></FromUserName>
<CreateTime>1476670118</CreateTime>
<MsgType><![CDATA[event]]></MsgType>
<Event><![CDATA[VIEW]]></Event>
<EventKey><![CDATA[http://mp.angelbeautyinc.com/app/index.php?i=8&c=entry&do=shop&m=ewei_shop]]></EventKey>
<MenuId>525514519</MenuId>
</xml>

2016-10-17 10:05:16 params :
------------
Array:
rule : -2 ;
module :  ;
message : Array ;

2016-10-17 10:05:16 response :
------------

2016-10-17 10:05:33 trace :
------------
String:
<xml><ToUserName><![CDATA[gh_fbee6dda34f1]]></ToUserName>
<FromUserName><![CDATA[o1Sf9wrTbuiHhuoq8Juz4Z9HTN6w]]></FromUserName>
<CreateTime>1476670145</CreateTime>
<MsgType><![CDATA[event]]></MsgType>
<Event><![CDATA[VIEW]]></Event>
<EventKey><![CDATA[http://mp.angelbeautyinc.com/app/index.php?i=8&c=entry&do=shop&m=ewei_shop]]></EventKey>
<MenuId>525514519</MenuId>
</xml>

2016-10-17 10:05:33 params :
------------
Array:
rule : -2 ;
module :  ;
message : Array ;

2016-10-17 10:05:33 response :
------------

2016-10-17 10:05:44 trace :
------------
String:
<xml><ToUserName><![CDATA[gh_fbee6dda34f1]]></ToUserName>
<FromUserName><![CDATA[o1Sf9wrTbuiHhuoq8Juz4Z9HTN6w]]></FromUserName>
<CreateTime>1476670156</CreateTime>
<MsgType><![CDATA[event]]></MsgType>
<Event><![CDATA[VIEW]]></Event>
<EventKey><![CDATA[http://mp.angelbeautyinc.com/app/index.php?i=8&c=entry&do=member&m=ewei_shop]]></EventKey>
<MenuId>525514519</MenuId>
</xml>

2016-10-17 10:05:44 params :
------------
Array:
rule : -2 ;
module :  ;
message : Array ;

2016-10-17 10:05:44 response :
------------

2016-10-17 10:06:00 trace :
------------
String:
<xml><ToUserName><![CDATA[gh_fbee6dda34f1]]></ToUserName>
<FromUserName><![CDATA[o1Sf9wrTbuiHhuoq8Juz4Z9HTN6w]]></FromUserName>
<CreateTime>1476670172</CreateTime>
<MsgType><![CDATA[event]]></MsgType>
<Event><![CDATA[VIEW]]></Event>
<EventKey><![CDATA[http://mp.angelbeautyinc.com/app/index.php?i=8&c=entry&do=selfinspection&m=lrj_guide]]></EventKey>
<MenuId>525514519</MenuId>
</xml>

2016-10-17 10:06:00 params :
------------
Array:
rule : -2 ;
module :  ;
message : Array ;

2016-10-17 10:06:00 response :
------------

2016-10-17 10:06:09 trace :
------------
String:
<xml><ToUserName><![CDATA[gh_fbee6dda34f1]]></ToUserName>
<FromUserName><![CDATA[o1Sf9wrTbuiHhuoq8Juz4Z9HTN6w]]></FromUserName>
<CreateTime>1476670181</CreateTime>
<MsgType><![CDATA[event]]></MsgType>
<Event><![CDATA[VIEW]]></Event>
<EventKey><![CDATA[http://mp.angelbeautyinc.com/app/index.php?i=8&c=entry&do=shop&m=ewei_shop]]></EventKey>
<MenuId>525514519</MenuId>
</xml>

2016-10-17 10:06:09 params :
------------
Array:
rule : -2 ;
module :  ;
message : Array ;

2016-10-17 10:06:09 response :
------------

2016-10-17 10:18:30 trace :
------------
String:
<xml><ToUserName><![CDATA[gh_fbee6dda34f1]]></ToUserName>
<FromUserName><![CDATA[o1Sf9wiVbAE8eTBHl_teVBY0UTOU]]></FromUserName>
<CreateTime>1476670922</CreateTime>
<MsgType><![CDATA[event]]></MsgType>
<Event><![CDATA[VIEW]]></Event>
<EventKey><![CDATA[http://mp.angelbeautyinc.com/app/index.php?i=8&c=entry&do=member&m=ewei_shop]]></EventKey>
<MenuId>525514519</MenuId>
</xml>

2016-10-17 10:18:30 params :
------------
Array:
rule : -2 ;
module :  ;
message : Array ;

2016-10-17 10:18:30 response :
------------

2016-10-17 11:04:29 trace :
------------
String:
<xml><ToUserName><![CDATA[gh_fbee6dda34f1]]></ToUserName>
<FromUserName><![CDATA[o1Sf9wsrOcd0En-jeTZ27YHvFfBI]]></FromUserName>
<CreateTime>1476673681</CreateTime>
<MsgType><![CDATA[event]]></MsgType>
<Event><![CDATA[VIEW]]></Event>
<EventKey><![CDATA[http://mp.angelbeautyinc.com/app/aboutus.html#enterprise]]></EventKey>
<MenuId>525514519</MenuId>
</xml>

2016-10-17 11:04:29 params :
------------
Array:
rule : -2 ;
module :  ;
message : Array ;

2016-10-17 11:04:29 response :
------------

2016-10-17 11:05:16 trace :
------------
String:
<xml><ToUserName><![CDATA[gh_fbee6dda34f1]]></ToUserName>
<FromUserName><![CDATA[o1Sf9wsrOcd0En-jeTZ27YHvFfBI]]></FromUserName>
<CreateTime>1476673727</CreateTime>
<MsgType><![CDATA[event]]></MsgType>
<Event><![CDATA[VIEW]]></Event>
<EventKey><![CDATA[http://mp.angelbeautyinc.com/app/index.php?i=8&c=entry&do=selfinspection&m=lrj_guide]]></EventKey>
<MenuId>525514519</MenuId>
</xml>

2016-10-17 11:05:16 params :
------------
Array:
rule : -2 ;
module :  ;
message : Array ;

2016-10-17 11:05:16 response :
------------

2016-10-17 11:06:06 trace :
------------
String:
<xml><ToUserName><![CDATA[gh_fbee6dda34f1]]></ToUserName>
<FromUserName><![CDATA[o1Sf9wsrOcd0En-jeTZ27YHvFfBI]]></FromUserName>
<CreateTime>1476673778</CreateTime>
<MsgType><![CDATA[event]]></MsgType>
<Event><![CDATA[VIEW]]></Event>
<EventKey><![CDATA[http://mp.angelbeautyinc.com/app/index.php?i=8&c=entry&do=selfinspection&m=lrj_guide]]></EventKey>
<MenuId>525514519</MenuId>
</xml>

2016-10-17 11:06:06 params :
------------
Array:
rule : -2 ;
module :  ;
message : Array ;

2016-10-17 11:06:06 response :
------------

2016-10-17 11:07:43 trace :
------------
String:
<xml><ToUserName><![CDATA[gh_fbee6dda34f1]]></ToUserName>
<FromUserName><![CDATA[o1Sf9wsrOcd0En-jeTZ27YHvFfBI]]></FromUserName>
<CreateTime>1476673875</CreateTime>
<MsgType><![CDATA[event]]></MsgType>
<Event><![CDATA[VIEW]]></Event>
<EventKey><![CDATA[http://mp.angelbeautyinc.com/app/index.php?i=8&c=entry&do=shop&m=ewei_shop]]></EventKey>
<MenuId>525514519</MenuId>
</xml>

2016-10-17 11:07:43 params :
------------
Array:
rule : -2 ;
module :  ;
message : Array ;

2016-10-17 11:07:43 response :
------------

2016-10-17 11:30:27 trace :
------------
String:
<xml><ToUserName><![CDATA[gh_fbee6dda34f1]]></ToUserName>
<FromUserName><![CDATA[o1Sf9wiVbAE8eTBHl_teVBY0UTOU]]></FromUserName>
<CreateTime>1476675239</CreateTime>
<MsgType><![CDATA[event]]></MsgType>
<Event><![CDATA[VIEW]]></Event>
<EventKey><![CDATA[http://mp.angelbeautyinc.com/app/index.php?i=8&c=entry&do=member&m=ewei_shop]]></EventKey>
<MenuId>525514519</MenuId>
</xml>

2016-10-17 11:30:27 params :
------------
Array:
rule : -2 ;
module :  ;
message : Array ;

2016-10-17 11:30:27 response :
------------

2016-10-17 11:52:24 trace :
------------
String:
<xml><ToUserName><![CDATA[gh_fbee6dda34f1]]></ToUserName>
<FromUserName><![CDATA[o1Sf9wgmaqIL_VPFQSEHCTYz3YZ0]]></FromUserName>
<CreateTime>1476676556</CreateTime>
<MsgType><![CDATA[event]]></MsgType>
<Event><![CDATA[VIEW]]></Event>
<EventKey><![CDATA[http://mp.angelbeautyinc.com/app/index.php?i=8&c=entry&do=shop&m=ewei_shop]]></EventKey>
<MenuId>525514519</MenuId>
</xml>

2016-10-17 11:52:24 params :
------------
Array:
rule : -2 ;
module :  ;
message : Array ;

2016-10-17 11:52:24 response :
------------

2016-10-17 11:54:04 trace :
------------
String:
<xml><ToUserName><![CDATA[gh_fbee6dda34f1]]></ToUserName>
<FromUserName><![CDATA[o1Sf9wkKBQehW95uXJpMpNu1EkCg]]></FromUserName>
<CreateTime>1476676656</CreateTime>
<MsgType><![CDATA[event]]></MsgType>
<Event><![CDATA[VIEW]]></Event>
<EventKey><![CDATA[http://mp.angelbeautyinc.com/app/index.php?i=8&c=entry&do=shop&m=ewei_shop]]></EventKey>
<MenuId>525514519</MenuId>
</xml>

2016-10-17 11:54:04 params :
------------
Array:
rule : -2 ;
module :  ;
message : Array ;

2016-10-17 11:54:04 response :
------------

2016-10-17 11:54:11 trace :
------------
String:
<xml><ToUserName><![CDATA[gh_fbee6dda34f1]]></ToUserName>
<FromUserName><![CDATA[o1Sf9wrTbuiHhuoq8Juz4Z9HTN6w]]></FromUserName>
<CreateTime>1476676663</CreateTime>
<MsgType><![CDATA[event]]></MsgType>
<Event><![CDATA[VIEW]]></Event>
<EventKey><![CDATA[http://mp.angelbeautyinc.com/app/index.php?i=8&c=entry&do=member&m=ewei_shop]]></EventKey>
<MenuId>525514519</MenuId>
</xml>

2016-10-17 11:54:11 params :
------------
Array:
rule : -2 ;
module :  ;
message : Array ;

2016-10-17 11:54:11 response :
------------

2016-10-17 11:54:43 trace :
------------
String:
<xml><ToUserName><![CDATA[gh_fbee6dda34f1]]></ToUserName>
<FromUserName><![CDATA[o1Sf9wkKBQehW95uXJpMpNu1EkCg]]></FromUserName>
<CreateTime>1476676695</CreateTime>
<MsgType><![CDATA[event]]></MsgType>
<Event><![CDATA[VIEW]]></Event>
<EventKey><![CDATA[http://mp.angelbeautyinc.com/app/index.php?i=8&c=entry&do=associate&m=lrj_guide]]></EventKey>
<MenuId>525514519</MenuId>
</xml>

2016-10-17 11:54:43 params :
------------
Array:
rule : -2 ;
module :  ;
message : Array ;

2016-10-17 11:54:43 response :
------------

2016-10-17 11:54:53 trace :
------------
String:
<xml><ToUserName><![CDATA[gh_fbee6dda34f1]]></ToUserName>
<FromUserName><![CDATA[o1Sf9wrTbuiHhuoq8Juz4Z9HTN6w]]></FromUserName>
<CreateTime>1476676704</CreateTime>
<MsgType><![CDATA[event]]></MsgType>
<Event><![CDATA[VIEW]]></Event>
<EventKey><![CDATA[http://mp.angelbeautyinc.com/app/index.php?i=8&c=entry&do=associate&m=lrj_guide]]></EventKey>
<MenuId>525514519</MenuId>
</xml>

2016-10-17 11:54:53 params :
------------
Array:
rule : -2 ;
module :  ;
message : Array ;

2016-10-17 11:54:53 response :
------------

2016-10-17 11:54:55 trace :
------------
String:
<xml><ToUserName><![CDATA[gh_fbee6dda34f1]]></ToUserName>
<FromUserName><![CDATA[o1Sf9wgmaqIL_VPFQSEHCTYz3YZ0]]></FromUserName>
<CreateTime>1476676707</CreateTime>
<MsgType><![CDATA[event]]></MsgType>
<Event><![CDATA[VIEW]]></Event>
<EventKey><![CDATA[http://mp.angelbeautyinc.com/app/index.php?i=8&c=entry&do=associate&m=lrj_guide]]></EventKey>
<MenuId>525514519</MenuId>
</xml>

2016-10-17 11:54:55 params :
------------
Array:
rule : -2 ;
module :  ;
message : Array ;

2016-10-17 11:54:55 response :
------------

2016-10-17 11:55:30 trace :
------------
String:
<xml><ToUserName><![CDATA[gh_fbee6dda34f1]]></ToUserName>
<FromUserName><![CDATA[o1Sf9wgmaqIL_VPFQSEHCTYz3YZ0]]></FromUserName>
<CreateTime>1476676741</CreateTime>
<MsgType><![CDATA[event]]></MsgType>
<Event><![CDATA[VIEW]]></Event>
<EventKey><![CDATA[http://mp.angelbeautyinc.com/app/index.php?i=8&c=entry&do=associate&m=lrj_guide]]></EventKey>
<MenuId>525514519</MenuId>
</xml>

2016-10-17 11:55:30 params :
------------
Array:
rule : -2 ;
module :  ;
message : Array ;

2016-10-17 11:55:30 response :
------------

2016-10-17 11:55:59 trace :
------------
String:
<xml><ToUserName><![CDATA[gh_fbee6dda34f1]]></ToUserName>
<FromUserName><![CDATA[o1Sf9wrTbuiHhuoq8Juz4Z9HTN6w]]></FromUserName>
<CreateTime>1476676770</CreateTime>
<MsgType><![CDATA[event]]></MsgType>
<Event><![CDATA[VIEW]]></Event>
<EventKey><![CDATA[http://mp.angelbeautyinc.com/app/index.php?i=8&c=entry&do=selfinspection&m=lrj_guide]]></EventKey>
<MenuId>525514519</MenuId>
</xml>

2016-10-17 11:55:59 params :
------------
Array:
rule : -2 ;
module :  ;
message : Array ;

2016-10-17 11:55:59 response :
------------

2016-10-17 11:56:05 trace :
------------
String:
<xml><ToUserName><![CDATA[gh_fbee6dda34f1]]></ToUserName>
<FromUserName><![CDATA[o1Sf9wkRRScI1TMsZGeSag5I2ulk]]></FromUserName>
<CreateTime>1476676777</CreateTime>
<MsgType><![CDATA[event]]></MsgType>
<Event><![CDATA[VIEW]]></Event>
<EventKey><![CDATA[http://mp.angelbeautyinc.com/app/index.php?i=8&c=entry&do=associate&m=lrj_guide]]></EventKey>
<MenuId>525514519</MenuId>
</xml>

2016-10-17 11:56:05 params :
------------
Array:
rule : -2 ;
module :  ;
message : Array ;

2016-10-17 11:56:05 response :
------------

2016-10-17 11:56:13 trace :
------------
String:
<xml><ToUserName><![CDATA[gh_fbee6dda34f1]]></ToUserName>
<FromUserName><![CDATA[o1Sf9wrTbuiHhuoq8Juz4Z9HTN6w]]></FromUserName>
<CreateTime>1476676784</CreateTime>
<MsgType><![CDATA[event]]></MsgType>
<Event><![CDATA[VIEW]]></Event>
<EventKey><![CDATA[http://mp.angelbeautyinc.com/question/]]></EventKey>
<MenuId>525514519</MenuId>
</xml>

2016-10-17 11:56:13 params :
------------
Array:
rule : -2 ;
module :  ;
message : Array ;

2016-10-17 11:56:13 response :
------------

2016-10-17 11:56:19 trace :
------------
String:
<xml><ToUserName><![CDATA[gh_fbee6dda34f1]]></ToUserName>
<FromUserName><![CDATA[o1Sf9wiVbAE8eTBHl_teVBY0UTOU]]></FromUserName>
<CreateTime>1476676790</CreateTime>
<MsgType><![CDATA[event]]></MsgType>
<Event><![CDATA[VIEW]]></Event>
<EventKey><![CDATA[http://mp.angelbeautyinc.com/app/index.php?i=8&c=entry&do=selfinspection&m=lrj_guide]]></EventKey>
<MenuId>525514519</MenuId>
</xml>

2016-10-17 11:56:19 params :
------------
Array:
rule : -2 ;
module :  ;
message : Array ;

2016-10-17 11:56:19 response :
------------

2016-10-17 11:56:39 trace :
------------
String:
<xml><ToUserName><![CDATA[gh_fbee6dda34f1]]></ToUserName>
<FromUserName><![CDATA[o1Sf9wiVbAE8eTBHl_teVBY0UTOU]]></FromUserName>
<CreateTime>1476676811</CreateTime>
<MsgType><![CDATA[event]]></MsgType>
<Event><![CDATA[VIEW]]></Event>
<EventKey><![CDATA[http://mp.angelbeautyinc.com/app/index.php?i=8&c=entry&do=associate&m=lrj_guide]]></EventKey>
<MenuId>525514519</MenuId>
</xml>

2016-10-17 11:56:39 params :
------------
Array:
rule : -2 ;
module :  ;
message : Array ;

2016-10-17 11:56:39 response :
------------

2016-10-17 11:57:09 trace :
------------
String:
<xml><ToUserName><![CDATA[gh_fbee6dda34f1]]></ToUserName>
<FromUserName><![CDATA[o1Sf9wkKBQehW95uXJpMpNu1EkCg]]></FromUserName>
<CreateTime>1476676841</CreateTime>
<MsgType><![CDATA[event]]></MsgType>
<Event><![CDATA[VIEW]]></Event>
<EventKey><![CDATA[http://mp.angelbeautyinc.com/app/index.php?i=8&c=entry&do=shop&m=ewei_shop]]></EventKey>
<MenuId>525514519</MenuId>
</xml>

2016-10-17 11:57:09 params :
------------
Array:
rule : -2 ;
module :  ;
message : Array ;

2016-10-17 11:57:09 response :
------------

2016-10-17 11:57:33 trace :
------------
String:
<xml><ToUserName><![CDATA[gh_fbee6dda34f1]]></ToUserName>
<FromUserName><![CDATA[o1Sf9wkKBQehW95uXJpMpNu1EkCg]]></FromUserName>
<CreateTime>1476676864</CreateTime>
<MsgType><![CDATA[event]]></MsgType>
<Event><![CDATA[VIEW]]></Event>
<EventKey><![CDATA[http://mp.angelbeautyinc.com/app/index.php?i=8&c=entry&do=associate&m=lrj_guide]]></EventKey>
<MenuId>525514519</MenuId>
</xml>

2016-10-17 11:57:33 params :
------------
Array:
rule : -2 ;
module :  ;
message : Array ;

2016-10-17 11:57:33 response :
------------

2016-10-17 11:57:34 trace :
------------
String:
<xml><ToUserName><![CDATA[gh_fbee6dda34f1]]></ToUserName>
<FromUserName><![CDATA[o1Sf9wrTbuiHhuoq8Juz4Z9HTN6w]]></FromUserName>
<CreateTime>1476676866</CreateTime>
<MsgType><![CDATA[event]]></MsgType>
<Event><![CDATA[VIEW]]></Event>
<EventKey><![CDATA[http://mp.angelbeautyinc.com/app/index.php?i=8&c=entry&do=associate&m=lrj_guide]]></EventKey>
<MenuId>525514519</MenuId>
</xml>

2016-10-17 11:57:34 params :
------------
Array:
rule : -2 ;
module :  ;
message : Array ;

2016-10-17 11:57:34 response :
------------

2016-10-17 11:58:29 trace :
------------
String:
<xml><ToUserName><![CDATA[gh_fbee6dda34f1]]></ToUserName>
<FromUserName><![CDATA[o1Sf9wgmaqIL_VPFQSEHCTYz3YZ0]]></FromUserName>
<CreateTime>1476676921</CreateTime>
<MsgType><![CDATA[event]]></MsgType>
<Event><![CDATA[VIEW]]></Event>
<EventKey><![CDATA[http://mp.angelbeautyinc.com/app/index.php?i=8&c=entry&do=associate&m=lrj_guide]]></EventKey>
<MenuId>525514519</MenuId>
</xml>

2016-10-17 11:58:29 params :
------------
Array:
rule : -2 ;
module :  ;
message : Array ;

2016-10-17 11:58:29 response :
------------

2016-10-17 11:58:41 trace :
------------
String:
<xml><ToUserName><![CDATA[gh_fbee6dda34f1]]></ToUserName>
<FromUserName><![CDATA[o1Sf9wkKBQehW95uXJpMpNu1EkCg]]></FromUserName>
<CreateTime>1476676932</CreateTime>
<MsgType><![CDATA[event]]></MsgType>
<Event><![CDATA[VIEW]]></Event>
<EventKey><![CDATA[http://mp.angelbeautyinc.com/app/index.php?i=8&c=entry&do=shop&m=ewei_shop]]></EventKey>
<MenuId>525514519</MenuId>
</xml>

2016-10-17 11:58:41 params :
------------
Array:
rule : -2 ;
module :  ;
message : Array ;

2016-10-17 11:58:41 response :
------------

2016-10-17 11:59:02 trace :
------------
String:
<xml><ToUserName><![CDATA[gh_fbee6dda34f1]]></ToUserName>
<FromUserName><![CDATA[o1Sf9wkKBQehW95uXJpMpNu1EkCg]]></FromUserName>
<CreateTime>1476676954</CreateTime>
<MsgType><![CDATA[event]]></MsgType>
<Event><![CDATA[VIEW]]></Event>
<EventKey><![CDATA[http://mp.angelbeautyinc.com/app/index.php?i=8&c=entry&do=shop&m=ewei_shop]]></EventKey>
<MenuId>525514519</MenuId>
</xml>

2016-10-17 11:59:02 params :
------------
Array:
rule : -2 ;
module :  ;
message : Array ;

2016-10-17 11:59:02 response :
------------

2016-10-17 11:59:06 trace :
------------
String:
<xml><ToUserName><![CDATA[gh_fbee6dda34f1]]></ToUserName>
<FromUserName><![CDATA[o1Sf9wrTbuiHhuoq8Juz4Z9HTN6w]]></FromUserName>
<CreateTime>1476676958</CreateTime>
<MsgType><![CDATA[event]]></MsgType>
<Event><![CDATA[VIEW]]></Event>
<EventKey><![CDATA[http://mp.angelbeautyinc.com/app/aboutus.html#enterprise]]></EventKey>
<MenuId>525514519</MenuId>
</xml>

2016-10-17 11:59:06 params :
------------
Array:
rule : -2 ;
module :  ;
message : Array ;

2016-10-17 11:59:06 response :
------------

2016-10-17 12:00:09 trace :
------------
String:
<xml><ToUserName><![CDATA[gh_fbee6dda34f1]]></ToUserName>
<FromUserName><![CDATA[o1Sf9wrTbuiHhuoq8Juz4Z9HTN6w]]></FromUserName>
<CreateTime>1476677021</CreateTime>
<MsgType><![CDATA[event]]></MsgType>
<Event><![CDATA[VIEW]]></Event>
<EventKey><![CDATA[http://mp.angelbeautyinc.com/app/index.php?i=8&c=entry&do=shop&m=ewei_shop]]></EventKey>
<MenuId>525514519</MenuId>
</xml>

2016-10-17 12:00:09 params :
------------
Array:
rule : -2 ;
module :  ;
message : Array ;

2016-10-17 12:00:09 response :
------------

2016-10-17 12:01:03 trace :
------------
String:
<xml><ToUserName><![CDATA[gh_fbee6dda34f1]]></ToUserName>
<FromUserName><![CDATA[o1Sf9wkKBQehW95uXJpMpNu1EkCg]]></FromUserName>
<CreateTime>1476677075</CreateTime>
<MsgType><![CDATA[event]]></MsgType>
<Event><![CDATA[VIEW]]></Event>
<EventKey><![CDATA[http://mp.angelbeautyinc.com/app/index.php?i=8&c=entry&do=selfinspection&m=lrj_guide]]></EventKey>
<MenuId>525514519</MenuId>
</xml>

2016-10-17 12:01:03 params :
------------
Array:
rule : -2 ;
module :  ;
message : Array ;

2016-10-17 12:01:03 response :
------------

2016-10-17 12:19:47 trace :
------------
String:
<xml><ToUserName><![CDATA[gh_fbee6dda34f1]]></ToUserName>
<FromUserName><![CDATA[o1Sf9wgmaqIL_VPFQSEHCTYz3YZ0]]></FromUserName>
<CreateTime>1476678198</CreateTime>
<MsgType><![CDATA[event]]></MsgType>
<Event><![CDATA[VIEW]]></Event>
<EventKey><![CDATA[http://mp.angelbeautyinc.com/app/index.php?i=8&c=entry&do=selfinspection&m=lrj_guide]]></EventKey>
<MenuId>525514519</MenuId>
</xml>

2016-10-17 12:19:47 params :
------------
Array:
rule : -2 ;
module :  ;
message : Array ;

2016-10-17 12:19:47 response :
------------

2016-10-17 12:21:23 trace :
------------
String:
<xml><ToUserName><![CDATA[gh_fbee6dda34f1]]></ToUserName>
<FromUserName><![CDATA[o1Sf9wgmaqIL_VPFQSEHCTYz3YZ0]]></FromUserName>
<CreateTime>1476678294</CreateTime>
<MsgType><![CDATA[event]]></MsgType>
<Event><![CDATA[VIEW]]></Event>
<EventKey><![CDATA[http://mp.angelbeautyinc.com/app/index.php?i=8&c=entry&do=selfinspection&m=lrj_guide]]></EventKey>
<MenuId>525514519</MenuId>
</xml>

2016-10-17 12:21:23 params :
------------
Array:
rule : -2 ;
module :  ;
message : Array ;

2016-10-17 12:21:23 response :
------------

2016-10-17 12:22:09 trace :
------------
String:
<xml><ToUserName><![CDATA[gh_fbee6dda34f1]]></ToUserName>
<FromUserName><![CDATA[o1Sf9wgmaqIL_VPFQSEHCTYz3YZ0]]></FromUserName>
<CreateTime>1476678341</CreateTime>
<MsgType><![CDATA[event]]></MsgType>
<Event><![CDATA[VIEW]]></Event>
<EventKey><![CDATA[http://mp.angelbeautyinc.com/question/]]></EventKey>
<MenuId>525514519</MenuId>
</xml>

2016-10-17 12:22:09 params :
------------
Array:
rule : -2 ;
module :  ;
message : Array ;

2016-10-17 12:22:09 response :
------------

2016-10-17 12:56:38 trace :
------------
String:
<xml><ToUserName><![CDATA[gh_fbee6dda34f1]]></ToUserName>
<FromUserName><![CDATA[o1Sf9wkKBQehW95uXJpMpNu1EkCg]]></FromUserName>
<CreateTime>1476680410</CreateTime>
<MsgType><![CDATA[event]]></MsgType>
<Event><![CDATA[VIEW]]></Event>
<EventKey><![CDATA[http://mp.angelbeautyinc.com/app/aboutus.html#enterprise]]></EventKey>
<MenuId>525514519</MenuId>
</xml>

2016-10-17 12:56:38 params :
------------
Array:
rule : -2 ;
module :  ;
message : Array ;

2016-10-17 12:56:38 response :
------------

2016-10-17 14:30:12 trace :
------------
String:
<xml><ToUserName><![CDATA[gh_fbee6dda34f1]]></ToUserName>
<FromUserName><![CDATA[o1Sf9wkKBQehW95uXJpMpNu1EkCg]]></FromUserName>
<CreateTime>1476686024</CreateTime>
<MsgType><![CDATA[event]]></MsgType>
<Event><![CDATA[VIEW]]></Event>
<EventKey><![CDATA[http://mp.angelbeautyinc.com/app/index.php?i=8&c=entry&do=shop&m=ewei_shop]]></EventKey>
<MenuId>525514519</MenuId>
</xml>

2016-10-17 14:30:12 params :
------------
Array:
rule : -2 ;
module :  ;
message : Array ;

2016-10-17 14:30:12 response :
------------

2016-10-17 14:40:32 trace :
------------
String:
<xml><ToUserName><![CDATA[gh_fbee6dda34f1]]></ToUserName>
<FromUserName><![CDATA[o1Sf9wgmaqIL_VPFQSEHCTYz3YZ0]]></FromUserName>
<CreateTime>1476686644</CreateTime>
<MsgType><![CDATA[event]]></MsgType>
<Event><![CDATA[VIEW]]></Event>
<EventKey><![CDATA[http://mp.angelbeautyinc.com/app/index.php?i=8&c=entry&do=selfinspection&m=lrj_guide]]></EventKey>
<MenuId>525514519</MenuId>
</xml>

2016-10-17 14:40:32 params :
------------
Array:
rule : -2 ;
module :  ;
message : Array ;

2016-10-17 14:40:32 response :
------------

2016-10-17 14:42:41 trace :
------------
String:
<xml><ToUserName><![CDATA[gh_fbee6dda34f1]]></ToUserName>
<FromUserName><![CDATA[o1Sf9wgmaqIL_VPFQSEHCTYz3YZ0]]></FromUserName>
<CreateTime>1476686772</CreateTime>
<MsgType><![CDATA[event]]></MsgType>
<Event><![CDATA[VIEW]]></Event>
<EventKey><![CDATA[http://mp.angelbeautyinc.com/app/index.php?i=8&c=entry&do=selfinspection&m=lrj_guide]]></EventKey>
<MenuId>525514519</MenuId>
</xml>

2016-10-17 14:42:41 params :
------------
Array:
rule : -2 ;
module :  ;
message : Array ;

2016-10-17 14:42:41 response :
------------

2016-10-17 14:42:44 trace :
------------
String:
<xml><ToUserName><![CDATA[gh_fbee6dda34f1]]></ToUserName>
<FromUserName><![CDATA[o1Sf9wgmaqIL_VPFQSEHCTYz3YZ0]]></FromUserName>
<CreateTime>1476686776</CreateTime>
<MsgType><![CDATA[event]]></MsgType>
<Event><![CDATA[VIEW]]></Event>
<EventKey><![CDATA[http://mp.angelbeautyinc.com/app/index.php?i=8&c=entry&do=associate&m=lrj_guide]]></EventKey>
<MenuId>525514519</MenuId>
</xml>

2016-10-17 14:42:44 params :
------------
Array:
rule : -2 ;
module :  ;
message : Array ;

2016-10-17 14:42:44 response :
------------

2016-10-17 14:43:17 trace :
------------
String:
<xml><ToUserName><![CDATA[gh_fbee6dda34f1]]></ToUserName>
<FromUserName><![CDATA[o1Sf9wkKBQehW95uXJpMpNu1EkCg]]></FromUserName>
<CreateTime>1476686809</CreateTime>
<MsgType><![CDATA[event]]></MsgType>
<Event><![CDATA[VIEW]]></Event>
<EventKey><![CDATA[http://mp.angelbeautyinc.com/app/index.php?i=8&c=entry&do=selfinspection&m=lrj_guide]]></EventKey>
<MenuId>525514519</MenuId>
</xml>

2016-10-17 14:43:17 params :
------------
Array:
rule : -2 ;
module :  ;
message : Array ;

2016-10-17 14:43:17 response :
------------

2016-10-17 14:44:13 trace :
------------
String:
<xml><ToUserName><![CDATA[gh_fbee6dda34f1]]></ToUserName>
<FromUserName><![CDATA[o1Sf9wkKBQehW95uXJpMpNu1EkCg]]></FromUserName>
<CreateTime>1476686865</CreateTime>
<MsgType><![CDATA[event]]></MsgType>
<Event><![CDATA[VIEW]]></Event>
<EventKey><![CDATA[http://mp.angelbeautyinc.com/app/index.php?i=8&c=entry&do=selfinspection&m=lrj_guide]]></EventKey>
<MenuId>525514519</MenuId>
</xml>

2016-10-17 14:44:13 params :
------------
Array:
rule : -2 ;
module :  ;
message : Array ;

2016-10-17 14:44:13 response :
------------

2016-10-17 14:44:51 trace :
------------
String:
<xml><ToUserName><![CDATA[gh_fbee6dda34f1]]></ToUserName>
<FromUserName><![CDATA[o1Sf9wkKBQehW95uXJpMpNu1EkCg]]></FromUserName>
<CreateTime>1476686902</CreateTime>
<MsgType><![CDATA[event]]></MsgType>
<Event><![CDATA[VIEW]]></Event>
<EventKey><![CDATA[http://mp.angelbeautyinc.com/app/index.php?i=8&c=entry&do=selfinspection&m=lrj_guide]]></EventKey>
<MenuId>525514519</MenuId>
</xml>

2016-10-17 14:44:51 params :
------------
Array:
rule : -2 ;
module :  ;
message : Array ;

2016-10-17 14:44:51 response :
------------

2016-10-17 14:46:48 trace :
------------
String:
<xml><ToUserName><![CDATA[gh_fbee6dda34f1]]></ToUserName>
<FromUserName><![CDATA[o1Sf9wkKBQehW95uXJpMpNu1EkCg]]></FromUserName>
<CreateTime>1476687020</CreateTime>
<MsgType><![CDATA[event]]></MsgType>
<Event><![CDATA[VIEW]]></Event>
<EventKey><![CDATA[http://mp.angelbeautyinc.com/app/index.php?i=8&c=entry&do=selfinspection&m=lrj_guide]]></EventKey>
<MenuId>525514519</MenuId>
</xml>

2016-10-17 14:46:48 params :
------------
Array:
rule : -2 ;
module :  ;
message : Array ;

2016-10-17 14:46:48 response :
------------

2016-10-17 14:48:43 trace :
------------
String:
<xml><ToUserName><![CDATA[gh_fbee6dda34f1]]></ToUserName>
<FromUserName><![CDATA[o1Sf9wrTbuiHhuoq8Juz4Z9HTN6w]]></FromUserName>
<CreateTime>1476687135</CreateTime>
<MsgType><![CDATA[event]]></MsgType>
<Event><![CDATA[VIEW]]></Event>
<EventKey><![CDATA[http://mp.angelbeautyinc.com/app/index.php?i=8&c=entry&do=member&m=ewei_shop]]></EventKey>
<MenuId>525514519</MenuId>
</xml>

2016-10-17 14:48:43 params :
------------
Array:
rule : -2 ;
module :  ;
message : Array ;

2016-10-17 14:48:43 response :
------------

2016-10-17 14:49:53 trace :
------------
String:
<xml><ToUserName><![CDATA[gh_fbee6dda34f1]]></ToUserName>
<FromUserName><![CDATA[o1Sf9wrTbuiHhuoq8Juz4Z9HTN6w]]></FromUserName>
<CreateTime>1476687205</CreateTime>
<MsgType><![CDATA[event]]></MsgType>
<Event><![CDATA[VIEW]]></Event>
<EventKey><![CDATA[http://mp.angelbeautyinc.com/app/index.php?i=8&c=entry&do=associate&m=lrj_guide]]></EventKey>
<MenuId>525514519</MenuId>
</xml>

2016-10-17 14:49:53 params :
------------
Array:
rule : -2 ;
module :  ;
message : Array ;

2016-10-17 14:49:53 response :
------------

2016-10-17 14:50:02 trace :
------------
String:
<xml><ToUserName><![CDATA[gh_fbee6dda34f1]]></ToUserName>
<FromUserName><![CDATA[o1Sf9wrTbuiHhuoq8Juz4Z9HTN6w]]></FromUserName>
<CreateTime>1476687214</CreateTime>
<MsgType><![CDATA[event]]></MsgType>
<Event><![CDATA[VIEW]]></Event>
<EventKey><![CDATA[http://mp.angelbeautyinc.com/app/index.php?i=8&c=entry&do=selfinspection&m=lrj_guide]]></EventKey>
<MenuId>525514519</MenuId>
</xml>

2016-10-17 14:50:02 params :
------------
Array:
rule : -2 ;
module :  ;
message : Array ;

2016-10-17 14:50:02 response :
------------

2016-10-17 14:50:52 trace :
------------
String:
<xml><ToUserName><![CDATA[gh_fbee6dda34f1]]></ToUserName>
<FromUserName><![CDATA[o1Sf9wrTbuiHhuoq8Juz4Z9HTN6w]]></FromUserName>
<CreateTime>1476687263</CreateTime>
<MsgType><![CDATA[event]]></MsgType>
<Event><![CDATA[VIEW]]></Event>
<EventKey><![CDATA[http://mp.angelbeautyinc.com/app/index.php?i=8&c=entry&do=shop&m=ewei_shop]]></EventKey>
<MenuId>525514519</MenuId>
</xml>

2016-10-17 14:50:52 params :
------------
Array:
rule : -2 ;
module :  ;
message : Array ;

2016-10-17 14:50:52 response :
------------

2016-10-17 14:53:45 trace :
------------
String:
<xml><ToUserName><![CDATA[gh_fbee6dda34f1]]></ToUserName>
<FromUserName><![CDATA[o1Sf9wgmaqIL_VPFQSEHCTYz3YZ0]]></FromUserName>
<CreateTime>1476687437</CreateTime>
<MsgType><![CDATA[event]]></MsgType>
<Event><![CDATA[VIEW]]></Event>
<EventKey><![CDATA[http://mp.angelbeautyinc.com/app/index.php?i=8&c=entry&do=selfinspection&m=lrj_guide]]></EventKey>
<MenuId>525514519</MenuId>
</xml>

2016-10-17 14:53:45 params :
------------
Array:
rule : -2 ;
module :  ;
message : Array ;

2016-10-17 14:53:45 response :
------------

2016-10-17 14:58:54 trace :
------------
String:
<xml><ToUserName><![CDATA[gh_fbee6dda34f1]]></ToUserName>
<FromUserName><![CDATA[o1Sf9wkKBQehW95uXJpMpNu1EkCg]]></FromUserName>
<CreateTime>1476687746</CreateTime>
<MsgType><![CDATA[event]]></MsgType>
<Event><![CDATA[VIEW]]></Event>
<EventKey><![CDATA[http://mp.angelbeautyinc.com/app/index.php?i=8&c=entry&do=selfinspection&m=lrj_guide]]></EventKey>
<MenuId>525514519</MenuId>
</xml>

2016-10-17 14:58:54 params :
------------
Array:
rule : -2 ;
module :  ;
message : Array ;

2016-10-17 14:58:54 response :
------------

2016-10-17 14:59:52 trace :
------------
String:
<xml><ToUserName><![CDATA[gh_fbee6dda34f1]]></ToUserName>
<FromUserName><![CDATA[o1Sf9wkKBQehW95uXJpMpNu1EkCg]]></FromUserName>
<CreateTime>1476687804</CreateTime>
<MsgType><![CDATA[event]]></MsgType>
<Event><![CDATA[VIEW]]></Event>
<EventKey><![CDATA[http://mp.angelbeautyinc.com/app/index.php?i=8&c=entry&do=selfinspection&m=lrj_guide]]></EventKey>
<MenuId>525514519</MenuId>
</xml>

2016-10-17 14:59:52 params :
------------
Array:
rule : -2 ;
module :  ;
message : Array ;

2016-10-17 14:59:52 response :
------------

2016-10-17 15:00:40 trace :
------------
String:
<xml><ToUserName><![CDATA[gh_fbee6dda34f1]]></ToUserName>
<FromUserName><![CDATA[o1Sf9wkKBQehW95uXJpMpNu1EkCg]]></FromUserName>
<CreateTime>1476687852</CreateTime>
<MsgType><![CDATA[event]]></MsgType>
<Event><![CDATA[VIEW]]></Event>
<EventKey><![CDATA[http://mp.angelbeautyinc.com/app/index.php?i=8&c=entry&do=selfinspection&m=lrj_guide]]></EventKey>
<MenuId>525514519</MenuId>
</xml>

2016-10-17 15:00:40 params :
------------
Array:
rule : -2 ;
module :  ;
message : Array ;

2016-10-17 15:00:40 response :
------------

2016-10-17 15:30:18 trace :
------------
String:
<xml><ToUserName><![CDATA[gh_fbee6dda34f1]]></ToUserName>
<FromUserName><![CDATA[o1Sf9wkKBQehW95uXJpMpNu1EkCg]]></FromUserName>
<CreateTime>1476689629</CreateTime>
<MsgType><![CDATA[event]]></MsgType>
<Event><![CDATA[VIEW]]></Event>
<EventKey><![CDATA[http://mp.angelbeautyinc.com/app/index.php?i=8&c=entry&do=shop&m=ewei_shop]]></EventKey>
<MenuId>525514519</MenuId>
</xml>

2016-10-17 15:30:18 params :
------------
Array:
rule : -2 ;
module :  ;
message : Array ;

2016-10-17 15:30:18 response :
------------

2016-10-17 18:04:03 trace :
------------
String:
<xml><ToUserName><![CDATA[gh_fbee6dda34f1]]></ToUserName>
<FromUserName><![CDATA[o1Sf9wsrOcd0En-jeTZ27YHvFfBI]]></FromUserName>
<CreateTime>1476698854</CreateTime>
<MsgType><![CDATA[event]]></MsgType>
<Event><![CDATA[VIEW]]></Event>
<EventKey><![CDATA[http://mp.angelbeautyinc.com/app/index.php?i=8&c=entry&do=shop&m=ewei_shop]]></EventKey>
<MenuId>525514519</MenuId>
</xml>

2016-10-17 18:04:03 params :
------------
Array:
rule : -2 ;
module :  ;
message : Array ;

2016-10-17 18:04:03 response :
------------

2016-10-17 18:04:55 trace :
------------
String:
<xml><ToUserName><![CDATA[gh_fbee6dda34f1]]></ToUserName>
<FromUserName><![CDATA[o1Sf9wsrOcd0En-jeTZ27YHvFfBI]]></FromUserName>
<CreateTime>1476698907</CreateTime>
<MsgType><![CDATA[event]]></MsgType>
<Event><![CDATA[VIEW]]></Event>
<EventKey><![CDATA[http://mp.angelbeautyinc.com/app/index.php?i=8&c=entry&do=selfinspection&m=lrj_guide]]></EventKey>
<MenuId>525514519</MenuId>
</xml>

2016-10-17 18:04:55 params :
------------
Array:
rule : -2 ;
module :  ;
message : Array ;

2016-10-17 18:04:55 response :
------------

2016-10-17 18:13:12 trace :
------------
String:
<xml><ToUserName><![CDATA[gh_fbee6dda34f1]]></ToUserName>
<FromUserName><![CDATA[o1Sf9wsrOcd0En-jeTZ27YHvFfBI]]></FromUserName>
<CreateTime>1476699404</CreateTime>
<MsgType><![CDATA[event]]></MsgType>
<Event><![CDATA[VIEW]]></Event>
<EventKey><![CDATA[http://mp.angelbeautyinc.com/app/index.php?i=8&c=entry&do=shop&m=ewei_shop]]></EventKey>
<MenuId>525514519</MenuId>
</xml>

2016-10-17 18:13:12 params :
------------
Array:
rule : -2 ;
module :  ;
message : Array ;

2016-10-17 18:13:12 response :
------------

