2016-06-29 09:17:14 trace :
------------
String:
<xml><ToUserName><![CDATA[gh_5013f37369ce]]></ToUserName>
<FromUserName><![CDATA[oqCObuFz2bCrOJX_IYcTvHABJ-C8]]></FromUserName>
<CreateTime>1467163168</CreateTime>
<MsgType><![CDATA[event]]></MsgType>
<Event><![CDATA[unsubscribe]]></Event>
<EventKey><![CDATA[]]></EventKey>
</xml>

2016-06-29 16:16:09 trace :
------------
String:
<xml><ToUserName><![CDATA[gh_5013f37369ce]]></ToUserName>
<FromUserName><![CDATA[oqCObuJGwKF2kMN9yDnQoWFbbR6k]]></FromUserName>
<CreateTime>1467188302</CreateTime>
<MsgType><![CDATA[event]]></MsgType>
<Event><![CDATA[VIEW]]></Event>
<EventKey><![CDATA[http://mp.weixin.qq.com/s?__biz=MzA5MzE5NzExNw==&mid=10001097&idx=1&sn=8338ffe385dcd8dd1f376fc1a2fd50ff&scene=18#rd]]></EventKey>
<MenuId>208007648</MenuId>
</xml>

2016-06-29 16:16:09 params :
------------
Array:
rule : -2 ;
module :  ;
message : Array ;

2016-06-29 16:16:09 response :
------------

2016-06-29 16:16:26 trace :
------------
String:
<xml><ToUserName><![CDATA[gh_5013f37369ce]]></ToUserName>
<FromUserName><![CDATA[oqCObuJGwKF2kMN9yDnQoWFbbR6k]]></FromUserName>
<CreateTime>1467188319</CreateTime>
<MsgType><![CDATA[event]]></MsgType>
<Event><![CDATA[VIEW]]></Event>
<EventKey><![CDATA[http://mp.weixin.qq.com/s?__biz=MzA5MzE5NzExNw==&mid=10001097&idx=1&sn=8338ffe385dcd8dd1f376fc1a2fd50ff&scene=18#rd]]></EventKey>
<MenuId>208007648</MenuId>
</xml>

2016-06-29 16:16:26 params :
------------
Array:
rule : -2 ;
module :  ;
message : Array ;

2016-06-29 16:16:26 response :
------------

2016-06-29 18:56:46 trace :
------------
String:
<xml><ToUserName><![CDATA[gh_5013f37369ce]]></ToUserName>
<FromUserName><![CDATA[oqCObuBrE4-bCJSUB6Wi_lZ7pr-o]]></FromUserName>
<CreateTime>1467197940</CreateTime>
<MsgType><![CDATA[event]]></MsgType>
<Event><![CDATA[VIEW]]></Event>
<EventKey><![CDATA[http://mp.weixin.qq.com/s?__biz=MzA5MzE5NzExNw==&mid=10001097&idx=1&sn=8338ffe385dcd8dd1f376fc1a2fd50ff&scene=18#rd]]></EventKey>
<MenuId>208007648</MenuId>
</xml>

2016-06-29 18:56:46 params :
------------
Array:
rule : -2 ;
module :  ;
message : Array ;

2016-06-29 18:56:46 response :
------------

2016-06-29 18:57:26 trace :
------------
String:
<xml><ToUserName><![CDATA[gh_5013f37369ce]]></ToUserName>
<FromUserName><![CDATA[oqCObuBrE4-bCJSUB6Wi_lZ7pr-o]]></FromUserName>
<CreateTime>1467197979</CreateTime>
<MsgType><![CDATA[event]]></MsgType>
<Event><![CDATA[VIEW]]></Event>
<EventKey><![CDATA[http://mp.weixin.qq.com/s?__biz=MzA5MzE5NzExNw==&mid=10001097&idx=1&sn=8338ffe385dcd8dd1f376fc1a2fd50ff&scene=18#rd]]></EventKey>
<MenuId>208007648</MenuId>
</xml>

2016-06-29 18:57:26 params :
------------
Array:
rule : -2 ;
module :  ;
message : Array ;

2016-06-29 18:57:26 response :
------------

2016-06-29 18:57:33 trace :
------------
String:
<xml><ToUserName><![CDATA[gh_5013f37369ce]]></ToUserName>
<FromUserName><![CDATA[oqCObuBrE4-bCJSUB6Wi_lZ7pr-o]]></FromUserName>
<CreateTime>1467197987</CreateTime>
<MsgType><![CDATA[event]]></MsgType>
<Event><![CDATA[VIEW]]></Event>
<EventKey><![CDATA[http://mp.weixin.qq.com/s?__biz=MzA5MzE5NzExNw==&mid=10001097&idx=1&sn=8338ffe385dcd8dd1f376fc1a2fd50ff&scene=18#rd]]></EventKey>
<MenuId>208007648</MenuId>
</xml>

2016-06-29 18:57:33 params :
------------
Array:
rule : -2 ;
module :  ;
message : Array ;

2016-06-29 18:57:33 response :
------------

2016-06-29 19:31:29 trace :
------------
String:
<xml><ToUserName><![CDATA[gh_5013f37369ce]]></ToUserName>
<FromUserName><![CDATA[oqCObuHs1nkgKCE44SZYwVcBzd48]]></FromUserName>
<CreateTime>1467200023</CreateTime>
<MsgType><![CDATA[event]]></MsgType>
<Event><![CDATA[VIEW]]></Event>
<EventKey><![CDATA[http://mp.weixin.qq.com/s?__biz=MzA5MzE5NzExNw==&mid=10001097&idx=1&sn=8338ffe385dcd8dd1f376fc1a2fd50ff&scene=18#rd]]></EventKey>
<MenuId>208007648</MenuId>
</xml>

2016-06-29 19:31:29 params :
------------
Array:
rule : -2 ;
module :  ;
message : Array ;

2016-06-29 19:31:29 response :
------------

2016-06-29 20:50:31 trace :
------------
String:
<xml><ToUserName><![CDATA[gh_5013f37369ce]]></ToUserName>
<FromUserName><![CDATA[oqCObuLO-_m5f4rN3CofRgIZkZEA]]></FromUserName>
<CreateTime>1467204765</CreateTime>
<MsgType><![CDATA[event]]></MsgType>
<Event><![CDATA[VIEW]]></Event>
<EventKey><![CDATA[http://mp.weixin.qq.com/s?__biz=MzA5MzE5NzExNw==&mid=10001097&idx=1&sn=8338ffe385dcd8dd1f376fc1a2fd50ff&scene=18#rd]]></EventKey>
<MenuId>208007648</MenuId>
</xml>

2016-06-29 20:50:31 params :
------------
Array:
rule : -2 ;
module :  ;
message : Array ;

2016-06-29 20:50:31 response :
------------

2016-06-29 20:53:45 trace :
------------
String:
<xml><ToUserName><![CDATA[gh_5013f37369ce]]></ToUserName>
<FromUserName><![CDATA[oqCObuLO-_m5f4rN3CofRgIZkZEA]]></FromUserName>
<CreateTime>1467204959</CreateTime>
<MsgType><![CDATA[event]]></MsgType>
<Event><![CDATA[VIEW]]></Event>
<EventKey><![CDATA[http://mp.weixin.qq.com/s?__biz=MzA5MzE5NzExNw==&mid=10001097&idx=1&sn=8338ffe385dcd8dd1f376fc1a2fd50ff&scene=18#rd]]></EventKey>
<MenuId>208007648</MenuId>
</xml>

2016-06-29 20:53:45 params :
------------
Array:
rule : -2 ;
module :  ;
message : Array ;

2016-06-29 20:53:45 response :
------------

2016-06-29 21:00:45 trace :
------------
String:
<xml><ToUserName><![CDATA[gh_5013f37369ce]]></ToUserName>
<FromUserName><![CDATA[oqCObuLO-_m5f4rN3CofRgIZkZEA]]></FromUserName>
<CreateTime>1467205379</CreateTime>
<MsgType><![CDATA[event]]></MsgType>
<Event><![CDATA[VIEW]]></Event>
<EventKey><![CDATA[http://mp.weixin.qq.com/s?__biz=MzA5MzE5NzExNw==&mid=10001097&idx=1&sn=8338ffe385dcd8dd1f376fc1a2fd50ff&scene=18#rd]]></EventKey>
<MenuId>208007648</MenuId>
</xml>

2016-06-29 21:00:45 params :
------------
Array:
rule : -2 ;
module :  ;
message : Array ;

2016-06-29 21:00:45 response :
------------

2016-06-29 21:04:17 trace :
------------
String:
<xml><ToUserName><![CDATA[gh_5013f37369ce]]></ToUserName>
<FromUserName><![CDATA[oqCObuLO-_m5f4rN3CofRgIZkZEA]]></FromUserName>
<CreateTime>1467205591</CreateTime>
<MsgType><![CDATA[event]]></MsgType>
<Event><![CDATA[VIEW]]></Event>
<EventKey><![CDATA[http://mp.weixin.qq.com/s?__biz=MzA5MzE5NzExNw==&mid=10001097&idx=1&sn=8338ffe385dcd8dd1f376fc1a2fd50ff&scene=18#rd]]></EventKey>
<MenuId>208007648</MenuId>
</xml>

2016-06-29 21:04:17 params :
------------
Array:
rule : -2 ;
module :  ;
message : Array ;

2016-06-29 21:04:17 response :
------------

2016-06-29 21:11:30 trace :
------------
String:
<xml><ToUserName><![CDATA[gh_5013f37369ce]]></ToUserName>
<FromUserName><![CDATA[oqCObuLO-_m5f4rN3CofRgIZkZEA]]></FromUserName>
<CreateTime>1467206024</CreateTime>
<MsgType><![CDATA[event]]></MsgType>
<Event><![CDATA[VIEW]]></Event>
<EventKey><![CDATA[http://mp.weixin.qq.com/s?__biz=MzA5MzE5NzExNw==&mid=10001097&idx=1&sn=8338ffe385dcd8dd1f376fc1a2fd50ff&scene=18#rd]]></EventKey>
<MenuId>208007648</MenuId>
</xml>

2016-06-29 21:11:30 params :
------------
Array:
rule : -2 ;
module :  ;
message : Array ;

2016-06-29 21:11:30 response :
------------

2016-06-29 23:28:50 trace :
------------
String:
<xml><ToUserName><![CDATA[gh_5013f37369ce]]></ToUserName>
<FromUserName><![CDATA[oqCObuJy1f8_aGq-zNsRnSNeFBus]]></FromUserName>
<CreateTime>1467214261</CreateTime>
<MsgType><![CDATA[event]]></MsgType>
<Event><![CDATA[subscribe]]></Event>
<EventKey><![CDATA[]]></EventKey>
</xml>

2016-06-29 23:28:50 params :
------------
Array:
rule : -2 ;
module :  ;
message : Array ;

2016-06-29 23:28:50 response :
------------

2016-06-29 23:28:53 trace :
------------
String:
<xml><ToUserName><![CDATA[gh_5013f37369ce]]></ToUserName>
<FromUserName><![CDATA[oqCObuJy1f8_aGq-zNsRnSNeFBus]]></FromUserName>
<CreateTime>1467214261</CreateTime>
<MsgType><![CDATA[event]]></MsgType>
<Event><![CDATA[subscribe]]></Event>
<EventKey><![CDATA[]]></EventKey>
</xml>

2016-06-29 23:28:53 params :
------------
Array:
rule : -2 ;
module :  ;
message : Array ;

2016-06-29 23:28:53 response :
------------

