2016-04-19 02:39:27 trace :
------------
Array:
from : oqCObuL-gGf3cmUXBpUJiPR2XOjs ;
to : gh_5013f37369ce ;
time : 1461004787 ;
type : event ;
event : VIEW ;
tousername : gh_5013f37369ce ;
fromusername : oqCObuL-gGf3cmUXBpUJiPR2XOjs ;
createtime : 1461004787 ;
msgtype : event ;
eventkey : http://mp.weixin.qq.com/s?__biz=MzA5MzE5NzExNw==&mid=10001097&idx=1&sn=8338ffe385dcd8dd1f376fc1a2fd50ff&scene=18#rd ;
menuid : 208007648 ;

2016-04-19 02:39:27 params :
------------
Array:
rule : -2 ;
module :  ;
message : Array ;

2016-04-19 02:39:27 response :
------------

2016-04-19 02:46:01 trace :
------------
Array:
from : oqCObuL-gGf3cmUXBpUJiPR2XOjs ;
to : gh_5013f37369ce ;
time : 1461005181 ;
type : event ;
event : VIEW ;
tousername : gh_5013f37369ce ;
fromusername : oqCObuL-gGf3cmUXBpUJiPR2XOjs ;
createtime : 1461005181 ;
msgtype : event ;
eventkey : http://mp.weixin.qq.com/s?__biz=MzA5MzE5NzExNw==&mid=10001097&idx=1&sn=8338ffe385dcd8dd1f376fc1a2fd50ff&scene=18#rd ;
menuid : 208007648 ;

2016-04-19 02:46:01 params :
------------
Array:
rule : -2 ;
module :  ;
message : Array ;

2016-04-19 02:46:01 response :
------------

2016-04-19 02:46:05 trace :
------------
Array:
from : oqCObuL-gGf3cmUXBpUJiPR2XOjs ;
to : gh_5013f37369ce ;
time : 1461005185 ;
type : event ;
event : VIEW ;
tousername : gh_5013f37369ce ;
fromusername : oqCObuL-gGf3cmUXBpUJiPR2XOjs ;
createtime : 1461005185 ;
msgtype : event ;
eventkey : http://mp.weixin.qq.com/s?__biz=MzA5MzE5NzExNw==&mid=10001097&idx=1&sn=8338ffe385dcd8dd1f376fc1a2fd50ff&scene=18#rd ;
menuid : 208007648 ;

2016-04-19 02:46:05 params :
------------
Array:
rule : -2 ;
module :  ;
message : Array ;

2016-04-19 02:46:05 response :
------------

2016-04-19 02:46:15 trace :
------------
Array:
from : oqCObuL-gGf3cmUXBpUJiPR2XOjs ;
to : gh_5013f37369ce ;
time : 1461005195 ;
type : event ;
event : VIEW ;
tousername : gh_5013f37369ce ;
fromusername : oqCObuL-gGf3cmUXBpUJiPR2XOjs ;
createtime : 1461005195 ;
msgtype : event ;
eventkey : http://mp.weixin.qq.com/s?__biz=MzA5MzE5NzExNw==&mid=10001097&idx=1&sn=8338ffe385dcd8dd1f376fc1a2fd50ff&scene=18#rd ;
menuid : 208007648 ;

2016-04-19 02:46:15 params :
------------
Array:
rule : -2 ;
module :  ;
message : Array ;

2016-04-19 02:46:15 response :
------------

2016-04-19 02:46:20 trace :
------------
Array:
from : oqCObuL-gGf3cmUXBpUJiPR2XOjs ;
to : gh_5013f37369ce ;
time : 1461005200 ;
type : event ;
event : VIEW ;
tousername : gh_5013f37369ce ;
fromusername : oqCObuL-gGf3cmUXBpUJiPR2XOjs ;
createtime : 1461005200 ;
msgtype : event ;
eventkey : http://mp.weixin.qq.com/s?__biz=MzA5MzE5NzExNw==&mid=10001097&idx=1&sn=8338ffe385dcd8dd1f376fc1a2fd50ff&scene=18#rd ;
menuid : 208007648 ;

2016-04-19 02:46:20 params :
------------
Array:
rule : -2 ;
module :  ;
message : Array ;

2016-04-19 02:46:20 response :
------------

2016-04-19 02:46:25 trace :
------------
Array:
from : oqCObuL-gGf3cmUXBpUJiPR2XOjs ;
to : gh_5013f37369ce ;
time : 1461005205 ;
type : event ;
event : VIEW ;
tousername : gh_5013f37369ce ;
fromusername : oqCObuL-gGf3cmUXBpUJiPR2XOjs ;
createtime : 1461005205 ;
msgtype : event ;
eventkey : http://mp.weixin.qq.com/s?__biz=MzA5MzE5NzExNw==&mid=10001097&idx=1&sn=8338ffe385dcd8dd1f376fc1a2fd50ff&scene=18#rd ;
menuid : 208007648 ;

2016-04-19 02:46:25 params :
------------
Array:
rule : -2 ;
module :  ;
message : Array ;

2016-04-19 02:46:25 response :
------------

2016-04-19 02:46:30 trace :
------------
Array:
from : oqCObuL-gGf3cmUXBpUJiPR2XOjs ;
to : gh_5013f37369ce ;
time : 1461005210 ;
type : event ;
event : VIEW ;
tousername : gh_5013f37369ce ;
fromusername : oqCObuL-gGf3cmUXBpUJiPR2XOjs ;
createtime : 1461005210 ;
msgtype : event ;
eventkey : http://mp.weixin.qq.com/s?__biz=MzA5MzE5NzExNw==&mid=10001097&idx=1&sn=8338ffe385dcd8dd1f376fc1a2fd50ff&scene=18#rd ;
menuid : 208007648 ;

2016-04-19 02:46:30 params :
------------
Array:
rule : -2 ;
module :  ;
message : Array ;

2016-04-19 02:46:30 response :
------------

2016-04-19 07:32:21 trace :
------------
Array:
from : oqCObuFPUFCl8-7SX7OUiNG8x5Jw ;
to : gh_5013f37369ce ;
time : 1461022361 ;
type : event ;
event : subscribe ;
tousername : gh_5013f37369ce ;
fromusername : oqCObuFPUFCl8-7SX7OUiNG8x5Jw ;
createtime : 1461022361 ;
msgtype : event ;
eventkey :  ;

2016-04-19 07:32:21 params :
------------
Array:
rule : -2 ;
module :  ;
message : Array ;

2016-04-19 07:32:21 response :
------------

2016-04-19 07:32:25 trace :
------------
Array:
from : oqCObuFPUFCl8-7SX7OUiNG8x5Jw ;
to : gh_5013f37369ce ;
time : 1461022365 ;
type : event ;
event : VIEW ;
tousername : gh_5013f37369ce ;
fromusername : oqCObuFPUFCl8-7SX7OUiNG8x5Jw ;
createtime : 1461022365 ;
msgtype : event ;
eventkey : http://mp.weixin.qq.com/s?__biz=MzA5MzE5NzExNw==&mid=10001097&idx=1&sn=8338ffe385dcd8dd1f376fc1a2fd50ff&scene=18#rd ;
menuid : 208007648 ;

2016-04-19 07:32:25 params :
------------
Array:
rule : -2 ;
module :  ;
message : Array ;

2016-04-19 07:32:25 response :
------------

2016-04-19 07:32:53 trace :
------------
Array:
from : oqCObuFPUFCl8-7SX7OUiNG8x5Jw ;
to : gh_5013f37369ce ;
time : 1461022393 ;
type : event ;
event : VIEW ;
tousername : gh_5013f37369ce ;
fromusername : oqCObuFPUFCl8-7SX7OUiNG8x5Jw ;
createtime : 1461022393 ;
msgtype : event ;
eventkey : http://mp.weixin.qq.com/s?__biz=MzA5MzE5NzExNw==&mid=10001097&idx=1&sn=8338ffe385dcd8dd1f376fc1a2fd50ff&scene=18#rd ;
menuid : 208007648 ;

2016-04-19 07:32:53 params :
------------
Array:
rule : -2 ;
module :  ;
message : Array ;

2016-04-19 07:32:53 response :
------------

2016-04-19 07:33:10 trace :
------------
Array:
from : oqCObuFPUFCl8-7SX7OUiNG8x5Jw ;
to : gh_5013f37369ce ;
time : 1461022410 ;
type : event ;
event : VIEW ;
tousername : gh_5013f37369ce ;
fromusername : oqCObuFPUFCl8-7SX7OUiNG8x5Jw ;
createtime : 1461022410 ;
msgtype : event ;
eventkey : http://mp.weixin.qq.com/s?__biz=MzA5MzE5NzExNw==&mid=10001097&idx=1&sn=8338ffe385dcd8dd1f376fc1a2fd50ff&scene=18#rd ;
menuid : 208007648 ;

2016-04-19 07:33:10 params :
------------
Array:
rule : -2 ;
module :  ;
message : Array ;

2016-04-19 07:33:10 response :
------------

2016-04-19 07:33:55 trace :
------------
Array:
from : oqCObuFPUFCl8-7SX7OUiNG8x5Jw ;
to : gh_5013f37369ce ;
time : 1461022455 ;
type : event ;
event : VIEW ;
tousername : gh_5013f37369ce ;
fromusername : oqCObuFPUFCl8-7SX7OUiNG8x5Jw ;
createtime : 1461022455 ;
msgtype : event ;
eventkey : http://mp.weixin.qq.com/s?__biz=MzA5MzE5NzExNw==&mid=10001097&idx=1&sn=8338ffe385dcd8dd1f376fc1a2fd50ff&scene=18#rd ;
menuid : 208007648 ;

2016-04-19 07:33:55 params :
------------
Array:
rule : -2 ;
module :  ;
message : Array ;

2016-04-19 07:33:55 response :
------------

2016-04-19 07:34:04 trace :
------------
Array:
from : oqCObuFPUFCl8-7SX7OUiNG8x5Jw ;
to : gh_5013f37369ce ;
time : 1461022464 ;
type : event ;
event : VIEW ;
tousername : gh_5013f37369ce ;
fromusername : oqCObuFPUFCl8-7SX7OUiNG8x5Jw ;
createtime : 1461022464 ;
msgtype : event ;
eventkey : http://mp.weixin.qq.com/s?__biz=MzA5MzE5NzExNw==&mid=10001097&idx=1&sn=8338ffe385dcd8dd1f376fc1a2fd50ff&scene=18#rd ;
menuid : 208007648 ;

2016-04-19 07:34:04 params :
------------
Array:
rule : -2 ;
module :  ;
message : Array ;

2016-04-19 07:34:04 response :
------------

2016-04-19 08:58:23 trace :
------------
Array:
from : oqCObuFPUFCl8-7SX7OUiNG8x5Jw ;
to : gh_5013f37369ce ;
time : 1461027522 ;
type : event ;
event : VIEW ;
tousername : gh_5013f37369ce ;
fromusername : oqCObuFPUFCl8-7SX7OUiNG8x5Jw ;
createtime : 1461027522 ;
msgtype : event ;
eventkey : http://mp.weixin.qq.com/s?__biz=MzA5MzE5NzExNw==&mid=10001097&idx=1&sn=8338ffe385dcd8dd1f376fc1a2fd50ff&scene=18#rd ;
menuid : 208007648 ;

2016-04-19 08:58:23 params :
------------
Array:
rule : -2 ;
module :  ;
message : Array ;

2016-04-19 08:58:23 response :
------------

2016-04-19 09:57:03 trace :
------------
Array:
from : oqCObuC3F3Z-DHhmsta7v42WaYHg ;
to : gh_5013f37369ce ;
time : 1461031043 ;
type : event ;
event : subscribe ;
tousername : gh_5013f37369ce ;
fromusername : oqCObuC3F3Z-DHhmsta7v42WaYHg ;
createtime : 1461031043 ;
msgtype : event ;
eventkey :  ;

2016-04-19 09:57:03 params :
------------
Array:
rule : -2 ;
module :  ;
message : Array ;

2016-04-19 09:57:03 response :
------------

2016-04-19 10:05:37 trace :
------------
Array:
from : oqCObuKkLhSb3PxoK_3V9BW2LT2k ;
to : gh_5013f37369ce ;
time : 1461031556 ;
type : event ;
event : subscribe ;
tousername : gh_5013f37369ce ;
fromusername : oqCObuKkLhSb3PxoK_3V9BW2LT2k ;
createtime : 1461031556 ;
msgtype : event ;
eventkey :  ;

2016-04-19 10:05:37 params :
------------
Array:
rule : -2 ;
module :  ;
message : Array ;

2016-04-19 10:05:37 response :
------------

2016-04-19 10:05:42 trace :
------------
Array:
from : oqCObuKkLhSb3PxoK_3V9BW2LT2k ;
to : gh_5013f37369ce ;
time : 1461031563 ;
type : event ;
event : VIEW ;
tousername : gh_5013f37369ce ;
fromusername : oqCObuKkLhSb3PxoK_3V9BW2LT2k ;
createtime : 1461031563 ;
msgtype : event ;
eventkey : http://mp.weixin.qq.com/s?__biz=MzA5MzE5NzExNw==&mid=10001097&idx=1&sn=8338ffe385dcd8dd1f376fc1a2fd50ff&scene=18#rd ;
menuid : 208007648 ;

2016-04-19 10:05:42 params :
------------
Array:
rule : -2 ;
module :  ;
message : Array ;

2016-04-19 10:05:42 response :
------------

2016-04-19 10:06:39 trace :
------------
Array:
from : oqCObuKkLhSb3PxoK_3V9BW2LT2k ;
to : gh_5013f37369ce ;
time : 1461031619 ;
type : event ;
event : VIEW ;
tousername : gh_5013f37369ce ;
fromusername : oqCObuKkLhSb3PxoK_3V9BW2LT2k ;
createtime : 1461031619 ;
msgtype : event ;
eventkey : http://mp.weixin.qq.com/s?__biz=MzA5MzE5NzExNw==&mid=10001097&idx=1&sn=8338ffe385dcd8dd1f376fc1a2fd50ff&scene=18#rd ;
menuid : 208007648 ;

2016-04-19 10:06:39 params :
------------
Array:
rule : -2 ;
module :  ;
message : Array ;

2016-04-19 10:06:39 response :
------------

2016-04-19 11:44:48 trace :
------------
Array:
from : oqCObuMp5qzNuoSjWjoOKRiwgO3E ;
to : gh_5013f37369ce ;
time : 1461037505 ;
type : event ;
event : subscribe ;
tousername : gh_5013f37369ce ;
fromusername : oqCObuMp5qzNuoSjWjoOKRiwgO3E ;
createtime : 1461037505 ;
msgtype : event ;
eventkey :  ;

2016-04-19 11:44:48 params :
------------
Array:
rule : -2 ;
module :  ;
message : Array ;

2016-04-19 11:44:48 response :
------------

2016-04-19 11:45:13 trace :
------------
Array:
from : oqCObuFKcL9Xu30CEe8x_8X_2k7Q ;
to : gh_5013f37369ce ;
time : 1461037533 ;
type : event ;
event : subscribe ;
tousername : gh_5013f37369ce ;
fromusername : oqCObuFKcL9Xu30CEe8x_8X_2k7Q ;
createtime : 1461037533 ;
msgtype : event ;
eventkey :  ;

2016-04-19 11:45:13 params :
------------
Array:
rule : -2 ;
module :  ;
message : Array ;

2016-04-19 11:45:13 response :
------------

2016-04-19 12:02:48 trace :
------------
Array:
from : oqCObuBqstoWYFuvJNzoxiUrAilI ;
to : gh_5013f37369ce ;
time : 1461038588 ;
type : event ;
event : VIEW ;
tousername : gh_5013f37369ce ;
fromusername : oqCObuBqstoWYFuvJNzoxiUrAilI ;
createtime : 1461038588 ;
msgtype : event ;
eventkey : http://mp.weixin.qq.com/s?__biz=MzA5MzE5NzExNw==&mid=10001097&idx=1&sn=8338ffe385dcd8dd1f376fc1a2fd50ff&scene=18#rd ;
menuid : 208007648 ;

2016-04-19 12:02:48 params :
------------
Array:
rule : -2 ;
module :  ;
message : Array ;

2016-04-19 12:02:48 response :
------------

2016-04-19 12:03:31 trace :
------------
Array:
from : oqCObuBqstoWYFuvJNzoxiUrAilI ;
to : gh_5013f37369ce ;
time : 1461038631 ;
type : event ;
event : VIEW ;
tousername : gh_5013f37369ce ;
fromusername : oqCObuBqstoWYFuvJNzoxiUrAilI ;
createtime : 1461038631 ;
msgtype : event ;
eventkey : http://mp.weixin.qq.com/s?__biz=MzA5MzE5NzExNw==&mid=10001097&idx=1&sn=8338ffe385dcd8dd1f376fc1a2fd50ff&scene=18#rd ;
menuid : 208007648 ;

2016-04-19 12:03:31 params :
------------
Array:
rule : -2 ;
module :  ;
message : Array ;

2016-04-19 12:03:31 response :
------------

2016-04-19 12:04:09 trace :
------------
Array:
from : oqCObuBqstoWYFuvJNzoxiUrAilI ;
to : gh_5013f37369ce ;
time : 1461038669 ;
type : event ;
event : VIEW ;
tousername : gh_5013f37369ce ;
fromusername : oqCObuBqstoWYFuvJNzoxiUrAilI ;
createtime : 1461038669 ;
msgtype : event ;
eventkey : http://mp.weixin.qq.com/s?__biz=MzA5MzE5NzExNw==&mid=10001097&idx=1&sn=8338ffe385dcd8dd1f376fc1a2fd50ff&scene=18#rd ;
menuid : 208007648 ;

2016-04-19 12:04:09 params :
------------
Array:
rule : -2 ;
module :  ;
message : Array ;

2016-04-19 12:04:09 response :
------------

2016-04-19 12:23:37 trace :
------------
Array:
from : oqCObuID9HUifspFVrTyTVWT7BY8 ;
to : gh_5013f37369ce ;
time : 1461039837 ;
type : event ;
event : VIEW ;
tousername : gh_5013f37369ce ;
fromusername : oqCObuID9HUifspFVrTyTVWT7BY8 ;
createtime : 1461039837 ;
msgtype : event ;
eventkey : http://mp.weixin.qq.com/s?__biz=MzA5MzE5NzExNw==&mid=10001097&idx=1&sn=8338ffe385dcd8dd1f376fc1a2fd50ff&scene=18#rd ;
menuid : 208007648 ;

2016-04-19 12:23:37 params :
------------
Array:
rule : -2 ;
module :  ;
message : Array ;

2016-04-19 12:23:37 response :
------------

2016-04-19 12:23:47 trace :
------------
Array:
from : oqCObuID9HUifspFVrTyTVWT7BY8 ;
to : gh_5013f37369ce ;
time : 1461039847 ;
type : event ;
event : VIEW ;
tousername : gh_5013f37369ce ;
fromusername : oqCObuID9HUifspFVrTyTVWT7BY8 ;
createtime : 1461039847 ;
msgtype : event ;
eventkey : http://mp.weixin.qq.com/s?__biz=MzA5MzE5NzExNw==&mid=10001097&idx=1&sn=8338ffe385dcd8dd1f376fc1a2fd50ff&scene=18#rd ;
menuid : 208007648 ;

2016-04-19 12:23:47 params :
------------
Array:
rule : -2 ;
module :  ;
message : Array ;

2016-04-19 12:23:47 response :
------------

2016-04-19 12:24:01 trace :
------------
Array:
from : oqCObuLOWsxeWiQMSrsSiCpEcq2g ;
to : gh_5013f37369ce ;
time : 1461039858 ;
type : event ;
event : VIEW ;
tousername : gh_5013f37369ce ;
fromusername : oqCObuLOWsxeWiQMSrsSiCpEcq2g ;
createtime : 1461039858 ;
msgtype : event ;
eventkey : http://mp.weixin.qq.com/s?__biz=MzA5MzE5NzExNw==&mid=10001097&idx=1&sn=8338ffe385dcd8dd1f376fc1a2fd50ff&scene=18#rd ;
menuid : 208007648 ;

2016-04-19 12:24:01 params :
------------
Array:
rule : -2 ;
module :  ;
message : Array ;

2016-04-19 12:24:01 response :
------------

2016-04-19 12:24:12 trace :
------------
Array:
from : oqCObuLOWsxeWiQMSrsSiCpEcq2g ;
to : gh_5013f37369ce ;
time : 1461039869 ;
type : event ;
event : VIEW ;
tousername : gh_5013f37369ce ;
fromusername : oqCObuLOWsxeWiQMSrsSiCpEcq2g ;
createtime : 1461039869 ;
msgtype : event ;
eventkey : http://mp.weixin.qq.com/s?__biz=MzA5MzE5NzExNw==&mid=10001097&idx=1&sn=8338ffe385dcd8dd1f376fc1a2fd50ff&scene=18#rd ;
menuid : 208007648 ;

2016-04-19 12:24:12 params :
------------
Array:
rule : -2 ;
module :  ;
message : Array ;

2016-04-19 12:24:12 response :
------------

2016-04-19 12:24:12 trace :
------------
Array:
from : oqCObuLOWsxeWiQMSrsSiCpEcq2g ;
to : gh_5013f37369ce ;
time : 1461039872 ;
type : event ;
event : VIEW ;
tousername : gh_5013f37369ce ;
fromusername : oqCObuLOWsxeWiQMSrsSiCpEcq2g ;
createtime : 1461039872 ;
msgtype : event ;
eventkey : http://mp.weixin.qq.com/s?__biz=MzA5MzE5NzExNw==&mid=10001097&idx=1&sn=8338ffe385dcd8dd1f376fc1a2fd50ff&scene=18#rd ;
menuid : 208007648 ;

2016-04-19 12:24:12 params :
------------
Array:
rule : -2 ;
module :  ;
message : Array ;

2016-04-19 12:24:12 response :
------------

2016-04-19 12:24:27 trace :
------------
Array:
from : oqCObuLOWsxeWiQMSrsSiCpEcq2g ;
to : gh_5013f37369ce ;
time : 1461039887 ;
type : event ;
event : VIEW ;
tousername : gh_5013f37369ce ;
fromusername : oqCObuLOWsxeWiQMSrsSiCpEcq2g ;
createtime : 1461039887 ;
msgtype : event ;
eventkey : http://mp.weixin.qq.com/s?__biz=MzA5MzE5NzExNw==&mid=10001097&idx=1&sn=8338ffe385dcd8dd1f376fc1a2fd50ff&scene=18#rd ;
menuid : 208007648 ;

2016-04-19 12:24:27 params :
------------
Array:
rule : -2 ;
module :  ;
message : Array ;

2016-04-19 12:24:27 response :
------------

2016-04-19 12:24:35 trace :
------------
Array:
from : oqCObuLOWsxeWiQMSrsSiCpEcq2g ;
to : gh_5013f37369ce ;
time : 1461039895 ;
type : event ;
event : VIEW ;
tousername : gh_5013f37369ce ;
fromusername : oqCObuLOWsxeWiQMSrsSiCpEcq2g ;
createtime : 1461039895 ;
msgtype : event ;
eventkey : http://mp.weixin.qq.com/s?__biz=MzA5MzE5NzExNw==&mid=10001097&idx=1&sn=8338ffe385dcd8dd1f376fc1a2fd50ff&scene=18#rd ;
menuid : 208007648 ;

2016-04-19 12:24:35 params :
------------
Array:
rule : -2 ;
module :  ;
message : Array ;

2016-04-19 12:24:35 response :
------------

2016-04-19 12:24:44 trace :
------------
Array:
from : oqCObuLOWsxeWiQMSrsSiCpEcq2g ;
to : gh_5013f37369ce ;
time : 1461039901 ;
type : event ;
event : VIEW ;
tousername : gh_5013f37369ce ;
fromusername : oqCObuLOWsxeWiQMSrsSiCpEcq2g ;
createtime : 1461039901 ;
msgtype : event ;
eventkey : http://mp.weixin.qq.com/s?__biz=MzA5MzE5NzExNw==&mid=10001097&idx=1&sn=8338ffe385dcd8dd1f376fc1a2fd50ff&scene=18#rd ;
menuid : 208007648 ;

2016-04-19 12:24:44 params :
------------
Array:
rule : -2 ;
module :  ;
message : Array ;

2016-04-19 12:24:44 response :
------------

2016-04-19 12:25:10 trace :
------------
Array:
from : oqCObuLOWsxeWiQMSrsSiCpEcq2g ;
to : gh_5013f37369ce ;
time : 1461039930 ;
type : event ;
event : VIEW ;
tousername : gh_5013f37369ce ;
fromusername : oqCObuLOWsxeWiQMSrsSiCpEcq2g ;
createtime : 1461039930 ;
msgtype : event ;
eventkey : http://mp.weixin.qq.com/s?__biz=MzA5MzE5NzExNw==&mid=10001097&idx=1&sn=8338ffe385dcd8dd1f376fc1a2fd50ff&scene=18#rd ;
menuid : 208007648 ;

2016-04-19 12:25:10 params :
------------
Array:
rule : -2 ;
module :  ;
message : Array ;

2016-04-19 12:25:10 response :
------------

2016-04-19 12:25:14 trace :
------------
Array:
from : oqCObuLOWsxeWiQMSrsSiCpEcq2g ;
to : gh_5013f37369ce ;
time : 1461039934 ;
type : event ;
event : VIEW ;
tousername : gh_5013f37369ce ;
fromusername : oqCObuLOWsxeWiQMSrsSiCpEcq2g ;
createtime : 1461039934 ;
msgtype : event ;
eventkey : http://mp.weixin.qq.com/s?__biz=MzA5MzE5NzExNw==&mid=10001097&idx=1&sn=8338ffe385dcd8dd1f376fc1a2fd50ff&scene=18#rd ;
menuid : 208007648 ;

2016-04-19 12:25:14 params :
------------
Array:
rule : -2 ;
module :  ;
message : Array ;

2016-04-19 12:25:14 response :
------------

2016-04-19 12:25:20 trace :
------------
Array:
from : oqCObuLOWsxeWiQMSrsSiCpEcq2g ;
to : gh_5013f37369ce ;
time : 1461039937 ;
type : event ;
event : VIEW ;
tousername : gh_5013f37369ce ;
fromusername : oqCObuLOWsxeWiQMSrsSiCpEcq2g ;
createtime : 1461039937 ;
msgtype : event ;
eventkey : http://mp.weixin.qq.com/s?__biz=MzA5MzE5NzExNw==&mid=10001097&idx=1&sn=8338ffe385dcd8dd1f376fc1a2fd50ff&scene=18#rd ;
menuid : 208007648 ;

2016-04-19 12:25:20 params :
------------
Array:
rule : -2 ;
module :  ;
message : Array ;

2016-04-19 12:25:20 response :
------------

2016-04-19 12:25:20 trace :
------------
Array:
from : oqCObuLOWsxeWiQMSrsSiCpEcq2g ;
to : gh_5013f37369ce ;
time : 1461039940 ;
type : event ;
event : VIEW ;
tousername : gh_5013f37369ce ;
fromusername : oqCObuLOWsxeWiQMSrsSiCpEcq2g ;
createtime : 1461039940 ;
msgtype : event ;
eventkey : http://mp.weixin.qq.com/s?__biz=MzA5MzE5NzExNw==&mid=10001097&idx=1&sn=8338ffe385dcd8dd1f376fc1a2fd50ff&scene=18#rd ;
menuid : 208007648 ;

2016-04-19 12:25:20 params :
------------
Array:
rule : -2 ;
module :  ;
message : Array ;

2016-04-19 12:25:20 response :
------------

2016-04-19 12:25:24 trace :
------------
Array:
from : oqCObuLOWsxeWiQMSrsSiCpEcq2g ;
to : gh_5013f37369ce ;
time : 1461039944 ;
type : event ;
event : VIEW ;
tousername : gh_5013f37369ce ;
fromusername : oqCObuLOWsxeWiQMSrsSiCpEcq2g ;
createtime : 1461039944 ;
msgtype : event ;
eventkey : http://mp.weixin.qq.com/s?__biz=MzA5MzE5NzExNw==&mid=10001097&idx=1&sn=8338ffe385dcd8dd1f376fc1a2fd50ff&scene=18#rd ;
menuid : 208007648 ;

2016-04-19 12:25:24 params :
------------
Array:
rule : -2 ;
module :  ;
message : Array ;

2016-04-19 12:25:24 response :
------------

2016-04-19 12:25:30 trace :
------------
Array:
from : oqCObuLOWsxeWiQMSrsSiCpEcq2g ;
to : gh_5013f37369ce ;
time : 1461039950 ;
type : event ;
event : VIEW ;
tousername : gh_5013f37369ce ;
fromusername : oqCObuLOWsxeWiQMSrsSiCpEcq2g ;
createtime : 1461039950 ;
msgtype : event ;
eventkey : http://mp.weixin.qq.com/s?__biz=MzA5MzE5NzExNw==&mid=10001097&idx=1&sn=8338ffe385dcd8dd1f376fc1a2fd50ff&scene=18#rd ;
menuid : 208007648 ;

2016-04-19 12:25:30 params :
------------
Array:
rule : -2 ;
module :  ;
message : Array ;

2016-04-19 12:25:30 response :
------------

2016-04-19 12:25:33 trace :
------------
Array:
from : oqCObuLOWsxeWiQMSrsSiCpEcq2g ;
to : gh_5013f37369ce ;
time : 1461039953 ;
type : event ;
event : VIEW ;
tousername : gh_5013f37369ce ;
fromusername : oqCObuLOWsxeWiQMSrsSiCpEcq2g ;
createtime : 1461039953 ;
msgtype : event ;
eventkey : http://mp.weixin.qq.com/s?__biz=MzA5MzE5NzExNw==&mid=10001097&idx=1&sn=8338ffe385dcd8dd1f376fc1a2fd50ff&scene=18#rd ;
menuid : 208007648 ;

2016-04-19 12:25:33 params :
------------
Array:
rule : -2 ;
module :  ;
message : Array ;

2016-04-19 12:25:33 response :
------------

2016-04-19 12:25:36 trace :
------------
Array:
from : oqCObuLOWsxeWiQMSrsSiCpEcq2g ;
to : gh_5013f37369ce ;
time : 1461039956 ;
type : event ;
event : VIEW ;
tousername : gh_5013f37369ce ;
fromusername : oqCObuLOWsxeWiQMSrsSiCpEcq2g ;
createtime : 1461039956 ;
msgtype : event ;
eventkey : http://mp.weixin.qq.com/s?__biz=MzA5MzE5NzExNw==&mid=10001097&idx=1&sn=8338ffe385dcd8dd1f376fc1a2fd50ff&scene=18#rd ;
menuid : 208007648 ;

2016-04-19 12:25:36 params :
------------
Array:
rule : -2 ;
module :  ;
message : Array ;

2016-04-19 12:25:36 response :
------------

2016-04-19 12:25:39 trace :
------------
Array:
from : oqCObuLOWsxeWiQMSrsSiCpEcq2g ;
to : gh_5013f37369ce ;
time : 1461039959 ;
type : event ;
event : VIEW ;
tousername : gh_5013f37369ce ;
fromusername : oqCObuLOWsxeWiQMSrsSiCpEcq2g ;
createtime : 1461039959 ;
msgtype : event ;
eventkey : http://mp.weixin.qq.com/s?__biz=MzA5MzE5NzExNw==&mid=10001097&idx=1&sn=8338ffe385dcd8dd1f376fc1a2fd50ff&scene=18#rd ;
menuid : 208007648 ;

2016-04-19 12:25:39 params :
------------
Array:
rule : -2 ;
module :  ;
message : Array ;

2016-04-19 12:25:39 response :
------------

2016-04-19 12:25:41 trace :
------------
Array:
from : oqCObuLOWsxeWiQMSrsSiCpEcq2g ;
to : gh_5013f37369ce ;
time : 1461039961 ;
type : event ;
event : VIEW ;
tousername : gh_5013f37369ce ;
fromusername : oqCObuLOWsxeWiQMSrsSiCpEcq2g ;
createtime : 1461039961 ;
msgtype : event ;
eventkey : http://mp.weixin.qq.com/s?__biz=MzA5MzE5NzExNw==&mid=10001097&idx=1&sn=8338ffe385dcd8dd1f376fc1a2fd50ff&scene=18#rd ;
menuid : 208007648 ;

2016-04-19 12:25:41 params :
------------
Array:
rule : -2 ;
module :  ;
message : Array ;

2016-04-19 12:25:41 response :
------------

2016-04-19 12:25:44 trace :
------------
Array:
from : oqCObuLOWsxeWiQMSrsSiCpEcq2g ;
to : gh_5013f37369ce ;
time : 1461039964 ;
type : event ;
event : VIEW ;
tousername : gh_5013f37369ce ;
fromusername : oqCObuLOWsxeWiQMSrsSiCpEcq2g ;
createtime : 1461039964 ;
msgtype : event ;
eventkey : http://mp.weixin.qq.com/s?__biz=MzA5MzE5NzExNw==&mid=10001097&idx=1&sn=8338ffe385dcd8dd1f376fc1a2fd50ff&scene=18#rd ;
menuid : 208007648 ;

2016-04-19 12:25:44 params :
------------
Array:
rule : -2 ;
module :  ;
message : Array ;

2016-04-19 12:25:44 response :
------------

2016-04-19 12:25:47 trace :
------------
Array:
from : oqCObuLOWsxeWiQMSrsSiCpEcq2g ;
to : gh_5013f37369ce ;
time : 1461039967 ;
type : event ;
event : VIEW ;
tousername : gh_5013f37369ce ;
fromusername : oqCObuLOWsxeWiQMSrsSiCpEcq2g ;
createtime : 1461039967 ;
msgtype : event ;
eventkey : http://mp.weixin.qq.com/s?__biz=MzA5MzE5NzExNw==&mid=10001097&idx=1&sn=8338ffe385dcd8dd1f376fc1a2fd50ff&scene=18#rd ;
menuid : 208007648 ;

2016-04-19 12:25:47 params :
------------
Array:
rule : -2 ;
module :  ;
message : Array ;

2016-04-19 12:25:47 response :
------------

2016-04-19 12:25:50 trace :
------------
Array:
from : oqCObuLOWsxeWiQMSrsSiCpEcq2g ;
to : gh_5013f37369ce ;
time : 1461039970 ;
type : event ;
event : VIEW ;
tousername : gh_5013f37369ce ;
fromusername : oqCObuLOWsxeWiQMSrsSiCpEcq2g ;
createtime : 1461039970 ;
msgtype : event ;
eventkey : http://mp.weixin.qq.com/s?__biz=MzA5MzE5NzExNw==&mid=10001097&idx=1&sn=8338ffe385dcd8dd1f376fc1a2fd50ff&scene=18#rd ;
menuid : 208007648 ;

2016-04-19 12:25:50 params :
------------
Array:
rule : -2 ;
module :  ;
message : Array ;

2016-04-19 12:25:50 response :
------------

2016-04-19 12:25:54 trace :
------------
Array:
from : oqCObuLOWsxeWiQMSrsSiCpEcq2g ;
to : gh_5013f37369ce ;
time : 1461039974 ;
type : event ;
event : VIEW ;
tousername : gh_5013f37369ce ;
fromusername : oqCObuLOWsxeWiQMSrsSiCpEcq2g ;
createtime : 1461039974 ;
msgtype : event ;
eventkey : http://mp.weixin.qq.com/s?__biz=MzA5MzE5NzExNw==&mid=10001097&idx=1&sn=8338ffe385dcd8dd1f376fc1a2fd50ff&scene=18#rd ;
menuid : 208007648 ;

2016-04-19 12:25:54 params :
------------
Array:
rule : -2 ;
module :  ;
message : Array ;

2016-04-19 12:25:54 response :
------------

2016-04-19 12:25:57 trace :
------------
Array:
from : oqCObuLOWsxeWiQMSrsSiCpEcq2g ;
to : gh_5013f37369ce ;
time : 1461039977 ;
type : event ;
event : VIEW ;
tousername : gh_5013f37369ce ;
fromusername : oqCObuLOWsxeWiQMSrsSiCpEcq2g ;
createtime : 1461039977 ;
msgtype : event ;
eventkey : http://mp.weixin.qq.com/s?__biz=MzA5MzE5NzExNw==&mid=10001097&idx=1&sn=8338ffe385dcd8dd1f376fc1a2fd50ff&scene=18#rd ;
menuid : 208007648 ;

2016-04-19 12:25:57 params :
------------
Array:
rule : -2 ;
module :  ;
message : Array ;

2016-04-19 12:25:57 response :
------------

2016-04-19 12:26:00 trace :
------------
Array:
from : oqCObuLOWsxeWiQMSrsSiCpEcq2g ;
to : gh_5013f37369ce ;
time : 1461039980 ;
type : event ;
event : VIEW ;
tousername : gh_5013f37369ce ;
fromusername : oqCObuLOWsxeWiQMSrsSiCpEcq2g ;
createtime : 1461039980 ;
msgtype : event ;
eventkey : http://mp.weixin.qq.com/s?__biz=MzA5MzE5NzExNw==&mid=10001097&idx=1&sn=8338ffe385dcd8dd1f376fc1a2fd50ff&scene=18#rd ;
menuid : 208007648 ;

2016-04-19 12:26:00 params :
------------
Array:
rule : -2 ;
module :  ;
message : Array ;

2016-04-19 12:26:00 response :
------------

2016-04-19 13:00:43 trace :
------------
Array:
from : oqCObuDjcCshwdYoQs6aVkPeVK4k ;
to : gh_5013f37369ce ;
time : 1461042060 ;
type : event ;
event : subscribe ;
tousername : gh_5013f37369ce ;
fromusername : oqCObuDjcCshwdYoQs6aVkPeVK4k ;
createtime : 1461042060 ;
msgtype : event ;
eventkey :  ;

2016-04-19 13:00:43 params :
------------
Array:
rule : -2 ;
module :  ;
message : Array ;

2016-04-19 13:00:43 response :
------------

2016-04-19 13:00:43 trace :
------------
Array:
from : oqCObuDjcCshwdYoQs6aVkPeVK4k ;
to : gh_5013f37369ce ;
time : 1461042063 ;
type : event ;
event : VIEW ;
tousername : gh_5013f37369ce ;
fromusername : oqCObuDjcCshwdYoQs6aVkPeVK4k ;
createtime : 1461042063 ;
msgtype : event ;
eventkey : http://mp.weixin.qq.com/s?__biz=MzA5MzE5NzExNw==&mid=10001097&idx=1&sn=8338ffe385dcd8dd1f376fc1a2fd50ff&scene=18#rd ;
menuid : 208007648 ;

2016-04-19 13:00:43 params :
------------
Array:
rule : -2 ;
module :  ;
message : Array ;

2016-04-19 13:00:43 response :
------------

2016-04-19 13:00:45 trace :
------------
Array:
from : oqCObuDjcCshwdYoQs6aVkPeVK4k ;
to : gh_5013f37369ce ;
time : 1461042065 ;
type : event ;
event : VIEW ;
tousername : gh_5013f37369ce ;
fromusername : oqCObuDjcCshwdYoQs6aVkPeVK4k ;
createtime : 1461042065 ;
msgtype : event ;
eventkey : http://mp.weixin.qq.com/s?__biz=MzA5MzE5NzExNw==&mid=10001097&idx=1&sn=8338ffe385dcd8dd1f376fc1a2fd50ff&scene=18#rd ;
menuid : 208007648 ;

2016-04-19 13:00:45 params :
------------
Array:
rule : -2 ;
module :  ;
message : Array ;

2016-04-19 13:00:45 response :
------------

2016-04-19 13:00:59 trace :
------------
Array:
from : oqCObuDjcCshwdYoQs6aVkPeVK4k ;
to : gh_5013f37369ce ;
time : 1461042076 ;
type : event ;
event : VIEW ;
tousername : gh_5013f37369ce ;
fromusername : oqCObuDjcCshwdYoQs6aVkPeVK4k ;
createtime : 1461042076 ;
msgtype : event ;
eventkey : http://mp.weixin.qq.com/s?__biz=MzA5MzE5NzExNw==&mid=10001097&idx=1&sn=8338ffe385dcd8dd1f376fc1a2fd50ff&scene=18#rd ;
menuid : 208007648 ;

2016-04-19 13:00:59 params :
------------
Array:
rule : -2 ;
module :  ;
message : Array ;

2016-04-19 13:00:59 response :
------------

2016-04-19 13:47:29 trace :
------------
Array:
from : oqCObuKNidkbYd_koWHqyMC3A00o ;
to : gh_5013f37369ce ;
time : 1461044868 ;
type : event ;
event : VIEW ;
tousername : gh_5013f37369ce ;
fromusername : oqCObuKNidkbYd_koWHqyMC3A00o ;
createtime : 1461044868 ;
msgtype : event ;
eventkey : http://mp.weixin.qq.com/s?__biz=MzA5MzE5NzExNw==&mid=10001097&idx=1&sn=8338ffe385dcd8dd1f376fc1a2fd50ff&scene=18#rd ;
menuid : 208007648 ;

2016-04-19 13:47:29 params :
------------
Array:
rule : -2 ;
module :  ;
message : Array ;

2016-04-19 13:47:29 response :
------------

2016-04-19 13:49:53 trace :
------------
Array:
from : oqCObuLjBLzyyF2V_btwE8SIGu3w ;
to : gh_5013f37369ce ;
time : 1461045010 ;
type : event ;
event : subscribe ;
tousername : gh_5013f37369ce ;
fromusername : oqCObuLjBLzyyF2V_btwE8SIGu3w ;
createtime : 1461045010 ;
msgtype : event ;
eventkey :  ;

2016-04-19 13:49:53 params :
------------
Array:
rule : -2 ;
module :  ;
message : Array ;

2016-04-19 13:49:53 response :
------------

2016-04-19 13:49:54 trace :
------------
Array:
from : oqCObuLjBLzyyF2V_btwE8SIGu3w ;
to : gh_5013f37369ce ;
time : 1461045014 ;
type : event ;
event : VIEW ;
tousername : gh_5013f37369ce ;
fromusername : oqCObuLjBLzyyF2V_btwE8SIGu3w ;
createtime : 1461045014 ;
msgtype : event ;
eventkey : http://mp.weixin.qq.com/s?__biz=MzA5MzE5NzExNw==&mid=10001097&idx=1&sn=8338ffe385dcd8dd1f376fc1a2fd50ff&scene=18#rd ;
menuid : 208007648 ;

2016-04-19 13:49:54 params :
------------
Array:
rule : -2 ;
module :  ;
message : Array ;

2016-04-19 13:49:54 response :
------------

2016-04-19 13:51:21 trace :
------------
Array:
from : oqCObuLjBLzyyF2V_btwE8SIGu3w ;
to : gh_5013f37369ce ;
time : 1461045102 ;
type : event ;
event : VIEW ;
tousername : gh_5013f37369ce ;
fromusername : oqCObuLjBLzyyF2V_btwE8SIGu3w ;
createtime : 1461045102 ;
msgtype : event ;
eventkey : http://mp.weixin.qq.com/s?__biz=MzA5MzE5NzExNw==&mid=10001097&idx=1&sn=8338ffe385dcd8dd1f376fc1a2fd50ff&scene=18#rd ;
menuid : 208007648 ;

2016-04-19 13:51:21 params :
------------
Array:
rule : -2 ;
module :  ;
message : Array ;

2016-04-19 13:51:21 response :
------------

2016-04-19 13:52:57 trace :
------------
Array:
from : oqCObuBiNIH4zXEIgni7fl2kqJpU ;
to : gh_5013f37369ce ;
time : 1461045197 ;
type : event ;
event : subscribe ;
tousername : gh_5013f37369ce ;
fromusername : oqCObuBiNIH4zXEIgni7fl2kqJpU ;
createtime : 1461045197 ;
msgtype : event ;
eventkey :  ;

2016-04-19 13:52:57 params :
------------
Array:
rule : -2 ;
module :  ;
message : Array ;

2016-04-19 13:52:57 response :
------------

2016-04-19 14:20:45 trace :
------------
Array:
from : oqCObuA-xbnG4ERiUFT7rsC5feTg ;
to : gh_5013f37369ce ;
time : 1461046864 ;
type : event ;
event : subscribe ;
tousername : gh_5013f37369ce ;
fromusername : oqCObuA-xbnG4ERiUFT7rsC5feTg ;
createtime : 1461046864 ;
msgtype : event ;
eventkey :  ;

2016-04-19 14:20:45 params :
------------
Array:
rule : -2 ;
module :  ;
message : Array ;

2016-04-19 14:20:45 response :
------------

2016-04-19 14:31:54 trace :
------------
Array:
from : oqCObuFljOtIc5eMk2judiXODtBE ;
to : gh_5013f37369ce ;
time : 1461047531 ;
type : event ;
event : VIEW ;
tousername : gh_5013f37369ce ;
fromusername : oqCObuFljOtIc5eMk2judiXODtBE ;
createtime : 1461047531 ;
msgtype : event ;
eventkey : http://mp.weixin.qq.com/s?__biz=MzA5MzE5NzExNw==&mid=10001097&idx=1&sn=8338ffe385dcd8dd1f376fc1a2fd50ff&scene=18#rd ;
menuid : 208007648 ;

2016-04-19 14:31:54 params :
------------
Array:
rule : -2 ;
module :  ;
message : Array ;

2016-04-19 14:31:54 response :
------------

2016-04-19 14:31:56 trace :
------------
Array:
from : oqCObuFljOtIc5eMk2judiXODtBE ;
to : gh_5013f37369ce ;
time : 1461047536 ;
type : event ;
event : VIEW ;
tousername : gh_5013f37369ce ;
fromusername : oqCObuFljOtIc5eMk2judiXODtBE ;
createtime : 1461047536 ;
msgtype : event ;
eventkey : http://mp.weixin.qq.com/s?__biz=MzA5MzE5NzExNw==&mid=10001097&idx=1&sn=8338ffe385dcd8dd1f376fc1a2fd50ff&scene=18#rd ;
menuid : 208007648 ;

2016-04-19 14:31:56 params :
------------
Array:
rule : -2 ;
module :  ;
message : Array ;

2016-04-19 14:31:56 response :
------------

2016-04-19 14:32:49 trace :
------------
Array:
from : oqCObuIRUMBvcSR13XNdwV2HzETI ;
to : gh_5013f37369ce ;
time : 1461047589 ;
type : event ;
event : subscribe ;
tousername : gh_5013f37369ce ;
fromusername : oqCObuIRUMBvcSR13XNdwV2HzETI ;
createtime : 1461047589 ;
msgtype : event ;
eventkey :  ;

2016-04-19 14:32:49 params :
------------
Array:
rule : -2 ;
module :  ;
message : Array ;

2016-04-19 14:32:49 response :
------------

2016-04-19 14:33:00 trace :
------------
Array:
from : oqCObuIRUMBvcSR13XNdwV2HzETI ;
to : gh_5013f37369ce ;
time : 1461047597 ;
type : event ;
event : VIEW ;
tousername : gh_5013f37369ce ;
fromusername : oqCObuIRUMBvcSR13XNdwV2HzETI ;
createtime : 1461047597 ;
msgtype : event ;
eventkey : http://mp.weixin.qq.com/s?__biz=MzA5MzE5NzExNw==&mid=10001097&idx=1&sn=8338ffe385dcd8dd1f376fc1a2fd50ff&scene=18#rd ;
menuid : 208007648 ;

2016-04-19 14:33:00 params :
------------
Array:
rule : -2 ;
module :  ;
message : Array ;

2016-04-19 14:33:00 response :
------------

2016-04-19 14:53:15 trace :
------------
Array:
from : oqCObuEJ8FCTESrleR-L9PGlLra0 ;
to : gh_5013f37369ce ;
time : 1461048812 ;
type : event ;
event : subscribe ;
tousername : gh_5013f37369ce ;
fromusername : oqCObuEJ8FCTESrleR-L9PGlLra0 ;
createtime : 1461048812 ;
msgtype : event ;
eventkey :  ;

2016-04-19 14:53:16 params :
------------
Array:
rule : -2 ;
module :  ;
message : Array ;

2016-04-19 14:53:16 response :
------------

2016-04-19 15:29:24 trace :
------------
Array:
from : oqCObuEJ8FCTESrleR-L9PGlLra0 ;
to : gh_5013f37369ce ;
time : 1461050981 ;
type : event ;
event : VIEW ;
tousername : gh_5013f37369ce ;
fromusername : oqCObuEJ8FCTESrleR-L9PGlLra0 ;
createtime : 1461050981 ;
msgtype : event ;
eventkey : http://mp.weixin.qq.com/s?__biz=MzA5MzE5NzExNw==&mid=10001097&idx=1&sn=8338ffe385dcd8dd1f376fc1a2fd50ff&scene=18#rd ;
menuid : 208007648 ;

2016-04-19 15:29:24 params :
------------
Array:
rule : -2 ;
module :  ;
message : Array ;

2016-04-19 15:29:24 response :
------------

2016-04-19 15:41:03 trace :
------------
Array:
from : oqCObuEJ8FCTESrleR-L9PGlLra0 ;
to : gh_5013f37369ce ;
time : 1461051680 ;
type : event ;
event : VIEW ;
tousername : gh_5013f37369ce ;
fromusername : oqCObuEJ8FCTESrleR-L9PGlLra0 ;
createtime : 1461051680 ;
msgtype : event ;
eventkey : http://mp.weixin.qq.com/s?__biz=MzA5MzE5NzExNw==&mid=10001097&idx=1&sn=8338ffe385dcd8dd1f376fc1a2fd50ff&scene=18#rd ;
menuid : 208007648 ;

2016-04-19 15:41:03 params :
------------
Array:
rule : -2 ;
module :  ;
message : Array ;

2016-04-19 15:41:03 response :
------------

2016-04-19 15:41:16 trace :
------------
Array:
from : oqCObuEJ8FCTESrleR-L9PGlLra0 ;
to : gh_5013f37369ce ;
time : 1461051696 ;
type : event ;
event : VIEW ;
tousername : gh_5013f37369ce ;
fromusername : oqCObuEJ8FCTESrleR-L9PGlLra0 ;
createtime : 1461051696 ;
msgtype : event ;
eventkey : http://mp.weixin.qq.com/s?__biz=MzA5MzE5NzExNw==&mid=10001097&idx=1&sn=8338ffe385dcd8dd1f376fc1a2fd50ff&scene=18#rd ;
menuid : 208007648 ;

2016-04-19 15:41:16 params :
------------
Array:
rule : -2 ;
module :  ;
message : Array ;

2016-04-19 15:41:16 response :
------------

2016-04-19 15:41:23 trace :
------------
Array:
from : oqCObuEJ8FCTESrleR-L9PGlLra0 ;
to : gh_5013f37369ce ;
time : 1461051703 ;
type : event ;
event : VIEW ;
tousername : gh_5013f37369ce ;
fromusername : oqCObuEJ8FCTESrleR-L9PGlLra0 ;
createtime : 1461051703 ;
msgtype : event ;
eventkey : http://mp.weixin.qq.com/s?__biz=MzA5MzE5NzExNw==&mid=10001097&idx=1&sn=8338ffe385dcd8dd1f376fc1a2fd50ff&scene=18#rd ;
menuid : 208007648 ;

2016-04-19 15:41:23 params :
------------
Array:
rule : -2 ;
module :  ;
message : Array ;

2016-04-19 15:41:23 response :
------------

2016-04-19 16:42:21 trace :
------------
Array:
from : oqCObuAwmY8PC4Ebj4nLuMck1kA0 ;
to : gh_5013f37369ce ;
time : 1461055361 ;
type : event ;
event : VIEW ;
tousername : gh_5013f37369ce ;
fromusername : oqCObuAwmY8PC4Ebj4nLuMck1kA0 ;
createtime : 1461055361 ;
msgtype : event ;
eventkey : http://mp.weixin.qq.com/s?__biz=MzA5MzE5NzExNw==&mid=10001097&idx=1&sn=8338ffe385dcd8dd1f376fc1a2fd50ff&scene=18#rd ;
menuid : 208007648 ;

2016-04-19 16:42:21 params :
------------
Array:
rule : -2 ;
module :  ;
message : Array ;

2016-04-19 16:42:21 response :
------------

2016-04-19 16:48:47 trace :
------------
Array:
from : oqCObuIE2toPND5UrT4oPUT80NZM ;
to : gh_5013f37369ce ;
time : 1461055744 ;
type : event ;
event : subscribe ;
tousername : gh_5013f37369ce ;
fromusername : oqCObuIE2toPND5UrT4oPUT80NZM ;
createtime : 1461055744 ;
msgtype : event ;
eventkey :  ;

2016-04-19 16:48:47 params :
------------
Array:
rule : -2 ;
module :  ;
message : Array ;

2016-04-19 16:48:47 response :
------------

2016-04-19 16:48:54 trace :
------------
Array:
from : oqCObuIE2toPND5UrT4oPUT80NZM ;
to : gh_5013f37369ce ;
time : 1461055751 ;
type : event ;
event : VIEW ;
tousername : gh_5013f37369ce ;
fromusername : oqCObuIE2toPND5UrT4oPUT80NZM ;
createtime : 1461055751 ;
msgtype : event ;
eventkey : http://mp.weixin.qq.com/s?__biz=MzA5MzE5NzExNw==&mid=10001097&idx=1&sn=8338ffe385dcd8dd1f376fc1a2fd50ff&scene=18#rd ;
menuid : 208007648 ;

2016-04-19 16:48:54 params :
------------
Array:
rule : -2 ;
module :  ;
message : Array ;

2016-04-19 16:48:54 response :
------------

2016-04-19 16:49:36 trace :
------------
Array:
from : oqCObuIE2toPND5UrT4oPUT80NZM ;
to : gh_5013f37369ce ;
time : 1461055796 ;
type : event ;
event : VIEW ;
tousername : gh_5013f37369ce ;
fromusername : oqCObuIE2toPND5UrT4oPUT80NZM ;
createtime : 1461055796 ;
msgtype : event ;
eventkey : http://mp.weixin.qq.com/s?__biz=MzA5MzE5NzExNw==&mid=10001097&idx=1&sn=8338ffe385dcd8dd1f376fc1a2fd50ff&scene=18#rd ;
menuid : 208007648 ;

2016-04-19 16:49:36 params :
------------
Array:
rule : -2 ;
module :  ;
message : Array ;

2016-04-19 16:49:36 response :
------------

2016-04-19 18:33:41 trace :
------------
Array:
from : oqCObuIRBJE4kgpZVrPfQAPHaCwI ;
to : gh_5013f37369ce ;
time : 1461062038 ;
type : event ;
event : subscribe ;
tousername : gh_5013f37369ce ;
fromusername : oqCObuIRBJE4kgpZVrPfQAPHaCwI ;
createtime : 1461062038 ;
msgtype : event ;
eventkey :  ;

2016-04-19 18:33:41 params :
------------
Array:
rule : -2 ;
module :  ;
message : Array ;

2016-04-19 18:33:41 response :
------------

2016-04-19 20:00:17 trace :
------------
Array:
from : oqCObuAAtLdPBzfH564TJH_FgQ0k ;
to : gh_5013f37369ce ;
time : 1461067237 ;
type : event ;
event : subscribe ;
tousername : gh_5013f37369ce ;
fromusername : oqCObuAAtLdPBzfH564TJH_FgQ0k ;
createtime : 1461067237 ;
msgtype : event ;
eventkey :  ;

2016-04-19 20:00:17 params :
------------
Array:
rule : -2 ;
module :  ;
message : Array ;

2016-04-19 20:00:17 response :
------------

2016-04-19 20:39:07 trace :
------------
Array:
from : oqCObuDDV3LVGY4FfjYLK1FQyhwE ;
to : gh_5013f37369ce ;
time : 1461069564 ;
type : event ;
event : VIEW ;
tousername : gh_5013f37369ce ;
fromusername : oqCObuDDV3LVGY4FfjYLK1FQyhwE ;
createtime : 1461069564 ;
msgtype : event ;
eventkey : http://mp.weixin.qq.com/s?__biz=MzA5MzE5NzExNw==&mid=10001097&idx=1&sn=8338ffe385dcd8dd1f376fc1a2fd50ff&scene=18#rd ;
menuid : 208007648 ;

2016-04-19 20:39:07 params :
------------
Array:
rule : -2 ;
module :  ;
message : Array ;

2016-04-19 20:39:07 response :
------------

2016-04-19 20:43:45 trace :
------------
Array:
from : oqCObuID9HUifspFVrTyTVWT7BY8 ;
to : gh_5013f37369ce ;
time : 1461069845 ;
type : event ;
event : VIEW ;
tousername : gh_5013f37369ce ;
fromusername : oqCObuID9HUifspFVrTyTVWT7BY8 ;
createtime : 1461069845 ;
msgtype : event ;
eventkey : http://mp.weixin.qq.com/s?__biz=MzA5MzE5NzExNw==&mid=10001097&idx=1&sn=8338ffe385dcd8dd1f376fc1a2fd50ff&scene=18#rd ;
menuid : 208007648 ;

2016-04-19 20:43:45 params :
------------
Array:
rule : -2 ;
module :  ;
message : Array ;

2016-04-19 20:43:45 response :
------------

2016-04-19 20:43:50 trace :
------------
Array:
from : oqCObuID9HUifspFVrTyTVWT7BY8 ;
to : gh_5013f37369ce ;
time : 1461069850 ;
type : event ;
event : VIEW ;
tousername : gh_5013f37369ce ;
fromusername : oqCObuID9HUifspFVrTyTVWT7BY8 ;
createtime : 1461069850 ;
msgtype : event ;
eventkey : http://mp.weixin.qq.com/s?__biz=MzA5MzE5NzExNw==&mid=10001097&idx=1&sn=8338ffe385dcd8dd1f376fc1a2fd50ff&scene=18#rd ;
menuid : 208007648 ;

2016-04-19 20:43:50 params :
------------
Array:
rule : -2 ;
module :  ;
message : Array ;

2016-04-19 20:43:50 response :
------------

2016-04-19 20:43:53 trace :
------------
Array:
from : oqCObuID9HUifspFVrTyTVWT7BY8 ;
to : gh_5013f37369ce ;
time : 1461069853 ;
type : event ;
event : VIEW ;
tousername : gh_5013f37369ce ;
fromusername : oqCObuID9HUifspFVrTyTVWT7BY8 ;
createtime : 1461069853 ;
msgtype : event ;
eventkey : http://mp.weixin.qq.com/s?__biz=MzA5MzE5NzExNw==&mid=10001097&idx=1&sn=8338ffe385dcd8dd1f376fc1a2fd50ff&scene=18#rd ;
menuid : 208007648 ;

2016-04-19 20:43:53 params :
------------
Array:
rule : -2 ;
module :  ;
message : Array ;

2016-04-19 20:43:53 response :
------------

2016-04-19 21:11:42 trace :
------------
Array:
from : oqCObuHPu8BXevfNDKB6XNp1J01c ;
to : gh_5013f37369ce ;
time : 1461071519 ;
type : event ;
event : VIEW ;
tousername : gh_5013f37369ce ;
fromusername : oqCObuHPu8BXevfNDKB6XNp1J01c ;
createtime : 1461071519 ;
msgtype : event ;
eventkey : http://mp.weixin.qq.com/s?__biz=MzA5MzE5NzExNw==&mid=10001097&idx=1&sn=8338ffe385dcd8dd1f376fc1a2fd50ff&scene=18#rd ;
menuid : 208007648 ;

2016-04-19 21:11:42 params :
------------
Array:
rule : -2 ;
module :  ;
message : Array ;

2016-04-19 21:11:42 response :
------------

2016-04-19 21:11:59 trace :
------------
Array:
from : oqCObuHPu8BXevfNDKB6XNp1J01c ;
to : gh_5013f37369ce ;
time : 1461071536 ;
type : event ;
event : VIEW ;
tousername : gh_5013f37369ce ;
fromusername : oqCObuHPu8BXevfNDKB6XNp1J01c ;
createtime : 1461071536 ;
msgtype : event ;
eventkey : http://mp.weixin.qq.com/s?__biz=MzA5MzE5NzExNw==&mid=10001097&idx=1&sn=8338ffe385dcd8dd1f376fc1a2fd50ff&scene=18#rd ;
menuid : 208007648 ;

2016-04-19 21:11:59 params :
------------
Array:
rule : -2 ;
module :  ;
message : Array ;

2016-04-19 21:11:59 response :
------------

2016-04-19 21:38:48 trace :
------------
Array:
from : oqCObuL2YVj4-aJP_WfbPgPvxdCc ;
to : gh_5013f37369ce ;
time : 1461073145 ;
type : event ;
event : VIEW ;
tousername : gh_5013f37369ce ;
fromusername : oqCObuL2YVj4-aJP_WfbPgPvxdCc ;
createtime : 1461073145 ;
msgtype : event ;
eventkey : http://mp.weixin.qq.com/s?__biz=MzA5MzE5NzExNw==&mid=10001097&idx=1&sn=8338ffe385dcd8dd1f376fc1a2fd50ff&scene=18#rd ;
menuid : 208007648 ;

2016-04-19 21:38:48 params :
------------
Array:
rule : -2 ;
module :  ;
message : Array ;

2016-04-19 21:38:48 response :
------------

2016-04-19 21:39:02 trace :
------------
Array:
from : oqCObuL2YVj4-aJP_WfbPgPvxdCc ;
to : gh_5013f37369ce ;
time : 1461073162 ;
type : event ;
event : VIEW ;
tousername : gh_5013f37369ce ;
fromusername : oqCObuL2YVj4-aJP_WfbPgPvxdCc ;
createtime : 1461073162 ;
msgtype : event ;
eventkey : http://mp.weixin.qq.com/s?__biz=MzA5MzE5NzExNw==&mid=10001097&idx=1&sn=8338ffe385dcd8dd1f376fc1a2fd50ff&scene=18#rd ;
menuid : 208007648 ;

2016-04-19 21:39:02 params :
------------
Array:
rule : -2 ;
module :  ;
message : Array ;

2016-04-19 21:39:02 response :
------------

2016-04-19 21:39:09 trace :
------------
Array:
from : oqCObuL2YVj4-aJP_WfbPgPvxdCc ;
to : gh_5013f37369ce ;
time : 1461073169 ;
type : event ;
event : VIEW ;
tousername : gh_5013f37369ce ;
fromusername : oqCObuL2YVj4-aJP_WfbPgPvxdCc ;
createtime : 1461073169 ;
msgtype : event ;
eventkey : http://mp.weixin.qq.com/s?__biz=MzA5MzE5NzExNw==&mid=10001097&idx=1&sn=8338ffe385dcd8dd1f376fc1a2fd50ff&scene=18#rd ;
menuid : 208007648 ;

2016-04-19 21:39:09 params :
------------
Array:
rule : -2 ;
module :  ;
message : Array ;

2016-04-19 21:39:09 response :
------------

2016-04-19 23:35:52 trace :
------------
Array:
from : oqCObuFCXDNjwp91RnLqUVaS80vo ;
to : gh_5013f37369ce ;
time : 1461080172 ;
type : event ;
event : subscribe ;
tousername : gh_5013f37369ce ;
fromusername : oqCObuFCXDNjwp91RnLqUVaS80vo ;
createtime : 1461080172 ;
msgtype : event ;
eventkey :  ;

2016-04-19 23:35:52 params :
------------
Array:
rule : -2 ;
module :  ;
message : Array ;

2016-04-19 23:35:52 response :
------------

2016-04-19 23:35:56 trace :
------------
Array:
from : oqCObuFCXDNjwp91RnLqUVaS80vo ;
to : gh_5013f37369ce ;
time : 1461080176 ;
type : event ;
event : VIEW ;
tousername : gh_5013f37369ce ;
fromusername : oqCObuFCXDNjwp91RnLqUVaS80vo ;
createtime : 1461080176 ;
msgtype : event ;
eventkey : http://mp.weixin.qq.com/s?__biz=MzA5MzE5NzExNw==&mid=10001097&idx=1&sn=8338ffe385dcd8dd1f376fc1a2fd50ff&scene=18#rd ;
menuid : 208007648 ;

2016-04-19 23:35:56 params :
------------
Array:
rule : -2 ;
module :  ;
message : Array ;

2016-04-19 23:35:56 response :
------------

2016-04-19 23:36:11 trace :
------------
Array:
from : oqCObuFCXDNjwp91RnLqUVaS80vo ;
to : gh_5013f37369ce ;
time : 1461080191 ;
type : event ;
event : VIEW ;
tousername : gh_5013f37369ce ;
fromusername : oqCObuFCXDNjwp91RnLqUVaS80vo ;
createtime : 1461080191 ;
msgtype : event ;
eventkey : http://mp.weixin.qq.com/s?__biz=MzA5MzE5NzExNw==&mid=10001097&idx=1&sn=8338ffe385dcd8dd1f376fc1a2fd50ff&scene=18#rd ;
menuid : 208007648 ;

2016-04-19 23:36:11 params :
------------
Array:
rule : -2 ;
module :  ;
message : Array ;

2016-04-19 23:36:11 response :
------------

