2016-01-16 09:33:52 trace :
------------
Array:
from : oqCObuM-dmnELncigenv_6iyumWw ;
to : gh_5013f37369ce ;
time : 1452908035 ;
type : event ;
event : subscribe ;
tousername : gh_5013f37369ce ;
fromusername : oqCObuM-dmnELncigenv_6iyumWw ;
createtime : 1452908035 ;
msgtype : event ;
eventkey :  ;

2016-01-16 09:33:52 params :
------------
Array:
rule : -2 ;
module :  ;
message : Array ;

2016-01-16 09:33:52 response :
------------

2016-01-16 09:48:25 trace :
------------
Array:
from : oqCObuLUsccJ6RO1mFbC5PLf7yXs ;
to : gh_5013f37369ce ;
time : 1452908912 ;
type : event ;
event : subscribe ;
tousername : gh_5013f37369ce ;
fromusername : oqCObuLUsccJ6RO1mFbC5PLf7yXs ;
createtime : 1452908912 ;
msgtype : event ;
eventkey :  ;

2016-01-16 09:48:25 params :
------------
Array:
rule : -2 ;
module :  ;
message : Array ;

2016-01-16 09:48:25 response :
------------

2016-01-16 09:48:36 trace :
------------
Array:
from : oqCObuLUsccJ6RO1mFbC5PLf7yXs ;
to : gh_5013f37369ce ;
time : 1452908922 ;
type : event ;
event : VIEW ;
tousername : gh_5013f37369ce ;
fromusername : oqCObuLUsccJ6RO1mFbC5PLf7yXs ;
createtime : 1452908922 ;
msgtype : event ;
eventkey : http://mp.weixin.qq.com/s?__biz=MzA5MzE5NzExNw==&mid=10001097&idx=1&sn=8338ffe385dcd8dd1f376fc1a2fd50ff&scene=18#rd ;
menuid : 208007648 ;

2016-01-16 09:48:36 params :
------------
Array:
rule : -2 ;
module :  ;
message : Array ;

2016-01-16 09:48:36 response :
------------

2016-01-16 09:49:30 trace :
------------
Array:
from : oqCObuLUsccJ6RO1mFbC5PLf7yXs ;
to : gh_5013f37369ce ;
time : 1452908977 ;
type : event ;
event : VIEW ;
tousername : gh_5013f37369ce ;
fromusername : oqCObuLUsccJ6RO1mFbC5PLf7yXs ;
createtime : 1452908977 ;
msgtype : event ;
eventkey : http://mp.weixin.qq.com/s?__biz=MzA5MzE5NzExNw==&mid=10001097&idx=1&sn=8338ffe385dcd8dd1f376fc1a2fd50ff&scene=18#rd ;
menuid : 208007648 ;

2016-01-16 09:49:30 params :
------------
Array:
rule : -2 ;
module :  ;
message : Array ;

2016-01-16 09:49:30 response :
------------

2016-01-16 09:50:14 trace :
------------
Array:
from : oqCObuLUsccJ6RO1mFbC5PLf7yXs ;
to : gh_5013f37369ce ;
time : 1452909021 ;
type : event ;
event : VIEW ;
tousername : gh_5013f37369ce ;
fromusername : oqCObuLUsccJ6RO1mFbC5PLf7yXs ;
createtime : 1452909021 ;
msgtype : event ;
eventkey : http://mp.weixin.qq.com/s?__biz=MzA5MzE5NzExNw==&mid=10001097&idx=1&sn=8338ffe385dcd8dd1f376fc1a2fd50ff&scene=18#rd ;
menuid : 208007648 ;

2016-01-16 09:50:14 params :
------------
Array:
rule : -2 ;
module :  ;
message : Array ;

2016-01-16 09:50:14 response :
------------

2016-01-16 09:50:40 trace :
------------
Array:
from : oqCObuLUsccJ6RO1mFbC5PLf7yXs ;
to : gh_5013f37369ce ;
time : 1452909046 ;
type : event ;
event : VIEW ;
tousername : gh_5013f37369ce ;
fromusername : oqCObuLUsccJ6RO1mFbC5PLf7yXs ;
createtime : 1452909046 ;
msgtype : event ;
eventkey : http://mp.weixin.qq.com/s?__biz=MzA5MzE5NzExNw==&mid=10001097&idx=1&sn=8338ffe385dcd8dd1f376fc1a2fd50ff&scene=18#rd ;
menuid : 208007648 ;

2016-01-16 09:50:40 params :
------------
Array:
rule : -2 ;
module :  ;
message : Array ;

2016-01-16 09:50:40 response :
------------

2016-01-16 09:56:14 trace :
------------
Array:
from : oqCObuLUsccJ6RO1mFbC5PLf7yXs ;
to : gh_5013f37369ce ;
time : 1452909380 ;
type : event ;
event : VIEW ;
tousername : gh_5013f37369ce ;
fromusername : oqCObuLUsccJ6RO1mFbC5PLf7yXs ;
createtime : 1452909380 ;
msgtype : event ;
eventkey : http://mp.weixin.qq.com/s?__biz=MzA5MzE5NzExNw==&mid=10001097&idx=1&sn=8338ffe385dcd8dd1f376fc1a2fd50ff&scene=18#rd ;
menuid : 208007648 ;

2016-01-16 09:56:14 params :
------------
Array:
rule : -2 ;
module :  ;
message : Array ;

2016-01-16 09:56:14 response :
------------

2016-01-16 09:56:23 trace :
------------
Array:
from : oqCObuLUsccJ6RO1mFbC5PLf7yXs ;
to : gh_5013f37369ce ;
time : 1452909390 ;
type : event ;
event : VIEW ;
tousername : gh_5013f37369ce ;
fromusername : oqCObuLUsccJ6RO1mFbC5PLf7yXs ;
createtime : 1452909390 ;
msgtype : event ;
eventkey : http://mp.weixin.qq.com/s?__biz=MzA5MzE5NzExNw==&mid=10001097&idx=1&sn=8338ffe385dcd8dd1f376fc1a2fd50ff&scene=18#rd ;
menuid : 208007648 ;

2016-01-16 09:56:23 params :
------------
Array:
rule : -2 ;
module :  ;
message : Array ;

2016-01-16 09:56:23 response :
------------

2016-01-16 09:58:54 trace :
------------
Array:
from : oqCObuLUsccJ6RO1mFbC5PLf7yXs ;
to : gh_5013f37369ce ;
time : 1452909540 ;
type : event ;
event : VIEW ;
tousername : gh_5013f37369ce ;
fromusername : oqCObuLUsccJ6RO1mFbC5PLf7yXs ;
createtime : 1452909540 ;
msgtype : event ;
eventkey : http://mp.weixin.qq.com/s?__biz=MzA5MzE5NzExNw==&mid=10001097&idx=1&sn=8338ffe385dcd8dd1f376fc1a2fd50ff&scene=18#rd ;
menuid : 208007648 ;

2016-01-16 09:58:54 params :
------------
Array:
rule : -2 ;
module :  ;
message : Array ;

2016-01-16 09:58:54 response :
------------

2016-01-16 09:59:21 trace :
------------
Array:
from : oqCObuLUsccJ6RO1mFbC5PLf7yXs ;
to : gh_5013f37369ce ;
time : 1452909567 ;
type : event ;
event : VIEW ;
tousername : gh_5013f37369ce ;
fromusername : oqCObuLUsccJ6RO1mFbC5PLf7yXs ;
createtime : 1452909567 ;
msgtype : event ;
eventkey : http://mp.weixin.qq.com/s?__biz=MzA5MzE5NzExNw==&mid=10001097&idx=1&sn=8338ffe385dcd8dd1f376fc1a2fd50ff&scene=18#rd ;
menuid : 208007648 ;

2016-01-16 09:59:21 params :
------------
Array:
rule : -2 ;
module :  ;
message : Array ;

2016-01-16 09:59:21 response :
------------

2016-01-16 10:09:15 trace :
------------
Array:
from : oqCObuPchy3TfwcIHcht9QMM-FRQ ;
to : gh_5013f37369ce ;
time : 1452910162 ;
type : event ;
event : VIEW ;
tousername : gh_5013f37369ce ;
fromusername : oqCObuPchy3TfwcIHcht9QMM-FRQ ;
createtime : 1452910162 ;
msgtype : event ;
eventkey : http://mp.weixin.qq.com/s?__biz=MzA5MzE5NzExNw==&mid=10001097&idx=1&sn=8338ffe385dcd8dd1f376fc1a2fd50ff&scene=18#rd ;
menuid : 208007648 ;

2016-01-16 10:09:15 params :
------------
Array:
rule : -2 ;
module :  ;
message : Array ;

2016-01-16 10:09:15 response :
------------

2016-01-16 10:09:43 trace :
------------
Array:
from : oqCObuPchy3TfwcIHcht9QMM-FRQ ;
to : gh_5013f37369ce ;
time : 1452910190 ;
type : event ;
event : VIEW ;
tousername : gh_5013f37369ce ;
fromusername : oqCObuPchy3TfwcIHcht9QMM-FRQ ;
createtime : 1452910190 ;
msgtype : event ;
eventkey : http://mp.weixin.qq.com/s?__biz=MzA5MzE5NzExNw==&mid=10001097&idx=1&sn=8338ffe385dcd8dd1f376fc1a2fd50ff&scene=18#rd ;
menuid : 208007648 ;

2016-01-16 10:09:43 params :
------------
Array:
rule : -2 ;
module :  ;
message : Array ;

2016-01-16 10:09:43 response :
------------

2016-01-16 10:13:49 trace :
------------
Array:
from : oqCObuPchy3TfwcIHcht9QMM-FRQ ;
to : gh_5013f37369ce ;
time : 1452910436 ;
type : event ;
event : VIEW ;
tousername : gh_5013f37369ce ;
fromusername : oqCObuPchy3TfwcIHcht9QMM-FRQ ;
createtime : 1452910436 ;
msgtype : event ;
eventkey : http://mp.weixin.qq.com/s?__biz=MzA5MzE5NzExNw==&mid=10001097&idx=1&sn=8338ffe385dcd8dd1f376fc1a2fd50ff&scene=18#rd ;
menuid : 208007648 ;

2016-01-16 10:13:49 params :
------------
Array:
rule : -2 ;
module :  ;
message : Array ;

2016-01-16 10:13:49 response :
------------

2016-01-16 10:14:00 trace :
------------
Array:
from : oqCObuPchy3TfwcIHcht9QMM-FRQ ;
to : gh_5013f37369ce ;
time : 1452910446 ;
type : event ;
event : VIEW ;
tousername : gh_5013f37369ce ;
fromusername : oqCObuPchy3TfwcIHcht9QMM-FRQ ;
createtime : 1452910446 ;
msgtype : event ;
eventkey : http://mp.weixin.qq.com/s?__biz=MzA5MzE5NzExNw==&mid=10001097&idx=1&sn=8338ffe385dcd8dd1f376fc1a2fd50ff&scene=18#rd ;
menuid : 208007648 ;

2016-01-16 10:14:00 params :
------------
Array:
rule : -2 ;
module :  ;
message : Array ;

2016-01-16 10:14:00 response :
------------

2016-01-16 10:14:12 trace :
------------
Array:
from : oqCObuPchy3TfwcIHcht9QMM-FRQ ;
to : gh_5013f37369ce ;
time : 1452910459 ;
type : event ;
event : VIEW ;
tousername : gh_5013f37369ce ;
fromusername : oqCObuPchy3TfwcIHcht9QMM-FRQ ;
createtime : 1452910459 ;
msgtype : event ;
eventkey : http://mp.weixin.qq.com/s?__biz=MzA5MzE5NzExNw==&mid=10001097&idx=1&sn=8338ffe385dcd8dd1f376fc1a2fd50ff&scene=18#rd ;
menuid : 208007648 ;

2016-01-16 10:14:12 params :
------------
Array:
rule : -2 ;
module :  ;
message : Array ;

2016-01-16 10:14:12 response :
------------

2016-01-16 10:30:22 trace :
------------
Array:
from : oqCObuGydErlIDGkFD2UjAzjjOGo ;
to : gh_5013f37369ce ;
time : 1452911429 ;
type : event ;
event : subscribe ;
tousername : gh_5013f37369ce ;
fromusername : oqCObuGydErlIDGkFD2UjAzjjOGo ;
createtime : 1452911429 ;
msgtype : event ;
eventkey :  ;

2016-01-16 10:30:22 params :
------------
Array:
rule : -2 ;
module :  ;
message : Array ;

2016-01-16 10:30:22 response :
------------

2016-01-16 10:30:25 trace :
------------
Array:
from : oqCObuGydErlIDGkFD2UjAzjjOGo ;
to : gh_5013f37369ce ;
time : 1452911431 ;
type : event ;
event : VIEW ;
tousername : gh_5013f37369ce ;
fromusername : oqCObuGydErlIDGkFD2UjAzjjOGo ;
createtime : 1452911431 ;
msgtype : event ;
eventkey : http://mp.weixin.qq.com/s?__biz=MzA5MzE5NzExNw==&mid=10001097&idx=1&sn=8338ffe385dcd8dd1f376fc1a2fd50ff&scene=18#rd ;
menuid : 208007648 ;

2016-01-16 10:30:25 params :
------------
Array:
rule : -2 ;
module :  ;
message : Array ;

2016-01-16 10:30:25 response :
------------

2016-01-16 12:08:59 trace :
------------
Array:
from : oqCObuDE-ZB7XFX9up60IW9KoxO0 ;
to : gh_5013f37369ce ;
time : 1452917345 ;
type : event ;
event : VIEW ;
tousername : gh_5013f37369ce ;
fromusername : oqCObuDE-ZB7XFX9up60IW9KoxO0 ;
createtime : 1452917345 ;
msgtype : event ;
eventkey : http://mp.weixin.qq.com/s?__biz=MzA5MzE5NzExNw==&mid=10001097&idx=1&sn=8338ffe385dcd8dd1f376fc1a2fd50ff&scene=18#rd ;
menuid : 208007648 ;

2016-01-16 12:08:59 params :
------------
Array:
rule : -2 ;
module :  ;
message : Array ;

2016-01-16 12:08:59 response :
------------

2016-01-16 12:10:55 trace :
------------
Array:
from : oqCObuDE-ZB7XFX9up60IW9KoxO0 ;
to : gh_5013f37369ce ;
time : 1452917462 ;
type : event ;
event : VIEW ;
tousername : gh_5013f37369ce ;
fromusername : oqCObuDE-ZB7XFX9up60IW9KoxO0 ;
createtime : 1452917462 ;
msgtype : event ;
eventkey : http://mp.weixin.qq.com/s?__biz=MzA5MzE5NzExNw==&mid=10001097&idx=1&sn=8338ffe385dcd8dd1f376fc1a2fd50ff&scene=18#rd ;
menuid : 208007648 ;

2016-01-16 12:10:55 params :
------------
Array:
rule : -2 ;
module :  ;
message : Array ;

2016-01-16 12:10:55 response :
------------

2016-01-16 12:11:07 trace :
------------
Array:
from : oqCObuDE-ZB7XFX9up60IW9KoxO0 ;
to : gh_5013f37369ce ;
time : 1452917474 ;
type : event ;
event : VIEW ;
tousername : gh_5013f37369ce ;
fromusername : oqCObuDE-ZB7XFX9up60IW9KoxO0 ;
createtime : 1452917474 ;
msgtype : event ;
eventkey : http://mp.weixin.qq.com/s?__biz=MzA5MzE5NzExNw==&mid=10001097&idx=1&sn=8338ffe385dcd8dd1f376fc1a2fd50ff&scene=18#rd ;
menuid : 208007648 ;

2016-01-16 12:11:07 params :
------------
Array:
rule : -2 ;
module :  ;
message : Array ;

2016-01-16 12:11:07 response :
------------

2016-01-16 12:11:43 trace :
------------
Array:
from : oqCObuDE-ZB7XFX9up60IW9KoxO0 ;
to : gh_5013f37369ce ;
time : 1452917510 ;
type : event ;
event : VIEW ;
tousername : gh_5013f37369ce ;
fromusername : oqCObuDE-ZB7XFX9up60IW9KoxO0 ;
createtime : 1452917510 ;
msgtype : event ;
eventkey : http://mp.weixin.qq.com/s?__biz=MzA5MzE5NzExNw==&mid=10001097&idx=1&sn=8338ffe385dcd8dd1f376fc1a2fd50ff&scene=18#rd ;
menuid : 208007648 ;

2016-01-16 12:11:43 params :
------------
Array:
rule : -2 ;
module :  ;
message : Array ;

2016-01-16 12:11:43 response :
------------

2016-01-16 12:11:59 trace :
------------
Array:
from : oqCObuDE-ZB7XFX9up60IW9KoxO0 ;
to : gh_5013f37369ce ;
time : 1452917525 ;
type : event ;
event : VIEW ;
tousername : gh_5013f37369ce ;
fromusername : oqCObuDE-ZB7XFX9up60IW9KoxO0 ;
createtime : 1452917525 ;
msgtype : event ;
eventkey : http://mp.weixin.qq.com/s?__biz=MzA5MzE5NzExNw==&mid=10001097&idx=1&sn=8338ffe385dcd8dd1f376fc1a2fd50ff&scene=18#rd ;
menuid : 208007648 ;

2016-01-16 12:11:59 params :
------------
Array:
rule : -2 ;
module :  ;
message : Array ;

2016-01-16 12:11:59 response :
------------

2016-01-16 12:13:15 trace :
------------
Array:
from : oqCObuDE-ZB7XFX9up60IW9KoxO0 ;
to : gh_5013f37369ce ;
time : 1452917602 ;
type : event ;
event : VIEW ;
tousername : gh_5013f37369ce ;
fromusername : oqCObuDE-ZB7XFX9up60IW9KoxO0 ;
createtime : 1452917602 ;
msgtype : event ;
eventkey : http://mp.weixin.qq.com/s?__biz=MzA5MzE5NzExNw==&mid=10001097&idx=1&sn=8338ffe385dcd8dd1f376fc1a2fd50ff&scene=18#rd ;
menuid : 208007648 ;

2016-01-16 12:13:15 params :
------------
Array:
rule : -2 ;
module :  ;
message : Array ;

2016-01-16 12:13:15 response :
------------

2016-01-16 12:14:14 trace :
------------
Array:
from : oqCObuDE-ZB7XFX9up60IW9KoxO0 ;
to : gh_5013f37369ce ;
time : 1452917661 ;
type : event ;
event : VIEW ;
tousername : gh_5013f37369ce ;
fromusername : oqCObuDE-ZB7XFX9up60IW9KoxO0 ;
createtime : 1452917661 ;
msgtype : event ;
eventkey : http://mp.weixin.qq.com/s?__biz=MzA5MzE5NzExNw==&mid=10001097&idx=1&sn=8338ffe385dcd8dd1f376fc1a2fd50ff&scene=18#rd ;
menuid : 208007648 ;

2016-01-16 12:14:14 params :
------------
Array:
rule : -2 ;
module :  ;
message : Array ;

2016-01-16 12:14:14 response :
------------

2016-01-16 12:15:45 trace :
------------
Array:
from : oqCObuDE-ZB7XFX9up60IW9KoxO0 ;
to : gh_5013f37369ce ;
time : 1452917751 ;
type : event ;
event : VIEW ;
tousername : gh_5013f37369ce ;
fromusername : oqCObuDE-ZB7XFX9up60IW9KoxO0 ;
createtime : 1452917751 ;
msgtype : event ;
eventkey : http://mp.weixin.qq.com/s?__biz=MzA5MzE5NzExNw==&mid=10001097&idx=1&sn=8338ffe385dcd8dd1f376fc1a2fd50ff&scene=18#rd ;
menuid : 208007648 ;

2016-01-16 12:15:45 params :
------------
Array:
rule : -2 ;
module :  ;
message : Array ;

2016-01-16 12:15:45 response :
------------

2016-01-16 12:17:09 trace :
------------
Array:
from : oqCObuDE-ZB7XFX9up60IW9KoxO0 ;
to : gh_5013f37369ce ;
time : 1452917835 ;
type : event ;
event : VIEW ;
tousername : gh_5013f37369ce ;
fromusername : oqCObuDE-ZB7XFX9up60IW9KoxO0 ;
createtime : 1452917835 ;
msgtype : event ;
eventkey : http://mp.weixin.qq.com/s?__biz=MzA5MzE5NzExNw==&mid=10001097&idx=1&sn=8338ffe385dcd8dd1f376fc1a2fd50ff&scene=18#rd ;
menuid : 208007648 ;

2016-01-16 12:17:09 params :
------------
Array:
rule : -2 ;
module :  ;
message : Array ;

2016-01-16 12:17:09 response :
------------

2016-01-16 12:18:05 trace :
------------
Array:
from : oqCObuDE-ZB7XFX9up60IW9KoxO0 ;
to : gh_5013f37369ce ;
time : 1452917888 ;
type : event ;
event : VIEW ;
tousername : gh_5013f37369ce ;
fromusername : oqCObuDE-ZB7XFX9up60IW9KoxO0 ;
createtime : 1452917888 ;
msgtype : event ;
eventkey : http://mp.weixin.qq.com/s?__biz=MzA5MzE5NzExNw==&mid=10001097&idx=1&sn=8338ffe385dcd8dd1f376fc1a2fd50ff&scene=18#rd ;
menuid : 208007648 ;

2016-01-16 12:18:05 params :
------------
Array:
rule : -2 ;
module :  ;
message : Array ;

2016-01-16 12:18:05 response :
------------

2016-01-16 12:20:47 trace :
------------
Array:
from : oqCObuDE-ZB7XFX9up60IW9KoxO0 ;
to : gh_5013f37369ce ;
time : 1452918054 ;
type : event ;
event : VIEW ;
tousername : gh_5013f37369ce ;
fromusername : oqCObuDE-ZB7XFX9up60IW9KoxO0 ;
createtime : 1452918054 ;
msgtype : event ;
eventkey : http://mp.weixin.qq.com/s?__biz=MzA5MzE5NzExNw==&mid=10001097&idx=1&sn=8338ffe385dcd8dd1f376fc1a2fd50ff&scene=18#rd ;
menuid : 208007648 ;

2016-01-16 12:20:47 params :
------------
Array:
rule : -2 ;
module :  ;
message : Array ;

2016-01-16 12:20:47 response :
------------

2016-01-16 12:22:52 trace :
------------
Array:
from : oqCObuDE-ZB7XFX9up60IW9KoxO0 ;
to : gh_5013f37369ce ;
time : 1452918178 ;
type : event ;
event : VIEW ;
tousername : gh_5013f37369ce ;
fromusername : oqCObuDE-ZB7XFX9up60IW9KoxO0 ;
createtime : 1452918178 ;
msgtype : event ;
eventkey : http://mp.weixin.qq.com/s?__biz=MzA5MzE5NzExNw==&mid=10001097&idx=1&sn=8338ffe385dcd8dd1f376fc1a2fd50ff&scene=18#rd ;
menuid : 208007648 ;

2016-01-16 12:22:52 params :
------------
Array:
rule : -2 ;
module :  ;
message : Array ;

2016-01-16 12:22:52 response :
------------

2016-01-16 13:22:52 trace :
------------
Array:
from : oqCObuLMNT7fufLImrEAxMivyiNE ;
to : gh_5013f37369ce ;
time : 1452921778 ;
type : event ;
event : subscribe ;
tousername : gh_5013f37369ce ;
fromusername : oqCObuLMNT7fufLImrEAxMivyiNE ;
createtime : 1452921778 ;
msgtype : event ;
eventkey :  ;

2016-01-16 13:22:52 params :
------------
Array:
rule : -2 ;
module :  ;
message : Array ;

2016-01-16 13:22:52 response :
------------

2016-01-16 13:22:57 trace :
------------
Array:
from : oqCObuLMNT7fufLImrEAxMivyiNE ;
to : gh_5013f37369ce ;
time : 1452921783 ;
type : event ;
event : VIEW ;
tousername : gh_5013f37369ce ;
fromusername : oqCObuLMNT7fufLImrEAxMivyiNE ;
createtime : 1452921783 ;
msgtype : event ;
eventkey : http://mp.weixin.qq.com/s?__biz=MzA5MzE5NzExNw==&mid=10001097&idx=1&sn=8338ffe385dcd8dd1f376fc1a2fd50ff&scene=18#rd ;
menuid : 208007648 ;

2016-01-16 13:22:57 params :
------------
Array:
rule : -2 ;
module :  ;
message : Array ;

2016-01-16 13:22:57 response :
------------

2016-01-16 13:23:14 trace :
------------
Array:
from : oqCObuLMNT7fufLImrEAxMivyiNE ;
to : gh_5013f37369ce ;
time : 1452921801 ;
type : event ;
event : VIEW ;
tousername : gh_5013f37369ce ;
fromusername : oqCObuLMNT7fufLImrEAxMivyiNE ;
createtime : 1452921801 ;
msgtype : event ;
eventkey : http://mp.weixin.qq.com/s?__biz=MzA5MzE5NzExNw==&mid=10001097&idx=1&sn=8338ffe385dcd8dd1f376fc1a2fd50ff&scene=18#rd ;
menuid : 208007648 ;

2016-01-16 13:23:14 params :
------------
Array:
rule : -2 ;
module :  ;
message : Array ;

2016-01-16 13:23:14 response :
------------

2016-01-16 13:23:22 trace :
------------
Array:
from : oqCObuLMNT7fufLImrEAxMivyiNE ;
to : gh_5013f37369ce ;
time : 1452921808 ;
type : event ;
event : VIEW ;
tousername : gh_5013f37369ce ;
fromusername : oqCObuLMNT7fufLImrEAxMivyiNE ;
createtime : 1452921808 ;
msgtype : event ;
eventkey : http://mp.weixin.qq.com/s?__biz=MzA5MzE5NzExNw==&mid=10001097&idx=1&sn=8338ffe385dcd8dd1f376fc1a2fd50ff&scene=18#rd ;
menuid : 208007648 ;

2016-01-16 13:23:22 params :
------------
Array:
rule : -2 ;
module :  ;
message : Array ;

2016-01-16 13:23:22 response :
------------

2016-01-16 13:24:43 trace :
------------
Array:
from : oqCObuLMNT7fufLImrEAxMivyiNE ;
to : gh_5013f37369ce ;
time : 1452921890 ;
type : event ;
event : VIEW ;
tousername : gh_5013f37369ce ;
fromusername : oqCObuLMNT7fufLImrEAxMivyiNE ;
createtime : 1452921890 ;
msgtype : event ;
eventkey : http://mp.weixin.qq.com/s?__biz=MzA5MzE5NzExNw==&mid=10001097&idx=1&sn=8338ffe385dcd8dd1f376fc1a2fd50ff&scene=18#rd ;
menuid : 208007648 ;

2016-01-16 13:24:43 params :
------------
Array:
rule : -2 ;
module :  ;
message : Array ;

2016-01-16 13:24:43 response :
------------

2016-01-16 13:50:50 trace :
------------
Array:
from : oqCObuIGxqCU2BoWIcx_9kMursXw ;
to : gh_5013f37369ce ;
time : 1452923456 ;
type : event ;
event : subscribe ;
tousername : gh_5013f37369ce ;
fromusername : oqCObuIGxqCU2BoWIcx_9kMursXw ;
createtime : 1452923456 ;
msgtype : event ;
eventkey :  ;

2016-01-16 13:50:50 params :
------------
Array:
rule : -2 ;
module :  ;
message : Array ;

2016-01-16 13:50:50 response :
------------

2016-01-16 14:00:27 trace :
------------
Array:
from : oqCObuDE-ZB7XFX9up60IW9KoxO0 ;
to : gh_5013f37369ce ;
time : 1452924030 ;
type : event ;
event : VIEW ;
tousername : gh_5013f37369ce ;
fromusername : oqCObuDE-ZB7XFX9up60IW9KoxO0 ;
createtime : 1452924030 ;
msgtype : event ;
eventkey : http://mp.weixin.qq.com/s?__biz=MzA5MzE5NzExNw==&mid=10001097&idx=1&sn=8338ffe385dcd8dd1f376fc1a2fd50ff&scene=18#rd ;
menuid : 208007648 ;

2016-01-16 14:00:27 params :
------------
Array:
rule : -2 ;
module :  ;
message : Array ;

2016-01-16 14:00:27 response :
------------

2016-01-16 15:09:22 trace :
------------
Array:
from : oqCObuHbocZi9Y3U-FhTqiqznrbU ;
to : gh_5013f37369ce ;
time : 1452928169 ;
type : event ;
event : VIEW ;
tousername : gh_5013f37369ce ;
fromusername : oqCObuHbocZi9Y3U-FhTqiqznrbU ;
createtime : 1452928169 ;
msgtype : event ;
eventkey : http://mp.weixin.qq.com/s?__biz=MzA5MzE5NzExNw==&mid=10001097&idx=1&sn=8338ffe385dcd8dd1f376fc1a2fd50ff&scene=18#rd ;
menuid : 208007648 ;

2016-01-16 15:09:23 params :
------------
Array:
rule : -2 ;
module :  ;
message : Array ;

2016-01-16 15:09:23 response :
------------

2016-01-16 15:09:41 trace :
------------
Array:
from : oqCObuHbocZi9Y3U-FhTqiqznrbU ;
to : gh_5013f37369ce ;
time : 1452928187 ;
type : text ;
event :  ;
tousername : gh_5013f37369ce ;
fromusername : oqCObuHbocZi9Y3U-FhTqiqznrbU ;
createtime : 1452928187 ;
msgtype : text ;
content : 亲 ;
msgid : 6240279047003323471 ;
redirection :  ;
source :  ;

2016-01-16 15:09:41 params :
------------
Array:
rule : -2 ;
module :  ;
message : Array ;

2016-01-16 15:09:41 response :
------------

2016-01-16 16:06:16 trace :
------------
Array:
from : oqCObuCtQbG4GWmXVJzdxgi6InBo ;
to : gh_5013f37369ce ;
time : 1452931582 ;
type : event ;
event : VIEW ;
tousername : gh_5013f37369ce ;
fromusername : oqCObuCtQbG4GWmXVJzdxgi6InBo ;
createtime : 1452931582 ;
msgtype : event ;
eventkey : http://mp.weixin.qq.com/s?__biz=MzA5MzE5NzExNw==&mid=10001097&idx=1&sn=8338ffe385dcd8dd1f376fc1a2fd50ff&scene=18#rd ;
menuid : 208007648 ;

2016-01-16 16:06:16 params :
------------
Array:
rule : -2 ;
module :  ;
message : Array ;

2016-01-16 16:06:16 response :
------------

2016-01-16 16:06:27 trace :
------------
Array:
from : oqCObuCtQbG4GWmXVJzdxgi6InBo ;
to : gh_5013f37369ce ;
time : 1452931593 ;
type : event ;
event : VIEW ;
tousername : gh_5013f37369ce ;
fromusername : oqCObuCtQbG4GWmXVJzdxgi6InBo ;
createtime : 1452931593 ;
msgtype : event ;
eventkey : http://mp.weixin.qq.com/s?__biz=MzA5MzE5NzExNw==&mid=10001097&idx=1&sn=8338ffe385dcd8dd1f376fc1a2fd50ff&scene=18#rd ;
menuid : 208007648 ;

2016-01-16 16:06:27 params :
------------
Array:
rule : -2 ;
module :  ;
message : Array ;

2016-01-16 16:06:27 response :
------------

2016-01-16 17:30:16 trace :
------------
Array:
from : oqCObuDjXXFcB9Bvg5rZJppN7Cuo ;
to : gh_5013f37369ce ;
time : 1452936622 ;
type : event ;
event : VIEW ;
tousername : gh_5013f37369ce ;
fromusername : oqCObuDjXXFcB9Bvg5rZJppN7Cuo ;
createtime : 1452936622 ;
msgtype : event ;
eventkey : http://mp.weixin.qq.com/s?__biz=MzA5MzE5NzExNw==&mid=10001097&idx=1&sn=8338ffe385dcd8dd1f376fc1a2fd50ff&scene=18#rd ;
menuid : 208007648 ;

2016-01-16 17:30:16 params :
------------
Array:
rule : -2 ;
module :  ;
message : Array ;

2016-01-16 17:30:16 response :
------------

2016-01-16 17:30:45 trace :
------------
Array:
from : oqCObuDjXXFcB9Bvg5rZJppN7Cuo ;
to : gh_5013f37369ce ;
time : 1452936649 ;
type : event ;
event : VIEW ;
tousername : gh_5013f37369ce ;
fromusername : oqCObuDjXXFcB9Bvg5rZJppN7Cuo ;
createtime : 1452936649 ;
msgtype : event ;
eventkey : http://mp.weixin.qq.com/s?__biz=MzA5MzE5NzExNw==&mid=10001097&idx=1&sn=8338ffe385dcd8dd1f376fc1a2fd50ff&scene=18#rd ;
menuid : 208007648 ;

2016-01-16 17:30:45 params :
------------
Array:
rule : -2 ;
module :  ;
message : Array ;

2016-01-16 17:30:45 response :
------------

2016-01-16 17:30:51 trace :
------------
Array:
from : oqCObuDjXXFcB9Bvg5rZJppN7Cuo ;
to : gh_5013f37369ce ;
time : 1452936655 ;
type : event ;
event : VIEW ;
tousername : gh_5013f37369ce ;
fromusername : oqCObuDjXXFcB9Bvg5rZJppN7Cuo ;
createtime : 1452936655 ;
msgtype : event ;
eventkey : http://mp.weixin.qq.com/s?__biz=MzA5MzE5NzExNw==&mid=10001097&idx=1&sn=8338ffe385dcd8dd1f376fc1a2fd50ff&scene=18#rd ;
menuid : 208007648 ;

2016-01-16 17:30:51 params :
------------
Array:
rule : -2 ;
module :  ;
message : Array ;

2016-01-16 17:30:51 response :
------------

2016-01-16 17:39:41 trace :
------------
Array:
from : oqCObuOrRMIq1B5byV3WEZq9hv4s ;
to : gh_5013f37369ce ;
time : 1452937188 ;
type : event ;
event : VIEW ;
tousername : gh_5013f37369ce ;
fromusername : oqCObuOrRMIq1B5byV3WEZq9hv4s ;
createtime : 1452937188 ;
msgtype : event ;
eventkey : http://mp.weixin.qq.com/s?__biz=MzA5MzE5NzExNw==&mid=10001097&idx=1&sn=8338ffe385dcd8dd1f376fc1a2fd50ff&scene=18#rd ;
menuid : 208007648 ;

2016-01-16 17:39:41 params :
------------
Array:
rule : -2 ;
module :  ;
message : Array ;

2016-01-16 17:39:41 response :
------------

2016-01-16 17:39:48 trace :
------------
Array:
from : oqCObuOrRMIq1B5byV3WEZq9hv4s ;
to : gh_5013f37369ce ;
time : 1452937195 ;
type : event ;
event : VIEW ;
tousername : gh_5013f37369ce ;
fromusername : oqCObuOrRMIq1B5byV3WEZq9hv4s ;
createtime : 1452937195 ;
msgtype : event ;
eventkey : http://mp.weixin.qq.com/s?__biz=MzA5MzE5NzExNw==&mid=10001097&idx=1&sn=8338ffe385dcd8dd1f376fc1a2fd50ff&scene=18#rd ;
menuid : 208007648 ;

2016-01-16 17:39:48 params :
------------
Array:
rule : -2 ;
module :  ;
message : Array ;

2016-01-16 17:39:48 response :
------------

2016-01-16 18:12:37 trace :
------------
Array:
from : oqCObuDYAOfbIx1qV2ucEzFAZQW4 ;
to : gh_5013f37369ce ;
time : 1452939164 ;
type : event ;
event : VIEW ;
tousername : gh_5013f37369ce ;
fromusername : oqCObuDYAOfbIx1qV2ucEzFAZQW4 ;
createtime : 1452939164 ;
msgtype : event ;
eventkey : http://mp.weixin.qq.com/s?__biz=MzA5MzE5NzExNw==&mid=10001097&idx=1&sn=8338ffe385dcd8dd1f376fc1a2fd50ff&scene=18#rd ;
menuid : 208007648 ;

2016-01-16 18:12:37 params :
------------
Array:
rule : -2 ;
module :  ;
message : Array ;

2016-01-16 18:12:37 response :
------------

2016-01-16 18:12:43 trace :
------------
Array:
from : oqCObuDYAOfbIx1qV2ucEzFAZQW4 ;
to : gh_5013f37369ce ;
time : 1452939170 ;
type : event ;
event : VIEW ;
tousername : gh_5013f37369ce ;
fromusername : oqCObuDYAOfbIx1qV2ucEzFAZQW4 ;
createtime : 1452939170 ;
msgtype : event ;
eventkey : http://mp.weixin.qq.com/s?__biz=MzA5MzE5NzExNw==&mid=10001097&idx=1&sn=8338ffe385dcd8dd1f376fc1a2fd50ff&scene=18#rd ;
menuid : 208007648 ;

2016-01-16 18:12:43 params :
------------
Array:
rule : -2 ;
module :  ;
message : Array ;

2016-01-16 18:12:43 response :
------------

2016-01-16 18:13:37 trace :
------------
Array:
from : oqCObuAKUEE1kTxBv5MTJkhAKH4w ;
to : gh_5013f37369ce ;
time : 1452939224 ;
type : event ;
event : VIEW ;
tousername : gh_5013f37369ce ;
fromusername : oqCObuAKUEE1kTxBv5MTJkhAKH4w ;
createtime : 1452939224 ;
msgtype : event ;
eventkey : http://mp.weixin.qq.com/s?__biz=MzA5MzE5NzExNw==&mid=10001097&idx=1&sn=8338ffe385dcd8dd1f376fc1a2fd50ff&scene=18#rd ;
menuid : 208007648 ;

2016-01-16 18:13:37 params :
------------
Array:
rule : -2 ;
module :  ;
message : Array ;

2016-01-16 18:13:37 response :
------------

2016-01-16 18:15:18 trace :
------------
Array:
from : oqCObuHEQ3Lk6Tf7XNfz3Xs6NvxU ;
to : gh_5013f37369ce ;
time : 1452939324 ;
type : event ;
event : subscribe ;
tousername : gh_5013f37369ce ;
fromusername : oqCObuHEQ3Lk6Tf7XNfz3Xs6NvxU ;
createtime : 1452939324 ;
msgtype : event ;
eventkey :  ;

2016-01-16 18:15:18 params :
------------
Array:
rule : -2 ;
module :  ;
message : Array ;

2016-01-16 18:15:18 response :
------------

2016-01-16 18:15:34 trace :
------------
Array:
from : oqCObuHEQ3Lk6Tf7XNfz3Xs6NvxU ;
to : gh_5013f37369ce ;
time : 1452939341 ;
type : event ;
event : VIEW ;
tousername : gh_5013f37369ce ;
fromusername : oqCObuHEQ3Lk6Tf7XNfz3Xs6NvxU ;
createtime : 1452939341 ;
msgtype : event ;
eventkey : http://mp.weixin.qq.com/s?__biz=MzA5MzE5NzExNw==&mid=10001097&idx=1&sn=8338ffe385dcd8dd1f376fc1a2fd50ff&scene=18#rd ;
menuid : 208007648 ;

2016-01-16 18:15:34 params :
------------
Array:
rule : -2 ;
module :  ;
message : Array ;

2016-01-16 18:15:34 response :
------------

2016-01-16 18:27:02 trace :
------------
Array:
from : oqCObuHEQ3Lk6Tf7XNfz3Xs6NvxU ;
to : gh_5013f37369ce ;
time : 1452940029 ;
type : event ;
event : VIEW ;
tousername : gh_5013f37369ce ;
fromusername : oqCObuHEQ3Lk6Tf7XNfz3Xs6NvxU ;
createtime : 1452940029 ;
msgtype : event ;
eventkey : http://mp.weixin.qq.com/s?__biz=MzA5MzE5NzExNw==&mid=10001097&idx=1&sn=8338ffe385dcd8dd1f376fc1a2fd50ff&scene=18#rd ;
menuid : 208007648 ;

2016-01-16 18:27:02 params :
------------
Array:
rule : -2 ;
module :  ;
message : Array ;

2016-01-16 18:27:02 response :
------------

2016-01-16 20:45:16 trace :
------------
Array:
from : oqCObuH01Vgmhd2A-6yaCWWieA2E ;
to : gh_5013f37369ce ;
time : 1452948322 ;
type : event ;
event : VIEW ;
tousername : gh_5013f37369ce ;
fromusername : oqCObuH01Vgmhd2A-6yaCWWieA2E ;
createtime : 1452948322 ;
msgtype : event ;
eventkey : http://mp.weixin.qq.com/s?__biz=MzA5MzE5NzExNw==&mid=10001097&idx=1&sn=8338ffe385dcd8dd1f376fc1a2fd50ff&scene=18#rd ;
menuid : 208007648 ;

2016-01-16 20:45:16 params :
------------
Array:
rule : -2 ;
module :  ;
message : Array ;

2016-01-16 20:45:16 response :
------------

2016-01-16 21:32:25 trace :
------------
Array:
from : oqCObuH7GpFEIkzsgRYEWI0Vg_RU ;
to : gh_5013f37369ce ;
time : 1452951151 ;
type : event ;
event : subscribe ;
tousername : gh_5013f37369ce ;
fromusername : oqCObuH7GpFEIkzsgRYEWI0Vg_RU ;
createtime : 1452951151 ;
msgtype : event ;
eventkey :  ;

2016-01-16 21:32:25 params :
------------
Array:
rule : -2 ;
module :  ;
message : Array ;

2016-01-16 21:32:25 response :
------------

2016-01-16 21:32:30 trace :
------------
Array:
from : oqCObuH7GpFEIkzsgRYEWI0Vg_RU ;
to : gh_5013f37369ce ;
time : 1452951157 ;
type : event ;
event : VIEW ;
tousername : gh_5013f37369ce ;
fromusername : oqCObuH7GpFEIkzsgRYEWI0Vg_RU ;
createtime : 1452951157 ;
msgtype : event ;
eventkey : http://mp.weixin.qq.com/s?__biz=MzA5MzE5NzExNw==&mid=10001097&idx=1&sn=8338ffe385dcd8dd1f376fc1a2fd50ff&scene=18#rd ;
menuid : 208007648 ;

2016-01-16 21:32:30 params :
------------
Array:
rule : -2 ;
module :  ;
message : Array ;

2016-01-16 21:32:30 response :
------------

2016-01-16 21:33:24 trace :
------------
Array:
from : oqCObuH7GpFEIkzsgRYEWI0Vg_RU ;
to : gh_5013f37369ce ;
time : 1452951211 ;
type : event ;
event : VIEW ;
tousername : gh_5013f37369ce ;
fromusername : oqCObuH7GpFEIkzsgRYEWI0Vg_RU ;
createtime : 1452951211 ;
msgtype : event ;
eventkey : http://mp.weixin.qq.com/s?__biz=MzA5MzE5NzExNw==&mid=10001097&idx=1&sn=8338ffe385dcd8dd1f376fc1a2fd50ff&scene=18#rd ;
menuid : 208007648 ;

2016-01-16 21:33:24 params :
------------
Array:
rule : -2 ;
module :  ;
message : Array ;

2016-01-16 21:33:24 response :
------------

2016-01-16 21:33:30 trace :
------------
Array:
from : oqCObuH7GpFEIkzsgRYEWI0Vg_RU ;
to : gh_5013f37369ce ;
time : 1452951217 ;
type : event ;
event : VIEW ;
tousername : gh_5013f37369ce ;
fromusername : oqCObuH7GpFEIkzsgRYEWI0Vg_RU ;
createtime : 1452951217 ;
msgtype : event ;
eventkey : http://mp.weixin.qq.com/s?__biz=MzA5MzE5NzExNw==&mid=10001097&idx=1&sn=8338ffe385dcd8dd1f376fc1a2fd50ff&scene=18#rd ;
menuid : 208007648 ;

2016-01-16 21:33:30 params :
------------
Array:
rule : -2 ;
module :  ;
message : Array ;

2016-01-16 21:33:30 response :
------------

2016-01-16 21:33:36 trace :
------------
Array:
from : oqCObuH7GpFEIkzsgRYEWI0Vg_RU ;
to : gh_5013f37369ce ;
time : 1452951222 ;
type : event ;
event : VIEW ;
tousername : gh_5013f37369ce ;
fromusername : oqCObuH7GpFEIkzsgRYEWI0Vg_RU ;
createtime : 1452951222 ;
msgtype : event ;
eventkey : http://mp.weixin.qq.com/s?__biz=MzA5MzE5NzExNw==&mid=10001097&idx=1&sn=8338ffe385dcd8dd1f376fc1a2fd50ff&scene=18#rd ;
menuid : 208007648 ;

2016-01-16 21:33:36 params :
------------
Array:
rule : -2 ;
module :  ;
message : Array ;

2016-01-16 21:33:36 response :
------------

2016-01-16 21:44:54 trace :
------------
Array:
from : oqCObuH7GpFEIkzsgRYEWI0Vg_RU ;
to : gh_5013f37369ce ;
time : 1452951901 ;
type : event ;
event : VIEW ;
tousername : gh_5013f37369ce ;
fromusername : oqCObuH7GpFEIkzsgRYEWI0Vg_RU ;
createtime : 1452951901 ;
msgtype : event ;
eventkey : http://mp.weixin.qq.com/s?__biz=MzA5MzE5NzExNw==&mid=10001097&idx=1&sn=8338ffe385dcd8dd1f376fc1a2fd50ff&scene=18#rd ;
menuid : 208007648 ;

2016-01-16 21:44:54 params :
------------
Array:
rule : -2 ;
module :  ;
message : Array ;

2016-01-16 21:44:54 response :
------------

