2016-04-24 06:38:51 trace :
------------
Array:
from : oqCObuCvnh_ImTDyVmDmPzV35s3k ;
to : gh_5013f37369ce ;
time : 1461451151 ;
type : event ;
event : VIEW ;
tousername : gh_5013f37369ce ;
fromusername : oqCObuCvnh_ImTDyVmDmPzV35s3k ;
createtime : 1461451151 ;
msgtype : event ;
eventkey : http://mp.weixin.qq.com/s?__biz=MzA5MzE5NzExNw==&mid=10001097&idx=1&sn=8338ffe385dcd8dd1f376fc1a2fd50ff&scene=18#rd ;
menuid : 208007648 ;

2016-04-24 06:38:51 params :
------------
Array:
rule : -2 ;
module :  ;
message : Array ;

2016-04-24 06:38:51 response :
------------

2016-04-24 06:39:56 trace :
------------
Array:
from : oqCObuCvnh_ImTDyVmDmPzV35s3k ;
to : gh_5013f37369ce ;
time : 1461451216 ;
type : event ;
event : VIEW ;
tousername : gh_5013f37369ce ;
fromusername : oqCObuCvnh_ImTDyVmDmPzV35s3k ;
createtime : 1461451216 ;
msgtype : event ;
eventkey : http://mp.weixin.qq.com/s?__biz=MzA5MzE5NzExNw==&mid=10001097&idx=1&sn=8338ffe385dcd8dd1f376fc1a2fd50ff&scene=18#rd ;
menuid : 208007648 ;

2016-04-24 06:39:56 params :
------------
Array:
rule : -2 ;
module :  ;
message : Array ;

2016-04-24 06:39:56 response :
------------

2016-04-24 06:40:33 trace :
------------
Array:
from : oqCObuCvnh_ImTDyVmDmPzV35s3k ;
to : gh_5013f37369ce ;
time : 1461451254 ;
type : event ;
event : VIEW ;
tousername : gh_5013f37369ce ;
fromusername : oqCObuCvnh_ImTDyVmDmPzV35s3k ;
createtime : 1461451254 ;
msgtype : event ;
eventkey : http://mp.weixin.qq.com/s?__biz=MzA5MzE5NzExNw==&mid=10001097&idx=1&sn=8338ffe385dcd8dd1f376fc1a2fd50ff&scene=18#rd ;
menuid : 208007648 ;

2016-04-24 06:40:33 params :
------------
Array:
rule : -2 ;
module :  ;
message : Array ;

2016-04-24 06:40:33 response :
------------

2016-04-24 06:41:04 trace :
------------
Array:
from : oqCObuCvnh_ImTDyVmDmPzV35s3k ;
to : gh_5013f37369ce ;
time : 1461451285 ;
type : event ;
event : VIEW ;
tousername : gh_5013f37369ce ;
fromusername : oqCObuCvnh_ImTDyVmDmPzV35s3k ;
createtime : 1461451285 ;
msgtype : event ;
eventkey : http://mp.weixin.qq.com/s?__biz=MzA5MzE5NzExNw==&mid=10001097&idx=1&sn=8338ffe385dcd8dd1f376fc1a2fd50ff&scene=18#rd ;
menuid : 208007648 ;

2016-04-24 06:41:04 params :
------------
Array:
rule : -2 ;
module :  ;
message : Array ;

2016-04-24 06:41:04 response :
------------

2016-04-24 06:41:13 trace :
------------
Array:
from : oqCObuCvnh_ImTDyVmDmPzV35s3k ;
to : gh_5013f37369ce ;
time : 1461451294 ;
type : event ;
event : VIEW ;
tousername : gh_5013f37369ce ;
fromusername : oqCObuCvnh_ImTDyVmDmPzV35s3k ;
createtime : 1461451294 ;
msgtype : event ;
eventkey : http://mp.weixin.qq.com/s?__biz=MzA5MzE5NzExNw==&mid=10001097&idx=1&sn=8338ffe385dcd8dd1f376fc1a2fd50ff&scene=18#rd ;
menuid : 208007648 ;

2016-04-24 06:41:13 params :
------------
Array:
rule : -2 ;
module :  ;
message : Array ;

2016-04-24 06:41:13 response :
------------

2016-04-24 06:41:37 trace :
------------
Array:
from : oqCObuCvnh_ImTDyVmDmPzV35s3k ;
to : gh_5013f37369ce ;
time : 1461451319 ;
type : event ;
event : VIEW ;
tousername : gh_5013f37369ce ;
fromusername : oqCObuCvnh_ImTDyVmDmPzV35s3k ;
createtime : 1461451319 ;
msgtype : event ;
eventkey : http://mp.weixin.qq.com/s?__biz=MzA5MzE5NzExNw==&mid=10001097&idx=1&sn=8338ffe385dcd8dd1f376fc1a2fd50ff&scene=18#rd ;
menuid : 208007648 ;

2016-04-24 06:41:37 params :
------------
Array:
rule : -2 ;
module :  ;
message : Array ;

2016-04-24 06:41:37 response :
------------

2016-04-24 06:41:51 trace :
------------
Array:
from : oqCObuCvnh_ImTDyVmDmPzV35s3k ;
to : gh_5013f37369ce ;
time : 1461451332 ;
type : event ;
event : VIEW ;
tousername : gh_5013f37369ce ;
fromusername : oqCObuCvnh_ImTDyVmDmPzV35s3k ;
createtime : 1461451332 ;
msgtype : event ;
eventkey : http://mp.weixin.qq.com/s?__biz=MzA5MzE5NzExNw==&mid=10001097&idx=1&sn=8338ffe385dcd8dd1f376fc1a2fd50ff&scene=18#rd ;
menuid : 208007648 ;

2016-04-24 06:41:51 params :
------------
Array:
rule : -2 ;
module :  ;
message : Array ;

2016-04-24 06:41:51 response :
------------

2016-04-24 10:13:24 trace :
------------
Array:
from : oqCObuIDJJJ_jdGacd4_j8pBkhEA ;
to : gh_5013f37369ce ;
time : 1461464024 ;
type : event ;
event : subscribe ;
tousername : gh_5013f37369ce ;
fromusername : oqCObuIDJJJ_jdGacd4_j8pBkhEA ;
createtime : 1461464024 ;
msgtype : event ;
eventkey :  ;

2016-04-24 10:13:24 params :
------------
Array:
rule : -2 ;
module :  ;
message : Array ;

2016-04-24 10:13:24 response :
------------

2016-04-24 11:13:55 trace :
------------
Array:
from : oqCObuCT6Bh3eYhz_oRNGYYuYklo ;
to : gh_5013f37369ce ;
time : 1461467656 ;
type : event ;
event : subscribe ;
tousername : gh_5013f37369ce ;
fromusername : oqCObuCT6Bh3eYhz_oRNGYYuYklo ;
createtime : 1461467656 ;
msgtype : event ;
eventkey :  ;

2016-04-24 11:13:55 params :
------------
Array:
rule : -2 ;
module :  ;
message : Array ;

2016-04-24 11:13:55 response :
------------

2016-04-24 11:14:17 trace :
------------
Array:
from : oqCObuCT6Bh3eYhz_oRNGYYuYklo ;
to : gh_5013f37369ce ;
time : 1461467678 ;
type : event ;
event : VIEW ;
tousername : gh_5013f37369ce ;
fromusername : oqCObuCT6Bh3eYhz_oRNGYYuYklo ;
createtime : 1461467678 ;
msgtype : event ;
eventkey : http://mp.weixin.qq.com/s?__biz=MzA5MzE5NzExNw==&mid=10001097&idx=1&sn=8338ffe385dcd8dd1f376fc1a2fd50ff&scene=18#rd ;
menuid : 208007648 ;

2016-04-24 11:14:17 params :
------------
Array:
rule : -2 ;
module :  ;
message : Array ;

2016-04-24 11:14:17 response :
------------

2016-04-24 11:14:33 trace :
------------
Array:
from : oqCObuCT6Bh3eYhz_oRNGYYuYklo ;
to : gh_5013f37369ce ;
time : 1461467694 ;
type : event ;
event : VIEW ;
tousername : gh_5013f37369ce ;
fromusername : oqCObuCT6Bh3eYhz_oRNGYYuYklo ;
createtime : 1461467694 ;
msgtype : event ;
eventkey : http://mp.weixin.qq.com/s?__biz=MzA5MzE5NzExNw==&mid=10001097&idx=1&sn=8338ffe385dcd8dd1f376fc1a2fd50ff&scene=18#rd ;
menuid : 208007648 ;

2016-04-24 11:14:33 params :
------------
Array:
rule : -2 ;
module :  ;
message : Array ;

2016-04-24 11:14:33 response :
------------

2016-04-24 11:32:29 trace :
------------
Array:
from : oqCObuKkhaf8BJYDRXM79nrIImVo ;
to : gh_5013f37369ce ;
time : 1461468770 ;
type : event ;
event : subscribe ;
tousername : gh_5013f37369ce ;
fromusername : oqCObuKkhaf8BJYDRXM79nrIImVo ;
createtime : 1461468770 ;
msgtype : event ;
eventkey :  ;

2016-04-24 11:32:29 params :
------------
Array:
rule : -2 ;
module :  ;
message : Array ;

2016-04-24 11:32:29 response :
------------

2016-04-24 15:00:00 trace :
------------
Array:
from : oqCObuO01RDHY7sUV1Qkj7Kj3ivk ;
to : gh_5013f37369ce ;
time : 1461481221 ;
type : event ;
event : VIEW ;
tousername : gh_5013f37369ce ;
fromusername : oqCObuO01RDHY7sUV1Qkj7Kj3ivk ;
createtime : 1461481221 ;
msgtype : event ;
eventkey : http://mp.weixin.qq.com/s?__biz=MzA5MzE5NzExNw==&mid=10001097&idx=1&sn=8338ffe385dcd8dd1f376fc1a2fd50ff&scene=18#rd ;
menuid : 208007648 ;

2016-04-24 15:00:00 params :
------------
Array:
rule : -2 ;
module :  ;
message : Array ;

2016-04-24 15:00:00 response :
------------

2016-04-24 15:00:02 trace :
------------
Array:
from : oqCObuO01RDHY7sUV1Qkj7Kj3ivk ;
to : gh_5013f37369ce ;
time : 1461481223 ;
type : event ;
event : VIEW ;
tousername : gh_5013f37369ce ;
fromusername : oqCObuO01RDHY7sUV1Qkj7Kj3ivk ;
createtime : 1461481223 ;
msgtype : event ;
eventkey : http://mp.weixin.qq.com/s?__biz=MzA5MzE5NzExNw==&mid=10001097&idx=1&sn=8338ffe385dcd8dd1f376fc1a2fd50ff&scene=18#rd ;
menuid : 208007648 ;

2016-04-24 15:00:02 params :
------------
Array:
rule : -2 ;
module :  ;
message : Array ;

2016-04-24 15:00:02 response :
------------

2016-04-24 15:00:08 trace :
------------
Array:
from : oqCObuO01RDHY7sUV1Qkj7Kj3ivk ;
to : gh_5013f37369ce ;
time : 1461481229 ;
type : event ;
event : VIEW ;
tousername : gh_5013f37369ce ;
fromusername : oqCObuO01RDHY7sUV1Qkj7Kj3ivk ;
createtime : 1461481229 ;
msgtype : event ;
eventkey : http://mp.weixin.qq.com/s?__biz=MzA5MzE5NzExNw==&mid=10001097&idx=1&sn=8338ffe385dcd8dd1f376fc1a2fd50ff&scene=18#rd ;
menuid : 208007648 ;

2016-04-24 15:00:08 params :
------------
Array:
rule : -2 ;
module :  ;
message : Array ;

2016-04-24 15:00:08 response :
------------

2016-04-24 16:01:49 trace :
------------
Array:
from : oqCObuO01RDHY7sUV1Qkj7Kj3ivk ;
to : gh_5013f37369ce ;
time : 1461484930 ;
type : event ;
event : VIEW ;
tousername : gh_5013f37369ce ;
fromusername : oqCObuO01RDHY7sUV1Qkj7Kj3ivk ;
createtime : 1461484930 ;
msgtype : event ;
eventkey : http://mp.weixin.qq.com/s?__biz=MzA5MzE5NzExNw==&mid=10001097&idx=1&sn=8338ffe385dcd8dd1f376fc1a2fd50ff&scene=18#rd ;
menuid : 208007648 ;

2016-04-24 16:01:49 params :
------------
Array:
rule : -2 ;
module :  ;
message : Array ;

2016-04-24 16:01:49 response :
------------

2016-04-24 16:02:51 trace :
------------
Array:
from : oqCObuO01RDHY7sUV1Qkj7Kj3ivk ;
to : gh_5013f37369ce ;
time : 1461484992 ;
type : event ;
event : VIEW ;
tousername : gh_5013f37369ce ;
fromusername : oqCObuO01RDHY7sUV1Qkj7Kj3ivk ;
createtime : 1461484992 ;
msgtype : event ;
eventkey : http://mp.weixin.qq.com/s?__biz=MzA5MzE5NzExNw==&mid=10001097&idx=1&sn=8338ffe385dcd8dd1f376fc1a2fd50ff&scene=18#rd ;
menuid : 208007648 ;

2016-04-24 16:02:51 params :
------------
Array:
rule : -2 ;
module :  ;
message : Array ;

2016-04-24 16:02:51 response :
------------

2016-04-24 17:00:25 trace :
------------
Array:
from : oqCObuGs2sAQyOLtG96297IiglGU ;
to : gh_5013f37369ce ;
time : 1461488446 ;
type : event ;
event : subscribe ;
tousername : gh_5013f37369ce ;
fromusername : oqCObuGs2sAQyOLtG96297IiglGU ;
createtime : 1461488446 ;
msgtype : event ;
eventkey :  ;

2016-04-24 17:00:25 params :
------------
Array:
rule : -2 ;
module :  ;
message : Array ;

2016-04-24 17:00:25 response :
------------

2016-04-24 17:00:39 trace :
------------
Array:
from : oqCObuGs2sAQyOLtG96297IiglGU ;
to : gh_5013f37369ce ;
time : 1461488460 ;
type : event ;
event : VIEW ;
tousername : gh_5013f37369ce ;
fromusername : oqCObuGs2sAQyOLtG96297IiglGU ;
createtime : 1461488460 ;
msgtype : event ;
eventkey : http://mp.weixin.qq.com/s?__biz=MzA5MzE5NzExNw==&mid=10001097&idx=1&sn=8338ffe385dcd8dd1f376fc1a2fd50ff&scene=18#rd ;
menuid : 208007648 ;

2016-04-24 17:00:39 params :
------------
Array:
rule : -2 ;
module :  ;
message : Array ;

2016-04-24 17:00:39 response :
------------

2016-04-24 17:00:58 trace :
------------
Array:
from : oqCObuGs2sAQyOLtG96297IiglGU ;
to : gh_5013f37369ce ;
time : 1461488479 ;
type : event ;
event : VIEW ;
tousername : gh_5013f37369ce ;
fromusername : oqCObuGs2sAQyOLtG96297IiglGU ;
createtime : 1461488479 ;
msgtype : event ;
eventkey : http://mp.weixin.qq.com/s?__biz=MzA5MzE5NzExNw==&mid=10001097&idx=1&sn=8338ffe385dcd8dd1f376fc1a2fd50ff&scene=18#rd ;
menuid : 208007648 ;

2016-04-24 17:00:58 params :
------------
Array:
rule : -2 ;
module :  ;
message : Array ;

2016-04-24 17:00:58 response :
------------

2016-04-24 17:02:07 trace :
------------
Array:
from : oqCObuGs2sAQyOLtG96297IiglGU ;
to : gh_5013f37369ce ;
time : 1461488548 ;
type : event ;
event : VIEW ;
tousername : gh_5013f37369ce ;
fromusername : oqCObuGs2sAQyOLtG96297IiglGU ;
createtime : 1461488548 ;
msgtype : event ;
eventkey : http://mp.weixin.qq.com/s?__biz=MzA5MzE5NzExNw==&mid=10001097&idx=1&sn=8338ffe385dcd8dd1f376fc1a2fd50ff&scene=18#rd ;
menuid : 208007648 ;

2016-04-24 17:02:07 params :
------------
Array:
rule : -2 ;
module :  ;
message : Array ;

2016-04-24 17:02:07 response :
------------

2016-04-24 17:11:01 trace :
------------
Array:
from : oqCObuAj43pICzPPXjzOxd3uojAE ;
to : gh_5013f37369ce ;
time : 1461489083 ;
type : event ;
event : VIEW ;
tousername : gh_5013f37369ce ;
fromusername : oqCObuAj43pICzPPXjzOxd3uojAE ;
createtime : 1461489083 ;
msgtype : event ;
eventkey : http://mp.weixin.qq.com/s?__biz=MzA5MzE5NzExNw==&mid=10001097&idx=1&sn=8338ffe385dcd8dd1f376fc1a2fd50ff&scene=18#rd ;
menuid : 208007648 ;

2016-04-24 17:11:01 params :
------------
Array:
rule : -2 ;
module :  ;
message : Array ;

2016-04-24 17:11:01 response :
------------

2016-04-24 17:11:10 trace :
------------
Array:
from : oqCObuAj43pICzPPXjzOxd3uojAE ;
to : gh_5013f37369ce ;
time : 1461489091 ;
type : event ;
event : VIEW ;
tousername : gh_5013f37369ce ;
fromusername : oqCObuAj43pICzPPXjzOxd3uojAE ;
createtime : 1461489091 ;
msgtype : event ;
eventkey : http://mp.weixin.qq.com/s?__biz=MzA5MzE5NzExNw==&mid=10001097&idx=1&sn=8338ffe385dcd8dd1f376fc1a2fd50ff&scene=18#rd ;
menuid : 208007648 ;

2016-04-24 17:11:10 params :
------------
Array:
rule : -2 ;
module :  ;
message : Array ;

2016-04-24 17:11:10 response :
------------

2016-04-24 19:36:35 trace :
------------
Array:
from : oqCObuESFzUUGTRJXoD2h3G6jxgk ;
to : gh_5013f37369ce ;
time : 1461497816 ;
type : event ;
event : VIEW ;
tousername : gh_5013f37369ce ;
fromusername : oqCObuESFzUUGTRJXoD2h3G6jxgk ;
createtime : 1461497816 ;
msgtype : event ;
eventkey : http://mp.weixin.qq.com/s?__biz=MzA5MzE5NzExNw==&mid=10001097&idx=1&sn=8338ffe385dcd8dd1f376fc1a2fd50ff&scene=18#rd ;
menuid : 208007648 ;

2016-04-24 19:36:35 params :
------------
Array:
rule : -2 ;
module :  ;
message : Array ;

2016-04-24 19:36:35 response :
------------

