2016-03-10 08:21:41 trace :
------------
Array:
from : oqCObuD4mQ2S6xGFJIkr8kT1u_IA ;
to : gh_5013f37369ce ;
time : 1457569309 ;
type : event ;
event : VIEW ;
tousername : gh_5013f37369ce ;
fromusername : oqCObuD4mQ2S6xGFJIkr8kT1u_IA ;
createtime : 1457569309 ;
msgtype : event ;
eventkey : http://mp.weixin.qq.com/s?__biz=MzA5MzE5NzExNw==&mid=10001097&idx=1&sn=8338ffe385dcd8dd1f376fc1a2fd50ff&scene=18#rd ;
menuid : 208007648 ;

2016-03-10 08:21:41 params :
------------
Array:
rule : -2 ;
module :  ;
message : Array ;

2016-03-10 08:21:41 response :
------------

2016-03-10 08:21:47 trace :
------------
Array:
from : oqCObuD4mQ2S6xGFJIkr8kT1u_IA ;
to : gh_5013f37369ce ;
time : 1457569318 ;
type : event ;
event : VIEW ;
tousername : gh_5013f37369ce ;
fromusername : oqCObuD4mQ2S6xGFJIkr8kT1u_IA ;
createtime : 1457569318 ;
msgtype : event ;
eventkey : http://mp.weixin.qq.com/s?__biz=MzA5MzE5NzExNw==&mid=10001097&idx=1&sn=8338ffe385dcd8dd1f376fc1a2fd50ff&scene=18#rd ;
menuid : 208007648 ;

2016-03-10 08:21:47 params :
------------
Array:
rule : -2 ;
module :  ;
message : Array ;

2016-03-10 08:21:47 response :
------------

2016-03-10 08:49:17 trace :
------------
Array:
from : oqCObuBQJBgJiCwQTj2wX2SQNzHA ;
to : gh_5013f37369ce ;
time : 1457570968 ;
type : event ;
event : VIEW ;
tousername : gh_5013f37369ce ;
fromusername : oqCObuBQJBgJiCwQTj2wX2SQNzHA ;
createtime : 1457570968 ;
msgtype : event ;
eventkey : http://mp.weixin.qq.com/s?__biz=MzA5MzE5NzExNw==&mid=10001097&idx=1&sn=8338ffe385dcd8dd1f376fc1a2fd50ff&scene=18#rd ;
menuid : 208007648 ;

2016-03-10 08:49:17 params :
------------
Array:
rule : -2 ;
module :  ;
message : Array ;

2016-03-10 08:49:17 response :
------------

2016-03-10 08:49:27 trace :
------------
Array:
from : oqCObuBQJBgJiCwQTj2wX2SQNzHA ;
to : gh_5013f37369ce ;
time : 1457570977 ;
type : event ;
event : VIEW ;
tousername : gh_5013f37369ce ;
fromusername : oqCObuBQJBgJiCwQTj2wX2SQNzHA ;
createtime : 1457570977 ;
msgtype : event ;
eventkey : http://mp.weixin.qq.com/s?__biz=MzA5MzE5NzExNw==&mid=10001097&idx=1&sn=8338ffe385dcd8dd1f376fc1a2fd50ff&scene=18#rd ;
menuid : 208007648 ;

2016-03-10 08:49:27 params :
------------
Array:
rule : -2 ;
module :  ;
message : Array ;

2016-03-10 08:49:27 response :
------------

2016-03-10 10:09:39 trace :
------------
Array:
from : oqCObuGWeRMA2fVj2YoU1UJkvbZU ;
to : gh_5013f37369ce ;
time : 1457575789 ;
type : event ;
event : VIEW ;
tousername : gh_5013f37369ce ;
fromusername : oqCObuGWeRMA2fVj2YoU1UJkvbZU ;
createtime : 1457575789 ;
msgtype : event ;
eventkey : http://mp.weixin.qq.com/s?__biz=MzA5MzE5NzExNw==&mid=10001097&idx=1&sn=8338ffe385dcd8dd1f376fc1a2fd50ff&scene=18#rd ;
menuid : 208007648 ;

2016-03-10 10:09:39 params :
------------
Array:
rule : -2 ;
module :  ;
message : Array ;

2016-03-10 10:09:39 response :
------------

2016-03-10 12:12:34 trace :
------------
Array:
from : oqCObuH3kzh_R577Y9ylfTf3YH5k ;
to : gh_5013f37369ce ;
time : 1457583165 ;
type : event ;
event : VIEW ;
tousername : gh_5013f37369ce ;
fromusername : oqCObuH3kzh_R577Y9ylfTf3YH5k ;
createtime : 1457583165 ;
msgtype : event ;
eventkey : http://mp.weixin.qq.com/s?__biz=MzA5MzE5NzExNw==&mid=10001097&idx=1&sn=8338ffe385dcd8dd1f376fc1a2fd50ff&scene=18#rd ;
menuid : 208007648 ;

2016-03-10 12:12:34 params :
------------
Array:
rule : -2 ;
module :  ;
message : Array ;

2016-03-10 12:12:34 response :
------------

2016-03-10 12:12:41 trace :
------------
Array:
from : oqCObuH3kzh_R577Y9ylfTf3YH5k ;
to : gh_5013f37369ce ;
time : 1457583171 ;
type : event ;
event : VIEW ;
tousername : gh_5013f37369ce ;
fromusername : oqCObuH3kzh_R577Y9ylfTf3YH5k ;
createtime : 1457583171 ;
msgtype : event ;
eventkey : http://mp.weixin.qq.com/s?__biz=MzA5MzE5NzExNw==&mid=10001097&idx=1&sn=8338ffe385dcd8dd1f376fc1a2fd50ff&scene=18#rd ;
menuid : 208007648 ;

2016-03-10 12:12:41 params :
------------
Array:
rule : -2 ;
module :  ;
message : Array ;

2016-03-10 12:12:41 response :
------------

2016-03-10 13:15:50 trace :
------------
Array:
from : oqCObuGBHZLHqfrlSOHA9fN0WcHQ ;
to : gh_5013f37369ce ;
time : 1457586960 ;
type : event ;
event : subscribe ;
tousername : gh_5013f37369ce ;
fromusername : oqCObuGBHZLHqfrlSOHA9fN0WcHQ ;
createtime : 1457586960 ;
msgtype : event ;
eventkey :  ;

2016-03-10 13:15:50 params :
------------
Array:
rule : -2 ;
module :  ;
message : Array ;

2016-03-10 13:15:50 response :
------------

2016-03-10 13:15:57 trace :
------------
Array:
from : oqCObuGBHZLHqfrlSOHA9fN0WcHQ ;
to : gh_5013f37369ce ;
time : 1457586964 ;
type : event ;
event : VIEW ;
tousername : gh_5013f37369ce ;
fromusername : oqCObuGBHZLHqfrlSOHA9fN0WcHQ ;
createtime : 1457586964 ;
msgtype : event ;
eventkey : http://mp.weixin.qq.com/s?__biz=MzA5MzE5NzExNw==&mid=10001097&idx=1&sn=8338ffe385dcd8dd1f376fc1a2fd50ff&scene=18#rd ;
menuid : 208007648 ;

2016-03-10 13:15:57 params :
------------
Array:
rule : -2 ;
module :  ;
message : Array ;

2016-03-10 13:15:57 response :
------------

2016-03-10 13:16:01 trace :
------------
Array:
from : oqCObuGBHZLHqfrlSOHA9fN0WcHQ ;
to : gh_5013f37369ce ;
time : 1457586971 ;
type : event ;
event : VIEW ;
tousername : gh_5013f37369ce ;
fromusername : oqCObuGBHZLHqfrlSOHA9fN0WcHQ ;
createtime : 1457586971 ;
msgtype : event ;
eventkey : http://mp.weixin.qq.com/s?__biz=MzA5MzE5NzExNw==&mid=10001097&idx=1&sn=8338ffe385dcd8dd1f376fc1a2fd50ff&scene=18#rd ;
menuid : 208007648 ;

2016-03-10 13:16:01 params :
------------
Array:
rule : -2 ;
module :  ;
message : Array ;

2016-03-10 13:16:01 response :
------------

2016-03-10 13:16:06 trace :
------------
Array:
from : oqCObuGBHZLHqfrlSOHA9fN0WcHQ ;
to : gh_5013f37369ce ;
time : 1457586976 ;
type : event ;
event : VIEW ;
tousername : gh_5013f37369ce ;
fromusername : oqCObuGBHZLHqfrlSOHA9fN0WcHQ ;
createtime : 1457586976 ;
msgtype : event ;
eventkey : http://mp.weixin.qq.com/s?__biz=MzA5MzE5NzExNw==&mid=10001097&idx=1&sn=8338ffe385dcd8dd1f376fc1a2fd50ff&scene=18#rd ;
menuid : 208007648 ;

2016-03-10 13:16:06 params :
------------
Array:
rule : -2 ;
module :  ;
message : Array ;

2016-03-10 13:16:06 response :
------------

2016-03-10 13:16:23 trace :
------------
Array:
from : oqCObuGBHZLHqfrlSOHA9fN0WcHQ ;
to : gh_5013f37369ce ;
time : 1457586993 ;
type : event ;
event : VIEW ;
tousername : gh_5013f37369ce ;
fromusername : oqCObuGBHZLHqfrlSOHA9fN0WcHQ ;
createtime : 1457586993 ;
msgtype : event ;
eventkey : http://mp.weixin.qq.com/s?__biz=MzA5MzE5NzExNw==&mid=10001097&idx=1&sn=8338ffe385dcd8dd1f376fc1a2fd50ff&scene=18#rd ;
menuid : 208007648 ;

2016-03-10 13:16:23 params :
------------
Array:
rule : -2 ;
module :  ;
message : Array ;

2016-03-10 13:16:23 response :
------------

2016-03-10 13:16:45 trace :
------------
Array:
from : oqCObuGBHZLHqfrlSOHA9fN0WcHQ ;
to : gh_5013f37369ce ;
time : 1457587015 ;
type : event ;
event : VIEW ;
tousername : gh_5013f37369ce ;
fromusername : oqCObuGBHZLHqfrlSOHA9fN0WcHQ ;
createtime : 1457587015 ;
msgtype : event ;
eventkey : http://mp.weixin.qq.com/s?__biz=MzA5MzE5NzExNw==&mid=10001097&idx=1&sn=8338ffe385dcd8dd1f376fc1a2fd50ff&scene=18#rd ;
menuid : 208007648 ;

2016-03-10 13:16:45 params :
------------
Array:
rule : -2 ;
module :  ;
message : Array ;

2016-03-10 13:16:45 response :
------------

2016-03-10 13:16:51 trace :
------------
Array:
from : oqCObuGBHZLHqfrlSOHA9fN0WcHQ ;
to : gh_5013f37369ce ;
time : 1457587022 ;
type : event ;
event : VIEW ;
tousername : gh_5013f37369ce ;
fromusername : oqCObuGBHZLHqfrlSOHA9fN0WcHQ ;
createtime : 1457587022 ;
msgtype : event ;
eventkey : http://mp.weixin.qq.com/s?__biz=MzA5MzE5NzExNw==&mid=10001097&idx=1&sn=8338ffe385dcd8dd1f376fc1a2fd50ff&scene=18#rd ;
menuid : 208007648 ;

2016-03-10 13:16:51 params :
------------
Array:
rule : -2 ;
module :  ;
message : Array ;

2016-03-10 13:16:51 response :
------------

2016-03-10 13:17:34 trace :
------------
Array:
from : oqCObuGBHZLHqfrlSOHA9fN0WcHQ ;
to : gh_5013f37369ce ;
time : 1457587065 ;
type : event ;
event : VIEW ;
tousername : gh_5013f37369ce ;
fromusername : oqCObuGBHZLHqfrlSOHA9fN0WcHQ ;
createtime : 1457587065 ;
msgtype : event ;
eventkey : http://mp.weixin.qq.com/s?__biz=MzA5MzE5NzExNw==&mid=10001097&idx=1&sn=8338ffe385dcd8dd1f376fc1a2fd50ff&scene=18#rd ;
menuid : 208007648 ;

2016-03-10 13:17:34 params :
------------
Array:
rule : -2 ;
module :  ;
message : Array ;

2016-03-10 13:17:34 response :
------------

2016-03-10 13:17:42 trace :
------------
Array:
from : oqCObuGBHZLHqfrlSOHA9fN0WcHQ ;
to : gh_5013f37369ce ;
time : 1457587072 ;
type : event ;
event : VIEW ;
tousername : gh_5013f37369ce ;
fromusername : oqCObuGBHZLHqfrlSOHA9fN0WcHQ ;
createtime : 1457587072 ;
msgtype : event ;
eventkey : http://mp.weixin.qq.com/s?__biz=MzA5MzE5NzExNw==&mid=10001097&idx=1&sn=8338ffe385dcd8dd1f376fc1a2fd50ff&scene=18#rd ;
menuid : 208007648 ;

2016-03-10 13:17:42 params :
------------
Array:
rule : -2 ;
module :  ;
message : Array ;

2016-03-10 13:17:42 response :
------------

2016-03-10 13:19:01 trace :
------------
Array:
from : oqCObuIIbzel81qTMebrhoSOjfx0 ;
to : gh_5013f37369ce ;
time : 1457587152 ;
type : event ;
event : VIEW ;
tousername : gh_5013f37369ce ;
fromusername : oqCObuIIbzel81qTMebrhoSOjfx0 ;
createtime : 1457587152 ;
msgtype : event ;
eventkey : http://mp.weixin.qq.com/s?__biz=MzA5MzE5NzExNw==&mid=10001097&idx=1&sn=8338ffe385dcd8dd1f376fc1a2fd50ff&scene=18#rd ;
menuid : 208007648 ;

2016-03-10 13:19:01 params :
------------
Array:
rule : -2 ;
module :  ;
message : Array ;

2016-03-10 13:19:01 response :
------------

2016-03-10 13:19:02 trace :
------------
Array:
from : oqCObuGBHZLHqfrlSOHA9fN0WcHQ ;
to : gh_5013f37369ce ;
time : 1457587152 ;
type : event ;
event : VIEW ;
tousername : gh_5013f37369ce ;
fromusername : oqCObuGBHZLHqfrlSOHA9fN0WcHQ ;
createtime : 1457587152 ;
msgtype : event ;
eventkey : http://mp.weixin.qq.com/s?__biz=MzA5MzE5NzExNw==&mid=10001097&idx=1&sn=8338ffe385dcd8dd1f376fc1a2fd50ff&scene=18#rd ;
menuid : 208007648 ;

2016-03-10 13:19:02 params :
------------
Array:
rule : -2 ;
module :  ;
message : Array ;

2016-03-10 13:19:02 response :
------------

2016-03-10 13:19:08 trace :
------------
Array:
from : oqCObuIIbzel81qTMebrhoSOjfx0 ;
to : gh_5013f37369ce ;
time : 1457587149 ;
type : event ;
event : subscribe ;
tousername : gh_5013f37369ce ;
fromusername : oqCObuIIbzel81qTMebrhoSOjfx0 ;
createtime : 1457587149 ;
msgtype : event ;
eventkey :  ;

2016-03-10 13:19:08 params :
------------
Array:
rule : -2 ;
module :  ;
message : Array ;

2016-03-10 13:19:08 response :
------------

2016-03-10 13:19:15 trace :
------------
Array:
from : oqCObuIIbzel81qTMebrhoSOjfx0 ;
to : gh_5013f37369ce ;
time : 1457587165 ;
type : event ;
event : VIEW ;
tousername : gh_5013f37369ce ;
fromusername : oqCObuIIbzel81qTMebrhoSOjfx0 ;
createtime : 1457587165 ;
msgtype : event ;
eventkey : http://mp.weixin.qq.com/s?__biz=MzA5MzE5NzExNw==&mid=10001097&idx=1&sn=8338ffe385dcd8dd1f376fc1a2fd50ff&scene=18#rd ;
menuid : 208007648 ;

2016-03-10 13:19:15 params :
------------
Array:
rule : -2 ;
module :  ;
message : Array ;

2016-03-10 13:19:15 response :
------------

2016-03-10 13:19:21 trace :
------------
Array:
from : oqCObuIIbzel81qTMebrhoSOjfx0 ;
to : gh_5013f37369ce ;
time : 1457587171 ;
type : event ;
event : VIEW ;
tousername : gh_5013f37369ce ;
fromusername : oqCObuIIbzel81qTMebrhoSOjfx0 ;
createtime : 1457587171 ;
msgtype : event ;
eventkey : http://mp.weixin.qq.com/s?__biz=MzA5MzE5NzExNw==&mid=10001097&idx=1&sn=8338ffe385dcd8dd1f376fc1a2fd50ff&scene=18#rd ;
menuid : 208007648 ;

2016-03-10 13:19:21 params :
------------
Array:
rule : -2 ;
module :  ;
message : Array ;

2016-03-10 13:19:21 response :
------------

2016-03-10 13:19:25 trace :
------------
Array:
from : oqCObuIIbzel81qTMebrhoSOjfx0 ;
to : gh_5013f37369ce ;
time : 1457587175 ;
type : event ;
event : VIEW ;
tousername : gh_5013f37369ce ;
fromusername : oqCObuIIbzel81qTMebrhoSOjfx0 ;
createtime : 1457587175 ;
msgtype : event ;
eventkey : http://mp.weixin.qq.com/s?__biz=MzA5MzE5NzExNw==&mid=10001097&idx=1&sn=8338ffe385dcd8dd1f376fc1a2fd50ff&scene=18#rd ;
menuid : 208007648 ;

2016-03-10 13:19:25 params :
------------
Array:
rule : -2 ;
module :  ;
message : Array ;

2016-03-10 13:19:25 response :
------------

2016-03-10 13:19:36 trace :
------------
Array:
from : oqCObuIIbzel81qTMebrhoSOjfx0 ;
to : gh_5013f37369ce ;
time : 1457587187 ;
type : event ;
event : VIEW ;
tousername : gh_5013f37369ce ;
fromusername : oqCObuIIbzel81qTMebrhoSOjfx0 ;
createtime : 1457587187 ;
msgtype : event ;
eventkey : http://mp.weixin.qq.com/s?__biz=MzA5MzE5NzExNw==&mid=10001097&idx=1&sn=8338ffe385dcd8dd1f376fc1a2fd50ff&scene=18#rd ;
menuid : 208007648 ;

2016-03-10 13:19:36 params :
------------
Array:
rule : -2 ;
module :  ;
message : Array ;

2016-03-10 13:19:36 response :
------------

2016-03-10 13:20:50 trace :
------------
Array:
from : oqCObuIIbzel81qTMebrhoSOjfx0 ;
to : gh_5013f37369ce ;
time : 1457587261 ;
type : event ;
event : VIEW ;
tousername : gh_5013f37369ce ;
fromusername : oqCObuIIbzel81qTMebrhoSOjfx0 ;
createtime : 1457587261 ;
msgtype : event ;
eventkey : http://mp.weixin.qq.com/s?__biz=MzA5MzE5NzExNw==&mid=10001097&idx=1&sn=8338ffe385dcd8dd1f376fc1a2fd50ff&scene=18#rd ;
menuid : 208007648 ;

2016-03-10 13:20:50 params :
------------
Array:
rule : -2 ;
module :  ;
message : Array ;

2016-03-10 13:20:50 response :
------------

2016-03-10 13:20:52 trace :
------------
Array:
from : oqCObuIIbzel81qTMebrhoSOjfx0 ;
to : gh_5013f37369ce ;
time : 1457587263 ;
type : event ;
event : VIEW ;
tousername : gh_5013f37369ce ;
fromusername : oqCObuIIbzel81qTMebrhoSOjfx0 ;
createtime : 1457587263 ;
msgtype : event ;
eventkey : http://mp.weixin.qq.com/s?__biz=MzA5MzE5NzExNw==&mid=10001097&idx=1&sn=8338ffe385dcd8dd1f376fc1a2fd50ff&scene=18#rd ;
menuid : 208007648 ;

2016-03-10 13:20:52 params :
------------
Array:
rule : -2 ;
module :  ;
message : Array ;

2016-03-10 13:20:52 response :
------------

2016-03-10 14:32:53 trace :
------------
Array:
from : oqCObuH_elHNdBQXiiKOJPuHVOTg ;
to : gh_5013f37369ce ;
time : 1457591584 ;
type : event ;
event : subscribe ;
tousername : gh_5013f37369ce ;
fromusername : oqCObuH_elHNdBQXiiKOJPuHVOTg ;
createtime : 1457591584 ;
msgtype : event ;
eventkey :  ;

2016-03-10 14:32:53 params :
------------
Array:
rule : -2 ;
module :  ;
message : Array ;

2016-03-10 14:32:53 response :
------------

2016-03-10 14:33:01 trace :
------------
Array:
from : oqCObuH_elHNdBQXiiKOJPuHVOTg ;
to : gh_5013f37369ce ;
time : 1457591591 ;
type : text ;
event :  ;
tousername : gh_5013f37369ce ;
fromusername : oqCObuH_elHNdBQXiiKOJPuHVOTg ;
createtime : 1457591591 ;
msgtype : text ;
content : 你好 ;
msgid : 6260308214671947631 ;
redirection :  ;
source :  ;

2016-03-10 14:33:01 params :
------------
Array:
rule : -2 ;
module :  ;
message : Array ;

2016-03-10 14:33:01 response :
------------

2016-03-10 14:33:21 trace :
------------
Array:
from : oqCObuH_elHNdBQXiiKOJPuHVOTg ;
to : gh_5013f37369ce ;
time : 1457591608 ;
type : event ;
event : VIEW ;
tousername : gh_5013f37369ce ;
fromusername : oqCObuH_elHNdBQXiiKOJPuHVOTg ;
createtime : 1457591608 ;
msgtype : event ;
eventkey : http://mp.weixin.qq.com/s?__biz=MzA5MzE5NzExNw==&mid=10001097&idx=1&sn=8338ffe385dcd8dd1f376fc1a2fd50ff&scene=18#rd ;
menuid : 208007648 ;

2016-03-10 14:33:21 params :
------------
Array:
rule : -2 ;
module :  ;
message : Array ;

2016-03-10 14:33:21 response :
------------

2016-03-10 14:35:07 trace :
------------
Array:
from : oqCObuH_elHNdBQXiiKOJPuHVOTg ;
to : gh_5013f37369ce ;
time : 1457591717 ;
type : event ;
event : VIEW ;
tousername : gh_5013f37369ce ;
fromusername : oqCObuH_elHNdBQXiiKOJPuHVOTg ;
createtime : 1457591717 ;
msgtype : event ;
eventkey : http://mp.weixin.qq.com/s?__biz=MzA5MzE5NzExNw==&mid=10001097&idx=1&sn=8338ffe385dcd8dd1f376fc1a2fd50ff&scene=18#rd ;
menuid : 208007648 ;

2016-03-10 14:35:07 params :
------------
Array:
rule : -2 ;
module :  ;
message : Array ;

2016-03-10 14:35:07 response :
------------

2016-03-10 16:17:08 trace :
------------
Array:
from : oqCObuN-KQBYTYxPdnQzFILvrObg ;
to : gh_5013f37369ce ;
time : 1457597838 ;
type : event ;
event : VIEW ;
tousername : gh_5013f37369ce ;
fromusername : oqCObuN-KQBYTYxPdnQzFILvrObg ;
createtime : 1457597838 ;
msgtype : event ;
eventkey : http://mp.weixin.qq.com/s?__biz=MzA5MzE5NzExNw==&mid=10001097&idx=1&sn=8338ffe385dcd8dd1f376fc1a2fd50ff&scene=18#rd ;
menuid : 208007648 ;

2016-03-10 16:17:08 params :
------------
Array:
rule : -2 ;
module :  ;
message : Array ;

2016-03-10 16:17:08 response :
------------

2016-03-10 16:17:16 trace :
------------
Array:
from : oqCObuN-KQBYTYxPdnQzFILvrObg ;
to : gh_5013f37369ce ;
time : 1457597846 ;
type : event ;
event : VIEW ;
tousername : gh_5013f37369ce ;
fromusername : oqCObuN-KQBYTYxPdnQzFILvrObg ;
createtime : 1457597846 ;
msgtype : event ;
eventkey : http://mp.weixin.qq.com/s?__biz=MzA5MzE5NzExNw==&mid=10001097&idx=1&sn=8338ffe385dcd8dd1f376fc1a2fd50ff&scene=18#rd ;
menuid : 208007648 ;

2016-03-10 16:17:16 params :
------------
Array:
rule : -2 ;
module :  ;
message : Array ;

2016-03-10 16:17:16 response :
------------

2016-03-10 16:17:27 trace :
------------
Array:
from : oqCObuN-KQBYTYxPdnQzFILvrObg ;
to : gh_5013f37369ce ;
time : 1457597858 ;
type : event ;
event : VIEW ;
tousername : gh_5013f37369ce ;
fromusername : oqCObuN-KQBYTYxPdnQzFILvrObg ;
createtime : 1457597858 ;
msgtype : event ;
eventkey : http://mp.weixin.qq.com/s?__biz=MzA5MzE5NzExNw==&mid=10001097&idx=1&sn=8338ffe385dcd8dd1f376fc1a2fd50ff&scene=18#rd ;
menuid : 208007648 ;

2016-03-10 16:17:27 params :
------------
Array:
rule : -2 ;
module :  ;
message : Array ;

2016-03-10 16:17:27 response :
------------

2016-03-10 16:17:41 trace :
------------
Array:
from : oqCObuN-KQBYTYxPdnQzFILvrObg ;
to : gh_5013f37369ce ;
time : 1457597871 ;
type : event ;
event : VIEW ;
tousername : gh_5013f37369ce ;
fromusername : oqCObuN-KQBYTYxPdnQzFILvrObg ;
createtime : 1457597871 ;
msgtype : event ;
eventkey : http://mp.weixin.qq.com/s?__biz=MzA5MzE5NzExNw==&mid=10001097&idx=1&sn=8338ffe385dcd8dd1f376fc1a2fd50ff&scene=18#rd ;
menuid : 208007648 ;

2016-03-10 16:17:41 params :
------------
Array:
rule : -2 ;
module :  ;
message : Array ;

2016-03-10 16:17:41 response :
------------

2016-03-10 16:18:05 trace :
------------
Array:
from : oqCObuN-KQBYTYxPdnQzFILvrObg ;
to : gh_5013f37369ce ;
time : 1457597896 ;
type : event ;
event : VIEW ;
tousername : gh_5013f37369ce ;
fromusername : oqCObuN-KQBYTYxPdnQzFILvrObg ;
createtime : 1457597896 ;
msgtype : event ;
eventkey : http://mp.weixin.qq.com/s?__biz=MzA5MzE5NzExNw==&mid=10001097&idx=1&sn=8338ffe385dcd8dd1f376fc1a2fd50ff&scene=18#rd ;
menuid : 208007648 ;

2016-03-10 16:18:05 params :
------------
Array:
rule : -2 ;
module :  ;
message : Array ;

2016-03-10 16:18:05 response :
------------

2016-03-10 16:41:26 trace :
------------
Array:
from : oqCObuIfR7-h4YjjqYwrCwRRmGeQ ;
to : gh_5013f37369ce ;
time : 1457599297 ;
type : event ;
event : VIEW ;
tousername : gh_5013f37369ce ;
fromusername : oqCObuIfR7-h4YjjqYwrCwRRmGeQ ;
createtime : 1457599297 ;
msgtype : event ;
eventkey : http://mp.weixin.qq.com/s?__biz=MzA5MzE5NzExNw==&mid=10001097&idx=1&sn=8338ffe385dcd8dd1f376fc1a2fd50ff&scene=18#rd ;
menuid : 208007648 ;

2016-03-10 16:41:26 params :
------------
Array:
rule : -2 ;
module :  ;
message : Array ;

2016-03-10 16:41:26 response :
------------

2016-03-10 16:44:09 trace :
------------
Array:
from : oqCObuLOWsxeWiQMSrsSiCpEcq2g ;
to : gh_5013f37369ce ;
time : 1457599456 ;
type : event ;
event : subscribe ;
tousername : gh_5013f37369ce ;
fromusername : oqCObuLOWsxeWiQMSrsSiCpEcq2g ;
createtime : 1457599456 ;
msgtype : event ;
eventkey :  ;

2016-03-10 16:44:09 params :
------------
Array:
rule : -2 ;
module :  ;
message : Array ;

2016-03-10 16:44:09 response :
------------

2016-03-10 16:44:14 trace :
------------
Array:
from : oqCObuLOWsxeWiQMSrsSiCpEcq2g ;
to : gh_5013f37369ce ;
time : 1457599464 ;
type : event ;
event : VIEW ;
tousername : gh_5013f37369ce ;
fromusername : oqCObuLOWsxeWiQMSrsSiCpEcq2g ;
createtime : 1457599464 ;
msgtype : event ;
eventkey : http://mp.weixin.qq.com/s?__biz=MzA5MzE5NzExNw==&mid=10001097&idx=1&sn=8338ffe385dcd8dd1f376fc1a2fd50ff&scene=18#rd ;
menuid : 208007648 ;

2016-03-10 16:44:14 params :
------------
Array:
rule : -2 ;
module :  ;
message : Array ;

2016-03-10 16:44:14 response :
------------

2016-03-10 16:44:22 trace :
------------
Array:
from : oqCObuLOWsxeWiQMSrsSiCpEcq2g ;
to : gh_5013f37369ce ;
time : 1457599472 ;
type : event ;
event : VIEW ;
tousername : gh_5013f37369ce ;
fromusername : oqCObuLOWsxeWiQMSrsSiCpEcq2g ;
createtime : 1457599472 ;
msgtype : event ;
eventkey : http://mp.weixin.qq.com/s?__biz=MzA5MzE5NzExNw==&mid=10001097&idx=1&sn=8338ffe385dcd8dd1f376fc1a2fd50ff&scene=18#rd ;
menuid : 208007648 ;

2016-03-10 16:44:22 params :
------------
Array:
rule : -2 ;
module :  ;
message : Array ;

2016-03-10 16:44:22 response :
------------

2016-03-10 16:44:27 trace :
------------
Array:
from : oqCObuLOWsxeWiQMSrsSiCpEcq2g ;
to : gh_5013f37369ce ;
time : 1457599477 ;
type : event ;
event : VIEW ;
tousername : gh_5013f37369ce ;
fromusername : oqCObuLOWsxeWiQMSrsSiCpEcq2g ;
createtime : 1457599477 ;
msgtype : event ;
eventkey : http://mp.weixin.qq.com/s?__biz=MzA5MzE5NzExNw==&mid=10001097&idx=1&sn=8338ffe385dcd8dd1f376fc1a2fd50ff&scene=18#rd ;
menuid : 208007648 ;

2016-03-10 16:44:27 params :
------------
Array:
rule : -2 ;
module :  ;
message : Array ;

2016-03-10 16:44:27 response :
------------

2016-03-10 16:44:37 trace :
------------
Array:
from : oqCObuJxuCt13vkC4ByfIu4oMBCM ;
to : gh_5013f37369ce ;
time : 1457599487 ;
type : event ;
event : subscribe ;
tousername : gh_5013f37369ce ;
fromusername : oqCObuJxuCt13vkC4ByfIu4oMBCM ;
createtime : 1457599487 ;
msgtype : event ;
eventkey :  ;

2016-03-10 16:44:37 params :
------------
Array:
rule : -2 ;
module :  ;
message : Array ;

2016-03-10 16:44:37 response :
------------

2016-03-10 16:44:42 trace :
------------
Array:
from : oqCObuJxuCt13vkC4ByfIu4oMBCM ;
to : gh_5013f37369ce ;
time : 1457599492 ;
type : event ;
event : VIEW ;
tousername : gh_5013f37369ce ;
fromusername : oqCObuJxuCt13vkC4ByfIu4oMBCM ;
createtime : 1457599492 ;
msgtype : event ;
eventkey : http://mp.weixin.qq.com/s?__biz=MzA5MzE5NzExNw==&mid=10001097&idx=1&sn=8338ffe385dcd8dd1f376fc1a2fd50ff&scene=18#rd ;
menuid : 208007648 ;

2016-03-10 16:44:42 params :
------------
Array:
rule : -2 ;
module :  ;
message : Array ;

2016-03-10 16:44:42 response :
------------

2016-03-10 16:45:12 trace :
------------
Array:
from : oqCObuLOWsxeWiQMSrsSiCpEcq2g ;
to : gh_5013f37369ce ;
time : 1457599522 ;
type : event ;
event : VIEW ;
tousername : gh_5013f37369ce ;
fromusername : oqCObuLOWsxeWiQMSrsSiCpEcq2g ;
createtime : 1457599522 ;
msgtype : event ;
eventkey : http://mp.weixin.qq.com/s?__biz=MzA5MzE5NzExNw==&mid=10001097&idx=1&sn=8338ffe385dcd8dd1f376fc1a2fd50ff&scene=18#rd ;
menuid : 208007648 ;

2016-03-10 16:45:12 params :
------------
Array:
rule : -2 ;
module :  ;
message : Array ;

2016-03-10 16:45:12 response :
------------

2016-03-10 16:45:20 trace :
------------
Array:
from : oqCObuLOWsxeWiQMSrsSiCpEcq2g ;
to : gh_5013f37369ce ;
time : 1457599530 ;
type : event ;
event : VIEW ;
tousername : gh_5013f37369ce ;
fromusername : oqCObuLOWsxeWiQMSrsSiCpEcq2g ;
createtime : 1457599530 ;
msgtype : event ;
eventkey : http://mp.weixin.qq.com/s?__biz=MzA5MzE5NzExNw==&mid=10001097&idx=1&sn=8338ffe385dcd8dd1f376fc1a2fd50ff&scene=18#rd ;
menuid : 208007648 ;

2016-03-10 16:45:20 params :
------------
Array:
rule : -2 ;
module :  ;
message : Array ;

2016-03-10 16:45:20 response :
------------

2016-03-10 16:45:24 trace :
------------
Array:
from : oqCObuLOWsxeWiQMSrsSiCpEcq2g ;
to : gh_5013f37369ce ;
time : 1457599535 ;
type : event ;
event : VIEW ;
tousername : gh_5013f37369ce ;
fromusername : oqCObuLOWsxeWiQMSrsSiCpEcq2g ;
createtime : 1457599535 ;
msgtype : event ;
eventkey : http://mp.weixin.qq.com/s?__biz=MzA5MzE5NzExNw==&mid=10001097&idx=1&sn=8338ffe385dcd8dd1f376fc1a2fd50ff&scene=18#rd ;
menuid : 208007648 ;

2016-03-10 16:45:24 params :
------------
Array:
rule : -2 ;
module :  ;
message : Array ;

2016-03-10 16:45:24 response :
------------

2016-03-10 16:45:28 trace :
------------
Array:
from : oqCObuLOWsxeWiQMSrsSiCpEcq2g ;
to : gh_5013f37369ce ;
time : 1457599538 ;
type : event ;
event : VIEW ;
tousername : gh_5013f37369ce ;
fromusername : oqCObuLOWsxeWiQMSrsSiCpEcq2g ;
createtime : 1457599538 ;
msgtype : event ;
eventkey : http://mp.weixin.qq.com/s?__biz=MzA5MzE5NzExNw==&mid=10001097&idx=1&sn=8338ffe385dcd8dd1f376fc1a2fd50ff&scene=18#rd ;
menuid : 208007648 ;

2016-03-10 16:45:28 params :
------------
Array:
rule : -2 ;
module :  ;
message : Array ;

2016-03-10 16:45:28 response :
------------

2016-03-10 16:45:32 trace :
------------
Array:
from : oqCObuLOWsxeWiQMSrsSiCpEcq2g ;
to : gh_5013f37369ce ;
time : 1457599543 ;
type : event ;
event : VIEW ;
tousername : gh_5013f37369ce ;
fromusername : oqCObuLOWsxeWiQMSrsSiCpEcq2g ;
createtime : 1457599543 ;
msgtype : event ;
eventkey : http://mp.weixin.qq.com/s?__biz=MzA5MzE5NzExNw==&mid=10001097&idx=1&sn=8338ffe385dcd8dd1f376fc1a2fd50ff&scene=18#rd ;
menuid : 208007648 ;

2016-03-10 16:45:32 params :
------------
Array:
rule : -2 ;
module :  ;
message : Array ;

2016-03-10 16:45:32 response :
------------

2016-03-10 16:45:38 trace :
------------
Array:
from : oqCObuJxuCt13vkC4ByfIu4oMBCM ;
to : gh_5013f37369ce ;
time : 1457599549 ;
type : event ;
event : VIEW ;
tousername : gh_5013f37369ce ;
fromusername : oqCObuJxuCt13vkC4ByfIu4oMBCM ;
createtime : 1457599549 ;
msgtype : event ;
eventkey : http://mp.weixin.qq.com/s?__biz=MzA5MzE5NzExNw==&mid=10001097&idx=1&sn=8338ffe385dcd8dd1f376fc1a2fd50ff&scene=18#rd ;
menuid : 208007648 ;

2016-03-10 16:45:38 params :
------------
Array:
rule : -2 ;
module :  ;
message : Array ;

2016-03-10 16:45:38 response :
------------

2016-03-10 16:45:48 trace :
------------
Array:
from : oqCObuLOWsxeWiQMSrsSiCpEcq2g ;
to : gh_5013f37369ce ;
time : 1457599559 ;
type : event ;
event : VIEW ;
tousername : gh_5013f37369ce ;
fromusername : oqCObuLOWsxeWiQMSrsSiCpEcq2g ;
createtime : 1457599559 ;
msgtype : event ;
eventkey : http://mp.weixin.qq.com/s?__biz=MzA5MzE5NzExNw==&mid=10001097&idx=1&sn=8338ffe385dcd8dd1f376fc1a2fd50ff&scene=18#rd ;
menuid : 208007648 ;

2016-03-10 16:45:48 params :
------------
Array:
rule : -2 ;
module :  ;
message : Array ;

2016-03-10 16:45:48 response :
------------

2016-03-10 16:45:52 trace :
------------
Array:
from : oqCObuLOWsxeWiQMSrsSiCpEcq2g ;
to : gh_5013f37369ce ;
time : 1457599562 ;
type : event ;
event : VIEW ;
tousername : gh_5013f37369ce ;
fromusername : oqCObuLOWsxeWiQMSrsSiCpEcq2g ;
createtime : 1457599562 ;
msgtype : event ;
eventkey : http://mp.weixin.qq.com/s?__biz=MzA5MzE5NzExNw==&mid=10001097&idx=1&sn=8338ffe385dcd8dd1f376fc1a2fd50ff&scene=18#rd ;
menuid : 208007648 ;

2016-03-10 16:45:52 params :
------------
Array:
rule : -2 ;
module :  ;
message : Array ;

2016-03-10 16:45:52 response :
------------

2016-03-10 16:45:56 trace :
------------
Array:
from : oqCObuLOWsxeWiQMSrsSiCpEcq2g ;
to : gh_5013f37369ce ;
time : 1457599567 ;
type : event ;
event : VIEW ;
tousername : gh_5013f37369ce ;
fromusername : oqCObuLOWsxeWiQMSrsSiCpEcq2g ;
createtime : 1457599567 ;
msgtype : event ;
eventkey : http://mp.weixin.qq.com/s?__biz=MzA5MzE5NzExNw==&mid=10001097&idx=1&sn=8338ffe385dcd8dd1f376fc1a2fd50ff&scene=18#rd ;
menuid : 208007648 ;

2016-03-10 16:45:56 params :
------------
Array:
rule : -2 ;
module :  ;
message : Array ;

2016-03-10 16:45:56 response :
------------

2016-03-10 16:45:59 trace :
------------
Array:
from : oqCObuLOWsxeWiQMSrsSiCpEcq2g ;
to : gh_5013f37369ce ;
time : 1457599570 ;
type : event ;
event : VIEW ;
tousername : gh_5013f37369ce ;
fromusername : oqCObuLOWsxeWiQMSrsSiCpEcq2g ;
createtime : 1457599570 ;
msgtype : event ;
eventkey : http://mp.weixin.qq.com/s?__biz=MzA5MzE5NzExNw==&mid=10001097&idx=1&sn=8338ffe385dcd8dd1f376fc1a2fd50ff&scene=18#rd ;
menuid : 208007648 ;

2016-03-10 16:45:59 params :
------------
Array:
rule : -2 ;
module :  ;
message : Array ;

2016-03-10 16:45:59 response :
------------

2016-03-10 16:46:05 trace :
------------
Array:
from : oqCObuLOWsxeWiQMSrsSiCpEcq2g ;
to : gh_5013f37369ce ;
time : 1457599575 ;
type : event ;
event : VIEW ;
tousername : gh_5013f37369ce ;
fromusername : oqCObuLOWsxeWiQMSrsSiCpEcq2g ;
createtime : 1457599575 ;
msgtype : event ;
eventkey : http://mp.weixin.qq.com/s?__biz=MzA5MzE5NzExNw==&mid=10001097&idx=1&sn=8338ffe385dcd8dd1f376fc1a2fd50ff&scene=18#rd ;
menuid : 208007648 ;

2016-03-10 16:46:05 params :
------------
Array:
rule : -2 ;
module :  ;
message : Array ;

2016-03-10 16:46:05 response :
------------

2016-03-10 16:46:09 trace :
------------
Array:
from : oqCObuLOWsxeWiQMSrsSiCpEcq2g ;
to : gh_5013f37369ce ;
time : 1457599580 ;
type : event ;
event : VIEW ;
tousername : gh_5013f37369ce ;
fromusername : oqCObuLOWsxeWiQMSrsSiCpEcq2g ;
createtime : 1457599580 ;
msgtype : event ;
eventkey : http://mp.weixin.qq.com/s?__biz=MzA5MzE5NzExNw==&mid=10001097&idx=1&sn=8338ffe385dcd8dd1f376fc1a2fd50ff&scene=18#rd ;
menuid : 208007648 ;

2016-03-10 16:46:09 params :
------------
Array:
rule : -2 ;
module :  ;
message : Array ;

2016-03-10 16:46:09 response :
------------

2016-03-10 16:46:14 trace :
------------
Array:
from : oqCObuLOWsxeWiQMSrsSiCpEcq2g ;
to : gh_5013f37369ce ;
time : 1457599585 ;
type : event ;
event : VIEW ;
tousername : gh_5013f37369ce ;
fromusername : oqCObuLOWsxeWiQMSrsSiCpEcq2g ;
createtime : 1457599585 ;
msgtype : event ;
eventkey : http://mp.weixin.qq.com/s?__biz=MzA5MzE5NzExNw==&mid=10001097&idx=1&sn=8338ffe385dcd8dd1f376fc1a2fd50ff&scene=18#rd ;
menuid : 208007648 ;

2016-03-10 16:46:14 params :
------------
Array:
rule : -2 ;
module :  ;
message : Array ;

2016-03-10 16:46:14 response :
------------

2016-03-10 16:47:05 trace :
------------
Array:
from : oqCObuLOWsxeWiQMSrsSiCpEcq2g ;
to : gh_5013f37369ce ;
time : 1457599636 ;
type : event ;
event : VIEW ;
tousername : gh_5013f37369ce ;
fromusername : oqCObuLOWsxeWiQMSrsSiCpEcq2g ;
createtime : 1457599636 ;
msgtype : event ;
eventkey : http://mp.weixin.qq.com/s?__biz=MzA5MzE5NzExNw==&mid=10001097&idx=1&sn=8338ffe385dcd8dd1f376fc1a2fd50ff&scene=18#rd ;
menuid : 208007648 ;

2016-03-10 16:47:05 params :
------------
Array:
rule : -2 ;
module :  ;
message : Array ;

2016-03-10 16:47:05 response :
------------

2016-03-10 16:47:14 trace :
------------
Array:
from : oqCObuLOWsxeWiQMSrsSiCpEcq2g ;
to : gh_5013f37369ce ;
time : 1457599644 ;
type : event ;
event : VIEW ;
tousername : gh_5013f37369ce ;
fromusername : oqCObuLOWsxeWiQMSrsSiCpEcq2g ;
createtime : 1457599644 ;
msgtype : event ;
eventkey : http://mp.weixin.qq.com/s?__biz=MzA5MzE5NzExNw==&mid=10001097&idx=1&sn=8338ffe385dcd8dd1f376fc1a2fd50ff&scene=18#rd ;
menuid : 208007648 ;

2016-03-10 16:47:14 params :
------------
Array:
rule : -2 ;
module :  ;
message : Array ;

2016-03-10 16:47:14 response :
------------

2016-03-10 18:06:24 trace :
------------
Array:
from : oqCObuCQ1TNXHsyMdKsadbdnYS-I ;
to : gh_5013f37369ce ;
time : 1457604394 ;
type : text ;
event :  ;
tousername : gh_5013f37369ce ;
fromusername : oqCObuCQ1TNXHsyMdKsadbdnYS-I ;
createtime : 1457604394 ;
msgtype : text ;
content : 怎么加盟代理 ;
msgid : 6260363203138241482 ;
redirection :  ;
source :  ;

2016-03-10 18:06:24 params :
------------
Array:
rule : -2 ;
module :  ;
message : Array ;

2016-03-10 18:06:24 response :
------------

2016-03-10 18:09:55 trace :
------------
Array:
from : oqCObuCQ1TNXHsyMdKsadbdnYS-I ;
to : gh_5013f37369ce ;
time : 1457604606 ;
type : event ;
event : VIEW ;
tousername : gh_5013f37369ce ;
fromusername : oqCObuCQ1TNXHsyMdKsadbdnYS-I ;
createtime : 1457604606 ;
msgtype : event ;
eventkey : http://mp.weixin.qq.com/s?__biz=MzA5MzE5NzExNw==&mid=10001097&idx=1&sn=8338ffe385dcd8dd1f376fc1a2fd50ff&scene=18#rd ;
menuid : 208007648 ;

2016-03-10 18:09:55 params :
------------
Array:
rule : -2 ;
module :  ;
message : Array ;

2016-03-10 18:09:55 response :
------------

2016-03-10 18:10:13 trace :
------------
Array:
from : oqCObuCQ1TNXHsyMdKsadbdnYS-I ;
to : gh_5013f37369ce ;
time : 1457604624 ;
type : event ;
event : VIEW ;
tousername : gh_5013f37369ce ;
fromusername : oqCObuCQ1TNXHsyMdKsadbdnYS-I ;
createtime : 1457604624 ;
msgtype : event ;
eventkey : http://mp.weixin.qq.com/s?__biz=MzA5MzE5NzExNw==&mid=10001097&idx=1&sn=8338ffe385dcd8dd1f376fc1a2fd50ff&scene=18#rd ;
menuid : 208007648 ;

2016-03-10 18:10:13 params :
------------
Array:
rule : -2 ;
module :  ;
message : Array ;

2016-03-10 18:10:13 response :
------------

2016-03-10 18:10:21 trace :
------------
Array:
from : oqCObuCQ1TNXHsyMdKsadbdnYS-I ;
to : gh_5013f37369ce ;
time : 1457604631 ;
type : event ;
event : VIEW ;
tousername : gh_5013f37369ce ;
fromusername : oqCObuCQ1TNXHsyMdKsadbdnYS-I ;
createtime : 1457604631 ;
msgtype : event ;
eventkey : http://mp.weixin.qq.com/s?__biz=MzA5MzE5NzExNw==&mid=10001097&idx=1&sn=8338ffe385dcd8dd1f376fc1a2fd50ff&scene=18#rd ;
menuid : 208007648 ;

2016-03-10 18:10:21 params :
------------
Array:
rule : -2 ;
module :  ;
message : Array ;

2016-03-10 18:10:21 response :
------------

2016-03-10 20:15:55 trace :
------------
Array:
from : oqCObuJ7zuLQgd7QIDq7Kyso20JM ;
to : gh_5013f37369ce ;
time : 1457612165 ;
type : event ;
event : subscribe ;
tousername : gh_5013f37369ce ;
fromusername : oqCObuJ7zuLQgd7QIDq7Kyso20JM ;
createtime : 1457612165 ;
msgtype : event ;
eventkey :  ;

2016-03-10 20:15:55 params :
------------
Array:
rule : -2 ;
module :  ;
message : Array ;

2016-03-10 20:15:55 response :
------------

2016-03-10 21:03:34 trace :
------------
Array:
from : oqCObuLQoYEjwByxLWBNTiS47gd0 ;
to : gh_5013f37369ce ;
time : 1457615021 ;
type : event ;
event : subscribe ;
tousername : gh_5013f37369ce ;
fromusername : oqCObuLQoYEjwByxLWBNTiS47gd0 ;
createtime : 1457615021 ;
msgtype : event ;
eventkey :  ;

2016-03-10 21:03:34 params :
------------
Array:
rule : -2 ;
module :  ;
message : Array ;

2016-03-10 21:03:34 response :
------------

2016-03-10 21:03:54 trace :
------------
Array:
from : oqCObuLQoYEjwByxLWBNTiS47gd0 ;
to : gh_5013f37369ce ;
time : 1457615045 ;
type : event ;
event : VIEW ;
tousername : gh_5013f37369ce ;
fromusername : oqCObuLQoYEjwByxLWBNTiS47gd0 ;
createtime : 1457615045 ;
msgtype : event ;
eventkey : http://mp.weixin.qq.com/s?__biz=MzA5MzE5NzExNw==&mid=10001097&idx=1&sn=8338ffe385dcd8dd1f376fc1a2fd50ff&scene=18#rd ;
menuid : 208007648 ;

2016-03-10 21:03:54 params :
------------
Array:
rule : -2 ;
module :  ;
message : Array ;

2016-03-10 21:03:54 response :
------------

2016-03-10 21:04:30 trace :
------------
Array:
from : oqCObuLQoYEjwByxLWBNTiS47gd0 ;
to : gh_5013f37369ce ;
time : 1457615080 ;
type : event ;
event : VIEW ;
tousername : gh_5013f37369ce ;
fromusername : oqCObuLQoYEjwByxLWBNTiS47gd0 ;
createtime : 1457615080 ;
msgtype : event ;
eventkey : http://mp.weixin.qq.com/s?__biz=MzA5MzE5NzExNw==&mid=10001097&idx=1&sn=8338ffe385dcd8dd1f376fc1a2fd50ff&scene=18#rd ;
menuid : 208007648 ;

2016-03-10 21:04:30 params :
------------
Array:
rule : -2 ;
module :  ;
message : Array ;

2016-03-10 21:04:30 response :
------------

2016-03-10 21:05:46 trace :
------------
Array:
from : oqCObuLQoYEjwByxLWBNTiS47gd0 ;
to : gh_5013f37369ce ;
time : 1457615157 ;
type : event ;
event : VIEW ;
tousername : gh_5013f37369ce ;
fromusername : oqCObuLQoYEjwByxLWBNTiS47gd0 ;
createtime : 1457615157 ;
msgtype : event ;
eventkey : http://mp.weixin.qq.com/s?__biz=MzA5MzE5NzExNw==&mid=10001097&idx=1&sn=8338ffe385dcd8dd1f376fc1a2fd50ff&scene=18#rd ;
menuid : 208007648 ;

2016-03-10 21:05:46 params :
------------
Array:
rule : -2 ;
module :  ;
message : Array ;

2016-03-10 21:05:46 response :
------------

2016-03-10 21:06:01 trace :
------------
Array:
from : oqCObuLQoYEjwByxLWBNTiS47gd0 ;
to : gh_5013f37369ce ;
time : 1457615171 ;
type : event ;
event : VIEW ;
tousername : gh_5013f37369ce ;
fromusername : oqCObuLQoYEjwByxLWBNTiS47gd0 ;
createtime : 1457615171 ;
msgtype : event ;
eventkey : http://mp.weixin.qq.com/s?__biz=MzA5MzE5NzExNw==&mid=10001097&idx=1&sn=8338ffe385dcd8dd1f376fc1a2fd50ff&scene=18#rd ;
menuid : 208007648 ;

2016-03-10 21:06:01 params :
------------
Array:
rule : -2 ;
module :  ;
message : Array ;

2016-03-10 21:06:01 response :
------------

2016-03-10 21:06:25 trace :
------------
Array:
from : oqCObuLQoYEjwByxLWBNTiS47gd0 ;
to : gh_5013f37369ce ;
time : 1457615196 ;
type : event ;
event : VIEW ;
tousername : gh_5013f37369ce ;
fromusername : oqCObuLQoYEjwByxLWBNTiS47gd0 ;
createtime : 1457615196 ;
msgtype : event ;
eventkey : http://mp.weixin.qq.com/s?__biz=MzA5MzE5NzExNw==&mid=10001097&idx=1&sn=8338ffe385dcd8dd1f376fc1a2fd50ff&scene=18#rd ;
menuid : 208007648 ;

2016-03-10 21:06:25 params :
------------
Array:
rule : -2 ;
module :  ;
message : Array ;

2016-03-10 21:06:25 response :
------------

2016-03-10 21:06:34 trace :
------------
Array:
from : oqCObuLQoYEjwByxLWBNTiS47gd0 ;
to : gh_5013f37369ce ;
time : 1457615205 ;
type : event ;
event : VIEW ;
tousername : gh_5013f37369ce ;
fromusername : oqCObuLQoYEjwByxLWBNTiS47gd0 ;
createtime : 1457615205 ;
msgtype : event ;
eventkey : http://mp.weixin.qq.com/s?__biz=MzA5MzE5NzExNw==&mid=10001097&idx=1&sn=8338ffe385dcd8dd1f376fc1a2fd50ff&scene=18#rd ;
menuid : 208007648 ;

2016-03-10 21:06:34 params :
------------
Array:
rule : -2 ;
module :  ;
message : Array ;

2016-03-10 21:06:34 response :
------------

2016-03-10 21:06:44 trace :
------------
Array:
from : oqCObuLQoYEjwByxLWBNTiS47gd0 ;
to : gh_5013f37369ce ;
time : 1457615215 ;
type : event ;
event : VIEW ;
tousername : gh_5013f37369ce ;
fromusername : oqCObuLQoYEjwByxLWBNTiS47gd0 ;
createtime : 1457615215 ;
msgtype : event ;
eventkey : http://mp.weixin.qq.com/s?__biz=MzA5MzE5NzExNw==&mid=10001097&idx=1&sn=8338ffe385dcd8dd1f376fc1a2fd50ff&scene=18#rd ;
menuid : 208007648 ;

2016-03-10 21:06:44 params :
------------
Array:
rule : -2 ;
module :  ;
message : Array ;

2016-03-10 21:06:44 response :
------------

2016-03-10 21:06:56 trace :
------------
Array:
from : oqCObuLQoYEjwByxLWBNTiS47gd0 ;
to : gh_5013f37369ce ;
time : 1457615227 ;
type : event ;
event : VIEW ;
tousername : gh_5013f37369ce ;
fromusername : oqCObuLQoYEjwByxLWBNTiS47gd0 ;
createtime : 1457615227 ;
msgtype : event ;
eventkey : http://mp.weixin.qq.com/s?__biz=MzA5MzE5NzExNw==&mid=10001097&idx=1&sn=8338ffe385dcd8dd1f376fc1a2fd50ff&scene=18#rd ;
menuid : 208007648 ;

2016-03-10 21:06:56 params :
------------
Array:
rule : -2 ;
module :  ;
message : Array ;

2016-03-10 21:06:56 response :
------------

2016-03-10 21:07:00 trace :
------------
Array:
from : oqCObuNJe7YKRf9uNvuSjQj5VY0Y ;
to : gh_5013f37369ce ;
time : 1457615230 ;
type : event ;
event : VIEW ;
tousername : gh_5013f37369ce ;
fromusername : oqCObuNJe7YKRf9uNvuSjQj5VY0Y ;
createtime : 1457615230 ;
msgtype : event ;
eventkey : http://mp.weixin.qq.com/s?__biz=MzA5MzE5NzExNw==&mid=10001097&idx=1&sn=8338ffe385dcd8dd1f376fc1a2fd50ff&scene=18#rd ;
menuid : 208007648 ;

2016-03-10 21:07:00 params :
------------
Array:
rule : -2 ;
module :  ;
message : Array ;

2016-03-10 21:07:00 response :
------------

2016-03-10 21:07:02 trace :
------------
Array:
from : oqCObuLQoYEjwByxLWBNTiS47gd0 ;
to : gh_5013f37369ce ;
time : 1457615232 ;
type : event ;
event : VIEW ;
tousername : gh_5013f37369ce ;
fromusername : oqCObuLQoYEjwByxLWBNTiS47gd0 ;
createtime : 1457615232 ;
msgtype : event ;
eventkey : http://mp.weixin.qq.com/s?__biz=MzA5MzE5NzExNw==&mid=10001097&idx=1&sn=8338ffe385dcd8dd1f376fc1a2fd50ff&scene=18#rd ;
menuid : 208007648 ;

2016-03-10 21:07:02 params :
------------
Array:
rule : -2 ;
module :  ;
message : Array ;

2016-03-10 21:07:02 response :
------------

2016-03-10 21:07:06 trace :
------------
Array:
from : oqCObuLQoYEjwByxLWBNTiS47gd0 ;
to : gh_5013f37369ce ;
time : 1457615237 ;
type : event ;
event : VIEW ;
tousername : gh_5013f37369ce ;
fromusername : oqCObuLQoYEjwByxLWBNTiS47gd0 ;
createtime : 1457615237 ;
msgtype : event ;
eventkey : http://mp.weixin.qq.com/s?__biz=MzA5MzE5NzExNw==&mid=10001097&idx=1&sn=8338ffe385dcd8dd1f376fc1a2fd50ff&scene=18#rd ;
menuid : 208007648 ;

2016-03-10 21:07:06 params :
------------
Array:
rule : -2 ;
module :  ;
message : Array ;

2016-03-10 21:07:06 response :
------------

2016-03-10 21:07:09 trace :
------------
Array:
from : oqCObuLQoYEjwByxLWBNTiS47gd0 ;
to : gh_5013f37369ce ;
time : 1457615240 ;
type : event ;
event : VIEW ;
tousername : gh_5013f37369ce ;
fromusername : oqCObuLQoYEjwByxLWBNTiS47gd0 ;
createtime : 1457615240 ;
msgtype : event ;
eventkey : http://mp.weixin.qq.com/s?__biz=MzA5MzE5NzExNw==&mid=10001097&idx=1&sn=8338ffe385dcd8dd1f376fc1a2fd50ff&scene=18#rd ;
menuid : 208007648 ;

2016-03-10 21:07:09 params :
------------
Array:
rule : -2 ;
module :  ;
message : Array ;

2016-03-10 21:07:09 response :
------------

2016-03-10 21:07:12 trace :
------------
Array:
from : oqCObuNJe7YKRf9uNvuSjQj5VY0Y ;
to : gh_5013f37369ce ;
time : 1457615243 ;
type : event ;
event : VIEW ;
tousername : gh_5013f37369ce ;
fromusername : oqCObuNJe7YKRf9uNvuSjQj5VY0Y ;
createtime : 1457615243 ;
msgtype : event ;
eventkey : http://mp.weixin.qq.com/s?__biz=MzA5MzE5NzExNw==&mid=10001097&idx=1&sn=8338ffe385dcd8dd1f376fc1a2fd50ff&scene=18#rd ;
menuid : 208007648 ;

2016-03-10 21:07:12 params :
------------
Array:
rule : -2 ;
module :  ;
message : Array ;

2016-03-10 21:07:12 response :
------------

2016-03-10 21:38:40 trace :
------------
Array:
from : oqCObuJxuCt13vkC4ByfIu4oMBCM ;
to : gh_5013f37369ce ;
time : 1457617131 ;
type : event ;
event : VIEW ;
tousername : gh_5013f37369ce ;
fromusername : oqCObuJxuCt13vkC4ByfIu4oMBCM ;
createtime : 1457617131 ;
msgtype : event ;
eventkey : http://mp.weixin.qq.com/s?__biz=MzA5MzE5NzExNw==&mid=10001097&idx=1&sn=8338ffe385dcd8dd1f376fc1a2fd50ff&scene=18#rd ;
menuid : 208007648 ;

2016-03-10 21:38:40 params :
------------
Array:
rule : -2 ;
module :  ;
message : Array ;

2016-03-10 21:38:40 response :
------------

2016-03-10 21:42:50 trace :
------------
Array:
from : oqCObuJxuCt13vkC4ByfIu4oMBCM ;
to : gh_5013f37369ce ;
time : 1457617380 ;
type : event ;
event : VIEW ;
tousername : gh_5013f37369ce ;
fromusername : oqCObuJxuCt13vkC4ByfIu4oMBCM ;
createtime : 1457617380 ;
msgtype : event ;
eventkey : http://mp.weixin.qq.com/s?__biz=MzA5MzE5NzExNw==&mid=10001097&idx=1&sn=8338ffe385dcd8dd1f376fc1a2fd50ff&scene=18#rd ;
menuid : 208007648 ;

2016-03-10 21:42:50 params :
------------
Array:
rule : -2 ;
module :  ;
message : Array ;

2016-03-10 21:42:50 response :
------------

2016-03-10 21:43:35 trace :
------------
Array:
from : oqCObuJxuCt13vkC4ByfIu4oMBCM ;
to : gh_5013f37369ce ;
time : 1457617425 ;
type : event ;
event : VIEW ;
tousername : gh_5013f37369ce ;
fromusername : oqCObuJxuCt13vkC4ByfIu4oMBCM ;
createtime : 1457617425 ;
msgtype : event ;
eventkey : http://mp.weixin.qq.com/s?__biz=MzA5MzE5NzExNw==&mid=10001097&idx=1&sn=8338ffe385dcd8dd1f376fc1a2fd50ff&scene=18#rd ;
menuid : 208007648 ;

2016-03-10 21:43:35 params :
------------
Array:
rule : -2 ;
module :  ;
message : Array ;

2016-03-10 21:43:35 response :
------------

2016-03-10 22:01:52 trace :
------------
Array:
from : oqCObuJSHcxqKpJlIcfPfz9jPB50 ;
to : gh_5013f37369ce ;
time : 1457618519 ;
type : event ;
event : subscribe ;
tousername : gh_5013f37369ce ;
fromusername : oqCObuJSHcxqKpJlIcfPfz9jPB50 ;
createtime : 1457618519 ;
msgtype : event ;
eventkey :  ;

2016-03-10 22:01:52 params :
------------
Array:
rule : -2 ;
module :  ;
message : Array ;

2016-03-10 22:01:52 response :
------------

2016-03-10 22:02:54 trace :
------------
Array:
from : oqCObuJSHcxqKpJlIcfPfz9jPB50 ;
to : gh_5013f37369ce ;
time : 1457618584 ;
type : event ;
event : VIEW ;
tousername : gh_5013f37369ce ;
fromusername : oqCObuJSHcxqKpJlIcfPfz9jPB50 ;
createtime : 1457618584 ;
msgtype : event ;
eventkey : http://mp.weixin.qq.com/s?__biz=MzA5MzE5NzExNw==&mid=10001097&idx=1&sn=8338ffe385dcd8dd1f376fc1a2fd50ff&scene=18#rd ;
menuid : 208007648 ;

2016-03-10 22:02:54 params :
------------
Array:
rule : -2 ;
module :  ;
message : Array ;

2016-03-10 22:02:54 response :
------------

2016-03-10 22:39:39 trace :
------------
Array:
from : oqCObuGWMEfz5VxSBokHSZOiW4as ;
to : gh_5013f37369ce ;
time : 1457620789 ;
type : event ;
event : subscribe ;
tousername : gh_5013f37369ce ;
fromusername : oqCObuGWMEfz5VxSBokHSZOiW4as ;
createtime : 1457620789 ;
msgtype : event ;
eventkey :  ;

2016-03-10 22:39:39 params :
------------
Array:
rule : -2 ;
module :  ;
message : Array ;

2016-03-10 22:39:39 response :
------------

2016-03-10 22:39:42 trace :
------------
Array:
from : oqCObuGWMEfz5VxSBokHSZOiW4as ;
to : gh_5013f37369ce ;
time : 1457620792 ;
type : event ;
event : VIEW ;
tousername : gh_5013f37369ce ;
fromusername : oqCObuGWMEfz5VxSBokHSZOiW4as ;
createtime : 1457620792 ;
msgtype : event ;
eventkey : http://mp.weixin.qq.com/s?__biz=MzA5MzE5NzExNw==&mid=10001097&idx=1&sn=8338ffe385dcd8dd1f376fc1a2fd50ff&scene=18#rd ;
menuid : 208007648 ;

2016-03-10 22:39:42 params :
------------
Array:
rule : -2 ;
module :  ;
message : Array ;

2016-03-10 22:39:42 response :
------------

2016-03-10 22:40:30 trace :
------------
Array:
from : oqCObuGWMEfz5VxSBokHSZOiW4as ;
to : gh_5013f37369ce ;
time : 1457620841 ;
type : event ;
event : VIEW ;
tousername : gh_5013f37369ce ;
fromusername : oqCObuGWMEfz5VxSBokHSZOiW4as ;
createtime : 1457620841 ;
msgtype : event ;
eventkey : http://mp.weixin.qq.com/s?__biz=MzA5MzE5NzExNw==&mid=10001097&idx=1&sn=8338ffe385dcd8dd1f376fc1a2fd50ff&scene=18#rd ;
menuid : 208007648 ;

2016-03-10 22:40:30 params :
------------
Array:
rule : -2 ;
module :  ;
message : Array ;

2016-03-10 22:40:30 response :
------------

2016-03-10 22:40:47 trace :
------------
Array:
from : oqCObuGWMEfz5VxSBokHSZOiW4as ;
to : gh_5013f37369ce ;
time : 1457620858 ;
type : event ;
event : VIEW ;
tousername : gh_5013f37369ce ;
fromusername : oqCObuGWMEfz5VxSBokHSZOiW4as ;
createtime : 1457620858 ;
msgtype : event ;
eventkey : http://mp.weixin.qq.com/s?__biz=MzA5MzE5NzExNw==&mid=10001097&idx=1&sn=8338ffe385dcd8dd1f376fc1a2fd50ff&scene=18#rd ;
menuid : 208007648 ;

2016-03-10 22:40:47 params :
------------
Array:
rule : -2 ;
module :  ;
message : Array ;

2016-03-10 22:40:47 response :
------------

