2016-10-31 00:26:03 trace :
------------
String:
<xml><ToUserName><![CDATA[gh_fbee6dda34f1]]></ToUserName>
<FromUserName><![CDATA[o1Sf9wkwKaD25J-LpOOdK4cm_uCU]]></FromUserName>
<CreateTime>1477844978</CreateTime>
<MsgType><![CDATA[event]]></MsgType>
<Event><![CDATA[subscribe]]></Event>
<EventKey><![CDATA[]]></EventKey>
</xml>

2016-10-31 00:26:03 params :
------------
Array:
message : Array ;
module : news ;
rule : 26 ;
priority : 0 ;
keyword : Array ;

2016-10-31 00:26:03 response :
------------
Array:
FromUserName : gh_fbee6dda34f1 ;
ToUserName : o1Sf9wkwKaD25J-LpOOdK4cm_uCU ;
MsgType : news ;
ArticleCount : 1 ;
Articles : Array ;

2016-10-31 00:49:38 trace :
------------
String:
<xml><ToUserName><![CDATA[gh_fbee6dda34f1]]></ToUserName>
<FromUserName><![CDATA[o1Sf9wpH8OEyyV_CFmuSLwR3yrWM]]></FromUserName>
<CreateTime>1477846393</CreateTime>
<MsgType><![CDATA[event]]></MsgType>
<Event><![CDATA[subscribe]]></Event>
<EventKey><![CDATA[]]></EventKey>
</xml>

2016-10-31 00:49:38 params :
------------
Array:
message : Array ;
module : news ;
rule : 26 ;
priority : 0 ;
keyword : Array ;

2016-10-31 00:49:38 response :
------------
Array:
FromUserName : gh_fbee6dda34f1 ;
ToUserName : o1Sf9wpH8OEyyV_CFmuSLwR3yrWM ;
MsgType : news ;
ArticleCount : 1 ;
Articles : Array ;

2016-10-31 00:49:47 trace :
------------
String:
<xml><ToUserName><![CDATA[gh_fbee6dda34f1]]></ToUserName>
<FromUserName><![CDATA[o1Sf9wpH8OEyyV_CFmuSLwR3yrWM]]></FromUserName>
<CreateTime>1477846403</CreateTime>
<MsgType><![CDATA[event]]></MsgType>
<Event><![CDATA[VIEW]]></Event>
<EventKey><![CDATA[http://mp.angelbeautyinc.com/app/index.php?i=8&c=entry&do=shop&m=ewei_shop]]></EventKey>
<MenuId>526154222</MenuId>
</xml>

2016-10-31 00:49:47 params :
------------
Array:
rule : -2 ;
module :  ;
message : Array ;

2016-10-31 00:49:47 response :
------------

2016-10-31 00:50:19 trace :
------------
String:
<xml><ToUserName><![CDATA[gh_fbee6dda34f1]]></ToUserName>
<FromUserName><![CDATA[o1Sf9wpH8OEyyV_CFmuSLwR3yrWM]]></FromUserName>
<CreateTime>1477846435</CreateTime>
<MsgType><![CDATA[event]]></MsgType>
<Event><![CDATA[VIEW]]></Event>
<EventKey><![CDATA[http://mp.angelbeautyinc.com/app/index.php?i=8&c=entry&do=shop&m=ewei_shop]]></EventKey>
<MenuId>526154222</MenuId>
</xml>

2016-10-31 00:50:19 params :
------------
Array:
rule : -2 ;
module :  ;
message : Array ;

2016-10-31 00:50:19 response :
------------

2016-10-31 01:38:58 trace :
------------
String:
<xml><ToUserName><![CDATA[gh_fbee6dda34f1]]></ToUserName>
<FromUserName><![CDATA[o1Sf9wg9YSttlvaw0u1WKbcCLrYY]]></FromUserName>
<CreateTime>1477849351</CreateTime>
<MsgType><![CDATA[event]]></MsgType>
<Event><![CDATA[VIEW]]></Event>
<EventKey><![CDATA[http://mp.angelbeautyinc.com/app/index.php?i=8&c=entry&do=shop&m=ewei_shop]]></EventKey>
<MenuId>526154222</MenuId>
</xml>

2016-10-31 01:38:58 params :
------------
Array:
rule : -2 ;
module :  ;
message : Array ;

2016-10-31 01:38:58 response :
------------

2016-10-31 01:40:24 trace :
------------
String:
<xml><ToUserName><![CDATA[gh_fbee6dda34f1]]></ToUserName>
<FromUserName><![CDATA[o1Sf9wg9YSttlvaw0u1WKbcCLrYY]]></FromUserName>
<CreateTime>1477849437</CreateTime>
<MsgType><![CDATA[event]]></MsgType>
<Event><![CDATA[VIEW]]></Event>
<EventKey><![CDATA[http://mp.angelbeautyinc.com/app/aboutus.html#enterprise]]></EventKey>
<MenuId>526154222</MenuId>
</xml>

2016-10-31 01:40:24 params :
------------
Array:
rule : -2 ;
module :  ;
message : Array ;

2016-10-31 01:40:24 response :
------------

2016-10-31 01:40:34 trace :
------------
String:
<xml><ToUserName><![CDATA[gh_fbee6dda34f1]]></ToUserName>
<FromUserName><![CDATA[o1Sf9wg9YSttlvaw0u1WKbcCLrYY]]></FromUserName>
<CreateTime>1477849448</CreateTime>
<MsgType><![CDATA[event]]></MsgType>
<Event><![CDATA[VIEW]]></Event>
<EventKey><![CDATA[http://mp.angelbeautyinc.com/app/aboutus.html#culture]]></EventKey>
<MenuId>526154222</MenuId>
</xml>

2016-10-31 01:40:34 params :
------------
Array:
rule : -2 ;
module :  ;
message : Array ;

2016-10-31 01:40:34 response :
------------

2016-10-31 01:40:50 trace :
------------
String:
<xml><ToUserName><![CDATA[gh_fbee6dda34f1]]></ToUserName>
<FromUserName><![CDATA[o1Sf9wg9YSttlvaw0u1WKbcCLrYY]]></FromUserName>
<CreateTime>1477849464</CreateTime>
<MsgType><![CDATA[event]]></MsgType>
<Event><![CDATA[VIEW]]></Event>
<EventKey><![CDATA[http://mp.angelbeautyinc.com/app/aboutus.html#brand]]></EventKey>
<MenuId>526154222</MenuId>
</xml>

2016-10-31 01:40:50 params :
------------
Array:
rule : -2 ;
module :  ;
message : Array ;

2016-10-31 01:40:50 response :
------------

2016-10-31 01:40:54 trace :
------------
String:
<xml><ToUserName><![CDATA[gh_fbee6dda34f1]]></ToUserName>
<FromUserName><![CDATA[o1Sf9wg9YSttlvaw0u1WKbcCLrYY]]></FromUserName>
<CreateTime>1477849467</CreateTime>
<MsgType><![CDATA[event]]></MsgType>
<Event><![CDATA[VIEW]]></Event>
<EventKey><![CDATA[http://mp.angelbeautyinc.com/app/index.php?i=8&c=entry&do=shop&m=ewei_shop]]></EventKey>
<MenuId>526154222</MenuId>
</xml>

2016-10-31 01:40:54 params :
------------
Array:
rule : -2 ;
module :  ;
message : Array ;

2016-10-31 01:40:54 response :
------------

2016-10-31 01:41:04 trace :
------------
String:
<xml><ToUserName><![CDATA[gh_fbee6dda34f1]]></ToUserName>
<FromUserName><![CDATA[o1Sf9wg9YSttlvaw0u1WKbcCLrYY]]></FromUserName>
<CreateTime>1477849478</CreateTime>
<MsgType><![CDATA[event]]></MsgType>
<Event><![CDATA[VIEW]]></Event>
<EventKey><![CDATA[http://mp.angelbeautyinc.com/app/index.php?i=8&c=entry&do=selfinspection&m=lrj_guide]]></EventKey>
<MenuId>526154222</MenuId>
</xml>

2016-10-31 01:41:04 params :
------------
Array:
rule : -2 ;
module :  ;
message : Array ;

2016-10-31 01:41:04 response :
------------

2016-10-31 01:41:15 trace :
------------
String:
<xml><ToUserName><![CDATA[gh_fbee6dda34f1]]></ToUserName>
<FromUserName><![CDATA[o1Sf9wg9YSttlvaw0u1WKbcCLrYY]]></FromUserName>
<CreateTime>1477849488</CreateTime>
<MsgType><![CDATA[event]]></MsgType>
<Event><![CDATA[VIEW]]></Event>
<EventKey><![CDATA[http://mp.angelbeautyinc.com/app/index.php?i=8&c=entry&do=shop&m=ewei_shop]]></EventKey>
<MenuId>526154222</MenuId>
</xml>

2016-10-31 01:41:15 params :
------------
Array:
rule : -2 ;
module :  ;
message : Array ;

2016-10-31 01:41:15 response :
------------

2016-10-31 07:02:33 trace :
------------
String:
<xml><ToUserName><![CDATA[gh_fbee6dda34f1]]></ToUserName>
<FromUserName><![CDATA[o1Sf9wgRJMQeu1IXnJvRPe4kfOQY]]></FromUserName>
<CreateTime>1477868766</CreateTime>
<MsgType><![CDATA[event]]></MsgType>
<Event><![CDATA[subscribe]]></Event>
<EventKey><![CDATA[]]></EventKey>
</xml>

2016-10-31 07:02:33 params :
------------
Array:
message : Array ;
module : news ;
rule : 26 ;
priority : 0 ;
keyword : Array ;

2016-10-31 07:02:33 response :
------------
Array:
FromUserName : gh_fbee6dda34f1 ;
ToUserName : o1Sf9wgRJMQeu1IXnJvRPe4kfOQY ;
MsgType : news ;
ArticleCount : 1 ;
Articles : Array ;

2016-10-31 07:02:38 trace :
------------
String:
<xml><ToUserName><![CDATA[gh_fbee6dda34f1]]></ToUserName>
<FromUserName><![CDATA[o1Sf9wgRJMQeu1IXnJvRPe4kfOQY]]></FromUserName>
<CreateTime>1477868766</CreateTime>
<MsgType><![CDATA[event]]></MsgType>
<Event><![CDATA[subscribe]]></Event>
<EventKey><![CDATA[]]></EventKey>
</xml>

2016-10-31 07:02:38 params :
------------
Array:
message : Array ;
module : news ;
rule : 26 ;
priority : 0 ;
keyword : Array ;

2016-10-31 07:02:38 response :
------------
Array:
FromUserName : gh_fbee6dda34f1 ;
ToUserName : o1Sf9wgRJMQeu1IXnJvRPe4kfOQY ;
MsgType : news ;
ArticleCount : 1 ;
Articles : Array ;

2016-10-31 10:12:29 trace :
------------
String:
<xml><ToUserName><![CDATA[gh_fbee6dda34f1]]></ToUserName>
<FromUserName><![CDATA[o1Sf9wiVbAE8eTBHl_teVBY0UTOU]]></FromUserName>
<CreateTime>1477880162</CreateTime>
<MsgType><![CDATA[event]]></MsgType>
<Event><![CDATA[VIEW]]></Event>
<EventKey><![CDATA[http://mp.angelbeautyinc.com/app/aboutus.html#enterprise]]></EventKey>
<MenuId>526154222</MenuId>
</xml>

2016-10-31 10:12:29 params :
------------
Array:
rule : -2 ;
module :  ;
message : Array ;

2016-10-31 10:12:29 response :
------------

2016-10-31 11:36:07 trace :
------------
String:
<xml><ToUserName><![CDATA[gh_fbee6dda34f1]]></ToUserName>
<FromUserName><![CDATA[o1Sf9wo3j1YchJSYd4KadWdmDqbg]]></FromUserName>
<CreateTime>1477885180</CreateTime>
<MsgType><![CDATA[event]]></MsgType>
<Event><![CDATA[subscribe]]></Event>
<EventKey><![CDATA[]]></EventKey>
</xml>

2016-10-31 11:36:07 params :
------------
Array:
message : Array ;
module : news ;
rule : 26 ;
priority : 0 ;
keyword : Array ;

2016-10-31 11:36:07 response :
------------
Array:
FromUserName : gh_fbee6dda34f1 ;
ToUserName : o1Sf9wo3j1YchJSYd4KadWdmDqbg ;
MsgType : news ;
ArticleCount : 1 ;
Articles : Array ;

2016-10-31 11:36:12 trace :
------------
String:
<xml><ToUserName><![CDATA[gh_fbee6dda34f1]]></ToUserName>
<FromUserName><![CDATA[o1Sf9wo3j1YchJSYd4KadWdmDqbg]]></FromUserName>
<CreateTime>1477885180</CreateTime>
<MsgType><![CDATA[event]]></MsgType>
<Event><![CDATA[subscribe]]></Event>
<EventKey><![CDATA[]]></EventKey>
</xml>

2016-10-31 11:36:12 params :
------------
Array:
message : Array ;
module : news ;
rule : 26 ;
priority : 0 ;
keyword : Array ;

2016-10-31 11:36:12 response :
------------
Array:
FromUserName : gh_fbee6dda34f1 ;
ToUserName : o1Sf9wo3j1YchJSYd4KadWdmDqbg ;
MsgType : news ;
ArticleCount : 1 ;
Articles : Array ;

2016-10-31 11:36:17 trace :
------------
String:
<xml><ToUserName><![CDATA[gh_fbee6dda34f1]]></ToUserName>
<FromUserName><![CDATA[o1Sf9wo3j1YchJSYd4KadWdmDqbg]]></FromUserName>
<CreateTime>1477885180</CreateTime>
<MsgType><![CDATA[event]]></MsgType>
<Event><![CDATA[subscribe]]></Event>
<EventKey><![CDATA[]]></EventKey>
</xml>

2016-10-31 11:36:17 params :
------------
Array:
message : Array ;
module : news ;
rule : 26 ;
priority : 0 ;
keyword : Array ;

2016-10-31 11:36:17 response :
------------
Array:
FromUserName : gh_fbee6dda34f1 ;
ToUserName : o1Sf9wo3j1YchJSYd4KadWdmDqbg ;
MsgType : news ;
ArticleCount : 1 ;
Articles : Array ;

2016-10-31 11:36:18 trace :
------------
String:
<xml><ToUserName><![CDATA[gh_fbee6dda34f1]]></ToUserName>
<FromUserName><![CDATA[o1Sf9wo3j1YchJSYd4KadWdmDqbg]]></FromUserName>
<CreateTime>1477885186</CreateTime>
<MsgType><![CDATA[text]]></MsgType>
<Content><![CDATA[？？？]]></Content>
<MsgId>6347468541639187254</MsgId>
</xml>

2016-10-31 11:36:18 params :
------------
Array:
rule : -2 ;
module :  ;
message : Array ;

2016-10-31 11:36:18 response :
------------

2016-10-31 11:36:45 trace :
------------
String:
<xml><ToUserName><![CDATA[gh_fbee6dda34f1]]></ToUserName>
<FromUserName><![CDATA[o1Sf9wiVbAE8eTBHl_teVBY0UTOU]]></FromUserName>
<CreateTime>1477885218</CreateTime>
<MsgType><![CDATA[event]]></MsgType>
<Event><![CDATA[VIEW]]></Event>
<EventKey><![CDATA[http://mp.angelbeautyinc.com/app/index.php?i=8&c=entry&do=member&m=ewei_shop]]></EventKey>
<MenuId>526154222</MenuId>
</xml>

2016-10-31 11:36:45 params :
------------
Array:
rule : -2 ;
module :  ;
message : Array ;

2016-10-31 11:36:45 response :
------------

2016-10-31 13:26:20 trace :
------------
String:
<xml><ToUserName><![CDATA[gh_fbee6dda34f1]]></ToUserName>
<FromUserName><![CDATA[o1Sf9wk2msgsmXj94ClcQHpDq5qo]]></FromUserName>
<CreateTime>1477891793</CreateTime>
<MsgType><![CDATA[event]]></MsgType>
<Event><![CDATA[VIEW]]></Event>
<EventKey><![CDATA[http://mp.angelbeautyinc.com/app/index.php?i=8&c=entry&do=shop&m=ewei_shop]]></EventKey>
<MenuId>526154222</MenuId>
</xml>

2016-10-31 13:26:20 params :
------------
Array:
rule : -2 ;
module :  ;
message : Array ;

2016-10-31 13:26:20 response :
------------

2016-10-31 13:27:05 trace :
------------
String:
<xml><ToUserName><![CDATA[gh_fbee6dda34f1]]></ToUserName>
<FromUserName><![CDATA[o1Sf9wk2msgsmXj94ClcQHpDq5qo]]></FromUserName>
<CreateTime>1477891839</CreateTime>
<MsgType><![CDATA[event]]></MsgType>
<Event><![CDATA[VIEW]]></Event>
<EventKey><![CDATA[http://mp.angelbeautyinc.com/app/index.php?i=8&c=entry&do=member&m=ewei_shop]]></EventKey>
<MenuId>526154222</MenuId>
</xml>

2016-10-31 13:27:05 params :
------------
Array:
rule : -2 ;
module :  ;
message : Array ;

2016-10-31 13:27:05 response :
------------

2016-10-31 13:27:38 trace :
------------
String:
<xml><ToUserName><![CDATA[gh_fbee6dda34f1]]></ToUserName>
<FromUserName><![CDATA[o1Sf9wk2msgsmXj94ClcQHpDq5qo]]></FromUserName>
<CreateTime>1477891872</CreateTime>
<MsgType><![CDATA[event]]></MsgType>
<Event><![CDATA[VIEW]]></Event>
<EventKey><![CDATA[http://mp.angelbeautyinc.com/app/index.php?i=8&c=entry&do=associate&m=lrj_guide]]></EventKey>
<MenuId>526154222</MenuId>
</xml>

2016-10-31 13:27:38 params :
------------
Array:
rule : -2 ;
module :  ;
message : Array ;

2016-10-31 13:27:38 response :
------------

2016-10-31 13:36:49 trace :
------------
String:
<xml><ToUserName><![CDATA[gh_fbee6dda34f1]]></ToUserName>
<FromUserName><![CDATA[o1Sf9wkC-ZOqat_3xRGb0wpqv7KM]]></FromUserName>
<CreateTime>1477892423</CreateTime>
<MsgType><![CDATA[event]]></MsgType>
<Event><![CDATA[VIEW]]></Event>
<EventKey><![CDATA[http://mp.angelbeautyinc.com/app/aboutus.html#enterprise]]></EventKey>
<MenuId>526154222</MenuId>
</xml>

2016-10-31 13:36:49 params :
------------
Array:
rule : -2 ;
module :  ;
message : Array ;

2016-10-31 13:36:49 response :
------------

2016-10-31 13:37:12 trace :
------------
String:
<xml><ToUserName><![CDATA[gh_fbee6dda34f1]]></ToUserName>
<FromUserName><![CDATA[o1Sf9wkC-ZOqat_3xRGb0wpqv7KM]]></FromUserName>
<CreateTime>1477892445</CreateTime>
<MsgType><![CDATA[event]]></MsgType>
<Event><![CDATA[VIEW]]></Event>
<EventKey><![CDATA[http://mp.angelbeautyinc.com/app/index.php?i=8&c=entry&do=member&m=ewei_shop]]></EventKey>
<MenuId>526154222</MenuId>
</xml>

2016-10-31 13:37:12 params :
------------
Array:
rule : -2 ;
module :  ;
message : Array ;

2016-10-31 13:37:12 response :
------------

2016-10-31 13:37:31 trace :
------------
String:
<xml><ToUserName><![CDATA[gh_fbee6dda34f1]]></ToUserName>
<FromUserName><![CDATA[o1Sf9wkC-ZOqat_3xRGb0wpqv7KM]]></FromUserName>
<CreateTime>1477892464</CreateTime>
<MsgType><![CDATA[event]]></MsgType>
<Event><![CDATA[VIEW]]></Event>
<EventKey><![CDATA[http://mp.angelbeautyinc.com/app/index.php?i=8&c=entry&do=shop&m=ewei_shop]]></EventKey>
<MenuId>526154222</MenuId>
</xml>

2016-10-31 13:37:31 params :
------------
Array:
rule : -2 ;
module :  ;
message : Array ;

2016-10-31 13:37:31 response :
------------

2016-10-31 13:44:00 trace :
------------
String:
<xml><ToUserName><![CDATA[gh_fbee6dda34f1]]></ToUserName>
<FromUserName><![CDATA[o1Sf9wk2msgsmXj94ClcQHpDq5qo]]></FromUserName>
<CreateTime>1477892854</CreateTime>
<MsgType><![CDATA[event]]></MsgType>
<Event><![CDATA[VIEW]]></Event>
<EventKey><![CDATA[http://mp.angelbeautyinc.com/app/index.php?i=8&c=entry&do=associate&m=lrj_guide]]></EventKey>
<MenuId>526154222</MenuId>
</xml>

2016-10-31 13:44:00 params :
------------
Array:
rule : -2 ;
module :  ;
message : Array ;

2016-10-31 13:44:00 response :
------------

2016-10-31 13:48:40 trace :
------------
String:
<xml><ToUserName><![CDATA[gh_fbee6dda34f1]]></ToUserName>
<FromUserName><![CDATA[o1Sf9wk2msgsmXj94ClcQHpDq5qo]]></FromUserName>
<CreateTime>1477893134</CreateTime>
<MsgType><![CDATA[event]]></MsgType>
<Event><![CDATA[VIEW]]></Event>
<EventKey><![CDATA[http://mp.angelbeautyinc.com/app/aboutus.html#brand]]></EventKey>
<MenuId>526154222</MenuId>
</xml>

2016-10-31 13:48:40 params :
------------
Array:
rule : -2 ;
module :  ;
message : Array ;

2016-10-31 13:48:40 response :
------------

2016-10-31 14:02:45 trace :
------------
String:
<xml><ToUserName><![CDATA[gh_fbee6dda34f1]]></ToUserName>
<FromUserName><![CDATA[o1Sf9wk2msgsmXj94ClcQHpDq5qo]]></FromUserName>
<CreateTime>1477893978</CreateTime>
<MsgType><![CDATA[event]]></MsgType>
<Event><![CDATA[VIEW]]></Event>
<EventKey><![CDATA[http://mp.angelbeautyinc.com/app/index.php?i=8&c=entry&do=shop&m=ewei_shop]]></EventKey>
<MenuId>526154222</MenuId>
</xml>

2016-10-31 14:02:45 params :
------------
Array:
rule : -2 ;
module :  ;
message : Array ;

2016-10-31 14:02:45 response :
------------

2016-10-31 16:07:22 trace :
------------
String:
<xml><ToUserName><![CDATA[gh_fbee6dda34f1]]></ToUserName>
<FromUserName><![CDATA[o1Sf9wkKBQehW95uXJpMpNu1EkCg]]></FromUserName>
<CreateTime>1477901455</CreateTime>
<MsgType><![CDATA[event]]></MsgType>
<Event><![CDATA[VIEW]]></Event>
<EventKey><![CDATA[http://mp.angelbeautyinc.com/app/index.php?i=8&c=entry&do=shop&m=ewei_shop]]></EventKey>
<MenuId>526154222</MenuId>
</xml>

2016-10-31 16:07:22 params :
------------
Array:
rule : -2 ;
module :  ;
message : Array ;

2016-10-31 16:07:22 response :
------------

2016-10-31 16:07:39 trace :
------------
String:
<xml><ToUserName><![CDATA[gh_fbee6dda34f1]]></ToUserName>
<FromUserName><![CDATA[o1Sf9wgmaqIL_VPFQSEHCTYz3YZ0]]></FromUserName>
<CreateTime>1477901473</CreateTime>
<MsgType><![CDATA[event]]></MsgType>
<Event><![CDATA[VIEW]]></Event>
<EventKey><![CDATA[http://mp.angelbeautyinc.com/app/index.php?i=8&c=entry&do=member&m=ewei_shop]]></EventKey>
<MenuId>526154222</MenuId>
</xml>

2016-10-31 16:07:39 params :
------------
Array:
rule : -2 ;
module :  ;
message : Array ;

2016-10-31 16:07:39 response :
------------

2016-10-31 16:07:44 trace :
------------
String:
<xml><ToUserName><![CDATA[gh_fbee6dda34f1]]></ToUserName>
<FromUserName><![CDATA[o1Sf9wkKBQehW95uXJpMpNu1EkCg]]></FromUserName>
<CreateTime>1477901478</CreateTime>
<MsgType><![CDATA[event]]></MsgType>
<Event><![CDATA[VIEW]]></Event>
<EventKey><![CDATA[http://mp.angelbeautyinc.com/app/index.php?i=8&c=entry&do=member&m=ewei_shop]]></EventKey>
<MenuId>526154222</MenuId>
</xml>

2016-10-31 16:07:44 params :
------------
Array:
rule : -2 ;
module :  ;
message : Array ;

2016-10-31 16:07:44 response :
------------

2016-10-31 16:08:00 trace :
------------
String:
<xml><ToUserName><![CDATA[gh_fbee6dda34f1]]></ToUserName>
<FromUserName><![CDATA[o1Sf9wkKBQehW95uXJpMpNu1EkCg]]></FromUserName>
<CreateTime>1477901493</CreateTime>
<MsgType><![CDATA[event]]></MsgType>
<Event><![CDATA[VIEW]]></Event>
<EventKey><![CDATA[http://mp.angelbeautyinc.com/app/index.php?i=8&c=entry&do=shop&m=ewei_shop]]></EventKey>
<MenuId>526154222</MenuId>
</xml>

2016-10-31 16:08:00 params :
------------
Array:
rule : -2 ;
module :  ;
message : Array ;

2016-10-31 16:08:00 response :
------------

2016-10-31 20:39:11 trace :
------------
String:
<xml><ToUserName><![CDATA[gh_fbee6dda34f1]]></ToUserName>
<FromUserName><![CDATA[o1Sf9wm2kqjsKcv5-_UpuQlqdW3g]]></FromUserName>
<CreateTime>1477917764</CreateTime>
<MsgType><![CDATA[event]]></MsgType>
<Event><![CDATA[subscribe]]></Event>
<EventKey><![CDATA[]]></EventKey>
</xml>

2016-10-31 20:39:11 params :
------------
Array:
message : Array ;
module : news ;
rule : 26 ;
priority : 0 ;
keyword : Array ;

2016-10-31 20:39:11 response :
------------
Array:
FromUserName : gh_fbee6dda34f1 ;
ToUserName : o1Sf9wm2kqjsKcv5-_UpuQlqdW3g ;
MsgType : news ;
ArticleCount : 1 ;
Articles : Array ;

2016-10-31 20:39:16 trace :
------------
String:
<xml><ToUserName><![CDATA[gh_fbee6dda34f1]]></ToUserName>
<FromUserName><![CDATA[o1Sf9wm2kqjsKcv5-_UpuQlqdW3g]]></FromUserName>
<CreateTime>1477917764</CreateTime>
<MsgType><![CDATA[event]]></MsgType>
<Event><![CDATA[subscribe]]></Event>
<EventKey><![CDATA[]]></EventKey>
</xml>

2016-10-31 20:39:16 params :
------------
Array:
message : Array ;
module : news ;
rule : 26 ;
priority : 0 ;
keyword : Array ;

2016-10-31 20:39:16 response :
------------
Array:
FromUserName : gh_fbee6dda34f1 ;
ToUserName : o1Sf9wm2kqjsKcv5-_UpuQlqdW3g ;
MsgType : news ;
ArticleCount : 1 ;
Articles : Array ;

2016-10-31 20:39:21 trace :
------------
String:
<xml><ToUserName><![CDATA[gh_fbee6dda34f1]]></ToUserName>
<FromUserName><![CDATA[o1Sf9wm2kqjsKcv5-_UpuQlqdW3g]]></FromUserName>
<CreateTime>1477917775</CreateTime>
<MsgType><![CDATA[event]]></MsgType>
<Event><![CDATA[VIEW]]></Event>
<EventKey><![CDATA[http://mp.angelbeautyinc.com/app/index.php?i=8&c=entry&do=shop&m=ewei_shop]]></EventKey>
<MenuId>526154222</MenuId>
</xml>

2016-10-31 20:39:21 params :
------------
Array:
rule : -2 ;
module :  ;
message : Array ;

2016-10-31 20:39:21 response :
------------

2016-10-31 22:46:32 trace :
------------
String:
<xml><ToUserName><![CDATA[gh_fbee6dda34f1]]></ToUserName>
<FromUserName><![CDATA[o1Sf9whZnpiuc4FERvIfGtZ08bzg]]></FromUserName>
<CreateTime>1477925397</CreateTime>
<MsgType><![CDATA[event]]></MsgType>
<Event><![CDATA[VIEW]]></Event>
<EventKey><![CDATA[http://mp.angelbeautyinc.com/app/index.php?i=8&c=entry&do=shop&m=ewei_shop]]></EventKey>
<MenuId>526154222</MenuId>
</xml>

2016-10-31 22:46:32 params :
------------
Array:
rule : -2 ;
module :  ;
message : Array ;

2016-10-31 22:46:32 response :
------------

2016-10-31 22:46:33 trace :
------------
String:
<xml><ToUserName><![CDATA[gh_fbee6dda34f1]]></ToUserName>
<FromUserName><![CDATA[o1Sf9whZnpiuc4FERvIfGtZ08bzg]]></FromUserName>
<CreateTime>1477925397</CreateTime>
<MsgType><![CDATA[event]]></MsgType>
<Event><![CDATA[VIEW]]></Event>
<EventKey><![CDATA[http://mp.angelbeautyinc.com/app/index.php?i=8&c=entry&do=shop&m=ewei_shop]]></EventKey>
<MenuId>526154222</MenuId>
</xml>

2016-10-31 22:46:33 params :
------------
Array:
rule : -2 ;
module :  ;
message : Array ;

2016-10-31 22:46:33 response :
------------

