2016-01-02 10:33:08 trace :
------------
Array:
from : oqCObuGWdsBm368RwAVq8EGYizOE ;
to : gh_5013f37369ce ;
time : 1451701989 ;
type : event ;
event : VIEW ;
tousername : gh_5013f37369ce ;
fromusername : oqCObuGWdsBm368RwAVq8EGYizOE ;
createtime : 1451701989 ;
msgtype : event ;
eventkey : http://mp.weixin.qq.com/s?__biz=MzA5MzE5NzExNw==&mid=10001097&idx=1&sn=8338ffe385dcd8dd1f376fc1a2fd50ff&scene=18#rd ;
menuid : 208007648 ;

2016-01-02 10:33:08 params :
------------
Array:
rule : -2 ;
module :  ;
message : Array ;

2016-01-02 10:33:08 response :
------------

2016-01-02 10:33:15 trace :
------------
Array:
from : oqCObuGWdsBm368RwAVq8EGYizOE ;
to : gh_5013f37369ce ;
time : 1451701998 ;
type : event ;
event : VIEW ;
tousername : gh_5013f37369ce ;
fromusername : oqCObuGWdsBm368RwAVq8EGYizOE ;
createtime : 1451701998 ;
msgtype : event ;
eventkey : http://mp.weixin.qq.com/s?__biz=MzA5MzE5NzExNw==&mid=10001097&idx=1&sn=8338ffe385dcd8dd1f376fc1a2fd50ff&scene=18#rd ;
menuid : 208007648 ;

2016-01-02 10:33:15 params :
------------
Array:
rule : -2 ;
module :  ;
message : Array ;

2016-01-02 10:33:15 response :
------------

2016-01-02 10:33:23 trace :
------------
Array:
from : oqCObuGWdsBm368RwAVq8EGYizOE ;
to : gh_5013f37369ce ;
time : 1451702009 ;
type : event ;
event : VIEW ;
tousername : gh_5013f37369ce ;
fromusername : oqCObuGWdsBm368RwAVq8EGYizOE ;
createtime : 1451702009 ;
msgtype : event ;
eventkey : http://mp.weixin.qq.com/s?__biz=MzA5MzE5NzExNw==&mid=10001097&idx=1&sn=8338ffe385dcd8dd1f376fc1a2fd50ff&scene=18#rd ;
menuid : 208007648 ;

2016-01-02 10:33:23 params :
------------
Array:
rule : -2 ;
module :  ;
message : Array ;

2016-01-02 10:33:23 response :
------------

2016-01-02 11:55:47 trace :
------------
Array:
from : oqCObuGraUkWWwnAJwXmKKvhXSIA ;
to : gh_5013f37369ce ;
time : 1451706953 ;
type : event ;
event : VIEW ;
tousername : gh_5013f37369ce ;
fromusername : oqCObuGraUkWWwnAJwXmKKvhXSIA ;
createtime : 1451706953 ;
msgtype : event ;
eventkey : http://mp.weixin.qq.com/s?__biz=MzA5MzE5NzExNw==&mid=10001097&idx=1&sn=8338ffe385dcd8dd1f376fc1a2fd50ff&scene=18#rd ;
menuid : 208007648 ;

2016-01-02 11:55:47 params :
------------
Array:
rule : -2 ;
module :  ;
message : Array ;

2016-01-02 11:55:47 response :
------------

2016-01-02 17:03:48 trace :
------------
Array:
from : oqCObuP8T-C_bnX41pgTtOkrYIbI ;
to : gh_5013f37369ce ;
time : 1451725433 ;
type : event ;
event : VIEW ;
tousername : gh_5013f37369ce ;
fromusername : oqCObuP8T-C_bnX41pgTtOkrYIbI ;
createtime : 1451725433 ;
msgtype : event ;
eventkey : http://mp.weixin.qq.com/s?__biz=MzA5MzE5NzExNw==&mid=10001097&idx=1&sn=8338ffe385dcd8dd1f376fc1a2fd50ff&scene=18#rd ;
menuid : 208007648 ;

2016-01-02 17:03:48 params :
------------
Array:
rule : -2 ;
module :  ;
message : Array ;

2016-01-02 17:03:48 response :
------------

2016-01-02 17:03:56 trace :
------------
Array:
from : oqCObuP8T-C_bnX41pgTtOkrYIbI ;
to : gh_5013f37369ce ;
time : 1451725441 ;
type : event ;
event : VIEW ;
tousername : gh_5013f37369ce ;
fromusername : oqCObuP8T-C_bnX41pgTtOkrYIbI ;
createtime : 1451725441 ;
msgtype : event ;
eventkey : http://mp.weixin.qq.com/s?__biz=MzA5MzE5NzExNw==&mid=10001097&idx=1&sn=8338ffe385dcd8dd1f376fc1a2fd50ff&scene=18#rd ;
menuid : 208007648 ;

2016-01-02 17:03:56 params :
------------
Array:
rule : -2 ;
module :  ;
message : Array ;

2016-01-02 17:03:56 response :
------------

2016-01-02 17:55:11 trace :
------------
Array:
from : oqCObuAjnm83yGkNBrTSkiRupn8g ;
to : gh_5013f37369ce ;
time : 1451728517 ;
type : event ;
event : VIEW ;
tousername : gh_5013f37369ce ;
fromusername : oqCObuAjnm83yGkNBrTSkiRupn8g ;
createtime : 1451728517 ;
msgtype : event ;
eventkey : http://mp.weixin.qq.com/s?__biz=MzA5MzE5NzExNw==&mid=10001097&idx=1&sn=8338ffe385dcd8dd1f376fc1a2fd50ff&scene=18#rd ;
menuid : 208007648 ;

2016-01-02 17:55:11 params :
------------
Array:
rule : -2 ;
module :  ;
message : Array ;

2016-01-02 17:55:11 response :
------------

2016-01-02 17:55:15 trace :
------------
Array:
from : oqCObuAjnm83yGkNBrTSkiRupn8g ;
to : gh_5013f37369ce ;
time : 1451728521 ;
type : event ;
event : VIEW ;
tousername : gh_5013f37369ce ;
fromusername : oqCObuAjnm83yGkNBrTSkiRupn8g ;
createtime : 1451728521 ;
msgtype : event ;
eventkey : http://mp.weixin.qq.com/s?__biz=MzA5MzE5NzExNw==&mid=10001097&idx=1&sn=8338ffe385dcd8dd1f376fc1a2fd50ff&scene=18#rd ;
menuid : 208007648 ;

2016-01-02 17:55:15 params :
------------
Array:
rule : -2 ;
module :  ;
message : Array ;

2016-01-02 17:55:15 response :
------------

2016-01-02 18:02:16 trace :
------------
Array:
from : oqCObuKFx-kWsJVbm4oUzOvzgp9Q ;
to : gh_5013f37369ce ;
time : 1451728941 ;
type : event ;
event : VIEW ;
tousername : gh_5013f37369ce ;
fromusername : oqCObuKFx-kWsJVbm4oUzOvzgp9Q ;
createtime : 1451728941 ;
msgtype : event ;
eventkey : http://mp.weixin.qq.com/s?__biz=MzA5MzE5NzExNw==&mid=10001097&idx=1&sn=8338ffe385dcd8dd1f376fc1a2fd50ff&scene=18#rd ;
menuid : 208007648 ;

2016-01-02 18:02:16 params :
------------
Array:
rule : -2 ;
module :  ;
message : Array ;

2016-01-02 18:02:16 response :
------------

2016-01-02 19:10:55 trace :
------------
Array:
from : oqCObuJIKZqSuAZZuH4r0zW0Ofdg ;
to : gh_5013f37369ce ;
time : 1451733060 ;
type : event ;
event : subscribe ;
tousername : gh_5013f37369ce ;
fromusername : oqCObuJIKZqSuAZZuH4r0zW0Ofdg ;
createtime : 1451733060 ;
msgtype : event ;
eventkey :  ;

2016-01-02 19:10:55 params :
------------
Array:
rule : -2 ;
module :  ;
message : Array ;

2016-01-02 19:10:55 response :
------------

2016-01-02 19:51:08 trace :
------------
Array:
from : oqCObuA9gmF1qSSnyImru-jqMCjg ;
to : gh_5013f37369ce ;
time : 1451735471 ;
type : event ;
event : VIEW ;
tousername : gh_5013f37369ce ;
fromusername : oqCObuA9gmF1qSSnyImru-jqMCjg ;
createtime : 1451735471 ;
msgtype : event ;
eventkey : http://mp.weixin.qq.com/s?__biz=MzA5MzE5NzExNw==&mid=10001097&idx=1&sn=8338ffe385dcd8dd1f376fc1a2fd50ff&scene=18#rd ;
menuid : 208007648 ;

2016-01-02 19:51:08 params :
------------
Array:
rule : -2 ;
module :  ;
message : Array ;

2016-01-02 19:51:08 response :
------------

2016-01-02 19:51:18 trace :
------------
Array:
from : oqCObuGX1m_quWEyGeZ0MXcZdYms ;
to : gh_5013f37369ce ;
time : 1451735480 ;
type : event ;
event : VIEW ;
tousername : gh_5013f37369ce ;
fromusername : oqCObuGX1m_quWEyGeZ0MXcZdYms ;
createtime : 1451735480 ;
msgtype : event ;
eventkey : http://mp.weixin.qq.com/s?__biz=MzA5MzE5NzExNw==&mid=10001097&idx=1&sn=8338ffe385dcd8dd1f376fc1a2fd50ff&scene=18#rd ;
menuid : 208007648 ;

2016-01-02 19:51:18 params :
------------
Array:
rule : -2 ;
module :  ;
message : Array ;

2016-01-02 19:51:18 response :
------------

2016-01-02 19:51:21 trace :
------------
Array:
from : oqCObuA9gmF1qSSnyImru-jqMCjg ;
to : gh_5013f37369ce ;
time : 1451735487 ;
type : event ;
event : VIEW ;
tousername : gh_5013f37369ce ;
fromusername : oqCObuA9gmF1qSSnyImru-jqMCjg ;
createtime : 1451735487 ;
msgtype : event ;
eventkey : http://mp.weixin.qq.com/s?__biz=MzA5MzE5NzExNw==&mid=10001097&idx=1&sn=8338ffe385dcd8dd1f376fc1a2fd50ff&scene=18#rd ;
menuid : 208007648 ;

2016-01-02 19:51:21 params :
------------
Array:
rule : -2 ;
module :  ;
message : Array ;

2016-01-02 19:51:21 response :
------------

2016-01-02 19:51:23 trace :
------------
Array:
from : oqCObuGX1m_quWEyGeZ0MXcZdYms ;
to : gh_5013f37369ce ;
time : 1451735488 ;
type : event ;
event : VIEW ;
tousername : gh_5013f37369ce ;
fromusername : oqCObuGX1m_quWEyGeZ0MXcZdYms ;
createtime : 1451735488 ;
msgtype : event ;
eventkey : http://mp.weixin.qq.com/s?__biz=MzA5MzE5NzExNw==&mid=10001097&idx=1&sn=8338ffe385dcd8dd1f376fc1a2fd50ff&scene=18#rd ;
menuid : 208007648 ;

2016-01-02 19:51:23 params :
------------
Array:
rule : -2 ;
module :  ;
message : Array ;

2016-01-02 19:51:23 response :
------------

2016-01-02 19:51:26 trace :
------------
Array:
from : oqCObuA9gmF1qSSnyImru-jqMCjg ;
to : gh_5013f37369ce ;
time : 1451735491 ;
type : event ;
event : VIEW ;
tousername : gh_5013f37369ce ;
fromusername : oqCObuA9gmF1qSSnyImru-jqMCjg ;
createtime : 1451735491 ;
msgtype : event ;
eventkey : http://mp.weixin.qq.com/s?__biz=MzA5MzE5NzExNw==&mid=10001097&idx=1&sn=8338ffe385dcd8dd1f376fc1a2fd50ff&scene=18#rd ;
menuid : 208007648 ;

2016-01-02 19:51:26 params :
------------
Array:
rule : -2 ;
module :  ;
message : Array ;

2016-01-02 19:51:26 response :
------------

2016-01-02 19:51:52 trace :
------------
Array:
from : oqCObuGX1m_quWEyGeZ0MXcZdYms ;
to : gh_5013f37369ce ;
time : 1451735518 ;
type : text ;
event :  ;
tousername : gh_5013f37369ce ;
fromusername : oqCObuGX1m_quWEyGeZ0MXcZdYms ;
createtime : 1451735518 ;
msgtype : text ;
content : 我的消费 ;
msgid : 6235156572653194898 ;
redirection :  ;
source :  ;

2016-01-02 19:51:52 params :
------------
Array:
rule : -2 ;
module :  ;
message : Array ;

2016-01-02 19:51:52 response :
------------

2016-01-02 19:51:59 trace :
------------
Array:
from : oqCObuA9gmF1qSSnyImru-jqMCjg ;
to : gh_5013f37369ce ;
time : 1451735525 ;
type : event ;
event : VIEW ;
tousername : gh_5013f37369ce ;
fromusername : oqCObuA9gmF1qSSnyImru-jqMCjg ;
createtime : 1451735525 ;
msgtype : event ;
eventkey : http://mp.weixin.qq.com/s?__biz=MzA5MzE5NzExNw==&mid=10001097&idx=1&sn=8338ffe385dcd8dd1f376fc1a2fd50ff&scene=18#rd ;
menuid : 208007648 ;

2016-01-02 19:51:59 params :
------------
Array:
rule : -2 ;
module :  ;
message : Array ;

2016-01-02 19:51:59 response :
------------

2016-01-02 19:52:11 trace :
------------
Array:
from : oqCObuA9gmF1qSSnyImru-jqMCjg ;
to : gh_5013f37369ce ;
time : 1451735537 ;
type : event ;
event : VIEW ;
tousername : gh_5013f37369ce ;
fromusername : oqCObuA9gmF1qSSnyImru-jqMCjg ;
createtime : 1451735537 ;
msgtype : event ;
eventkey : http://mp.weixin.qq.com/s?__biz=MzA5MzE5NzExNw==&mid=10001097&idx=1&sn=8338ffe385dcd8dd1f376fc1a2fd50ff&scene=18#rd ;
menuid : 208007648 ;

2016-01-02 19:52:11 params :
------------
Array:
rule : -2 ;
module :  ;
message : Array ;

2016-01-02 19:52:11 response :
------------

2016-01-02 19:53:18 trace :
------------
Array:
from : oqCObuA9gmF1qSSnyImru-jqMCjg ;
to : gh_5013f37369ce ;
time : 1451735603 ;
type : event ;
event : VIEW ;
tousername : gh_5013f37369ce ;
fromusername : oqCObuA9gmF1qSSnyImru-jqMCjg ;
createtime : 1451735603 ;
msgtype : event ;
eventkey : http://mp.weixin.qq.com/s?__biz=MzA5MzE5NzExNw==&mid=10001097&idx=1&sn=8338ffe385dcd8dd1f376fc1a2fd50ff&scene=18#rd ;
menuid : 208007648 ;

2016-01-02 19:53:18 params :
------------
Array:
rule : -2 ;
module :  ;
message : Array ;

2016-01-02 19:53:18 response :
------------

2016-01-02 19:54:02 trace :
------------
Array:
from : oqCObuA9gmF1qSSnyImru-jqMCjg ;
to : gh_5013f37369ce ;
time : 1451735648 ;
type : event ;
event : VIEW ;
tousername : gh_5013f37369ce ;
fromusername : oqCObuA9gmF1qSSnyImru-jqMCjg ;
createtime : 1451735648 ;
msgtype : event ;
eventkey : http://mp.weixin.qq.com/s?__biz=MzA5MzE5NzExNw==&mid=10001097&idx=1&sn=8338ffe385dcd8dd1f376fc1a2fd50ff&scene=18#rd ;
menuid : 208007648 ;

2016-01-02 19:54:02 params :
------------
Array:
rule : -2 ;
module :  ;
message : Array ;

2016-01-02 19:54:02 response :
------------

2016-01-02 21:55:09 trace :
------------
Array:
from : oqCObuFf8XcSJTFK5jE9a357sOps ;
to : gh_5013f37369ce ;
time : 1451742914 ;
type : event ;
event : VIEW ;
tousername : gh_5013f37369ce ;
fromusername : oqCObuFf8XcSJTFK5jE9a357sOps ;
createtime : 1451742914 ;
msgtype : event ;
eventkey : http://mp.weixin.qq.com/s?__biz=MzA5MzE5NzExNw==&mid=10001097&idx=1&sn=8338ffe385dcd8dd1f376fc1a2fd50ff&scene=18#rd ;
menuid : 208007648 ;

2016-01-02 21:55:09 params :
------------
Array:
rule : -2 ;
module :  ;
message : Array ;

2016-01-02 21:55:09 response :
------------

2016-01-02 21:55:29 trace :
------------
Array:
from : oqCObuFf8XcSJTFK5jE9a357sOps ;
to : gh_5013f37369ce ;
time : 1451742935 ;
type : event ;
event : VIEW ;
tousername : gh_5013f37369ce ;
fromusername : oqCObuFf8XcSJTFK5jE9a357sOps ;
createtime : 1451742935 ;
msgtype : event ;
eventkey : http://mp.weixin.qq.com/s?__biz=MzA5MzE5NzExNw==&mid=10001097&idx=1&sn=8338ffe385dcd8dd1f376fc1a2fd50ff&scene=18#rd ;
menuid : 208007648 ;

2016-01-02 21:55:29 params :
------------
Array:
rule : -2 ;
module :  ;
message : Array ;

2016-01-02 21:55:29 response :
------------

