2016-07-07 01:16:30 trace :
------------
String:
<xml><ToUserName><![CDATA[gh_5013f37369ce]]></ToUserName>
<FromUserName><![CDATA[oqCObuEDAnkTinKsg3zml7jp-w_U]]></FromUserName>
<CreateTime>1467825526</CreateTime>
<MsgType><![CDATA[event]]></MsgType>
<Event><![CDATA[unsubscribe]]></Event>
<EventKey><![CDATA[]]></EventKey>
</xml>

2016-07-07 13:44:24 trace :
------------
String:
<xml><ToUserName><![CDATA[gh_5013f37369ce]]></ToUserName>
<FromUserName><![CDATA[oqCObuFldlDFx8GztBr9ChsO11II]]></FromUserName>
<CreateTime>1467870399</CreateTime>
<MsgType><![CDATA[event]]></MsgType>
<Event><![CDATA[unsubscribe]]></Event>
<EventKey><![CDATA[]]></EventKey>
</xml>

2016-07-07 14:17:43 trace :
------------
String:
<xml><ToUserName><![CDATA[gh_5013f37369ce]]></ToUserName>
<FromUserName><![CDATA[oqCObuE85yApCdp-7fkCz3ErWDQE]]></FromUserName>
<CreateTime>1467872398</CreateTime>
<MsgType><![CDATA[event]]></MsgType>
<Event><![CDATA[subscribe]]></Event>
<EventKey><![CDATA[]]></EventKey>
</xml>

2016-07-07 14:17:43 params :
------------
Array:
rule : -2 ;
module :  ;
message : Array ;

2016-07-07 14:17:43 response :
------------

2016-07-07 14:18:06 trace :
------------
String:
<xml><ToUserName><![CDATA[gh_5013f37369ce]]></ToUserName>
<FromUserName><![CDATA[oqCObuE85yApCdp-7fkCz3ErWDQE]]></FromUserName>
<CreateTime>1467872421</CreateTime>
<MsgType><![CDATA[event]]></MsgType>
<Event><![CDATA[VIEW]]></Event>
<EventKey><![CDATA[http://mp.weixin.qq.com/s?__biz=MzA5MzE5NzExNw==&mid=10001097&idx=1&sn=8338ffe385dcd8dd1f376fc1a2fd50ff&scene=18#rd]]></EventKey>
<MenuId>208007648</MenuId>
</xml>

2016-07-07 14:18:06 params :
------------
Array:
rule : -2 ;
module :  ;
message : Array ;

2016-07-07 14:18:06 response :
------------

2016-07-07 14:18:13 trace :
------------
String:
<xml><ToUserName><![CDATA[gh_5013f37369ce]]></ToUserName>
<FromUserName><![CDATA[oqCObuE85yApCdp-7fkCz3ErWDQE]]></FromUserName>
<CreateTime>1467872429</CreateTime>
<MsgType><![CDATA[event]]></MsgType>
<Event><![CDATA[VIEW]]></Event>
<EventKey><![CDATA[http://mp.weixin.qq.com/s?__biz=MzA5MzE5NzExNw==&mid=10001097&idx=1&sn=8338ffe385dcd8dd1f376fc1a2fd50ff&scene=18#rd]]></EventKey>
<MenuId>208007648</MenuId>
</xml>

2016-07-07 14:18:13 params :
------------
Array:
rule : -2 ;
module :  ;
message : Array ;

2016-07-07 14:18:13 response :
------------

2016-07-07 14:18:31 trace :
------------
String:
<xml><ToUserName><![CDATA[gh_5013f37369ce]]></ToUserName>
<FromUserName><![CDATA[oqCObuE85yApCdp-7fkCz3ErWDQE]]></FromUserName>
<CreateTime>1467872446</CreateTime>
<MsgType><![CDATA[event]]></MsgType>
<Event><![CDATA[VIEW]]></Event>
<EventKey><![CDATA[http://mp.weixin.qq.com/s?__biz=MzA5MzE5NzExNw==&mid=10001097&idx=1&sn=8338ffe385dcd8dd1f376fc1a2fd50ff&scene=18#rd]]></EventKey>
<MenuId>208007648</MenuId>
</xml>

2016-07-07 14:18:31 params :
------------
Array:
rule : -2 ;
module :  ;
message : Array ;

2016-07-07 14:18:31 response :
------------

