2016-08-31 08:12:40 trace :
------------
String:
<xml><ToUserName><![CDATA[gh_fbee6dda34f1]]></ToUserName>
<FromUserName><![CDATA[o1Sf9wiVbAE8eTBHl_teVBY0UTOU]]></FromUserName>
<CreateTime>1472602504</CreateTime>
<MsgType><![CDATA[event]]></MsgType>
<Event><![CDATA[VIEW]]></Event>
<EventKey><![CDATA[http://mp.angelbeautyinc.com/app/index.php?i=8&c=entry&id=1&do=detail&m=news&wxref=mp.weixin.qq.com#wechat_redirect]]></EventKey>
<MenuId>522794523</MenuId>
</xml>

2016-08-31 08:12:40 params :
------------
Array:
rule : -2 ;
module :  ;
message : Array ;

2016-08-31 08:12:40 response :
------------

2016-08-31 08:13:26 trace :
------------
String:
<xml><ToUserName><![CDATA[gh_fbee6dda34f1]]></ToUserName>
<FromUserName><![CDATA[o1Sf9wiVbAE8eTBHl_teVBY0UTOU]]></FromUserName>
<CreateTime>1472602550</CreateTime>
<MsgType><![CDATA[event]]></MsgType>
<Event><![CDATA[VIEW]]></Event>
<EventKey><![CDATA[http://mp.angelbeautyinc.com/app/index.php?i=8&c=entry&do=selfinspection&m=lrj_guide]]></EventKey>
<MenuId>522794523</MenuId>
</xml>

2016-08-31 08:13:26 params :
------------
Array:
rule : -2 ;
module :  ;
message : Array ;

2016-08-31 08:13:26 response :
------------

2016-08-31 08:13:31 trace :
------------
String:
<xml><ToUserName><![CDATA[gh_fbee6dda34f1]]></ToUserName>
<FromUserName><![CDATA[o1Sf9wiVbAE8eTBHl_teVBY0UTOU]]></FromUserName>
<CreateTime>1472602556</CreateTime>
<MsgType><![CDATA[event]]></MsgType>
<Event><![CDATA[VIEW]]></Event>
<EventKey><![CDATA[http://mp.angelbeautyinc.com/question/]]></EventKey>
<MenuId>522794523</MenuId>
</xml>

2016-08-31 08:13:31 params :
------------
Array:
rule : -2 ;
module :  ;
message : Array ;

2016-08-31 08:13:31 response :
------------

2016-08-31 09:21:40 trace :
------------
String:
<xml><ToUserName><![CDATA[gh_fbee6dda34f1]]></ToUserName>
<FromUserName><![CDATA[o1Sf9wiVbAE8eTBHl_teVBY0UTOU]]></FromUserName>
<CreateTime>1472606644</CreateTime>
<MsgType><![CDATA[event]]></MsgType>
<Event><![CDATA[VIEW]]></Event>
<EventKey><![CDATA[http://mp.angelbeautyinc.com/app/index.php?i=8&c=entry&id=3&do=detail&m=news&wxref=mp.weixin.qq.com#wechat_redirect]]></EventKey>
<MenuId>522794523</MenuId>
</xml>

2016-08-31 09:21:40 params :
------------
Array:
rule : -2 ;
module :  ;
message : Array ;

2016-08-31 09:21:40 response :
------------

2016-08-31 09:39:48 trace :
------------
String:
<xml><ToUserName><![CDATA[gh_fbee6dda34f1]]></ToUserName>
<FromUserName><![CDATA[o1Sf9wgmaqIL_VPFQSEHCTYz3YZ0]]></FromUserName>
<CreateTime>1472607733</CreateTime>
<MsgType><![CDATA[event]]></MsgType>
<Event><![CDATA[VIEW]]></Event>
<EventKey><![CDATA[http://mp.angelbeautyinc.com/app/index.php?i=8&c=entry&id=1&do=detail&m=news&wxref=mp.weixin.qq.com#wechat_redirect]]></EventKey>
<MenuId>522794523</MenuId>
</xml>

2016-08-31 09:39:48 params :
------------
Array:
rule : -2 ;
module :  ;
message : Array ;

2016-08-31 09:39:48 response :
------------

2016-08-31 09:40:02 trace :
------------
String:
<xml><ToUserName><![CDATA[gh_fbee6dda34f1]]></ToUserName>
<FromUserName><![CDATA[o1Sf9wgmaqIL_VPFQSEHCTYz3YZ0]]></FromUserName>
<CreateTime>1472607746</CreateTime>
<MsgType><![CDATA[event]]></MsgType>
<Event><![CDATA[VIEW]]></Event>
<EventKey><![CDATA[http://mp.angelbeautyinc.com/app/index.php?i=8&c=entry&do=selfinspection&m=lrj_guide]]></EventKey>
<MenuId>522794523</MenuId>
</xml>

2016-08-31 09:40:02 params :
------------
Array:
rule : -2 ;
module :  ;
message : Array ;

2016-08-31 09:40:02 response :
------------

2016-08-31 09:41:19 trace :
------------
String:
<xml><ToUserName><![CDATA[gh_fbee6dda34f1]]></ToUserName>
<FromUserName><![CDATA[o1Sf9wgmaqIL_VPFQSEHCTYz3YZ0]]></FromUserName>
<CreateTime>1472607824</CreateTime>
<MsgType><![CDATA[event]]></MsgType>
<Event><![CDATA[VIEW]]></Event>
<EventKey><![CDATA[http://mp.angelbeautyinc.com/app/index.php?i=8&c=entry&do=shop&m=ewei_shop]]></EventKey>
<MenuId>522794523</MenuId>
</xml>

2016-08-31 09:41:19 params :
------------
Array:
rule : -2 ;
module :  ;
message : Array ;

2016-08-31 09:41:19 response :
------------

2016-08-31 09:41:32 trace :
------------
String:
<xml><ToUserName><![CDATA[gh_fbee6dda34f1]]></ToUserName>
<FromUserName><![CDATA[o1Sf9wiVbAE8eTBHl_teVBY0UTOU]]></FromUserName>
<CreateTime>1472607836</CreateTime>
<MsgType><![CDATA[event]]></MsgType>
<Event><![CDATA[VIEW]]></Event>
<EventKey><![CDATA[http://mp.angelbeautyinc.com/app/index.php?i=8&c=entry&id=1&do=detail&m=news&wxref=mp.weixin.qq.com#wechat_redirect]]></EventKey>
<MenuId>522794523</MenuId>
</xml>

2016-08-31 09:41:32 params :
------------
Array:
rule : -2 ;
module :  ;
message : Array ;

2016-08-31 09:41:32 response :
------------

2016-08-31 09:42:20 trace :
------------
String:
<xml><ToUserName><![CDATA[gh_fbee6dda34f1]]></ToUserName>
<FromUserName><![CDATA[o1Sf9wkKBQehW95uXJpMpNu1EkCg]]></FromUserName>
<CreateTime>1472607885</CreateTime>
<MsgType><![CDATA[event]]></MsgType>
<Event><![CDATA[VIEW]]></Event>
<EventKey><![CDATA[http://mp.angelbeautyinc.com/app/index.php?i=8&c=entry&do=selfinspection&m=lrj_guide]]></EventKey>
<MenuId>522794523</MenuId>
</xml>

2016-08-31 09:42:20 params :
------------
Array:
rule : -2 ;
module :  ;
message : Array ;

2016-08-31 09:42:20 response :
------------

2016-08-31 09:43:04 trace :
------------
String:
<xml><ToUserName><![CDATA[gh_fbee6dda34f1]]></ToUserName>
<FromUserName><![CDATA[o1Sf9wiVbAE8eTBHl_teVBY0UTOU]]></FromUserName>
<CreateTime>1472607928</CreateTime>
<MsgType><![CDATA[event]]></MsgType>
<Event><![CDATA[VIEW]]></Event>
<EventKey><![CDATA[http://mp.angelbeautyinc.com/app/index.php?i=8&c=entry&do=shop&m=ewei_shop]]></EventKey>
<MenuId>522794523</MenuId>
</xml>

2016-08-31 09:43:04 params :
------------
Array:
rule : -2 ;
module :  ;
message : Array ;

2016-08-31 09:43:04 response :
------------

2016-08-31 09:43:27 trace :
------------
String:
<xml><ToUserName><![CDATA[gh_fbee6dda34f1]]></ToUserName>
<FromUserName><![CDATA[o1Sf9wiVbAE8eTBHl_teVBY0UTOU]]></FromUserName>
<CreateTime>1472607951</CreateTime>
<MsgType><![CDATA[event]]></MsgType>
<Event><![CDATA[VIEW]]></Event>
<EventKey><![CDATA[http://mp.angelbeautyinc.com/app/index.php?i=8&c=entry&do=selfinspection&m=lrj_guide]]></EventKey>
<MenuId>522794523</MenuId>
</xml>

2016-08-31 09:43:27 params :
------------
Array:
rule : -2 ;
module :  ;
message : Array ;

2016-08-31 09:43:27 response :
------------

2016-08-31 09:43:31 trace :
------------
String:
<xml><ToUserName><![CDATA[gh_fbee6dda34f1]]></ToUserName>
<FromUserName><![CDATA[o1Sf9wiVbAE8eTBHl_teVBY0UTOU]]></FromUserName>
<CreateTime>1472607955</CreateTime>
<MsgType><![CDATA[event]]></MsgType>
<Event><![CDATA[VIEW]]></Event>
<EventKey><![CDATA[http://mp.angelbeautyinc.com/app/index.php?i=8&c=entry&id=1&do=detail&m=news&wxref=mp.weixin.qq.com#wechat_redirect]]></EventKey>
<MenuId>522794523</MenuId>
</xml>

2016-08-31 09:43:31 params :
------------
Array:
rule : -2 ;
module :  ;
message : Array ;

2016-08-31 09:43:31 response :
------------

2016-08-31 09:44:00 trace :
------------
String:
<xml><ToUserName><![CDATA[gh_fbee6dda34f1]]></ToUserName>
<FromUserName><![CDATA[o1Sf9wiVbAE8eTBHl_teVBY0UTOU]]></FromUserName>
<CreateTime>1472607985</CreateTime>
<MsgType><![CDATA[event]]></MsgType>
<Event><![CDATA[VIEW]]></Event>
<EventKey><![CDATA[http://mp.angelbeautyinc.com/app/index.php?i=8&c=entry&do=shop&m=ewei_shop]]></EventKey>
<MenuId>522794523</MenuId>
</xml>

2016-08-31 09:44:00 params :
------------
Array:
rule : -2 ;
module :  ;
message : Array ;

2016-08-31 09:44:00 response :
------------

2016-08-31 09:44:10 trace :
------------
String:
<xml><ToUserName><![CDATA[gh_fbee6dda34f1]]></ToUserName>
<FromUserName><![CDATA[o1Sf9wkKBQehW95uXJpMpNu1EkCg]]></FromUserName>
<CreateTime>1472607994</CreateTime>
<MsgType><![CDATA[event]]></MsgType>
<Event><![CDATA[VIEW]]></Event>
<EventKey><![CDATA[http://mp.angelbeautyinc.com/app/index.php?i=8&c=entry&do=selfinspection&m=lrj_guide]]></EventKey>
<MenuId>522794523</MenuId>
</xml>

2016-08-31 09:44:10 params :
------------
Array:
rule : -2 ;
module :  ;
message : Array ;

2016-08-31 09:44:10 response :
------------

2016-08-31 09:44:16 trace :
------------
String:
<xml><ToUserName><![CDATA[gh_fbee6dda34f1]]></ToUserName>
<FromUserName><![CDATA[o1Sf9wiVbAE8eTBHl_teVBY0UTOU]]></FromUserName>
<CreateTime>1472608001</CreateTime>
<MsgType><![CDATA[event]]></MsgType>
<Event><![CDATA[VIEW]]></Event>
<EventKey><![CDATA[http://mp.angelbeautyinc.com/app/index.php?i=8&c=entry&do=selfinspection&m=lrj_guide]]></EventKey>
<MenuId>522794523</MenuId>
</xml>

2016-08-31 09:44:16 params :
------------
Array:
rule : -2 ;
module :  ;
message : Array ;

2016-08-31 09:44:16 response :
------------

2016-08-31 09:44:23 trace :
------------
String:
<xml><ToUserName><![CDATA[gh_fbee6dda34f1]]></ToUserName>
<FromUserName><![CDATA[o1Sf9wkRRScI1TMsZGeSag5I2ulk]]></FromUserName>
<CreateTime>1472608007</CreateTime>
<MsgType><![CDATA[event]]></MsgType>
<Event><![CDATA[VIEW]]></Event>
<EventKey><![CDATA[http://mp.angelbeautyinc.com/app/index.php?i=8&c=entry&id=1&do=detail&m=news&wxref=mp.weixin.qq.com#wechat_redirect]]></EventKey>
<MenuId>522794523</MenuId>
</xml>

2016-08-31 09:44:23 params :
------------
Array:
rule : -2 ;
module :  ;
message : Array ;

2016-08-31 09:44:23 response :
------------

2016-08-31 09:44:48 trace :
------------
String:
<xml><ToUserName><![CDATA[gh_fbee6dda34f1]]></ToUserName>
<FromUserName><![CDATA[o1Sf9wiVbAE8eTBHl_teVBY0UTOU]]></FromUserName>
<CreateTime>1472608032</CreateTime>
<MsgType><![CDATA[event]]></MsgType>
<Event><![CDATA[VIEW]]></Event>
<EventKey><![CDATA[http://mp.angelbeautyinc.com/app/index.php?i=8&c=entry&do=member&m=ewei_shop]]></EventKey>
<MenuId>522794523</MenuId>
</xml>

2016-08-31 09:44:48 params :
------------
Array:
rule : -2 ;
module :  ;
message : Array ;

2016-08-31 09:44:48 response :
------------

2016-08-31 09:44:53 trace :
------------
String:
<xml><ToUserName><![CDATA[gh_fbee6dda34f1]]></ToUserName>
<FromUserName><![CDATA[o1Sf9wkKBQehW95uXJpMpNu1EkCg]]></FromUserName>
<CreateTime>1472608037</CreateTime>
<MsgType><![CDATA[event]]></MsgType>
<Event><![CDATA[VIEW]]></Event>
<EventKey><![CDATA[http://mp.angelbeautyinc.com/app/index.php?i=8&c=entry&id=1&do=detail&m=news&wxref=mp.weixin.qq.com#wechat_redirect]]></EventKey>
<MenuId>522794523</MenuId>
</xml>

2016-08-31 09:44:53 params :
------------
Array:
rule : -2 ;
module :  ;
message : Array ;

2016-08-31 09:44:53 response :
------------

2016-08-31 09:44:56 trace :
------------
String:
<xml><ToUserName><![CDATA[gh_fbee6dda34f1]]></ToUserName>
<FromUserName><![CDATA[o1Sf9wkRRScI1TMsZGeSag5I2ulk]]></FromUserName>
<CreateTime>1472608040</CreateTime>
<MsgType><![CDATA[event]]></MsgType>
<Event><![CDATA[VIEW]]></Event>
<EventKey><![CDATA[http://mp.angelbeautyinc.com/app/index.php?i=8&c=entry&id=1&do=detail&m=news&wxref=mp.weixin.qq.com#wechat_redirect]]></EventKey>
<MenuId>522794523</MenuId>
</xml>

2016-08-31 09:44:56 params :
------------
Array:
rule : -2 ;
module :  ;
message : Array ;

2016-08-31 09:44:56 response :
------------

2016-08-31 09:45:41 trace :
------------
String:
<xml><ToUserName><![CDATA[gh_fbee6dda34f1]]></ToUserName>
<FromUserName><![CDATA[o1Sf9wkKBQehW95uXJpMpNu1EkCg]]></FromUserName>
<CreateTime>1472608085</CreateTime>
<MsgType><![CDATA[event]]></MsgType>
<Event><![CDATA[VIEW]]></Event>
<EventKey><![CDATA[http://mp.angelbeautyinc.com/app/index.php?i=8&c=entry&id=1&do=detail&m=news&wxref=mp.weixin.qq.com#wechat_redirect]]></EventKey>
<MenuId>522794523</MenuId>
</xml>

2016-08-31 09:45:41 params :
------------
Array:
rule : -2 ;
module :  ;
message : Array ;

2016-08-31 09:45:41 response :
------------

2016-08-31 09:45:57 trace :
------------
String:
<xml><ToUserName><![CDATA[gh_fbee6dda34f1]]></ToUserName>
<FromUserName><![CDATA[o1Sf9wiVbAE8eTBHl_teVBY0UTOU]]></FromUserName>
<CreateTime>1472608102</CreateTime>
<MsgType><![CDATA[event]]></MsgType>
<Event><![CDATA[VIEW]]></Event>
<EventKey><![CDATA[http://mp.angelbeautyinc.com/app/index.php?i=8&c=entry&id=2&do=detail&m=news&wxref=mp.weixin.qq.com#wechat_redirect]]></EventKey>
<MenuId>522794523</MenuId>
</xml>

2016-08-31 09:45:57 params :
------------
Array:
rule : -2 ;
module :  ;
message : Array ;

2016-08-31 09:45:57 response :
------------

2016-08-31 09:46:01 trace :
------------
String:
<xml><ToUserName><![CDATA[gh_fbee6dda34f1]]></ToUserName>
<FromUserName><![CDATA[o1Sf9wkKBQehW95uXJpMpNu1EkCg]]></FromUserName>
<CreateTime>1472608106</CreateTime>
<MsgType><![CDATA[event]]></MsgType>
<Event><![CDATA[VIEW]]></Event>
<EventKey><![CDATA[http://mp.angelbeautyinc.com/app/index.php?i=8&c=entry&id=1&do=detail&m=news&wxref=mp.weixin.qq.com#wechat_redirect]]></EventKey>
<MenuId>522794523</MenuId>
</xml>

2016-08-31 09:46:01 params :
------------
Array:
rule : -2 ;
module :  ;
message : Array ;

2016-08-31 09:46:01 response :
------------

2016-08-31 09:46:01 trace :
------------
String:
<xml><ToUserName><![CDATA[gh_fbee6dda34f1]]></ToUserName>
<FromUserName><![CDATA[o1Sf9wi0Q5-fnvkTjamwo-EsD_1A]]></FromUserName>
<CreateTime>1472608106</CreateTime>
<MsgType><![CDATA[event]]></MsgType>
<Event><![CDATA[subscribe]]></Event>
<EventKey><![CDATA[]]></EventKey>
</xml>

2016-08-31 09:46:01 params :
------------
Array:
message : Array ;
module : basic ;
rule : 22 ;
priority : 0 ;
keyword : Array ;

2016-08-31 09:46:01 response :
------------
Array:
FromUserName : gh_fbee6dda34f1 ;
ToUserName : o1Sf9wi0Q5-fnvkTjamwo-EsD_1A ;
MsgType : text ;
Content : 等了那么久，小主您终于来啦/鼓掌
恭喜您，您可能关注了世界上最简致的健康轻生活/色
想要了解我，请戳<a href="http://mp.angelbeautyinc.com/app/index.php?i=8&c=entry&id=1&do=detail&m=news">公司介绍</a>
想要了解自己，请戳<a href="http://mp.angelbeautyinc.com/app/index.php?i=8&c=entry&do=selfinspection&m=lrj_guide">自诊</a>
带您健康带您飞，么么哒/飞吻 ;

2016-08-31 09:46:04 trace :
------------
String:
<xml><ToUserName><![CDATA[gh_fbee6dda34f1]]></ToUserName>
<FromUserName><![CDATA[o1Sf9wnwKARxWwEzTZNiD-s6yh04]]></FromUserName>
<CreateTime>1472608109</CreateTime>
<MsgType><![CDATA[event]]></MsgType>
<Event><![CDATA[subscribe]]></Event>
<EventKey><![CDATA[]]></EventKey>
</xml>

2016-08-31 09:46:04 params :
------------
Array:
message : Array ;
module : basic ;
rule : 22 ;
priority : 0 ;
keyword : Array ;

2016-08-31 09:46:04 response :
------------
Array:
FromUserName : gh_fbee6dda34f1 ;
ToUserName : o1Sf9wnwKARxWwEzTZNiD-s6yh04 ;
MsgType : text ;
Content : 等了那么久，小主您终于来啦/鼓掌
恭喜您，您可能关注了世界上最简致的健康轻生活/色
想要了解我，请戳<a href="http://mp.angelbeautyinc.com/app/index.php?i=8&c=entry&id=1&do=detail&m=news">公司介绍</a>
想要了解自己，请戳<a href="http://mp.angelbeautyinc.com/app/index.php?i=8&c=entry&do=selfinspection&m=lrj_guide">自诊</a>
带您健康带您飞，么么哒/飞吻 ;

2016-08-31 09:46:05 trace :
------------
String:
<xml><ToUserName><![CDATA[gh_fbee6dda34f1]]></ToUserName>
<FromUserName><![CDATA[o1Sf9wgmaqIL_VPFQSEHCTYz3YZ0]]></FromUserName>
<CreateTime>1472608110</CreateTime>
<MsgType><![CDATA[event]]></MsgType>
<Event><![CDATA[VIEW]]></Event>
<EventKey><![CDATA[http://mp.angelbeautyinc.com/app/index.php?i=8&c=entry&id=1&do=detail&m=news&wxref=mp.weixin.qq.com#wechat_redirect]]></EventKey>
<MenuId>522794523</MenuId>
</xml>

2016-08-31 09:46:05 params :
------------
Array:
rule : -2 ;
module :  ;
message : Array ;

2016-08-31 09:46:05 response :
------------

2016-08-31 09:46:25 trace :
------------
String:
<xml><ToUserName><![CDATA[gh_fbee6dda34f1]]></ToUserName>
<FromUserName><![CDATA[o1Sf9wiVbAE8eTBHl_teVBY0UTOU]]></FromUserName>
<CreateTime>1472608130</CreateTime>
<MsgType><![CDATA[event]]></MsgType>
<Event><![CDATA[VIEW]]></Event>
<EventKey><![CDATA[http://mp.angelbeautyinc.com/app/index.php?i=8&c=entry&id=2&do=detail&m=news&wxref=mp.weixin.qq.com#wechat_redirect]]></EventKey>
<MenuId>522794523</MenuId>
</xml>

2016-08-31 09:46:25 params :
------------
Array:
rule : -2 ;
module :  ;
message : Array ;

2016-08-31 09:46:25 response :
------------

2016-08-31 09:46:33 trace :
------------
String:
<xml><ToUserName><![CDATA[gh_fbee6dda34f1]]></ToUserName>
<FromUserName><![CDATA[o1Sf9wiVbAE8eTBHl_teVBY0UTOU]]></FromUserName>
<CreateTime>1472608138</CreateTime>
<MsgType><![CDATA[event]]></MsgType>
<Event><![CDATA[VIEW]]></Event>
<EventKey><![CDATA[http://mp.angelbeautyinc.com/app/index.php?i=8&c=entry&id=3&do=detail&m=news&wxref=mp.weixin.qq.com#wechat_redirect]]></EventKey>
<MenuId>522794523</MenuId>
</xml>

2016-08-31 09:46:33 params :
------------
Array:
rule : -2 ;
module :  ;
message : Array ;

2016-08-31 09:46:33 response :
------------

2016-08-31 09:46:46 trace :
------------
String:
<xml><ToUserName><![CDATA[gh_fbee6dda34f1]]></ToUserName>
<FromUserName><![CDATA[o1Sf9wv9MWz8rOgB8rO5Xd98i9JI]]></FromUserName>
<CreateTime>1472608151</CreateTime>
<MsgType><![CDATA[event]]></MsgType>
<Event><![CDATA[VIEW]]></Event>
<EventKey><![CDATA[http://mp.angelbeautyinc.com/app/index.php?i=8&c=entry&id=1&do=detail&m=news&wxref=mp.weixin.qq.com#wechat_redirect]]></EventKey>
<MenuId>522794523</MenuId>
</xml>

2016-08-31 09:46:46 params :
------------
Array:
rule : -2 ;
module :  ;
message : Array ;

2016-08-31 09:46:46 response :
------------

2016-08-31 09:47:44 trace :
------------
String:
<xml><ToUserName><![CDATA[gh_fbee6dda34f1]]></ToUserName>
<FromUserName><![CDATA[o1Sf9wkKBQehW95uXJpMpNu1EkCg]]></FromUserName>
<CreateTime>1472608206</CreateTime>
<MsgType><![CDATA[event]]></MsgType>
<Event><![CDATA[VIEW]]></Event>
<EventKey><![CDATA[http://mp.angelbeautyinc.com/app/index.php?i=8&c=entry&id=1&do=detail&m=news&wxref=mp.weixin.qq.com#wechat_redirect]]></EventKey>
<MenuId>522794523</MenuId>
</xml>

2016-08-31 09:47:44 params :
------------
Array:
rule : -2 ;
module :  ;
message : Array ;

2016-08-31 09:47:44 response :
------------

2016-08-31 09:47:46 trace :
------------
String:
<xml><ToUserName><![CDATA[gh_fbee6dda34f1]]></ToUserName>
<FromUserName><![CDATA[o1Sf9wiVbAE8eTBHl_teVBY0UTOU]]></FromUserName>
<CreateTime>1472608208</CreateTime>
<MsgType><![CDATA[event]]></MsgType>
<Event><![CDATA[VIEW]]></Event>
<EventKey><![CDATA[http://mp.angelbeautyinc.com/app/index.php?i=8&c=entry&do=shop&m=ewei_shop]]></EventKey>
<MenuId>522794523</MenuId>
</xml>

2016-08-31 09:47:46 params :
------------
Array:
rule : -2 ;
module :  ;
message : Array ;

2016-08-31 09:47:46 response :
------------

2016-08-31 09:48:00 trace :
------------
String:
<xml><ToUserName><![CDATA[gh_fbee6dda34f1]]></ToUserName>
<FromUserName><![CDATA[o1Sf9wkKBQehW95uXJpMpNu1EkCg]]></FromUserName>
<CreateTime>1472608225</CreateTime>
<MsgType><![CDATA[event]]></MsgType>
<Event><![CDATA[VIEW]]></Event>
<EventKey><![CDATA[http://mp.angelbeautyinc.com/app/index.php?i=8&c=entry&do=selfinspection&m=lrj_guide]]></EventKey>
<MenuId>522794523</MenuId>
</xml>

2016-08-31 09:48:00 params :
------------
Array:
rule : -2 ;
module :  ;
message : Array ;

2016-08-31 09:48:00 response :
------------

2016-08-31 09:48:11 trace :
------------
String:
<xml><ToUserName><![CDATA[gh_fbee6dda34f1]]></ToUserName>
<FromUserName><![CDATA[o1Sf9wgmaqIL_VPFQSEHCTYz3YZ0]]></FromUserName>
<CreateTime>1472608235</CreateTime>
<MsgType><![CDATA[event]]></MsgType>
<Event><![CDATA[VIEW]]></Event>
<EventKey><![CDATA[http://mp.angelbeautyinc.com/app/index.php?i=8&c=entry&do=selfinspection&m=lrj_guide]]></EventKey>
<MenuId>522794523</MenuId>
</xml>

2016-08-31 09:48:11 params :
------------
Array:
rule : -2 ;
module :  ;
message : Array ;

2016-08-31 09:48:11 response :
------------

2016-08-31 09:48:54 trace :
------------
String:
<xml><ToUserName><![CDATA[gh_fbee6dda34f1]]></ToUserName>
<FromUserName><![CDATA[o1Sf9wnwKARxWwEzTZNiD-s6yh04]]></FromUserName>
<CreateTime>1472608278</CreateTime>
<MsgType><![CDATA[event]]></MsgType>
<Event><![CDATA[VIEW]]></Event>
<EventKey><![CDATA[http://mp.angelbeautyinc.com/app/index.php?i=8&c=entry&id=1&do=detail&m=news&wxref=mp.weixin.qq.com#wechat_redirect]]></EventKey>
<MenuId>522794523</MenuId>
</xml>

2016-08-31 09:48:54 params :
------------
Array:
rule : -2 ;
module :  ;
message : Array ;

2016-08-31 09:48:54 response :
------------

2016-08-31 09:49:03 trace :
------------
String:
<xml><ToUserName><![CDATA[gh_fbee6dda34f1]]></ToUserName>
<FromUserName><![CDATA[o1Sf9wkRRScI1TMsZGeSag5I2ulk]]></FromUserName>
<CreateTime>1472608288</CreateTime>
<MsgType><![CDATA[event]]></MsgType>
<Event><![CDATA[VIEW]]></Event>
<EventKey><![CDATA[http://mp.angelbeautyinc.com/app/index.php?i=8&c=entry&do=shop&m=ewei_shop]]></EventKey>
<MenuId>522794523</MenuId>
</xml>

2016-08-31 09:49:03 params :
------------
Array:
rule : -2 ;
module :  ;
message : Array ;

2016-08-31 09:49:03 response :
------------

2016-08-31 09:49:09 trace :
------------
String:
<xml><ToUserName><![CDATA[gh_fbee6dda34f1]]></ToUserName>
<FromUserName><![CDATA[o1Sf9wiVbAE8eTBHl_teVBY0UTOU]]></FromUserName>
<CreateTime>1472608293</CreateTime>
<MsgType><![CDATA[event]]></MsgType>
<Event><![CDATA[VIEW]]></Event>
<EventKey><![CDATA[http://mp.angelbeautyinc.com/app/index.php?i=8&c=entry&do=member&m=ewei_shop]]></EventKey>
<MenuId>522794523</MenuId>
</xml>

2016-08-31 09:49:09 params :
------------
Array:
rule : -2 ;
module :  ;
message : Array ;

2016-08-31 09:49:09 response :
------------

2016-08-31 09:49:29 trace :
------------
String:
<xml><ToUserName><![CDATA[gh_fbee6dda34f1]]></ToUserName>
<FromUserName><![CDATA[o1Sf9wnwKARxWwEzTZNiD-s6yh04]]></FromUserName>
<CreateTime>1472608314</CreateTime>
<MsgType><![CDATA[event]]></MsgType>
<Event><![CDATA[VIEW]]></Event>
<EventKey><![CDATA[http://mp.angelbeautyinc.com/app/index.php?i=8&c=entry&id=2&do=detail&m=news&wxref=mp.weixin.qq.com#wechat_redirect]]></EventKey>
<MenuId>522794523</MenuId>
</xml>

2016-08-31 09:49:29 params :
------------
Array:
rule : -2 ;
module :  ;
message : Array ;

2016-08-31 09:49:29 response :
------------

2016-08-31 09:50:06 trace :
------------
String:
<xml><ToUserName><![CDATA[gh_fbee6dda34f1]]></ToUserName>
<FromUserName><![CDATA[o1Sf9wnwKARxWwEzTZNiD-s6yh04]]></FromUserName>
<CreateTime>1472608351</CreateTime>
<MsgType><![CDATA[event]]></MsgType>
<Event><![CDATA[VIEW]]></Event>
<EventKey><![CDATA[http://mp.angelbeautyinc.com/app/index.php?i=8&c=entry&p=category&do=shop&m=ewei_shop]]></EventKey>
<MenuId>522794523</MenuId>
</xml>

2016-08-31 09:50:06 params :
------------
Array:
rule : -2 ;
module :  ;
message : Array ;

2016-08-31 09:50:06 response :
------------

2016-08-31 09:50:12 trace :
------------
String:
<xml><ToUserName><![CDATA[gh_fbee6dda34f1]]></ToUserName>
<FromUserName><![CDATA[o1Sf9wgmaqIL_VPFQSEHCTYz3YZ0]]></FromUserName>
<CreateTime>1472608357</CreateTime>
<MsgType><![CDATA[event]]></MsgType>
<Event><![CDATA[VIEW]]></Event>
<EventKey><![CDATA[http://mp.angelbeautyinc.com/app/index.php?i=8&c=entry&id=1&do=detail&m=news&wxref=mp.weixin.qq.com#wechat_redirect]]></EventKey>
<MenuId>522794523</MenuId>
</xml>

2016-08-31 09:50:12 params :
------------
Array:
rule : -2 ;
module :  ;
message : Array ;

2016-08-31 09:50:12 response :
------------

2016-08-31 09:50:12 trace :
------------
String:
<xml><ToUserName><![CDATA[gh_fbee6dda34f1]]></ToUserName>
<FromUserName><![CDATA[o1Sf9wiVbAE8eTBHl_teVBY0UTOU]]></FromUserName>
<CreateTime>1472608357</CreateTime>
<MsgType><![CDATA[event]]></MsgType>
<Event><![CDATA[VIEW]]></Event>
<EventKey><![CDATA[http://mp.angelbeautyinc.com/app/index.php?i=8&c=entry&id=1&do=detail&m=news&wxref=mp.weixin.qq.com#wechat_redirect]]></EventKey>
<MenuId>522794523</MenuId>
</xml>

2016-08-31 09:50:12 params :
------------
Array:
rule : -2 ;
module :  ;
message : Array ;

2016-08-31 09:50:12 response :
------------

2016-08-31 09:50:15 trace :
------------
String:
<xml><ToUserName><![CDATA[gh_fbee6dda34f1]]></ToUserName>
<FromUserName><![CDATA[o1Sf9wkKBQehW95uXJpMpNu1EkCg]]></FromUserName>
<CreateTime>1472608360</CreateTime>
<MsgType><![CDATA[event]]></MsgType>
<Event><![CDATA[VIEW]]></Event>
<EventKey><![CDATA[http://mp.angelbeautyinc.com/app/index.php?i=8&c=entry&id=1&do=detail&m=news&wxref=mp.weixin.qq.com#wechat_redirect]]></EventKey>
<MenuId>522794523</MenuId>
</xml>

2016-08-31 09:50:15 params :
------------
Array:
rule : -2 ;
module :  ;
message : Array ;

2016-08-31 09:50:15 response :
------------

2016-08-31 09:50:22 trace :
------------
String:
<xml><ToUserName><![CDATA[gh_fbee6dda34f1]]></ToUserName>
<FromUserName><![CDATA[o1Sf9wiVbAE8eTBHl_teVBY0UTOU]]></FromUserName>
<CreateTime>1472608366</CreateTime>
<MsgType><![CDATA[event]]></MsgType>
<Event><![CDATA[VIEW]]></Event>
<EventKey><![CDATA[http://mp.angelbeautyinc.com/app/index.php?i=8&c=entry&id=1&do=detail&m=news&wxref=mp.weixin.qq.com#wechat_redirect]]></EventKey>
<MenuId>522794523</MenuId>
</xml>

2016-08-31 09:50:22 params :
------------
Array:
rule : -2 ;
module :  ;
message : Array ;

2016-08-31 09:50:22 response :
------------

2016-08-31 09:50:27 trace :
------------
String:
<xml><ToUserName><![CDATA[gh_fbee6dda34f1]]></ToUserName>
<FromUserName><![CDATA[o1Sf9wkKBQehW95uXJpMpNu1EkCg]]></FromUserName>
<CreateTime>1472608371</CreateTime>
<MsgType><![CDATA[event]]></MsgType>
<Event><![CDATA[VIEW]]></Event>
<EventKey><![CDATA[http://mp.angelbeautyinc.com/app/index.php?i=8&c=entry&id=2&do=detail&m=news&wxref=mp.weixin.qq.com#wechat_redirect]]></EventKey>
<MenuId>522794523</MenuId>
</xml>

2016-08-31 09:50:27 params :
------------
Array:
rule : -2 ;
module :  ;
message : Array ;

2016-08-31 09:50:27 response :
------------

2016-08-31 09:50:49 trace :
------------
String:
<xml><ToUserName><![CDATA[gh_fbee6dda34f1]]></ToUserName>
<FromUserName><![CDATA[o1Sf9wkKBQehW95uXJpMpNu1EkCg]]></FromUserName>
<CreateTime>1472608393</CreateTime>
<MsgType><![CDATA[event]]></MsgType>
<Event><![CDATA[VIEW]]></Event>
<EventKey><![CDATA[http://mp.angelbeautyinc.com/app/index.php?i=8&c=entry&id=3&do=detail&m=news&wxref=mp.weixin.qq.com#wechat_redirect]]></EventKey>
<MenuId>522794523</MenuId>
</xml>

2016-08-31 09:50:49 params :
------------
Array:
rule : -2 ;
module :  ;
message : Array ;

2016-08-31 09:50:49 response :
------------

2016-08-31 09:51:38 trace :
------------
String:
<xml><ToUserName><![CDATA[gh_fbee6dda34f1]]></ToUserName>
<FromUserName><![CDATA[o1Sf9wkKBQehW95uXJpMpNu1EkCg]]></FromUserName>
<CreateTime>1472608442</CreateTime>
<MsgType><![CDATA[event]]></MsgType>
<Event><![CDATA[VIEW]]></Event>
<EventKey><![CDATA[http://mp.angelbeautyinc.com/app/index.php?i=8&c=entry&do=selfinspection&m=lrj_guide]]></EventKey>
<MenuId>522794523</MenuId>
</xml>

2016-08-31 09:51:38 params :
------------
Array:
rule : -2 ;
module :  ;
message : Array ;

2016-08-31 09:51:38 response :
------------

2016-08-31 09:51:38 trace :
------------
String:
<xml><ToUserName><![CDATA[gh_fbee6dda34f1]]></ToUserName>
<FromUserName><![CDATA[o1Sf9wkRRScI1TMsZGeSag5I2ulk]]></FromUserName>
<CreateTime>1472608443</CreateTime>
<MsgType><![CDATA[event]]></MsgType>
<Event><![CDATA[VIEW]]></Event>
<EventKey><![CDATA[http://mp.angelbeautyinc.com/app/index.php?i=8&c=entry&id=1&do=detail&m=news&wxref=mp.weixin.qq.com#wechat_redirect]]></EventKey>
<MenuId>522794523</MenuId>
</xml>

2016-08-31 09:51:38 params :
------------
Array:
rule : -2 ;
module :  ;
message : Array ;

2016-08-31 09:51:38 response :
------------

2016-08-31 09:51:58 trace :
------------
String:
<xml><ToUserName><![CDATA[gh_fbee6dda34f1]]></ToUserName>
<FromUserName><![CDATA[o1Sf9wiVbAE8eTBHl_teVBY0UTOU]]></FromUserName>
<CreateTime>1472608463</CreateTime>
<MsgType><![CDATA[event]]></MsgType>
<Event><![CDATA[VIEW]]></Event>
<EventKey><![CDATA[http://mp.angelbeautyinc.com/app/index.php?i=8&c=entry&do=shop&m=ewei_shop]]></EventKey>
<MenuId>522794523</MenuId>
</xml>

2016-08-31 09:51:58 params :
------------
Array:
rule : -2 ;
module :  ;
message : Array ;

2016-08-31 09:51:58 response :
------------

2016-08-31 09:52:01 trace :
------------
String:
<xml><ToUserName><![CDATA[gh_fbee6dda34f1]]></ToUserName>
<FromUserName><![CDATA[o1Sf9wnwKARxWwEzTZNiD-s6yh04]]></FromUserName>
<CreateTime>1472608466</CreateTime>
<MsgType><![CDATA[event]]></MsgType>
<Event><![CDATA[VIEW]]></Event>
<EventKey><![CDATA[http://mp.angelbeautyinc.com/app/index.php?i=8&c=entry&do=selfinspection&m=lrj_guide]]></EventKey>
<MenuId>522794523</MenuId>
</xml>

2016-08-31 09:52:01 params :
------------
Array:
rule : -2 ;
module :  ;
message : Array ;

2016-08-31 09:52:01 response :
------------

2016-08-31 09:53:02 trace :
------------
String:
<xml><ToUserName><![CDATA[gh_fbee6dda34f1]]></ToUserName>
<FromUserName><![CDATA[o1Sf9wgmaqIL_VPFQSEHCTYz3YZ0]]></FromUserName>
<CreateTime>1472608526</CreateTime>
<MsgType><![CDATA[event]]></MsgType>
<Event><![CDATA[VIEW]]></Event>
<EventKey><![CDATA[http://mp.angelbeautyinc.com/app/index.php?i=8&c=entry&do=shop&m=ewei_shop]]></EventKey>
<MenuId>522794523</MenuId>
</xml>

2016-08-31 09:53:02 params :
------------
Array:
rule : -2 ;
module :  ;
message : Array ;

2016-08-31 09:53:02 response :
------------

2016-08-31 09:53:09 trace :
------------
String:
<xml><ToUserName><![CDATA[gh_fbee6dda34f1]]></ToUserName>
<FromUserName><![CDATA[o1Sf9wgmaqIL_VPFQSEHCTYz3YZ0]]></FromUserName>
<CreateTime>1472608533</CreateTime>
<MsgType><![CDATA[event]]></MsgType>
<Event><![CDATA[VIEW]]></Event>
<EventKey><![CDATA[http://mp.angelbeautyinc.com/app/index.php?i=8&c=entry&p=category&do=shop&m=ewei_shop]]></EventKey>
<MenuId>522794523</MenuId>
</xml>

2016-08-31 09:53:09 params :
------------
Array:
rule : -2 ;
module :  ;
message : Array ;

2016-08-31 09:53:09 response :
------------

2016-08-31 09:53:24 trace :
------------
String:
<xml><ToUserName><![CDATA[gh_fbee6dda34f1]]></ToUserName>
<FromUserName><![CDATA[o1Sf9wgmaqIL_VPFQSEHCTYz3YZ0]]></FromUserName>
<CreateTime>1472608548</CreateTime>
<MsgType><![CDATA[event]]></MsgType>
<Event><![CDATA[VIEW]]></Event>
<EventKey><![CDATA[http://mp.angelbeautyinc.com/app/index.php?i=8&c=entry&do=shop&m=ewei_shop]]></EventKey>
<MenuId>522794523</MenuId>
</xml>

2016-08-31 09:53:24 params :
------------
Array:
rule : -2 ;
module :  ;
message : Array ;

2016-08-31 09:53:24 response :
------------

2016-08-31 09:54:31 trace :
------------
String:
<xml><ToUserName><![CDATA[gh_fbee6dda34f1]]></ToUserName>
<FromUserName><![CDATA[o1Sf9wgmaqIL_VPFQSEHCTYz3YZ0]]></FromUserName>
<CreateTime>1472608616</CreateTime>
<MsgType><![CDATA[event]]></MsgType>
<Event><![CDATA[VIEW]]></Event>
<EventKey><![CDATA[http://mp.angelbeautyinc.com/app/index.php?i=8&c=entry&do=shop&m=ewei_shop]]></EventKey>
<MenuId>522794523</MenuId>
</xml>

2016-08-31 09:54:31 params :
------------
Array:
rule : -2 ;
module :  ;
message : Array ;

2016-08-31 09:54:31 response :
------------

2016-08-31 09:55:06 trace :
------------
String:
<xml><ToUserName><![CDATA[gh_fbee6dda34f1]]></ToUserName>
<FromUserName><![CDATA[o1Sf9wnwKARxWwEzTZNiD-s6yh04]]></FromUserName>
<CreateTime>1472608650</CreateTime>
<MsgType><![CDATA[event]]></MsgType>
<Event><![CDATA[VIEW]]></Event>
<EventKey><![CDATA[http://mp.angelbeautyinc.com/question/]]></EventKey>
<MenuId>522794523</MenuId>
</xml>

2016-08-31 09:55:06 params :
------------
Array:
rule : -2 ;
module :  ;
message : Array ;

2016-08-31 09:55:06 response :
------------

2016-08-31 09:56:03 trace :
------------
String:
<xml><ToUserName><![CDATA[gh_fbee6dda34f1]]></ToUserName>
<FromUserName><![CDATA[o1Sf9wiVbAE8eTBHl_teVBY0UTOU]]></FromUserName>
<CreateTime>1472608707</CreateTime>
<MsgType><![CDATA[event]]></MsgType>
<Event><![CDATA[VIEW]]></Event>
<EventKey><![CDATA[http://mp.angelbeautyinc.com/app/index.php?i=8&c=entry&do=shop&m=ewei_shop]]></EventKey>
<MenuId>522794523</MenuId>
</xml>

2016-08-31 09:56:03 params :
------------
Array:
rule : -2 ;
module :  ;
message : Array ;

2016-08-31 09:56:03 response :
------------

2016-08-31 09:56:09 trace :
------------
String:
<xml><ToUserName><![CDATA[gh_fbee6dda34f1]]></ToUserName>
<FromUserName><![CDATA[o1Sf9wiVbAE8eTBHl_teVBY0UTOU]]></FromUserName>
<CreateTime>1472608713</CreateTime>
<MsgType><![CDATA[event]]></MsgType>
<Event><![CDATA[VIEW]]></Event>
<EventKey><![CDATA[http://mp.angelbeautyinc.com/app/index.php?i=8&c=entry&p=category&do=shop&m=ewei_shop]]></EventKey>
<MenuId>522794523</MenuId>
</xml>

2016-08-31 09:56:09 params :
------------
Array:
rule : -2 ;
module :  ;
message : Array ;

2016-08-31 09:56:09 response :
------------

2016-08-31 09:56:13 trace :
------------
String:
<xml><ToUserName><![CDATA[gh_fbee6dda34f1]]></ToUserName>
<FromUserName><![CDATA[o1Sf9wiVbAE8eTBHl_teVBY0UTOU]]></FromUserName>
<CreateTime>1472608718</CreateTime>
<MsgType><![CDATA[event]]></MsgType>
<Event><![CDATA[VIEW]]></Event>
<EventKey><![CDATA[http://mp.angelbeautyinc.com/app/index.php?i=8&c=entry&do=selfinspection&m=lrj_guide]]></EventKey>
<MenuId>522794523</MenuId>
</xml>

2016-08-31 09:56:13 params :
------------
Array:
rule : -2 ;
module :  ;
message : Array ;

2016-08-31 09:56:13 response :
------------

2016-08-31 09:58:01 trace :
------------
String:
<xml><ToUserName><![CDATA[gh_fbee6dda34f1]]></ToUserName>
<FromUserName><![CDATA[o1Sf9wgmaqIL_VPFQSEHCTYz3YZ0]]></FromUserName>
<CreateTime>1472608826</CreateTime>
<MsgType><![CDATA[event]]></MsgType>
<Event><![CDATA[VIEW]]></Event>
<EventKey><![CDATA[http://mp.angelbeautyinc.com/app/index.php?i=8&c=entry&id=1&do=detail&m=news&wxref=mp.weixin.qq.com#wechat_redirect]]></EventKey>
<MenuId>522794523</MenuId>
</xml>

2016-08-31 09:58:01 params :
------------
Array:
rule : -2 ;
module :  ;
message : Array ;

2016-08-31 09:58:01 response :
------------

2016-08-31 09:58:14 trace :
------------
String:
<xml><ToUserName><![CDATA[gh_fbee6dda34f1]]></ToUserName>
<FromUserName><![CDATA[o1Sf9wiVbAE8eTBHl_teVBY0UTOU]]></FromUserName>
<CreateTime>1472608839</CreateTime>
<MsgType><![CDATA[event]]></MsgType>
<Event><![CDATA[VIEW]]></Event>
<EventKey><![CDATA[http://mp.angelbeautyinc.com/app/index.php?i=8&c=entry&do=member&m=ewei_shop]]></EventKey>
<MenuId>522794523</MenuId>
</xml>

2016-08-31 09:58:14 params :
------------
Array:
rule : -2 ;
module :  ;
message : Array ;

2016-08-31 09:58:14 response :
------------

2016-08-31 10:07:53 trace :
------------
String:
<xml><ToUserName><![CDATA[gh_fbee6dda34f1]]></ToUserName>
<FromUserName><![CDATA[o1Sf9wnwKARxWwEzTZNiD-s6yh04]]></FromUserName>
<CreateTime>1472609418</CreateTime>
<MsgType><![CDATA[event]]></MsgType>
<Event><![CDATA[VIEW]]></Event>
<EventKey><![CDATA[http://mp.angelbeautyinc.com/app/index.php?i=8&c=entry&do=shop&m=ewei_shop]]></EventKey>
<MenuId>522794523</MenuId>
</xml>

2016-08-31 10:07:53 params :
------------
Array:
rule : -2 ;
module :  ;
message : Array ;

2016-08-31 10:07:53 response :
------------

2016-08-31 10:13:29 trace :
------------
String:
<xml><ToUserName><![CDATA[gh_fbee6dda34f1]]></ToUserName>
<FromUserName><![CDATA[o1Sf9wnwKARxWwEzTZNiD-s6yh04]]></FromUserName>
<CreateTime>1472609753</CreateTime>
<MsgType><![CDATA[event]]></MsgType>
<Event><![CDATA[VIEW]]></Event>
<EventKey><![CDATA[http://mp.angelbeautyinc.com/app/index.php?i=8&c=entry&do=selfinspection&m=lrj_guide]]></EventKey>
<MenuId>522794523</MenuId>
</xml>

2016-08-31 10:13:29 params :
------------
Array:
rule : -2 ;
module :  ;
message : Array ;

2016-08-31 10:13:29 response :
------------

2016-08-31 10:46:51 trace :
------------
String:
<xml><ToUserName><![CDATA[gh_fbee6dda34f1]]></ToUserName>
<FromUserName><![CDATA[o1Sf9wkKBQehW95uXJpMpNu1EkCg]]></FromUserName>
<CreateTime>1472611755</CreateTime>
<MsgType><![CDATA[event]]></MsgType>
<Event><![CDATA[VIEW]]></Event>
<EventKey><![CDATA[http://mp.angelbeautyinc.com/app/index.php?i=8&c=entry&do=selfinspection&m=lrj_guide]]></EventKey>
<MenuId>522794523</MenuId>
</xml>

2016-08-31 10:46:51 params :
------------
Array:
rule : -2 ;
module :  ;
message : Array ;

2016-08-31 10:46:51 response :
------------

2016-08-31 10:47:17 trace :
------------
String:
<xml><ToUserName><![CDATA[gh_fbee6dda34f1]]></ToUserName>
<FromUserName><![CDATA[o1Sf9wkKBQehW95uXJpMpNu1EkCg]]></FromUserName>
<CreateTime>1472611781</CreateTime>
<MsgType><![CDATA[event]]></MsgType>
<Event><![CDATA[VIEW]]></Event>
<EventKey><![CDATA[http://mp.angelbeautyinc.com/app/index.php?i=8&c=entry&id=1&do=detail&m=news&wxref=mp.weixin.qq.com#wechat_redirect]]></EventKey>
<MenuId>522794523</MenuId>
</xml>

2016-08-31 10:47:17 params :
------------
Array:
rule : -2 ;
module :  ;
message : Array ;

2016-08-31 10:47:17 response :
------------

2016-08-31 10:47:40 trace :
------------
String:
<xml><ToUserName><![CDATA[gh_fbee6dda34f1]]></ToUserName>
<FromUserName><![CDATA[o1Sf9wkKBQehW95uXJpMpNu1EkCg]]></FromUserName>
<CreateTime>1472611804</CreateTime>
<MsgType><![CDATA[event]]></MsgType>
<Event><![CDATA[VIEW]]></Event>
<EventKey><![CDATA[http://mp.angelbeautyinc.com/app/index.php?i=8&c=entry&do=selfinspection&m=lrj_guide]]></EventKey>
<MenuId>522794523</MenuId>
</xml>

2016-08-31 10:47:40 params :
------------
Array:
rule : -2 ;
module :  ;
message : Array ;

2016-08-31 10:47:40 response :
------------

2016-08-31 10:47:52 trace :
------------
String:
<xml><ToUserName><![CDATA[gh_fbee6dda34f1]]></ToUserName>
<FromUserName><![CDATA[o1Sf9wgmaqIL_VPFQSEHCTYz3YZ0]]></FromUserName>
<CreateTime>1472611817</CreateTime>
<MsgType><![CDATA[event]]></MsgType>
<Event><![CDATA[VIEW]]></Event>
<EventKey><![CDATA[http://mp.angelbeautyinc.com/app/index.php?i=8&c=entry&id=1&do=detail&m=news&wxref=mp.weixin.qq.com#wechat_redirect]]></EventKey>
<MenuId>522794523</MenuId>
</xml>

2016-08-31 10:47:52 params :
------------
Array:
rule : -2 ;
module :  ;
message : Array ;

2016-08-31 10:47:52 response :
------------

2016-08-31 10:48:04 trace :
------------
String:
<xml><ToUserName><![CDATA[gh_fbee6dda34f1]]></ToUserName>
<FromUserName><![CDATA[o1Sf9wgmaqIL_VPFQSEHCTYz3YZ0]]></FromUserName>
<CreateTime>1472611828</CreateTime>
<MsgType><![CDATA[event]]></MsgType>
<Event><![CDATA[VIEW]]></Event>
<EventKey><![CDATA[http://mp.angelbeautyinc.com/app/index.php?i=8&c=entry&do=selfinspection&m=lrj_guide]]></EventKey>
<MenuId>522794523</MenuId>
</xml>

2016-08-31 10:48:04 params :
------------
Array:
rule : -2 ;
module :  ;
message : Array ;

2016-08-31 10:48:04 response :
------------

2016-08-31 10:48:05 trace :
------------
String:
<xml><ToUserName><![CDATA[gh_fbee6dda34f1]]></ToUserName>
<FromUserName><![CDATA[o1Sf9wnwKARxWwEzTZNiD-s6yh04]]></FromUserName>
<CreateTime>1472611830</CreateTime>
<MsgType><![CDATA[event]]></MsgType>
<Event><![CDATA[VIEW]]></Event>
<EventKey><![CDATA[http://mp.angelbeautyinc.com/app/index.php?i=8&c=entry&do=selfinspection&m=lrj_guide]]></EventKey>
<MenuId>522794523</MenuId>
</xml>

2016-08-31 10:48:05 params :
------------
Array:
rule : -2 ;
module :  ;
message : Array ;

2016-08-31 10:48:05 response :
------------

2016-08-31 10:48:17 trace :
------------
String:
<xml><ToUserName><![CDATA[gh_fbee6dda34f1]]></ToUserName>
<FromUserName><![CDATA[o1Sf9wgmaqIL_VPFQSEHCTYz3YZ0]]></FromUserName>
<CreateTime>1472611842</CreateTime>
<MsgType><![CDATA[event]]></MsgType>
<Event><![CDATA[VIEW]]></Event>
<EventKey><![CDATA[http://mp.angelbeautyinc.com/app/index.php?i=8&c=entry&do=selfinspection&m=lrj_guide]]></EventKey>
<MenuId>522794523</MenuId>
</xml>

2016-08-31 10:48:17 params :
------------
Array:
rule : -2 ;
module :  ;
message : Array ;

2016-08-31 10:48:17 response :
------------

2016-08-31 10:48:19 trace :
------------
String:
<xml><ToUserName><![CDATA[gh_fbee6dda34f1]]></ToUserName>
<FromUserName><![CDATA[o1Sf9wkKBQehW95uXJpMpNu1EkCg]]></FromUserName>
<CreateTime>1472611843</CreateTime>
<MsgType><![CDATA[event]]></MsgType>
<Event><![CDATA[VIEW]]></Event>
<EventKey><![CDATA[http://mp.angelbeautyinc.com/app/index.php?i=8&c=entry&do=selfinspection&m=lrj_guide]]></EventKey>
<MenuId>522794523</MenuId>
</xml>

2016-08-31 10:48:19 params :
------------
Array:
rule : -2 ;
module :  ;
message : Array ;

2016-08-31 10:48:19 response :
------------

2016-08-31 10:48:29 trace :
------------
String:
<xml><ToUserName><![CDATA[gh_fbee6dda34f1]]></ToUserName>
<FromUserName><![CDATA[o1Sf9wgmaqIL_VPFQSEHCTYz3YZ0]]></FromUserName>
<CreateTime>1472611853</CreateTime>
<MsgType><![CDATA[event]]></MsgType>
<Event><![CDATA[VIEW]]></Event>
<EventKey><![CDATA[http://mp.angelbeautyinc.com/app/index.php?i=8&c=entry&do=shop&m=ewei_shop]]></EventKey>
<MenuId>522794523</MenuId>
</xml>

2016-08-31 10:48:29 params :
------------
Array:
rule : -2 ;
module :  ;
message : Array ;

2016-08-31 10:48:29 response :
------------

2016-08-31 10:49:01 trace :
------------
String:
<xml><ToUserName><![CDATA[gh_fbee6dda34f1]]></ToUserName>
<FromUserName><![CDATA[o1Sf9wnwKARxWwEzTZNiD-s6yh04]]></FromUserName>
<CreateTime>1472611885</CreateTime>
<MsgType><![CDATA[event]]></MsgType>
<Event><![CDATA[VIEW]]></Event>
<EventKey><![CDATA[http://mp.angelbeautyinc.com/app/index.php?i=8&c=entry&id=1&do=detail&m=news&wxref=mp.weixin.qq.com#wechat_redirect]]></EventKey>
<MenuId>522794523</MenuId>
</xml>

2016-08-31 10:49:01 params :
------------
Array:
rule : -2 ;
module :  ;
message : Array ;

2016-08-31 10:49:01 response :
------------

2016-08-31 10:49:16 trace :
------------
String:
<xml><ToUserName><![CDATA[gh_fbee6dda34f1]]></ToUserName>
<FromUserName><![CDATA[o1Sf9wkKBQehW95uXJpMpNu1EkCg]]></FromUserName>
<CreateTime>1472611901</CreateTime>
<MsgType><![CDATA[event]]></MsgType>
<Event><![CDATA[VIEW]]></Event>
<EventKey><![CDATA[http://mp.angelbeautyinc.com/app/index.php?i=8&c=entry&id=1&do=detail&m=news&wxref=mp.weixin.qq.com#wechat_redirect]]></EventKey>
<MenuId>522794523</MenuId>
</xml>

2016-08-31 10:49:16 params :
------------
Array:
rule : -2 ;
module :  ;
message : Array ;

2016-08-31 10:49:16 response :
------------

2016-08-31 10:49:18 trace :
------------
String:
<xml><ToUserName><![CDATA[gh_fbee6dda34f1]]></ToUserName>
<FromUserName><![CDATA[o1Sf9wgmaqIL_VPFQSEHCTYz3YZ0]]></FromUserName>
<CreateTime>1472611903</CreateTime>
<MsgType><![CDATA[event]]></MsgType>
<Event><![CDATA[VIEW]]></Event>
<EventKey><![CDATA[http://mp.angelbeautyinc.com/app/index.php?i=8&c=entry&id=1&do=detail&m=news&wxref=mp.weixin.qq.com#wechat_redirect]]></EventKey>
<MenuId>522794523</MenuId>
</xml>

2016-08-31 10:49:18 params :
------------
Array:
rule : -2 ;
module :  ;
message : Array ;

2016-08-31 10:49:18 response :
------------

2016-08-31 10:49:21 trace :
------------
String:
<xml><ToUserName><![CDATA[gh_fbee6dda34f1]]></ToUserName>
<FromUserName><![CDATA[o1Sf9wv9MWz8rOgB8rO5Xd98i9JI]]></FromUserName>
<CreateTime>1472611905</CreateTime>
<MsgType><![CDATA[event]]></MsgType>
<Event><![CDATA[VIEW]]></Event>
<EventKey><![CDATA[http://mp.angelbeautyinc.com/app/index.php?i=8&c=entry&id=1&do=detail&m=news&wxref=mp.weixin.qq.com#wechat_redirect]]></EventKey>
<MenuId>522794523</MenuId>
</xml>

2016-08-31 10:49:21 params :
------------
Array:
rule : -2 ;
module :  ;
message : Array ;

2016-08-31 10:49:21 response :
------------

2016-08-31 10:49:23 trace :
------------
String:
<xml><ToUserName><![CDATA[gh_fbee6dda34f1]]></ToUserName>
<FromUserName><![CDATA[o1Sf9wiVbAE8eTBHl_teVBY0UTOU]]></FromUserName>
<CreateTime>1472611908</CreateTime>
<MsgType><![CDATA[event]]></MsgType>
<Event><![CDATA[VIEW]]></Event>
<EventKey><![CDATA[http://mp.angelbeautyinc.com/app/index.php?i=8&c=entry&id=1&do=detail&m=news&wxref=mp.weixin.qq.com#wechat_redirect]]></EventKey>
<MenuId>522794523</MenuId>
</xml>

2016-08-31 10:49:23 params :
------------
Array:
rule : -2 ;
module :  ;
message : Array ;

2016-08-31 10:49:23 response :
------------

2016-08-31 10:49:29 trace :
------------
String:
<xml><ToUserName><![CDATA[gh_fbee6dda34f1]]></ToUserName>
<FromUserName><![CDATA[o1Sf9wkKBQehW95uXJpMpNu1EkCg]]></FromUserName>
<CreateTime>1472611913</CreateTime>
<MsgType><![CDATA[event]]></MsgType>
<Event><![CDATA[VIEW]]></Event>
<EventKey><![CDATA[http://mp.angelbeautyinc.com/app/index.php?i=8&c=entry&id=1&do=detail&m=news&wxref=mp.weixin.qq.com#wechat_redirect]]></EventKey>
<MenuId>522794523</MenuId>
</xml>

2016-08-31 10:49:29 params :
------------
Array:
rule : -2 ;
module :  ;
message : Array ;

2016-08-31 10:49:29 response :
------------

2016-08-31 10:49:42 trace :
------------
String:
<xml><ToUserName><![CDATA[gh_fbee6dda34f1]]></ToUserName>
<FromUserName><![CDATA[o1Sf9wiVbAE8eTBHl_teVBY0UTOU]]></FromUserName>
<CreateTime>1472611926</CreateTime>
<MsgType><![CDATA[event]]></MsgType>
<Event><![CDATA[VIEW]]></Event>
<EventKey><![CDATA[http://mp.angelbeautyinc.com/app/index.php?i=8&c=entry&id=2&do=detail&m=news&wxref=mp.weixin.qq.com#wechat_redirect]]></EventKey>
<MenuId>522794523</MenuId>
</xml>

2016-08-31 10:49:42 params :
------------
Array:
rule : -2 ;
module :  ;
message : Array ;

2016-08-31 10:49:42 response :
------------

2016-08-31 10:49:53 trace :
------------
String:
<xml><ToUserName><![CDATA[gh_fbee6dda34f1]]></ToUserName>
<FromUserName><![CDATA[o1Sf9wiVbAE8eTBHl_teVBY0UTOU]]></FromUserName>
<CreateTime>1472611937</CreateTime>
<MsgType><![CDATA[event]]></MsgType>
<Event><![CDATA[VIEW]]></Event>
<EventKey><![CDATA[http://mp.angelbeautyinc.com/app/index.php?i=8&c=entry&id=3&do=detail&m=news&wxref=mp.weixin.qq.com#wechat_redirect]]></EventKey>
<MenuId>522794523</MenuId>
</xml>

2016-08-31 10:49:53 params :
------------
Array:
rule : -2 ;
module :  ;
message : Array ;

2016-08-31 10:49:53 response :
------------

2016-08-31 10:49:57 trace :
------------
String:
<xml><ToUserName><![CDATA[gh_fbee6dda34f1]]></ToUserName>
<FromUserName><![CDATA[o1Sf9wv9MWz8rOgB8rO5Xd98i9JI]]></FromUserName>
<CreateTime>1472611942</CreateTime>
<MsgType><![CDATA[event]]></MsgType>
<Event><![CDATA[VIEW]]></Event>
<EventKey><![CDATA[http://mp.angelbeautyinc.com/app/index.php?i=8&c=entry&id=2&do=detail&m=news&wxref=mp.weixin.qq.com#wechat_redirect]]></EventKey>
<MenuId>522794523</MenuId>
</xml>

2016-08-31 10:49:57 params :
------------
Array:
rule : -2 ;
module :  ;
message : Array ;

2016-08-31 10:49:57 response :
------------

2016-08-31 10:50:37 trace :
------------
String:
<xml><ToUserName><![CDATA[gh_fbee6dda34f1]]></ToUserName>
<FromUserName><![CDATA[o1Sf9wiVbAE8eTBHl_teVBY0UTOU]]></FromUserName>
<CreateTime>1472611982</CreateTime>
<MsgType><![CDATA[event]]></MsgType>
<Event><![CDATA[VIEW]]></Event>
<EventKey><![CDATA[http://mp.angelbeautyinc.com/app/index.php?i=8&c=entry&id=1&do=detail&m=news&wxref=mp.weixin.qq.com#wechat_redirect]]></EventKey>
<MenuId>522794523</MenuId>
</xml>

2016-08-31 10:50:37 params :
------------
Array:
rule : -2 ;
module :  ;
message : Array ;

2016-08-31 10:50:37 response :
------------

2016-08-31 10:50:56 trace :
------------
String:
<xml><ToUserName><![CDATA[gh_fbee6dda34f1]]></ToUserName>
<FromUserName><![CDATA[o1Sf9wiVbAE8eTBHl_teVBY0UTOU]]></FromUserName>
<CreateTime>1472612001</CreateTime>
<MsgType><![CDATA[event]]></MsgType>
<Event><![CDATA[VIEW]]></Event>
<EventKey><![CDATA[http://mp.angelbeautyinc.com/app/index.php?i=8&c=entry&id=3&do=detail&m=news&wxref=mp.weixin.qq.com#wechat_redirect]]></EventKey>
<MenuId>522794523</MenuId>
</xml>

2016-08-31 10:50:56 params :
------------
Array:
rule : -2 ;
module :  ;
message : Array ;

2016-08-31 10:50:56 response :
------------

2016-08-31 10:51:25 trace :
------------
String:
<xml><ToUserName><![CDATA[gh_fbee6dda34f1]]></ToUserName>
<FromUserName><![CDATA[o1Sf9wv9MWz8rOgB8rO5Xd98i9JI]]></FromUserName>
<CreateTime>1472612029</CreateTime>
<MsgType><![CDATA[event]]></MsgType>
<Event><![CDATA[VIEW]]></Event>
<EventKey><![CDATA[http://mp.angelbeautyinc.com/app/index.php?i=8&c=entry&id=3&do=detail&m=news&wxref=mp.weixin.qq.com#wechat_redirect]]></EventKey>
<MenuId>522794523</MenuId>
</xml>

2016-08-31 10:51:25 params :
------------
Array:
rule : -2 ;
module :  ;
message : Array ;

2016-08-31 10:51:25 response :
------------

2016-08-31 10:54:14 trace :
------------
String:
<xml><ToUserName><![CDATA[gh_fbee6dda34f1]]></ToUserName>
<FromUserName><![CDATA[o1Sf9wiVbAE8eTBHl_teVBY0UTOU]]></FromUserName>
<CreateTime>1472612199</CreateTime>
<MsgType><![CDATA[event]]></MsgType>
<Event><![CDATA[VIEW]]></Event>
<EventKey><![CDATA[http://mp.angelbeautyinc.com/app/index.php?i=8&c=entry&id=1&do=detail&m=news&wxref=mp.weixin.qq.com#wechat_redirect]]></EventKey>
<MenuId>522794523</MenuId>
</xml>

2016-08-31 10:54:14 params :
------------
Array:
rule : -2 ;
module :  ;
message : Array ;

2016-08-31 10:54:14 response :
------------

2016-08-31 10:54:30 trace :
------------
String:
<xml><ToUserName><![CDATA[gh_fbee6dda34f1]]></ToUserName>
<FromUserName><![CDATA[o1Sf9wiVbAE8eTBHl_teVBY0UTOU]]></FromUserName>
<CreateTime>1472612215</CreateTime>
<MsgType><![CDATA[event]]></MsgType>
<Event><![CDATA[VIEW]]></Event>
<EventKey><![CDATA[http://mp.angelbeautyinc.com/app/index.php?i=8&c=entry&id=1&do=detail&m=news&wxref=mp.weixin.qq.com#wechat_redirect]]></EventKey>
<MenuId>522794523</MenuId>
</xml>

2016-08-31 10:54:30 params :
------------
Array:
rule : -2 ;
module :  ;
message : Array ;

2016-08-31 10:54:30 response :
------------

2016-08-31 10:58:49 trace :
------------
String:
<xml><ToUserName><![CDATA[gh_fbee6dda34f1]]></ToUserName>
<FromUserName><![CDATA[o1Sf9wiVbAE8eTBHl_teVBY0UTOU]]></FromUserName>
<CreateTime>1472612474</CreateTime>
<MsgType><![CDATA[event]]></MsgType>
<Event><![CDATA[VIEW]]></Event>
<EventKey><![CDATA[http://mp.angelbeautyinc.com/app/index.php?i=8&c=entry&id=1&do=detail&m=news&wxref=mp.weixin.qq.com#wechat_redirect]]></EventKey>
<MenuId>522794523</MenuId>
</xml>

2016-08-31 10:58:49 params :
------------
Array:
rule : -2 ;
module :  ;
message : Array ;

2016-08-31 10:58:49 response :
------------

2016-08-31 10:59:51 trace :
------------
String:
<xml><ToUserName><![CDATA[gh_fbee6dda34f1]]></ToUserName>
<FromUserName><![CDATA[o1Sf9wkKBQehW95uXJpMpNu1EkCg]]></FromUserName>
<CreateTime>1472612535</CreateTime>
<MsgType><![CDATA[event]]></MsgType>
<Event><![CDATA[VIEW]]></Event>
<EventKey><![CDATA[http://mp.angelbeautyinc.com/app/index.php?i=8&c=entry&id=1&do=detail&m=news&wxref=mp.weixin.qq.com#wechat_redirect]]></EventKey>
<MenuId>522794523</MenuId>
</xml>

2016-08-31 10:59:51 params :
------------
Array:
rule : -2 ;
module :  ;
message : Array ;

2016-08-31 10:59:51 response :
------------

2016-08-31 11:03:58 trace :
------------
String:
<xml><ToUserName><![CDATA[gh_fbee6dda34f1]]></ToUserName>
<FromUserName><![CDATA[o1Sf9wkKBQehW95uXJpMpNu1EkCg]]></FromUserName>
<CreateTime>1472612782</CreateTime>
<MsgType><![CDATA[event]]></MsgType>
<Event><![CDATA[VIEW]]></Event>
<EventKey><![CDATA[http://mp.angelbeautyinc.com/app/index.php?i=8&c=entry&id=3&do=detail&m=news&wxref=mp.weixin.qq.com#wechat_redirect]]></EventKey>
<MenuId>522794523</MenuId>
</xml>

2016-08-31 11:03:58 params :
------------
Array:
rule : -2 ;
module :  ;
message : Array ;

2016-08-31 11:03:58 response :
------------

2016-08-31 11:07:16 trace :
------------
String:
<xml><ToUserName><![CDATA[gh_fbee6dda34f1]]></ToUserName>
<FromUserName><![CDATA[o1Sf9wiVbAE8eTBHl_teVBY0UTOU]]></FromUserName>
<CreateTime>1472612980</CreateTime>
<MsgType><![CDATA[event]]></MsgType>
<Event><![CDATA[VIEW]]></Event>
<EventKey><![CDATA[http://mp.angelbeautyinc.com/app/index.php?i=8&c=entry&p=category&do=shop&m=ewei_shop]]></EventKey>
<MenuId>522794523</MenuId>
</xml>

2016-08-31 11:07:16 params :
------------
Array:
rule : -2 ;
module :  ;
message : Array ;

2016-08-31 11:07:16 response :
------------

2016-08-31 11:07:29 trace :
------------
String:
<xml><ToUserName><![CDATA[gh_fbee6dda34f1]]></ToUserName>
<FromUserName><![CDATA[o1Sf9wgmaqIL_VPFQSEHCTYz3YZ0]]></FromUserName>
<CreateTime>1472612994</CreateTime>
<MsgType><![CDATA[event]]></MsgType>
<Event><![CDATA[VIEW]]></Event>
<EventKey><![CDATA[http://mp.angelbeautyinc.com/app/index.php?i=8&c=entry&id=2&do=detail&m=news&wxref=mp.weixin.qq.com#wechat_redirect]]></EventKey>
<MenuId>522794523</MenuId>
</xml>

2016-08-31 11:07:29 params :
------------
Array:
rule : -2 ;
module :  ;
message : Array ;

2016-08-31 11:07:29 response :
------------

2016-08-31 11:09:27 trace :
------------
String:
<xml><ToUserName><![CDATA[gh_fbee6dda34f1]]></ToUserName>
<FromUserName><![CDATA[o1Sf9wkKBQehW95uXJpMpNu1EkCg]]></FromUserName>
<CreateTime>1472613112</CreateTime>
<MsgType><![CDATA[event]]></MsgType>
<Event><![CDATA[VIEW]]></Event>
<EventKey><![CDATA[http://mp.angelbeautyinc.com/app/index.php?i=8&c=entry&do=selfinspection&m=lrj_guide]]></EventKey>
<MenuId>522794523</MenuId>
</xml>

2016-08-31 11:09:27 params :
------------
Array:
rule : -2 ;
module :  ;
message : Array ;

2016-08-31 11:09:27 response :
------------

2016-08-31 11:16:29 trace :
------------
String:
<xml><ToUserName><![CDATA[gh_fbee6dda34f1]]></ToUserName>
<FromUserName><![CDATA[o1Sf9wiVbAE8eTBHl_teVBY0UTOU]]></FromUserName>
<CreateTime>1472613533</CreateTime>
<MsgType><![CDATA[event]]></MsgType>
<Event><![CDATA[VIEW]]></Event>
<EventKey><![CDATA[http://mp.angelbeautyinc.com/app/index.php?i=8&c=entry&do=shop&m=ewei_shop]]></EventKey>
<MenuId>522794523</MenuId>
</xml>

2016-08-31 11:16:29 params :
------------
Array:
rule : -2 ;
module :  ;
message : Array ;

2016-08-31 11:16:29 response :
------------

2016-08-31 11:16:29 trace :
------------
String:
<xml><ToUserName><![CDATA[gh_fbee6dda34f1]]></ToUserName>
<FromUserName><![CDATA[o1Sf9wkKBQehW95uXJpMpNu1EkCg]]></FromUserName>
<CreateTime>1472613533</CreateTime>
<MsgType><![CDATA[event]]></MsgType>
<Event><![CDATA[VIEW]]></Event>
<EventKey><![CDATA[http://mp.angelbeautyinc.com/app/index.php?i=8&c=entry&do=shop&m=ewei_shop]]></EventKey>
<MenuId>522794523</MenuId>
</xml>

2016-08-31 11:16:29 params :
------------
Array:
rule : -2 ;
module :  ;
message : Array ;

2016-08-31 11:16:29 response :
------------

2016-08-31 11:16:37 trace :
------------
String:
<xml><ToUserName><![CDATA[gh_fbee6dda34f1]]></ToUserName>
<FromUserName><![CDATA[o1Sf9wkKBQehW95uXJpMpNu1EkCg]]></FromUserName>
<CreateTime>1472613542</CreateTime>
<MsgType><![CDATA[event]]></MsgType>
<Event><![CDATA[VIEW]]></Event>
<EventKey><![CDATA[http://mp.angelbeautyinc.com/app/index.php?i=8&c=entry&p=category&do=shop&m=ewei_shop]]></EventKey>
<MenuId>522794523</MenuId>
</xml>

2016-08-31 11:16:37 params :
------------
Array:
rule : -2 ;
module :  ;
message : Array ;

2016-08-31 11:16:37 response :
------------

2016-08-31 11:16:49 trace :
------------
String:
<xml><ToUserName><![CDATA[gh_fbee6dda34f1]]></ToUserName>
<FromUserName><![CDATA[o1Sf9wiVbAE8eTBHl_teVBY0UTOU]]></FromUserName>
<CreateTime>1472613554</CreateTime>
<MsgType><![CDATA[event]]></MsgType>
<Event><![CDATA[VIEW]]></Event>
<EventKey><![CDATA[http://mp.angelbeautyinc.com/app/index.php?i=8&c=entry&p=category&do=shop&m=ewei_shop]]></EventKey>
<MenuId>522794523</MenuId>
</xml>

2016-08-31 11:16:50 params :
------------
Array:
rule : -2 ;
module :  ;
message : Array ;

2016-08-31 11:16:50 response :
------------

2016-08-31 11:17:09 trace :
------------
String:
<xml><ToUserName><![CDATA[gh_fbee6dda34f1]]></ToUserName>
<FromUserName><![CDATA[o1Sf9wiVbAE8eTBHl_teVBY0UTOU]]></FromUserName>
<CreateTime>1472613564</CreateTime>
<MsgType><![CDATA[event]]></MsgType>
<Event><![CDATA[VIEW]]></Event>
<EventKey><![CDATA[http://mp.angelbeautyinc.com/app/index.php?i=8&c=entry&do=member&m=ewei_shop]]></EventKey>
<MenuId>522794523</MenuId>
</xml>

2016-08-31 11:17:09 params :
------------
Array:
rule : -2 ;
module :  ;
message : Array ;

2016-08-31 11:17:09 response :
------------

2016-08-31 11:17:17 trace :
------------
String:
<xml><ToUserName><![CDATA[gh_fbee6dda34f1]]></ToUserName>
<FromUserName><![CDATA[o1Sf9wiVbAE8eTBHl_teVBY0UTOU]]></FromUserName>
<CreateTime>1472613581</CreateTime>
<MsgType><![CDATA[event]]></MsgType>
<Event><![CDATA[VIEW]]></Event>
<EventKey><![CDATA[http://mp.angelbeautyinc.com/app/index.php?i=8&c=entry&do=member&m=ewei_shop]]></EventKey>
<MenuId>522794523</MenuId>
</xml>

2016-08-31 11:17:17 params :
------------
Array:
rule : -2 ;
module :  ;
message : Array ;

2016-08-31 11:17:17 response :
------------

2016-08-31 11:17:28 trace :
------------
String:
<xml><ToUserName><![CDATA[gh_fbee6dda34f1]]></ToUserName>
<FromUserName><![CDATA[o1Sf9wiVbAE8eTBHl_teVBY0UTOU]]></FromUserName>
<CreateTime>1472613593</CreateTime>
<MsgType><![CDATA[event]]></MsgType>
<Event><![CDATA[VIEW]]></Event>
<EventKey><![CDATA[http://mp.angelbeautyinc.com/app/index.php?i=8&c=entry&do=member&m=ewei_shop]]></EventKey>
<MenuId>522794523</MenuId>
</xml>

2016-08-31 11:17:28 params :
------------
Array:
rule : -2 ;
module :  ;
message : Array ;

2016-08-31 11:17:28 response :
------------

2016-08-31 11:17:46 trace :
------------
String:
<xml><ToUserName><![CDATA[gh_fbee6dda34f1]]></ToUserName>
<FromUserName><![CDATA[o1Sf9wiVbAE8eTBHl_teVBY0UTOU]]></FromUserName>
<CreateTime>1472613611</CreateTime>
<MsgType><![CDATA[event]]></MsgType>
<Event><![CDATA[VIEW]]></Event>
<EventKey><![CDATA[http://mp.angelbeautyinc.com/app/index.php?i=8&c=entry&do=member&m=ewei_shop]]></EventKey>
<MenuId>522794523</MenuId>
</xml>

2016-08-31 11:17:46 params :
------------
Array:
rule : -2 ;
module :  ;
message : Array ;

2016-08-31 11:17:46 response :
------------

2016-08-31 11:17:58 trace :
------------
String:
<xml><ToUserName><![CDATA[gh_fbee6dda34f1]]></ToUserName>
<FromUserName><![CDATA[o1Sf9wiVbAE8eTBHl_teVBY0UTOU]]></FromUserName>
<CreateTime>1472613622</CreateTime>
<MsgType><![CDATA[event]]></MsgType>
<Event><![CDATA[VIEW]]></Event>
<EventKey><![CDATA[http://mp.angelbeautyinc.com/app/index.php?i=8&c=entry&do=member&m=ewei_shop]]></EventKey>
<MenuId>522794523</MenuId>
</xml>

2016-08-31 11:17:58 params :
------------
Array:
rule : -2 ;
module :  ;
message : Array ;

2016-08-31 11:17:58 response :
------------

2016-08-31 11:18:19 trace :
------------
String:
<xml><ToUserName><![CDATA[gh_fbee6dda34f1]]></ToUserName>
<FromUserName><![CDATA[o1Sf9wiVbAE8eTBHl_teVBY0UTOU]]></FromUserName>
<CreateTime>1472613643</CreateTime>
<MsgType><![CDATA[event]]></MsgType>
<Event><![CDATA[VIEW]]></Event>
<EventKey><![CDATA[http://mp.angelbeautyinc.com/app/index.php?i=8&c=entry&do=member&m=ewei_shop]]></EventKey>
<MenuId>522794523</MenuId>
</xml>

2016-08-31 11:18:19 params :
------------
Array:
rule : -2 ;
module :  ;
message : Array ;

2016-08-31 11:18:19 response :
------------

2016-08-31 11:18:24 trace :
------------
String:
<xml><ToUserName><![CDATA[gh_fbee6dda34f1]]></ToUserName>
<FromUserName><![CDATA[o1Sf9wiVbAE8eTBHl_teVBY0UTOU]]></FromUserName>
<CreateTime>1472613648</CreateTime>
<MsgType><![CDATA[event]]></MsgType>
<Event><![CDATA[VIEW]]></Event>
<EventKey><![CDATA[http://mp.angelbeautyinc.com/app/index.php?i=8&c=entry&p=category&do=shop&m=ewei_shop]]></EventKey>
<MenuId>522794523</MenuId>
</xml>

2016-08-31 11:18:24 params :
------------
Array:
rule : -2 ;
module :  ;
message : Array ;

2016-08-31 11:18:24 response :
------------

2016-08-31 11:30:35 trace :
------------
String:
<xml><ToUserName><![CDATA[gh_fbee6dda34f1]]></ToUserName>
<FromUserName><![CDATA[o1Sf9wiVbAE8eTBHl_teVBY0UTOU]]></FromUserName>
<CreateTime>1472614379</CreateTime>
<MsgType><![CDATA[event]]></MsgType>
<Event><![CDATA[VIEW]]></Event>
<EventKey><![CDATA[http://mp.angelbeautyinc.com/app/index.php?i=8&c=entry&p=category&do=shop&m=ewei_shop]]></EventKey>
<MenuId>522794523</MenuId>
</xml>

2016-08-31 11:30:35 params :
------------
Array:
rule : -2 ;
module :  ;
message : Array ;

2016-08-31 11:30:35 response :
------------

2016-08-31 11:32:02 trace :
------------
String:
<xml><ToUserName><![CDATA[gh_fbee6dda34f1]]></ToUserName>
<FromUserName><![CDATA[o1Sf9wgmaqIL_VPFQSEHCTYz3YZ0]]></FromUserName>
<CreateTime>1472614466</CreateTime>
<MsgType><![CDATA[event]]></MsgType>
<Event><![CDATA[VIEW]]></Event>
<EventKey><![CDATA[http://mp.angelbeautyinc.com/app/index.php?i=8&c=entry&p=category&do=shop&m=ewei_shop]]></EventKey>
<MenuId>522794523</MenuId>
</xml>

2016-08-31 11:32:02 params :
------------
Array:
rule : -2 ;
module :  ;
message : Array ;

2016-08-31 11:32:02 response :
------------

2016-08-31 11:32:09 trace :
------------
String:
<xml><ToUserName><![CDATA[gh_fbee6dda34f1]]></ToUserName>
<FromUserName><![CDATA[o1Sf9wgmaqIL_VPFQSEHCTYz3YZ0]]></FromUserName>
<CreateTime>1472614474</CreateTime>
<MsgType><![CDATA[event]]></MsgType>
<Event><![CDATA[VIEW]]></Event>
<EventKey><![CDATA[http://mp.angelbeautyinc.com/app/index.php?i=8&c=entry&do=shop&m=ewei_shop]]></EventKey>
<MenuId>522794523</MenuId>
</xml>

2016-08-31 11:32:09 params :
------------
Array:
rule : -2 ;
module :  ;
message : Array ;

2016-08-31 11:32:09 response :
------------

2016-08-31 11:33:22 trace :
------------
String:
<xml><ToUserName><![CDATA[gh_fbee6dda34f1]]></ToUserName>
<FromUserName><![CDATA[o1Sf9wkKBQehW95uXJpMpNu1EkCg]]></FromUserName>
<CreateTime>1472614546</CreateTime>
<MsgType><![CDATA[event]]></MsgType>
<Event><![CDATA[VIEW]]></Event>
<EventKey><![CDATA[http://mp.angelbeautyinc.com/question/]]></EventKey>
<MenuId>522794523</MenuId>
</xml>

2016-08-31 11:33:22 params :
------------
Array:
rule : -2 ;
module :  ;
message : Array ;

2016-08-31 11:33:22 response :
------------

2016-08-31 11:34:03 trace :
------------
String:
<xml><ToUserName><![CDATA[gh_fbee6dda34f1]]></ToUserName>
<FromUserName><![CDATA[o1Sf9wiVbAE8eTBHl_teVBY0UTOU]]></FromUserName>
<CreateTime>1472614587</CreateTime>
<MsgType><![CDATA[event]]></MsgType>
<Event><![CDATA[VIEW]]></Event>
<EventKey><![CDATA[http://mp.angelbeautyinc.com/app/index.php?i=8&c=entry&id=1&do=detail&m=news&wxref=mp.weixin.qq.com#wechat_redirect]]></EventKey>
<MenuId>522794523</MenuId>
</xml>

2016-08-31 11:34:03 params :
------------
Array:
rule : -2 ;
module :  ;
message : Array ;

2016-08-31 11:34:03 response :
------------

2016-08-31 11:39:47 trace :
------------
String:
<xml><ToUserName><![CDATA[gh_fbee6dda34f1]]></ToUserName>
<FromUserName><![CDATA[o1Sf9wkKBQehW95uXJpMpNu1EkCg]]></FromUserName>
<CreateTime>1472614932</CreateTime>
<MsgType><![CDATA[event]]></MsgType>
<Event><![CDATA[VIEW]]></Event>
<EventKey><![CDATA[http://mp.angelbeautyinc.com/app/index.php?i=8&c=entry&do=selfinspection&m=lrj_guide]]></EventKey>
<MenuId>522794523</MenuId>
</xml>

2016-08-31 11:39:47 params :
------------
Array:
rule : -2 ;
module :  ;
message : Array ;

2016-08-31 11:39:47 response :
------------

2016-08-31 11:56:56 trace :
------------
String:
<xml><ToUserName><![CDATA[gh_fbee6dda34f1]]></ToUserName>
<FromUserName><![CDATA[o1Sf9wkKBQehW95uXJpMpNu1EkCg]]></FromUserName>
<CreateTime>1472615960</CreateTime>
<MsgType><![CDATA[event]]></MsgType>
<Event><![CDATA[VIEW]]></Event>
<EventKey><![CDATA[http://mp.angelbeautyinc.com/app/index.php?i=8&c=entry&do=member&m=ewei_shop]]></EventKey>
<MenuId>522794523</MenuId>
</xml>

2016-08-31 11:56:56 params :
------------
Array:
rule : -2 ;
module :  ;
message : Array ;

2016-08-31 11:56:56 response :
------------

2016-08-31 11:57:13 trace :
------------
String:
<xml><ToUserName><![CDATA[gh_fbee6dda34f1]]></ToUserName>
<FromUserName><![CDATA[o1Sf9wkKBQehW95uXJpMpNu1EkCg]]></FromUserName>
<CreateTime>1472615978</CreateTime>
<MsgType><![CDATA[event]]></MsgType>
<Event><![CDATA[VIEW]]></Event>
<EventKey><![CDATA[http://mp.angelbeautyinc.com/app/index.php?i=8&c=entry&do=member&m=ewei_shop]]></EventKey>
<MenuId>522794523</MenuId>
</xml>

2016-08-31 11:57:13 params :
------------
Array:
rule : -2 ;
module :  ;
message : Array ;

2016-08-31 11:57:13 response :
------------

2016-08-31 12:06:14 trace :
------------
String:
<xml><ToUserName><![CDATA[gh_fbee6dda34f1]]></ToUserName>
<FromUserName><![CDATA[o1Sf9wiVbAE8eTBHl_teVBY0UTOU]]></FromUserName>
<CreateTime>1472616518</CreateTime>
<MsgType><![CDATA[event]]></MsgType>
<Event><![CDATA[VIEW]]></Event>
<EventKey><![CDATA[http://mp.angelbeautyinc.com/app/index.php?i=8&c=entry&p=category&do=shop&m=ewei_shop]]></EventKey>
<MenuId>522794523</MenuId>
</xml>

2016-08-31 12:06:14 params :
------------
Array:
rule : -2 ;
module :  ;
message : Array ;

2016-08-31 12:06:14 response :
------------

2016-08-31 12:06:38 trace :
------------
String:
<xml><ToUserName><![CDATA[gh_fbee6dda34f1]]></ToUserName>
<FromUserName><![CDATA[o1Sf9wiVbAE8eTBHl_teVBY0UTOU]]></FromUserName>
<CreateTime>1472616543</CreateTime>
<MsgType><![CDATA[event]]></MsgType>
<Event><![CDATA[VIEW]]></Event>
<EventKey><![CDATA[http://mp.angelbeautyinc.com/app/index.php?i=8&c=entry&p=category&do=shop&m=ewei_shop]]></EventKey>
<MenuId>522794523</MenuId>
</xml>

2016-08-31 12:06:38 params :
------------
Array:
rule : -2 ;
module :  ;
message : Array ;

2016-08-31 12:06:38 response :
------------

2016-08-31 12:06:51 trace :
------------
String:
<xml><ToUserName><![CDATA[gh_fbee6dda34f1]]></ToUserName>
<FromUserName><![CDATA[o1Sf9wiVbAE8eTBHl_teVBY0UTOU]]></FromUserName>
<CreateTime>1472616555</CreateTime>
<MsgType><![CDATA[event]]></MsgType>
<Event><![CDATA[VIEW]]></Event>
<EventKey><![CDATA[http://mp.angelbeautyinc.com/app/index.php?i=8&c=entry&do=shop&m=ewei_shop]]></EventKey>
<MenuId>522794523</MenuId>
</xml>

2016-08-31 12:06:51 params :
------------
Array:
rule : -2 ;
module :  ;
message : Array ;

2016-08-31 12:06:51 response :
------------

2016-08-31 12:07:07 trace :
------------
String:
<xml><ToUserName><![CDATA[gh_fbee6dda34f1]]></ToUserName>
<FromUserName><![CDATA[o1Sf9wgmaqIL_VPFQSEHCTYz3YZ0]]></FromUserName>
<CreateTime>1472616572</CreateTime>
<MsgType><![CDATA[event]]></MsgType>
<Event><![CDATA[VIEW]]></Event>
<EventKey><![CDATA[http://mp.angelbeautyinc.com/app/index.php?i=8&c=entry&do=shop&m=ewei_shop]]></EventKey>
<MenuId>522794523</MenuId>
</xml>

2016-08-31 12:07:07 params :
------------
Array:
rule : -2 ;
module :  ;
message : Array ;

2016-08-31 12:07:07 response :
------------

2016-08-31 12:07:08 trace :
------------
String:
<xml><ToUserName><![CDATA[gh_fbee6dda34f1]]></ToUserName>
<FromUserName><![CDATA[o1Sf9wiVbAE8eTBHl_teVBY0UTOU]]></FromUserName>
<CreateTime>1472616572</CreateTime>
<MsgType><![CDATA[event]]></MsgType>
<Event><![CDATA[VIEW]]></Event>
<EventKey><![CDATA[http://mp.angelbeautyinc.com/app/index.php?i=8&c=entry&do=shop&m=ewei_shop]]></EventKey>
<MenuId>522794523</MenuId>
</xml>

2016-08-31 12:07:08 params :
------------
Array:
rule : -2 ;
module :  ;
message : Array ;

2016-08-31 12:07:08 response :
------------

2016-08-31 12:07:14 trace :
------------
String:
<xml><ToUserName><![CDATA[gh_fbee6dda34f1]]></ToUserName>
<FromUserName><![CDATA[o1Sf9wiVbAE8eTBHl_teVBY0UTOU]]></FromUserName>
<CreateTime>1472616579</CreateTime>
<MsgType><![CDATA[event]]></MsgType>
<Event><![CDATA[VIEW]]></Event>
<EventKey><![CDATA[http://mp.angelbeautyinc.com/app/index.php?i=8&c=entry&p=category&do=shop&m=ewei_shop]]></EventKey>
<MenuId>522794523</MenuId>
</xml>

2016-08-31 12:07:14 params :
------------
Array:
rule : -2 ;
module :  ;
message : Array ;

2016-08-31 12:07:14 response :
------------

2016-08-31 12:07:22 trace :
------------
String:
<xml><ToUserName><![CDATA[gh_fbee6dda34f1]]></ToUserName>
<FromUserName><![CDATA[o1Sf9wgmaqIL_VPFQSEHCTYz3YZ0]]></FromUserName>
<CreateTime>1472616586</CreateTime>
<MsgType><![CDATA[event]]></MsgType>
<Event><![CDATA[VIEW]]></Event>
<EventKey><![CDATA[http://mp.angelbeautyinc.com/app/index.php?i=8&c=entry&p=category&do=shop&m=ewei_shop]]></EventKey>
<MenuId>522794523</MenuId>
</xml>

2016-08-31 12:07:22 params :
------------
Array:
rule : -2 ;
module :  ;
message : Array ;

2016-08-31 12:07:22 response :
------------

2016-08-31 12:07:26 trace :
------------
String:
<xml><ToUserName><![CDATA[gh_fbee6dda34f1]]></ToUserName>
<FromUserName><![CDATA[o1Sf9wiVbAE8eTBHl_teVBY0UTOU]]></FromUserName>
<CreateTime>1472616590</CreateTime>
<MsgType><![CDATA[event]]></MsgType>
<Event><![CDATA[VIEW]]></Event>
<EventKey><![CDATA[http://mp.angelbeautyinc.com/app/index.php?i=8&c=entry&do=shop&m=ewei_shop]]></EventKey>
<MenuId>522794523</MenuId>
</xml>

2016-08-31 12:07:26 params :
------------
Array:
rule : -2 ;
module :  ;
message : Array ;

2016-08-31 12:07:26 response :
------------

2016-08-31 12:07:40 trace :
------------
String:
<xml><ToUserName><![CDATA[gh_fbee6dda34f1]]></ToUserName>
<FromUserName><![CDATA[o1Sf9wiVbAE8eTBHl_teVBY0UTOU]]></FromUserName>
<CreateTime>1472616604</CreateTime>
<MsgType><![CDATA[event]]></MsgType>
<Event><![CDATA[VIEW]]></Event>
<EventKey><![CDATA[http://mp.angelbeautyinc.com/app/index.php?i=8&c=entry&do=shop&m=ewei_shop]]></EventKey>
<MenuId>522794523</MenuId>
</xml>

2016-08-31 12:07:40 params :
------------
Array:
rule : -2 ;
module :  ;
message : Array ;

2016-08-31 12:07:40 response :
------------

2016-08-31 12:07:44 trace :
------------
String:
<xml><ToUserName><![CDATA[gh_fbee6dda34f1]]></ToUserName>
<FromUserName><![CDATA[o1Sf9wv9MWz8rOgB8rO5Xd98i9JI]]></FromUserName>
<CreateTime>1472616609</CreateTime>
<MsgType><![CDATA[event]]></MsgType>
<Event><![CDATA[VIEW]]></Event>
<EventKey><![CDATA[http://mp.angelbeautyinc.com/app/index.php?i=8&c=entry&do=shop&m=ewei_shop]]></EventKey>
<MenuId>522794523</MenuId>
</xml>

2016-08-31 12:07:44 params :
------------
Array:
rule : -2 ;
module :  ;
message : Array ;

2016-08-31 12:07:44 response :
------------

2016-08-31 12:07:45 trace :
------------
String:
<xml><ToUserName><![CDATA[gh_fbee6dda34f1]]></ToUserName>
<FromUserName><![CDATA[o1Sf9wkKBQehW95uXJpMpNu1EkCg]]></FromUserName>
<CreateTime>1472616610</CreateTime>
<MsgType><![CDATA[event]]></MsgType>
<Event><![CDATA[VIEW]]></Event>
<EventKey><![CDATA[http://mp.angelbeautyinc.com/app/index.php?i=8&c=entry&do=shop&m=ewei_shop]]></EventKey>
<MenuId>522794523</MenuId>
</xml>

2016-08-31 12:07:45 params :
------------
Array:
rule : -2 ;
module :  ;
message : Array ;

2016-08-31 12:07:45 response :
------------

2016-08-31 12:07:47 trace :
------------
String:
<xml><ToUserName><![CDATA[gh_fbee6dda34f1]]></ToUserName>
<FromUserName><![CDATA[o1Sf9wiVbAE8eTBHl_teVBY0UTOU]]></FromUserName>
<CreateTime>1472616611</CreateTime>
<MsgType><![CDATA[event]]></MsgType>
<Event><![CDATA[VIEW]]></Event>
<EventKey><![CDATA[http://mp.angelbeautyinc.com/app/index.php?i=8&c=entry&p=category&do=shop&m=ewei_shop]]></EventKey>
<MenuId>522794523</MenuId>
</xml>

2016-08-31 12:07:47 params :
------------
Array:
rule : -2 ;
module :  ;
message : Array ;

2016-08-31 12:07:47 response :
------------

2016-08-31 12:08:16 trace :
------------
String:
<xml><ToUserName><![CDATA[gh_fbee6dda34f1]]></ToUserName>
<FromUserName><![CDATA[o1Sf9wv9MWz8rOgB8rO5Xd98i9JI]]></FromUserName>
<CreateTime>1472616640</CreateTime>
<MsgType><![CDATA[event]]></MsgType>
<Event><![CDATA[VIEW]]></Event>
<EventKey><![CDATA[http://mp.angelbeautyinc.com/app/index.php?i=8&c=entry&p=category&do=shop&m=ewei_shop]]></EventKey>
<MenuId>522794523</MenuId>
</xml>

2016-08-31 12:08:16 params :
------------
Array:
rule : -2 ;
module :  ;
message : Array ;

2016-08-31 12:08:16 response :
------------

2016-08-31 12:08:33 trace :
------------
String:
<xml><ToUserName><![CDATA[gh_fbee6dda34f1]]></ToUserName>
<FromUserName><![CDATA[o1Sf9wkKBQehW95uXJpMpNu1EkCg]]></FromUserName>
<CreateTime>1472616658</CreateTime>
<MsgType><![CDATA[event]]></MsgType>
<Event><![CDATA[VIEW]]></Event>
<EventKey><![CDATA[http://mp.angelbeautyinc.com/app/index.php?i=8&c=entry&p=category&do=shop&m=ewei_shop]]></EventKey>
<MenuId>522794523</MenuId>
</xml>

2016-08-31 12:08:33 params :
------------
Array:
rule : -2 ;
module :  ;
message : Array ;

2016-08-31 12:08:33 response :
------------

2016-08-31 12:08:43 trace :
------------
String:
<xml><ToUserName><![CDATA[gh_fbee6dda34f1]]></ToUserName>
<FromUserName><![CDATA[o1Sf9wiVbAE8eTBHl_teVBY0UTOU]]></FromUserName>
<CreateTime>1472616668</CreateTime>
<MsgType><![CDATA[event]]></MsgType>
<Event><![CDATA[VIEW]]></Event>
<EventKey><![CDATA[http://mp.angelbeautyinc.com/app/index.php?i=8&c=entry&do=shop&m=ewei_shop]]></EventKey>
<MenuId>522794523</MenuId>
</xml>

2016-08-31 12:08:43 params :
------------
Array:
rule : -2 ;
module :  ;
message : Array ;

2016-08-31 12:08:43 response :
------------

2016-08-31 14:18:32 trace :
------------
String:
<xml><ToUserName><![CDATA[gh_fbee6dda34f1]]></ToUserName>
<FromUserName><![CDATA[o1Sf9wkKBQehW95uXJpMpNu1EkCg]]></FromUserName>
<CreateTime>1472624456</CreateTime>
<MsgType><![CDATA[event]]></MsgType>
<Event><![CDATA[VIEW]]></Event>
<EventKey><![CDATA[http://mp.angelbeautyinc.com/app/index.php?i=8&c=entry&id=3&do=detail&m=news&wxref=mp.weixin.qq.com#wechat_redirect]]></EventKey>
<MenuId>522794523</MenuId>
</xml>

2016-08-31 14:18:32 params :
------------
Array:
rule : -2 ;
module :  ;
message : Array ;

2016-08-31 14:18:32 response :
------------

2016-08-31 14:19:02 trace :
------------
String:
<xml><ToUserName><![CDATA[gh_fbee6dda34f1]]></ToUserName>
<FromUserName><![CDATA[o1Sf9wh6vHNzBtcODxBVyLMnuXAA]]></FromUserName>
<CreateTime>1472624486</CreateTime>
<MsgType><![CDATA[event]]></MsgType>
<Event><![CDATA[subscribe]]></Event>
<EventKey><![CDATA[]]></EventKey>
</xml>

2016-08-31 14:19:02 params :
------------
Array:
message : Array ;
module : basic ;
rule : 22 ;
priority : 0 ;
keyword : Array ;

2016-08-31 14:19:02 response :
------------
Array:
FromUserName : gh_fbee6dda34f1 ;
ToUserName : o1Sf9wh6vHNzBtcODxBVyLMnuXAA ;
MsgType : text ;
Content : 等了那么久，小主您终于来啦/鼓掌
恭喜您，您可能关注了世界上最简致的健康轻生活/色
想要了解我，请戳<a href="http://mp.angelbeautyinc.com/app/index.php?i=8&c=entry&id=1&do=detail&m=news">公司介绍</a>
想要了解自己，请戳<a href="http://mp.angelbeautyinc.com/app/index.php?i=8&c=entry&do=selfinspection&m=lrj_guide">自诊</a>
带您健康带您飞，么么哒/飞吻 ;

2016-08-31 14:39:54 trace :
------------
String:
<xml><ToUserName><![CDATA[gh_fbee6dda34f1]]></ToUserName>
<FromUserName><![CDATA[o1Sf9wkKBQehW95uXJpMpNu1EkCg]]></FromUserName>
<CreateTime>1472625738</CreateTime>
<MsgType><![CDATA[event]]></MsgType>
<Event><![CDATA[VIEW]]></Event>
<EventKey><![CDATA[http://mp.angelbeautyinc.com/app/index.php?i=8&c=entry&do=selfinspection&m=lrj_guide]]></EventKey>
<MenuId>522794523</MenuId>
</xml>

2016-08-31 14:39:54 params :
------------
Array:
rule : -2 ;
module :  ;
message : Array ;

2016-08-31 14:39:54 response :
------------

2016-08-31 14:43:12 trace :
------------
String:
<xml><ToUserName><![CDATA[gh_fbee6dda34f1]]></ToUserName>
<FromUserName><![CDATA[o1Sf9wgmaqIL_VPFQSEHCTYz3YZ0]]></FromUserName>
<CreateTime>1472625937</CreateTime>
<MsgType><![CDATA[event]]></MsgType>
<Event><![CDATA[VIEW]]></Event>
<EventKey><![CDATA[http://mp.angelbeautyinc.com/app/index.php?i=8&c=entry&id=1&do=detail&m=news&wxref=mp.weixin.qq.com#wechat_redirect]]></EventKey>
<MenuId>522794523</MenuId>
</xml>

2016-08-31 14:43:12 params :
------------
Array:
rule : -2 ;
module :  ;
message : Array ;

2016-08-31 14:43:12 response :
------------

2016-08-31 14:43:34 trace :
------------
String:
<xml><ToUserName><![CDATA[gh_fbee6dda34f1]]></ToUserName>
<FromUserName><![CDATA[o1Sf9wgmaqIL_VPFQSEHCTYz3YZ0]]></FromUserName>
<CreateTime>1472625958</CreateTime>
<MsgType><![CDATA[event]]></MsgType>
<Event><![CDATA[VIEW]]></Event>
<EventKey><![CDATA[http://mp.angelbeautyinc.com/app/index.php?i=8&c=entry&do=selfinspection&m=lrj_guide]]></EventKey>
<MenuId>522794523</MenuId>
</xml>

2016-08-31 14:43:34 params :
------------
Array:
rule : -2 ;
module :  ;
message : Array ;

2016-08-31 14:43:34 response :
------------

2016-08-31 14:44:20 trace :
------------
String:
<xml><ToUserName><![CDATA[gh_fbee6dda34f1]]></ToUserName>
<FromUserName><![CDATA[o1Sf9wgmaqIL_VPFQSEHCTYz3YZ0]]></FromUserName>
<CreateTime>1472626004</CreateTime>
<MsgType><![CDATA[event]]></MsgType>
<Event><![CDATA[VIEW]]></Event>
<EventKey><![CDATA[http://mp.angelbeautyinc.com/app/index.php?i=8&c=entry&do=selfinspection&m=lrj_guide]]></EventKey>
<MenuId>522794523</MenuId>
</xml>

2016-08-31 14:44:20 params :
------------
Array:
rule : -2 ;
module :  ;
message : Array ;

2016-08-31 14:44:20 response :
------------

2016-08-31 14:44:57 trace :
------------
String:
<xml><ToUserName><![CDATA[gh_fbee6dda34f1]]></ToUserName>
<FromUserName><![CDATA[o1Sf9wgmaqIL_VPFQSEHCTYz3YZ0]]></FromUserName>
<CreateTime>1472626041</CreateTime>
<MsgType><![CDATA[event]]></MsgType>
<Event><![CDATA[VIEW]]></Event>
<EventKey><![CDATA[http://mp.angelbeautyinc.com/app/index.php?i=8&c=entry&do=selfinspection&m=lrj_guide]]></EventKey>
<MenuId>522794523</MenuId>
</xml>

2016-08-31 14:44:57 params :
------------
Array:
rule : -2 ;
module :  ;
message : Array ;

2016-08-31 14:44:57 response :
------------

2016-08-31 14:45:51 trace :
------------
String:
<xml><ToUserName><![CDATA[gh_fbee6dda34f1]]></ToUserName>
<FromUserName><![CDATA[o1Sf9wgmaqIL_VPFQSEHCTYz3YZ0]]></FromUserName>
<CreateTime>1472626095</CreateTime>
<MsgType><![CDATA[event]]></MsgType>
<Event><![CDATA[VIEW]]></Event>
<EventKey><![CDATA[http://mp.angelbeautyinc.com/app/index.php?i=8&c=entry&do=selfinspection&m=lrj_guide]]></EventKey>
<MenuId>522794523</MenuId>
</xml>

2016-08-31 14:45:51 params :
------------
Array:
rule : -2 ;
module :  ;
message : Array ;

2016-08-31 14:45:51 response :
------------

2016-08-31 14:46:08 trace :
------------
String:
<xml><ToUserName><![CDATA[gh_fbee6dda34f1]]></ToUserName>
<FromUserName><![CDATA[o1Sf9wgmaqIL_VPFQSEHCTYz3YZ0]]></FromUserName>
<CreateTime>1472626112</CreateTime>
<MsgType><![CDATA[event]]></MsgType>
<Event><![CDATA[VIEW]]></Event>
<EventKey><![CDATA[http://mp.angelbeautyinc.com/app/index.php?i=8&c=entry&do=selfinspection&m=lrj_guide]]></EventKey>
<MenuId>522794523</MenuId>
</xml>

2016-08-31 14:46:08 params :
------------
Array:
rule : -2 ;
module :  ;
message : Array ;

2016-08-31 14:46:08 response :
------------

2016-08-31 14:46:32 trace :
------------
String:
<xml><ToUserName><![CDATA[gh_fbee6dda34f1]]></ToUserName>
<FromUserName><![CDATA[o1Sf9wgmaqIL_VPFQSEHCTYz3YZ0]]></FromUserName>
<CreateTime>1472626137</CreateTime>
<MsgType><![CDATA[event]]></MsgType>
<Event><![CDATA[VIEW]]></Event>
<EventKey><![CDATA[http://mp.angelbeautyinc.com/app/index.php?i=8&c=entry&do=shop&m=ewei_shop]]></EventKey>
<MenuId>522794523</MenuId>
</xml>

2016-08-31 14:46:32 params :
------------
Array:
rule : -2 ;
module :  ;
message : Array ;

2016-08-31 14:46:32 response :
------------

2016-08-31 14:50:23 trace :
------------
String:
<xml><ToUserName><![CDATA[gh_fbee6dda34f1]]></ToUserName>
<FromUserName><![CDATA[o1Sf9wgmaqIL_VPFQSEHCTYz3YZ0]]></FromUserName>
<CreateTime>1472626367</CreateTime>
<MsgType><![CDATA[event]]></MsgType>
<Event><![CDATA[VIEW]]></Event>
<EventKey><![CDATA[http://mp.angelbeautyinc.com/app/index.php?i=8&c=entry&do=selfinspection&m=lrj_guide]]></EventKey>
<MenuId>522794523</MenuId>
</xml>

2016-08-31 14:50:23 params :
------------
Array:
rule : -2 ;
module :  ;
message : Array ;

2016-08-31 14:50:23 response :
------------

2016-08-31 14:51:05 trace :
------------
String:
<xml><ToUserName><![CDATA[gh_fbee6dda34f1]]></ToUserName>
<FromUserName><![CDATA[o1Sf9wgmaqIL_VPFQSEHCTYz3YZ0]]></FromUserName>
<CreateTime>1472626409</CreateTime>
<MsgType><![CDATA[event]]></MsgType>
<Event><![CDATA[VIEW]]></Event>
<EventKey><![CDATA[http://mp.angelbeautyinc.com/question/]]></EventKey>
<MenuId>522794523</MenuId>
</xml>

2016-08-31 14:51:05 params :
------------
Array:
rule : -2 ;
module :  ;
message : Array ;

2016-08-31 14:51:05 response :
------------

2016-08-31 14:53:27 trace :
------------
String:
<xml><ToUserName><![CDATA[gh_fbee6dda34f1]]></ToUserName>
<FromUserName><![CDATA[o1Sf9wgmaqIL_VPFQSEHCTYz3YZ0]]></FromUserName>
<CreateTime>1472626552</CreateTime>
<MsgType><![CDATA[event]]></MsgType>
<Event><![CDATA[VIEW]]></Event>
<EventKey><![CDATA[http://mp.angelbeautyinc.com/app/index.php?i=8&c=entry&do=selfinspection&m=lrj_guide]]></EventKey>
<MenuId>522794523</MenuId>
</xml>

2016-08-31 14:53:27 params :
------------
Array:
rule : -2 ;
module :  ;
message : Array ;

2016-08-31 14:53:27 response :
------------

2016-08-31 14:53:43 trace :
------------
String:
<xml><ToUserName><![CDATA[gh_fbee6dda34f1]]></ToUserName>
<FromUserName><![CDATA[o1Sf9wkKBQehW95uXJpMpNu1EkCg]]></FromUserName>
<CreateTime>1472626567</CreateTime>
<MsgType><![CDATA[event]]></MsgType>
<Event><![CDATA[VIEW]]></Event>
<EventKey><![CDATA[http://mp.angelbeautyinc.com/app/index.php?i=8&c=entry&do=selfinspection&m=lrj_guide]]></EventKey>
<MenuId>522794523</MenuId>
</xml>

2016-08-31 14:53:43 params :
------------
Array:
rule : -2 ;
module :  ;
message : Array ;

2016-08-31 14:53:43 response :
------------

2016-08-31 14:56:35 trace :
------------
String:
<xml><ToUserName><![CDATA[gh_fbee6dda34f1]]></ToUserName>
<FromUserName><![CDATA[o1Sf9wgmaqIL_VPFQSEHCTYz3YZ0]]></FromUserName>
<CreateTime>1472626740</CreateTime>
<MsgType><![CDATA[event]]></MsgType>
<Event><![CDATA[VIEW]]></Event>
<EventKey><![CDATA[http://mp.angelbeautyinc.com/app/index.php?i=8&c=entry&do=selfinspection&m=lrj_guide]]></EventKey>
<MenuId>522794523</MenuId>
</xml>

2016-08-31 14:56:35 params :
------------
Array:
rule : -2 ;
module :  ;
message : Array ;

2016-08-31 14:56:35 response :
------------

2016-08-31 14:56:53 trace :
------------
String:
<xml><ToUserName><![CDATA[gh_fbee6dda34f1]]></ToUserName>
<FromUserName><![CDATA[o1Sf9wgmaqIL_VPFQSEHCTYz3YZ0]]></FromUserName>
<CreateTime>1472626758</CreateTime>
<MsgType><![CDATA[event]]></MsgType>
<Event><![CDATA[VIEW]]></Event>
<EventKey><![CDATA[http://mp.angelbeautyinc.com/app/index.php?i=8&c=entry&do=selfinspection&m=lrj_guide]]></EventKey>
<MenuId>522794523</MenuId>
</xml>

2016-08-31 14:56:53 params :
------------
Array:
rule : -2 ;
module :  ;
message : Array ;

2016-08-31 14:56:53 response :
------------

2016-08-31 14:58:23 trace :
------------
String:
<xml><ToUserName><![CDATA[gh_fbee6dda34f1]]></ToUserName>
<FromUserName><![CDATA[o1Sf9wgmaqIL_VPFQSEHCTYz3YZ0]]></FromUserName>
<CreateTime>1472626847</CreateTime>
<MsgType><![CDATA[event]]></MsgType>
<Event><![CDATA[VIEW]]></Event>
<EventKey><![CDATA[http://mp.angelbeautyinc.com/app/index.php?i=8&c=entry&do=selfinspection&m=lrj_guide]]></EventKey>
<MenuId>522794523</MenuId>
</xml>

2016-08-31 14:58:23 params :
------------
Array:
rule : -2 ;
module :  ;
message : Array ;

2016-08-31 14:58:23 response :
------------

2016-08-31 14:58:23 trace :
------------
String:
<xml><ToUserName><![CDATA[gh_fbee6dda34f1]]></ToUserName>
<FromUserName><![CDATA[o1Sf9wkKBQehW95uXJpMpNu1EkCg]]></FromUserName>
<CreateTime>1472626848</CreateTime>
<MsgType><![CDATA[event]]></MsgType>
<Event><![CDATA[VIEW]]></Event>
<EventKey><![CDATA[http://mp.angelbeautyinc.com/app/index.php?i=8&c=entry&do=selfinspection&m=lrj_guide]]></EventKey>
<MenuId>522794523</MenuId>
</xml>

2016-08-31 14:58:23 params :
------------
Array:
rule : -2 ;
module :  ;
message : Array ;

2016-08-31 14:58:23 response :
------------

2016-08-31 14:59:05 trace :
------------
String:
<xml><ToUserName><![CDATA[gh_fbee6dda34f1]]></ToUserName>
<FromUserName><![CDATA[o1Sf9wgmaqIL_VPFQSEHCTYz3YZ0]]></FromUserName>
<CreateTime>1472626890</CreateTime>
<MsgType><![CDATA[event]]></MsgType>
<Event><![CDATA[VIEW]]></Event>
<EventKey><![CDATA[http://mp.angelbeautyinc.com/app/index.php?i=8&c=entry&do=selfinspection&m=lrj_guide]]></EventKey>
<MenuId>522794523</MenuId>
</xml>

2016-08-31 14:59:05 params :
------------
Array:
rule : -2 ;
module :  ;
message : Array ;

2016-08-31 14:59:05 response :
------------

2016-08-31 15:00:04 trace :
------------
String:
<xml><ToUserName><![CDATA[gh_fbee6dda34f1]]></ToUserName>
<FromUserName><![CDATA[o1Sf9wgmaqIL_VPFQSEHCTYz3YZ0]]></FromUserName>
<CreateTime>1472626949</CreateTime>
<MsgType><![CDATA[event]]></MsgType>
<Event><![CDATA[VIEW]]></Event>
<EventKey><![CDATA[http://mp.angelbeautyinc.com/app/index.php?i=8&c=entry&do=selfinspection&m=lrj_guide]]></EventKey>
<MenuId>522794523</MenuId>
</xml>

2016-08-31 15:00:04 params :
------------
Array:
rule : -2 ;
module :  ;
message : Array ;

2016-08-31 15:00:04 response :
------------

2016-08-31 15:01:23 trace :
------------
String:
<xml><ToUserName><![CDATA[gh_fbee6dda34f1]]></ToUserName>
<FromUserName><![CDATA[o1Sf9wkKBQehW95uXJpMpNu1EkCg]]></FromUserName>
<CreateTime>1472627028</CreateTime>
<MsgType><![CDATA[event]]></MsgType>
<Event><![CDATA[VIEW]]></Event>
<EventKey><![CDATA[http://mp.angelbeautyinc.com/app/index.php?i=8&c=entry&do=selfinspection&m=lrj_guide]]></EventKey>
<MenuId>522794523</MenuId>
</xml>

2016-08-31 15:01:23 params :
------------
Array:
rule : -2 ;
module :  ;
message : Array ;

2016-08-31 15:01:23 response :
------------

2016-08-31 15:01:58 trace :
------------
String:
<xml><ToUserName><![CDATA[gh_fbee6dda34f1]]></ToUserName>
<FromUserName><![CDATA[o1Sf9wkKBQehW95uXJpMpNu1EkCg]]></FromUserName>
<CreateTime>1472627062</CreateTime>
<MsgType><![CDATA[event]]></MsgType>
<Event><![CDATA[VIEW]]></Event>
<EventKey><![CDATA[http://mp.angelbeautyinc.com/app/index.php?i=8&c=entry&do=selfinspection&m=lrj_guide]]></EventKey>
<MenuId>522794523</MenuId>
</xml>

2016-08-31 15:01:58 params :
------------
Array:
rule : -2 ;
module :  ;
message : Array ;

2016-08-31 15:01:58 response :
------------

2016-08-31 15:02:50 trace :
------------
String:
<xml><ToUserName><![CDATA[gh_fbee6dda34f1]]></ToUserName>
<FromUserName><![CDATA[o1Sf9wkKBQehW95uXJpMpNu1EkCg]]></FromUserName>
<CreateTime>1472627114</CreateTime>
<MsgType><![CDATA[event]]></MsgType>
<Event><![CDATA[VIEW]]></Event>
<EventKey><![CDATA[http://mp.angelbeautyinc.com/app/index.php?i=8&c=entry&do=selfinspection&m=lrj_guide]]></EventKey>
<MenuId>522794523</MenuId>
</xml>

2016-08-31 15:02:50 params :
------------
Array:
rule : -2 ;
module :  ;
message : Array ;

2016-08-31 15:02:50 response :
------------

2016-08-31 15:09:33 trace :
------------
String:
<xml><ToUserName><![CDATA[gh_fbee6dda34f1]]></ToUserName>
<FromUserName><![CDATA[o1Sf9wh6vHNzBtcODxBVyLMnuXAA]]></FromUserName>
<CreateTime>1472627518</CreateTime>
<MsgType><![CDATA[event]]></MsgType>
<Event><![CDATA[VIEW]]></Event>
<EventKey><![CDATA[http://mp.angelbeautyinc.com/app/index.php?i=8&c=entry&do=selfinspection&m=lrj_guide]]></EventKey>
<MenuId>522794523</MenuId>
</xml>

2016-08-31 15:09:33 params :
------------
Array:
rule : -2 ;
module :  ;
message : Array ;

2016-08-31 15:09:33 response :
------------

2016-08-31 15:45:52 trace :
------------
String:
<xml><ToUserName><![CDATA[gh_fbee6dda34f1]]></ToUserName>
<FromUserName><![CDATA[o1Sf9wkKBQehW95uXJpMpNu1EkCg]]></FromUserName>
<CreateTime>1472629697</CreateTime>
<MsgType><![CDATA[event]]></MsgType>
<Event><![CDATA[VIEW]]></Event>
<EventKey><![CDATA[http://mp.angelbeautyinc.com/app/index.php?i=8&c=entry&do=selfinspection&m=lrj_guide]]></EventKey>
<MenuId>522794523</MenuId>
</xml>

2016-08-31 15:45:52 params :
------------
Array:
rule : -2 ;
module :  ;
message : Array ;

2016-08-31 15:45:52 response :
------------

2016-08-31 15:47:44 trace :
------------
String:
<xml><ToUserName><![CDATA[gh_fbee6dda34f1]]></ToUserName>
<FromUserName><![CDATA[o1Sf9wkKBQehW95uXJpMpNu1EkCg]]></FromUserName>
<CreateTime>1472629809</CreateTime>
<MsgType><![CDATA[event]]></MsgType>
<Event><![CDATA[VIEW]]></Event>
<EventKey><![CDATA[http://mp.angelbeautyinc.com/app/index.php?i=8&c=entry&do=selfinspection&m=lrj_guide]]></EventKey>
<MenuId>522794523</MenuId>
</xml>

2016-08-31 15:47:44 params :
------------
Array:
rule : -2 ;
module :  ;
message : Array ;

2016-08-31 15:47:44 response :
------------

2016-08-31 16:57:59 trace :
------------
String:
<xml><ToUserName><![CDATA[gh_fbee6dda34f1]]></ToUserName>
<FromUserName><![CDATA[o1Sf9wkKBQehW95uXJpMpNu1EkCg]]></FromUserName>
<CreateTime>1472634024</CreateTime>
<MsgType><![CDATA[event]]></MsgType>
<Event><![CDATA[VIEW]]></Event>
<EventKey><![CDATA[http://mp.angelbeautyinc.com/app/index.php?i=8&c=entry&do=selfinspection&m=lrj_guide]]></EventKey>
<MenuId>522794523</MenuId>
</xml>

2016-08-31 16:57:59 params :
------------
Array:
rule : -2 ;
module :  ;
message : Array ;

2016-08-31 16:57:59 response :
------------

2016-08-31 16:59:48 trace :
------------
String:
<xml><ToUserName><![CDATA[gh_fbee6dda34f1]]></ToUserName>
<FromUserName><![CDATA[o1Sf9wkKBQehW95uXJpMpNu1EkCg]]></FromUserName>
<CreateTime>1472634133</CreateTime>
<MsgType><![CDATA[event]]></MsgType>
<Event><![CDATA[VIEW]]></Event>
<EventKey><![CDATA[http://mp.angelbeautyinc.com/app/index.php?i=8&c=entry&do=member&m=ewei_shop]]></EventKey>
<MenuId>522794523</MenuId>
</xml>

2016-08-31 16:59:48 params :
------------
Array:
rule : -2 ;
module :  ;
message : Array ;

2016-08-31 16:59:48 response :
------------

2016-08-31 17:03:53 trace :
------------
String:
<xml><ToUserName><![CDATA[gh_fbee6dda34f1]]></ToUserName>
<FromUserName><![CDATA[o1Sf9wkKBQehW95uXJpMpNu1EkCg]]></FromUserName>
<CreateTime>1472634378</CreateTime>
<MsgType><![CDATA[event]]></MsgType>
<Event><![CDATA[VIEW]]></Event>
<EventKey><![CDATA[http://mp.angelbeautyinc.com/app/index.php?i=8&c=entry&do=member&m=ewei_shop]]></EventKey>
<MenuId>522794523</MenuId>
</xml>

2016-08-31 17:03:53 params :
------------
Array:
rule : -2 ;
module :  ;
message : Array ;

2016-08-31 17:03:53 response :
------------

2016-08-31 17:04:22 trace :
------------
String:
<xml><ToUserName><![CDATA[gh_fbee6dda34f1]]></ToUserName>
<FromUserName><![CDATA[o1Sf9wiVbAE8eTBHl_teVBY0UTOU]]></FromUserName>
<CreateTime>1472634406</CreateTime>
<MsgType><![CDATA[event]]></MsgType>
<Event><![CDATA[VIEW]]></Event>
<EventKey><![CDATA[http://mp.angelbeautyinc.com/app/index.php?i=8&c=entry&do=shop&m=ewei_shop]]></EventKey>
<MenuId>522794523</MenuId>
</xml>

2016-08-31 17:04:22 params :
------------
Array:
rule : -2 ;
module :  ;
message : Array ;

2016-08-31 17:04:22 response :
------------

2016-08-31 17:04:34 trace :
------------
String:
<xml><ToUserName><![CDATA[gh_fbee6dda34f1]]></ToUserName>
<FromUserName><![CDATA[o1Sf9wiVbAE8eTBHl_teVBY0UTOU]]></FromUserName>
<CreateTime>1472634418</CreateTime>
<MsgType><![CDATA[event]]></MsgType>
<Event><![CDATA[VIEW]]></Event>
<EventKey><![CDATA[http://mp.angelbeautyinc.com/app/index.php?i=8&c=entry&p=category&do=shop&m=ewei_shop]]></EventKey>
<MenuId>522794523</MenuId>
</xml>

2016-08-31 17:04:34 params :
------------
Array:
rule : -2 ;
module :  ;
message : Array ;

2016-08-31 17:04:34 response :
------------

2016-08-31 17:14:14 trace :
------------
String:
<xml><ToUserName><![CDATA[gh_fbee6dda34f1]]></ToUserName>
<FromUserName><![CDATA[o1Sf9wiVbAE8eTBHl_teVBY0UTOU]]></FromUserName>
<CreateTime>1472634998</CreateTime>
<MsgType><![CDATA[event]]></MsgType>
<Event><![CDATA[VIEW]]></Event>
<EventKey><![CDATA[http://mp.angelbeautyinc.com/app/index.php?i=8&c=entry&do=shop&m=ewei_shop]]></EventKey>
<MenuId>522794523</MenuId>
</xml>

2016-08-31 17:14:14 params :
------------
Array:
rule : -2 ;
module :  ;
message : Array ;

2016-08-31 17:14:14 response :
------------

2016-08-31 17:15:05 trace :
------------
String:
<xml><ToUserName><![CDATA[gh_fbee6dda34f1]]></ToUserName>
<FromUserName><![CDATA[o1Sf9wiVbAE8eTBHl_teVBY0UTOU]]></FromUserName>
<CreateTime>1472635050</CreateTime>
<MsgType><![CDATA[event]]></MsgType>
<Event><![CDATA[VIEW]]></Event>
<EventKey><![CDATA[http://mp.angelbeautyinc.com/app/index.php?i=8&c=entry&p=category&do=shop&m=ewei_shop]]></EventKey>
<MenuId>522794523</MenuId>
</xml>

2016-08-31 17:15:05 params :
------------
Array:
rule : -2 ;
module :  ;
message : Array ;

2016-08-31 17:15:05 response :
------------

2016-08-31 17:15:20 trace :
------------
String:
<xml><ToUserName><![CDATA[gh_fbee6dda34f1]]></ToUserName>
<FromUserName><![CDATA[o1Sf9wiVbAE8eTBHl_teVBY0UTOU]]></FromUserName>
<CreateTime>1472635064</CreateTime>
<MsgType><![CDATA[event]]></MsgType>
<Event><![CDATA[VIEW]]></Event>
<EventKey><![CDATA[http://mp.angelbeautyinc.com/app/index.php?i=8&c=entry&p=category&do=shop&m=ewei_shop]]></EventKey>
<MenuId>522794523</MenuId>
</xml>

2016-08-31 17:15:20 params :
------------
Array:
rule : -2 ;
module :  ;
message : Array ;

2016-08-31 17:15:20 response :
------------

