2016-04-07 00:39:38 trace :
------------
Array:
from : oqCObuMMoTMwJYcm5jmqN4VtScmw ;
to : gh_5013f37369ce ;
time : 1459960794 ;
type : event ;
event : VIEW ;
tousername : gh_5013f37369ce ;
fromusername : oqCObuMMoTMwJYcm5jmqN4VtScmw ;
createtime : 1459960794 ;
msgtype : event ;
eventkey : http://mp.weixin.qq.com/s?__biz=MzA5MzE5NzExNw==&mid=10001097&idx=1&sn=8338ffe385dcd8dd1f376fc1a2fd50ff&scene=18#rd ;
menuid : 208007648 ;

2016-04-07 00:39:38 params :
------------
Array:
rule : -2 ;
module :  ;
message : Array ;

2016-04-07 00:39:38 response :
------------

2016-04-07 00:39:42 trace :
------------
Array:
from : oqCObuMMoTMwJYcm5jmqN4VtScmw ;
to : gh_5013f37369ce ;
time : 1459960801 ;
type : event ;
event : VIEW ;
tousername : gh_5013f37369ce ;
fromusername : oqCObuMMoTMwJYcm5jmqN4VtScmw ;
createtime : 1459960801 ;
msgtype : event ;
eventkey : http://mp.weixin.qq.com/s?__biz=MzA5MzE5NzExNw==&mid=10001097&idx=1&sn=8338ffe385dcd8dd1f376fc1a2fd50ff&scene=18#rd ;
menuid : 208007648 ;

2016-04-07 00:39:42 params :
------------
Array:
rule : -2 ;
module :  ;
message : Array ;

2016-04-07 00:39:42 response :
------------

2016-04-07 11:52:58 trace :
------------
Array:
from : oqCObuMjsXjZswH6n_u4k6s3fy3g ;
to : gh_5013f37369ce ;
time : 1460001194 ;
type : event ;
event : VIEW ;
tousername : gh_5013f37369ce ;
fromusername : oqCObuMjsXjZswH6n_u4k6s3fy3g ;
createtime : 1460001194 ;
msgtype : event ;
eventkey : http://mp.weixin.qq.com/s?__biz=MzA5MzE5NzExNw==&mid=10001097&idx=1&sn=8338ffe385dcd8dd1f376fc1a2fd50ff&scene=18#rd ;
menuid : 208007648 ;

2016-04-07 11:52:58 params :
------------
Array:
rule : -2 ;
module :  ;
message : Array ;

2016-04-07 11:52:58 response :
------------

2016-04-07 11:53:06 trace :
------------
Array:
from : oqCObuMjsXjZswH6n_u4k6s3fy3g ;
to : gh_5013f37369ce ;
time : 1460001204 ;
type : event ;
event : VIEW ;
tousername : gh_5013f37369ce ;
fromusername : oqCObuMjsXjZswH6n_u4k6s3fy3g ;
createtime : 1460001204 ;
msgtype : event ;
eventkey : http://mp.weixin.qq.com/s?__biz=MzA5MzE5NzExNw==&mid=10001097&idx=1&sn=8338ffe385dcd8dd1f376fc1a2fd50ff&scene=18#rd ;
menuid : 208007648 ;

2016-04-07 11:53:06 params :
------------
Array:
rule : -2 ;
module :  ;
message : Array ;

2016-04-07 11:53:06 response :
------------

2016-04-07 11:53:17 trace :
------------
Array:
from : oqCObuMjsXjZswH6n_u4k6s3fy3g ;
to : gh_5013f37369ce ;
time : 1460001215 ;
type : event ;
event : VIEW ;
tousername : gh_5013f37369ce ;
fromusername : oqCObuMjsXjZswH6n_u4k6s3fy3g ;
createtime : 1460001215 ;
msgtype : event ;
eventkey : http://mp.weixin.qq.com/s?__biz=MzA5MzE5NzExNw==&mid=10001097&idx=1&sn=8338ffe385dcd8dd1f376fc1a2fd50ff&scene=18#rd ;
menuid : 208007648 ;

2016-04-07 11:53:17 params :
------------
Array:
rule : -2 ;
module :  ;
message : Array ;

2016-04-07 11:53:17 response :
------------

2016-04-07 11:53:32 trace :
------------
Array:
from : oqCObuMjsXjZswH6n_u4k6s3fy3g ;
to : gh_5013f37369ce ;
time : 1460001231 ;
type : event ;
event : VIEW ;
tousername : gh_5013f37369ce ;
fromusername : oqCObuMjsXjZswH6n_u4k6s3fy3g ;
createtime : 1460001231 ;
msgtype : event ;
eventkey : http://mp.weixin.qq.com/s?__biz=MzA5MzE5NzExNw==&mid=10001097&idx=1&sn=8338ffe385dcd8dd1f376fc1a2fd50ff&scene=18#rd ;
menuid : 208007648 ;

2016-04-07 11:53:32 params :
------------
Array:
rule : -2 ;
module :  ;
message : Array ;

2016-04-07 11:53:32 response :
------------

2016-04-07 11:53:36 trace :
------------
Array:
from : oqCObuMjsXjZswH6n_u4k6s3fy3g ;
to : gh_5013f37369ce ;
time : 1460001234 ;
type : event ;
event : VIEW ;
tousername : gh_5013f37369ce ;
fromusername : oqCObuMjsXjZswH6n_u4k6s3fy3g ;
createtime : 1460001234 ;
msgtype : event ;
eventkey : http://mp.weixin.qq.com/s?__biz=MzA5MzE5NzExNw==&mid=10001097&idx=1&sn=8338ffe385dcd8dd1f376fc1a2fd50ff&scene=18#rd ;
menuid : 208007648 ;

2016-04-07 11:53:36 params :
------------
Array:
rule : -2 ;
module :  ;
message : Array ;

2016-04-07 11:53:36 response :
------------

2016-04-07 12:28:16 trace :
------------
Array:
from : oqCObuIO19J8vrg4eZH4HVxalmzc ;
to : gh_5013f37369ce ;
time : 1460003314 ;
type : event ;
event : subscribe ;
tousername : gh_5013f37369ce ;
fromusername : oqCObuIO19J8vrg4eZH4HVxalmzc ;
createtime : 1460003314 ;
msgtype : event ;
eventkey :  ;

2016-04-07 12:28:16 params :
------------
Array:
rule : -2 ;
module :  ;
message : Array ;

2016-04-07 12:28:16 response :
------------

2016-04-07 12:28:51 trace :
------------
Array:
from : oqCObuIO19J8vrg4eZH4HVxalmzc ;
to : gh_5013f37369ce ;
time : 1460003350 ;
type : event ;
event : VIEW ;
tousername : gh_5013f37369ce ;
fromusername : oqCObuIO19J8vrg4eZH4HVxalmzc ;
createtime : 1460003350 ;
msgtype : event ;
eventkey : http://mp.weixin.qq.com/s?__biz=MzA5MzE5NzExNw==&mid=10001097&idx=1&sn=8338ffe385dcd8dd1f376fc1a2fd50ff&scene=18#rd ;
menuid : 208007648 ;

2016-04-07 12:28:51 params :
------------
Array:
rule : -2 ;
module :  ;
message : Array ;

2016-04-07 12:28:51 response :
------------

2016-04-07 12:31:21 trace :
------------
Array:
from : oqCObuIO19J8vrg4eZH4HVxalmzc ;
to : gh_5013f37369ce ;
time : 1460003499 ;
type : event ;
event : VIEW ;
tousername : gh_5013f37369ce ;
fromusername : oqCObuIO19J8vrg4eZH4HVxalmzc ;
createtime : 1460003499 ;
msgtype : event ;
eventkey : http://mp.weixin.qq.com/s?__biz=MzA5MzE5NzExNw==&mid=10001097&idx=1&sn=8338ffe385dcd8dd1f376fc1a2fd50ff&scene=18#rd ;
menuid : 208007648 ;

2016-04-07 12:31:21 params :
------------
Array:
rule : -2 ;
module :  ;
message : Array ;

2016-04-07 12:31:21 response :
------------

2016-04-07 13:41:57 trace :
------------
Array:
from : oqCObuCn33faM-SZAJz2zJgKnqjI ;
to : gh_5013f37369ce ;
time : 1460007735 ;
type : event ;
event : VIEW ;
tousername : gh_5013f37369ce ;
fromusername : oqCObuCn33faM-SZAJz2zJgKnqjI ;
createtime : 1460007735 ;
msgtype : event ;
eventkey : http://mp.weixin.qq.com/s?__biz=MzA5MzE5NzExNw==&mid=10001097&idx=1&sn=8338ffe385dcd8dd1f376fc1a2fd50ff&scene=18#rd ;
menuid : 208007648 ;

2016-04-07 13:41:57 params :
------------
Array:
rule : -2 ;
module :  ;
message : Array ;

2016-04-07 13:41:57 response :
------------

2016-04-07 13:42:35 trace :
------------
Array:
from : oqCObuCn33faM-SZAJz2zJgKnqjI ;
to : gh_5013f37369ce ;
time : 1460007773 ;
type : event ;
event : VIEW ;
tousername : gh_5013f37369ce ;
fromusername : oqCObuCn33faM-SZAJz2zJgKnqjI ;
createtime : 1460007773 ;
msgtype : event ;
eventkey : http://mp.weixin.qq.com/s?__biz=MzA5MzE5NzExNw==&mid=10001097&idx=1&sn=8338ffe385dcd8dd1f376fc1a2fd50ff&scene=18#rd ;
menuid : 208007648 ;

2016-04-07 13:42:35 params :
------------
Array:
rule : -2 ;
module :  ;
message : Array ;

2016-04-07 13:42:35 response :
------------

2016-04-07 13:42:39 trace :
------------
Array:
from : oqCObuCn33faM-SZAJz2zJgKnqjI ;
to : gh_5013f37369ce ;
time : 1460007778 ;
type : event ;
event : VIEW ;
tousername : gh_5013f37369ce ;
fromusername : oqCObuCn33faM-SZAJz2zJgKnqjI ;
createtime : 1460007778 ;
msgtype : event ;
eventkey : http://mp.weixin.qq.com/s?__biz=MzA5MzE5NzExNw==&mid=10001097&idx=1&sn=8338ffe385dcd8dd1f376fc1a2fd50ff&scene=18#rd ;
menuid : 208007648 ;

2016-04-07 13:42:39 params :
------------
Array:
rule : -2 ;
module :  ;
message : Array ;

2016-04-07 13:42:39 response :
------------

2016-04-07 14:48:56 trace :
------------
Array:
from : oqCObuNxyaO1AmdFE4GvkNlZAOq0 ;
to : gh_5013f37369ce ;
time : 1460011754 ;
type : event ;
event : VIEW ;
tousername : gh_5013f37369ce ;
fromusername : oqCObuNxyaO1AmdFE4GvkNlZAOq0 ;
createtime : 1460011754 ;
msgtype : event ;
eventkey : http://mp.weixin.qq.com/s?__biz=MzA5MzE5NzExNw==&mid=10001097&idx=1&sn=8338ffe385dcd8dd1f376fc1a2fd50ff&scene=18#rd ;
menuid : 208007648 ;

2016-04-07 14:48:56 params :
------------
Array:
rule : -2 ;
module :  ;
message : Array ;

2016-04-07 14:48:56 response :
------------

2016-04-07 15:20:48 trace :
------------
Array:
from : oqCObuPpNLlgN6budfIXDZtlWTzc ;
to : gh_5013f37369ce ;
time : 1460013666 ;
type : event ;
event : subscribe ;
tousername : gh_5013f37369ce ;
fromusername : oqCObuPpNLlgN6budfIXDZtlWTzc ;
createtime : 1460013666 ;
msgtype : event ;
eventkey :  ;

2016-04-07 15:20:48 params :
------------
Array:
rule : -2 ;
module :  ;
message : Array ;

2016-04-07 15:20:48 response :
------------

2016-04-07 15:26:15 trace :
------------
Array:
from : oqCObuNAbsztJ01wYXf3s--i3NU8 ;
to : gh_5013f37369ce ;
time : 1460013994 ;
type : event ;
event : VIEW ;
tousername : gh_5013f37369ce ;
fromusername : oqCObuNAbsztJ01wYXf3s--i3NU8 ;
createtime : 1460013994 ;
msgtype : event ;
eventkey : http://mp.weixin.qq.com/s?__biz=MzA5MzE5NzExNw==&mid=10001097&idx=1&sn=8338ffe385dcd8dd1f376fc1a2fd50ff&scene=18#rd ;
menuid : 208007648 ;

2016-04-07 15:26:15 params :
------------
Array:
rule : -2 ;
module :  ;
message : Array ;

2016-04-07 15:26:15 response :
------------

2016-04-07 16:32:46 trace :
------------
Array:
from : oqCObuE2wMgTG65tSFCi-PJID9VM ;
to : gh_5013f37369ce ;
time : 1460017984 ;
type : event ;
event : VIEW ;
tousername : gh_5013f37369ce ;
fromusername : oqCObuE2wMgTG65tSFCi-PJID9VM ;
createtime : 1460017984 ;
msgtype : event ;
eventkey : http://mp.weixin.qq.com/s?__biz=MzA5MzE5NzExNw==&mid=10001097&idx=1&sn=8338ffe385dcd8dd1f376fc1a2fd50ff&scene=18#rd ;
menuid : 208007648 ;

2016-04-07 16:32:46 params :
------------
Array:
rule : -2 ;
module :  ;
message : Array ;

2016-04-07 16:32:46 response :
------------

2016-04-07 17:20:46 trace :
------------
Array:
from : oqCObuG2jLiZzhmZuV0-scBgWqAA ;
to : gh_5013f37369ce ;
time : 1460020864 ;
type : event ;
event : subscribe ;
tousername : gh_5013f37369ce ;
fromusername : oqCObuG2jLiZzhmZuV0-scBgWqAA ;
createtime : 1460020864 ;
msgtype : event ;
eventkey :  ;

2016-04-07 17:20:46 params :
------------
Array:
rule : -2 ;
module :  ;
message : Array ;

2016-04-07 17:20:46 response :
------------

2016-04-07 17:20:57 trace :
------------
Array:
from : oqCObuG2jLiZzhmZuV0-scBgWqAA ;
to : gh_5013f37369ce ;
time : 1460020876 ;
type : event ;
event : VIEW ;
tousername : gh_5013f37369ce ;
fromusername : oqCObuG2jLiZzhmZuV0-scBgWqAA ;
createtime : 1460020876 ;
msgtype : event ;
eventkey : http://mp.weixin.qq.com/s?__biz=MzA5MzE5NzExNw==&mid=10001097&idx=1&sn=8338ffe385dcd8dd1f376fc1a2fd50ff&scene=18#rd ;
menuid : 208007648 ;

2016-04-07 17:20:57 params :
------------
Array:
rule : -2 ;
module :  ;
message : Array ;

2016-04-07 17:20:57 response :
------------

2016-04-07 17:21:11 trace :
------------
Array:
from : oqCObuG2jLiZzhmZuV0-scBgWqAA ;
to : gh_5013f37369ce ;
time : 1460020890 ;
type : event ;
event : VIEW ;
tousername : gh_5013f37369ce ;
fromusername : oqCObuG2jLiZzhmZuV0-scBgWqAA ;
createtime : 1460020890 ;
msgtype : event ;
eventkey : http://mp.weixin.qq.com/s?__biz=MzA5MzE5NzExNw==&mid=10001097&idx=1&sn=8338ffe385dcd8dd1f376fc1a2fd50ff&scene=18#rd ;
menuid : 208007648 ;

2016-04-07 17:21:11 params :
------------
Array:
rule : -2 ;
module :  ;
message : Array ;

2016-04-07 17:21:11 response :
------------

2016-04-07 18:17:14 trace :
------------
Array:
from : oqCObuPpNLlgN6budfIXDZtlWTzc ;
to : gh_5013f37369ce ;
time : 1460024253 ;
type : event ;
event : VIEW ;
tousername : gh_5013f37369ce ;
fromusername : oqCObuPpNLlgN6budfIXDZtlWTzc ;
createtime : 1460024253 ;
msgtype : event ;
eventkey : http://mp.weixin.qq.com/s?__biz=MzA5MzE5NzExNw==&mid=10001097&idx=1&sn=8338ffe385dcd8dd1f376fc1a2fd50ff&scene=18#rd ;
menuid : 208007648 ;

2016-04-07 18:17:14 params :
------------
Array:
rule : -2 ;
module :  ;
message : Array ;

2016-04-07 18:17:14 response :
------------

2016-04-07 18:17:47 trace :
------------
Array:
from : oqCObuPpNLlgN6budfIXDZtlWTzc ;
to : gh_5013f37369ce ;
time : 1460024285 ;
type : event ;
event : VIEW ;
tousername : gh_5013f37369ce ;
fromusername : oqCObuPpNLlgN6budfIXDZtlWTzc ;
createtime : 1460024285 ;
msgtype : event ;
eventkey : http://mp.weixin.qq.com/s?__biz=MzA5MzE5NzExNw==&mid=10001097&idx=1&sn=8338ffe385dcd8dd1f376fc1a2fd50ff&scene=18#rd ;
menuid : 208007648 ;

2016-04-07 18:17:47 params :
------------
Array:
rule : -2 ;
module :  ;
message : Array ;

2016-04-07 18:17:47 response :
------------

2016-04-07 18:17:51 trace :
------------
Array:
from : oqCObuPpNLlgN6budfIXDZtlWTzc ;
to : gh_5013f37369ce ;
time : 1460024290 ;
type : event ;
event : VIEW ;
tousername : gh_5013f37369ce ;
fromusername : oqCObuPpNLlgN6budfIXDZtlWTzc ;
createtime : 1460024290 ;
msgtype : event ;
eventkey : http://mp.weixin.qq.com/s?__biz=MzA5MzE5NzExNw==&mid=10001097&idx=1&sn=8338ffe385dcd8dd1f376fc1a2fd50ff&scene=18#rd ;
menuid : 208007648 ;

2016-04-07 18:17:51 params :
------------
Array:
rule : -2 ;
module :  ;
message : Array ;

2016-04-07 18:17:51 response :
------------

2016-04-07 18:46:47 trace :
------------
Array:
from : oqCObuKMLtbc9bouHF-t6xdlSlZo ;
to : gh_5013f37369ce ;
time : 1460026025 ;
type : event ;
event : VIEW ;
tousername : gh_5013f37369ce ;
fromusername : oqCObuKMLtbc9bouHF-t6xdlSlZo ;
createtime : 1460026025 ;
msgtype : event ;
eventkey : http://mp.weixin.qq.com/s?__biz=MzA5MzE5NzExNw==&mid=10001097&idx=1&sn=8338ffe385dcd8dd1f376fc1a2fd50ff&scene=18#rd ;
menuid : 208007648 ;

2016-04-07 18:46:47 params :
------------
Array:
rule : -2 ;
module :  ;
message : Array ;

2016-04-07 18:46:47 response :
------------

2016-04-07 18:47:30 trace :
------------
Array:
from : oqCObuKMLtbc9bouHF-t6xdlSlZo ;
to : gh_5013f37369ce ;
time : 1460026069 ;
type : event ;
event : VIEW ;
tousername : gh_5013f37369ce ;
fromusername : oqCObuKMLtbc9bouHF-t6xdlSlZo ;
createtime : 1460026069 ;
msgtype : event ;
eventkey : http://mp.weixin.qq.com/s?__biz=MzA5MzE5NzExNw==&mid=10001097&idx=1&sn=8338ffe385dcd8dd1f376fc1a2fd50ff&scene=18#rd ;
menuid : 208007648 ;

2016-04-07 18:47:30 params :
------------
Array:
rule : -2 ;
module :  ;
message : Array ;

2016-04-07 18:47:30 response :
------------

2016-04-07 18:48:21 trace :
------------
Array:
from : oqCObuKMLtbc9bouHF-t6xdlSlZo ;
to : gh_5013f37369ce ;
time : 1460026119 ;
type : event ;
event : VIEW ;
tousername : gh_5013f37369ce ;
fromusername : oqCObuKMLtbc9bouHF-t6xdlSlZo ;
createtime : 1460026119 ;
msgtype : event ;
eventkey : http://mp.weixin.qq.com/s?__biz=MzA5MzE5NzExNw==&mid=10001097&idx=1&sn=8338ffe385dcd8dd1f376fc1a2fd50ff&scene=18#rd ;
menuid : 208007648 ;

2016-04-07 18:48:21 params :
------------
Array:
rule : -2 ;
module :  ;
message : Array ;

2016-04-07 18:48:21 response :
------------

2016-04-07 18:54:08 trace :
------------
Array:
from : oqCObuKMLtbc9bouHF-t6xdlSlZo ;
to : gh_5013f37369ce ;
time : 1460026466 ;
type : event ;
event : VIEW ;
tousername : gh_5013f37369ce ;
fromusername : oqCObuKMLtbc9bouHF-t6xdlSlZo ;
createtime : 1460026466 ;
msgtype : event ;
eventkey : http://mp.weixin.qq.com/s?__biz=MzA5MzE5NzExNw==&mid=10001097&idx=1&sn=8338ffe385dcd8dd1f376fc1a2fd50ff&scene=18#rd ;
menuid : 208007648 ;

2016-04-07 18:54:08 params :
------------
Array:
rule : -2 ;
module :  ;
message : Array ;

2016-04-07 18:54:08 response :
------------

2016-04-07 18:54:16 trace :
------------
Array:
from : oqCObuKMLtbc9bouHF-t6xdlSlZo ;
to : gh_5013f37369ce ;
time : 1460026475 ;
type : event ;
event : VIEW ;
tousername : gh_5013f37369ce ;
fromusername : oqCObuKMLtbc9bouHF-t6xdlSlZo ;
createtime : 1460026475 ;
msgtype : event ;
eventkey : http://mp.weixin.qq.com/s?__biz=MzA5MzE5NzExNw==&mid=10001097&idx=1&sn=8338ffe385dcd8dd1f376fc1a2fd50ff&scene=18#rd ;
menuid : 208007648 ;

2016-04-07 18:54:16 params :
------------
Array:
rule : -2 ;
module :  ;
message : Array ;

2016-04-07 18:54:16 response :
------------

2016-04-07 19:50:48 trace :
------------
Array:
from : oqCObuJAVkbFVjh7tn5iIfbNckak ;
to : gh_5013f37369ce ;
time : 1460029867 ;
type : event ;
event : subscribe ;
tousername : gh_5013f37369ce ;
fromusername : oqCObuJAVkbFVjh7tn5iIfbNckak ;
createtime : 1460029867 ;
msgtype : event ;
eventkey :  ;

2016-04-07 19:50:48 params :
------------
Array:
rule : -2 ;
module :  ;
message : Array ;

2016-04-07 19:50:48 response :
------------

2016-04-07 19:51:38 trace :
------------
Array:
from : oqCObuJAVkbFVjh7tn5iIfbNckak ;
to : gh_5013f37369ce ;
time : 1460029916 ;
type : event ;
event : VIEW ;
tousername : gh_5013f37369ce ;
fromusername : oqCObuJAVkbFVjh7tn5iIfbNckak ;
createtime : 1460029916 ;
msgtype : event ;
eventkey : http://mp.weixin.qq.com/s?__biz=MzA5MzE5NzExNw==&mid=10001097&idx=1&sn=8338ffe385dcd8dd1f376fc1a2fd50ff&scene=18#rd ;
menuid : 208007648 ;

2016-04-07 19:51:38 params :
------------
Array:
rule : -2 ;
module :  ;
message : Array ;

2016-04-07 19:51:38 response :
------------

2016-04-07 19:51:52 trace :
------------
Array:
from : oqCObuJAVkbFVjh7tn5iIfbNckak ;
to : gh_5013f37369ce ;
time : 1460029930 ;
type : event ;
event : VIEW ;
tousername : gh_5013f37369ce ;
fromusername : oqCObuJAVkbFVjh7tn5iIfbNckak ;
createtime : 1460029930 ;
msgtype : event ;
eventkey : http://mp.weixin.qq.com/s?__biz=MzA5MzE5NzExNw==&mid=10001097&idx=1&sn=8338ffe385dcd8dd1f376fc1a2fd50ff&scene=18#rd ;
menuid : 208007648 ;

2016-04-07 19:51:52 params :
------------
Array:
rule : -2 ;
module :  ;
message : Array ;

2016-04-07 19:51:52 response :
------------

2016-04-07 19:52:05 trace :
------------
Array:
from : oqCObuJAVkbFVjh7tn5iIfbNckak ;
to : gh_5013f37369ce ;
time : 1460029944 ;
type : event ;
event : VIEW ;
tousername : gh_5013f37369ce ;
fromusername : oqCObuJAVkbFVjh7tn5iIfbNckak ;
createtime : 1460029944 ;
msgtype : event ;
eventkey : http://mp.weixin.qq.com/s?__biz=MzA5MzE5NzExNw==&mid=10001097&idx=1&sn=8338ffe385dcd8dd1f376fc1a2fd50ff&scene=18#rd ;
menuid : 208007648 ;

2016-04-07 19:52:05 params :
------------
Array:
rule : -2 ;
module :  ;
message : Array ;

2016-04-07 19:52:05 response :
------------

2016-04-07 20:43:03 trace :
------------
Array:
from : oqCObuA7MB1H8lOmTheS9-fmPWgc ;
to : gh_5013f37369ce ;
time : 1460033001 ;
type : event ;
event : VIEW ;
tousername : gh_5013f37369ce ;
fromusername : oqCObuA7MB1H8lOmTheS9-fmPWgc ;
createtime : 1460033001 ;
msgtype : event ;
eventkey : http://mp.weixin.qq.com/s?__biz=MzA5MzE5NzExNw==&mid=10001097&idx=1&sn=8338ffe385dcd8dd1f376fc1a2fd50ff&scene=18#rd ;
menuid : 208007648 ;

2016-04-07 20:43:03 params :
------------
Array:
rule : -2 ;
module :  ;
message : Array ;

2016-04-07 20:43:03 response :
------------

2016-04-07 22:03:22 trace :
------------
Array:
from : oqCObuJ83OSw6ILRcpaQ7kNQj-C0 ;
to : gh_5013f37369ce ;
time : 1460037818 ;
type : event ;
event : subscribe ;
tousername : gh_5013f37369ce ;
fromusername : oqCObuJ83OSw6ILRcpaQ7kNQj-C0 ;
createtime : 1460037818 ;
msgtype : event ;
eventkey :  ;

2016-04-07 22:03:22 params :
------------
Array:
rule : -2 ;
module :  ;
message : Array ;

2016-04-07 22:03:22 response :
------------

2016-04-07 22:06:16 trace :
------------
Array:
from : oqCObuJ83OSw6ILRcpaQ7kNQj-C0 ;
to : gh_5013f37369ce ;
time : 1460037994 ;
type : event ;
event : VIEW ;
tousername : gh_5013f37369ce ;
fromusername : oqCObuJ83OSw6ILRcpaQ7kNQj-C0 ;
createtime : 1460037994 ;
msgtype : event ;
eventkey : http://mp.weixin.qq.com/s?__biz=MzA5MzE5NzExNw==&mid=10001097&idx=1&sn=8338ffe385dcd8dd1f376fc1a2fd50ff&scene=18#rd ;
menuid : 208007648 ;

2016-04-07 22:06:16 params :
------------
Array:
rule : -2 ;
module :  ;
message : Array ;

2016-04-07 22:06:16 response :
------------

2016-04-07 22:06:38 trace :
------------
Array:
from : oqCObuJ83OSw6ILRcpaQ7kNQj-C0 ;
to : gh_5013f37369ce ;
time : 1460038016 ;
type : event ;
event : VIEW ;
tousername : gh_5013f37369ce ;
fromusername : oqCObuJ83OSw6ILRcpaQ7kNQj-C0 ;
createtime : 1460038016 ;
msgtype : event ;
eventkey : http://mp.weixin.qq.com/s?__biz=MzA5MzE5NzExNw==&mid=10001097&idx=1&sn=8338ffe385dcd8dd1f376fc1a2fd50ff&scene=18#rd ;
menuid : 208007648 ;

2016-04-07 22:06:38 params :
------------
Array:
rule : -2 ;
module :  ;
message : Array ;

2016-04-07 22:06:38 response :
------------

2016-04-07 22:29:50 trace :
------------
Array:
from : oqCObuA3Lwj4z9ICSYJVS5YEvImg ;
to : gh_5013f37369ce ;
time : 1460039409 ;
type : event ;
event : VIEW ;
tousername : gh_5013f37369ce ;
fromusername : oqCObuA3Lwj4z9ICSYJVS5YEvImg ;
createtime : 1460039409 ;
msgtype : event ;
eventkey : http://mp.weixin.qq.com/s?__biz=MzA5MzE5NzExNw==&mid=10001097&idx=1&sn=8338ffe385dcd8dd1f376fc1a2fd50ff&scene=18#rd ;
menuid : 208007648 ;

2016-04-07 22:29:50 params :
------------
Array:
rule : -2 ;
module :  ;
message : Array ;

2016-04-07 22:29:50 response :
------------

2016-04-07 22:30:47 trace :
------------
Array:
from : oqCObuIBGwerLt0edPc-mEpjmDgk ;
to : gh_5013f37369ce ;
time : 1460039465 ;
type : event ;
event : VIEW ;
tousername : gh_5013f37369ce ;
fromusername : oqCObuIBGwerLt0edPc-mEpjmDgk ;
createtime : 1460039465 ;
msgtype : event ;
eventkey : http://mp.weixin.qq.com/s?__biz=MzA5MzE5NzExNw==&mid=10001097&idx=1&sn=8338ffe385dcd8dd1f376fc1a2fd50ff&scene=18#rd ;
menuid : 208007648 ;

2016-04-07 22:30:47 params :
------------
Array:
rule : -2 ;
module :  ;
message : Array ;

2016-04-07 22:30:47 response :
------------

2016-04-07 22:30:50 trace :
------------
Array:
from : oqCObuA3Lwj4z9ICSYJVS5YEvImg ;
to : gh_5013f37369ce ;
time : 1460039469 ;
type : event ;
event : VIEW ;
tousername : gh_5013f37369ce ;
fromusername : oqCObuA3Lwj4z9ICSYJVS5YEvImg ;
createtime : 1460039469 ;
msgtype : event ;
eventkey : http://mp.weixin.qq.com/s?__biz=MzA5MzE5NzExNw==&mid=10001097&idx=1&sn=8338ffe385dcd8dd1f376fc1a2fd50ff&scene=18#rd ;
menuid : 208007648 ;

2016-04-07 22:30:50 params :
------------
Array:
rule : -2 ;
module :  ;
message : Array ;

2016-04-07 22:30:50 response :
------------

2016-04-07 22:30:56 trace :
------------
Array:
from : oqCObuIBGwerLt0edPc-mEpjmDgk ;
to : gh_5013f37369ce ;
time : 1460039474 ;
type : event ;
event : VIEW ;
tousername : gh_5013f37369ce ;
fromusername : oqCObuIBGwerLt0edPc-mEpjmDgk ;
createtime : 1460039474 ;
msgtype : event ;
eventkey : http://mp.weixin.qq.com/s?__biz=MzA5MzE5NzExNw==&mid=10001097&idx=1&sn=8338ffe385dcd8dd1f376fc1a2fd50ff&scene=18#rd ;
menuid : 208007648 ;

2016-04-07 22:30:56 params :
------------
Array:
rule : -2 ;
module :  ;
message : Array ;

2016-04-07 22:30:56 response :
------------

2016-04-07 22:31:20 trace :
------------
Array:
from : oqCObuA3Lwj4z9ICSYJVS5YEvImg ;
to : gh_5013f37369ce ;
time : 1460039498 ;
type : event ;
event : VIEW ;
tousername : gh_5013f37369ce ;
fromusername : oqCObuA3Lwj4z9ICSYJVS5YEvImg ;
createtime : 1460039498 ;
msgtype : event ;
eventkey : http://mp.weixin.qq.com/s?__biz=MzA5MzE5NzExNw==&mid=10001097&idx=1&sn=8338ffe385dcd8dd1f376fc1a2fd50ff&scene=18#rd ;
menuid : 208007648 ;

2016-04-07 22:31:20 params :
------------
Array:
rule : -2 ;
module :  ;
message : Array ;

2016-04-07 22:31:20 response :
------------

2016-04-07 22:31:23 trace :
------------
Array:
from : oqCObuA3Lwj4z9ICSYJVS5YEvImg ;
to : gh_5013f37369ce ;
time : 1460039502 ;
type : event ;
event : VIEW ;
tousername : gh_5013f37369ce ;
fromusername : oqCObuA3Lwj4z9ICSYJVS5YEvImg ;
createtime : 1460039502 ;
msgtype : event ;
eventkey : http://mp.weixin.qq.com/s?__biz=MzA5MzE5NzExNw==&mid=10001097&idx=1&sn=8338ffe385dcd8dd1f376fc1a2fd50ff&scene=18#rd ;
menuid : 208007648 ;

2016-04-07 22:31:23 params :
------------
Array:
rule : -2 ;
module :  ;
message : Array ;

2016-04-07 22:31:23 response :
------------

2016-04-07 22:46:20 trace :
------------
Array:
from : oqCObuA3Lwj4z9ICSYJVS5YEvImg ;
to : gh_5013f37369ce ;
time : 1460040399 ;
type : event ;
event : VIEW ;
tousername : gh_5013f37369ce ;
fromusername : oqCObuA3Lwj4z9ICSYJVS5YEvImg ;
createtime : 1460040399 ;
msgtype : event ;
eventkey : http://mp.weixin.qq.com/s?__biz=MzA5MzE5NzExNw==&mid=10001097&idx=1&sn=8338ffe385dcd8dd1f376fc1a2fd50ff&scene=18#rd ;
menuid : 208007648 ;

2016-04-07 22:46:20 params :
------------
Array:
rule : -2 ;
module :  ;
message : Array ;

2016-04-07 22:46:20 response :
------------

2016-04-07 22:48:04 trace :
------------
Array:
from : oqCObuA3Lwj4z9ICSYJVS5YEvImg ;
to : gh_5013f37369ce ;
time : 1460040502 ;
type : event ;
event : VIEW ;
tousername : gh_5013f37369ce ;
fromusername : oqCObuA3Lwj4z9ICSYJVS5YEvImg ;
createtime : 1460040502 ;
msgtype : event ;
eventkey : http://mp.weixin.qq.com/s?__biz=MzA5MzE5NzExNw==&mid=10001097&idx=1&sn=8338ffe385dcd8dd1f376fc1a2fd50ff&scene=18#rd ;
menuid : 208007648 ;

2016-04-07 22:48:04 params :
------------
Array:
rule : -2 ;
module :  ;
message : Array ;

2016-04-07 22:48:04 response :
------------

2016-04-07 22:50:31 trace :
------------
Array:
from : oqCObuA3Lwj4z9ICSYJVS5YEvImg ;
to : gh_5013f37369ce ;
time : 1460040650 ;
type : event ;
event : VIEW ;
tousername : gh_5013f37369ce ;
fromusername : oqCObuA3Lwj4z9ICSYJVS5YEvImg ;
createtime : 1460040650 ;
msgtype : event ;
eventkey : http://mp.weixin.qq.com/s?__biz=MzA5MzE5NzExNw==&mid=10001097&idx=1&sn=8338ffe385dcd8dd1f376fc1a2fd50ff&scene=18#rd ;
menuid : 208007648 ;

2016-04-07 22:50:31 params :
------------
Array:
rule : -2 ;
module :  ;
message : Array ;

2016-04-07 22:50:31 response :
------------

2016-04-07 23:55:23 trace :
------------
Array:
from : oqCObuJ1p3z7l9MEy20298XJEoWM ;
to : gh_5013f37369ce ;
time : 1460044541 ;
type : event ;
event : VIEW ;
tousername : gh_5013f37369ce ;
fromusername : oqCObuJ1p3z7l9MEy20298XJEoWM ;
createtime : 1460044541 ;
msgtype : event ;
eventkey : http://mp.weixin.qq.com/s?__biz=MzA5MzE5NzExNw==&mid=10001097&idx=1&sn=8338ffe385dcd8dd1f376fc1a2fd50ff&scene=18#rd ;
menuid : 208007648 ;

2016-04-07 23:55:23 params :
------------
Array:
rule : -2 ;
module :  ;
message : Array ;

2016-04-07 23:55:23 response :
------------

