2016-03-06 08:39:03 trace :
------------
Array:
from : oqCObuHJG-bYGgpYVPc2qlttjvpg ;
to : gh_5013f37369ce ;
time : 1457224753 ;
type : event ;
event : VIEW ;
tousername : gh_5013f37369ce ;
fromusername : oqCObuHJG-bYGgpYVPc2qlttjvpg ;
createtime : 1457224753 ;
msgtype : event ;
eventkey : http://mp.weixin.qq.com/s?__biz=MzA5MzE5NzExNw==&mid=10001097&idx=1&sn=8338ffe385dcd8dd1f376fc1a2fd50ff&scene=18#rd ;
menuid : 208007648 ;

2016-03-06 08:39:03 params :
------------
Array:
rule : -2 ;
module :  ;
message : Array ;

2016-03-06 08:39:03 response :
------------

2016-03-06 08:39:21 trace :
------------
Array:
from : oqCObuHJG-bYGgpYVPc2qlttjvpg ;
to : gh_5013f37369ce ;
time : 1457224772 ;
type : event ;
event : VIEW ;
tousername : gh_5013f37369ce ;
fromusername : oqCObuHJG-bYGgpYVPc2qlttjvpg ;
createtime : 1457224772 ;
msgtype : event ;
eventkey : http://mp.weixin.qq.com/s?__biz=MzA5MzE5NzExNw==&mid=10001097&idx=1&sn=8338ffe385dcd8dd1f376fc1a2fd50ff&scene=18#rd ;
menuid : 208007648 ;

2016-03-06 08:39:21 params :
------------
Array:
rule : -2 ;
module :  ;
message : Array ;

2016-03-06 08:39:21 response :
------------

2016-03-06 09:32:12 trace :
------------
Array:
from : oqCObuOBvftthWja2e-wrO58nXA0 ;
to : gh_5013f37369ce ;
time : 1457227939 ;
type : event ;
event : VIEW ;
tousername : gh_5013f37369ce ;
fromusername : oqCObuOBvftthWja2e-wrO58nXA0 ;
createtime : 1457227939 ;
msgtype : event ;
eventkey : http://mp.weixin.qq.com/s?__biz=MzA5MzE5NzExNw==&mid=10001097&idx=1&sn=8338ffe385dcd8dd1f376fc1a2fd50ff&scene=18#rd ;
menuid : 208007648 ;

2016-03-06 09:32:12 params :
------------
Array:
rule : -2 ;
module :  ;
message : Array ;

2016-03-06 09:32:12 response :
------------

2016-03-06 09:32:22 trace :
------------
Array:
from : oqCObuOBvftthWja2e-wrO58nXA0 ;
to : gh_5013f37369ce ;
time : 1457227953 ;
type : event ;
event : VIEW ;
tousername : gh_5013f37369ce ;
fromusername : oqCObuOBvftthWja2e-wrO58nXA0 ;
createtime : 1457227953 ;
msgtype : event ;
eventkey : http://mp.weixin.qq.com/s?__biz=MzA5MzE5NzExNw==&mid=10001097&idx=1&sn=8338ffe385dcd8dd1f376fc1a2fd50ff&scene=18#rd ;
menuid : 208007648 ;

2016-03-06 09:32:22 params :
------------
Array:
rule : -2 ;
module :  ;
message : Array ;

2016-03-06 09:32:22 response :
------------

2016-03-06 11:37:48 trace :
------------
Array:
from : oqCObuGraUkWWwnAJwXmKKvhXSIA ;
to : gh_5013f37369ce ;
time : 1457235479 ;
type : event ;
event : VIEW ;
tousername : gh_5013f37369ce ;
fromusername : oqCObuGraUkWWwnAJwXmKKvhXSIA ;
createtime : 1457235479 ;
msgtype : event ;
eventkey : http://mp.weixin.qq.com/s?__biz=MzA5MzE5NzExNw==&mid=10001097&idx=1&sn=8338ffe385dcd8dd1f376fc1a2fd50ff&scene=18#rd ;
menuid : 208007648 ;

2016-03-06 11:37:48 params :
------------
Array:
rule : -2 ;
module :  ;
message : Array ;

2016-03-06 11:37:48 response :
------------

2016-03-06 11:38:00 trace :
------------
Array:
from : oqCObuGraUkWWwnAJwXmKKvhXSIA ;
to : gh_5013f37369ce ;
time : 1457235486 ;
type : event ;
event : VIEW ;
tousername : gh_5013f37369ce ;
fromusername : oqCObuGraUkWWwnAJwXmKKvhXSIA ;
createtime : 1457235486 ;
msgtype : event ;
eventkey : http://mp.weixin.qq.com/s?__biz=MzA5MzE5NzExNw==&mid=10001097&idx=1&sn=8338ffe385dcd8dd1f376fc1a2fd50ff&scene=18#rd ;
menuid : 208007648 ;

2016-03-06 11:38:00 params :
------------
Array:
rule : -2 ;
module :  ;
message : Array ;

2016-03-06 11:38:00 response :
------------

2016-03-06 11:38:39 trace :
------------
Array:
from : oqCObuJkc44aEixgUxgTmhaEvyns ;
to : gh_5013f37369ce ;
time : 1457235530 ;
type : event ;
event : VIEW ;
tousername : gh_5013f37369ce ;
fromusername : oqCObuJkc44aEixgUxgTmhaEvyns ;
createtime : 1457235530 ;
msgtype : event ;
eventkey : http://mp.weixin.qq.com/s?__biz=MzA5MzE5NzExNw==&mid=10001097&idx=1&sn=8338ffe385dcd8dd1f376fc1a2fd50ff&scene=18#rd ;
menuid : 208007648 ;

2016-03-06 11:38:39 params :
------------
Array:
rule : -2 ;
module :  ;
message : Array ;

2016-03-06 11:38:39 response :
------------

2016-03-06 11:38:47 trace :
------------
Array:
from : oqCObuJkc44aEixgUxgTmhaEvyns ;
to : gh_5013f37369ce ;
time : 1457235538 ;
type : event ;
event : VIEW ;
tousername : gh_5013f37369ce ;
fromusername : oqCObuJkc44aEixgUxgTmhaEvyns ;
createtime : 1457235538 ;
msgtype : event ;
eventkey : http://mp.weixin.qq.com/s?__biz=MzA5MzE5NzExNw==&mid=10001097&idx=1&sn=8338ffe385dcd8dd1f376fc1a2fd50ff&scene=18#rd ;
menuid : 208007648 ;

2016-03-06 11:38:47 params :
------------
Array:
rule : -2 ;
module :  ;
message : Array ;

2016-03-06 11:38:47 response :
------------

2016-03-06 12:14:57 trace :
------------
Array:
from : oqCObuCbVZphSU2zMhB8A_4oddd0 ;
to : gh_5013f37369ce ;
time : 1457237708 ;
type : event ;
event : subscribe ;
tousername : gh_5013f37369ce ;
fromusername : oqCObuCbVZphSU2zMhB8A_4oddd0 ;
createtime : 1457237708 ;
msgtype : event ;
eventkey :  ;

2016-03-06 12:14:57 params :
------------
Array:
rule : -2 ;
module :  ;
message : Array ;

2016-03-06 12:14:57 response :
------------

2016-03-06 12:19:05 trace :
------------
Array:
from : oqCObuEKIyqBBI_juL3oFMjzYvxc ;
to : gh_5013f37369ce ;
time : 1457237956 ;
type : event ;
event : VIEW ;
tousername : gh_5013f37369ce ;
fromusername : oqCObuEKIyqBBI_juL3oFMjzYvxc ;
createtime : 1457237956 ;
msgtype : event ;
eventkey : http://mp.weixin.qq.com/s?__biz=MzA5MzE5NzExNw==&mid=10001097&idx=1&sn=8338ffe385dcd8dd1f376fc1a2fd50ff&scene=18#rd ;
menuid : 208007648 ;

2016-03-06 12:19:05 params :
------------
Array:
rule : -2 ;
module :  ;
message : Array ;

2016-03-06 12:19:05 response :
------------

2016-03-06 12:19:12 trace :
------------
Array:
from : oqCObuEKIyqBBI_juL3oFMjzYvxc ;
to : gh_5013f37369ce ;
time : 1457237963 ;
type : event ;
event : VIEW ;
tousername : gh_5013f37369ce ;
fromusername : oqCObuEKIyqBBI_juL3oFMjzYvxc ;
createtime : 1457237963 ;
msgtype : event ;
eventkey : http://mp.weixin.qq.com/s?__biz=MzA5MzE5NzExNw==&mid=10001097&idx=1&sn=8338ffe385dcd8dd1f376fc1a2fd50ff&scene=18#rd ;
menuid : 208007648 ;

2016-03-06 12:19:12 params :
------------
Array:
rule : -2 ;
module :  ;
message : Array ;

2016-03-06 12:19:12 response :
------------

2016-03-06 12:19:19 trace :
------------
Array:
from : oqCObuEKIyqBBI_juL3oFMjzYvxc ;
to : gh_5013f37369ce ;
time : 1457237970 ;
type : event ;
event : VIEW ;
tousername : gh_5013f37369ce ;
fromusername : oqCObuEKIyqBBI_juL3oFMjzYvxc ;
createtime : 1457237970 ;
msgtype : event ;
eventkey : http://mp.weixin.qq.com/s?__biz=MzA5MzE5NzExNw==&mid=10001097&idx=1&sn=8338ffe385dcd8dd1f376fc1a2fd50ff&scene=18#rd ;
menuid : 208007648 ;

2016-03-06 12:19:19 params :
------------
Array:
rule : -2 ;
module :  ;
message : Array ;

2016-03-06 12:19:19 response :
------------

2016-03-06 12:54:20 trace :
------------
Array:
from : oqCObuKbO34m6DHjLDlaia9aU0lY ;
to : gh_5013f37369ce ;
time : 1457240070 ;
type : event ;
event : subscribe ;
tousername : gh_5013f37369ce ;
fromusername : oqCObuKbO34m6DHjLDlaia9aU0lY ;
createtime : 1457240070 ;
msgtype : event ;
eventkey :  ;

2016-03-06 12:54:20 params :
------------
Array:
rule : -2 ;
module :  ;
message : Array ;

2016-03-06 12:54:20 response :
------------

2016-03-06 13:51:46 trace :
------------
Array:
from : oqCObuE-Jwck4R1XkRqRyvElhTE8 ;
to : gh_5013f37369ce ;
time : 1457243517 ;
type : event ;
event : subscribe ;
tousername : gh_5013f37369ce ;
fromusername : oqCObuE-Jwck4R1XkRqRyvElhTE8 ;
createtime : 1457243517 ;
msgtype : event ;
eventkey :  ;

2016-03-06 13:51:46 params :
------------
Array:
rule : -2 ;
module :  ;
message : Array ;

2016-03-06 13:51:46 response :
------------

2016-03-06 13:52:00 trace :
------------
Array:
from : oqCObuE-Jwck4R1XkRqRyvElhTE8 ;
to : gh_5013f37369ce ;
time : 1457243531 ;
type : event ;
event : VIEW ;
tousername : gh_5013f37369ce ;
fromusername : oqCObuE-Jwck4R1XkRqRyvElhTE8 ;
createtime : 1457243531 ;
msgtype : event ;
eventkey : http://mp.weixin.qq.com/s?__biz=MzA5MzE5NzExNw==&mid=10001097&idx=1&sn=8338ffe385dcd8dd1f376fc1a2fd50ff&scene=18#rd ;
menuid : 208007648 ;

2016-03-06 13:52:00 params :
------------
Array:
rule : -2 ;
module :  ;
message : Array ;

2016-03-06 13:52:00 response :
------------

2016-03-06 13:55:02 trace :
------------
Array:
from : oqCObuE-Jwck4R1XkRqRyvElhTE8 ;
to : gh_5013f37369ce ;
time : 1457243712 ;
type : voice ;
event :  ;
tousername : gh_5013f37369ce ;
fromusername : oqCObuE-Jwck4R1XkRqRyvElhTE8 ;
createtime : 1457243712 ;
msgtype : voice ;
mediaid : ZFS8EZpiWsb4nkAmgpzST_s_2h4HzsXGlZtDGe14hwrKESen72UIFCxHuI2oFHca ;
format : amr ;
msgid : 6258814085743918160 ;
recognition :  ;
media : ZFS8EZpiWsb4nkAmgpzST_s_2h4HzsXGlZtDGe14hwrKESen72UIFCxHuI2oFHca ;

2016-03-06 13:55:02 params :
------------
Array:
rule : -2 ;
module :  ;
message : Array ;

2016-03-06 13:55:02 response :
------------

2016-03-06 13:56:06 trace :
------------
Array:
from : oqCObuE-Jwck4R1XkRqRyvElhTE8 ;
to : gh_5013f37369ce ;
time : 1457243777 ;
type : event ;
event : VIEW ;
tousername : gh_5013f37369ce ;
fromusername : oqCObuE-Jwck4R1XkRqRyvElhTE8 ;
createtime : 1457243777 ;
msgtype : event ;
eventkey : http://mp.weixin.qq.com/s?__biz=MzA5MzE5NzExNw==&mid=10001097&idx=1&sn=8338ffe385dcd8dd1f376fc1a2fd50ff&scene=18#rd ;
menuid : 208007648 ;

2016-03-06 13:56:06 params :
------------
Array:
rule : -2 ;
module :  ;
message : Array ;

2016-03-06 13:56:06 response :
------------

2016-03-06 13:56:20 trace :
------------
Array:
from : oqCObuE-Jwck4R1XkRqRyvElhTE8 ;
to : gh_5013f37369ce ;
time : 1457243791 ;
type : event ;
event : VIEW ;
tousername : gh_5013f37369ce ;
fromusername : oqCObuE-Jwck4R1XkRqRyvElhTE8 ;
createtime : 1457243791 ;
msgtype : event ;
eventkey : http://mp.weixin.qq.com/s?__biz=MzA5MzE5NzExNw==&mid=10001097&idx=1&sn=8338ffe385dcd8dd1f376fc1a2fd50ff&scene=18#rd ;
menuid : 208007648 ;

2016-03-06 13:56:20 params :
------------
Array:
rule : -2 ;
module :  ;
message : Array ;

2016-03-06 13:56:20 response :
------------

2016-03-06 13:56:35 trace :
------------
Array:
from : oqCObuE-Jwck4R1XkRqRyvElhTE8 ;
to : gh_5013f37369ce ;
time : 1457243806 ;
type : event ;
event : VIEW ;
tousername : gh_5013f37369ce ;
fromusername : oqCObuE-Jwck4R1XkRqRyvElhTE8 ;
createtime : 1457243806 ;
msgtype : event ;
eventkey : http://mp.weixin.qq.com/s?__biz=MzA5MzE5NzExNw==&mid=10001097&idx=1&sn=8338ffe385dcd8dd1f376fc1a2fd50ff&scene=18#rd ;
menuid : 208007648 ;

2016-03-06 13:56:35 params :
------------
Array:
rule : -2 ;
module :  ;
message : Array ;

2016-03-06 13:56:35 response :
------------

2016-03-06 13:56:47 trace :
------------
Array:
from : oqCObuE-Jwck4R1XkRqRyvElhTE8 ;
to : gh_5013f37369ce ;
time : 1457243818 ;
type : event ;
event : VIEW ;
tousername : gh_5013f37369ce ;
fromusername : oqCObuE-Jwck4R1XkRqRyvElhTE8 ;
createtime : 1457243818 ;
msgtype : event ;
eventkey : http://mp.weixin.qq.com/s?__biz=MzA5MzE5NzExNw==&mid=10001097&idx=1&sn=8338ffe385dcd8dd1f376fc1a2fd50ff&scene=18#rd ;
menuid : 208007648 ;

2016-03-06 13:56:47 params :
------------
Array:
rule : -2 ;
module :  ;
message : Array ;

2016-03-06 13:56:47 response :
------------

2016-03-06 14:27:56 trace :
------------
Array:
from : oqCObuF2h2CjNRLlWegSrzLHkIIQ ;
to : gh_5013f37369ce ;
time : 1457245687 ;
type : event ;
event : subscribe ;
tousername : gh_5013f37369ce ;
fromusername : oqCObuF2h2CjNRLlWegSrzLHkIIQ ;
createtime : 1457245687 ;
msgtype : event ;
eventkey :  ;

2016-03-06 14:27:56 params :
------------
Array:
rule : -2 ;
module :  ;
message : Array ;

2016-03-06 14:27:56 response :
------------

2016-03-06 14:28:15 trace :
------------
Array:
from : oqCObuF2h2CjNRLlWegSrzLHkIIQ ;
to : gh_5013f37369ce ;
time : 1457245706 ;
type : text ;
event :  ;
tousername : gh_5013f37369ce ;
fromusername : oqCObuF2h2CjNRLlWegSrzLHkIIQ ;
createtime : 1457245706 ;
msgtype : text ;
content : 在 ;
msgid : 6258822649908706934 ;
redirection :  ;
source :  ;

2016-03-06 14:28:15 params :
------------
Array:
rule : -2 ;
module :  ;
message : Array ;

2016-03-06 14:28:15 response :
------------

2016-03-06 14:29:59 trace :
------------
Array:
from : oqCObuF2h2CjNRLlWegSrzLHkIIQ ;
to : gh_5013f37369ce ;
time : 1457245810 ;
type : event ;
event : VIEW ;
tousername : gh_5013f37369ce ;
fromusername : oqCObuF2h2CjNRLlWegSrzLHkIIQ ;
createtime : 1457245810 ;
msgtype : event ;
eventkey : http://mp.weixin.qq.com/s?__biz=MzA5MzE5NzExNw==&mid=10001097&idx=1&sn=8338ffe385dcd8dd1f376fc1a2fd50ff&scene=18#rd ;
menuid : 208007648 ;

2016-03-06 14:29:59 params :
------------
Array:
rule : -2 ;
module :  ;
message : Array ;

2016-03-06 14:29:59 response :
------------

2016-03-06 14:32:55 trace :
------------
Array:
from : oqCObuF2h2CjNRLlWegSrzLHkIIQ ;
to : gh_5013f37369ce ;
time : 1457245985 ;
type : event ;
event : VIEW ;
tousername : gh_5013f37369ce ;
fromusername : oqCObuF2h2CjNRLlWegSrzLHkIIQ ;
createtime : 1457245985 ;
msgtype : event ;
eventkey : http://mp.weixin.qq.com/s?__biz=MzA5MzE5NzExNw==&mid=10001097&idx=1&sn=8338ffe385dcd8dd1f376fc1a2fd50ff&scene=18#rd ;
menuid : 208007648 ;

2016-03-06 14:32:55 params :
------------
Array:
rule : -2 ;
module :  ;
message : Array ;

2016-03-06 14:32:55 response :
------------

2016-03-06 14:36:47 trace :
------------
Array:
from : oqCObuGz6IRv4fS9Ffbzhe-yperI ;
to : gh_5013f37369ce ;
time : 1457246218 ;
type : event ;
event : subscribe ;
tousername : gh_5013f37369ce ;
fromusername : oqCObuGz6IRv4fS9Ffbzhe-yperI ;
createtime : 1457246218 ;
msgtype : event ;
eventkey :  ;

2016-03-06 14:36:47 params :
------------
Array:
rule : -2 ;
module :  ;
message : Array ;

2016-03-06 14:36:47 response :
------------

2016-03-06 14:54:05 trace :
------------
Array:
from : oqCObuHFNVgMw6BbIvtyLwn2K_2U ;
to : gh_5013f37369ce ;
time : 1457247255 ;
type : event ;
event : VIEW ;
tousername : gh_5013f37369ce ;
fromusername : oqCObuHFNVgMw6BbIvtyLwn2K_2U ;
createtime : 1457247255 ;
msgtype : event ;
eventkey : http://mp.weixin.qq.com/s?__biz=MzA5MzE5NzExNw==&mid=10001097&idx=1&sn=8338ffe385dcd8dd1f376fc1a2fd50ff&scene=18#rd ;
menuid : 208007648 ;

2016-03-06 14:54:05 params :
------------
Array:
rule : -2 ;
module :  ;
message : Array ;

2016-03-06 14:54:05 response :
------------

2016-03-06 15:08:43 trace :
------------
Array:
from : oqCObuE-Jwck4R1XkRqRyvElhTE8 ;
to : gh_5013f37369ce ;
time : 1457248134 ;
type : event ;
event : VIEW ;
tousername : gh_5013f37369ce ;
fromusername : oqCObuE-Jwck4R1XkRqRyvElhTE8 ;
createtime : 1457248134 ;
msgtype : event ;
eventkey : http://mp.weixin.qq.com/s?__biz=MzA5MzE5NzExNw==&mid=10001097&idx=1&sn=8338ffe385dcd8dd1f376fc1a2fd50ff&scene=18#rd ;
menuid : 208007648 ;

2016-03-06 15:08:43 params :
------------
Array:
rule : -2 ;
module :  ;
message : Array ;

2016-03-06 15:08:43 response :
------------

2016-03-06 15:10:34 trace :
------------
Array:
from : oqCObuE-Jwck4R1XkRqRyvElhTE8 ;
to : gh_5013f37369ce ;
time : 1457248245 ;
type : event ;
event : VIEW ;
tousername : gh_5013f37369ce ;
fromusername : oqCObuE-Jwck4R1XkRqRyvElhTE8 ;
createtime : 1457248245 ;
msgtype : event ;
eventkey : http://mp.weixin.qq.com/s?__biz=MzA5MzE5NzExNw==&mid=10001097&idx=1&sn=8338ffe385dcd8dd1f376fc1a2fd50ff&scene=18#rd ;
menuid : 208007648 ;

2016-03-06 15:10:34 params :
------------
Array:
rule : -2 ;
module :  ;
message : Array ;

2016-03-06 15:10:34 response :
------------

2016-03-06 15:18:47 trace :
------------
Array:
from : oqCObuE-Jwck4R1XkRqRyvElhTE8 ;
to : gh_5013f37369ce ;
time : 1457248737 ;
type : event ;
event : VIEW ;
tousername : gh_5013f37369ce ;
fromusername : oqCObuE-Jwck4R1XkRqRyvElhTE8 ;
createtime : 1457248737 ;
msgtype : event ;
eventkey : http://mp.weixin.qq.com/s?__biz=MzA5MzE5NzExNw==&mid=10001097&idx=1&sn=8338ffe385dcd8dd1f376fc1a2fd50ff&scene=18#rd ;
menuid : 208007648 ;

2016-03-06 15:18:47 params :
------------
Array:
rule : -2 ;
module :  ;
message : Array ;

2016-03-06 15:18:47 response :
------------

2016-03-06 15:18:55 trace :
------------
Array:
from : oqCObuE-Jwck4R1XkRqRyvElhTE8 ;
to : gh_5013f37369ce ;
time : 1457248746 ;
type : event ;
event : VIEW ;
tousername : gh_5013f37369ce ;
fromusername : oqCObuE-Jwck4R1XkRqRyvElhTE8 ;
createtime : 1457248746 ;
msgtype : event ;
eventkey : http://mp.weixin.qq.com/s?__biz=MzA5MzE5NzExNw==&mid=10001097&idx=1&sn=8338ffe385dcd8dd1f376fc1a2fd50ff&scene=18#rd ;
menuid : 208007648 ;

2016-03-06 15:18:55 params :
------------
Array:
rule : -2 ;
module :  ;
message : Array ;

2016-03-06 15:18:55 response :
------------

2016-03-06 15:26:04 trace :
------------
Array:
from : oqCObuE-Jwck4R1XkRqRyvElhTE8 ;
to : gh_5013f37369ce ;
time : 1457249175 ;
type : event ;
event : VIEW ;
tousername : gh_5013f37369ce ;
fromusername : oqCObuE-Jwck4R1XkRqRyvElhTE8 ;
createtime : 1457249175 ;
msgtype : event ;
eventkey : http://mp.weixin.qq.com/s?__biz=MzA5MzE5NzExNw==&mid=10001097&idx=1&sn=8338ffe385dcd8dd1f376fc1a2fd50ff&scene=18#rd ;
menuid : 208007648 ;

2016-03-06 15:26:04 params :
------------
Array:
rule : -2 ;
module :  ;
message : Array ;

2016-03-06 15:26:04 response :
------------

2016-03-06 15:26:07 trace :
------------
Array:
from : oqCObuE-Jwck4R1XkRqRyvElhTE8 ;
to : gh_5013f37369ce ;
time : 1457249178 ;
type : event ;
event : VIEW ;
tousername : gh_5013f37369ce ;
fromusername : oqCObuE-Jwck4R1XkRqRyvElhTE8 ;
createtime : 1457249178 ;
msgtype : event ;
eventkey : http://mp.weixin.qq.com/s?__biz=MzA5MzE5NzExNw==&mid=10001097&idx=1&sn=8338ffe385dcd8dd1f376fc1a2fd50ff&scene=18#rd ;
menuid : 208007648 ;

2016-03-06 15:26:07 params :
------------
Array:
rule : -2 ;
module :  ;
message : Array ;

2016-03-06 15:26:07 response :
------------

2016-03-06 15:27:10 trace :
------------
Array:
from : oqCObuE-Jwck4R1XkRqRyvElhTE8 ;
to : gh_5013f37369ce ;
time : 1457249241 ;
type : event ;
event : VIEW ;
tousername : gh_5013f37369ce ;
fromusername : oqCObuE-Jwck4R1XkRqRyvElhTE8 ;
createtime : 1457249241 ;
msgtype : event ;
eventkey : http://mp.weixin.qq.com/s?__biz=MzA5MzE5NzExNw==&mid=10001097&idx=1&sn=8338ffe385dcd8dd1f376fc1a2fd50ff&scene=18#rd ;
menuid : 208007648 ;

2016-03-06 15:27:10 params :
------------
Array:
rule : -2 ;
module :  ;
message : Array ;

2016-03-06 15:27:10 response :
------------

2016-03-06 15:32:50 trace :
------------
Array:
from : oqCObuE-Jwck4R1XkRqRyvElhTE8 ;
to : gh_5013f37369ce ;
time : 1457249581 ;
type : text ;
event :  ;
tousername : gh_5013f37369ce ;
fromusername : oqCObuE-Jwck4R1XkRqRyvElhTE8 ;
createtime : 1457249581 ;
msgtype : text ;
content : 在 ;
msgid : 6258839292906980030 ;
redirection :  ;
source :  ;

2016-03-06 15:32:50 params :
------------
Array:
rule : -2 ;
module :  ;
message : Array ;

2016-03-06 15:32:50 response :
------------

2016-03-06 15:34:56 trace :
------------
Array:
from : oqCObuE-Jwck4R1XkRqRyvElhTE8 ;
to : gh_5013f37369ce ;
time : 1457249706 ;
type : event ;
event : VIEW ;
tousername : gh_5013f37369ce ;
fromusername : oqCObuE-Jwck4R1XkRqRyvElhTE8 ;
createtime : 1457249706 ;
msgtype : event ;
eventkey : http://mp.weixin.qq.com/s?__biz=MzA5MzE5NzExNw==&mid=10001097&idx=1&sn=8338ffe385dcd8dd1f376fc1a2fd50ff&scene=18#rd ;
menuid : 208007648 ;

2016-03-06 15:34:56 params :
------------
Array:
rule : -2 ;
module :  ;
message : Array ;

2016-03-06 15:34:56 response :
------------

2016-03-06 15:37:20 trace :
------------
Array:
from : oqCObuE-Jwck4R1XkRqRyvElhTE8 ;
to : gh_5013f37369ce ;
time : 1457249851 ;
type : event ;
event : VIEW ;
tousername : gh_5013f37369ce ;
fromusername : oqCObuE-Jwck4R1XkRqRyvElhTE8 ;
createtime : 1457249851 ;
msgtype : event ;
eventkey : http://mp.weixin.qq.com/s?__biz=MzA5MzE5NzExNw==&mid=10001097&idx=1&sn=8338ffe385dcd8dd1f376fc1a2fd50ff&scene=18#rd ;
menuid : 208007648 ;

2016-03-06 15:37:20 params :
------------
Array:
rule : -2 ;
module :  ;
message : Array ;

2016-03-06 15:37:20 response :
------------

2016-03-06 15:48:53 trace :
------------
Array:
from : oqCObuHGby4f3cGDnwXbJ5SevEV8 ;
to : gh_5013f37369ce ;
time : 1457250543 ;
type : event ;
event : subscribe ;
tousername : gh_5013f37369ce ;
fromusername : oqCObuHGby4f3cGDnwXbJ5SevEV8 ;
createtime : 1457250543 ;
msgtype : event ;
eventkey :  ;

2016-03-06 15:48:53 params :
------------
Array:
rule : -2 ;
module :  ;
message : Array ;

2016-03-06 15:48:53 response :
------------

2016-03-06 17:06:24 trace :
------------
Array:
from : oqCObuOKeUdXDKLTahAwJXORfA0Y ;
to : gh_5013f37369ce ;
time : 1457255195 ;
type : event ;
event : VIEW ;
tousername : gh_5013f37369ce ;
fromusername : oqCObuOKeUdXDKLTahAwJXORfA0Y ;
createtime : 1457255195 ;
msgtype : event ;
eventkey : http://mp.weixin.qq.com/s?__biz=MzA5MzE5NzExNw==&mid=10001097&idx=1&sn=8338ffe385dcd8dd1f376fc1a2fd50ff&scene=18#rd ;
menuid : 208007648 ;

2016-03-06 17:06:24 params :
------------
Array:
rule : -2 ;
module :  ;
message : Array ;

2016-03-06 17:06:24 response :
------------

2016-03-06 17:06:47 trace :
------------
Array:
from : oqCObuOKeUdXDKLTahAwJXORfA0Y ;
to : gh_5013f37369ce ;
time : 1457255217 ;
type : event ;
event : VIEW ;
tousername : gh_5013f37369ce ;
fromusername : oqCObuOKeUdXDKLTahAwJXORfA0Y ;
createtime : 1457255217 ;
msgtype : event ;
eventkey : http://mp.weixin.qq.com/s?__biz=MzA5MzE5NzExNw==&mid=10001097&idx=1&sn=8338ffe385dcd8dd1f376fc1a2fd50ff&scene=18#rd ;
menuid : 208007648 ;

2016-03-06 17:06:47 params :
------------
Array:
rule : -2 ;
module :  ;
message : Array ;

2016-03-06 17:06:47 response :
------------

