2016-04-02 02:57:23 trace :
------------
Array:
from : oqCObuObc8mix72_O5tqJ-KGc_m4 ;
to : gh_5013f37369ce ;
time : 1459537058 ;
type : event ;
event : VIEW ;
tousername : gh_5013f37369ce ;
fromusername : oqCObuObc8mix72_O5tqJ-KGc_m4 ;
createtime : 1459537058 ;
msgtype : event ;
eventkey : http://mp.weixin.qq.com/s?__biz=MzA5MzE5NzExNw==&mid=10001097&idx=1&sn=8338ffe385dcd8dd1f376fc1a2fd50ff&scene=18#rd ;
menuid : 208007648 ;

2016-04-02 02:57:23 params :
------------
Array:
rule : -2 ;
module :  ;
message : Array ;

2016-04-02 02:57:23 response :
------------

2016-04-02 02:57:30 trace :
------------
Array:
from : oqCObuObc8mix72_O5tqJ-KGc_m4 ;
to : gh_5013f37369ce ;
time : 1459537067 ;
type : event ;
event : VIEW ;
tousername : gh_5013f37369ce ;
fromusername : oqCObuObc8mix72_O5tqJ-KGc_m4 ;
createtime : 1459537067 ;
msgtype : event ;
eventkey : http://mp.weixin.qq.com/s?__biz=MzA5MzE5NzExNw==&mid=10001097&idx=1&sn=8338ffe385dcd8dd1f376fc1a2fd50ff&scene=18#rd ;
menuid : 208007648 ;

2016-04-02 02:57:30 params :
------------
Array:
rule : -2 ;
module :  ;
message : Array ;

2016-04-02 02:57:30 response :
------------

2016-04-02 09:04:22 trace :
------------
Array:
from : oqCObuMvfElN9m2e75Y86MjfAgWc ;
to : gh_5013f37369ce ;
time : 1459559079 ;
type : event ;
event : VIEW ;
tousername : gh_5013f37369ce ;
fromusername : oqCObuMvfElN9m2e75Y86MjfAgWc ;
createtime : 1459559079 ;
msgtype : event ;
eventkey : http://mp.weixin.qq.com/s?__biz=MzA5MzE5NzExNw==&mid=10001097&idx=1&sn=8338ffe385dcd8dd1f376fc1a2fd50ff&scene=18#rd ;
menuid : 208007648 ;

2016-04-02 09:04:22 params :
------------
Array:
rule : -2 ;
module :  ;
message : Array ;

2016-04-02 09:04:22 response :
------------

2016-04-02 09:21:59 trace :
------------
Array:
from : oqCObuMvfElN9m2e75Y86MjfAgWc ;
to : gh_5013f37369ce ;
time : 1459560136 ;
type : event ;
event : VIEW ;
tousername : gh_5013f37369ce ;
fromusername : oqCObuMvfElN9m2e75Y86MjfAgWc ;
createtime : 1459560136 ;
msgtype : event ;
eventkey : http://mp.weixin.qq.com/s?__biz=MzA5MzE5NzExNw==&mid=10001097&idx=1&sn=8338ffe385dcd8dd1f376fc1a2fd50ff&scene=18#rd ;
menuid : 208007648 ;

2016-04-02 09:21:59 params :
------------
Array:
rule : -2 ;
module :  ;
message : Array ;

2016-04-02 09:21:59 response :
------------

2016-04-02 09:22:24 trace :
------------
Array:
from : oqCObuMvfElN9m2e75Y86MjfAgWc ;
to : gh_5013f37369ce ;
time : 1459560162 ;
type : event ;
event : VIEW ;
tousername : gh_5013f37369ce ;
fromusername : oqCObuMvfElN9m2e75Y86MjfAgWc ;
createtime : 1459560162 ;
msgtype : event ;
eventkey : http://mp.weixin.qq.com/s?__biz=MzA5MzE5NzExNw==&mid=10001097&idx=1&sn=8338ffe385dcd8dd1f376fc1a2fd50ff&scene=18#rd ;
menuid : 208007648 ;

2016-04-02 09:22:24 params :
------------
Array:
rule : -2 ;
module :  ;
message : Array ;

2016-04-02 09:22:24 response :
------------

2016-04-02 09:22:30 trace :
------------
Array:
from : oqCObuMvfElN9m2e75Y86MjfAgWc ;
to : gh_5013f37369ce ;
time : 1459560167 ;
type : event ;
event : VIEW ;
tousername : gh_5013f37369ce ;
fromusername : oqCObuMvfElN9m2e75Y86MjfAgWc ;
createtime : 1459560167 ;
msgtype : event ;
eventkey : http://mp.weixin.qq.com/s?__biz=MzA5MzE5NzExNw==&mid=10001097&idx=1&sn=8338ffe385dcd8dd1f376fc1a2fd50ff&scene=18#rd ;
menuid : 208007648 ;

2016-04-02 09:22:30 params :
------------
Array:
rule : -2 ;
module :  ;
message : Array ;

2016-04-02 09:22:30 response :
------------

2016-04-02 09:22:38 trace :
------------
Array:
from : oqCObuMvfElN9m2e75Y86MjfAgWc ;
to : gh_5013f37369ce ;
time : 1459560175 ;
type : event ;
event : VIEW ;
tousername : gh_5013f37369ce ;
fromusername : oqCObuMvfElN9m2e75Y86MjfAgWc ;
createtime : 1459560175 ;
msgtype : event ;
eventkey : http://mp.weixin.qq.com/s?__biz=MzA5MzE5NzExNw==&mid=10001097&idx=1&sn=8338ffe385dcd8dd1f376fc1a2fd50ff&scene=18#rd ;
menuid : 208007648 ;

2016-04-02 09:22:38 params :
------------
Array:
rule : -2 ;
module :  ;
message : Array ;

2016-04-02 09:22:38 response :
------------

2016-04-02 09:23:25 trace :
------------
Array:
from : oqCObuMvfElN9m2e75Y86MjfAgWc ;
to : gh_5013f37369ce ;
time : 1459560222 ;
type : event ;
event : VIEW ;
tousername : gh_5013f37369ce ;
fromusername : oqCObuMvfElN9m2e75Y86MjfAgWc ;
createtime : 1459560222 ;
msgtype : event ;
eventkey : http://mp.weixin.qq.com/s?__biz=MzA5MzE5NzExNw==&mid=10001097&idx=1&sn=8338ffe385dcd8dd1f376fc1a2fd50ff&scene=18#rd ;
menuid : 208007648 ;

2016-04-02 09:23:25 params :
------------
Array:
rule : -2 ;
module :  ;
message : Array ;

2016-04-02 09:23:25 response :
------------

2016-04-02 10:28:02 trace :
------------
Array:
from : oqCObuD5nB-rh9kAaOCMPEhT5qjI ;
to : gh_5013f37369ce ;
time : 1459564099 ;
type : event ;
event : VIEW ;
tousername : gh_5013f37369ce ;
fromusername : oqCObuD5nB-rh9kAaOCMPEhT5qjI ;
createtime : 1459564099 ;
msgtype : event ;
eventkey : http://mp.weixin.qq.com/s?__biz=MzA5MzE5NzExNw==&mid=10001097&idx=1&sn=8338ffe385dcd8dd1f376fc1a2fd50ff&scene=18#rd ;
menuid : 208007648 ;

2016-04-02 10:28:02 params :
------------
Array:
rule : -2 ;
module :  ;
message : Array ;

2016-04-02 10:28:02 response :
------------

2016-04-02 10:32:24 trace :
------------
Array:
from : oqCObuHLZSK9Ndyb335zhGtfogTc ;
to : gh_5013f37369ce ;
time : 1459564361 ;
type : event ;
event : VIEW ;
tousername : gh_5013f37369ce ;
fromusername : oqCObuHLZSK9Ndyb335zhGtfogTc ;
createtime : 1459564361 ;
msgtype : event ;
eventkey : http://mp.weixin.qq.com/s?__biz=MzA5MzE5NzExNw==&mid=10001097&idx=1&sn=8338ffe385dcd8dd1f376fc1a2fd50ff&scene=18#rd ;
menuid : 208007648 ;

2016-04-02 10:32:24 params :
------------
Array:
rule : -2 ;
module :  ;
message : Array ;

2016-04-02 10:32:24 response :
------------

2016-04-02 10:45:47 trace :
------------
Array:
from : oqCObuFoSP1XkgX6SYQyuWuplqpA ;
to : gh_5013f37369ce ;
time : 1459565161 ;
type : event ;
event : subscribe ;
tousername : gh_5013f37369ce ;
fromusername : oqCObuFoSP1XkgX6SYQyuWuplqpA ;
createtime : 1459565161 ;
msgtype : event ;
eventkey :  ;

2016-04-02 10:45:47 params :
------------
Array:
rule : -2 ;
module :  ;
message : Array ;

2016-04-02 10:45:47 response :
------------

2016-04-02 15:50:05 trace :
------------
Array:
from : oqCObuBvjfUWf-ri37IjuNWAugRE ;
to : gh_5013f37369ce ;
time : 1459583423 ;
type : event ;
event : subscribe ;
tousername : gh_5013f37369ce ;
fromusername : oqCObuBvjfUWf-ri37IjuNWAugRE ;
createtime : 1459583423 ;
msgtype : event ;
eventkey :  ;

2016-04-02 15:50:05 params :
------------
Array:
rule : -2 ;
module :  ;
message : Array ;

2016-04-02 15:50:05 response :
------------

2016-04-02 15:50:13 trace :
------------
Array:
from : oqCObuBvjfUWf-ri37IjuNWAugRE ;
to : gh_5013f37369ce ;
time : 1459583430 ;
type : event ;
event : VIEW ;
tousername : gh_5013f37369ce ;
fromusername : oqCObuBvjfUWf-ri37IjuNWAugRE ;
createtime : 1459583430 ;
msgtype : event ;
eventkey : http://mp.weixin.qq.com/s?__biz=MzA5MzE5NzExNw==&mid=10001097&idx=1&sn=8338ffe385dcd8dd1f376fc1a2fd50ff&scene=18#rd ;
menuid : 208007648 ;

2016-04-02 15:50:13 params :
------------
Array:
rule : -2 ;
module :  ;
message : Array ;

2016-04-02 15:50:13 response :
------------

2016-04-02 16:33:30 trace :
------------
Array:
from : oqCObuKNidkbYd_koWHqyMC3A00o ;
to : gh_5013f37369ce ;
time : 1459586027 ;
type : event ;
event : VIEW ;
tousername : gh_5013f37369ce ;
fromusername : oqCObuKNidkbYd_koWHqyMC3A00o ;
createtime : 1459586027 ;
msgtype : event ;
eventkey : http://mp.weixin.qq.com/s?__biz=MzA5MzE5NzExNw==&mid=10001097&idx=1&sn=8338ffe385dcd8dd1f376fc1a2fd50ff&scene=18#rd ;
menuid : 208007648 ;

2016-04-02 16:33:30 params :
------------
Array:
rule : -2 ;
module :  ;
message : Array ;

2016-04-02 16:33:30 response :
------------

2016-04-02 17:42:34 trace :
------------
Array:
from : oqCObuBLgqWqY4Jrz7rws8lELw5E ;
to : gh_5013f37369ce ;
time : 1459590171 ;
type : event ;
event : VIEW ;
tousername : gh_5013f37369ce ;
fromusername : oqCObuBLgqWqY4Jrz7rws8lELw5E ;
createtime : 1459590171 ;
msgtype : event ;
eventkey : http://mp.weixin.qq.com/s?__biz=MzA5MzE5NzExNw==&mid=10001097&idx=1&sn=8338ffe385dcd8dd1f376fc1a2fd50ff&scene=18#rd ;
menuid : 208007648 ;

2016-04-02 17:42:34 params :
------------
Array:
rule : -2 ;
module :  ;
message : Array ;

2016-04-02 17:42:34 response :
------------

2016-04-02 17:42:48 trace :
------------
Array:
from : oqCObuBLgqWqY4Jrz7rws8lELw5E ;
to : gh_5013f37369ce ;
time : 1459590186 ;
type : event ;
event : VIEW ;
tousername : gh_5013f37369ce ;
fromusername : oqCObuBLgqWqY4Jrz7rws8lELw5E ;
createtime : 1459590186 ;
msgtype : event ;
eventkey : http://mp.weixin.qq.com/s?__biz=MzA5MzE5NzExNw==&mid=10001097&idx=1&sn=8338ffe385dcd8dd1f376fc1a2fd50ff&scene=18#rd ;
menuid : 208007648 ;

2016-04-02 17:42:48 params :
------------
Array:
rule : -2 ;
module :  ;
message : Array ;

2016-04-02 17:42:48 response :
------------

2016-04-02 17:43:13 trace :
------------
Array:
from : oqCObuBLgqWqY4Jrz7rws8lELw5E ;
to : gh_5013f37369ce ;
time : 1459590211 ;
type : event ;
event : VIEW ;
tousername : gh_5013f37369ce ;
fromusername : oqCObuBLgqWqY4Jrz7rws8lELw5E ;
createtime : 1459590211 ;
msgtype : event ;
eventkey : http://mp.weixin.qq.com/s?__biz=MzA5MzE5NzExNw==&mid=10001097&idx=1&sn=8338ffe385dcd8dd1f376fc1a2fd50ff&scene=18#rd ;
menuid : 208007648 ;

2016-04-02 17:43:13 params :
------------
Array:
rule : -2 ;
module :  ;
message : Array ;

2016-04-02 17:43:13 response :
------------

2016-04-02 17:43:27 trace :
------------
Array:
from : oqCObuBLgqWqY4Jrz7rws8lELw5E ;
to : gh_5013f37369ce ;
time : 1459590225 ;
type : event ;
event : VIEW ;
tousername : gh_5013f37369ce ;
fromusername : oqCObuBLgqWqY4Jrz7rws8lELw5E ;
createtime : 1459590225 ;
msgtype : event ;
eventkey : http://mp.weixin.qq.com/s?__biz=MzA5MzE5NzExNw==&mid=10001097&idx=1&sn=8338ffe385dcd8dd1f376fc1a2fd50ff&scene=18#rd ;
menuid : 208007648 ;

2016-04-02 17:43:27 params :
------------
Array:
rule : -2 ;
module :  ;
message : Array ;

2016-04-02 17:43:27 response :
------------

2016-04-02 17:43:36 trace :
------------
Array:
from : oqCObuBLgqWqY4Jrz7rws8lELw5E ;
to : gh_5013f37369ce ;
time : 1459590234 ;
type : event ;
event : VIEW ;
tousername : gh_5013f37369ce ;
fromusername : oqCObuBLgqWqY4Jrz7rws8lELw5E ;
createtime : 1459590234 ;
msgtype : event ;
eventkey : http://mp.weixin.qq.com/s?__biz=MzA5MzE5NzExNw==&mid=10001097&idx=1&sn=8338ffe385dcd8dd1f376fc1a2fd50ff&scene=18#rd ;
menuid : 208007648 ;

2016-04-02 17:43:36 params :
------------
Array:
rule : -2 ;
module :  ;
message : Array ;

2016-04-02 17:43:36 response :
------------

2016-04-02 17:43:42 trace :
------------
Array:
from : oqCObuBLgqWqY4Jrz7rws8lELw5E ;
to : gh_5013f37369ce ;
time : 1459590239 ;
type : event ;
event : VIEW ;
tousername : gh_5013f37369ce ;
fromusername : oqCObuBLgqWqY4Jrz7rws8lELw5E ;
createtime : 1459590239 ;
msgtype : event ;
eventkey : http://mp.weixin.qq.com/s?__biz=MzA5MzE5NzExNw==&mid=10001097&idx=1&sn=8338ffe385dcd8dd1f376fc1a2fd50ff&scene=18#rd ;
menuid : 208007648 ;

2016-04-02 17:43:42 params :
------------
Array:
rule : -2 ;
module :  ;
message : Array ;

2016-04-02 17:43:42 response :
------------

2016-04-02 17:47:11 trace :
------------
Array:
from : oqCObuEQWQ4DYOlWHtMwUm_rwByE ;
to : gh_5013f37369ce ;
time : 1459590447 ;
type : event ;
event : VIEW ;
tousername : gh_5013f37369ce ;
fromusername : oqCObuEQWQ4DYOlWHtMwUm_rwByE ;
createtime : 1459590447 ;
msgtype : event ;
eventkey : http://mp.weixin.qq.com/s?__biz=MzA5MzE5NzExNw==&mid=10001097&idx=1&sn=8338ffe385dcd8dd1f376fc1a2fd50ff&scene=18#rd ;
menuid : 208007648 ;

2016-04-02 17:47:11 params :
------------
Array:
rule : -2 ;
module :  ;
message : Array ;

2016-04-02 17:47:11 response :
------------

2016-04-02 18:12:48 trace :
------------
Array:
from : oqCObuBLgqWqY4Jrz7rws8lELw5E ;
to : gh_5013f37369ce ;
time : 1459591985 ;
type : event ;
event : VIEW ;
tousername : gh_5013f37369ce ;
fromusername : oqCObuBLgqWqY4Jrz7rws8lELw5E ;
createtime : 1459591985 ;
msgtype : event ;
eventkey : http://mp.weixin.qq.com/s?__biz=MzA5MzE5NzExNw==&mid=10001097&idx=1&sn=8338ffe385dcd8dd1f376fc1a2fd50ff&scene=18#rd ;
menuid : 208007648 ;

2016-04-02 18:12:48 params :
------------
Array:
rule : -2 ;
module :  ;
message : Array ;

2016-04-02 18:12:48 response :
------------

