2016-09-15 02:40:35 trace :
------------
String:
<xml><ToUserName><![CDATA[gh_fbee6dda34f1]]></ToUserName>
<FromUserName><![CDATA[o1Sf9wv9MWz8rOgB8rO5Xd98i9JI]]></FromUserName>
<CreateTime>1473878582</CreateTime>
<MsgType><![CDATA[event]]></MsgType>
<Event><![CDATA[VIEW]]></Event>
<EventKey><![CDATA[http://mp.angelbeautyinc.com/app/index.php?i=8&c=entry&id=1&do=detail&m=news&wxref=mp.weixin.qq.com#wechat_redirect]]></EventKey>
<MenuId>523914550</MenuId>
</xml>

2016-09-15 02:40:35 params :
------------
Array:
rule : -2 ;
module :  ;
message : Array ;

2016-09-15 02:40:35 response :
------------

2016-09-15 02:41:19 trace :
------------
String:
<xml><ToUserName><![CDATA[gh_fbee6dda34f1]]></ToUserName>
<FromUserName><![CDATA[o1Sf9wv9MWz8rOgB8rO5Xd98i9JI]]></FromUserName>
<CreateTime>1473878626</CreateTime>
<MsgType><![CDATA[event]]></MsgType>
<Event><![CDATA[VIEW]]></Event>
<EventKey><![CDATA[http://mp.angelbeautyinc.com/app/index.php?i=8&c=entry&id=2&do=detail&m=news&wxref=mp.weixin.qq.com#wechat_redirect]]></EventKey>
<MenuId>523914550</MenuId>
</xml>

2016-09-15 02:41:19 params :
------------
Array:
rule : -2 ;
module :  ;
message : Array ;

2016-09-15 02:41:19 response :
------------

2016-09-15 02:42:08 trace :
------------
String:
<xml><ToUserName><![CDATA[gh_fbee6dda34f1]]></ToUserName>
<FromUserName><![CDATA[o1Sf9wv9MWz8rOgB8rO5Xd98i9JI]]></FromUserName>
<CreateTime>1473878675</CreateTime>
<MsgType><![CDATA[event]]></MsgType>
<Event><![CDATA[VIEW]]></Event>
<EventKey><![CDATA[http://mp.angelbeautyinc.com/app/index.php?i=8&c=entry&id=3&do=detail&m=news&wxref=mp.weixin.qq.com#wechat_redirect]]></EventKey>
<MenuId>523914550</MenuId>
</xml>

2016-09-15 02:42:08 params :
------------
Array:
rule : -2 ;
module :  ;
message : Array ;

2016-09-15 02:42:08 response :
------------

2016-09-15 02:43:50 trace :
------------
String:
<xml><ToUserName><![CDATA[gh_fbee6dda34f1]]></ToUserName>
<FromUserName><![CDATA[o1Sf9wv9MWz8rOgB8rO5Xd98i9JI]]></FromUserName>
<CreateTime>1473878776</CreateTime>
<MsgType><![CDATA[event]]></MsgType>
<Event><![CDATA[VIEW]]></Event>
<EventKey><![CDATA[http://mp.angelbeautyinc.com/app/index.php?i=8&c=entry&do=shop&m=ewei_shop]]></EventKey>
<MenuId>523914550</MenuId>
</xml>

2016-09-15 02:43:50 params :
------------
Array:
rule : -2 ;
module :  ;
message : Array ;

2016-09-15 02:43:50 response :
------------

2016-09-15 02:45:08 trace :
------------
String:
<xml><ToUserName><![CDATA[gh_fbee6dda34f1]]></ToUserName>
<FromUserName><![CDATA[o1Sf9wv9MWz8rOgB8rO5Xd98i9JI]]></FromUserName>
<CreateTime>1473878855</CreateTime>
<MsgType><![CDATA[event]]></MsgType>
<Event><![CDATA[VIEW]]></Event>
<EventKey><![CDATA[http://mp.angelbeautyinc.com/app/index.php?i=8&c=entry&do=member&m=ewei_shop]]></EventKey>
<MenuId>523914550</MenuId>
</xml>

2016-09-15 02:45:08 params :
------------
Array:
rule : -2 ;
module :  ;
message : Array ;

2016-09-15 02:45:08 response :
------------

2016-09-15 02:47:22 trace :
------------
String:
<xml><ToUserName><![CDATA[gh_fbee6dda34f1]]></ToUserName>
<FromUserName><![CDATA[o1Sf9wjLfY9pINdEYHQOSfXAdQBk]]></FromUserName>
<CreateTime>1473878989</CreateTime>
<MsgType><![CDATA[event]]></MsgType>
<Event><![CDATA[VIEW]]></Event>
<EventKey><![CDATA[http://mp.angelbeautyinc.com/app/index.php?i=8&c=entry&id=1&do=detail&m=news&wxref=mp.weixin.qq.com#wechat_redirect]]></EventKey>
<MenuId>523914550</MenuId>
</xml>

2016-09-15 02:47:22 params :
------------
Array:
rule : -2 ;
module :  ;
message : Array ;

2016-09-15 02:47:22 response :
------------

2016-09-15 02:48:57 trace :
------------
String:
<xml><ToUserName><![CDATA[gh_fbee6dda34f1]]></ToUserName>
<FromUserName><![CDATA[o1Sf9wv9MWz8rOgB8rO5Xd98i9JI]]></FromUserName>
<CreateTime>1473879084</CreateTime>
<MsgType><![CDATA[event]]></MsgType>
<Event><![CDATA[VIEW]]></Event>
<EventKey><![CDATA[http://mp.angelbeautyinc.com/app/index.php?i=8&c=entry&do=selfinspection&m=lrj_guide]]></EventKey>
<MenuId>523914550</MenuId>
</xml>

2016-09-15 02:48:57 params :
------------
Array:
rule : -2 ;
module :  ;
message : Array ;

2016-09-15 02:48:57 response :
------------

2016-09-15 02:49:00 trace :
------------
String:
<xml><ToUserName><![CDATA[gh_fbee6dda34f1]]></ToUserName>
<FromUserName><![CDATA[o1Sf9wjLfY9pINdEYHQOSfXAdQBk]]></FromUserName>
<CreateTime>1473879087</CreateTime>
<MsgType><![CDATA[event]]></MsgType>
<Event><![CDATA[VIEW]]></Event>
<EventKey><![CDATA[http://mp.angelbeautyinc.com/app/index.php?i=8&c=entry&do=selfinspection&m=lrj_guide]]></EventKey>
<MenuId>523914550</MenuId>
</xml>

2016-09-15 02:49:00 params :
------------
Array:
rule : -2 ;
module :  ;
message : Array ;

2016-09-15 02:49:00 response :
------------

2016-09-15 02:53:18 trace :
------------
String:
<xml><ToUserName><![CDATA[gh_fbee6dda34f1]]></ToUserName>
<FromUserName><![CDATA[o1Sf9wv9MWz8rOgB8rO5Xd98i9JI]]></FromUserName>
<CreateTime>1473879345</CreateTime>
<MsgType><![CDATA[event]]></MsgType>
<Event><![CDATA[VIEW]]></Event>
<EventKey><![CDATA[http://mp.angelbeautyinc.com/question/]]></EventKey>
<MenuId>523914550</MenuId>
</xml>

2016-09-15 02:53:19 params :
------------
Array:
rule : -2 ;
module :  ;
message : Array ;

2016-09-15 02:53:19 response :
------------

2016-09-15 02:53:49 trace :
------------
String:
<xml><ToUserName><![CDATA[gh_fbee6dda34f1]]></ToUserName>
<FromUserName><![CDATA[o1Sf9wv9MWz8rOgB8rO5Xd98i9JI]]></FromUserName>
<CreateTime>1473879376</CreateTime>
<MsgType><![CDATA[event]]></MsgType>
<Event><![CDATA[VIEW]]></Event>
<EventKey><![CDATA[http://mp.angelbeautyinc.com/question/]]></EventKey>
<MenuId>523914550</MenuId>
</xml>

2016-09-15 02:53:49 params :
------------
Array:
rule : -2 ;
module :  ;
message : Array ;

2016-09-15 02:53:49 response :
------------

2016-09-15 02:54:08 trace :
------------
String:
<xml><ToUserName><![CDATA[gh_fbee6dda34f1]]></ToUserName>
<FromUserName><![CDATA[o1Sf9wjLfY9pINdEYHQOSfXAdQBk]]></FromUserName>
<CreateTime>1473879394</CreateTime>
<MsgType><![CDATA[event]]></MsgType>
<Event><![CDATA[VIEW]]></Event>
<EventKey><![CDATA[http://mp.angelbeautyinc.com/question/]]></EventKey>
<MenuId>523914550</MenuId>
</xml>

2016-09-15 02:54:08 params :
------------
Array:
rule : -2 ;
module :  ;
message : Array ;

2016-09-15 02:54:08 response :
------------

2016-09-15 02:54:35 trace :
------------
String:
<xml><ToUserName><![CDATA[gh_fbee6dda34f1]]></ToUserName>
<FromUserName><![CDATA[o1Sf9wjLfY9pINdEYHQOSfXAdQBk]]></FromUserName>
<CreateTime>1473879422</CreateTime>
<MsgType><![CDATA[event]]></MsgType>
<Event><![CDATA[VIEW]]></Event>
<EventKey><![CDATA[http://mp.angelbeautyinc.com/app/index.php?i=8&c=entry&do=shop&m=ewei_shop]]></EventKey>
<MenuId>523914550</MenuId>
</xml>

2016-09-15 02:54:35 params :
------------
Array:
rule : -2 ;
module :  ;
message : Array ;

2016-09-15 02:54:35 response :
------------

2016-09-15 03:01:33 trace :
------------
String:
<xml><ToUserName><![CDATA[gh_fbee6dda34f1]]></ToUserName>
<FromUserName><![CDATA[o1Sf9wjLfY9pINdEYHQOSfXAdQBk]]></FromUserName>
<CreateTime>1473879840</CreateTime>
<MsgType><![CDATA[event]]></MsgType>
<Event><![CDATA[VIEW]]></Event>
<EventKey><![CDATA[http://mp.angelbeautyinc.com/app/index.php?i=8&c=entry&id=3&do=detail&m=news&wxref=mp.weixin.qq.com#wechat_redirect]]></EventKey>
<MenuId>523914550</MenuId>
</xml>

2016-09-15 03:01:33 params :
------------
Array:
rule : -2 ;
module :  ;
message : Array ;

2016-09-15 03:01:33 response :
------------

2016-09-15 03:02:39 trace :
------------
String:
<xml><ToUserName><![CDATA[gh_fbee6dda34f1]]></ToUserName>
<FromUserName><![CDATA[o1Sf9wjLfY9pINdEYHQOSfXAdQBk]]></FromUserName>
<CreateTime>1473879906</CreateTime>
<MsgType><![CDATA[event]]></MsgType>
<Event><![CDATA[VIEW]]></Event>
<EventKey><![CDATA[http://mp.angelbeautyinc.com/app/index.php?i=8&c=entry&id=3&do=detail&m=news&wxref=mp.weixin.qq.com#wechat_redirect]]></EventKey>
<MenuId>523914550</MenuId>
</xml>

2016-09-15 03:02:39 params :
------------
Array:
rule : -2 ;
module :  ;
message : Array ;

2016-09-15 03:02:39 response :
------------

2016-09-15 03:02:48 trace :
------------
String:
<xml><ToUserName><![CDATA[gh_fbee6dda34f1]]></ToUserName>
<FromUserName><![CDATA[o1Sf9wjLfY9pINdEYHQOSfXAdQBk]]></FromUserName>
<CreateTime>1473879915</CreateTime>
<MsgType><![CDATA[event]]></MsgType>
<Event><![CDATA[VIEW]]></Event>
<EventKey><![CDATA[http://mp.angelbeautyinc.com/app/index.php?i=8&c=entry&do=shop&m=ewei_shop]]></EventKey>
<MenuId>523914550</MenuId>
</xml>

2016-09-15 03:02:48 params :
------------
Array:
rule : -2 ;
module :  ;
message : Array ;

2016-09-15 03:02:48 response :
------------

2016-09-15 03:03:06 trace :
------------
String:
<xml><ToUserName><![CDATA[gh_fbee6dda34f1]]></ToUserName>
<FromUserName><![CDATA[o1Sf9wjLfY9pINdEYHQOSfXAdQBk]]></FromUserName>
<CreateTime>1473879933</CreateTime>
<MsgType><![CDATA[event]]></MsgType>
<Event><![CDATA[VIEW]]></Event>
<EventKey><![CDATA[http://mp.angelbeautyinc.com/app/index.php?i=8&c=entry&do=member&m=ewei_shop]]></EventKey>
<MenuId>523914550</MenuId>
</xml>

2016-09-15 03:03:06 params :
------------
Array:
rule : -2 ;
module :  ;
message : Array ;

2016-09-15 03:03:06 response :
------------

2016-09-15 13:07:34 trace :
------------
String:
<xml><ToUserName><![CDATA[gh_fbee6dda34f1]]></ToUserName>
<FromUserName><![CDATA[o1Sf9wsnjYD4k0kNST54gfMg6zWY]]></FromUserName>
<CreateTime>1473916199</CreateTime>
<MsgType><![CDATA[event]]></MsgType>
<Event><![CDATA[subscribe]]></Event>
<EventKey><![CDATA[]]></EventKey>
</xml>

2016-09-15 13:07:34 params :
------------
Array:
message : Array ;
module : basic ;
rule : 22 ;
priority : 0 ;
keyword : Array ;

2016-09-15 13:07:34 response :
------------
Array:
FromUserName : gh_fbee6dda34f1 ;
ToUserName : o1Sf9wsnjYD4k0kNST54gfMg6zWY ;
MsgType : text ;
Content : 为梦想打拼的路上，
有曲折，有艰辛，
只要有强健的体魄，
我们无惧失败。。。
八年铸一品，
日复一日，
坚持、奋斗、创造。。。
每天酵果菜谱，
与您携手共创每一刻的人生精彩。
您的健康，有我在！
点击您的需求，接轨健康快线！ ;

2016-09-15 13:07:38 trace :
------------
String:
<xml><ToUserName><![CDATA[gh_fbee6dda34f1]]></ToUserName>
<FromUserName><![CDATA[o1Sf9wsnjYD4k0kNST54gfMg6zWY]]></FromUserName>
<CreateTime>1473916199</CreateTime>
<MsgType><![CDATA[event]]></MsgType>
<Event><![CDATA[subscribe]]></Event>
<EventKey><![CDATA[]]></EventKey>
</xml>

2016-09-15 13:07:38 params :
------------
Array:
message : Array ;
module : basic ;
rule : 22 ;
priority : 0 ;
keyword : Array ;

2016-09-15 13:07:38 response :
------------
Array:
FromUserName : gh_fbee6dda34f1 ;
ToUserName : o1Sf9wsnjYD4k0kNST54gfMg6zWY ;
MsgType : text ;
Content : 为梦想打拼的路上，
有曲折，有艰辛，
只要有强健的体魄，
我们无惧失败。。。
八年铸一品，
日复一日，
坚持、奋斗、创造。。。
每天酵果菜谱，
与您携手共创每一刻的人生精彩。
您的健康，有我在！
点击您的需求，接轨健康快线！ ;

