2016-04-08 12:10:47 trace :
------------
Array:
from : oqCObuCXnOvnoyrmWwxavx3BXGQc ;
to : gh_5013f37369ce ;
time : 1460088664 ;
type : event ;
event : VIEW ;
tousername : gh_5013f37369ce ;
fromusername : oqCObuCXnOvnoyrmWwxavx3BXGQc ;
createtime : 1460088664 ;
msgtype : event ;
eventkey : http://mp.weixin.qq.com/s?__biz=MzA5MzE5NzExNw==&mid=10001097&idx=1&sn=8338ffe385dcd8dd1f376fc1a2fd50ff&scene=18#rd ;
menuid : 208007648 ;

2016-04-08 12:10:47 params :
------------
Array:
rule : -2 ;
module :  ;
message : Array ;

2016-04-08 12:10:47 response :
------------

2016-04-08 13:09:21 trace :
------------
Array:
from : oqCObuJ83OSw6ILRcpaQ7kNQj-C0 ;
to : gh_5013f37369ce ;
time : 1460092175 ;
type : event ;
event : VIEW ;
tousername : gh_5013f37369ce ;
fromusername : oqCObuJ83OSw6ILRcpaQ7kNQj-C0 ;
createtime : 1460092175 ;
msgtype : event ;
eventkey : http://mp.weixin.qq.com/s?__biz=MzA5MzE5NzExNw==&mid=10001097&idx=1&sn=8338ffe385dcd8dd1f376fc1a2fd50ff&scene=18#rd ;
menuid : 208007648 ;

2016-04-08 13:09:21 params :
------------
Array:
rule : -2 ;
module :  ;
message : Array ;

2016-04-08 13:09:21 response :
------------

2016-04-08 13:09:33 trace :
------------
Array:
from : oqCObuJ83OSw6ILRcpaQ7kNQj-C0 ;
to : gh_5013f37369ce ;
time : 1460092190 ;
type : event ;
event : VIEW ;
tousername : gh_5013f37369ce ;
fromusername : oqCObuJ83OSw6ILRcpaQ7kNQj-C0 ;
createtime : 1460092190 ;
msgtype : event ;
eventkey : http://mp.weixin.qq.com/s?__biz=MzA5MzE5NzExNw==&mid=10001097&idx=1&sn=8338ffe385dcd8dd1f376fc1a2fd50ff&scene=18#rd ;
menuid : 208007648 ;

2016-04-08 13:09:33 params :
------------
Array:
rule : -2 ;
module :  ;
message : Array ;

2016-04-08 13:09:33 response :
------------

2016-04-08 13:09:44 trace :
------------
Array:
from : oqCObuJ83OSw6ILRcpaQ7kNQj-C0 ;
to : gh_5013f37369ce ;
time : 1460092201 ;
type : event ;
event : VIEW ;
tousername : gh_5013f37369ce ;
fromusername : oqCObuJ83OSw6ILRcpaQ7kNQj-C0 ;
createtime : 1460092201 ;
msgtype : event ;
eventkey : http://mp.weixin.qq.com/s?__biz=MzA5MzE5NzExNw==&mid=10001097&idx=1&sn=8338ffe385dcd8dd1f376fc1a2fd50ff&scene=18#rd ;
menuid : 208007648 ;

2016-04-08 13:09:44 params :
------------
Array:
rule : -2 ;
module :  ;
message : Array ;

2016-04-08 13:09:44 response :
------------

2016-04-08 13:17:49 trace :
------------
Array:
from : oqCObuDDMbIxS-jKp3auly8HzxXk ;
to : gh_5013f37369ce ;
time : 1460092686 ;
type : event ;
event : VIEW ;
tousername : gh_5013f37369ce ;
fromusername : oqCObuDDMbIxS-jKp3auly8HzxXk ;
createtime : 1460092686 ;
msgtype : event ;
eventkey : http://mp.weixin.qq.com/s?__biz=MzA5MzE5NzExNw==&mid=10001097&idx=1&sn=8338ffe385dcd8dd1f376fc1a2fd50ff&scene=18#rd ;
menuid : 208007648 ;

2016-04-08 13:17:49 params :
------------
Array:
rule : -2 ;
module :  ;
message : Array ;

2016-04-08 13:17:49 response :
------------

2016-04-08 13:17:58 trace :
------------
Array:
from : oqCObuDDMbIxS-jKp3auly8HzxXk ;
to : gh_5013f37369ce ;
time : 1460092695 ;
type : event ;
event : VIEW ;
tousername : gh_5013f37369ce ;
fromusername : oqCObuDDMbIxS-jKp3auly8HzxXk ;
createtime : 1460092695 ;
msgtype : event ;
eventkey : http://mp.weixin.qq.com/s?__biz=MzA5MzE5NzExNw==&mid=10001097&idx=1&sn=8338ffe385dcd8dd1f376fc1a2fd50ff&scene=18#rd ;
menuid : 208007648 ;

2016-04-08 13:17:58 params :
------------
Array:
rule : -2 ;
module :  ;
message : Array ;

2016-04-08 13:17:58 response :
------------

2016-04-08 14:08:55 trace :
------------
Array:
from : oqCObuHEJC4hxOCt3SH-J_qyM0kQ ;
to : gh_5013f37369ce ;
time : 1460095752 ;
type : event ;
event : VIEW ;
tousername : gh_5013f37369ce ;
fromusername : oqCObuHEJC4hxOCt3SH-J_qyM0kQ ;
createtime : 1460095752 ;
msgtype : event ;
eventkey : http://mp.weixin.qq.com/s?__biz=MzA5MzE5NzExNw==&mid=10001097&idx=1&sn=8338ffe385dcd8dd1f376fc1a2fd50ff&scene=18#rd ;
menuid : 208007648 ;

2016-04-08 14:08:55 params :
------------
Array:
rule : -2 ;
module :  ;
message : Array ;

2016-04-08 14:08:55 response :
------------

2016-04-08 14:10:13 trace :
------------
Array:
from : oqCObuHEJC4hxOCt3SH-J_qyM0kQ ;
to : gh_5013f37369ce ;
time : 1460095830 ;
type : event ;
event : VIEW ;
tousername : gh_5013f37369ce ;
fromusername : oqCObuHEJC4hxOCt3SH-J_qyM0kQ ;
createtime : 1460095830 ;
msgtype : event ;
eventkey : http://mp.weixin.qq.com/s?__biz=MzA5MzE5NzExNw==&mid=10001097&idx=1&sn=8338ffe385dcd8dd1f376fc1a2fd50ff&scene=18#rd ;
menuid : 208007648 ;

2016-04-08 14:10:13 params :
------------
Array:
rule : -2 ;
module :  ;
message : Array ;

2016-04-08 14:10:13 response :
------------

2016-04-08 14:14:42 trace :
------------
Array:
from : oqCObuPe9kx8Pd83yDV7nAigUSZ0 ;
to : gh_5013f37369ce ;
time : 1460096100 ;
type : event ;
event : subscribe ;
tousername : gh_5013f37369ce ;
fromusername : oqCObuPe9kx8Pd83yDV7nAigUSZ0 ;
createtime : 1460096100 ;
msgtype : event ;
eventkey :  ;

2016-04-08 14:14:42 params :
------------
Array:
rule : -2 ;
module :  ;
message : Array ;

2016-04-08 14:14:42 response :
------------

2016-04-08 14:15:45 trace :
------------
Array:
from : oqCObuPe9kx8Pd83yDV7nAigUSZ0 ;
to : gh_5013f37369ce ;
time : 1460096162 ;
type : event ;
event : VIEW ;
tousername : gh_5013f37369ce ;
fromusername : oqCObuPe9kx8Pd83yDV7nAigUSZ0 ;
createtime : 1460096162 ;
msgtype : event ;
eventkey : http://mp.weixin.qq.com/s?__biz=MzA5MzE5NzExNw==&mid=10001097&idx=1&sn=8338ffe385dcd8dd1f376fc1a2fd50ff&scene=18#rd ;
menuid : 208007648 ;

2016-04-08 14:15:45 params :
------------
Array:
rule : -2 ;
module :  ;
message : Array ;

2016-04-08 14:15:45 response :
------------

2016-04-08 14:15:51 trace :
------------
Array:
from : oqCObuPe9kx8Pd83yDV7nAigUSZ0 ;
to : gh_5013f37369ce ;
time : 1460096168 ;
type : event ;
event : VIEW ;
tousername : gh_5013f37369ce ;
fromusername : oqCObuPe9kx8Pd83yDV7nAigUSZ0 ;
createtime : 1460096168 ;
msgtype : event ;
eventkey : http://mp.weixin.qq.com/s?__biz=MzA5MzE5NzExNw==&mid=10001097&idx=1&sn=8338ffe385dcd8dd1f376fc1a2fd50ff&scene=18#rd ;
menuid : 208007648 ;

2016-04-08 14:15:51 params :
------------
Array:
rule : -2 ;
module :  ;
message : Array ;

2016-04-08 14:15:51 response :
------------

2016-04-08 15:03:07 trace :
------------
Array:
from : oqCObuDDMbIxS-jKp3auly8HzxXk ;
to : gh_5013f37369ce ;
time : 1460099004 ;
type : event ;
event : VIEW ;
tousername : gh_5013f37369ce ;
fromusername : oqCObuDDMbIxS-jKp3auly8HzxXk ;
createtime : 1460099004 ;
msgtype : event ;
eventkey : http://mp.weixin.qq.com/s?__biz=MzA5MzE5NzExNw==&mid=10001097&idx=1&sn=8338ffe385dcd8dd1f376fc1a2fd50ff&scene=18#rd ;
menuid : 208007648 ;

2016-04-08 15:03:07 params :
------------
Array:
rule : -2 ;
module :  ;
message : Array ;

2016-04-08 15:03:07 response :
------------

2016-04-08 16:27:45 trace :
------------
Array:
from : oqCObuJMj99Ch3WYItEwsnaefEHs ;
to : gh_5013f37369ce ;
time : 1460104079 ;
type : event ;
event : subscribe ;
tousername : gh_5013f37369ce ;
fromusername : oqCObuJMj99Ch3WYItEwsnaefEHs ;
createtime : 1460104079 ;
msgtype : event ;
eventkey :  ;

2016-04-08 16:27:45 params :
------------
Array:
rule : -2 ;
module :  ;
message : Array ;

2016-04-08 16:27:45 response :
------------

2016-04-08 16:27:47 trace :
------------
Array:
from : oqCObuJMj99Ch3WYItEwsnaefEHs ;
to : gh_5013f37369ce ;
time : 1460104084 ;
type : event ;
event : VIEW ;
tousername : gh_5013f37369ce ;
fromusername : oqCObuJMj99Ch3WYItEwsnaefEHs ;
createtime : 1460104084 ;
msgtype : event ;
eventkey : http://mp.weixin.qq.com/s?__biz=MzA5MzE5NzExNw==&mid=10001097&idx=1&sn=8338ffe385dcd8dd1f376fc1a2fd50ff&scene=18#rd ;
menuid : 208007648 ;

2016-04-08 16:27:47 params :
------------
Array:
rule : -2 ;
module :  ;
message : Array ;

2016-04-08 16:27:47 response :
------------

2016-04-08 16:28:18 trace :
------------
Array:
from : oqCObuJMj99Ch3WYItEwsnaefEHs ;
to : gh_5013f37369ce ;
time : 1460104115 ;
type : event ;
event : VIEW ;
tousername : gh_5013f37369ce ;
fromusername : oqCObuJMj99Ch3WYItEwsnaefEHs ;
createtime : 1460104115 ;
msgtype : event ;
eventkey : http://mp.weixin.qq.com/s?__biz=MzA5MzE5NzExNw==&mid=10001097&idx=1&sn=8338ffe385dcd8dd1f376fc1a2fd50ff&scene=18#rd ;
menuid : 208007648 ;

2016-04-08 16:28:18 params :
------------
Array:
rule : -2 ;
module :  ;
message : Array ;

2016-04-08 16:28:18 response :
------------

2016-04-08 16:29:25 trace :
------------
Array:
from : oqCObuJMj99Ch3WYItEwsnaefEHs ;
to : gh_5013f37369ce ;
time : 1460104183 ;
type : event ;
event : VIEW ;
tousername : gh_5013f37369ce ;
fromusername : oqCObuJMj99Ch3WYItEwsnaefEHs ;
createtime : 1460104183 ;
msgtype : event ;
eventkey : http://mp.weixin.qq.com/s?__biz=MzA5MzE5NzExNw==&mid=10001097&idx=1&sn=8338ffe385dcd8dd1f376fc1a2fd50ff&scene=18#rd ;
menuid : 208007648 ;

2016-04-08 16:29:26 params :
------------
Array:
rule : -2 ;
module :  ;
message : Array ;

2016-04-08 16:29:26 response :
------------

2016-04-08 16:29:33 trace :
------------
Array:
from : oqCObuJMj99Ch3WYItEwsnaefEHs ;
to : gh_5013f37369ce ;
time : 1460104190 ;
type : event ;
event : VIEW ;
tousername : gh_5013f37369ce ;
fromusername : oqCObuJMj99Ch3WYItEwsnaefEHs ;
createtime : 1460104190 ;
msgtype : event ;
eventkey : http://mp.weixin.qq.com/s?__biz=MzA5MzE5NzExNw==&mid=10001097&idx=1&sn=8338ffe385dcd8dd1f376fc1a2fd50ff&scene=18#rd ;
menuid : 208007648 ;

2016-04-08 16:29:33 params :
------------
Array:
rule : -2 ;
module :  ;
message : Array ;

2016-04-08 16:29:33 response :
------------

2016-04-08 16:36:20 trace :
------------
Array:
from : oqCObuD5nB-rh9kAaOCMPEhT5qjI ;
to : gh_5013f37369ce ;
time : 1460104597 ;
type : event ;
event : VIEW ;
tousername : gh_5013f37369ce ;
fromusername : oqCObuD5nB-rh9kAaOCMPEhT5qjI ;
createtime : 1460104597 ;
msgtype : event ;
eventkey : http://mp.weixin.qq.com/s?__biz=MzA5MzE5NzExNw==&mid=10001097&idx=1&sn=8338ffe385dcd8dd1f376fc1a2fd50ff&scene=18#rd ;
menuid : 208007648 ;

2016-04-08 16:36:20 params :
------------
Array:
rule : -2 ;
module :  ;
message : Array ;

2016-04-08 16:36:20 response :
------------

2016-04-08 18:35:49 trace :
------------
Array:
from : oqCObuFSmEgbuJwqftpKsWMETSSo ;
to : gh_5013f37369ce ;
time : 1460111766 ;
type : event ;
event : VIEW ;
tousername : gh_5013f37369ce ;
fromusername : oqCObuFSmEgbuJwqftpKsWMETSSo ;
createtime : 1460111766 ;
msgtype : event ;
eventkey : http://mp.weixin.qq.com/s?__biz=MzA5MzE5NzExNw==&mid=10001097&idx=1&sn=8338ffe385dcd8dd1f376fc1a2fd50ff&scene=18#rd ;
menuid : 208007648 ;

2016-04-08 18:35:49 params :
------------
Array:
rule : -2 ;
module :  ;
message : Array ;

2016-04-08 18:35:49 response :
------------

2016-04-08 18:43:05 trace :
------------
Array:
from : oqCObuFSmEgbuJwqftpKsWMETSSo ;
to : gh_5013f37369ce ;
time : 1460112203 ;
type : event ;
event : VIEW ;
tousername : gh_5013f37369ce ;
fromusername : oqCObuFSmEgbuJwqftpKsWMETSSo ;
createtime : 1460112203 ;
msgtype : event ;
eventkey : http://mp.weixin.qq.com/s?__biz=MzA5MzE5NzExNw==&mid=10001097&idx=1&sn=8338ffe385dcd8dd1f376fc1a2fd50ff&scene=18#rd ;
menuid : 208007648 ;

2016-04-08 18:43:05 params :
------------
Array:
rule : -2 ;
module :  ;
message : Array ;

2016-04-08 18:43:05 response :
------------

2016-04-08 18:43:11 trace :
------------
Array:
from : oqCObuFSmEgbuJwqftpKsWMETSSo ;
to : gh_5013f37369ce ;
time : 1460112208 ;
type : event ;
event : VIEW ;
tousername : gh_5013f37369ce ;
fromusername : oqCObuFSmEgbuJwqftpKsWMETSSo ;
createtime : 1460112208 ;
msgtype : event ;
eventkey : http://mp.weixin.qq.com/s?__biz=MzA5MzE5NzExNw==&mid=10001097&idx=1&sn=8338ffe385dcd8dd1f376fc1a2fd50ff&scene=18#rd ;
menuid : 208007648 ;

2016-04-08 18:43:11 params :
------------
Array:
rule : -2 ;
module :  ;
message : Array ;

2016-04-08 18:43:11 response :
------------

2016-04-08 18:43:48 trace :
------------
Array:
from : oqCObuFSmEgbuJwqftpKsWMETSSo ;
to : gh_5013f37369ce ;
time : 1460112245 ;
type : event ;
event : VIEW ;
tousername : gh_5013f37369ce ;
fromusername : oqCObuFSmEgbuJwqftpKsWMETSSo ;
createtime : 1460112245 ;
msgtype : event ;
eventkey : http://mp.weixin.qq.com/s?__biz=MzA5MzE5NzExNw==&mid=10001097&idx=1&sn=8338ffe385dcd8dd1f376fc1a2fd50ff&scene=18#rd ;
menuid : 208007648 ;

2016-04-08 18:43:48 params :
------------
Array:
rule : -2 ;
module :  ;
message : Array ;

2016-04-08 18:43:48 response :
------------

2016-04-08 18:43:54 trace :
------------
Array:
from : oqCObuFSmEgbuJwqftpKsWMETSSo ;
to : gh_5013f37369ce ;
time : 1460112252 ;
type : event ;
event : VIEW ;
tousername : gh_5013f37369ce ;
fromusername : oqCObuFSmEgbuJwqftpKsWMETSSo ;
createtime : 1460112252 ;
msgtype : event ;
eventkey : http://mp.weixin.qq.com/s?__biz=MzA5MzE5NzExNw==&mid=10001097&idx=1&sn=8338ffe385dcd8dd1f376fc1a2fd50ff&scene=18#rd ;
menuid : 208007648 ;

2016-04-08 18:43:54 params :
------------
Array:
rule : -2 ;
module :  ;
message : Array ;

2016-04-08 18:43:54 response :
------------

2016-04-08 18:44:00 trace :
------------
Array:
from : oqCObuFSmEgbuJwqftpKsWMETSSo ;
to : gh_5013f37369ce ;
time : 1460112257 ;
type : event ;
event : VIEW ;
tousername : gh_5013f37369ce ;
fromusername : oqCObuFSmEgbuJwqftpKsWMETSSo ;
createtime : 1460112257 ;
msgtype : event ;
eventkey : http://mp.weixin.qq.com/s?__biz=MzA5MzE5NzExNw==&mid=10001097&idx=1&sn=8338ffe385dcd8dd1f376fc1a2fd50ff&scene=18#rd ;
menuid : 208007648 ;

2016-04-08 18:44:00 params :
------------
Array:
rule : -2 ;
module :  ;
message : Array ;

2016-04-08 18:44:00 response :
------------

2016-04-08 21:12:48 trace :
------------
Array:
from : oqCObuIggK-15YnwXoRaH9yI4EVk ;
to : gh_5013f37369ce ;
time : 1460121186 ;
type : event ;
event : subscribe ;
tousername : gh_5013f37369ce ;
fromusername : oqCObuIggK-15YnwXoRaH9yI4EVk ;
createtime : 1460121186 ;
msgtype : event ;
eventkey :  ;

2016-04-08 21:12:48 params :
------------
Array:
rule : -2 ;
module :  ;
message : Array ;

2016-04-08 21:12:48 response :
------------

2016-04-08 21:12:54 trace :
------------
Array:
from : oqCObuIggK-15YnwXoRaH9yI4EVk ;
to : gh_5013f37369ce ;
time : 1460121192 ;
type : event ;
event : VIEW ;
tousername : gh_5013f37369ce ;
fromusername : oqCObuIggK-15YnwXoRaH9yI4EVk ;
createtime : 1460121192 ;
msgtype : event ;
eventkey : http://mp.weixin.qq.com/s?__biz=MzA5MzE5NzExNw==&mid=10001097&idx=1&sn=8338ffe385dcd8dd1f376fc1a2fd50ff&scene=18#rd ;
menuid : 208007648 ;

2016-04-08 21:12:54 params :
------------
Array:
rule : -2 ;
module :  ;
message : Array ;

2016-04-08 21:12:54 response :
------------

2016-04-08 23:34:45 trace :
------------
Array:
from : oqCObuMJgiZzBEu5yDu96VRq8VbU ;
to : gh_5013f37369ce ;
time : 1460129702 ;
type : event ;
event : VIEW ;
tousername : gh_5013f37369ce ;
fromusername : oqCObuMJgiZzBEu5yDu96VRq8VbU ;
createtime : 1460129702 ;
msgtype : event ;
eventkey : http://mp.weixin.qq.com/s?__biz=MzA5MzE5NzExNw==&mid=10001097&idx=1&sn=8338ffe385dcd8dd1f376fc1a2fd50ff&scene=18#rd ;
menuid : 208007648 ;

2016-04-08 23:34:45 params :
------------
Array:
rule : -2 ;
module :  ;
message : Array ;

2016-04-08 23:34:45 response :
------------

