2016-02-28 02:55:59 trace :
------------
Array:
from : oqCObuLBjt-C3Nh1UuK-AHCT2jRE ;
to : gh_5013f37369ce ;
time : 1456599368 ;
type : event ;
event : subscribe ;
tousername : gh_5013f37369ce ;
fromusername : oqCObuLBjt-C3Nh1UuK-AHCT2jRE ;
createtime : 1456599368 ;
msgtype : event ;
eventkey :  ;

2016-02-28 02:55:59 params :
------------
Array:
rule : -2 ;
module :  ;
message : Array ;

2016-02-28 02:55:59 response :
------------

2016-02-28 02:56:09 trace :
------------
Array:
from : oqCObuLBjt-C3Nh1UuK-AHCT2jRE ;
to : gh_5013f37369ce ;
time : 1456599378 ;
type : event ;
event : VIEW ;
tousername : gh_5013f37369ce ;
fromusername : oqCObuLBjt-C3Nh1UuK-AHCT2jRE ;
createtime : 1456599378 ;
msgtype : event ;
eventkey : http://mp.weixin.qq.com/s?__biz=MzA5MzE5NzExNw==&mid=10001097&idx=1&sn=8338ffe385dcd8dd1f376fc1a2fd50ff&scene=18#rd ;
menuid : 208007648 ;

2016-02-28 02:56:09 params :
------------
Array:
rule : -2 ;
module :  ;
message : Array ;

2016-02-28 02:56:09 response :
------------

2016-02-28 02:56:15 trace :
------------
Array:
from : oqCObuLBjt-C3Nh1UuK-AHCT2jRE ;
to : gh_5013f37369ce ;
time : 1456599384 ;
type : event ;
event : VIEW ;
tousername : gh_5013f37369ce ;
fromusername : oqCObuLBjt-C3Nh1UuK-AHCT2jRE ;
createtime : 1456599384 ;
msgtype : event ;
eventkey : http://mp.weixin.qq.com/s?__biz=MzA5MzE5NzExNw==&mid=10001097&idx=1&sn=8338ffe385dcd8dd1f376fc1a2fd50ff&scene=18#rd ;
menuid : 208007648 ;

2016-02-28 02:56:15 params :
------------
Array:
rule : -2 ;
module :  ;
message : Array ;

2016-02-28 02:56:15 response :
------------

2016-02-28 11:13:31 trace :
------------
Array:
from : oqCObuGo3mcQzI0PQb8UdzOCuY1Q ;
to : gh_5013f37369ce ;
time : 1456629221 ;
type : event ;
event : subscribe ;
tousername : gh_5013f37369ce ;
fromusername : oqCObuGo3mcQzI0PQb8UdzOCuY1Q ;
createtime : 1456629221 ;
msgtype : event ;
eventkey :  ;

2016-02-28 11:13:31 params :
------------
Array:
rule : -2 ;
module :  ;
message : Array ;

2016-02-28 11:13:31 response :
------------

2016-02-28 11:13:40 trace :
------------
Array:
from : oqCObuEQPfUzudzTjlVW_FtXLlow ;
to : gh_5013f37369ce ;
time : 1456629226 ;
type : event ;
event : subscribe ;
tousername : gh_5013f37369ce ;
fromusername : oqCObuEQPfUzudzTjlVW_FtXLlow ;
createtime : 1456629226 ;
msgtype : event ;
eventkey :  ;

2016-02-28 11:13:40 params :
------------
Array:
rule : -2 ;
module :  ;
message : Array ;

2016-02-28 11:13:40 response :
------------

2016-02-28 11:14:21 trace :
------------
Array:
from : oqCObuAS1Yga5dgmCTH2ME84yAZY ;
to : gh_5013f37369ce ;
time : 1456629267 ;
type : event ;
event : subscribe ;
tousername : gh_5013f37369ce ;
fromusername : oqCObuAS1Yga5dgmCTH2ME84yAZY ;
createtime : 1456629267 ;
msgtype : event ;
eventkey :  ;

2016-02-28 11:14:21 params :
------------
Array:
rule : -2 ;
module :  ;
message : Array ;

2016-02-28 11:14:21 response :
------------

2016-02-28 11:14:28 trace :
------------
Array:
from : oqCObuPPXUT3Ljit6RsewamMIvMk ;
to : gh_5013f37369ce ;
time : 1456629277 ;
type : event ;
event : subscribe ;
tousername : gh_5013f37369ce ;
fromusername : oqCObuPPXUT3Ljit6RsewamMIvMk ;
createtime : 1456629277 ;
msgtype : event ;
eventkey :  ;

2016-02-28 11:14:28 params :
------------
Array:
rule : -2 ;
module :  ;
message : Array ;

2016-02-28 11:14:28 response :
------------

2016-02-28 11:14:32 trace :
------------
Array:
from : oqCObuPPXUT3Ljit6RsewamMIvMk ;
to : gh_5013f37369ce ;
time : 1456629282 ;
type : event ;
event : VIEW ;
tousername : gh_5013f37369ce ;
fromusername : oqCObuPPXUT3Ljit6RsewamMIvMk ;
createtime : 1456629282 ;
msgtype : event ;
eventkey : http://mp.weixin.qq.com/s?__biz=MzA5MzE5NzExNw==&mid=10001097&idx=1&sn=8338ffe385dcd8dd1f376fc1a2fd50ff&scene=18#rd ;
menuid : 208007648 ;

2016-02-28 11:14:32 params :
------------
Array:
rule : -2 ;
module :  ;
message : Array ;

2016-02-28 11:14:32 response :
------------

2016-02-28 11:14:34 trace :
------------
Array:
from : oqCObuLihXhdj85JjpwAZvxuDRwc ;
to : gh_5013f37369ce ;
time : 1456629281 ;
type : event ;
event : subscribe ;
tousername : gh_5013f37369ce ;
fromusername : oqCObuLihXhdj85JjpwAZvxuDRwc ;
createtime : 1456629281 ;
msgtype : event ;
eventkey :  ;

2016-02-28 11:14:34 params :
------------
Array:
rule : -2 ;
module :  ;
message : Array ;

2016-02-28 11:14:34 response :
------------

2016-02-28 11:14:53 trace :
------------
Array:
from : oqCObuFR2jKvhHmKId50wh3bFuGc ;
to : gh_5013f37369ce ;
time : 1456629302 ;
type : event ;
event : subscribe ;
tousername : gh_5013f37369ce ;
fromusername : oqCObuFR2jKvhHmKId50wh3bFuGc ;
createtime : 1456629302 ;
msgtype : event ;
eventkey :  ;

2016-02-28 11:14:53 params :
------------
Array:
rule : -2 ;
module :  ;
message : Array ;

2016-02-28 11:14:53 response :
------------

2016-02-28 11:15:02 trace :
------------
Array:
from : oqCObuAS1Yga5dgmCTH2ME84yAZY ;
to : gh_5013f37369ce ;
time : 1456629311 ;
type : event ;
event : VIEW ;
tousername : gh_5013f37369ce ;
fromusername : oqCObuAS1Yga5dgmCTH2ME84yAZY ;
createtime : 1456629311 ;
msgtype : event ;
eventkey : http://mp.weixin.qq.com/s?__biz=MzA5MzE5NzExNw==&mid=10001097&idx=1&sn=8338ffe385dcd8dd1f376fc1a2fd50ff&scene=18#rd ;
menuid : 208007648 ;

2016-02-28 11:15:02 params :
------------
Array:
rule : -2 ;
module :  ;
message : Array ;

2016-02-28 11:15:02 response :
------------

2016-02-28 11:15:12 trace :
------------
Array:
from : oqCObuAS1Yga5dgmCTH2ME84yAZY ;
to : gh_5013f37369ce ;
time : 1456629319 ;
type : event ;
event : VIEW ;
tousername : gh_5013f37369ce ;
fromusername : oqCObuAS1Yga5dgmCTH2ME84yAZY ;
createtime : 1456629319 ;
msgtype : event ;
eventkey : http://mp.weixin.qq.com/s?__biz=MzA5MzE5NzExNw==&mid=10001097&idx=1&sn=8338ffe385dcd8dd1f376fc1a2fd50ff&scene=18#rd ;
menuid : 208007648 ;

2016-02-28 11:15:12 params :
------------
Array:
rule : -2 ;
module :  ;
message : Array ;

2016-02-28 11:15:12 response :
------------

2016-02-28 11:15:17 trace :
------------
Array:
from : oqCObuCzy_ItMflMffu_XLIWI-Ns ;
to : gh_5013f37369ce ;
time : 1456629327 ;
type : event ;
event : subscribe ;
tousername : gh_5013f37369ce ;
fromusername : oqCObuCzy_ItMflMffu_XLIWI-Ns ;
createtime : 1456629327 ;
msgtype : event ;
eventkey :  ;

2016-02-28 11:15:17 params :
------------
Array:
rule : -2 ;
module :  ;
message : Array ;

2016-02-28 11:15:17 response :
------------

2016-02-28 11:16:19 trace :
------------
Array:
from : oqCObuAS1Yga5dgmCTH2ME84yAZY ;
to : gh_5013f37369ce ;
time : 1456629389 ;
type : event ;
event : VIEW ;
tousername : gh_5013f37369ce ;
fromusername : oqCObuAS1Yga5dgmCTH2ME84yAZY ;
createtime : 1456629389 ;
msgtype : event ;
eventkey : http://mp.weixin.qq.com/s?__biz=MzA5MzE5NzExNw==&mid=10001097&idx=1&sn=8338ffe385dcd8dd1f376fc1a2fd50ff&scene=18#rd ;
menuid : 208007648 ;

2016-02-28 11:16:19 params :
------------
Array:
rule : -2 ;
module :  ;
message : Array ;

2016-02-28 11:16:19 response :
------------

2016-02-28 11:16:28 trace :
------------
Array:
from : oqCObuEQPfUzudzTjlVW_FtXLlow ;
to : gh_5013f37369ce ;
time : 1456629398 ;
type : text ;
event :  ;
tousername : gh_5013f37369ce ;
fromusername : oqCObuEQPfUzudzTjlVW_FtXLlow ;
createtime : 1456629398 ;
msgtype : text ;
content : /::) ;
msgid : 6256175627204334654 ;
redirection :  ;
source :  ;

2016-02-28 11:16:28 params :
------------
Array:
rule : -2 ;
module :  ;
message : Array ;

2016-02-28 11:16:28 response :
------------

2016-02-28 11:16:48 trace :
------------
Array:
from : oqCObuPPXUT3Ljit6RsewamMIvMk ;
to : gh_5013f37369ce ;
time : 1456629418 ;
type : event ;
event : VIEW ;
tousername : gh_5013f37369ce ;
fromusername : oqCObuPPXUT3Ljit6RsewamMIvMk ;
createtime : 1456629418 ;
msgtype : event ;
eventkey : http://mp.weixin.qq.com/s?__biz=MzA5MzE5NzExNw==&mid=10001097&idx=1&sn=8338ffe385dcd8dd1f376fc1a2fd50ff&scene=18#rd ;
menuid : 208007648 ;

2016-02-28 11:16:48 params :
------------
Array:
rule : -2 ;
module :  ;
message : Array ;

2016-02-28 11:16:48 response :
------------

2016-02-28 11:16:49 trace :
------------
Array:
from : oqCObuEQPfUzudzTjlVW_FtXLlow ;
to : gh_5013f37369ce ;
time : 1456629418 ;
type : event ;
event : VIEW ;
tousername : gh_5013f37369ce ;
fromusername : oqCObuEQPfUzudzTjlVW_FtXLlow ;
createtime : 1456629418 ;
msgtype : event ;
eventkey : http://mp.weixin.qq.com/s?__biz=MzA5MzE5NzExNw==&mid=10001097&idx=1&sn=8338ffe385dcd8dd1f376fc1a2fd50ff&scene=18#rd ;
menuid : 208007648 ;

2016-02-28 11:16:49 params :
------------
Array:
rule : -2 ;
module :  ;
message : Array ;

2016-02-28 11:16:49 response :
------------

2016-02-28 11:16:49 trace :
------------
Array:
from : oqCObuAS1Yga5dgmCTH2ME84yAZY ;
to : gh_5013f37369ce ;
time : 1456629419 ;
type : event ;
event : VIEW ;
tousername : gh_5013f37369ce ;
fromusername : oqCObuAS1Yga5dgmCTH2ME84yAZY ;
createtime : 1456629419 ;
msgtype : event ;
eventkey : http://mp.weixin.qq.com/s?__biz=MzA5MzE5NzExNw==&mid=10001097&idx=1&sn=8338ffe385dcd8dd1f376fc1a2fd50ff&scene=18#rd ;
menuid : 208007648 ;

2016-02-28 11:16:49 params :
------------
Array:
rule : -2 ;
module :  ;
message : Array ;

2016-02-28 11:16:49 response :
------------

2016-02-28 11:16:58 trace :
------------
Array:
from : oqCObuAS1Yga5dgmCTH2ME84yAZY ;
to : gh_5013f37369ce ;
time : 1456629428 ;
type : event ;
event : VIEW ;
tousername : gh_5013f37369ce ;
fromusername : oqCObuAS1Yga5dgmCTH2ME84yAZY ;
createtime : 1456629428 ;
msgtype : event ;
eventkey : http://mp.weixin.qq.com/s?__biz=MzA5MzE5NzExNw==&mid=10001097&idx=1&sn=8338ffe385dcd8dd1f376fc1a2fd50ff&scene=18#rd ;
menuid : 208007648 ;

2016-02-28 11:16:58 params :
------------
Array:
rule : -2 ;
module :  ;
message : Array ;

2016-02-28 11:16:58 response :
------------

2016-02-28 11:17:01 trace :
------------
Array:
from : oqCObuEQPfUzudzTjlVW_FtXLlow ;
to : gh_5013f37369ce ;
time : 1456629430 ;
type : event ;
event : VIEW ;
tousername : gh_5013f37369ce ;
fromusername : oqCObuEQPfUzudzTjlVW_FtXLlow ;
createtime : 1456629430 ;
msgtype : event ;
eventkey : http://mp.weixin.qq.com/s?__biz=MzA5MzE5NzExNw==&mid=10001097&idx=1&sn=8338ffe385dcd8dd1f376fc1a2fd50ff&scene=18#rd ;
menuid : 208007648 ;

2016-02-28 11:17:01 params :
------------
Array:
rule : -2 ;
module :  ;
message : Array ;

2016-02-28 11:17:01 response :
------------

2016-02-28 11:17:23 trace :
------------
Array:
from : oqCObuEQPfUzudzTjlVW_FtXLlow ;
to : gh_5013f37369ce ;
time : 1456629453 ;
type : event ;
event : VIEW ;
tousername : gh_5013f37369ce ;
fromusername : oqCObuEQPfUzudzTjlVW_FtXLlow ;
createtime : 1456629453 ;
msgtype : event ;
eventkey : http://mp.weixin.qq.com/s?__biz=MzA5MzE5NzExNw==&mid=10001097&idx=1&sn=8338ffe385dcd8dd1f376fc1a2fd50ff&scene=18#rd ;
menuid : 208007648 ;

2016-02-28 11:17:23 params :
------------
Array:
rule : -2 ;
module :  ;
message : Array ;

2016-02-28 11:17:23 response :
------------

2016-02-28 11:17:33 trace :
------------
Array:
from : oqCObuAS1Yga5dgmCTH2ME84yAZY ;
to : gh_5013f37369ce ;
time : 1456629462 ;
type : event ;
event : VIEW ;
tousername : gh_5013f37369ce ;
fromusername : oqCObuAS1Yga5dgmCTH2ME84yAZY ;
createtime : 1456629462 ;
msgtype : event ;
eventkey : http://mp.weixin.qq.com/s?__biz=MzA5MzE5NzExNw==&mid=10001097&idx=1&sn=8338ffe385dcd8dd1f376fc1a2fd50ff&scene=18#rd ;
menuid : 208007648 ;

2016-02-28 11:17:33 params :
------------
Array:
rule : -2 ;
module :  ;
message : Array ;

2016-02-28 11:17:33 response :
------------

2016-02-28 11:18:28 trace :
------------
Array:
from : oqCObuEQPfUzudzTjlVW_FtXLlow ;
to : gh_5013f37369ce ;
time : 1456629518 ;
type : event ;
event : VIEW ;
tousername : gh_5013f37369ce ;
fromusername : oqCObuEQPfUzudzTjlVW_FtXLlow ;
createtime : 1456629518 ;
msgtype : event ;
eventkey : http://mp.weixin.qq.com/s?__biz=MzA5MzE5NzExNw==&mid=10001097&idx=1&sn=8338ffe385dcd8dd1f376fc1a2fd50ff&scene=18#rd ;
menuid : 208007648 ;

2016-02-28 11:18:28 params :
------------
Array:
rule : -2 ;
module :  ;
message : Array ;

2016-02-28 11:18:28 response :
------------

2016-02-28 11:25:15 trace :
------------
Array:
from : oqCObuCzy_ItMflMffu_XLIWI-Ns ;
to : gh_5013f37369ce ;
time : 1456629925 ;
type : event ;
event : VIEW ;
tousername : gh_5013f37369ce ;
fromusername : oqCObuCzy_ItMflMffu_XLIWI-Ns ;
createtime : 1456629925 ;
msgtype : event ;
eventkey : http://mp.weixin.qq.com/s?__biz=MzA5MzE5NzExNw==&mid=10001097&idx=1&sn=8338ffe385dcd8dd1f376fc1a2fd50ff&scene=18#rd ;
menuid : 208007648 ;

2016-02-28 11:25:15 params :
------------
Array:
rule : -2 ;
module :  ;
message : Array ;

2016-02-28 11:25:15 response :
------------

2016-02-28 11:25:41 trace :
------------
Array:
from : oqCObuCzy_ItMflMffu_XLIWI-Ns ;
to : gh_5013f37369ce ;
time : 1456629951 ;
type : event ;
event : VIEW ;
tousername : gh_5013f37369ce ;
fromusername : oqCObuCzy_ItMflMffu_XLIWI-Ns ;
createtime : 1456629951 ;
msgtype : event ;
eventkey : http://mp.weixin.qq.com/s?__biz=MzA5MzE5NzExNw==&mid=10001097&idx=1&sn=8338ffe385dcd8dd1f376fc1a2fd50ff&scene=18#rd ;
menuid : 208007648 ;

2016-02-28 11:25:41 params :
------------
Array:
rule : -2 ;
module :  ;
message : Array ;

2016-02-28 11:25:41 response :
------------

2016-02-28 11:32:03 trace :
------------
Array:
from : oqCObuCzy_ItMflMffu_XLIWI-Ns ;
to : gh_5013f37369ce ;
time : 1456630333 ;
type : event ;
event : VIEW ;
tousername : gh_5013f37369ce ;
fromusername : oqCObuCzy_ItMflMffu_XLIWI-Ns ;
createtime : 1456630333 ;
msgtype : event ;
eventkey : http://mp.weixin.qq.com/s?__biz=MzA5MzE5NzExNw==&mid=10001097&idx=1&sn=8338ffe385dcd8dd1f376fc1a2fd50ff&scene=18#rd ;
menuid : 208007648 ;

2016-02-28 11:32:03 params :
------------
Array:
rule : -2 ;
module :  ;
message : Array ;

2016-02-28 11:32:03 response :
------------

2016-02-28 11:54:36 trace :
------------
Array:
from : oqCObuJiYFIz7EyQ60H_bApxfghU ;
to : gh_5013f37369ce ;
time : 1456631686 ;
type : event ;
event : subscribe ;
tousername : gh_5013f37369ce ;
fromusername : oqCObuJiYFIz7EyQ60H_bApxfghU ;
createtime : 1456631686 ;
msgtype : event ;
eventkey :  ;

2016-02-28 11:54:36 params :
------------
Array:
rule : -2 ;
module :  ;
message : Array ;

2016-02-28 11:54:36 response :
------------

2016-02-28 11:55:19 trace :
------------
Array:
from : oqCObuJiYFIz7EyQ60H_bApxfghU ;
to : gh_5013f37369ce ;
time : 1456631729 ;
type : event ;
event : VIEW ;
tousername : gh_5013f37369ce ;
fromusername : oqCObuJiYFIz7EyQ60H_bApxfghU ;
createtime : 1456631729 ;
msgtype : event ;
eventkey : http://mp.weixin.qq.com/s?__biz=MzA5MzE5NzExNw==&mid=10001097&idx=1&sn=8338ffe385dcd8dd1f376fc1a2fd50ff&scene=18#rd ;
menuid : 208007648 ;

2016-02-28 11:55:19 params :
------------
Array:
rule : -2 ;
module :  ;
message : Array ;

2016-02-28 11:55:19 response :
------------

2016-02-28 11:55:25 trace :
------------
Array:
from : oqCObuJiYFIz7EyQ60H_bApxfghU ;
to : gh_5013f37369ce ;
time : 1456631734 ;
type : event ;
event : VIEW ;
tousername : gh_5013f37369ce ;
fromusername : oqCObuJiYFIz7EyQ60H_bApxfghU ;
createtime : 1456631734 ;
msgtype : event ;
eventkey : http://mp.weixin.qq.com/s?__biz=MzA5MzE5NzExNw==&mid=10001097&idx=1&sn=8338ffe385dcd8dd1f376fc1a2fd50ff&scene=18#rd ;
menuid : 208007648 ;

2016-02-28 11:55:25 params :
------------
Array:
rule : -2 ;
module :  ;
message : Array ;

2016-02-28 11:55:25 response :
------------

2016-02-28 11:56:45 trace :
------------
Array:
from : oqCObuJiYFIz7EyQ60H_bApxfghU ;
to : gh_5013f37369ce ;
time : 1456631811 ;
type : event ;
event : VIEW ;
tousername : gh_5013f37369ce ;
fromusername : oqCObuJiYFIz7EyQ60H_bApxfghU ;
createtime : 1456631811 ;
msgtype : event ;
eventkey : http://mp.weixin.qq.com/s?__biz=MzA5MzE5NzExNw==&mid=10001097&idx=1&sn=8338ffe385dcd8dd1f376fc1a2fd50ff&scene=18#rd ;
menuid : 208007648 ;

2016-02-28 11:56:45 params :
------------
Array:
rule : -2 ;
module :  ;
message : Array ;

2016-02-28 11:56:45 response :
------------

2016-02-28 11:57:10 trace :
------------
Array:
from : oqCObuJiYFIz7EyQ60H_bApxfghU ;
to : gh_5013f37369ce ;
time : 1456631840 ;
type : event ;
event : VIEW ;
tousername : gh_5013f37369ce ;
fromusername : oqCObuJiYFIz7EyQ60H_bApxfghU ;
createtime : 1456631840 ;
msgtype : event ;
eventkey : http://mp.weixin.qq.com/s?__biz=MzA5MzE5NzExNw==&mid=10001097&idx=1&sn=8338ffe385dcd8dd1f376fc1a2fd50ff&scene=18#rd ;
menuid : 208007648 ;

2016-02-28 11:57:10 params :
------------
Array:
rule : -2 ;
module :  ;
message : Array ;

2016-02-28 11:57:10 response :
------------

2016-02-28 11:58:01 trace :
------------
Array:
from : oqCObuJiYFIz7EyQ60H_bApxfghU ;
to : gh_5013f37369ce ;
time : 1456631890 ;
type : event ;
event : VIEW ;
tousername : gh_5013f37369ce ;
fromusername : oqCObuJiYFIz7EyQ60H_bApxfghU ;
createtime : 1456631890 ;
msgtype : event ;
eventkey : http://mp.weixin.qq.com/s?__biz=MzA5MzE5NzExNw==&mid=10001097&idx=1&sn=8338ffe385dcd8dd1f376fc1a2fd50ff&scene=18#rd ;
menuid : 208007648 ;

2016-02-28 11:58:01 params :
------------
Array:
rule : -2 ;
module :  ;
message : Array ;

2016-02-28 11:58:01 response :
------------

2016-02-28 11:58:06 trace :
------------
Array:
from : oqCObuJiYFIz7EyQ60H_bApxfghU ;
to : gh_5013f37369ce ;
time : 1456631896 ;
type : event ;
event : VIEW ;
tousername : gh_5013f37369ce ;
fromusername : oqCObuJiYFIz7EyQ60H_bApxfghU ;
createtime : 1456631896 ;
msgtype : event ;
eventkey : http://mp.weixin.qq.com/s?__biz=MzA5MzE5NzExNw==&mid=10001097&idx=1&sn=8338ffe385dcd8dd1f376fc1a2fd50ff&scene=18#rd ;
menuid : 208007648 ;

2016-02-28 11:58:06 params :
------------
Array:
rule : -2 ;
module :  ;
message : Array ;

2016-02-28 11:58:06 response :
------------

2016-02-28 11:58:15 trace :
------------
Array:
from : oqCObuJiYFIz7EyQ60H_bApxfghU ;
to : gh_5013f37369ce ;
time : 1456631901 ;
type : event ;
event : VIEW ;
tousername : gh_5013f37369ce ;
fromusername : oqCObuJiYFIz7EyQ60H_bApxfghU ;
createtime : 1456631901 ;
msgtype : event ;
eventkey : http://mp.weixin.qq.com/s?__biz=MzA5MzE5NzExNw==&mid=10001097&idx=1&sn=8338ffe385dcd8dd1f376fc1a2fd50ff&scene=18#rd ;
menuid : 208007648 ;

2016-02-28 11:58:15 params :
------------
Array:
rule : -2 ;
module :  ;
message : Array ;

2016-02-28 11:58:15 response :
------------

2016-02-28 12:02:11 trace :
------------
Array:
from : oqCObuJiYFIz7EyQ60H_bApxfghU ;
to : gh_5013f37369ce ;
time : 1456632141 ;
type : event ;
event : VIEW ;
tousername : gh_5013f37369ce ;
fromusername : oqCObuJiYFIz7EyQ60H_bApxfghU ;
createtime : 1456632141 ;
msgtype : event ;
eventkey : http://mp.weixin.qq.com/s?__biz=MzA5MzE5NzExNw==&mid=10001097&idx=1&sn=8338ffe385dcd8dd1f376fc1a2fd50ff&scene=18#rd ;
menuid : 208007648 ;

2016-02-28 12:02:11 params :
------------
Array:
rule : -2 ;
module :  ;
message : Array ;

2016-02-28 12:02:11 response :
------------

2016-02-28 12:03:28 trace :
------------
Array:
from : oqCObuJiYFIz7EyQ60H_bApxfghU ;
to : gh_5013f37369ce ;
time : 1456632218 ;
type : event ;
event : VIEW ;
tousername : gh_5013f37369ce ;
fromusername : oqCObuJiYFIz7EyQ60H_bApxfghU ;
createtime : 1456632218 ;
msgtype : event ;
eventkey : http://mp.weixin.qq.com/s?__biz=MzA5MzE5NzExNw==&mid=10001097&idx=1&sn=8338ffe385dcd8dd1f376fc1a2fd50ff&scene=18#rd ;
menuid : 208007648 ;

2016-02-28 12:03:28 params :
------------
Array:
rule : -2 ;
module :  ;
message : Array ;

2016-02-28 12:03:28 response :
------------

2016-02-28 13:16:29 trace :
------------
Array:
from : oqCObuGbrUOOJegWrMjZ9HKCX36Y ;
to : gh_5013f37369ce ;
time : 1456636598 ;
type : event ;
event : subscribe ;
tousername : gh_5013f37369ce ;
fromusername : oqCObuGbrUOOJegWrMjZ9HKCX36Y ;
createtime : 1456636598 ;
msgtype : event ;
eventkey :  ;

2016-02-28 13:16:29 params :
------------
Array:
rule : -2 ;
module :  ;
message : Array ;

2016-02-28 13:16:29 response :
------------

2016-02-28 14:10:26 trace :
------------
Array:
from : oqCObuJ8uu-JAr1NmSdJD1iyyLzs ;
to : gh_5013f37369ce ;
time : 1456639835 ;
type : event ;
event : VIEW ;
tousername : gh_5013f37369ce ;
fromusername : oqCObuJ8uu-JAr1NmSdJD1iyyLzs ;
createtime : 1456639835 ;
msgtype : event ;
eventkey : http://mp.weixin.qq.com/s?__biz=MzA5MzE5NzExNw==&mid=10001097&idx=1&sn=8338ffe385dcd8dd1f376fc1a2fd50ff&scene=18#rd ;
menuid : 208007648 ;

2016-02-28 14:10:26 params :
------------
Array:
rule : -2 ;
module :  ;
message : Array ;

2016-02-28 14:10:26 response :
------------

2016-02-28 17:32:10 trace :
------------
Array:
from : oqCObuNwJyoUdSPOfkZFzi3W3lqs ;
to : gh_5013f37369ce ;
time : 1456651940 ;
type : event ;
event : VIEW ;
tousername : gh_5013f37369ce ;
fromusername : oqCObuNwJyoUdSPOfkZFzi3W3lqs ;
createtime : 1456651940 ;
msgtype : event ;
eventkey : http://mp.weixin.qq.com/s?__biz=MzA5MzE5NzExNw==&mid=10001097&idx=1&sn=8338ffe385dcd8dd1f376fc1a2fd50ff&scene=18#rd ;
menuid : 208007648 ;

2016-02-28 17:32:10 params :
------------
Array:
rule : -2 ;
module :  ;
message : Array ;

2016-02-28 17:32:10 response :
------------

2016-02-28 17:33:13 trace :
------------
Array:
from : oqCObuMjrDaBQjd_AByFwzz1YbB4 ;
to : gh_5013f37369ce ;
time : 1456652002 ;
type : event ;
event : VIEW ;
tousername : gh_5013f37369ce ;
fromusername : oqCObuMjrDaBQjd_AByFwzz1YbB4 ;
createtime : 1456652002 ;
msgtype : event ;
eventkey : http://mp.weixin.qq.com/s?__biz=MzA5MzE5NzExNw==&mid=10001097&idx=1&sn=8338ffe385dcd8dd1f376fc1a2fd50ff&scene=18#rd ;
menuid : 208007648 ;

2016-02-28 17:33:13 params :
------------
Array:
rule : -2 ;
module :  ;
message : Array ;

2016-02-28 17:33:13 response :
------------

2016-02-28 17:33:19 trace :
------------
Array:
from : oqCObuMjrDaBQjd_AByFwzz1YbB4 ;
to : gh_5013f37369ce ;
time : 1456652008 ;
type : event ;
event : VIEW ;
tousername : gh_5013f37369ce ;
fromusername : oqCObuMjrDaBQjd_AByFwzz1YbB4 ;
createtime : 1456652008 ;
msgtype : event ;
eventkey : http://mp.weixin.qq.com/s?__biz=MzA5MzE5NzExNw==&mid=10001097&idx=1&sn=8338ffe385dcd8dd1f376fc1a2fd50ff&scene=18#rd ;
menuid : 208007648 ;

2016-02-28 17:33:19 params :
------------
Array:
rule : -2 ;
module :  ;
message : Array ;

2016-02-28 17:33:19 response :
------------

2016-02-28 18:36:13 trace :
------------
Array:
from : oqCObuP2N23yKeIAePXh8ipJAVY0 ;
to : gh_5013f37369ce ;
time : 1456655782 ;
type : event ;
event : subscribe ;
tousername : gh_5013f37369ce ;
fromusername : oqCObuP2N23yKeIAePXh8ipJAVY0 ;
createtime : 1456655782 ;
msgtype : event ;
eventkey :  ;

2016-02-28 18:36:13 params :
------------
Array:
rule : -2 ;
module :  ;
message : Array ;

2016-02-28 18:36:13 response :
------------

2016-02-28 20:01:31 trace :
------------
Array:
from : oqCObuNwJyoUdSPOfkZFzi3W3lqs ;
to : gh_5013f37369ce ;
time : 1456660901 ;
type : event ;
event : VIEW ;
tousername : gh_5013f37369ce ;
fromusername : oqCObuNwJyoUdSPOfkZFzi3W3lqs ;
createtime : 1456660901 ;
msgtype : event ;
eventkey : http://mp.weixin.qq.com/s?__biz=MzA5MzE5NzExNw==&mid=10001097&idx=1&sn=8338ffe385dcd8dd1f376fc1a2fd50ff&scene=18#rd ;
menuid : 208007648 ;

2016-02-28 20:01:31 params :
------------
Array:
rule : -2 ;
module :  ;
message : Array ;

2016-02-28 20:01:31 response :
------------

2016-02-28 21:37:34 trace :
------------
Array:
from : oqCObuHEJC4hxOCt3SH-J_qyM0kQ ;
to : gh_5013f37369ce ;
time : 1456666661 ;
type : event ;
event : VIEW ;
tousername : gh_5013f37369ce ;
fromusername : oqCObuHEJC4hxOCt3SH-J_qyM0kQ ;
createtime : 1456666661 ;
msgtype : event ;
eventkey : http://mp.weixin.qq.com/s?__biz=MzA5MzE5NzExNw==&mid=10001097&idx=1&sn=8338ffe385dcd8dd1f376fc1a2fd50ff&scene=18#rd ;
menuid : 208007648 ;

2016-02-28 21:37:34 params :
------------
Array:
rule : -2 ;
module :  ;
message : Array ;

2016-02-28 21:37:34 response :
------------

2016-02-28 21:37:42 trace :
------------
Array:
from : oqCObuHEJC4hxOCt3SH-J_qyM0kQ ;
to : gh_5013f37369ce ;
time : 1456666672 ;
type : event ;
event : VIEW ;
tousername : gh_5013f37369ce ;
fromusername : oqCObuHEJC4hxOCt3SH-J_qyM0kQ ;
createtime : 1456666672 ;
msgtype : event ;
eventkey : http://mp.weixin.qq.com/s?__biz=MzA5MzE5NzExNw==&mid=10001097&idx=1&sn=8338ffe385dcd8dd1f376fc1a2fd50ff&scene=18#rd ;
menuid : 208007648 ;

2016-02-28 21:37:42 params :
------------
Array:
rule : -2 ;
module :  ;
message : Array ;

2016-02-28 21:37:42 response :
------------

2016-02-28 21:37:53 trace :
------------
Array:
from : oqCObuHEJC4hxOCt3SH-J_qyM0kQ ;
to : gh_5013f37369ce ;
time : 1456666683 ;
type : event ;
event : VIEW ;
tousername : gh_5013f37369ce ;
fromusername : oqCObuHEJC4hxOCt3SH-J_qyM0kQ ;
createtime : 1456666683 ;
msgtype : event ;
eventkey : http://mp.weixin.qq.com/s?__biz=MzA5MzE5NzExNw==&mid=10001097&idx=1&sn=8338ffe385dcd8dd1f376fc1a2fd50ff&scene=18#rd ;
menuid : 208007648 ;

2016-02-28 21:37:53 params :
------------
Array:
rule : -2 ;
module :  ;
message : Array ;

2016-02-28 21:37:53 response :
------------

2016-02-28 21:38:10 trace :
------------
Array:
from : oqCObuHEJC4hxOCt3SH-J_qyM0kQ ;
to : gh_5013f37369ce ;
time : 1456666697 ;
type : event ;
event : VIEW ;
tousername : gh_5013f37369ce ;
fromusername : oqCObuHEJC4hxOCt3SH-J_qyM0kQ ;
createtime : 1456666697 ;
msgtype : event ;
eventkey : http://mp.weixin.qq.com/s?__biz=MzA5MzE5NzExNw==&mid=10001097&idx=1&sn=8338ffe385dcd8dd1f376fc1a2fd50ff&scene=18#rd ;
menuid : 208007648 ;

2016-02-28 21:38:10 params :
------------
Array:
rule : -2 ;
module :  ;
message : Array ;

2016-02-28 21:38:10 response :
------------

