2016-08-01 09:39:51 trace :
------------
String:
<xml><ToUserName><![CDATA[gh_fbee6dda34f1]]></ToUserName>
<FromUserName><![CDATA[o1Sf9wuUDDS_BM0G-CbKx2umOImU]]></FromUserName>
<CreateTime>1470015731</CreateTime>
<MsgType><![CDATA[event]]></MsgType>
<Event><![CDATA[CLICK]]></Event>
<EventKey><![CDATA[企业文化]]></EventKey>
</xml>

2016-08-01 09:39:51 params :
------------
Array:
message : Array ;
module : news ;
rule : 18 ;
priority : 0 ;
keyword : Array ;

2016-08-01 09:39:51 response :
------------
Array:
FromUserName : gh_fbee6dda34f1 ;
ToUserName : o1Sf9wuUDDS_BM0G-CbKx2umOImU ;
MsgType : news ;
ArticleCount : 1 ;
Articles : Array ;

2016-08-01 09:40:01 trace :
------------
String:
<xml><ToUserName><![CDATA[gh_fbee6dda34f1]]></ToUserName>
<FromUserName><![CDATA[o1Sf9wuUDDS_BM0G-CbKx2umOImU]]></FromUserName>
<CreateTime>1470015741</CreateTime>
<MsgType><![CDATA[event]]></MsgType>
<Event><![CDATA[CLICK]]></Event>
<EventKey><![CDATA[企业文化]]></EventKey>
</xml>

2016-08-01 09:40:01 params :
------------
Array:
message : Array ;
module : news ;
rule : 18 ;
priority : 0 ;
keyword : Array ;

2016-08-01 09:40:01 response :
------------
Array:
FromUserName : gh_fbee6dda34f1 ;
ToUserName : o1Sf9wuUDDS_BM0G-CbKx2umOImU ;
MsgType : news ;
ArticleCount : 1 ;
Articles : Array ;

2016-08-01 09:40:31 trace :
------------
String:
<xml><ToUserName><![CDATA[gh_fbee6dda34f1]]></ToUserName>
<FromUserName><![CDATA[o1Sf9wuUDDS_BM0G-CbKx2umOImU]]></FromUserName>
<CreateTime>1470015770</CreateTime>
<MsgType><![CDATA[event]]></MsgType>
<Event><![CDATA[CLICK]]></Event>
<EventKey><![CDATA[品牌故事]]></EventKey>
</xml>

2016-08-01 09:40:31 params :
------------
Array:
message : Array ;
module : news ;
rule : 20 ;
priority : 0 ;
keyword : Array ;

2016-08-01 09:40:31 response :
------------
Array:
FromUserName : gh_fbee6dda34f1 ;
ToUserName : o1Sf9wuUDDS_BM0G-CbKx2umOImU ;
MsgType : news ;
ArticleCount : 1 ;
Articles : Array ;

2016-08-01 09:40:50 trace :
------------
String:
<xml><ToUserName><![CDATA[gh_fbee6dda34f1]]></ToUserName>
<FromUserName><![CDATA[o1Sf9wuUDDS_BM0G-CbKx2umOImU]]></FromUserName>
<CreateTime>1470015790</CreateTime>
<MsgType><![CDATA[event]]></MsgType>
<Event><![CDATA[CLICK]]></Event>
<EventKey><![CDATA[品牌文化]]></EventKey>
</xml>

2016-08-01 09:40:50 params :
------------
Array:
message : Array ;
module : news ;
rule : 19 ;
priority : 0 ;
keyword : Array ;

2016-08-01 09:40:50 response :
------------
Array:
FromUserName : gh_fbee6dda34f1 ;
ToUserName : o1Sf9wuUDDS_BM0G-CbKx2umOImU ;
MsgType : news ;
ArticleCount : 1 ;
Articles : Array ;

2016-08-01 09:40:53 trace :
------------
String:
<xml><ToUserName><![CDATA[gh_fbee6dda34f1]]></ToUserName>
<FromUserName><![CDATA[o1Sf9wuUDDS_BM0G-CbKx2umOImU]]></FromUserName>
<CreateTime>1470015792</CreateTime>
<MsgType><![CDATA[event]]></MsgType>
<Event><![CDATA[VIEW]]></Event>
<EventKey><![CDATA[http://mp.angelbeautyinc.com/app/index.php?i=8&c=entry&do=shop&m=ewei_shop]]></EventKey>
<MenuId>522652454</MenuId>
</xml>

2016-08-01 09:40:53 params :
------------
Array:
rule : -2 ;
module :  ;
message : Array ;

2016-08-01 09:40:53 response :
------------

2016-08-01 09:41:23 trace :
------------
String:
<xml><ToUserName><![CDATA[gh_fbee6dda34f1]]></ToUserName>
<FromUserName><![CDATA[o1Sf9wuUDDS_BM0G-CbKx2umOImU]]></FromUserName>
<CreateTime>1470015822</CreateTime>
<MsgType><![CDATA[event]]></MsgType>
<Event><![CDATA[VIEW]]></Event>
<EventKey><![CDATA[http://mp.angelbeautyinc.com/app/index.php?i=8&c=entry&do=shop&m=ewei_shop]]></EventKey>
<MenuId>522652454</MenuId>
</xml>

2016-08-01 09:41:23 params :
------------
Array:
rule : -2 ;
module :  ;
message : Array ;

2016-08-01 09:41:23 response :
------------

2016-08-01 09:51:19 trace :
------------
String:
<xml><ToUserName><![CDATA[gh_fbee6dda34f1]]></ToUserName>
<FromUserName><![CDATA[o1Sf9wuUDDS_BM0G-CbKx2umOImU]]></FromUserName>
<CreateTime>1470016418</CreateTime>
<MsgType><![CDATA[event]]></MsgType>
<Event><![CDATA[VIEW]]></Event>
<EventKey><![CDATA[http://mp.angelbeautyinc.com/app/index.php?i=8&c=entry&id=1&do=detail&m=news&wxref=mp.weixin.qq.com#wechat_redirect]]></EventKey>
<MenuId>522714530</MenuId>
</xml>

2016-08-01 09:51:19 params :
------------
Array:
rule : -2 ;
module :  ;
message : Array ;

2016-08-01 09:51:19 response :
------------

2016-08-01 11:33:41 trace :
------------
String:
<xml><ToUserName><![CDATA[gh_fbee6dda34f1]]></ToUserName>
<FromUserName><![CDATA[o1Sf9wsrOcd0En-jeTZ27YHvFfBI]]></FromUserName>
<CreateTime>1470022561</CreateTime>
<MsgType><![CDATA[event]]></MsgType>
<Event><![CDATA[VIEW]]></Event>
<EventKey><![CDATA[http://mp.angelbeautyinc.com/app/index.php?i=8&c=entry&do=shop&m=ewei_shop]]></EventKey>
<MenuId>522714530</MenuId>
</xml>

2016-08-01 11:33:41 params :
------------
Array:
rule : -2 ;
module :  ;
message : Array ;

2016-08-01 11:33:41 response :
------------

2016-08-01 11:36:50 trace :
------------
String:
<xml><ToUserName><![CDATA[gh_fbee6dda34f1]]></ToUserName>
<FromUserName><![CDATA[o1Sf9wuUDDS_BM0G-CbKx2umOImU]]></FromUserName>
<CreateTime>1470022749</CreateTime>
<MsgType><![CDATA[event]]></MsgType>
<Event><![CDATA[VIEW]]></Event>
<EventKey><![CDATA[http://mp.angelbeautyinc.com/app/index.php?i=8&c=entry&do=shop&m=ewei_shop]]></EventKey>
<MenuId>522714530</MenuId>
</xml>

2016-08-01 11:36:50 params :
------------
Array:
rule : -2 ;
module :  ;
message : Array ;

2016-08-01 11:36:50 response :
------------

2016-08-01 11:46:32 trace :
------------
String:
<xml><ToUserName><![CDATA[gh_fbee6dda34f1]]></ToUserName>
<FromUserName><![CDATA[o1Sf9wuUDDS_BM0G-CbKx2umOImU]]></FromUserName>
<CreateTime>1470023331</CreateTime>
<MsgType><![CDATA[event]]></MsgType>
<Event><![CDATA[VIEW]]></Event>
<EventKey><![CDATA[http://mp.angelbeautyinc.com/app/index.php?i=8&c=entry&do=shop&m=ewei_shop]]></EventKey>
<MenuId>522714530</MenuId>
</xml>

2016-08-01 11:46:32 params :
------------
Array:
rule : -2 ;
module :  ;
message : Array ;

2016-08-01 11:46:32 response :
------------

2016-08-01 14:17:07 trace :
------------
String:
<xml><ToUserName><![CDATA[gh_fbee6dda34f1]]></ToUserName>
<FromUserName><![CDATA[o1Sf9wuUDDS_BM0G-CbKx2umOImU]]></FromUserName>
<CreateTime>1470032366</CreateTime>
<MsgType><![CDATA[event]]></MsgType>
<Event><![CDATA[VIEW]]></Event>
<EventKey><![CDATA[http://mp.angelbeautyinc.com/app/index.php?i=8&c=entry&do=selfinspection&m=lrj_guide]]></EventKey>
<MenuId>522714530</MenuId>
</xml>

2016-08-01 14:17:07 params :
------------
Array:
rule : -2 ;
module :  ;
message : Array ;

2016-08-01 14:17:07 response :
------------

2016-08-01 14:20:06 trace :
------------
String:
<xml><ToUserName><![CDATA[gh_fbee6dda34f1]]></ToUserName>
<FromUserName><![CDATA[o1Sf9wuUDDS_BM0G-CbKx2umOImU]]></FromUserName>
<CreateTime>1470032545</CreateTime>
<MsgType><![CDATA[event]]></MsgType>
<Event><![CDATA[VIEW]]></Event>
<EventKey><![CDATA[http://mp.angelbeautyinc.com/app/index.php?i=8&c=entry&do=selfinspection&m=lrj_guide]]></EventKey>
<MenuId>522714530</MenuId>
</xml>

2016-08-01 14:20:06 params :
------------
Array:
rule : -2 ;
module :  ;
message : Array ;

2016-08-01 14:20:06 response :
------------

2016-08-01 14:22:15 trace :
------------
String:
<xml><ToUserName><![CDATA[gh_fbee6dda34f1]]></ToUserName>
<FromUserName><![CDATA[o1Sf9wuUDDS_BM0G-CbKx2umOImU]]></FromUserName>
<CreateTime>1470032674</CreateTime>
<MsgType><![CDATA[event]]></MsgType>
<Event><![CDATA[VIEW]]></Event>
<EventKey><![CDATA[http://mp.angelbeautyinc.com/app/index.php?i=8&c=entry&do=selfinspection&m=lrj_guide]]></EventKey>
<MenuId>522714530</MenuId>
</xml>

2016-08-01 14:22:15 params :
------------
Array:
rule : -2 ;
module :  ;
message : Array ;

2016-08-01 14:22:15 response :
------------

2016-08-01 14:46:52 trace :
------------
String:
<xml><ToUserName><![CDATA[gh_fbee6dda34f1]]></ToUserName>
<FromUserName><![CDATA[o1Sf9wuUDDS_BM0G-CbKx2umOImU]]></FromUserName>
<CreateTime>1470034152</CreateTime>
<MsgType><![CDATA[event]]></MsgType>
<Event><![CDATA[VIEW]]></Event>
<EventKey><![CDATA[http://mp.angelbeautyinc.com/app/index.php?i=8&c=entry&do=member&m=ewei_shop]]></EventKey>
<MenuId>522714530</MenuId>
</xml>

2016-08-01 14:46:52 params :
------------
Array:
rule : -2 ;
module :  ;
message : Array ;

2016-08-01 14:46:52 response :
------------

2016-08-01 15:05:51 trace :
------------
String:
<xml><ToUserName><![CDATA[gh_fbee6dda34f1]]></ToUserName>
<FromUserName><![CDATA[o1Sf9wuUDDS_BM0G-CbKx2umOImU]]></FromUserName>
<CreateTime>1470035290</CreateTime>
<MsgType><![CDATA[event]]></MsgType>
<Event><![CDATA[VIEW]]></Event>
<EventKey><![CDATA[http://mp.angelbeautyinc.com/app/index.php?i=8&c=entry&do=selfinspection&m=lrj_guide]]></EventKey>
<MenuId>522714530</MenuId>
</xml>

2016-08-01 15:05:51 params :
------------
Array:
rule : -2 ;
module :  ;
message : Array ;

2016-08-01 15:05:51 response :
------------

2016-08-01 17:00:42 trace :
------------
String:
<xml><ToUserName><![CDATA[gh_fbee6dda34f1]]></ToUserName>
<FromUserName><![CDATA[o1Sf9wsrOcd0En-jeTZ27YHvFfBI]]></FromUserName>
<CreateTime>1470042181</CreateTime>
<MsgType><![CDATA[event]]></MsgType>
<Event><![CDATA[VIEW]]></Event>
<EventKey><![CDATA[http://mp.angelbeautyinc.com/app/index.php?i=8&c=entry&id=1&do=detail&m=news&wxref=mp.weixin.qq.com#wechat_redirect]]></EventKey>
<MenuId>522714530</MenuId>
</xml>

2016-08-01 17:00:42 params :
------------
Array:
rule : -2 ;
module :  ;
message : Array ;

2016-08-01 17:00:42 response :
------------

2016-08-01 17:00:52 trace :
------------
String:
<xml><ToUserName><![CDATA[gh_fbee6dda34f1]]></ToUserName>
<FromUserName><![CDATA[o1Sf9wsrOcd0En-jeTZ27YHvFfBI]]></FromUserName>
<CreateTime>1470042192</CreateTime>
<MsgType><![CDATA[event]]></MsgType>
<Event><![CDATA[VIEW]]></Event>
<EventKey><![CDATA[http://mp.angelbeautyinc.com/app/index.php?i=8&c=entry&id=1&do=detail&m=news&wxref=mp.weixin.qq.com#wechat_redirect]]></EventKey>
<MenuId>522714530</MenuId>
</xml>

2016-08-01 17:00:52 params :
------------
Array:
rule : -2 ;
module :  ;
message : Array ;

2016-08-01 17:00:52 response :
------------

2016-08-01 17:00:57 trace :
------------
String:
<xml><ToUserName><![CDATA[gh_fbee6dda34f1]]></ToUserName>
<FromUserName><![CDATA[o1Sf9wsrOcd0En-jeTZ27YHvFfBI]]></FromUserName>
<CreateTime>1470042196</CreateTime>
<MsgType><![CDATA[event]]></MsgType>
<Event><![CDATA[VIEW]]></Event>
<EventKey><![CDATA[http://mp.angelbeautyinc.com/app/index.php?i=8&c=entry&id=2&do=detail&m=news&wxref=mp.weixin.qq.com#wechat_redirect]]></EventKey>
<MenuId>522714530</MenuId>
</xml>

2016-08-01 17:00:57 params :
------------
Array:
rule : -2 ;
module :  ;
message : Array ;

2016-08-01 17:00:57 response :
------------

2016-08-01 17:01:08 trace :
------------
String:
<xml><ToUserName><![CDATA[gh_fbee6dda34f1]]></ToUserName>
<FromUserName><![CDATA[o1Sf9wsrOcd0En-jeTZ27YHvFfBI]]></FromUserName>
<CreateTime>1470042208</CreateTime>
<MsgType><![CDATA[event]]></MsgType>
<Event><![CDATA[VIEW]]></Event>
<EventKey><![CDATA[http://mp.angelbeautyinc.com/app/index.php?i=8&c=entry&do=shop&m=ewei_shop]]></EventKey>
<MenuId>522714530</MenuId>
</xml>

2016-08-01 17:01:08 params :
------------
Array:
rule : -2 ;
module :  ;
message : Array ;

2016-08-01 17:01:08 response :
------------

2016-08-01 17:01:47 trace :
------------
String:
<xml><ToUserName><![CDATA[gh_fbee6dda34f1]]></ToUserName>
<FromUserName><![CDATA[o1Sf9wsrOcd0En-jeTZ27YHvFfBI]]></FromUserName>
<CreateTime>1470042247</CreateTime>
<MsgType><![CDATA[event]]></MsgType>
<Event><![CDATA[VIEW]]></Event>
<EventKey><![CDATA[http://mp.angelbeautyinc.com/app/index.php?i=8&c=entry&do=shop&m=ewei_shop]]></EventKey>
<MenuId>522714530</MenuId>
</xml>

2016-08-01 17:01:47 params :
------------
Array:
rule : -2 ;
module :  ;
message : Array ;

2016-08-01 17:01:47 response :
------------

2016-08-01 17:06:05 trace :
------------
String:
<xml><ToUserName><![CDATA[gh_fbee6dda34f1]]></ToUserName>
<FromUserName><![CDATA[o1Sf9wsrOcd0En-jeTZ27YHvFfBI]]></FromUserName>
<CreateTime>1470042504</CreateTime>
<MsgType><![CDATA[event]]></MsgType>
<Event><![CDATA[VIEW]]></Event>
<EventKey><![CDATA[http://mp.angelbeautyinc.com/app/index.php?i=8&c=entry&do=selfinspection&m=lrj_guide]]></EventKey>
<MenuId>522714530</MenuId>
</xml>

2016-08-01 17:06:05 params :
------------
Array:
rule : -2 ;
module :  ;
message : Array ;

2016-08-01 17:06:05 response :
------------

2016-08-01 17:07:20 trace :
------------
String:
<xml><ToUserName><![CDATA[gh_fbee6dda34f1]]></ToUserName>
<FromUserName><![CDATA[o1Sf9wsrOcd0En-jeTZ27YHvFfBI]]></FromUserName>
<CreateTime>1470042579</CreateTime>
<MsgType><![CDATA[event]]></MsgType>
<Event><![CDATA[VIEW]]></Event>
<EventKey><![CDATA[http://mp.angelbeautyinc.com/question/]]></EventKey>
<MenuId>522714530</MenuId>
</xml>

2016-08-01 17:07:20 params :
------------
Array:
rule : -2 ;
module :  ;
message : Array ;

2016-08-01 17:07:20 response :
------------

2016-08-01 17:07:35 trace :
------------
String:
<xml><ToUserName><![CDATA[gh_fbee6dda34f1]]></ToUserName>
<FromUserName><![CDATA[o1Sf9wsrOcd0En-jeTZ27YHvFfBI]]></FromUserName>
<CreateTime>1470042595</CreateTime>
<MsgType><![CDATA[event]]></MsgType>
<Event><![CDATA[VIEW]]></Event>
<EventKey><![CDATA[http://mp.angelbeautyinc.com/app/index.php?i=8&c=entry&do=selfinspection&m=lrj_guide]]></EventKey>
<MenuId>522714530</MenuId>
</xml>

2016-08-01 17:07:35 params :
------------
Array:
rule : -2 ;
module :  ;
message : Array ;

2016-08-01 17:07:35 response :
------------

