2016-03-26 08:58:14 trace :
------------
Array:
from : oqCObuMJdtajbWDZa8VH7y-BvOBk ;
to : gh_5013f37369ce ;
time : 1458953907 ;
type : event ;
event : subscribe ;
tousername : gh_5013f37369ce ;
fromusername : oqCObuMJdtajbWDZa8VH7y-BvOBk ;
createtime : 1458953907 ;
msgtype : event ;
eventkey :  ;

2016-03-26 08:58:14 params :
------------
Array:
rule : -2 ;
module :  ;
message : Array ;

2016-03-26 08:58:14 response :
------------

2016-03-26 13:47:35 trace :
------------
Array:
from : oqCObuJuQrWMyrNpjglJa4E5pAuw ;
to : gh_5013f37369ce ;
time : 1458971269 ;
type : event ;
event : subscribe ;
tousername : gh_5013f37369ce ;
fromusername : oqCObuJuQrWMyrNpjglJa4E5pAuw ;
createtime : 1458971269 ;
msgtype : event ;
eventkey :  ;

2016-03-26 13:47:35 params :
------------
Array:
rule : -2 ;
module :  ;
message : Array ;

2016-03-26 13:47:35 response :
------------

2016-03-26 13:49:56 trace :
------------
Array:
from : oqCObuJuQrWMyrNpjglJa4E5pAuw ;
to : gh_5013f37369ce ;
time : 1458971410 ;
type : event ;
event : VIEW ;
tousername : gh_5013f37369ce ;
fromusername : oqCObuJuQrWMyrNpjglJa4E5pAuw ;
createtime : 1458971410 ;
msgtype : event ;
eventkey : http://mp.weixin.qq.com/s?__biz=MzA5MzE5NzExNw==&mid=10001097&idx=1&sn=8338ffe385dcd8dd1f376fc1a2fd50ff&scene=18#rd ;
menuid : 208007648 ;

2016-03-26 13:49:56 params :
------------
Array:
rule : -2 ;
module :  ;
message : Array ;

2016-03-26 13:49:56 response :
------------

2016-03-26 13:50:04 trace :
------------
Array:
from : oqCObuJuQrWMyrNpjglJa4E5pAuw ;
to : gh_5013f37369ce ;
time : 1458971418 ;
type : event ;
event : VIEW ;
tousername : gh_5013f37369ce ;
fromusername : oqCObuJuQrWMyrNpjglJa4E5pAuw ;
createtime : 1458971418 ;
msgtype : event ;
eventkey : http://mp.weixin.qq.com/s?__biz=MzA5MzE5NzExNw==&mid=10001097&idx=1&sn=8338ffe385dcd8dd1f376fc1a2fd50ff&scene=18#rd ;
menuid : 208007648 ;

2016-03-26 13:50:04 params :
------------
Array:
rule : -2 ;
module :  ;
message : Array ;

2016-03-26 13:50:04 response :
------------

2016-03-26 13:50:18 trace :
------------
Array:
from : oqCObuJuQrWMyrNpjglJa4E5pAuw ;
to : gh_5013f37369ce ;
time : 1458971433 ;
type : event ;
event : VIEW ;
tousername : gh_5013f37369ce ;
fromusername : oqCObuJuQrWMyrNpjglJa4E5pAuw ;
createtime : 1458971433 ;
msgtype : event ;
eventkey : http://mp.weixin.qq.com/s?__biz=MzA5MzE5NzExNw==&mid=10001097&idx=1&sn=8338ffe385dcd8dd1f376fc1a2fd50ff&scene=18#rd ;
menuid : 208007648 ;

2016-03-26 13:50:18 params :
------------
Array:
rule : -2 ;
module :  ;
message : Array ;

2016-03-26 13:50:18 response :
------------

2016-03-26 13:50:36 trace :
------------
Array:
from : oqCObuJuQrWMyrNpjglJa4E5pAuw ;
to : gh_5013f37369ce ;
time : 1458971450 ;
type : event ;
event : VIEW ;
tousername : gh_5013f37369ce ;
fromusername : oqCObuJuQrWMyrNpjglJa4E5pAuw ;
createtime : 1458971450 ;
msgtype : event ;
eventkey : http://mp.weixin.qq.com/s?__biz=MzA5MzE5NzExNw==&mid=10001097&idx=1&sn=8338ffe385dcd8dd1f376fc1a2fd50ff&scene=18#rd ;
menuid : 208007648 ;

2016-03-26 13:50:36 params :
------------
Array:
rule : -2 ;
module :  ;
message : Array ;

2016-03-26 13:50:36 response :
------------

2016-03-26 14:02:48 trace :
------------
Array:
from : oqCObuJuQrWMyrNpjglJa4E5pAuw ;
to : gh_5013f37369ce ;
time : 1458972182 ;
type : event ;
event : VIEW ;
tousername : gh_5013f37369ce ;
fromusername : oqCObuJuQrWMyrNpjglJa4E5pAuw ;
createtime : 1458972182 ;
msgtype : event ;
eventkey : http://mp.weixin.qq.com/s?__biz=MzA5MzE5NzExNw==&mid=10001097&idx=1&sn=8338ffe385dcd8dd1f376fc1a2fd50ff&scene=18#rd ;
menuid : 208007648 ;

2016-03-26 14:02:48 params :
------------
Array:
rule : -2 ;
module :  ;
message : Array ;

2016-03-26 14:02:48 response :
------------

2016-03-26 15:39:07 trace :
------------
Array:
from : oqCObuIRb5uJjvwSTlfYXoNRWYlQ ;
to : gh_5013f37369ce ;
time : 1458977961 ;
type : event ;
event : VIEW ;
tousername : gh_5013f37369ce ;
fromusername : oqCObuIRb5uJjvwSTlfYXoNRWYlQ ;
createtime : 1458977961 ;
msgtype : event ;
eventkey : http://mp.weixin.qq.com/s?__biz=MzA5MzE5NzExNw==&mid=10001097&idx=1&sn=8338ffe385dcd8dd1f376fc1a2fd50ff&scene=18#rd ;
menuid : 208007648 ;

2016-03-26 15:39:07 params :
------------
Array:
rule : -2 ;
module :  ;
message : Array ;

2016-03-26 15:39:07 response :
------------

2016-03-26 15:39:26 trace :
------------
Array:
from : oqCObuIRb5uJjvwSTlfYXoNRWYlQ ;
to : gh_5013f37369ce ;
time : 1458977981 ;
type : event ;
event : VIEW ;
tousername : gh_5013f37369ce ;
fromusername : oqCObuIRb5uJjvwSTlfYXoNRWYlQ ;
createtime : 1458977981 ;
msgtype : event ;
eventkey : http://mp.weixin.qq.com/s?__biz=MzA5MzE5NzExNw==&mid=10001097&idx=1&sn=8338ffe385dcd8dd1f376fc1a2fd50ff&scene=18#rd ;
menuid : 208007648 ;

2016-03-26 15:39:26 params :
------------
Array:
rule : -2 ;
module :  ;
message : Array ;

2016-03-26 15:39:26 response :
------------

2016-03-26 15:59:20 trace :
------------
Array:
from : oqCObuNRZ3yuQANTsEY3YxJtzMs0 ;
to : gh_5013f37369ce ;
time : 1458979172 ;
type : event ;
event : subscribe ;
tousername : gh_5013f37369ce ;
fromusername : oqCObuNRZ3yuQANTsEY3YxJtzMs0 ;
createtime : 1458979172 ;
msgtype : event ;
eventkey :  ;

2016-03-26 15:59:20 params :
------------
Array:
rule : -2 ;
module :  ;
message : Array ;

2016-03-26 15:59:20 response :
------------

2016-03-26 15:59:21 trace :
------------
Array:
from : oqCObuNRZ3yuQANTsEY3YxJtzMs0 ;
to : gh_5013f37369ce ;
time : 1458979176 ;
type : event ;
event : VIEW ;
tousername : gh_5013f37369ce ;
fromusername : oqCObuNRZ3yuQANTsEY3YxJtzMs0 ;
createtime : 1458979176 ;
msgtype : event ;
eventkey : http://mp.weixin.qq.com/s?__biz=MzA5MzE5NzExNw==&mid=10001097&idx=1&sn=8338ffe385dcd8dd1f376fc1a2fd50ff&scene=18#rd ;
menuid : 208007648 ;

2016-03-26 15:59:21 params :
------------
Array:
rule : -2 ;
module :  ;
message : Array ;

2016-03-26 15:59:21 response :
------------

2016-03-26 16:41:24 trace :
------------
Array:
from : oqCObuPd4Uuy-jPBx6nMEaYNqi_E ;
to : gh_5013f37369ce ;
time : 1458981698 ;
type : event ;
event : subscribe ;
tousername : gh_5013f37369ce ;
fromusername : oqCObuPd4Uuy-jPBx6nMEaYNqi_E ;
createtime : 1458981698 ;
msgtype : event ;
eventkey :  ;

2016-03-26 16:41:24 params :
------------
Array:
rule : -2 ;
module :  ;
message : Array ;

2016-03-26 16:41:24 response :
------------

2016-03-26 16:48:17 trace :
------------
Array:
from : oqCObuPDfPABzfAa7o7f-y79ydrw ;
to : gh_5013f37369ce ;
time : 1458982111 ;
type : event ;
event : VIEW ;
tousername : gh_5013f37369ce ;
fromusername : oqCObuPDfPABzfAa7o7f-y79ydrw ;
createtime : 1458982111 ;
msgtype : event ;
eventkey : http://mp.weixin.qq.com/s?__biz=MzA5MzE5NzExNw==&mid=10001097&idx=1&sn=8338ffe385dcd8dd1f376fc1a2fd50ff&scene=18#rd ;
menuid : 208007648 ;

2016-03-26 16:48:17 params :
------------
Array:
rule : -2 ;
module :  ;
message : Array ;

2016-03-26 16:48:17 response :
------------

2016-03-26 16:48:27 trace :
------------
Array:
from : oqCObuPDfPABzfAa7o7f-y79ydrw ;
to : gh_5013f37369ce ;
time : 1458982121 ;
type : event ;
event : VIEW ;
tousername : gh_5013f37369ce ;
fromusername : oqCObuPDfPABzfAa7o7f-y79ydrw ;
createtime : 1458982121 ;
msgtype : event ;
eventkey : http://mp.weixin.qq.com/s?__biz=MzA5MzE5NzExNw==&mid=10001097&idx=1&sn=8338ffe385dcd8dd1f376fc1a2fd50ff&scene=18#rd ;
menuid : 208007648 ;

2016-03-26 16:48:27 params :
------------
Array:
rule : -2 ;
module :  ;
message : Array ;

2016-03-26 16:48:27 response :
------------

2016-03-26 18:58:35 trace :
------------
Array:
from : oqCObuLCKKDLokz2aaAWI4EpnHRc ;
to : gh_5013f37369ce ;
time : 1458989926 ;
type : event ;
event : subscribe ;
tousername : gh_5013f37369ce ;
fromusername : oqCObuLCKKDLokz2aaAWI4EpnHRc ;
createtime : 1458989926 ;
msgtype : event ;
eventkey :  ;

2016-03-26 18:58:35 params :
------------
Array:
rule : -2 ;
module :  ;
message : Array ;

2016-03-26 18:58:35 response :
------------

2016-03-26 19:01:22 trace :
------------
Array:
from : oqCObuLCKKDLokz2aaAWI4EpnHRc ;
to : gh_5013f37369ce ;
time : 1458990096 ;
type : event ;
event : VIEW ;
tousername : gh_5013f37369ce ;
fromusername : oqCObuLCKKDLokz2aaAWI4EpnHRc ;
createtime : 1458990096 ;
msgtype : event ;
eventkey : http://mp.weixin.qq.com/s?__biz=MzA5MzE5NzExNw==&mid=10001097&idx=1&sn=8338ffe385dcd8dd1f376fc1a2fd50ff&scene=18#rd ;
menuid : 208007648 ;

2016-03-26 19:01:22 params :
------------
Array:
rule : -2 ;
module :  ;
message : Array ;

2016-03-26 19:01:22 response :
------------

2016-03-26 19:01:42 trace :
------------
Array:
from : oqCObuLCKKDLokz2aaAWI4EpnHRc ;
to : gh_5013f37369ce ;
time : 1458990116 ;
type : event ;
event : VIEW ;
tousername : gh_5013f37369ce ;
fromusername : oqCObuLCKKDLokz2aaAWI4EpnHRc ;
createtime : 1458990116 ;
msgtype : event ;
eventkey : http://mp.weixin.qq.com/s?__biz=MzA5MzE5NzExNw==&mid=10001097&idx=1&sn=8338ffe385dcd8dd1f376fc1a2fd50ff&scene=18#rd ;
menuid : 208007648 ;

2016-03-26 19:01:42 params :
------------
Array:
rule : -2 ;
module :  ;
message : Array ;

2016-03-26 19:01:42 response :
------------

2016-03-26 20:21:17 trace :
------------
Array:
from : oqCObuLw5mduh1sZOnhieoLBmlkw ;
to : gh_5013f37369ce ;
time : 1458994891 ;
type : event ;
event : subscribe ;
tousername : gh_5013f37369ce ;
fromusername : oqCObuLw5mduh1sZOnhieoLBmlkw ;
createtime : 1458994891 ;
msgtype : event ;
eventkey :  ;

2016-03-26 20:21:17 params :
------------
Array:
rule : -2 ;
module :  ;
message : Array ;

2016-03-26 20:21:17 response :
------------

2016-03-26 20:21:43 trace :
------------
Array:
from : oqCObuLw5mduh1sZOnhieoLBmlkw ;
to : gh_5013f37369ce ;
time : 1458994917 ;
type : event ;
event : VIEW ;
tousername : gh_5013f37369ce ;
fromusername : oqCObuLw5mduh1sZOnhieoLBmlkw ;
createtime : 1458994917 ;
msgtype : event ;
eventkey : http://mp.weixin.qq.com/s?__biz=MzA5MzE5NzExNw==&mid=10001097&idx=1&sn=8338ffe385dcd8dd1f376fc1a2fd50ff&scene=18#rd ;
menuid : 208007648 ;

2016-03-26 20:21:43 params :
------------
Array:
rule : -2 ;
module :  ;
message : Array ;

2016-03-26 20:21:43 response :
------------

2016-03-26 21:13:47 trace :
------------
Array:
from : oqCObuGo7B_0BzCtIDVvnZEM5c8I ;
to : gh_5013f37369ce ;
time : 1458998041 ;
type : event ;
event : subscribe ;
tousername : gh_5013f37369ce ;
fromusername : oqCObuGo7B_0BzCtIDVvnZEM5c8I ;
createtime : 1458998041 ;
msgtype : event ;
eventkey :  ;

2016-03-26 21:13:47 params :
------------
Array:
rule : -2 ;
module :  ;
message : Array ;

2016-03-26 21:13:47 response :
------------

2016-03-26 21:14:14 trace :
------------
Array:
from : oqCObuGo7B_0BzCtIDVvnZEM5c8I ;
to : gh_5013f37369ce ;
time : 1458998069 ;
type : event ;
event : VIEW ;
tousername : gh_5013f37369ce ;
fromusername : oqCObuGo7B_0BzCtIDVvnZEM5c8I ;
createtime : 1458998069 ;
msgtype : event ;
eventkey : http://mp.weixin.qq.com/s?__biz=MzA5MzE5NzExNw==&mid=10001097&idx=1&sn=8338ffe385dcd8dd1f376fc1a2fd50ff&scene=18#rd ;
menuid : 208007648 ;

2016-03-26 21:14:14 params :
------------
Array:
rule : -2 ;
module :  ;
message : Array ;

2016-03-26 21:14:14 response :
------------

2016-03-26 21:14:49 trace :
------------
Array:
from : oqCObuGo7B_0BzCtIDVvnZEM5c8I ;
to : gh_5013f37369ce ;
time : 1458998103 ;
type : event ;
event : VIEW ;
tousername : gh_5013f37369ce ;
fromusername : oqCObuGo7B_0BzCtIDVvnZEM5c8I ;
createtime : 1458998103 ;
msgtype : event ;
eventkey : http://mp.weixin.qq.com/s?__biz=MzA5MzE5NzExNw==&mid=10001097&idx=1&sn=8338ffe385dcd8dd1f376fc1a2fd50ff&scene=18#rd ;
menuid : 208007648 ;

2016-03-26 21:14:49 params :
------------
Array:
rule : -2 ;
module :  ;
message : Array ;

2016-03-26 21:14:49 response :
------------

2016-03-26 21:15:24 trace :
------------
Array:
from : oqCObuGo7B_0BzCtIDVvnZEM5c8I ;
to : gh_5013f37369ce ;
time : 1458998138 ;
type : event ;
event : VIEW ;
tousername : gh_5013f37369ce ;
fromusername : oqCObuGo7B_0BzCtIDVvnZEM5c8I ;
createtime : 1458998138 ;
msgtype : event ;
eventkey : http://mp.weixin.qq.com/s?__biz=MzA5MzE5NzExNw==&mid=10001097&idx=1&sn=8338ffe385dcd8dd1f376fc1a2fd50ff&scene=18#rd ;
menuid : 208007648 ;

2016-03-26 21:15:24 params :
------------
Array:
rule : -2 ;
module :  ;
message : Array ;

2016-03-26 21:15:24 response :
------------

