2016-09-05 09:07:49 trace :
------------
String:
<xml><ToUserName><![CDATA[gh_fbee6dda34f1]]></ToUserName>
<FromUserName><![CDATA[o1Sf9wuUDDS_BM0G-CbKx2umOImU]]></FromUserName>
<CreateTime>1473037815</CreateTime>
<MsgType><![CDATA[event]]></MsgType>
<Event><![CDATA[VIEW]]></Event>
<EventKey><![CDATA[http://mp.angelbeautyinc.com/app/index.php?i=8&c=entry&id=1&do=detail&m=news&wxref=mp.weixin.qq.com#wechat_redirect]]></EventKey>
<MenuId>523914550</MenuId>
</xml>

2016-09-05 09:07:49 params :
------------
Array:
rule : -2 ;
module :  ;
message : Array ;

2016-09-05 09:07:49 response :
------------

2016-09-05 10:47:46 trace :
------------
String:
<xml><ToUserName><![CDATA[gh_fbee6dda34f1]]></ToUserName>
<FromUserName><![CDATA[o1Sf9wuUDDS_BM0G-CbKx2umOImU]]></FromUserName>
<CreateTime>1473043812</CreateTime>
<MsgType><![CDATA[event]]></MsgType>
<Event><![CDATA[VIEW]]></Event>
<EventKey><![CDATA[http://mp.angelbeautyinc.com/app/index.php?i=8&c=entry&id=1&do=detail&m=news&wxref=mp.weixin.qq.com#wechat_redirect]]></EventKey>
<MenuId>523914550</MenuId>
</xml>

2016-09-05 10:47:46 params :
------------
Array:
rule : -2 ;
module :  ;
message : Array ;

2016-09-05 10:47:46 response :
------------

2016-09-05 10:50:18 trace :
------------
String:
<xml><ToUserName><![CDATA[gh_fbee6dda34f1]]></ToUserName>
<FromUserName><![CDATA[o1Sf9wuUDDS_BM0G-CbKx2umOImU]]></FromUserName>
<CreateTime>1473043964</CreateTime>
<MsgType><![CDATA[event]]></MsgType>
<Event><![CDATA[VIEW]]></Event>
<EventKey><![CDATA[http://mp.angelbeautyinc.com/app/index.php?i=8&c=entry&id=1&do=detail&m=news&wxref=mp.weixin.qq.com#wechat_redirect]]></EventKey>
<MenuId>523914550</MenuId>
</xml>

2016-09-05 10:50:18 params :
------------
Array:
rule : -2 ;
module :  ;
message : Array ;

2016-09-05 10:50:18 response :
------------

2016-09-05 10:51:03 trace :
------------
String:
<xml><ToUserName><![CDATA[gh_fbee6dda34f1]]></ToUserName>
<FromUserName><![CDATA[o1Sf9wuUDDS_BM0G-CbKx2umOImU]]></FromUserName>
<CreateTime>1473044009</CreateTime>
<MsgType><![CDATA[event]]></MsgType>
<Event><![CDATA[VIEW]]></Event>
<EventKey><![CDATA[http://mp.angelbeautyinc.com/app/index.php?i=8&c=entry&do=selfinspection&m=lrj_guide]]></EventKey>
<MenuId>523914550</MenuId>
</xml>

2016-09-05 10:51:03 params :
------------
Array:
rule : -2 ;
module :  ;
message : Array ;

2016-09-05 10:51:03 response :
------------

2016-09-05 11:01:20 trace :
------------
String:
<xml><ToUserName><![CDATA[gh_fbee6dda34f1]]></ToUserName>
<FromUserName><![CDATA[o1Sf9wuUDDS_BM0G-CbKx2umOImU]]></FromUserName>
<CreateTime>1473044626</CreateTime>
<MsgType><![CDATA[event]]></MsgType>
<Event><![CDATA[VIEW]]></Event>
<EventKey><![CDATA[http://mp.angelbeautyinc.com/app/index.php?i=8&c=entry&do=shop&m=ewei_shop]]></EventKey>
<MenuId>523914550</MenuId>
</xml>

2016-09-05 11:01:20 params :
------------
Array:
rule : -2 ;
module :  ;
message : Array ;

2016-09-05 11:01:20 response :
------------

2016-09-05 11:07:54 trace :
------------
String:
<xml><ToUserName><![CDATA[gh_fbee6dda34f1]]></ToUserName>
<FromUserName><![CDATA[o1Sf9wuUDDS_BM0G-CbKx2umOImU]]></FromUserName>
<CreateTime>1473045019</CreateTime>
<MsgType><![CDATA[event]]></MsgType>
<Event><![CDATA[VIEW]]></Event>
<EventKey><![CDATA[http://mp.angelbeautyinc.com/app/index.php?i=8&c=entry&id=1&do=detail&m=news&wxref=mp.weixin.qq.com#wechat_redirect]]></EventKey>
<MenuId>523914550</MenuId>
</xml>

2016-09-05 11:07:54 params :
------------
Array:
rule : -2 ;
module :  ;
message : Array ;

2016-09-05 11:07:54 response :
------------

2016-09-05 11:10:33 trace :
------------
String:
<xml><ToUserName><![CDATA[gh_fbee6dda34f1]]></ToUserName>
<FromUserName><![CDATA[o1Sf9wuUDDS_BM0G-CbKx2umOImU]]></FromUserName>
<CreateTime>1473045179</CreateTime>
<MsgType><![CDATA[event]]></MsgType>
<Event><![CDATA[VIEW]]></Event>
<EventKey><![CDATA[http://mp.angelbeautyinc.com/app/index.php?i=8&c=entry&id=1&do=detail&m=news&wxref=mp.weixin.qq.com#wechat_redirect]]></EventKey>
<MenuId>523914550</MenuId>
</xml>

2016-09-05 11:10:34 params :
------------
Array:
rule : -2 ;
module :  ;
message : Array ;

2016-09-05 11:10:34 response :
------------

2016-09-05 11:11:28 trace :
------------
String:
<xml><ToUserName><![CDATA[gh_fbee6dda34f1]]></ToUserName>
<FromUserName><![CDATA[o1Sf9wuUDDS_BM0G-CbKx2umOImU]]></FromUserName>
<CreateTime>1473045234</CreateTime>
<MsgType><![CDATA[event]]></MsgType>
<Event><![CDATA[VIEW]]></Event>
<EventKey><![CDATA[http://mp.angelbeautyinc.com/app/index.php?i=8&c=entry&id=1&do=detail&m=news&wxref=mp.weixin.qq.com#wechat_redirect]]></EventKey>
<MenuId>523914550</MenuId>
</xml>

2016-09-05 11:11:28 params :
------------
Array:
rule : -2 ;
module :  ;
message : Array ;

2016-09-05 11:11:28 response :
------------

2016-09-05 11:27:14 trace :
------------
String:
<xml><ToUserName><![CDATA[gh_fbee6dda34f1]]></ToUserName>
<FromUserName><![CDATA[o1Sf9wuUDDS_BM0G-CbKx2umOImU]]></FromUserName>
<CreateTime>1473046180</CreateTime>
<MsgType><![CDATA[event]]></MsgType>
<Event><![CDATA[unsubscribe]]></Event>
<EventKey><![CDATA[]]></EventKey>
</xml>

2016-09-05 11:27:33 trace :
------------
String:
<xml><ToUserName><![CDATA[gh_fbee6dda34f1]]></ToUserName>
<FromUserName><![CDATA[o1Sf9wuUDDS_BM0G-CbKx2umOImU]]></FromUserName>
<CreateTime>1473046199</CreateTime>
<MsgType><![CDATA[event]]></MsgType>
<Event><![CDATA[subscribe]]></Event>
<EventKey><![CDATA[]]></EventKey>
</xml>

2016-09-05 11:27:33 params :
------------
Array:
message : Array ;
module : basic ;
rule : 22 ;
priority : 0 ;
keyword : Array ;

2016-09-05 11:27:33 response :
------------
Array:
FromUserName : gh_fbee6dda34f1 ;
ToUserName : o1Sf9wuUDDS_BM0G-CbKx2umOImU ;
MsgType : text ;
Content : 为梦想打拼的路上，
有曲折，有艰辛，
只要有强健的体魄，
我们无惧失败。。。
八年铸一品，
日复一日，
坚持、奋斗、创造。。。
每天酵果菜谱，
与您携手共创每一刻的人生精彩。
您的健康，有我在！ ;

2016-09-05 13:41:04 trace :
------------
String:
<xml><ToUserName><![CDATA[gh_fbee6dda34f1]]></ToUserName>
<FromUserName><![CDATA[o1Sf9wuUDDS_BM0G-CbKx2umOImU]]></FromUserName>
<CreateTime>1473054210</CreateTime>
<MsgType><![CDATA[event]]></MsgType>
<Event><![CDATA[VIEW]]></Event>
<EventKey><![CDATA[http://mp.angelbeautyinc.com/app/index.php?i=8&c=entry&do=shop&m=ewei_shop]]></EventKey>
<MenuId>523914550</MenuId>
</xml>

2016-09-05 13:41:04 params :
------------
Array:
rule : -2 ;
module :  ;
message : Array ;

2016-09-05 13:41:04 response :
------------

2016-09-05 14:08:40 trace :
------------
String:
<xml><ToUserName><![CDATA[gh_fbee6dda34f1]]></ToUserName>
<FromUserName><![CDATA[o1Sf9wuUDDS_BM0G-CbKx2umOImU]]></FromUserName>
<CreateTime>1473055866</CreateTime>
<MsgType><![CDATA[event]]></MsgType>
<Event><![CDATA[VIEW]]></Event>
<EventKey><![CDATA[http://mp.angelbeautyinc.com/app/index.php?i=8&c=entry&do=shop&m=ewei_shop]]></EventKey>
<MenuId>523914550</MenuId>
</xml>

2016-09-05 14:08:40 params :
------------
Array:
rule : -2 ;
module :  ;
message : Array ;

2016-09-05 14:08:40 response :
------------

2016-09-05 14:19:05 trace :
------------
String:
<xml><ToUserName><![CDATA[gh_fbee6dda34f1]]></ToUserName>
<FromUserName><![CDATA[o1Sf9wuUDDS_BM0G-CbKx2umOImU]]></FromUserName>
<CreateTime>1473056491</CreateTime>
<MsgType><![CDATA[event]]></MsgType>
<Event><![CDATA[VIEW]]></Event>
<EventKey><![CDATA[http://mp.angelbeautyinc.com/app/index.php?i=8&c=entry&do=shop&m=ewei_shop]]></EventKey>
<MenuId>523914550</MenuId>
</xml>

2016-09-05 14:19:05 params :
------------
Array:
rule : -2 ;
module :  ;
message : Array ;

2016-09-05 14:19:05 response :
------------

2016-09-05 14:43:04 trace :
------------
String:
<xml><ToUserName><![CDATA[gh_fbee6dda34f1]]></ToUserName>
<FromUserName><![CDATA[o1Sf9wuUDDS_BM0G-CbKx2umOImU]]></FromUserName>
<CreateTime>1473057930</CreateTime>
<MsgType><![CDATA[event]]></MsgType>
<Event><![CDATA[VIEW]]></Event>
<EventKey><![CDATA[http://mp.angelbeautyinc.com/app/index.php?i=8&c=entry&do=shop&m=ewei_shop]]></EventKey>
<MenuId>523914550</MenuId>
</xml>

2016-09-05 14:43:04 params :
------------
Array:
rule : -2 ;
module :  ;
message : Array ;

2016-09-05 14:43:04 response :
------------

2016-09-05 15:12:24 trace :
------------
String:
<xml><ToUserName><![CDATA[gh_fbee6dda34f1]]></ToUserName>
<FromUserName><![CDATA[o1Sf9wiVbAE8eTBHl_teVBY0UTOU]]></FromUserName>
<CreateTime>1473059690</CreateTime>
<MsgType><![CDATA[event]]></MsgType>
<Event><![CDATA[VIEW]]></Event>
<EventKey><![CDATA[http://mp.angelbeautyinc.com/app/index.php?i=8&c=entry&do=member&m=ewei_shop]]></EventKey>
<MenuId>523914550</MenuId>
</xml>

2016-09-05 15:12:24 params :
------------
Array:
rule : -2 ;
module :  ;
message : Array ;

2016-09-05 15:12:24 response :
------------

2016-09-05 15:13:37 trace :
------------
String:
<xml><ToUserName><![CDATA[gh_fbee6dda34f1]]></ToUserName>
<FromUserName><![CDATA[o1Sf9wuUDDS_BM0G-CbKx2umOImU]]></FromUserName>
<CreateTime>1473059763</CreateTime>
<MsgType><![CDATA[event]]></MsgType>
<Event><![CDATA[VIEW]]></Event>
<EventKey><![CDATA[http://mp.angelbeautyinc.com/app/index.php?i=8&c=entry&do=shop&m=ewei_shop]]></EventKey>
<MenuId>523914550</MenuId>
</xml>

2016-09-05 15:13:37 params :
------------
Array:
rule : -2 ;
module :  ;
message : Array ;

2016-09-05 15:13:37 response :
------------

2016-09-05 15:13:49 trace :
------------
String:
<xml><ToUserName><![CDATA[gh_fbee6dda34f1]]></ToUserName>
<FromUserName><![CDATA[o1Sf9wuUDDS_BM0G-CbKx2umOImU]]></FromUserName>
<CreateTime>1473059775</CreateTime>
<MsgType><![CDATA[event]]></MsgType>
<Event><![CDATA[VIEW]]></Event>
<EventKey><![CDATA[http://mp.angelbeautyinc.com/app/index.php?i=8&c=entry&do=selfinspection&m=lrj_guide]]></EventKey>
<MenuId>523914550</MenuId>
</xml>

2016-09-05 15:13:49 params :
------------
Array:
rule : -2 ;
module :  ;
message : Array ;

2016-09-05 15:13:49 response :
------------

2016-09-05 15:52:02 trace :
------------
String:
<xml><ToUserName><![CDATA[gh_fbee6dda34f1]]></ToUserName>
<FromUserName><![CDATA[o1Sf9wuUDDS_BM0G-CbKx2umOImU]]></FromUserName>
<CreateTime>1473062068</CreateTime>
<MsgType><![CDATA[event]]></MsgType>
<Event><![CDATA[VIEW]]></Event>
<EventKey><![CDATA[http://mp.angelbeautyinc.com/app/index.php?i=8&c=entry&do=selfinspection&m=lrj_guide]]></EventKey>
<MenuId>523914550</MenuId>
</xml>

2016-09-05 15:52:02 params :
------------
Array:
rule : -2 ;
module :  ;
message : Array ;

2016-09-05 15:52:02 response :
------------

2016-09-05 15:56:47 trace :
------------
String:
<xml><ToUserName><![CDATA[gh_fbee6dda34f1]]></ToUserName>
<FromUserName><![CDATA[o1Sf9wuUDDS_BM0G-CbKx2umOImU]]></FromUserName>
<CreateTime>1473062353</CreateTime>
<MsgType><![CDATA[event]]></MsgType>
<Event><![CDATA[VIEW]]></Event>
<EventKey><![CDATA[http://mp.angelbeautyinc.com/app/index.php?i=8&c=entry&do=selfinspection&m=lrj_guide]]></EventKey>
<MenuId>523914550</MenuId>
</xml>

2016-09-05 15:56:47 params :
------------
Array:
rule : -2 ;
module :  ;
message : Array ;

2016-09-05 15:56:47 response :
------------

2016-09-05 15:58:12 trace :
------------
String:
<xml><ToUserName><![CDATA[gh_fbee6dda34f1]]></ToUserName>
<FromUserName><![CDATA[o1Sf9wuUDDS_BM0G-CbKx2umOImU]]></FromUserName>
<CreateTime>1473062438</CreateTime>
<MsgType><![CDATA[event]]></MsgType>
<Event><![CDATA[VIEW]]></Event>
<EventKey><![CDATA[http://mp.angelbeautyinc.com/app/index.php?i=8&c=entry&do=selfinspection&m=lrj_guide]]></EventKey>
<MenuId>523914550</MenuId>
</xml>

2016-09-05 15:58:12 params :
------------
Array:
rule : -2 ;
module :  ;
message : Array ;

2016-09-05 15:58:12 response :
------------

2016-09-05 15:58:39 trace :
------------
String:
<xml><ToUserName><![CDATA[gh_fbee6dda34f1]]></ToUserName>
<FromUserName><![CDATA[o1Sf9wuUDDS_BM0G-CbKx2umOImU]]></FromUserName>
<CreateTime>1473062465</CreateTime>
<MsgType><![CDATA[event]]></MsgType>
<Event><![CDATA[VIEW]]></Event>
<EventKey><![CDATA[http://mp.angelbeautyinc.com/app/index.php?i=8&c=entry&do=selfinspection&m=lrj_guide]]></EventKey>
<MenuId>523914550</MenuId>
</xml>

2016-09-05 15:58:39 params :
------------
Array:
rule : -2 ;
module :  ;
message : Array ;

2016-09-05 15:58:39 response :
------------

2016-09-05 15:59:13 trace :
------------
String:
<xml><ToUserName><![CDATA[gh_fbee6dda34f1]]></ToUserName>
<FromUserName><![CDATA[o1Sf9wuUDDS_BM0G-CbKx2umOImU]]></FromUserName>
<CreateTime>1473062499</CreateTime>
<MsgType><![CDATA[event]]></MsgType>
<Event><![CDATA[VIEW]]></Event>
<EventKey><![CDATA[http://mp.angelbeautyinc.com/app/index.php?i=8&c=entry&do=selfinspection&m=lrj_guide]]></EventKey>
<MenuId>523914550</MenuId>
</xml>

2016-09-05 15:59:13 params :
------------
Array:
rule : -2 ;
module :  ;
message : Array ;

2016-09-05 15:59:13 response :
------------

2016-09-05 15:59:24 trace :
------------
String:
<xml><ToUserName><![CDATA[gh_fbee6dda34f1]]></ToUserName>
<FromUserName><![CDATA[o1Sf9wuUDDS_BM0G-CbKx2umOImU]]></FromUserName>
<CreateTime>1473062510</CreateTime>
<MsgType><![CDATA[event]]></MsgType>
<Event><![CDATA[VIEW]]></Event>
<EventKey><![CDATA[http://mp.angelbeautyinc.com/app/index.php?i=8&c=entry&do=selfinspection&m=lrj_guide]]></EventKey>
<MenuId>523914550</MenuId>
</xml>

2016-09-05 15:59:24 params :
------------
Array:
rule : -2 ;
module :  ;
message : Array ;

2016-09-05 15:59:24 response :
------------

2016-09-05 16:00:36 trace :
------------
String:
<xml><ToUserName><![CDATA[gh_fbee6dda34f1]]></ToUserName>
<FromUserName><![CDATA[o1Sf9wuUDDS_BM0G-CbKx2umOImU]]></FromUserName>
<CreateTime>1473062582</CreateTime>
<MsgType><![CDATA[event]]></MsgType>
<Event><![CDATA[VIEW]]></Event>
<EventKey><![CDATA[http://mp.angelbeautyinc.com/app/index.php?i=8&c=entry&do=selfinspection&m=lrj_guide]]></EventKey>
<MenuId>523914550</MenuId>
</xml>

2016-09-05 16:00:36 params :
------------
Array:
rule : -2 ;
module :  ;
message : Array ;

2016-09-05 16:00:36 response :
------------

2016-09-05 16:00:45 trace :
------------
String:
<xml><ToUserName><![CDATA[gh_fbee6dda34f1]]></ToUserName>
<FromUserName><![CDATA[o1Sf9wuUDDS_BM0G-CbKx2umOImU]]></FromUserName>
<CreateTime>1473062591</CreateTime>
<MsgType><![CDATA[event]]></MsgType>
<Event><![CDATA[VIEW]]></Event>
<EventKey><![CDATA[http://mp.angelbeautyinc.com/app/index.php?i=8&c=entry&do=selfinspection&m=lrj_guide]]></EventKey>
<MenuId>523914550</MenuId>
</xml>

2016-09-05 16:00:45 params :
------------
Array:
rule : -2 ;
module :  ;
message : Array ;

2016-09-05 16:00:45 response :
------------

2016-09-05 16:04:54 trace :
------------
String:
<xml><ToUserName><![CDATA[gh_fbee6dda34f1]]></ToUserName>
<FromUserName><![CDATA[o1Sf9wuUDDS_BM0G-CbKx2umOImU]]></FromUserName>
<CreateTime>1473062840</CreateTime>
<MsgType><![CDATA[event]]></MsgType>
<Event><![CDATA[VIEW]]></Event>
<EventKey><![CDATA[http://mp.angelbeautyinc.com/app/index.php?i=8&c=entry&do=selfinspection&m=lrj_guide]]></EventKey>
<MenuId>523914550</MenuId>
</xml>

2016-09-05 16:04:54 params :
------------
Array:
rule : -2 ;
module :  ;
message : Array ;

2016-09-05 16:04:54 response :
------------

2016-09-05 16:05:47 trace :
------------
String:
<xml><ToUserName><![CDATA[gh_fbee6dda34f1]]></ToUserName>
<FromUserName><![CDATA[o1Sf9wuUDDS_BM0G-CbKx2umOImU]]></FromUserName>
<CreateTime>1473062893</CreateTime>
<MsgType><![CDATA[event]]></MsgType>
<Event><![CDATA[VIEW]]></Event>
<EventKey><![CDATA[http://mp.angelbeautyinc.com/app/index.php?i=8&c=entry&do=selfinspection&m=lrj_guide]]></EventKey>
<MenuId>523914550</MenuId>
</xml>

2016-09-05 16:05:47 params :
------------
Array:
rule : -2 ;
module :  ;
message : Array ;

2016-09-05 16:05:47 response :
------------

2016-09-05 16:06:00 trace :
------------
String:
<xml><ToUserName><![CDATA[gh_fbee6dda34f1]]></ToUserName>
<FromUserName><![CDATA[o1Sf9wuUDDS_BM0G-CbKx2umOImU]]></FromUserName>
<CreateTime>1473062906</CreateTime>
<MsgType><![CDATA[event]]></MsgType>
<Event><![CDATA[VIEW]]></Event>
<EventKey><![CDATA[http://mp.angelbeautyinc.com/app/index.php?i=8&c=entry&do=selfinspection&m=lrj_guide]]></EventKey>
<MenuId>523914550</MenuId>
</xml>

2016-09-05 16:06:00 params :
------------
Array:
rule : -2 ;
module :  ;
message : Array ;

2016-09-05 16:06:00 response :
------------

2016-09-05 16:10:38 trace :
------------
String:
<xml><ToUserName><![CDATA[gh_fbee6dda34f1]]></ToUserName>
<FromUserName><![CDATA[o1Sf9wuUDDS_BM0G-CbKx2umOImU]]></FromUserName>
<CreateTime>1473063184</CreateTime>
<MsgType><![CDATA[event]]></MsgType>
<Event><![CDATA[VIEW]]></Event>
<EventKey><![CDATA[http://mp.angelbeautyinc.com/app/index.php?i=8&c=entry&do=selfinspection&m=lrj_guide]]></EventKey>
<MenuId>523914550</MenuId>
</xml>

2016-09-05 16:10:38 params :
------------
Array:
rule : -2 ;
module :  ;
message : Array ;

2016-09-05 16:10:38 response :
------------

2016-09-05 16:11:22 trace :
------------
String:
<xml><ToUserName><![CDATA[gh_fbee6dda34f1]]></ToUserName>
<FromUserName><![CDATA[o1Sf9wuUDDS_BM0G-CbKx2umOImU]]></FromUserName>
<CreateTime>1473063228</CreateTime>
<MsgType><![CDATA[event]]></MsgType>
<Event><![CDATA[VIEW]]></Event>
<EventKey><![CDATA[http://mp.angelbeautyinc.com/app/index.php?i=8&c=entry&do=selfinspection&m=lrj_guide]]></EventKey>
<MenuId>523914550</MenuId>
</xml>

2016-09-05 16:11:22 params :
------------
Array:
rule : -2 ;
module :  ;
message : Array ;

2016-09-05 16:11:22 response :
------------

2016-09-05 16:11:36 trace :
------------
String:
<xml><ToUserName><![CDATA[gh_fbee6dda34f1]]></ToUserName>
<FromUserName><![CDATA[o1Sf9wuUDDS_BM0G-CbKx2umOImU]]></FromUserName>
<CreateTime>1473063242</CreateTime>
<MsgType><![CDATA[event]]></MsgType>
<Event><![CDATA[VIEW]]></Event>
<EventKey><![CDATA[http://mp.angelbeautyinc.com/app/index.php?i=8&c=entry&do=selfinspection&m=lrj_guide]]></EventKey>
<MenuId>523914550</MenuId>
</xml>

2016-09-05 16:11:36 params :
------------
Array:
rule : -2 ;
module :  ;
message : Array ;

2016-09-05 16:11:36 response :
------------

2016-09-05 16:12:42 trace :
------------
String:
<xml><ToUserName><![CDATA[gh_fbee6dda34f1]]></ToUserName>
<FromUserName><![CDATA[o1Sf9wuUDDS_BM0G-CbKx2umOImU]]></FromUserName>
<CreateTime>1473063308</CreateTime>
<MsgType><![CDATA[event]]></MsgType>
<Event><![CDATA[VIEW]]></Event>
<EventKey><![CDATA[http://mp.angelbeautyinc.com/app/index.php?i=8&c=entry&do=selfinspection&m=lrj_guide]]></EventKey>
<MenuId>523914550</MenuId>
</xml>

2016-09-05 16:12:42 params :
------------
Array:
rule : -2 ;
module :  ;
message : Array ;

2016-09-05 16:12:42 response :
------------

2016-09-05 16:13:01 trace :
------------
String:
<xml><ToUserName><![CDATA[gh_fbee6dda34f1]]></ToUserName>
<FromUserName><![CDATA[o1Sf9wuUDDS_BM0G-CbKx2umOImU]]></FromUserName>
<CreateTime>1473063327</CreateTime>
<MsgType><![CDATA[event]]></MsgType>
<Event><![CDATA[VIEW]]></Event>
<EventKey><![CDATA[http://mp.angelbeautyinc.com/app/index.php?i=8&c=entry&do=selfinspection&m=lrj_guide]]></EventKey>
<MenuId>523914550</MenuId>
</xml>

2016-09-05 16:13:01 params :
------------
Array:
rule : -2 ;
module :  ;
message : Array ;

2016-09-05 16:13:01 response :
------------

2016-09-05 17:51:25 trace :
------------
String:
<xml><ToUserName><![CDATA[gh_fbee6dda34f1]]></ToUserName>
<FromUserName><![CDATA[o1Sf9wiVbAE8eTBHl_teVBY0UTOU]]></FromUserName>
<CreateTime>1473069231</CreateTime>
<MsgType><![CDATA[event]]></MsgType>
<Event><![CDATA[VIEW]]></Event>
<EventKey><![CDATA[http://mp.angelbeautyinc.com/app/index.php?i=8&c=entry&do=member&m=ewei_shop]]></EventKey>
<MenuId>523914550</MenuId>
</xml>

2016-09-05 17:51:25 params :
------------
Array:
rule : -2 ;
module :  ;
message : Array ;

2016-09-05 17:51:25 response :
------------

2016-09-05 17:55:06 trace :
------------
String:
<xml><ToUserName><![CDATA[gh_fbee6dda34f1]]></ToUserName>
<FromUserName><![CDATA[o1Sf9wiVbAE8eTBHl_teVBY0UTOU]]></FromUserName>
<CreateTime>1473069452</CreateTime>
<MsgType><![CDATA[event]]></MsgType>
<Event><![CDATA[VIEW]]></Event>
<EventKey><![CDATA[http://mp.angelbeautyinc.com/app/index.php?i=8&c=entry&id=1&do=detail&m=news&wxref=mp.weixin.qq.com#wechat_redirect]]></EventKey>
<MenuId>523914550</MenuId>
</xml>

2016-09-05 17:55:06 params :
------------
Array:
rule : -2 ;
module :  ;
message : Array ;

2016-09-05 17:55:06 response :
------------

2016-09-05 17:55:13 trace :
------------
String:
<xml><ToUserName><![CDATA[gh_fbee6dda34f1]]></ToUserName>
<FromUserName><![CDATA[o1Sf9wiVbAE8eTBHl_teVBY0UTOU]]></FromUserName>
<CreateTime>1473069459</CreateTime>
<MsgType><![CDATA[event]]></MsgType>
<Event><![CDATA[VIEW]]></Event>
<EventKey><![CDATA[http://mp.angelbeautyinc.com/app/index.php?i=8&c=entry&id=2&do=detail&m=news&wxref=mp.weixin.qq.com#wechat_redirect]]></EventKey>
<MenuId>523914550</MenuId>
</xml>

2016-09-05 17:55:13 params :
------------
Array:
rule : -2 ;
module :  ;
message : Array ;

2016-09-05 17:55:13 response :
------------

2016-09-05 17:55:59 trace :
------------
String:
<xml><ToUserName><![CDATA[gh_fbee6dda34f1]]></ToUserName>
<FromUserName><![CDATA[o1Sf9wiVbAE8eTBHl_teVBY0UTOU]]></FromUserName>
<CreateTime>1473069505</CreateTime>
<MsgType><![CDATA[event]]></MsgType>
<Event><![CDATA[VIEW]]></Event>
<EventKey><![CDATA[http://mp.angelbeautyinc.com/app/index.php?i=8&c=entry&id=1&do=detail&m=news&wxref=mp.weixin.qq.com#wechat_redirect]]></EventKey>
<MenuId>523914550</MenuId>
</xml>

2016-09-05 17:55:59 params :
------------
Array:
rule : -2 ;
module :  ;
message : Array ;

2016-09-05 17:55:59 response :
------------

2016-09-05 17:57:55 trace :
------------
String:
<xml><ToUserName><![CDATA[gh_fbee6dda34f1]]></ToUserName>
<FromUserName><![CDATA[o1Sf9wiVbAE8eTBHl_teVBY0UTOU]]></FromUserName>
<CreateTime>1473069616</CreateTime>
<MsgType><![CDATA[event]]></MsgType>
<Event><![CDATA[VIEW]]></Event>
<EventKey><![CDATA[http://mp.angelbeautyinc.com/app/index.php?i=8&c=entry&do=shop&m=ewei_shop]]></EventKey>
<MenuId>523914550</MenuId>
</xml>

2016-09-05 17:57:55 params :
------------
Array:
rule : -2 ;
module :  ;
message : Array ;

2016-09-05 17:57:55 response :
------------

