2016-05-06 11:35:22 trace :
------------
Array:
from : oqCObuEZHsOFU7_eo1-K0-gWvGIg ;
to : gh_5013f37369ce ;
time : 1462505805 ;
type : event ;
event : subscribe ;
tousername : gh_5013f37369ce ;
fromusername : oqCObuEZHsOFU7_eo1-K0-gWvGIg ;
createtime : 1462505805 ;
msgtype : event ;
eventkey :  ;

2016-05-06 11:35:22 params :
------------
Array:
rule : -2 ;
module :  ;
message : Array ;

2016-05-06 11:35:22 response :
------------

2016-05-06 15:33:44 trace :
------------
Array:
from : oqCObuJ3rt3zU9QKVtGMGtLgfdOg ;
to : gh_5013f37369ce ;
time : 1462520108 ;
type : event ;
event : subscribe ;
tousername : gh_5013f37369ce ;
fromusername : oqCObuJ3rt3zU9QKVtGMGtLgfdOg ;
createtime : 1462520108 ;
msgtype : event ;
eventkey :  ;

2016-05-06 15:33:44 params :
------------
Array:
rule : -2 ;
module :  ;
message : Array ;

2016-05-06 15:33:44 response :
------------

2016-05-06 15:47:44 trace :
------------
Array:
from : oqCObuJsrj3XotIGUtkGxvH4Oqcw ;
to : gh_5013f37369ce ;
time : 1462520948 ;
type : event ;
event : VIEW ;
tousername : gh_5013f37369ce ;
fromusername : oqCObuJsrj3XotIGUtkGxvH4Oqcw ;
createtime : 1462520948 ;
msgtype : event ;
eventkey : http://mp.weixin.qq.com/s?__biz=MzA5MzE5NzExNw==&mid=10001097&idx=1&sn=8338ffe385dcd8dd1f376fc1a2fd50ff&scene=18#rd ;
menuid : 208007648 ;

2016-05-06 15:47:44 params :
------------
Array:
rule : -2 ;
module :  ;
message : Array ;

2016-05-06 15:47:44 response :
------------

2016-05-06 15:47:53 trace :
------------
Array:
from : oqCObuJsrj3XotIGUtkGxvH4Oqcw ;
to : gh_5013f37369ce ;
time : 1462520957 ;
type : event ;
event : VIEW ;
tousername : gh_5013f37369ce ;
fromusername : oqCObuJsrj3XotIGUtkGxvH4Oqcw ;
createtime : 1462520957 ;
msgtype : event ;
eventkey : http://mp.weixin.qq.com/s?__biz=MzA5MzE5NzExNw==&mid=10001097&idx=1&sn=8338ffe385dcd8dd1f376fc1a2fd50ff&scene=18#rd ;
menuid : 208007648 ;

2016-05-06 15:47:53 params :
------------
Array:
rule : -2 ;
module :  ;
message : Array ;

2016-05-06 15:47:53 response :
------------

2016-05-06 15:47:58 trace :
------------
Array:
from : oqCObuJsrj3XotIGUtkGxvH4Oqcw ;
to : gh_5013f37369ce ;
time : 1462520962 ;
type : event ;
event : VIEW ;
tousername : gh_5013f37369ce ;
fromusername : oqCObuJsrj3XotIGUtkGxvH4Oqcw ;
createtime : 1462520962 ;
msgtype : event ;
eventkey : http://mp.weixin.qq.com/s?__biz=MzA5MzE5NzExNw==&mid=10001097&idx=1&sn=8338ffe385dcd8dd1f376fc1a2fd50ff&scene=18#rd ;
menuid : 208007648 ;

2016-05-06 15:47:58 params :
------------
Array:
rule : -2 ;
module :  ;
message : Array ;

2016-05-06 15:47:58 response :
------------

2016-05-06 15:54:47 trace :
------------
Array:
from : oqCObuIjTDeTTOcDFrosb4heDszQ ;
to : gh_5013f37369ce ;
time : 1462521372 ;
type : event ;
event : subscribe ;
tousername : gh_5013f37369ce ;
fromusername : oqCObuIjTDeTTOcDFrosb4heDszQ ;
createtime : 1462521372 ;
msgtype : event ;
eventkey :  ;

2016-05-06 15:54:47 params :
------------
Array:
rule : -2 ;
module :  ;
message : Array ;

2016-05-06 15:54:47 response :
------------

2016-05-06 20:42:43 trace :
------------
Array:
from : oqCObuM8N-UOiyFEcx2Go-mXm5c0 ;
to : gh_5013f37369ce ;
time : 1462538647 ;
type : event ;
event : subscribe ;
tousername : gh_5013f37369ce ;
fromusername : oqCObuM8N-UOiyFEcx2Go-mXm5c0 ;
createtime : 1462538647 ;
msgtype : event ;
eventkey :  ;

2016-05-06 20:42:43 params :
------------
Array:
rule : -2 ;
module :  ;
message : Array ;

2016-05-06 20:42:43 response :
------------

2016-05-06 20:42:53 trace :
------------
Array:
from : oqCObuM8N-UOiyFEcx2Go-mXm5c0 ;
to : gh_5013f37369ce ;
time : 1462538657 ;
type : event ;
event : VIEW ;
tousername : gh_5013f37369ce ;
fromusername : oqCObuM8N-UOiyFEcx2Go-mXm5c0 ;
createtime : 1462538657 ;
msgtype : event ;
eventkey : http://mp.weixin.qq.com/s?__biz=MzA5MzE5NzExNw==&mid=10001097&idx=1&sn=8338ffe385dcd8dd1f376fc1a2fd50ff&scene=18#rd ;
menuid : 208007648 ;

2016-05-06 20:42:53 params :
------------
Array:
rule : -2 ;
module :  ;
message : Array ;

2016-05-06 20:42:53 response :
------------

2016-05-06 20:51:52 trace :
------------
Array:
from : oqCObuM8N-UOiyFEcx2Go-mXm5c0 ;
to : gh_5013f37369ce ;
time : 1462539196 ;
type : event ;
event : VIEW ;
tousername : gh_5013f37369ce ;
fromusername : oqCObuM8N-UOiyFEcx2Go-mXm5c0 ;
createtime : 1462539196 ;
msgtype : event ;
eventkey : http://mp.weixin.qq.com/s?__biz=MzA5MzE5NzExNw==&mid=10001097&idx=1&sn=8338ffe385dcd8dd1f376fc1a2fd50ff&scene=18#rd ;
menuid : 208007648 ;

2016-05-06 20:51:52 params :
------------
Array:
rule : -2 ;
module :  ;
message : Array ;

2016-05-06 20:51:52 response :
------------

2016-05-06 20:58:16 trace :
------------
Array:
from : oqCObuM8N-UOiyFEcx2Go-mXm5c0 ;
to : gh_5013f37369ce ;
time : 1462539581 ;
type : event ;
event : subscribe ;
tousername : gh_5013f37369ce ;
fromusername : oqCObuM8N-UOiyFEcx2Go-mXm5c0 ;
createtime : 1462539581 ;
msgtype : event ;
eventkey :  ;

2016-05-06 20:58:16 params :
------------
Array:
rule : -2 ;
module :  ;
message : Array ;

2016-05-06 20:58:16 response :
------------

2016-05-06 20:58:36 trace :
------------
Array:
from : oqCObuM8N-UOiyFEcx2Go-mXm5c0 ;
to : gh_5013f37369ce ;
time : 1462539600 ;
type : event ;
event : VIEW ;
tousername : gh_5013f37369ce ;
fromusername : oqCObuM8N-UOiyFEcx2Go-mXm5c0 ;
createtime : 1462539600 ;
msgtype : event ;
eventkey : http://mp.weixin.qq.com/s?__biz=MzA5MzE5NzExNw==&mid=10001097&idx=1&sn=8338ffe385dcd8dd1f376fc1a2fd50ff&scene=18#rd ;
menuid : 208007648 ;

2016-05-06 20:58:36 params :
------------
Array:
rule : -2 ;
module :  ;
message : Array ;

2016-05-06 20:58:36 response :
------------

2016-05-06 22:27:28 trace :
------------
Array:
from : oqCObuM8N-UOiyFEcx2Go-mXm5c0 ;
to : gh_5013f37369ce ;
time : 1462544932 ;
type : event ;
event : subscribe ;
tousername : gh_5013f37369ce ;
fromusername : oqCObuM8N-UOiyFEcx2Go-mXm5c0 ;
createtime : 1462544932 ;
msgtype : event ;
eventkey :  ;

2016-05-06 22:27:28 params :
------------
Array:
rule : -2 ;
module :  ;
message : Array ;

2016-05-06 22:27:28 response :
------------

2016-05-06 22:27:38 trace :
------------
Array:
from : oqCObuM8N-UOiyFEcx2Go-mXm5c0 ;
to : gh_5013f37369ce ;
time : 1462544942 ;
type : event ;
event : VIEW ;
tousername : gh_5013f37369ce ;
fromusername : oqCObuM8N-UOiyFEcx2Go-mXm5c0 ;
createtime : 1462544942 ;
msgtype : event ;
eventkey : http://mp.weixin.qq.com/s?__biz=MzA5MzE5NzExNw==&mid=10001097&idx=1&sn=8338ffe385dcd8dd1f376fc1a2fd50ff&scene=18#rd ;
menuid : 208007648 ;

2016-05-06 22:27:38 params :
------------
Array:
rule : -2 ;
module :  ;
message : Array ;

2016-05-06 22:27:38 response :
------------

2016-05-06 23:10:11 trace :
------------
Array:
from : oqCObuM8N-UOiyFEcx2Go-mXm5c0 ;
to : gh_5013f37369ce ;
time : 1462547495 ;
type : event ;
event : VIEW ;
tousername : gh_5013f37369ce ;
fromusername : oqCObuM8N-UOiyFEcx2Go-mXm5c0 ;
createtime : 1462547495 ;
msgtype : event ;
eventkey : http://mp.weixin.qq.com/s?__biz=MzA5MzE5NzExNw==&mid=10001097&idx=1&sn=8338ffe385dcd8dd1f376fc1a2fd50ff&scene=18#rd ;
menuid : 208007648 ;

2016-05-06 23:10:11 params :
------------
Array:
rule : -2 ;
module :  ;
message : Array ;

2016-05-06 23:10:11 response :
------------

