2016-10-21 09:10:32 trace :
------------
String:
<xml><ToUserName><![CDATA[gh_fbee6dda34f1]]></ToUserName>
<FromUserName><![CDATA[o1Sf9wkKBQehW95uXJpMpNu1EkCg]]></FromUserName>
<CreateTime>1477012445</CreateTime>
<MsgType><![CDATA[event]]></MsgType>
<Event><![CDATA[VIEW]]></Event>
<EventKey><![CDATA[http://mp.angelbeautyinc.com/app/index.php?i=8&c=entry&do=associate&m=lrj_guide]]></EventKey>
<MenuId>525514519</MenuId>
</xml>

2016-10-21 09:10:32 params :
------------
Array:
rule : -2 ;
module :  ;
message : Array ;

2016-10-21 09:10:32 response :
------------

2016-10-21 09:10:46 trace :
------------
String:
<xml><ToUserName><![CDATA[gh_fbee6dda34f1]]></ToUserName>
<FromUserName><![CDATA[o1Sf9wkKBQehW95uXJpMpNu1EkCg]]></FromUserName>
<CreateTime>1477012459</CreateTime>
<MsgType><![CDATA[event]]></MsgType>
<Event><![CDATA[VIEW]]></Event>
<EventKey><![CDATA[http://mp.angelbeautyinc.com/app/index.php?i=8&c=entry&do=selfinspection&m=lrj_guide]]></EventKey>
<MenuId>525514519</MenuId>
</xml>

2016-10-21 09:10:46 params :
------------
Array:
rule : -2 ;
module :  ;
message : Array ;

2016-10-21 09:10:46 response :
------------

2016-10-21 09:17:55 trace :
------------
String:
<xml><ToUserName><![CDATA[gh_fbee6dda34f1]]></ToUserName>
<FromUserName><![CDATA[o1Sf9wkKBQehW95uXJpMpNu1EkCg]]></FromUserName>
<CreateTime>1477012888</CreateTime>
<MsgType><![CDATA[event]]></MsgType>
<Event><![CDATA[VIEW]]></Event>
<EventKey><![CDATA[http://mp.angelbeautyinc.com/app/index.php?i=8&c=entry&do=shop&m=ewei_shop]]></EventKey>
<MenuId>525514519</MenuId>
</xml>

2016-10-21 09:17:55 params :
------------
Array:
rule : -2 ;
module :  ;
message : Array ;

2016-10-21 09:17:55 response :
------------

2016-10-21 09:19:27 trace :
------------
String:
<xml><ToUserName><![CDATA[gh_fbee6dda34f1]]></ToUserName>
<FromUserName><![CDATA[o1Sf9wh6vHNzBtcODxBVyLMnuXAA]]></FromUserName>
<CreateTime>1477012977</CreateTime>
<MsgType><![CDATA[event]]></MsgType>
<Event><![CDATA[VIEW]]></Event>
<EventKey><![CDATA[http://mp.angelbeautyinc.com/app/index.php?i=8&c=entry&do=selfinspection&m=lrj_guide]]></EventKey>
<MenuId>525514519</MenuId>
</xml>

2016-10-21 09:19:27 params :
------------
Array:
rule : -2 ;
module :  ;
message : Array ;

2016-10-21 09:19:27 response :
------------

2016-10-21 09:19:56 trace :
------------
String:
<xml><ToUserName><![CDATA[gh_fbee6dda34f1]]></ToUserName>
<FromUserName><![CDATA[o1Sf9wh6vHNzBtcODxBVyLMnuXAA]]></FromUserName>
<CreateTime>1477013009</CreateTime>
<MsgType><![CDATA[event]]></MsgType>
<Event><![CDATA[VIEW]]></Event>
<EventKey><![CDATA[http://mp.angelbeautyinc.com/app/index.php?i=8&c=entry&do=shop&m=ewei_shop]]></EventKey>
<MenuId>525514519</MenuId>
</xml>

2016-10-21 09:19:56 params :
------------
Array:
rule : -2 ;
module :  ;
message : Array ;

2016-10-21 09:19:56 response :
------------

2016-10-21 10:05:34 trace :
------------
String:
<xml><ToUserName><![CDATA[gh_fbee6dda34f1]]></ToUserName>
<FromUserName><![CDATA[o1Sf9wuUDDS_BM0G-CbKx2umOImU]]></FromUserName>
<CreateTime>1477015747</CreateTime>
<MsgType><![CDATA[event]]></MsgType>
<Event><![CDATA[VIEW]]></Event>
<EventKey><![CDATA[http://mp.angelbeautyinc.com/app/index.php?i=8&c=entry&do=associate&m=lrj_guide]]></EventKey>
<MenuId>525514519</MenuId>
</xml>

2016-10-21 10:05:34 params :
------------
Array:
rule : -2 ;
module :  ;
message : Array ;

2016-10-21 10:05:34 response :
------------

2016-10-21 10:14:20 trace :
------------
String:
<xml><ToUserName><![CDATA[gh_fbee6dda34f1]]></ToUserName>
<FromUserName><![CDATA[o1Sf9wuUDDS_BM0G-CbKx2umOImU]]></FromUserName>
<CreateTime>1477016273</CreateTime>
<MsgType><![CDATA[event]]></MsgType>
<Event><![CDATA[VIEW]]></Event>
<EventKey><![CDATA[http://mp.angelbeautyinc.com/app/index.php?i=8&c=entry&do=associate&m=lrj_guide]]></EventKey>
<MenuId>525514519</MenuId>
</xml>

2016-10-21 10:14:20 params :
------------
Array:
rule : -2 ;
module :  ;
message : Array ;

2016-10-21 10:14:20 response :
------------

2016-10-21 10:54:09 trace :
------------
String:
<xml><ToUserName><![CDATA[gh_fbee6dda34f1]]></ToUserName>
<FromUserName><![CDATA[o1Sf9wuUDDS_BM0G-CbKx2umOImU]]></FromUserName>
<CreateTime>1477018662</CreateTime>
<MsgType><![CDATA[event]]></MsgType>
<Event><![CDATA[VIEW]]></Event>
<EventKey><![CDATA[http://mp.angelbeautyinc.com/app/index.php?i=8&c=entry&do=selfinspection&m=lrj_guide]]></EventKey>
<MenuId>525514519</MenuId>
</xml>

2016-10-21 10:54:09 params :
------------
Array:
rule : -2 ;
module :  ;
message : Array ;

2016-10-21 10:54:09 response :
------------

2016-10-21 10:57:02 trace :
------------
String:
<xml><ToUserName><![CDATA[gh_fbee6dda34f1]]></ToUserName>
<FromUserName><![CDATA[o1Sf9wuUDDS_BM0G-CbKx2umOImU]]></FromUserName>
<CreateTime>1477018835</CreateTime>
<MsgType><![CDATA[event]]></MsgType>
<Event><![CDATA[VIEW]]></Event>
<EventKey><![CDATA[http://mp.angelbeautyinc.com/app/index.php?i=8&c=entry&do=selfinspection&m=lrj_guide]]></EventKey>
<MenuId>525514519</MenuId>
</xml>

2016-10-21 10:57:02 params :
------------
Array:
rule : -2 ;
module :  ;
message : Array ;

2016-10-21 10:57:02 response :
------------

2016-10-21 10:57:45 trace :
------------
String:
<xml><ToUserName><![CDATA[gh_fbee6dda34f1]]></ToUserName>
<FromUserName><![CDATA[o1Sf9wuUDDS_BM0G-CbKx2umOImU]]></FromUserName>
<CreateTime>1477018875</CreateTime>
<MsgType><![CDATA[event]]></MsgType>
<Event><![CDATA[VIEW]]></Event>
<EventKey><![CDATA[http://mp.angelbeautyinc.com/app/index.php?i=8&c=entry&do=selfinspection&m=lrj_guide]]></EventKey>
<MenuId>525514519</MenuId>
</xml>

2016-10-21 10:57:45 params :
------------
Array:
rule : -2 ;
module :  ;
message : Array ;

2016-10-21 10:57:45 response :
------------

2016-10-21 11:01:11 trace :
------------
String:
<xml><ToUserName><![CDATA[gh_fbee6dda34f1]]></ToUserName>
<FromUserName><![CDATA[o1Sf9wuUDDS_BM0G-CbKx2umOImU]]></FromUserName>
<CreateTime>1477019084</CreateTime>
<MsgType><![CDATA[event]]></MsgType>
<Event><![CDATA[VIEW]]></Event>
<EventKey><![CDATA[http://mp.angelbeautyinc.com/app/index.php?i=8&c=entry&do=selfinspection&m=lrj_guide]]></EventKey>
<MenuId>525514519</MenuId>
</xml>

2016-10-21 11:01:11 params :
------------
Array:
rule : -2 ;
module :  ;
message : Array ;

2016-10-21 11:01:11 response :
------------

2016-10-21 11:02:39 trace :
------------
String:
<xml><ToUserName><![CDATA[gh_fbee6dda34f1]]></ToUserName>
<FromUserName><![CDATA[o1Sf9wuUDDS_BM0G-CbKx2umOImU]]></FromUserName>
<CreateTime>1477019172</CreateTime>
<MsgType><![CDATA[event]]></MsgType>
<Event><![CDATA[VIEW]]></Event>
<EventKey><![CDATA[http://mp.angelbeautyinc.com/app/index.php?i=8&c=entry&do=selfinspection&m=lrj_guide]]></EventKey>
<MenuId>525514519</MenuId>
</xml>

2016-10-21 11:02:39 params :
------------
Array:
rule : -2 ;
module :  ;
message : Array ;

2016-10-21 11:02:39 response :
------------

2016-10-21 11:03:11 trace :
------------
String:
<xml><ToUserName><![CDATA[gh_fbee6dda34f1]]></ToUserName>
<FromUserName><![CDATA[o1Sf9wuUDDS_BM0G-CbKx2umOImU]]></FromUserName>
<CreateTime>1477019201</CreateTime>
<MsgType><![CDATA[event]]></MsgType>
<Event><![CDATA[VIEW]]></Event>
<EventKey><![CDATA[http://mp.angelbeautyinc.com/app/index.php?i=8&c=entry&do=selfinspection&m=lrj_guide]]></EventKey>
<MenuId>525514519</MenuId>
</xml>

2016-10-21 11:03:11 params :
------------
Array:
rule : -2 ;
module :  ;
message : Array ;

2016-10-21 11:03:11 response :
------------

2016-10-21 11:03:47 trace :
------------
String:
<xml><ToUserName><![CDATA[gh_fbee6dda34f1]]></ToUserName>
<FromUserName><![CDATA[o1Sf9wuUDDS_BM0G-CbKx2umOImU]]></FromUserName>
<CreateTime>1477019240</CreateTime>
<MsgType><![CDATA[event]]></MsgType>
<Event><![CDATA[VIEW]]></Event>
<EventKey><![CDATA[http://mp.angelbeautyinc.com/app/index.php?i=8&c=entry&do=selfinspection&m=lrj_guide]]></EventKey>
<MenuId>525514519</MenuId>
</xml>

2016-10-21 11:03:47 params :
------------
Array:
rule : -2 ;
module :  ;
message : Array ;

2016-10-21 11:03:47 response :
------------

2016-10-21 11:06:09 trace :
------------
String:
<xml><ToUserName><![CDATA[gh_fbee6dda34f1]]></ToUserName>
<FromUserName><![CDATA[o1Sf9wiVbAE8eTBHl_teVBY0UTOU]]></FromUserName>
<CreateTime>1477019382</CreateTime>
<MsgType><![CDATA[event]]></MsgType>
<Event><![CDATA[VIEW]]></Event>
<EventKey><![CDATA[http://mp.angelbeautyinc.com/app/index.php?i=8&c=entry&do=member&m=ewei_shop]]></EventKey>
<MenuId>525514519</MenuId>
</xml>

2016-10-21 11:06:09 params :
------------
Array:
rule : -2 ;
module :  ;
message : Array ;

2016-10-21 11:06:09 response :
------------

2016-10-21 11:12:10 trace :
------------
String:
<xml><ToUserName><![CDATA[gh_fbee6dda34f1]]></ToUserName>
<FromUserName><![CDATA[o1Sf9wuUDDS_BM0G-CbKx2umOImU]]></FromUserName>
<CreateTime>1477019743</CreateTime>
<MsgType><![CDATA[event]]></MsgType>
<Event><![CDATA[VIEW]]></Event>
<EventKey><![CDATA[http://mp.angelbeautyinc.com/app/index.php?i=8&c=entry&do=selfinspection&m=lrj_guide]]></EventKey>
<MenuId>525514519</MenuId>
</xml>

2016-10-21 11:12:10 params :
------------
Array:
rule : -2 ;
module :  ;
message : Array ;

2016-10-21 11:12:10 response :
------------

2016-10-21 11:15:04 trace :
------------
String:
<xml><ToUserName><![CDATA[gh_fbee6dda34f1]]></ToUserName>
<FromUserName><![CDATA[o1Sf9wiVbAE8eTBHl_teVBY0UTOU]]></FromUserName>
<CreateTime>1477019916</CreateTime>
<MsgType><![CDATA[event]]></MsgType>
<Event><![CDATA[VIEW]]></Event>
<EventKey><![CDATA[http://mp.angelbeautyinc.com/app/index.php?i=8&c=entry&do=member&m=ewei_shop]]></EventKey>
<MenuId>525514519</MenuId>
</xml>

2016-10-21 11:15:04 params :
------------
Array:
rule : -2 ;
module :  ;
message : Array ;

2016-10-21 11:15:04 response :
------------

2016-10-21 11:19:47 trace :
------------
String:
<xml><ToUserName><![CDATA[gh_fbee6dda34f1]]></ToUserName>
<FromUserName><![CDATA[o1Sf9wuUDDS_BM0G-CbKx2umOImU]]></FromUserName>
<CreateTime>1477020200</CreateTime>
<MsgType><![CDATA[event]]></MsgType>
<Event><![CDATA[VIEW]]></Event>
<EventKey><![CDATA[http://mp.angelbeautyinc.com/app/index.php?i=8&c=entry&do=selfinspection&m=lrj_guide]]></EventKey>
<MenuId>525514519</MenuId>
</xml>

2016-10-21 11:19:47 params :
------------
Array:
rule : -2 ;
module :  ;
message : Array ;

2016-10-21 11:19:47 response :
------------

2016-10-21 11:47:11 trace :
------------
String:
<xml><ToUserName><![CDATA[gh_fbee6dda34f1]]></ToUserName>
<FromUserName><![CDATA[o1Sf9wuUDDS_BM0G-CbKx2umOImU]]></FromUserName>
<CreateTime>1477021844</CreateTime>
<MsgType><![CDATA[event]]></MsgType>
<Event><![CDATA[VIEW]]></Event>
<EventKey><![CDATA[http://mp.angelbeautyinc.com/app/index.php?i=8&c=entry&do=selfinspection&m=lrj_guide]]></EventKey>
<MenuId>525514519</MenuId>
</xml>

2016-10-21 11:47:11 params :
------------
Array:
rule : -2 ;
module :  ;
message : Array ;

2016-10-21 11:47:11 response :
------------

2016-10-21 13:08:50 trace :
------------
String:
<xml><ToUserName><![CDATA[gh_fbee6dda34f1]]></ToUserName>
<FromUserName><![CDATA[o1Sf9wkKBQehW95uXJpMpNu1EkCg]]></FromUserName>
<CreateTime>1477026742</CreateTime>
<MsgType><![CDATA[event]]></MsgType>
<Event><![CDATA[VIEW]]></Event>
<EventKey><![CDATA[http://mp.angelbeautyinc.com/app/index.php?i=8&c=entry&do=shop&m=ewei_shop]]></EventKey>
<MenuId>525514519</MenuId>
</xml>

2016-10-21 13:08:50 params :
------------
Array:
rule : -2 ;
module :  ;
message : Array ;

2016-10-21 13:08:50 response :
------------

2016-10-21 13:13:45 trace :
------------
String:
<xml><ToUserName><![CDATA[gh_fbee6dda34f1]]></ToUserName>
<FromUserName><![CDATA[o1Sf9wkKBQehW95uXJpMpNu1EkCg]]></FromUserName>
<CreateTime>1477027038</CreateTime>
<MsgType><![CDATA[event]]></MsgType>
<Event><![CDATA[VIEW]]></Event>
<EventKey><![CDATA[http://mp.angelbeautyinc.com/app/index.php?i=8&c=entry&do=shop&m=ewei_shop]]></EventKey>
<MenuId>525514519</MenuId>
</xml>

2016-10-21 13:13:45 params :
------------
Array:
rule : -2 ;
module :  ;
message : Array ;

2016-10-21 13:13:45 response :
------------

2016-10-21 13:20:09 trace :
------------
String:
<xml><ToUserName><![CDATA[gh_fbee6dda34f1]]></ToUserName>
<FromUserName><![CDATA[o1Sf9wkKBQehW95uXJpMpNu1EkCg]]></FromUserName>
<CreateTime>1477027421</CreateTime>
<MsgType><![CDATA[event]]></MsgType>
<Event><![CDATA[VIEW]]></Event>
<EventKey><![CDATA[http://mp.angelbeautyinc.com/app/index.php?i=8&c=entry&do=shop&m=ewei_shop]]></EventKey>
<MenuId>525514519</MenuId>
</xml>

2016-10-21 13:20:09 params :
------------
Array:
rule : -2 ;
module :  ;
message : Array ;

2016-10-21 13:20:09 response :
------------

2016-10-21 13:20:21 trace :
------------
String:
<xml><ToUserName><![CDATA[gh_fbee6dda34f1]]></ToUserName>
<FromUserName><![CDATA[o1Sf9wkKBQehW95uXJpMpNu1EkCg]]></FromUserName>
<CreateTime>1477027434</CreateTime>
<MsgType><![CDATA[event]]></MsgType>
<Event><![CDATA[VIEW]]></Event>
<EventKey><![CDATA[http://mp.angelbeautyinc.com/app/index.php?i=8&c=entry&do=selfinspection&m=lrj_guide]]></EventKey>
<MenuId>525514519</MenuId>
</xml>

2016-10-21 13:20:21 params :
------------
Array:
rule : -2 ;
module :  ;
message : Array ;

2016-10-21 13:20:21 response :
------------

2016-10-21 13:35:37 trace :
------------
String:
<xml><ToUserName><![CDATA[gh_fbee6dda34f1]]></ToUserName>
<FromUserName><![CDATA[o1Sf9wkKBQehW95uXJpMpNu1EkCg]]></FromUserName>
<CreateTime>1477028350</CreateTime>
<MsgType><![CDATA[event]]></MsgType>
<Event><![CDATA[VIEW]]></Event>
<EventKey><![CDATA[http://mp.angelbeautyinc.com/app/index.php?i=8&c=entry&do=associate&m=lrj_guide]]></EventKey>
<MenuId>525514519</MenuId>
</xml>

2016-10-21 13:35:37 params :
------------
Array:
rule : -2 ;
module :  ;
message : Array ;

2016-10-21 13:35:37 response :
------------

2016-10-21 13:46:55 trace :
------------
String:
<xml><ToUserName><![CDATA[gh_fbee6dda34f1]]></ToUserName>
<FromUserName><![CDATA[o1Sf9wkKBQehW95uXJpMpNu1EkCg]]></FromUserName>
<CreateTime>1477029028</CreateTime>
<MsgType><![CDATA[event]]></MsgType>
<Event><![CDATA[VIEW]]></Event>
<EventKey><![CDATA[http://mp.angelbeautyinc.com/app/index.php?i=8&c=entry&do=shop&m=ewei_shop]]></EventKey>
<MenuId>525514519</MenuId>
</xml>

2016-10-21 13:46:55 params :
------------
Array:
rule : -2 ;
module :  ;
message : Array ;

2016-10-21 13:46:55 response :
------------

2016-10-21 13:47:01 trace :
------------
String:
<xml><ToUserName><![CDATA[gh_fbee6dda34f1]]></ToUserName>
<FromUserName><![CDATA[o1Sf9wkKBQehW95uXJpMpNu1EkCg]]></FromUserName>
<CreateTime>1477029034</CreateTime>
<MsgType><![CDATA[event]]></MsgType>
<Event><![CDATA[VIEW]]></Event>
<EventKey><![CDATA[http://mp.angelbeautyinc.com/app/index.php?i=8&c=entry&do=selfinspection&m=lrj_guide]]></EventKey>
<MenuId>525514519</MenuId>
</xml>

2016-10-21 13:47:01 params :
------------
Array:
rule : -2 ;
module :  ;
message : Array ;

2016-10-21 13:47:01 response :
------------

2016-10-21 14:19:35 trace :
------------
String:
<xml><ToUserName><![CDATA[gh_fbee6dda34f1]]></ToUserName>
<FromUserName><![CDATA[o1Sf9wuUDDS_BM0G-CbKx2umOImU]]></FromUserName>
<CreateTime>1477030987</CreateTime>
<MsgType><![CDATA[event]]></MsgType>
<Event><![CDATA[VIEW]]></Event>
<EventKey><![CDATA[http://mp.angelbeautyinc.com/app/index.php?i=8&c=entry&do=selfinspection&m=lrj_guide]]></EventKey>
<MenuId>525514519</MenuId>
</xml>

2016-10-21 14:19:35 params :
------------
Array:
rule : -2 ;
module :  ;
message : Array ;

2016-10-21 14:19:35 response :
------------

2016-10-21 15:00:17 trace :
------------
String:
<xml><ToUserName><![CDATA[gh_fbee6dda34f1]]></ToUserName>
<FromUserName><![CDATA[o1Sf9wkKBQehW95uXJpMpNu1EkCg]]></FromUserName>
<CreateTime>1477033430</CreateTime>
<MsgType><![CDATA[event]]></MsgType>
<Event><![CDATA[VIEW]]></Event>
<EventKey><![CDATA[http://mp.angelbeautyinc.com/app/index.php?i=8&c=entry&do=selfinspection&m=lrj_guide]]></EventKey>
<MenuId>525514519</MenuId>
</xml>

2016-10-21 15:00:17 params :
------------
Array:
rule : -2 ;
module :  ;
message : Array ;

2016-10-21 15:00:17 response :
------------

2016-10-21 15:09:17 trace :
------------
String:
<xml><ToUserName><![CDATA[gh_fbee6dda34f1]]></ToUserName>
<FromUserName><![CDATA[o1Sf9wiVbAE8eTBHl_teVBY0UTOU]]></FromUserName>
<CreateTime>1477033970</CreateTime>
<MsgType><![CDATA[event]]></MsgType>
<Event><![CDATA[VIEW]]></Event>
<EventKey><![CDATA[http://mp.angelbeautyinc.com/app/index.php?i=8&c=entry&do=selfinspection&m=lrj_guide]]></EventKey>
<MenuId>525514519</MenuId>
</xml>

2016-10-21 15:09:17 params :
------------
Array:
rule : -2 ;
module :  ;
message : Array ;

2016-10-21 15:09:17 response :
------------

2016-10-21 15:10:10 trace :
------------
String:
<xml><ToUserName><![CDATA[gh_fbee6dda34f1]]></ToUserName>
<FromUserName><![CDATA[o1Sf9wkKBQehW95uXJpMpNu1EkCg]]></FromUserName>
<CreateTime>1477034023</CreateTime>
<MsgType><![CDATA[event]]></MsgType>
<Event><![CDATA[VIEW]]></Event>
<EventKey><![CDATA[http://mp.angelbeautyinc.com/app/index.php?i=8&c=entry&do=selfinspection&m=lrj_guide]]></EventKey>
<MenuId>525514519</MenuId>
</xml>

2016-10-21 15:10:10 params :
------------
Array:
rule : -2 ;
module :  ;
message : Array ;

2016-10-21 15:10:10 response :
------------

2016-10-21 15:13:34 trace :
------------
String:
<xml><ToUserName><![CDATA[gh_fbee6dda34f1]]></ToUserName>
<FromUserName><![CDATA[o1Sf9wiVbAE8eTBHl_teVBY0UTOU]]></FromUserName>
<CreateTime>1477034227</CreateTime>
<MsgType><![CDATA[event]]></MsgType>
<Event><![CDATA[VIEW]]></Event>
<EventKey><![CDATA[http://mp.angelbeautyinc.com/app/index.php?i=8&c=entry&do=associate&m=lrj_guide]]></EventKey>
<MenuId>525514519</MenuId>
</xml>

2016-10-21 15:13:34 params :
------------
Array:
rule : -2 ;
module :  ;
message : Array ;

2016-10-21 15:13:34 response :
------------

2016-10-21 15:14:46 trace :
------------
String:
<xml><ToUserName><![CDATA[gh_fbee6dda34f1]]></ToUserName>
<FromUserName><![CDATA[o1Sf9wkKBQehW95uXJpMpNu1EkCg]]></FromUserName>
<CreateTime>1477034299</CreateTime>
<MsgType><![CDATA[event]]></MsgType>
<Event><![CDATA[VIEW]]></Event>
<EventKey><![CDATA[http://mp.angelbeautyinc.com/app/index.php?i=8&c=entry&do=selfinspection&m=lrj_guide]]></EventKey>
<MenuId>525514519</MenuId>
</xml>

2016-10-21 15:14:46 params :
------------
Array:
rule : -2 ;
module :  ;
message : Array ;

2016-10-21 15:14:46 response :
------------

2016-10-21 15:15:28 trace :
------------
String:
<xml><ToUserName><![CDATA[gh_fbee6dda34f1]]></ToUserName>
<FromUserName><![CDATA[o1Sf9wiVbAE8eTBHl_teVBY0UTOU]]></FromUserName>
<CreateTime>1477034341</CreateTime>
<MsgType><![CDATA[event]]></MsgType>
<Event><![CDATA[VIEW]]></Event>
<EventKey><![CDATA[http://mp.angelbeautyinc.com/app/index.php?i=8&c=entry&do=selfinspection&m=lrj_guide]]></EventKey>
<MenuId>525514519</MenuId>
</xml>

2016-10-21 15:15:28 params :
------------
Array:
rule : -2 ;
module :  ;
message : Array ;

2016-10-21 15:15:28 response :
------------

2016-10-21 15:21:21 trace :
------------
String:
<xml><ToUserName><![CDATA[gh_fbee6dda34f1]]></ToUserName>
<FromUserName><![CDATA[o1Sf9wiVbAE8eTBHl_teVBY0UTOU]]></FromUserName>
<CreateTime>1477034694</CreateTime>
<MsgType><![CDATA[event]]></MsgType>
<Event><![CDATA[VIEW]]></Event>
<EventKey><![CDATA[http://mp.angelbeautyinc.com/app/index.php?i=8&c=entry&do=selfinspection&m=lrj_guide]]></EventKey>
<MenuId>525514519</MenuId>
</xml>

2016-10-21 15:21:21 params :
------------
Array:
rule : -2 ;
module :  ;
message : Array ;

2016-10-21 15:21:21 response :
------------

2016-10-21 15:21:37 trace :
------------
String:
<xml><ToUserName><![CDATA[gh_fbee6dda34f1]]></ToUserName>
<FromUserName><![CDATA[o1Sf9wuUDDS_BM0G-CbKx2umOImU]]></FromUserName>
<CreateTime>1477034710</CreateTime>
<MsgType><![CDATA[event]]></MsgType>
<Event><![CDATA[VIEW]]></Event>
<EventKey><![CDATA[http://mp.angelbeautyinc.com/app/index.php?i=8&c=entry&do=selfinspection&m=lrj_guide]]></EventKey>
<MenuId>525514519</MenuId>
</xml>

2016-10-21 15:21:37 params :
------------
Array:
rule : -2 ;
module :  ;
message : Array ;

2016-10-21 15:21:37 response :
------------

2016-10-21 15:21:57 trace :
------------
String:
<xml><ToUserName><![CDATA[gh_fbee6dda34f1]]></ToUserName>
<FromUserName><![CDATA[o1Sf9wiVbAE8eTBHl_teVBY0UTOU]]></FromUserName>
<CreateTime>1477034730</CreateTime>
<MsgType><![CDATA[event]]></MsgType>
<Event><![CDATA[VIEW]]></Event>
<EventKey><![CDATA[http://mp.angelbeautyinc.com/app/index.php?i=8&c=entry&do=selfinspection&m=lrj_guide]]></EventKey>
<MenuId>525514519</MenuId>
</xml>

2016-10-21 15:21:57 params :
------------
Array:
rule : -2 ;
module :  ;
message : Array ;

2016-10-21 15:21:57 response :
------------

2016-10-21 15:22:30 trace :
------------
String:
<xml><ToUserName><![CDATA[gh_fbee6dda34f1]]></ToUserName>
<FromUserName><![CDATA[o1Sf9wiVbAE8eTBHl_teVBY0UTOU]]></FromUserName>
<CreateTime>1477034763</CreateTime>
<MsgType><![CDATA[event]]></MsgType>
<Event><![CDATA[VIEW]]></Event>
<EventKey><![CDATA[http://mp.angelbeautyinc.com/app/index.php?i=8&c=entry&do=selfinspection&m=lrj_guide]]></EventKey>
<MenuId>525514519</MenuId>
</xml>

2016-10-21 15:22:30 params :
------------
Array:
rule : -2 ;
module :  ;
message : Array ;

2016-10-21 15:22:30 response :
------------

2016-10-21 15:22:54 trace :
------------
String:
<xml><ToUserName><![CDATA[gh_fbee6dda34f1]]></ToUserName>
<FromUserName><![CDATA[o1Sf9wiVbAE8eTBHl_teVBY0UTOU]]></FromUserName>
<CreateTime>1477034787</CreateTime>
<MsgType><![CDATA[event]]></MsgType>
<Event><![CDATA[VIEW]]></Event>
<EventKey><![CDATA[http://mp.angelbeautyinc.com/app/index.php?i=8&c=entry&do=selfinspection&m=lrj_guide]]></EventKey>
<MenuId>525514519</MenuId>
</xml>

2016-10-21 15:22:54 params :
------------
Array:
rule : -2 ;
module :  ;
message : Array ;

2016-10-21 15:22:54 response :
------------

2016-10-21 15:23:25 trace :
------------
String:
<xml><ToUserName><![CDATA[gh_fbee6dda34f1]]></ToUserName>
<FromUserName><![CDATA[o1Sf9wkKBQehW95uXJpMpNu1EkCg]]></FromUserName>
<CreateTime>1477034818</CreateTime>
<MsgType><![CDATA[event]]></MsgType>
<Event><![CDATA[VIEW]]></Event>
<EventKey><![CDATA[http://mp.angelbeautyinc.com/app/index.php?i=8&c=entry&do=selfinspection&m=lrj_guide]]></EventKey>
<MenuId>525514519</MenuId>
</xml>

2016-10-21 15:23:25 params :
------------
Array:
rule : -2 ;
module :  ;
message : Array ;

2016-10-21 15:23:25 response :
------------

2016-10-21 15:26:44 trace :
------------
String:
<xml><ToUserName><![CDATA[gh_fbee6dda34f1]]></ToUserName>
<FromUserName><![CDATA[o1Sf9wkKBQehW95uXJpMpNu1EkCg]]></FromUserName>
<CreateTime>1477035017</CreateTime>
<MsgType><![CDATA[event]]></MsgType>
<Event><![CDATA[VIEW]]></Event>
<EventKey><![CDATA[http://mp.angelbeautyinc.com/app/index.php?i=8&c=entry&do=selfinspection&m=lrj_guide]]></EventKey>
<MenuId>525514519</MenuId>
</xml>

2016-10-21 15:26:44 params :
------------
Array:
rule : -2 ;
module :  ;
message : Array ;

2016-10-21 15:26:44 response :
------------

2016-10-21 15:27:27 trace :
------------
String:
<xml><ToUserName><![CDATA[gh_fbee6dda34f1]]></ToUserName>
<FromUserName><![CDATA[o1Sf9wiVbAE8eTBHl_teVBY0UTOU]]></FromUserName>
<CreateTime>1477035060</CreateTime>
<MsgType><![CDATA[event]]></MsgType>
<Event><![CDATA[VIEW]]></Event>
<EventKey><![CDATA[http://mp.angelbeautyinc.com/app/index.php?i=8&c=entry&do=selfinspection&m=lrj_guide]]></EventKey>
<MenuId>525514519</MenuId>
</xml>

2016-10-21 15:27:27 params :
------------
Array:
rule : -2 ;
module :  ;
message : Array ;

2016-10-21 15:27:27 response :
------------

2016-10-21 15:29:05 trace :
------------
String:
<xml><ToUserName><![CDATA[gh_fbee6dda34f1]]></ToUserName>
<FromUserName><![CDATA[o1Sf9wiVbAE8eTBHl_teVBY0UTOU]]></FromUserName>
<CreateTime>1477035158</CreateTime>
<MsgType><![CDATA[event]]></MsgType>
<Event><![CDATA[VIEW]]></Event>
<EventKey><![CDATA[http://mp.angelbeautyinc.com/app/index.php?i=8&c=entry&do=selfinspection&m=lrj_guide]]></EventKey>
<MenuId>525514519</MenuId>
</xml>

2016-10-21 15:29:05 params :
------------
Array:
rule : -2 ;
module :  ;
message : Array ;

2016-10-21 15:29:05 response :
------------

2016-10-21 15:29:18 trace :
------------
String:
<xml><ToUserName><![CDATA[gh_fbee6dda34f1]]></ToUserName>
<FromUserName><![CDATA[o1Sf9wiVbAE8eTBHl_teVBY0UTOU]]></FromUserName>
<CreateTime>1477035171</CreateTime>
<MsgType><![CDATA[event]]></MsgType>
<Event><![CDATA[VIEW]]></Event>
<EventKey><![CDATA[http://mp.angelbeautyinc.com/app/index.php?i=8&c=entry&do=selfinspection&m=lrj_guide]]></EventKey>
<MenuId>525514519</MenuId>
</xml>

2016-10-21 15:29:18 params :
------------
Array:
rule : -2 ;
module :  ;
message : Array ;

2016-10-21 15:29:18 response :
------------

2016-10-21 15:29:46 trace :
------------
String:
<xml><ToUserName><![CDATA[gh_fbee6dda34f1]]></ToUserName>
<FromUserName><![CDATA[o1Sf9wiVbAE8eTBHl_teVBY0UTOU]]></FromUserName>
<CreateTime>1477035199</CreateTime>
<MsgType><![CDATA[event]]></MsgType>
<Event><![CDATA[VIEW]]></Event>
<EventKey><![CDATA[http://mp.angelbeautyinc.com/app/index.php?i=8&c=entry&do=selfinspection&m=lrj_guide]]></EventKey>
<MenuId>525514519</MenuId>
</xml>

2016-10-21 15:29:46 params :
------------
Array:
rule : -2 ;
module :  ;
message : Array ;

2016-10-21 15:29:46 response :
------------

2016-10-21 15:35:31 trace :
------------
String:
<xml><ToUserName><![CDATA[gh_fbee6dda34f1]]></ToUserName>
<FromUserName><![CDATA[o1Sf9wiVbAE8eTBHl_teVBY0UTOU]]></FromUserName>
<CreateTime>1477035544</CreateTime>
<MsgType><![CDATA[event]]></MsgType>
<Event><![CDATA[VIEW]]></Event>
<EventKey><![CDATA[http://mp.angelbeautyinc.com/app/index.php?i=8&c=entry&do=selfinspection&m=lrj_guide]]></EventKey>
<MenuId>525514519</MenuId>
</xml>

2016-10-21 15:35:31 params :
------------
Array:
rule : -2 ;
module :  ;
message : Array ;

2016-10-21 15:35:31 response :
------------

2016-10-21 16:34:56 trace :
------------
String:
<xml><ToUserName><![CDATA[gh_fbee6dda34f1]]></ToUserName>
<FromUserName><![CDATA[o1Sf9wiVbAE8eTBHl_teVBY0UTOU]]></FromUserName>
<CreateTime>1477039108</CreateTime>
<MsgType><![CDATA[event]]></MsgType>
<Event><![CDATA[VIEW]]></Event>
<EventKey><![CDATA[http://mp.angelbeautyinc.com/app/index.php?i=8&c=entry&do=member&m=ewei_shop]]></EventKey>
<MenuId>525514519</MenuId>
</xml>

2016-10-21 16:34:56 params :
------------
Array:
rule : -2 ;
module :  ;
message : Array ;

2016-10-21 16:34:56 response :
------------

2016-10-21 16:46:14 trace :
------------
String:
<xml><ToUserName><![CDATA[gh_fbee6dda34f1]]></ToUserName>
<FromUserName><![CDATA[o1Sf9wiVbAE8eTBHl_teVBY0UTOU]]></FromUserName>
<CreateTime>1477039787</CreateTime>
<MsgType><![CDATA[event]]></MsgType>
<Event><![CDATA[VIEW]]></Event>
<EventKey><![CDATA[http://mp.angelbeautyinc.com/app/index.php?i=8&c=entry&do=selfinspection&m=lrj_guide]]></EventKey>
<MenuId>525514519</MenuId>
</xml>

2016-10-21 16:46:14 params :
------------
Array:
rule : -2 ;
module :  ;
message : Array ;

2016-10-21 16:46:14 response :
------------

2016-10-21 16:49:44 trace :
------------
String:
<xml><ToUserName><![CDATA[gh_fbee6dda34f1]]></ToUserName>
<FromUserName><![CDATA[o1Sf9wiVbAE8eTBHl_teVBY0UTOU]]></FromUserName>
<CreateTime>1477039997</CreateTime>
<MsgType><![CDATA[event]]></MsgType>
<Event><![CDATA[VIEW]]></Event>
<EventKey><![CDATA[http://mp.angelbeautyinc.com/app/index.php?i=8&c=entry&do=member&m=ewei_shop]]></EventKey>
<MenuId>525514519</MenuId>
</xml>

2016-10-21 16:49:44 params :
------------
Array:
rule : -2 ;
module :  ;
message : Array ;

2016-10-21 16:49:44 response :
------------

2016-10-21 16:53:44 trace :
------------
String:
<xml><ToUserName><![CDATA[gh_fbee6dda34f1]]></ToUserName>
<FromUserName><![CDATA[o1Sf9wiVbAE8eTBHl_teVBY0UTOU]]></FromUserName>
<CreateTime>1477040237</CreateTime>
<MsgType><![CDATA[event]]></MsgType>
<Event><![CDATA[VIEW]]></Event>
<EventKey><![CDATA[http://mp.angelbeautyinc.com/app/index.php?i=8&c=entry&do=member&m=ewei_shop]]></EventKey>
<MenuId>525514519</MenuId>
</xml>

2016-10-21 16:53:44 params :
------------
Array:
rule : -2 ;
module :  ;
message : Array ;

2016-10-21 16:53:44 response :
------------

