2016-06-23 08:57:20 trace :
------------
String:
<xml><ToUserName><![CDATA[gh_5013f37369ce]]></ToUserName>
<FromUserName><![CDATA[oqCObuK0yU__rn1DyJ5QcGpeqqlQ]]></FromUserName>
<CreateTime>1466643573</CreateTime>
<MsgType><![CDATA[event]]></MsgType>
<Event><![CDATA[subscribe]]></Event>
<EventKey><![CDATA[]]></EventKey>
</xml>

2016-06-23 08:57:21 params :
------------
Array:
rule : -2 ;
module :  ;
message : Array ;

2016-06-23 08:57:21 response :
------------

2016-06-23 10:31:08 trace :
------------
String:
<xml><ToUserName><![CDATA[gh_5013f37369ce]]></ToUserName>
<FromUserName><![CDATA[oqCObuKeHTHnslcV-AtSUKIBMfgU]]></FromUserName>
<CreateTime>1466649200</CreateTime>
<MsgType><![CDATA[event]]></MsgType>
<Event><![CDATA[VIEW]]></Event>
<EventKey><![CDATA[http://mp.weixin.qq.com/s?__biz=MzA5MzE5NzExNw==&mid=10001097&idx=1&sn=8338ffe385dcd8dd1f376fc1a2fd50ff&scene=18#rd]]></EventKey>
<MenuId>208007648</MenuId>
</xml>

2016-06-23 10:31:08 params :
------------
Array:
rule : -2 ;
module :  ;
message : Array ;

2016-06-23 10:31:08 response :
------------

2016-06-23 10:32:13 trace :
------------
String:
<xml><ToUserName><![CDATA[gh_5013f37369ce]]></ToUserName>
<FromUserName><![CDATA[oqCObuKeHTHnslcV-AtSUKIBMfgU]]></FromUserName>
<CreateTime>1466649266</CreateTime>
<MsgType><![CDATA[event]]></MsgType>
<Event><![CDATA[VIEW]]></Event>
<EventKey><![CDATA[http://mp.weixin.qq.com/s?__biz=MzA5MzE5NzExNw==&mid=10001097&idx=1&sn=8338ffe385dcd8dd1f376fc1a2fd50ff&scene=18#rd]]></EventKey>
<MenuId>208007648</MenuId>
</xml>

2016-06-23 10:32:13 params :
------------
Array:
rule : -2 ;
module :  ;
message : Array ;

2016-06-23 10:32:13 response :
------------

2016-06-23 11:11:42 trace :
------------
String:
<xml><ToUserName><![CDATA[gh_5013f37369ce]]></ToUserName>
<FromUserName><![CDATA[oqCObuE3AdaZDznkWcGGeWOfFXdA]]></FromUserName>
<CreateTime>1466651632</CreateTime>
<MsgType><![CDATA[event]]></MsgType>
<Event><![CDATA[unsubscribe]]></Event>
<EventKey><![CDATA[]]></EventKey>
</xml>

2016-06-23 11:36:16 trace :
------------
String:
<xml><ToUserName><![CDATA[gh_5013f37369ce]]></ToUserName>
<FromUserName><![CDATA[oqCObuCajpLIuvg9jqTm8RLY-rPc]]></FromUserName>
<CreateTime>1466653106</CreateTime>
<MsgType><![CDATA[event]]></MsgType>
<Event><![CDATA[subscribe]]></Event>
<EventKey><![CDATA[]]></EventKey>
</xml>

2016-06-23 11:36:16 params :
------------
Array:
rule : -2 ;
module :  ;
message : Array ;

2016-06-23 11:36:16 response :
------------

2016-06-23 11:36:18 trace :
------------
String:
<xml><ToUserName><![CDATA[gh_5013f37369ce]]></ToUserName>
<FromUserName><![CDATA[oqCObuCajpLIuvg9jqTm8RLY-rPc]]></FromUserName>
<CreateTime>1466653106</CreateTime>
<MsgType><![CDATA[event]]></MsgType>
<Event><![CDATA[subscribe]]></Event>
<EventKey><![CDATA[]]></EventKey>
</xml>

2016-06-23 11:36:18 params :
------------
Array:
rule : -2 ;
module :  ;
message : Array ;

2016-06-23 11:36:18 response :
------------

2016-06-23 13:42:56 trace :
------------
String:
<xml><ToUserName><![CDATA[gh_5013f37369ce]]></ToUserName>
<FromUserName><![CDATA[oqCObuJrfCPobpXzcT8fyUd48hlU]]></FromUserName>
<CreateTime>1466660708</CreateTime>
<MsgType><![CDATA[event]]></MsgType>
<Event><![CDATA[VIEW]]></Event>
<EventKey><![CDATA[http://mp.weixin.qq.com/s?__biz=MzA5MzE5NzExNw==&mid=10001097&idx=1&sn=8338ffe385dcd8dd1f376fc1a2fd50ff&scene=18#rd]]></EventKey>
<MenuId>208007648</MenuId>
</xml>

2016-06-23 13:42:56 params :
------------
Array:
rule : -2 ;
module :  ;
message : Array ;

2016-06-23 13:42:56 response :
------------

2016-06-23 17:47:40 trace :
------------
String:
<xml><ToUserName><![CDATA[gh_5013f37369ce]]></ToUserName>
<FromUserName><![CDATA[oqCObuAzSWWVbIFgAGcmbkx8t5EY]]></FromUserName>
<CreateTime>1466675392</CreateTime>
<MsgType><![CDATA[event]]></MsgType>
<Event><![CDATA[subscribe]]></Event>
<EventKey><![CDATA[]]></EventKey>
</xml>

2016-06-23 17:47:40 params :
------------
Array:
rule : -2 ;
module :  ;
message : Array ;

2016-06-23 17:47:40 response :
------------

2016-06-23 20:26:46 trace :
------------
String:
<xml><ToUserName><![CDATA[gh_5013f37369ce]]></ToUserName>
<FromUserName><![CDATA[oqCObuPw-Dej0N_M0AYyPOsA6JFQ]]></FromUserName>
<CreateTime>1466684938</CreateTime>
<MsgType><![CDATA[event]]></MsgType>
<Event><![CDATA[unsubscribe]]></Event>
<EventKey><![CDATA[]]></EventKey>
</xml>

2016-06-23 21:48:14 trace :
------------
String:
<xml><ToUserName><![CDATA[gh_5013f37369ce]]></ToUserName>
<FromUserName><![CDATA[oqCObuDojQ4w9dOSJhsbWQSaoIq8]]></FromUserName>
<CreateTime>1466689827</CreateTime>
<MsgType><![CDATA[event]]></MsgType>
<Event><![CDATA[unsubscribe]]></Event>
<EventKey><![CDATA[]]></EventKey>
</xml>

