2016-03-01 00:27:58 trace :
------------
Array:
from : oqCObuOwZrxPzN15wJs6GjrXYQI4 ;
to : gh_5013f37369ce ;
time : 1456763288 ;
type : event ;
event : VIEW ;
tousername : gh_5013f37369ce ;
fromusername : oqCObuOwZrxPzN15wJs6GjrXYQI4 ;
createtime : 1456763288 ;
msgtype : event ;
eventkey : http://mp.weixin.qq.com/s?__biz=MzA5MzE5NzExNw==&mid=10001097&idx=1&sn=8338ffe385dcd8dd1f376fc1a2fd50ff&scene=18#rd ;
menuid : 208007648 ;

2016-03-01 00:27:58 params :
------------
Array:
rule : -2 ;
module :  ;
message : Array ;

2016-03-01 00:27:58 response :
------------

2016-03-01 00:28:16 trace :
------------
Array:
from : oqCObuOwZrxPzN15wJs6GjrXYQI4 ;
to : gh_5013f37369ce ;
time : 1456763306 ;
type : event ;
event : VIEW ;
tousername : gh_5013f37369ce ;
fromusername : oqCObuOwZrxPzN15wJs6GjrXYQI4 ;
createtime : 1456763306 ;
msgtype : event ;
eventkey : http://mp.weixin.qq.com/s?__biz=MzA5MzE5NzExNw==&mid=10001097&idx=1&sn=8338ffe385dcd8dd1f376fc1a2fd50ff&scene=18#rd ;
menuid : 208007648 ;

2016-03-01 00:28:16 params :
------------
Array:
rule : -2 ;
module :  ;
message : Array ;

2016-03-01 00:28:16 response :
------------

2016-03-01 00:28:26 trace :
------------
Array:
from : oqCObuOwZrxPzN15wJs6GjrXYQI4 ;
to : gh_5013f37369ce ;
time : 1456763316 ;
type : event ;
event : VIEW ;
tousername : gh_5013f37369ce ;
fromusername : oqCObuOwZrxPzN15wJs6GjrXYQI4 ;
createtime : 1456763316 ;
msgtype : event ;
eventkey : http://mp.weixin.qq.com/s?__biz=MzA5MzE5NzExNw==&mid=10001097&idx=1&sn=8338ffe385dcd8dd1f376fc1a2fd50ff&scene=18#rd ;
menuid : 208007648 ;

2016-03-01 00:28:26 params :
------------
Array:
rule : -2 ;
module :  ;
message : Array ;

2016-03-01 00:28:26 response :
------------

2016-03-01 00:28:37 trace :
------------
Array:
from : oqCObuOwZrxPzN15wJs6GjrXYQI4 ;
to : gh_5013f37369ce ;
time : 1456763327 ;
type : event ;
event : VIEW ;
tousername : gh_5013f37369ce ;
fromusername : oqCObuOwZrxPzN15wJs6GjrXYQI4 ;
createtime : 1456763327 ;
msgtype : event ;
eventkey : http://mp.weixin.qq.com/s?__biz=MzA5MzE5NzExNw==&mid=10001097&idx=1&sn=8338ffe385dcd8dd1f376fc1a2fd50ff&scene=18#rd ;
menuid : 208007648 ;

2016-03-01 00:28:37 params :
------------
Array:
rule : -2 ;
module :  ;
message : Array ;

2016-03-01 00:28:37 response :
------------

2016-03-01 00:28:45 trace :
------------
Array:
from : oqCObuOwZrxPzN15wJs6GjrXYQI4 ;
to : gh_5013f37369ce ;
time : 1456763335 ;
type : event ;
event : VIEW ;
tousername : gh_5013f37369ce ;
fromusername : oqCObuOwZrxPzN15wJs6GjrXYQI4 ;
createtime : 1456763335 ;
msgtype : event ;
eventkey : http://mp.weixin.qq.com/s?__biz=MzA5MzE5NzExNw==&mid=10001097&idx=1&sn=8338ffe385dcd8dd1f376fc1a2fd50ff&scene=18#rd ;
menuid : 208007648 ;

2016-03-01 00:28:45 params :
------------
Array:
rule : -2 ;
module :  ;
message : Array ;

2016-03-01 00:28:45 response :
------------

2016-03-01 06:55:47 trace :
------------
Array:
from : oqCObuJX9OONL1_SPv4I29jwzBfk ;
to : gh_5013f37369ce ;
time : 1456786557 ;
type : event ;
event : VIEW ;
tousername : gh_5013f37369ce ;
fromusername : oqCObuJX9OONL1_SPv4I29jwzBfk ;
createtime : 1456786557 ;
msgtype : event ;
eventkey : http://mp.weixin.qq.com/s?__biz=MzA5MzE5NzExNw==&mid=10001097&idx=1&sn=8338ffe385dcd8dd1f376fc1a2fd50ff&scene=18#rd ;
menuid : 208007648 ;

2016-03-01 06:55:47 params :
------------
Array:
rule : -2 ;
module :  ;
message : Array ;

2016-03-01 06:55:47 response :
------------

2016-03-01 06:55:53 trace :
------------
Array:
from : oqCObuJX9OONL1_SPv4I29jwzBfk ;
to : gh_5013f37369ce ;
time : 1456786563 ;
type : event ;
event : VIEW ;
tousername : gh_5013f37369ce ;
fromusername : oqCObuJX9OONL1_SPv4I29jwzBfk ;
createtime : 1456786563 ;
msgtype : event ;
eventkey : http://mp.weixin.qq.com/s?__biz=MzA5MzE5NzExNw==&mid=10001097&idx=1&sn=8338ffe385dcd8dd1f376fc1a2fd50ff&scene=18#rd ;
menuid : 208007648 ;

2016-03-01 06:55:53 params :
------------
Array:
rule : -2 ;
module :  ;
message : Array ;

2016-03-01 06:55:53 response :
------------

2016-03-01 06:55:59 trace :
------------
Array:
from : oqCObuJX9OONL1_SPv4I29jwzBfk ;
to : gh_5013f37369ce ;
time : 1456786569 ;
type : event ;
event : VIEW ;
tousername : gh_5013f37369ce ;
fromusername : oqCObuJX9OONL1_SPv4I29jwzBfk ;
createtime : 1456786569 ;
msgtype : event ;
eventkey : http://mp.weixin.qq.com/s?__biz=MzA5MzE5NzExNw==&mid=10001097&idx=1&sn=8338ffe385dcd8dd1f376fc1a2fd50ff&scene=18#rd ;
menuid : 208007648 ;

2016-03-01 06:55:59 params :
------------
Array:
rule : -2 ;
module :  ;
message : Array ;

2016-03-01 06:55:59 response :
------------

2016-03-01 06:56:03 trace :
------------
Array:
from : oqCObuJX9OONL1_SPv4I29jwzBfk ;
to : gh_5013f37369ce ;
time : 1456786573 ;
type : event ;
event : VIEW ;
tousername : gh_5013f37369ce ;
fromusername : oqCObuJX9OONL1_SPv4I29jwzBfk ;
createtime : 1456786573 ;
msgtype : event ;
eventkey : http://mp.weixin.qq.com/s?__biz=MzA5MzE5NzExNw==&mid=10001097&idx=1&sn=8338ffe385dcd8dd1f376fc1a2fd50ff&scene=18#rd ;
menuid : 208007648 ;

2016-03-01 06:56:03 params :
------------
Array:
rule : -2 ;
module :  ;
message : Array ;

2016-03-01 06:56:03 response :
------------

2016-03-01 10:10:33 trace :
------------
Array:
from : oqCObuOnKsC1KVTYh2X8UE2o-al8 ;
to : gh_5013f37369ce ;
time : 1456798240 ;
type : event ;
event : subscribe ;
tousername : gh_5013f37369ce ;
fromusername : oqCObuOnKsC1KVTYh2X8UE2o-al8 ;
createtime : 1456798240 ;
msgtype : event ;
eventkey :  ;

2016-03-01 10:10:33 params :
------------
Array:
rule : -2 ;
module :  ;
message : Array ;

2016-03-01 10:10:33 response :
------------

2016-03-01 10:10:38 trace :
------------
Array:
from : oqCObuOnKsC1KVTYh2X8UE2o-al8 ;
to : gh_5013f37369ce ;
time : 1456798245 ;
type : event ;
event : VIEW ;
tousername : gh_5013f37369ce ;
fromusername : oqCObuOnKsC1KVTYh2X8UE2o-al8 ;
createtime : 1456798245 ;
msgtype : event ;
eventkey : http://mp.weixin.qq.com/s?__biz=MzA5MzE5NzExNw==&mid=10001097&idx=1&sn=8338ffe385dcd8dd1f376fc1a2fd50ff&scene=18#rd ;
menuid : 208007648 ;

2016-03-01 10:10:38 params :
------------
Array:
rule : -2 ;
module :  ;
message : Array ;

2016-03-01 10:10:38 response :
------------

2016-03-01 10:10:45 trace :
------------
Array:
from : oqCObuOnKsC1KVTYh2X8UE2o-al8 ;
to : gh_5013f37369ce ;
time : 1456798255 ;
type : event ;
event : VIEW ;
tousername : gh_5013f37369ce ;
fromusername : oqCObuOnKsC1KVTYh2X8UE2o-al8 ;
createtime : 1456798255 ;
msgtype : event ;
eventkey : http://mp.weixin.qq.com/s?__biz=MzA5MzE5NzExNw==&mid=10001097&idx=1&sn=8338ffe385dcd8dd1f376fc1a2fd50ff&scene=18#rd ;
menuid : 208007648 ;

2016-03-01 10:10:45 params :
------------
Array:
rule : -2 ;
module :  ;
message : Array ;

2016-03-01 10:10:45 response :
------------

2016-03-01 10:10:50 trace :
------------
Array:
from : oqCObuOnKsC1KVTYh2X8UE2o-al8 ;
to : gh_5013f37369ce ;
time : 1456798260 ;
type : event ;
event : VIEW ;
tousername : gh_5013f37369ce ;
fromusername : oqCObuOnKsC1KVTYh2X8UE2o-al8 ;
createtime : 1456798260 ;
msgtype : event ;
eventkey : http://mp.weixin.qq.com/s?__biz=MzA5MzE5NzExNw==&mid=10001097&idx=1&sn=8338ffe385dcd8dd1f376fc1a2fd50ff&scene=18#rd ;
menuid : 208007648 ;

2016-03-01 10:10:50 params :
------------
Array:
rule : -2 ;
module :  ;
message : Array ;

2016-03-01 10:10:50 response :
------------

2016-03-01 11:56:41 trace :
------------
Array:
from : oqCObuL3Aj0DkcIj7c5fPv4pwKJ8 ;
to : gh_5013f37369ce ;
time : 1456804611 ;
type : event ;
event : VIEW ;
tousername : gh_5013f37369ce ;
fromusername : oqCObuL3Aj0DkcIj7c5fPv4pwKJ8 ;
createtime : 1456804611 ;
msgtype : event ;
eventkey : http://mp.weixin.qq.com/s?__biz=MzA5MzE5NzExNw==&mid=10001097&idx=1&sn=8338ffe385dcd8dd1f376fc1a2fd50ff&scene=18#rd ;
menuid : 208007648 ;

2016-03-01 11:56:41 params :
------------
Array:
rule : -2 ;
module :  ;
message : Array ;

2016-03-01 11:56:41 response :
------------

2016-03-01 13:18:11 trace :
------------
Array:
from : oqCObuOVsfGSKbYbiV3iVpnLLdK8 ;
to : gh_5013f37369ce ;
time : 1456809501 ;
type : event ;
event : VIEW ;
tousername : gh_5013f37369ce ;
fromusername : oqCObuOVsfGSKbYbiV3iVpnLLdK8 ;
createtime : 1456809501 ;
msgtype : event ;
eventkey : http://mp.weixin.qq.com/s?__biz=MzA5MzE5NzExNw==&mid=10001097&idx=1&sn=8338ffe385dcd8dd1f376fc1a2fd50ff&scene=18#rd ;
menuid : 208007648 ;

2016-03-01 13:18:11 params :
------------
Array:
rule : -2 ;
module :  ;
message : Array ;

2016-03-01 13:18:11 response :
------------

2016-03-01 13:18:59 trace :
------------
Array:
from : oqCObuOVsfGSKbYbiV3iVpnLLdK8 ;
to : gh_5013f37369ce ;
time : 1456809549 ;
type : event ;
event : VIEW ;
tousername : gh_5013f37369ce ;
fromusername : oqCObuOVsfGSKbYbiV3iVpnLLdK8 ;
createtime : 1456809549 ;
msgtype : event ;
eventkey : http://mp.weixin.qq.com/s?__biz=MzA5MzE5NzExNw==&mid=10001097&idx=1&sn=8338ffe385dcd8dd1f376fc1a2fd50ff&scene=18#rd ;
menuid : 208007648 ;

2016-03-01 13:18:59 params :
------------
Array:
rule : -2 ;
module :  ;
message : Array ;

2016-03-01 13:18:59 response :
------------

2016-03-01 15:11:48 trace :
------------
Array:
from : oqCObuClrg5mWzH_kzkD-cD_BdrM ;
to : gh_5013f37369ce ;
time : 1456816318 ;
type : event ;
event : VIEW ;
tousername : gh_5013f37369ce ;
fromusername : oqCObuClrg5mWzH_kzkD-cD_BdrM ;
createtime : 1456816318 ;
msgtype : event ;
eventkey : http://mp.weixin.qq.com/s?__biz=MzA5MzE5NzExNw==&mid=10001097&idx=1&sn=8338ffe385dcd8dd1f376fc1a2fd50ff&scene=18#rd ;
menuid : 208007648 ;

2016-03-01 15:11:48 params :
------------
Array:
rule : -2 ;
module :  ;
message : Array ;

2016-03-01 15:11:48 response :
------------

2016-03-01 15:12:29 trace :
------------
Array:
from : oqCObuClrg5mWzH_kzkD-cD_BdrM ;
to : gh_5013f37369ce ;
time : 1456816359 ;
type : event ;
event : VIEW ;
tousername : gh_5013f37369ce ;
fromusername : oqCObuClrg5mWzH_kzkD-cD_BdrM ;
createtime : 1456816359 ;
msgtype : event ;
eventkey : http://mp.weixin.qq.com/s?__biz=MzA5MzE5NzExNw==&mid=10001097&idx=1&sn=8338ffe385dcd8dd1f376fc1a2fd50ff&scene=18#rd ;
menuid : 208007648 ;

2016-03-01 15:12:29 params :
------------
Array:
rule : -2 ;
module :  ;
message : Array ;

2016-03-01 15:12:29 response :
------------

2016-03-01 15:13:28 trace :
------------
Array:
from : oqCObuClrg5mWzH_kzkD-cD_BdrM ;
to : gh_5013f37369ce ;
time : 1456816418 ;
type : event ;
event : VIEW ;
tousername : gh_5013f37369ce ;
fromusername : oqCObuClrg5mWzH_kzkD-cD_BdrM ;
createtime : 1456816418 ;
msgtype : event ;
eventkey : http://mp.weixin.qq.com/s?__biz=MzA5MzE5NzExNw==&mid=10001097&idx=1&sn=8338ffe385dcd8dd1f376fc1a2fd50ff&scene=18#rd ;
menuid : 208007648 ;

2016-03-01 15:13:28 params :
------------
Array:
rule : -2 ;
module :  ;
message : Array ;

2016-03-01 15:13:28 response :
------------

2016-03-01 15:13:29 trace :
------------
Array:
from : oqCObuClrg5mWzH_kzkD-cD_BdrM ;
to : gh_5013f37369ce ;
time : 1456816416 ;
type : event ;
event : VIEW ;
tousername : gh_5013f37369ce ;
fromusername : oqCObuClrg5mWzH_kzkD-cD_BdrM ;
createtime : 1456816416 ;
msgtype : event ;
eventkey : http://mp.weixin.qq.com/s?__biz=MzA5MzE5NzExNw==&mid=10001097&idx=1&sn=8338ffe385dcd8dd1f376fc1a2fd50ff&scene=18#rd ;
menuid : 208007648 ;

2016-03-01 15:13:29 params :
------------
Array:
rule : -2 ;
module :  ;
message : Array ;

2016-03-01 15:13:29 response :
------------

2016-03-01 15:27:32 trace :
------------
Array:
from : oqCObuP8T-C_bnX41pgTtOkrYIbI ;
to : gh_5013f37369ce ;
time : 1456817259 ;
type : event ;
event : VIEW ;
tousername : gh_5013f37369ce ;
fromusername : oqCObuP8T-C_bnX41pgTtOkrYIbI ;
createtime : 1456817259 ;
msgtype : event ;
eventkey : http://mp.weixin.qq.com/s?__biz=MzA5MzE5NzExNw==&mid=10001097&idx=1&sn=8338ffe385dcd8dd1f376fc1a2fd50ff&scene=18#rd ;
menuid : 208007648 ;

2016-03-01 15:27:32 params :
------------
Array:
rule : -2 ;
module :  ;
message : Array ;

2016-03-01 15:27:32 response :
------------

2016-03-01 15:27:47 trace :
------------
Array:
from : oqCObuP8T-C_bnX41pgTtOkrYIbI ;
to : gh_5013f37369ce ;
time : 1456817278 ;
type : event ;
event : VIEW ;
tousername : gh_5013f37369ce ;
fromusername : oqCObuP8T-C_bnX41pgTtOkrYIbI ;
createtime : 1456817278 ;
msgtype : event ;
eventkey : http://mp.weixin.qq.com/s?__biz=MzA5MzE5NzExNw==&mid=10001097&idx=1&sn=8338ffe385dcd8dd1f376fc1a2fd50ff&scene=18#rd ;
menuid : 208007648 ;

2016-03-01 15:27:47 params :
------------
Array:
rule : -2 ;
module :  ;
message : Array ;

2016-03-01 15:27:47 response :
------------

2016-03-01 15:40:40 trace :
------------
Array:
from : oqCObuDt31K9OA1E7Ej_MiSaOwFk ;
to : gh_5013f37369ce ;
time : 1456818050 ;
type : event ;
event : subscribe ;
tousername : gh_5013f37369ce ;
fromusername : oqCObuDt31K9OA1E7Ej_MiSaOwFk ;
createtime : 1456818050 ;
msgtype : event ;
eventkey :  ;

2016-03-01 15:40:40 params :
------------
Array:
rule : -2 ;
module :  ;
message : Array ;

2016-03-01 15:40:40 response :
------------

2016-03-01 15:40:46 trace :
------------
Array:
from : oqCObuDt31K9OA1E7Ej_MiSaOwFk ;
to : gh_5013f37369ce ;
time : 1456818056 ;
type : event ;
event : VIEW ;
tousername : gh_5013f37369ce ;
fromusername : oqCObuDt31K9OA1E7Ej_MiSaOwFk ;
createtime : 1456818056 ;
msgtype : event ;
eventkey : http://mp.weixin.qq.com/s?__biz=MzA5MzE5NzExNw==&mid=10001097&idx=1&sn=8338ffe385dcd8dd1f376fc1a2fd50ff&scene=18#rd ;
menuid : 208007648 ;

2016-03-01 15:40:46 params :
------------
Array:
rule : -2 ;
module :  ;
message : Array ;

2016-03-01 15:40:46 response :
------------

2016-03-01 16:47:41 trace :
------------
Array:
from : oqCObuLkcD-WlzZZOBVUGvsv209w ;
to : gh_5013f37369ce ;
time : 1456822071 ;
type : event ;
event : subscribe ;
tousername : gh_5013f37369ce ;
fromusername : oqCObuLkcD-WlzZZOBVUGvsv209w ;
createtime : 1456822071 ;
msgtype : event ;
eventkey :  ;

2016-03-01 16:47:41 params :
------------
Array:
rule : -2 ;
module :  ;
message : Array ;

2016-03-01 16:47:41 response :
------------

2016-03-01 16:47:47 trace :
------------
Array:
from : oqCObuLkcD-WlzZZOBVUGvsv209w ;
to : gh_5013f37369ce ;
time : 1456822077 ;
type : event ;
event : VIEW ;
tousername : gh_5013f37369ce ;
fromusername : oqCObuLkcD-WlzZZOBVUGvsv209w ;
createtime : 1456822077 ;
msgtype : event ;
eventkey : http://mp.weixin.qq.com/s?__biz=MzA5MzE5NzExNw==&mid=10001097&idx=1&sn=8338ffe385dcd8dd1f376fc1a2fd50ff&scene=18#rd ;
menuid : 208007648 ;

2016-03-01 16:47:47 params :
------------
Array:
rule : -2 ;
module :  ;
message : Array ;

2016-03-01 16:47:47 response :
------------

2016-03-01 17:12:43 trace :
------------
Array:
from : oqCObuKbA-VDyqUBP69mnY1KBL9Q ;
to : gh_5013f37369ce ;
time : 1456823573 ;
type : event ;
event : VIEW ;
tousername : gh_5013f37369ce ;
fromusername : oqCObuKbA-VDyqUBP69mnY1KBL9Q ;
createtime : 1456823573 ;
msgtype : event ;
eventkey : http://mp.weixin.qq.com/s?__biz=MzA5MzE5NzExNw==&mid=10001097&idx=1&sn=8338ffe385dcd8dd1f376fc1a2fd50ff&scene=18#rd ;
menuid : 208007648 ;

2016-03-01 17:12:43 params :
------------
Array:
rule : -2 ;
module :  ;
message : Array ;

2016-03-01 17:12:43 response :
------------

2016-03-01 17:12:44 trace :
------------
Array:
from : oqCObuKbA-VDyqUBP69mnY1KBL9Q ;
to : gh_5013f37369ce ;
time : 1456823575 ;
type : event ;
event : VIEW ;
tousername : gh_5013f37369ce ;
fromusername : oqCObuKbA-VDyqUBP69mnY1KBL9Q ;
createtime : 1456823575 ;
msgtype : event ;
eventkey : http://mp.weixin.qq.com/s?__biz=MzA5MzE5NzExNw==&mid=10001097&idx=1&sn=8338ffe385dcd8dd1f376fc1a2fd50ff&scene=18#rd ;
menuid : 208007648 ;

2016-03-01 17:12:44 params :
------------
Array:
rule : -2 ;
module :  ;
message : Array ;

2016-03-01 17:12:44 response :
------------

2016-03-01 17:13:43 trace :
------------
Array:
from : oqCObuKbA-VDyqUBP69mnY1KBL9Q ;
to : gh_5013f37369ce ;
time : 1456823633 ;
type : event ;
event : VIEW ;
tousername : gh_5013f37369ce ;
fromusername : oqCObuKbA-VDyqUBP69mnY1KBL9Q ;
createtime : 1456823633 ;
msgtype : event ;
eventkey : http://mp.weixin.qq.com/s?__biz=MzA5MzE5NzExNw==&mid=10001097&idx=1&sn=8338ffe385dcd8dd1f376fc1a2fd50ff&scene=18#rd ;
menuid : 208007648 ;

2016-03-01 17:13:43 params :
------------
Array:
rule : -2 ;
module :  ;
message : Array ;

2016-03-01 17:13:43 response :
------------

2016-03-01 17:13:58 trace :
------------
Array:
from : oqCObuKbA-VDyqUBP69mnY1KBL9Q ;
to : gh_5013f37369ce ;
time : 1456823648 ;
type : event ;
event : VIEW ;
tousername : gh_5013f37369ce ;
fromusername : oqCObuKbA-VDyqUBP69mnY1KBL9Q ;
createtime : 1456823648 ;
msgtype : event ;
eventkey : http://mp.weixin.qq.com/s?__biz=MzA5MzE5NzExNw==&mid=10001097&idx=1&sn=8338ffe385dcd8dd1f376fc1a2fd50ff&scene=18#rd ;
menuid : 208007648 ;

2016-03-01 17:13:58 params :
------------
Array:
rule : -2 ;
module :  ;
message : Array ;

2016-03-01 17:13:58 response :
------------

2016-03-01 17:15:24 trace :
------------
Array:
from : oqCObuKbA-VDyqUBP69mnY1KBL9Q ;
to : gh_5013f37369ce ;
time : 1456823734 ;
type : event ;
event : VIEW ;
tousername : gh_5013f37369ce ;
fromusername : oqCObuKbA-VDyqUBP69mnY1KBL9Q ;
createtime : 1456823734 ;
msgtype : event ;
eventkey : http://mp.weixin.qq.com/s?__biz=MzA5MzE5NzExNw==&mid=10001097&idx=1&sn=8338ffe385dcd8dd1f376fc1a2fd50ff&scene=18#rd ;
menuid : 208007648 ;

2016-03-01 17:15:24 params :
------------
Array:
rule : -2 ;
module :  ;
message : Array ;

2016-03-01 17:15:24 response :
------------

2016-03-01 17:15:39 trace :
------------
Array:
from : oqCObuKbA-VDyqUBP69mnY1KBL9Q ;
to : gh_5013f37369ce ;
time : 1456823749 ;
type : event ;
event : VIEW ;
tousername : gh_5013f37369ce ;
fromusername : oqCObuKbA-VDyqUBP69mnY1KBL9Q ;
createtime : 1456823749 ;
msgtype : event ;
eventkey : http://mp.weixin.qq.com/s?__biz=MzA5MzE5NzExNw==&mid=10001097&idx=1&sn=8338ffe385dcd8dd1f376fc1a2fd50ff&scene=18#rd ;
menuid : 208007648 ;

2016-03-01 17:15:39 params :
------------
Array:
rule : -2 ;
module :  ;
message : Array ;

2016-03-01 17:15:39 response :
------------

2016-03-01 17:15:42 trace :
------------
Array:
from : oqCObuKbA-VDyqUBP69mnY1KBL9Q ;
to : gh_5013f37369ce ;
time : 1456823753 ;
type : event ;
event : VIEW ;
tousername : gh_5013f37369ce ;
fromusername : oqCObuKbA-VDyqUBP69mnY1KBL9Q ;
createtime : 1456823753 ;
msgtype : event ;
eventkey : http://mp.weixin.qq.com/s?__biz=MzA5MzE5NzExNw==&mid=10001097&idx=1&sn=8338ffe385dcd8dd1f376fc1a2fd50ff&scene=18#rd ;
menuid : 208007648 ;

2016-03-01 17:15:42 params :
------------
Array:
rule : -2 ;
module :  ;
message : Array ;

2016-03-01 17:15:42 response :
------------

2016-03-01 17:16:33 trace :
------------
Array:
from : oqCObuKbA-VDyqUBP69mnY1KBL9Q ;
to : gh_5013f37369ce ;
time : 1456823803 ;
type : event ;
event : VIEW ;
tousername : gh_5013f37369ce ;
fromusername : oqCObuKbA-VDyqUBP69mnY1KBL9Q ;
createtime : 1456823803 ;
msgtype : event ;
eventkey : http://mp.weixin.qq.com/s?__biz=MzA5MzE5NzExNw==&mid=10001097&idx=1&sn=8338ffe385dcd8dd1f376fc1a2fd50ff&scene=18#rd ;
menuid : 208007648 ;

2016-03-01 17:16:33 params :
------------
Array:
rule : -2 ;
module :  ;
message : Array ;

2016-03-01 17:16:33 response :
------------

2016-03-01 17:16:36 trace :
------------
Array:
from : oqCObuKbA-VDyqUBP69mnY1KBL9Q ;
to : gh_5013f37369ce ;
time : 1456823806 ;
type : event ;
event : VIEW ;
tousername : gh_5013f37369ce ;
fromusername : oqCObuKbA-VDyqUBP69mnY1KBL9Q ;
createtime : 1456823806 ;
msgtype : event ;
eventkey : http://mp.weixin.qq.com/s?__biz=MzA5MzE5NzExNw==&mid=10001097&idx=1&sn=8338ffe385dcd8dd1f376fc1a2fd50ff&scene=18#rd ;
menuid : 208007648 ;

2016-03-01 17:16:36 params :
------------
Array:
rule : -2 ;
module :  ;
message : Array ;

2016-03-01 17:16:36 response :
------------

2016-03-01 18:25:33 trace :
------------
Array:
from : oqCObuLihXhdj85JjpwAZvxuDRwc ;
to : gh_5013f37369ce ;
time : 1456827943 ;
type : text ;
event :  ;
tousername : gh_5013f37369ce ;
fromusername : oqCObuLihXhdj85JjpwAZvxuDRwc ;
createtime : 1456827943 ;
msgtype : text ;
content : /::$ ;
msgid : 6257028371486154046 ;
redirection :  ;
source :  ;

2016-03-01 18:25:33 params :
------------
Array:
rule : -2 ;
module :  ;
message : Array ;

2016-03-01 18:25:33 response :
------------

2016-03-01 18:26:10 trace :
------------
Array:
from : oqCObuLihXhdj85JjpwAZvxuDRwc ;
to : gh_5013f37369ce ;
time : 1456827980 ;
type : event ;
event : VIEW ;
tousername : gh_5013f37369ce ;
fromusername : oqCObuLihXhdj85JjpwAZvxuDRwc ;
createtime : 1456827980 ;
msgtype : event ;
eventkey : http://mp.weixin.qq.com/s?__biz=MzA5MzE5NzExNw==&mid=10001097&idx=1&sn=8338ffe385dcd8dd1f376fc1a2fd50ff&scene=18#rd ;
menuid : 208007648 ;

2016-03-01 18:26:10 params :
------------
Array:
rule : -2 ;
module :  ;
message : Array ;

2016-03-01 18:26:10 response :
------------

2016-03-01 19:01:23 trace :
------------
Array:
from : oqCObuLihXhdj85JjpwAZvxuDRwc ;
to : gh_5013f37369ce ;
time : 1456830093 ;
type : event ;
event : VIEW ;
tousername : gh_5013f37369ce ;
fromusername : oqCObuLihXhdj85JjpwAZvxuDRwc ;
createtime : 1456830093 ;
msgtype : event ;
eventkey : http://mp.weixin.qq.com/s?__biz=MzA5MzE5NzExNw==&mid=10001097&idx=1&sn=8338ffe385dcd8dd1f376fc1a2fd50ff&scene=18#rd ;
menuid : 208007648 ;

2016-03-01 19:01:23 params :
------------
Array:
rule : -2 ;
module :  ;
message : Array ;

2016-03-01 19:01:23 response :
------------

2016-03-01 21:59:30 trace :
------------
Array:
from : oqCObuNKMqAbZip4zDO7EUNr8U5I ;
to : gh_5013f37369ce ;
time : 1456840780 ;
type : event ;
event : VIEW ;
tousername : gh_5013f37369ce ;
fromusername : oqCObuNKMqAbZip4zDO7EUNr8U5I ;
createtime : 1456840780 ;
msgtype : event ;
eventkey : http://mp.weixin.qq.com/s?__biz=MzA5MzE5NzExNw==&mid=10001097&idx=1&sn=8338ffe385dcd8dd1f376fc1a2fd50ff&scene=18#rd ;
menuid : 208007648 ;

2016-03-01 21:59:30 params :
------------
Array:
rule : -2 ;
module :  ;
message : Array ;

2016-03-01 21:59:30 response :
------------

