2016-01-08 11:55:04 trace :
------------
Array:
from : oqCObuKPkhrfEn-fhuc9Uq_Ahav0 ;
to : gh_5013f37369ce ;
time : 1452225307 ;
type : event ;
event : VIEW ;
tousername : gh_5013f37369ce ;
fromusername : oqCObuKPkhrfEn-fhuc9Uq_Ahav0 ;
createtime : 1452225307 ;
msgtype : event ;
eventkey : http://mp.weixin.qq.com/s?__biz=MzA5MzE5NzExNw==&mid=10001097&idx=1&sn=8338ffe385dcd8dd1f376fc1a2fd50ff&scene=18#rd ;
menuid : 208007648 ;

2016-01-08 11:55:04 params :
------------
Array:
rule : -2 ;
module :  ;
message : Array ;

2016-01-08 11:55:04 response :
------------

2016-01-08 11:55:14 trace :
------------
Array:
from : oqCObuKPkhrfEn-fhuc9Uq_Ahav0 ;
to : gh_5013f37369ce ;
time : 1452225319 ;
type : event ;
event : VIEW ;
tousername : gh_5013f37369ce ;
fromusername : oqCObuKPkhrfEn-fhuc9Uq_Ahav0 ;
createtime : 1452225319 ;
msgtype : event ;
eventkey : http://mp.weixin.qq.com/s?__biz=MzA5MzE5NzExNw==&mid=10001097&idx=1&sn=8338ffe385dcd8dd1f376fc1a2fd50ff&scene=18#rd ;
menuid : 208007648 ;

2016-01-08 11:55:14 params :
------------
Array:
rule : -2 ;
module :  ;
message : Array ;

2016-01-08 11:55:14 response :
------------

2016-01-08 11:55:20 trace :
------------
Array:
from : oqCObuKPkhrfEn-fhuc9Uq_Ahav0 ;
to : gh_5013f37369ce ;
time : 1452225325 ;
type : event ;
event : VIEW ;
tousername : gh_5013f37369ce ;
fromusername : oqCObuKPkhrfEn-fhuc9Uq_Ahav0 ;
createtime : 1452225325 ;
msgtype : event ;
eventkey : http://mp.weixin.qq.com/s?__biz=MzA5MzE5NzExNw==&mid=10001097&idx=1&sn=8338ffe385dcd8dd1f376fc1a2fd50ff&scene=18#rd ;
menuid : 208007648 ;

2016-01-08 11:55:20 params :
------------
Array:
rule : -2 ;
module :  ;
message : Array ;

2016-01-08 11:55:20 response :
------------

2016-01-08 11:55:29 trace :
------------
Array:
from : oqCObuKPkhrfEn-fhuc9Uq_Ahav0 ;
to : gh_5013f37369ce ;
time : 1452225335 ;
type : event ;
event : VIEW ;
tousername : gh_5013f37369ce ;
fromusername : oqCObuKPkhrfEn-fhuc9Uq_Ahav0 ;
createtime : 1452225335 ;
msgtype : event ;
eventkey : http://mp.weixin.qq.com/s?__biz=MzA5MzE5NzExNw==&mid=10001097&idx=1&sn=8338ffe385dcd8dd1f376fc1a2fd50ff&scene=18#rd ;
menuid : 208007648 ;

2016-01-08 11:55:29 params :
------------
Array:
rule : -2 ;
module :  ;
message : Array ;

2016-01-08 11:55:29 response :
------------

2016-01-08 11:56:07 trace :
------------
Array:
from : oqCObuKPkhrfEn-fhuc9Uq_Ahav0 ;
to : gh_5013f37369ce ;
time : 1452225373 ;
type : event ;
event : VIEW ;
tousername : gh_5013f37369ce ;
fromusername : oqCObuKPkhrfEn-fhuc9Uq_Ahav0 ;
createtime : 1452225373 ;
msgtype : event ;
eventkey : http://mp.weixin.qq.com/s?__biz=MzA5MzE5NzExNw==&mid=10001097&idx=1&sn=8338ffe385dcd8dd1f376fc1a2fd50ff&scene=18#rd ;
menuid : 208007648 ;

2016-01-08 11:56:07 params :
------------
Array:
rule : -2 ;
module :  ;
message : Array ;

2016-01-08 11:56:07 response :
------------

2016-01-08 12:34:30 trace :
------------
Array:
from : oqCObuLkqsFeg7QNlneWcemR3hTY ;
to : gh_5013f37369ce ;
time : 1452227675 ;
type : event ;
event : VIEW ;
tousername : gh_5013f37369ce ;
fromusername : oqCObuLkqsFeg7QNlneWcemR3hTY ;
createtime : 1452227675 ;
msgtype : event ;
eventkey : http://mp.weixin.qq.com/s?__biz=MzA5MzE5NzExNw==&mid=10001097&idx=1&sn=8338ffe385dcd8dd1f376fc1a2fd50ff&scene=18#rd ;
menuid : 208007648 ;

2016-01-08 12:34:30 params :
------------
Array:
rule : -2 ;
module :  ;
message : Array ;

2016-01-08 12:34:30 response :
------------

2016-01-08 12:34:33 trace :
------------
Array:
from : oqCObuLkqsFeg7QNlneWcemR3hTY ;
to : gh_5013f37369ce ;
time : 1452227678 ;
type : event ;
event : VIEW ;
tousername : gh_5013f37369ce ;
fromusername : oqCObuLkqsFeg7QNlneWcemR3hTY ;
createtime : 1452227678 ;
msgtype : event ;
eventkey : http://mp.weixin.qq.com/s?__biz=MzA5MzE5NzExNw==&mid=10001097&idx=1&sn=8338ffe385dcd8dd1f376fc1a2fd50ff&scene=18#rd ;
menuid : 208007648 ;

2016-01-08 12:34:33 params :
------------
Array:
rule : -2 ;
module :  ;
message : Array ;

2016-01-08 12:34:33 response :
------------

2016-01-08 14:32:31 trace :
------------
Array:
from : oqCObuDpIU0TLUyJMdRq9wIZtYIU ;
to : gh_5013f37369ce ;
time : 1452234756 ;
type : event ;
event : VIEW ;
tousername : gh_5013f37369ce ;
fromusername : oqCObuDpIU0TLUyJMdRq9wIZtYIU ;
createtime : 1452234756 ;
msgtype : event ;
eventkey : http://mp.weixin.qq.com/s?__biz=MzA5MzE5NzExNw==&mid=10001097&idx=1&sn=8338ffe385dcd8dd1f376fc1a2fd50ff&scene=18#rd ;
menuid : 208007648 ;

2016-01-08 14:32:31 params :
------------
Array:
rule : -2 ;
module :  ;
message : Array ;

2016-01-08 14:32:31 response :
------------

2016-01-08 14:32:47 trace :
------------
Array:
from : oqCObuDpIU0TLUyJMdRq9wIZtYIU ;
to : gh_5013f37369ce ;
time : 1452234772 ;
type : event ;
event : VIEW ;
tousername : gh_5013f37369ce ;
fromusername : oqCObuDpIU0TLUyJMdRq9wIZtYIU ;
createtime : 1452234772 ;
msgtype : event ;
eventkey : http://mp.weixin.qq.com/s?__biz=MzA5MzE5NzExNw==&mid=10001097&idx=1&sn=8338ffe385dcd8dd1f376fc1a2fd50ff&scene=18#rd ;
menuid : 208007648 ;

2016-01-08 14:32:47 params :
------------
Array:
rule : -2 ;
module :  ;
message : Array ;

2016-01-08 14:32:47 response :
------------

2016-01-08 14:32:51 trace :
------------
Array:
from : oqCObuDpIU0TLUyJMdRq9wIZtYIU ;
to : gh_5013f37369ce ;
time : 1452234777 ;
type : event ;
event : VIEW ;
tousername : gh_5013f37369ce ;
fromusername : oqCObuDpIU0TLUyJMdRq9wIZtYIU ;
createtime : 1452234777 ;
msgtype : event ;
eventkey : http://mp.weixin.qq.com/s?__biz=MzA5MzE5NzExNw==&mid=10001097&idx=1&sn=8338ffe385dcd8dd1f376fc1a2fd50ff&scene=18#rd ;
menuid : 208007648 ;

2016-01-08 14:32:51 params :
------------
Array:
rule : -2 ;
module :  ;
message : Array ;

2016-01-08 14:32:51 response :
------------

2016-01-08 14:33:08 trace :
------------
Array:
from : oqCObuDpIU0TLUyJMdRq9wIZtYIU ;
to : gh_5013f37369ce ;
time : 1452234794 ;
type : event ;
event : VIEW ;
tousername : gh_5013f37369ce ;
fromusername : oqCObuDpIU0TLUyJMdRq9wIZtYIU ;
createtime : 1452234794 ;
msgtype : event ;
eventkey : http://mp.weixin.qq.com/s?__biz=MzA5MzE5NzExNw==&mid=10001097&idx=1&sn=8338ffe385dcd8dd1f376fc1a2fd50ff&scene=18#rd ;
menuid : 208007648 ;

2016-01-08 14:33:08 params :
------------
Array:
rule : -2 ;
module :  ;
message : Array ;

2016-01-08 14:33:08 response :
------------

2016-01-08 14:54:41 trace :
------------
Array:
from : oqCObuOE8e_qNCterzd8V77MwNpw ;
to : gh_5013f37369ce ;
time : 1452236084 ;
type : event ;
event : VIEW ;
tousername : gh_5013f37369ce ;
fromusername : oqCObuOE8e_qNCterzd8V77MwNpw ;
createtime : 1452236084 ;
msgtype : event ;
eventkey : http://mp.weixin.qq.com/s?__biz=MzA5MzE5NzExNw==&mid=10001097&idx=1&sn=8338ffe385dcd8dd1f376fc1a2fd50ff&scene=18#rd ;
menuid : 208007648 ;

2016-01-08 14:54:41 params :
------------
Array:
rule : -2 ;
module :  ;
message : Array ;

2016-01-08 14:54:41 response :
------------

2016-01-08 14:54:58 trace :
------------
Array:
from : oqCObuOE8e_qNCterzd8V77MwNpw ;
to : gh_5013f37369ce ;
time : 1452236101 ;
type : event ;
event : VIEW ;
tousername : gh_5013f37369ce ;
fromusername : oqCObuOE8e_qNCterzd8V77MwNpw ;
createtime : 1452236101 ;
msgtype : event ;
eventkey : http://mp.weixin.qq.com/s?__biz=MzA5MzE5NzExNw==&mid=10001097&idx=1&sn=8338ffe385dcd8dd1f376fc1a2fd50ff&scene=18#rd ;
menuid : 208007648 ;

2016-01-08 14:54:58 params :
------------
Array:
rule : -2 ;
module :  ;
message : Array ;

2016-01-08 14:54:58 response :
------------

2016-01-08 16:06:22 trace :
------------
Array:
from : oqCObuFcCk0uDyTjGZ66OCjrXRj4 ;
to : gh_5013f37369ce ;
time : 1452240387 ;
type : event ;
event : VIEW ;
tousername : gh_5013f37369ce ;
fromusername : oqCObuFcCk0uDyTjGZ66OCjrXRj4 ;
createtime : 1452240387 ;
msgtype : event ;
eventkey : http://mp.weixin.qq.com/s?__biz=MzA5MzE5NzExNw==&mid=10001097&idx=1&sn=8338ffe385dcd8dd1f376fc1a2fd50ff&scene=18#rd ;
menuid : 208007648 ;

2016-01-08 16:06:22 params :
------------
Array:
rule : -2 ;
module :  ;
message : Array ;

2016-01-08 16:06:22 response :
------------

2016-01-08 16:06:35 trace :
------------
Array:
from : oqCObuFcCk0uDyTjGZ66OCjrXRj4 ;
to : gh_5013f37369ce ;
time : 1452240401 ;
type : event ;
event : VIEW ;
tousername : gh_5013f37369ce ;
fromusername : oqCObuFcCk0uDyTjGZ66OCjrXRj4 ;
createtime : 1452240401 ;
msgtype : event ;
eventkey : http://mp.weixin.qq.com/s?__biz=MzA5MzE5NzExNw==&mid=10001097&idx=1&sn=8338ffe385dcd8dd1f376fc1a2fd50ff&scene=18#rd ;
menuid : 208007648 ;

2016-01-08 16:06:35 params :
------------
Array:
rule : -2 ;
module :  ;
message : Array ;

2016-01-08 16:06:35 response :
------------

2016-01-08 16:06:36 trace :
------------
Array:
from : oqCObuFcCk0uDyTjGZ66OCjrXRj4 ;
to : gh_5013f37369ce ;
time : 1452240401 ;
type : event ;
event : VIEW ;
tousername : gh_5013f37369ce ;
fromusername : oqCObuFcCk0uDyTjGZ66OCjrXRj4 ;
createtime : 1452240401 ;
msgtype : event ;
eventkey : http://mp.weixin.qq.com/s?__biz=MzA5MzE5NzExNw==&mid=10001097&idx=1&sn=8338ffe385dcd8dd1f376fc1a2fd50ff&scene=18#rd ;
menuid : 208007648 ;

2016-01-08 16:06:36 params :
------------
Array:
rule : -2 ;
module :  ;
message : Array ;

2016-01-08 16:06:36 response :
------------

2016-01-08 16:07:04 trace :
------------
Array:
from : oqCObuFcCk0uDyTjGZ66OCjrXRj4 ;
to : gh_5013f37369ce ;
time : 1452240429 ;
type : event ;
event : VIEW ;
tousername : gh_5013f37369ce ;
fromusername : oqCObuFcCk0uDyTjGZ66OCjrXRj4 ;
createtime : 1452240429 ;
msgtype : event ;
eventkey : http://mp.weixin.qq.com/s?__biz=MzA5MzE5NzExNw==&mid=10001097&idx=1&sn=8338ffe385dcd8dd1f376fc1a2fd50ff&scene=18#rd ;
menuid : 208007648 ;

2016-01-08 16:07:04 params :
------------
Array:
rule : -2 ;
module :  ;
message : Array ;

2016-01-08 16:07:04 response :
------------

2016-01-08 16:46:24 trace :
------------
Array:
from : oqCObuAKUEE1kTxBv5MTJkhAKH4w ;
to : gh_5013f37369ce ;
time : 1452242790 ;
type : event ;
event : VIEW ;
tousername : gh_5013f37369ce ;
fromusername : oqCObuAKUEE1kTxBv5MTJkhAKH4w ;
createtime : 1452242790 ;
msgtype : event ;
eventkey : http://mp.weixin.qq.com/s?__biz=MzA5MzE5NzExNw==&mid=10001097&idx=1&sn=8338ffe385dcd8dd1f376fc1a2fd50ff&scene=18#rd ;
menuid : 208007648 ;

2016-01-08 16:46:24 params :
------------
Array:
rule : -2 ;
module :  ;
message : Array ;

2016-01-08 16:46:24 response :
------------

2016-01-08 17:07:38 trace :
------------
Array:
from : oqCObuOE8e_qNCterzd8V77MwNpw ;
to : gh_5013f37369ce ;
time : 1452244063 ;
type : event ;
event : VIEW ;
tousername : gh_5013f37369ce ;
fromusername : oqCObuOE8e_qNCterzd8V77MwNpw ;
createtime : 1452244063 ;
msgtype : event ;
eventkey : http://mp.weixin.qq.com/s?__biz=MzA5MzE5NzExNw==&mid=10001097&idx=1&sn=8338ffe385dcd8dd1f376fc1a2fd50ff&scene=18#rd ;
menuid : 208007648 ;

2016-01-08 17:07:38 params :
------------
Array:
rule : -2 ;
module :  ;
message : Array ;

2016-01-08 17:07:38 response :
------------

2016-01-08 17:08:18 trace :
------------
Array:
from : oqCObuDOfiaVbbrrrcUwFpJdLs_E ;
to : gh_5013f37369ce ;
time : 1452244104 ;
type : event ;
event : VIEW ;
tousername : gh_5013f37369ce ;
fromusername : oqCObuDOfiaVbbrrrcUwFpJdLs_E ;
createtime : 1452244104 ;
msgtype : event ;
eventkey : http://mp.weixin.qq.com/s?__biz=MzA5MzE5NzExNw==&mid=10001097&idx=1&sn=8338ffe385dcd8dd1f376fc1a2fd50ff&scene=18#rd ;
menuid : 208007648 ;

2016-01-08 17:08:18 params :
------------
Array:
rule : -2 ;
module :  ;
message : Array ;

2016-01-08 17:08:18 response :
------------

2016-01-08 17:08:23 trace :
------------
Array:
from : oqCObuDOfiaVbbrrrcUwFpJdLs_E ;
to : gh_5013f37369ce ;
time : 1452244108 ;
type : event ;
event : VIEW ;
tousername : gh_5013f37369ce ;
fromusername : oqCObuDOfiaVbbrrrcUwFpJdLs_E ;
createtime : 1452244108 ;
msgtype : event ;
eventkey : http://mp.weixin.qq.com/s?__biz=MzA5MzE5NzExNw==&mid=10001097&idx=1&sn=8338ffe385dcd8dd1f376fc1a2fd50ff&scene=18#rd ;
menuid : 208007648 ;

2016-01-08 17:08:23 params :
------------
Array:
rule : -2 ;
module :  ;
message : Array ;

2016-01-08 17:08:23 response :
------------

2016-01-08 17:36:55 trace :
------------
Array:
from : oqCObuI_HwdA53OBGwoG0RTYIBRk ;
to : gh_5013f37369ce ;
time : 1452245820 ;
type : event ;
event : VIEW ;
tousername : gh_5013f37369ce ;
fromusername : oqCObuI_HwdA53OBGwoG0RTYIBRk ;
createtime : 1452245820 ;
msgtype : event ;
eventkey : http://mp.weixin.qq.com/s?__biz=MzA5MzE5NzExNw==&mid=10001097&idx=1&sn=8338ffe385dcd8dd1f376fc1a2fd50ff&scene=18#rd ;
menuid : 208007648 ;

2016-01-08 17:36:55 params :
------------
Array:
rule : -2 ;
module :  ;
message : Array ;

2016-01-08 17:36:55 response :
------------

2016-01-08 17:37:14 trace :
------------
Array:
from : oqCObuI_HwdA53OBGwoG0RTYIBRk ;
to : gh_5013f37369ce ;
time : 1452245840 ;
type : event ;
event : VIEW ;
tousername : gh_5013f37369ce ;
fromusername : oqCObuI_HwdA53OBGwoG0RTYIBRk ;
createtime : 1452245840 ;
msgtype : event ;
eventkey : http://mp.weixin.qq.com/s?__biz=MzA5MzE5NzExNw==&mid=10001097&idx=1&sn=8338ffe385dcd8dd1f376fc1a2fd50ff&scene=18#rd ;
menuid : 208007648 ;

2016-01-08 17:37:14 params :
------------
Array:
rule : -2 ;
module :  ;
message : Array ;

2016-01-08 17:37:14 response :
------------

2016-01-08 17:56:21 trace :
------------
Array:
from : oqCObuFu-63q3Slk1z25PP9vA9lQ ;
to : gh_5013f37369ce ;
time : 1452246986 ;
type : event ;
event : VIEW ;
tousername : gh_5013f37369ce ;
fromusername : oqCObuFu-63q3Slk1z25PP9vA9lQ ;
createtime : 1452246986 ;
msgtype : event ;
eventkey : http://mp.weixin.qq.com/s?__biz=MzA5MzE5NzExNw==&mid=10001097&idx=1&sn=8338ffe385dcd8dd1f376fc1a2fd50ff&scene=18#rd ;
menuid : 208007648 ;

2016-01-08 17:56:21 params :
------------
Array:
rule : -2 ;
module :  ;
message : Array ;

2016-01-08 17:56:21 response :
------------

2016-01-08 17:56:29 trace :
------------
Array:
from : oqCObuFu-63q3Slk1z25PP9vA9lQ ;
to : gh_5013f37369ce ;
time : 1452246995 ;
type : event ;
event : VIEW ;
tousername : gh_5013f37369ce ;
fromusername : oqCObuFu-63q3Slk1z25PP9vA9lQ ;
createtime : 1452246995 ;
msgtype : event ;
eventkey : http://mp.weixin.qq.com/s?__biz=MzA5MzE5NzExNw==&mid=10001097&idx=1&sn=8338ffe385dcd8dd1f376fc1a2fd50ff&scene=18#rd ;
menuid : 208007648 ;

2016-01-08 17:56:29 params :
------------
Array:
rule : -2 ;
module :  ;
message : Array ;

2016-01-08 17:56:29 response :
------------

2016-01-08 17:56:39 trace :
------------
Array:
from : oqCObuFu-63q3Slk1z25PP9vA9lQ ;
to : gh_5013f37369ce ;
time : 1452247004 ;
type : event ;
event : VIEW ;
tousername : gh_5013f37369ce ;
fromusername : oqCObuFu-63q3Slk1z25PP9vA9lQ ;
createtime : 1452247004 ;
msgtype : event ;
eventkey : http://mp.weixin.qq.com/s?__biz=MzA5MzE5NzExNw==&mid=10001097&idx=1&sn=8338ffe385dcd8dd1f376fc1a2fd50ff&scene=18#rd ;
menuid : 208007648 ;

2016-01-08 17:56:39 params :
------------
Array:
rule : -2 ;
module :  ;
message : Array ;

2016-01-08 17:56:39 response :
------------

2016-01-08 18:07:12 trace :
------------
Array:
from : oqCObuBrpvYqq3GT6AYFiro0Xwts ;
to : gh_5013f37369ce ;
time : 1452247638 ;
type : event ;
event : subscribe ;
tousername : gh_5013f37369ce ;
fromusername : oqCObuBrpvYqq3GT6AYFiro0Xwts ;
createtime : 1452247638 ;
msgtype : event ;
eventkey :  ;

2016-01-08 18:07:12 params :
------------
Array:
rule : -2 ;
module :  ;
message : Array ;

2016-01-08 18:07:12 response :
------------

2016-01-08 18:26:59 trace :
------------
Array:
from : oqCObuE7_Zb9w9pw1XNwvpj5Hl2Y ;
to : gh_5013f37369ce ;
time : 1452248825 ;
type : event ;
event : VIEW ;
tousername : gh_5013f37369ce ;
fromusername : oqCObuE7_Zb9w9pw1XNwvpj5Hl2Y ;
createtime : 1452248825 ;
msgtype : event ;
eventkey : http://mp.weixin.qq.com/s?__biz=MzA5MzE5NzExNw==&mid=10001097&idx=1&sn=8338ffe385dcd8dd1f376fc1a2fd50ff&scene=18#rd ;
menuid : 208007648 ;

2016-01-08 18:26:59 params :
------------
Array:
rule : -2 ;
module :  ;
message : Array ;

2016-01-08 18:26:59 response :
------------

2016-01-08 18:27:03 trace :
------------
Array:
from : oqCObuE7_Zb9w9pw1XNwvpj5Hl2Y ;
to : gh_5013f37369ce ;
time : 1452248829 ;
type : event ;
event : VIEW ;
tousername : gh_5013f37369ce ;
fromusername : oqCObuE7_Zb9w9pw1XNwvpj5Hl2Y ;
createtime : 1452248829 ;
msgtype : event ;
eventkey : http://mp.weixin.qq.com/s?__biz=MzA5MzE5NzExNw==&mid=10001097&idx=1&sn=8338ffe385dcd8dd1f376fc1a2fd50ff&scene=18#rd ;
menuid : 208007648 ;

2016-01-08 18:27:03 params :
------------
Array:
rule : -2 ;
module :  ;
message : Array ;

2016-01-08 18:27:03 response :
------------

2016-01-08 18:27:08 trace :
------------
Array:
from : oqCObuE7_Zb9w9pw1XNwvpj5Hl2Y ;
to : gh_5013f37369ce ;
time : 1452248834 ;
type : event ;
event : VIEW ;
tousername : gh_5013f37369ce ;
fromusername : oqCObuE7_Zb9w9pw1XNwvpj5Hl2Y ;
createtime : 1452248834 ;
msgtype : event ;
eventkey : http://mp.weixin.qq.com/s?__biz=MzA5MzE5NzExNw==&mid=10001097&idx=1&sn=8338ffe385dcd8dd1f376fc1a2fd50ff&scene=18#rd ;
menuid : 208007648 ;

2016-01-08 18:27:08 params :
------------
Array:
rule : -2 ;
module :  ;
message : Array ;

2016-01-08 18:27:08 response :
------------

2016-01-08 18:32:38 trace :
------------
Array:
from : oqCObuPzZZaT-_85Ro-ZE-FK0GDw ;
to : gh_5013f37369ce ;
time : 1452249161 ;
type : event ;
event : VIEW ;
tousername : gh_5013f37369ce ;
fromusername : oqCObuPzZZaT-_85Ro-ZE-FK0GDw ;
createtime : 1452249161 ;
msgtype : event ;
eventkey : http://mp.weixin.qq.com/s?__biz=MzA5MzE5NzExNw==&mid=10001097&idx=1&sn=8338ffe385dcd8dd1f376fc1a2fd50ff&scene=18#rd ;
menuid : 208007648 ;

2016-01-08 18:32:38 params :
------------
Array:
rule : -2 ;
module :  ;
message : Array ;

2016-01-08 18:32:38 response :
------------

2016-01-08 18:32:44 trace :
------------
Array:
from : oqCObuPzZZaT-_85Ro-ZE-FK0GDw ;
to : gh_5013f37369ce ;
time : 1452249167 ;
type : event ;
event : VIEW ;
tousername : gh_5013f37369ce ;
fromusername : oqCObuPzZZaT-_85Ro-ZE-FK0GDw ;
createtime : 1452249167 ;
msgtype : event ;
eventkey : http://mp.weixin.qq.com/s?__biz=MzA5MzE5NzExNw==&mid=10001097&idx=1&sn=8338ffe385dcd8dd1f376fc1a2fd50ff&scene=18#rd ;
menuid : 208007648 ;

2016-01-08 18:32:45 params :
------------
Array:
rule : -2 ;
module :  ;
message : Array ;

2016-01-08 18:32:45 response :
------------

2016-01-08 20:02:06 trace :
------------
Array:
from : oqCObuJ6eZlNpXqMbcib2Q4-6xfk ;
to : gh_5013f37369ce ;
time : 1452254532 ;
type : event ;
event : VIEW ;
tousername : gh_5013f37369ce ;
fromusername : oqCObuJ6eZlNpXqMbcib2Q4-6xfk ;
createtime : 1452254532 ;
msgtype : event ;
eventkey : http://mp.weixin.qq.com/s?__biz=MzA5MzE5NzExNw==&mid=10001097&idx=1&sn=8338ffe385dcd8dd1f376fc1a2fd50ff&scene=18#rd ;
menuid : 208007648 ;

2016-01-08 20:02:06 params :
------------
Array:
rule : -2 ;
module :  ;
message : Array ;

2016-01-08 20:02:06 response :
------------

2016-01-08 20:02:17 trace :
------------
Array:
from : oqCObuJ6eZlNpXqMbcib2Q4-6xfk ;
to : gh_5013f37369ce ;
time : 1452254543 ;
type : event ;
event : VIEW ;
tousername : gh_5013f37369ce ;
fromusername : oqCObuJ6eZlNpXqMbcib2Q4-6xfk ;
createtime : 1452254543 ;
msgtype : event ;
eventkey : http://mp.weixin.qq.com/s?__biz=MzA5MzE5NzExNw==&mid=10001097&idx=1&sn=8338ffe385dcd8dd1f376fc1a2fd50ff&scene=18#rd ;
menuid : 208007648 ;

2016-01-08 20:02:17 params :
------------
Array:
rule : -2 ;
module :  ;
message : Array ;

2016-01-08 20:02:17 response :
------------

2016-01-08 20:03:55 trace :
------------
Array:
from : oqCObuJ6eZlNpXqMbcib2Q4-6xfk ;
to : gh_5013f37369ce ;
time : 1452254641 ;
type : event ;
event : VIEW ;
tousername : gh_5013f37369ce ;
fromusername : oqCObuJ6eZlNpXqMbcib2Q4-6xfk ;
createtime : 1452254641 ;
msgtype : event ;
eventkey : http://mp.weixin.qq.com/s?__biz=MzA5MzE5NzExNw==&mid=10001097&idx=1&sn=8338ffe385dcd8dd1f376fc1a2fd50ff&scene=18#rd ;
menuid : 208007648 ;

2016-01-08 20:03:55 params :
------------
Array:
rule : -2 ;
module :  ;
message : Array ;

2016-01-08 20:03:55 response :
------------

2016-01-08 21:10:23 trace :
------------
Array:
from : oqCObuMd2arrKJ_paf1dgmx007yU ;
to : gh_5013f37369ce ;
time : 1452258629 ;
type : event ;
event : VIEW ;
tousername : gh_5013f37369ce ;
fromusername : oqCObuMd2arrKJ_paf1dgmx007yU ;
createtime : 1452258629 ;
msgtype : event ;
eventkey : http://mp.weixin.qq.com/s?__biz=MzA5MzE5NzExNw==&mid=10001097&idx=1&sn=8338ffe385dcd8dd1f376fc1a2fd50ff&scene=18#rd ;
menuid : 208007648 ;

2016-01-08 21:10:23 params :
------------
Array:
rule : -2 ;
module :  ;
message : Array ;

2016-01-08 21:10:23 response :
------------

2016-01-08 21:10:31 trace :
------------
Array:
from : oqCObuMd2arrKJ_paf1dgmx007yU ;
to : gh_5013f37369ce ;
time : 1452258637 ;
type : event ;
event : VIEW ;
tousername : gh_5013f37369ce ;
fromusername : oqCObuMd2arrKJ_paf1dgmx007yU ;
createtime : 1452258637 ;
msgtype : event ;
eventkey : http://mp.weixin.qq.com/s?__biz=MzA5MzE5NzExNw==&mid=10001097&idx=1&sn=8338ffe385dcd8dd1f376fc1a2fd50ff&scene=18#rd ;
menuid : 208007648 ;

2016-01-08 21:10:31 params :
------------
Array:
rule : -2 ;
module :  ;
message : Array ;

2016-01-08 21:10:31 response :
------------

2016-01-08 21:10:43 trace :
------------
Array:
from : oqCObuMd2arrKJ_paf1dgmx007yU ;
to : gh_5013f37369ce ;
time : 1452258649 ;
type : event ;
event : VIEW ;
tousername : gh_5013f37369ce ;
fromusername : oqCObuMd2arrKJ_paf1dgmx007yU ;
createtime : 1452258649 ;
msgtype : event ;
eventkey : http://mp.weixin.qq.com/s?__biz=MzA5MzE5NzExNw==&mid=10001097&idx=1&sn=8338ffe385dcd8dd1f376fc1a2fd50ff&scene=18#rd ;
menuid : 208007648 ;

2016-01-08 21:10:43 params :
------------
Array:
rule : -2 ;
module :  ;
message : Array ;

2016-01-08 21:10:43 response :
------------

2016-01-08 21:11:57 trace :
------------
Array:
from : oqCObuMd2arrKJ_paf1dgmx007yU ;
to : gh_5013f37369ce ;
time : 1452258723 ;
type : event ;
event : VIEW ;
tousername : gh_5013f37369ce ;
fromusername : oqCObuMd2arrKJ_paf1dgmx007yU ;
createtime : 1452258723 ;
msgtype : event ;
eventkey : http://mp.weixin.qq.com/s?__biz=MzA5MzE5NzExNw==&mid=10001097&idx=1&sn=8338ffe385dcd8dd1f376fc1a2fd50ff&scene=18#rd ;
menuid : 208007648 ;

2016-01-08 21:11:57 params :
------------
Array:
rule : -2 ;
module :  ;
message : Array ;

2016-01-08 21:11:57 response :
------------

2016-01-08 21:18:00 trace :
------------
Array:
from : oqCObuNERhZYwMo17G4MhuNgE7Aw ;
to : gh_5013f37369ce ;
time : 1452259086 ;
type : event ;
event : VIEW ;
tousername : gh_5013f37369ce ;
fromusername : oqCObuNERhZYwMo17G4MhuNgE7Aw ;
createtime : 1452259086 ;
msgtype : event ;
eventkey : http://mp.weixin.qq.com/s?__biz=MzA5MzE5NzExNw==&mid=10001097&idx=1&sn=8338ffe385dcd8dd1f376fc1a2fd50ff&scene=18#rd ;
menuid : 208007648 ;

2016-01-08 21:18:00 params :
------------
Array:
rule : -2 ;
module :  ;
message : Array ;

2016-01-08 21:18:00 response :
------------

2016-01-08 21:36:21 trace :
------------
Array:
from : oqCObuPXHDk-0F3zhY1dyOQVsFEw ;
to : gh_5013f37369ce ;
time : 1452260187 ;
type : text ;
event :  ;
tousername : gh_5013f37369ce ;
fromusername : oqCObuPXHDk-0F3zhY1dyOQVsFEw ;
createtime : 1452260187 ;
msgtype : text ;
content : 发货 ;
msgid : 6237410008849513078 ;
redirection :  ;
source :  ;

2016-01-08 21:36:21 params :
------------
Array:
rule : -2 ;
module :  ;
message : Array ;

2016-01-08 21:36:21 response :
------------

2016-01-08 21:36:32 trace :
------------
Array:
from : oqCObuPXHDk-0F3zhY1dyOQVsFEw ;
to : gh_5013f37369ce ;
time : 1452260198 ;
type : event ;
event : VIEW ;
tousername : gh_5013f37369ce ;
fromusername : oqCObuPXHDk-0F3zhY1dyOQVsFEw ;
createtime : 1452260198 ;
msgtype : event ;
eventkey : http://mp.weixin.qq.com/s?__biz=MzA5MzE5NzExNw==&mid=10001097&idx=1&sn=8338ffe385dcd8dd1f376fc1a2fd50ff&scene=18#rd ;
menuid : 208007648 ;

2016-01-08 21:36:32 params :
------------
Array:
rule : -2 ;
module :  ;
message : Array ;

2016-01-08 21:36:32 response :
------------

2016-01-08 22:32:19 trace :
------------
Array:
from : oqCObuA-jAYRYzOWnM7wwsmqRHnI ;
to : gh_5013f37369ce ;
time : 1452263541 ;
type : event ;
event : VIEW ;
tousername : gh_5013f37369ce ;
fromusername : oqCObuA-jAYRYzOWnM7wwsmqRHnI ;
createtime : 1452263541 ;
msgtype : event ;
eventkey : http://mp.weixin.qq.com/s?__biz=MzA5MzE5NzExNw==&mid=10001097&idx=1&sn=8338ffe385dcd8dd1f376fc1a2fd50ff&scene=18#rd ;
menuid : 208007648 ;

2016-01-08 22:32:19 params :
------------
Array:
rule : -2 ;
module :  ;
message : Array ;

2016-01-08 22:32:19 response :
------------

2016-01-08 22:32:48 trace :
------------
Array:
from : oqCObuA-jAYRYzOWnM7wwsmqRHnI ;
to : gh_5013f37369ce ;
time : 1452263574 ;
type : event ;
event : VIEW ;
tousername : gh_5013f37369ce ;
fromusername : oqCObuA-jAYRYzOWnM7wwsmqRHnI ;
createtime : 1452263574 ;
msgtype : event ;
eventkey : http://mp.weixin.qq.com/s?__biz=MzA5MzE5NzExNw==&mid=10001097&idx=1&sn=8338ffe385dcd8dd1f376fc1a2fd50ff&scene=18#rd ;
menuid : 208007648 ;

2016-01-08 22:32:48 params :
------------
Array:
rule : -2 ;
module :  ;
message : Array ;

2016-01-08 22:32:48 response :
------------

2016-01-08 23:13:33 trace :
------------
Array:
from : oqCObuEf9Y_fOR4peaGEZTlSAKcE ;
to : gh_5013f37369ce ;
time : 1452266019 ;
type : event ;
event : VIEW ;
tousername : gh_5013f37369ce ;
fromusername : oqCObuEf9Y_fOR4peaGEZTlSAKcE ;
createtime : 1452266019 ;
msgtype : event ;
eventkey : http://mp.weixin.qq.com/s?__biz=MzA5MzE5NzExNw==&mid=10001097&idx=1&sn=8338ffe385dcd8dd1f376fc1a2fd50ff&scene=18#rd ;
menuid : 208007648 ;

2016-01-08 23:13:33 params :
------------
Array:
rule : -2 ;
module :  ;
message : Array ;

2016-01-08 23:13:33 response :
------------

