2016-03-24 09:33:36 trace :
------------
Array:
from : oqCObuDDV3LVGY4FfjYLK1FQyhwE ;
to : gh_5013f37369ce ;
time : 1458783227 ;
type : event ;
event : VIEW ;
tousername : gh_5013f37369ce ;
fromusername : oqCObuDDV3LVGY4FfjYLK1FQyhwE ;
createtime : 1458783227 ;
msgtype : event ;
eventkey : http://mp.weixin.qq.com/s?__biz=MzA5MzE5NzExNw==&mid=10001097&idx=1&sn=8338ffe385dcd8dd1f376fc1a2fd50ff&scene=18#rd ;
menuid : 208007648 ;

2016-03-24 09:33:36 params :
------------
Array:
rule : -2 ;
module :  ;
message : Array ;

2016-03-24 09:33:36 response :
------------

2016-03-24 12:17:07 trace :
------------
Array:
from : oqCObuNGuNXt3cpbXlMsNYJKsa7M ;
to : gh_5013f37369ce ;
time : 1458793025 ;
type : event ;
event : VIEW ;
tousername : gh_5013f37369ce ;
fromusername : oqCObuNGuNXt3cpbXlMsNYJKsa7M ;
createtime : 1458793025 ;
msgtype : event ;
eventkey : http://mp.weixin.qq.com/s?__biz=MzA5MzE5NzExNw==&mid=10001097&idx=1&sn=8338ffe385dcd8dd1f376fc1a2fd50ff&scene=18#rd ;
menuid : 208007648 ;

2016-03-24 12:17:07 params :
------------
Array:
rule : -2 ;
module :  ;
message : Array ;

2016-03-24 12:17:07 response :
------------

2016-03-24 12:17:12 trace :
------------
Array:
from : oqCObuNGuNXt3cpbXlMsNYJKsa7M ;
to : gh_5013f37369ce ;
time : 1458793025 ;
type : event ;
event : VIEW ;
tousername : gh_5013f37369ce ;
fromusername : oqCObuNGuNXt3cpbXlMsNYJKsa7M ;
createtime : 1458793025 ;
msgtype : event ;
eventkey : http://mp.weixin.qq.com/s?__biz=MzA5MzE5NzExNw==&mid=10001097&idx=1&sn=8338ffe385dcd8dd1f376fc1a2fd50ff&scene=18#rd ;
menuid : 208007648 ;

2016-03-24 12:17:12 params :
------------
Array:
rule : -2 ;
module :  ;
message : Array ;

2016-03-24 12:17:12 response :
------------

2016-03-24 13:49:40 trace :
------------
Array:
from : oqCObuMJgiZzBEu5yDu96VRq8VbU ;
to : gh_5013f37369ce ;
time : 1458798594 ;
type : event ;
event : subscribe ;
tousername : gh_5013f37369ce ;
fromusername : oqCObuMJgiZzBEu5yDu96VRq8VbU ;
createtime : 1458798594 ;
msgtype : event ;
eventkey :  ;

2016-03-24 13:49:40 params :
------------
Array:
rule : -2 ;
module :  ;
message : Array ;

2016-03-24 13:49:40 response :
------------

2016-03-24 13:49:52 trace :
------------
Array:
from : oqCObuMJgiZzBEu5yDu96VRq8VbU ;
to : gh_5013f37369ce ;
time : 1458798607 ;
type : event ;
event : VIEW ;
tousername : gh_5013f37369ce ;
fromusername : oqCObuMJgiZzBEu5yDu96VRq8VbU ;
createtime : 1458798607 ;
msgtype : event ;
eventkey : http://mp.weixin.qq.com/s?__biz=MzA5MzE5NzExNw==&mid=10001097&idx=1&sn=8338ffe385dcd8dd1f376fc1a2fd50ff&scene=18#rd ;
menuid : 208007648 ;

2016-03-24 13:49:52 params :
------------
Array:
rule : -2 ;
module :  ;
message : Array ;

2016-03-24 13:49:52 response :
------------

2016-03-24 13:50:23 trace :
------------
Array:
from : oqCObuMJgiZzBEu5yDu96VRq8VbU ;
to : gh_5013f37369ce ;
time : 1458798638 ;
type : event ;
event : VIEW ;
tousername : gh_5013f37369ce ;
fromusername : oqCObuMJgiZzBEu5yDu96VRq8VbU ;
createtime : 1458798638 ;
msgtype : event ;
eventkey : http://mp.weixin.qq.com/s?__biz=MzA5MzE5NzExNw==&mid=10001097&idx=1&sn=8338ffe385dcd8dd1f376fc1a2fd50ff&scene=18#rd ;
menuid : 208007648 ;

2016-03-24 13:50:23 params :
------------
Array:
rule : -2 ;
module :  ;
message : Array ;

2016-03-24 13:50:23 response :
------------

2016-03-24 13:50:43 trace :
------------
Array:
from : oqCObuMJgiZzBEu5yDu96VRq8VbU ;
to : gh_5013f37369ce ;
time : 1458798658 ;
type : event ;
event : VIEW ;
tousername : gh_5013f37369ce ;
fromusername : oqCObuMJgiZzBEu5yDu96VRq8VbU ;
createtime : 1458798658 ;
msgtype : event ;
eventkey : http://mp.weixin.qq.com/s?__biz=MzA5MzE5NzExNw==&mid=10001097&idx=1&sn=8338ffe385dcd8dd1f376fc1a2fd50ff&scene=18#rd ;
menuid : 208007648 ;

2016-03-24 13:50:43 params :
------------
Array:
rule : -2 ;
module :  ;
message : Array ;

2016-03-24 13:50:43 response :
------------

2016-03-24 13:51:12 trace :
------------
Array:
from : oqCObuMJgiZzBEu5yDu96VRq8VbU ;
to : gh_5013f37369ce ;
time : 1458798687 ;
type : event ;
event : VIEW ;
tousername : gh_5013f37369ce ;
fromusername : oqCObuMJgiZzBEu5yDu96VRq8VbU ;
createtime : 1458798687 ;
msgtype : event ;
eventkey : http://mp.weixin.qq.com/s?__biz=MzA5MzE5NzExNw==&mid=10001097&idx=1&sn=8338ffe385dcd8dd1f376fc1a2fd50ff&scene=18#rd ;
menuid : 208007648 ;

2016-03-24 13:51:12 params :
------------
Array:
rule : -2 ;
module :  ;
message : Array ;

2016-03-24 13:51:12 response :
------------

2016-03-24 13:51:17 trace :
------------
Array:
from : oqCObuMJgiZzBEu5yDu96VRq8VbU ;
to : gh_5013f37369ce ;
time : 1458798692 ;
type : event ;
event : VIEW ;
tousername : gh_5013f37369ce ;
fromusername : oqCObuMJgiZzBEu5yDu96VRq8VbU ;
createtime : 1458798692 ;
msgtype : event ;
eventkey : http://mp.weixin.qq.com/s?__biz=MzA5MzE5NzExNw==&mid=10001097&idx=1&sn=8338ffe385dcd8dd1f376fc1a2fd50ff&scene=18#rd ;
menuid : 208007648 ;

2016-03-24 13:51:17 params :
------------
Array:
rule : -2 ;
module :  ;
message : Array ;

2016-03-24 13:51:17 response :
------------

2016-03-24 13:51:22 trace :
------------
Array:
from : oqCObuMJgiZzBEu5yDu96VRq8VbU ;
to : gh_5013f37369ce ;
time : 1458798697 ;
type : event ;
event : VIEW ;
tousername : gh_5013f37369ce ;
fromusername : oqCObuMJgiZzBEu5yDu96VRq8VbU ;
createtime : 1458798697 ;
msgtype : event ;
eventkey : http://mp.weixin.qq.com/s?__biz=MzA5MzE5NzExNw==&mid=10001097&idx=1&sn=8338ffe385dcd8dd1f376fc1a2fd50ff&scene=18#rd ;
menuid : 208007648 ;

2016-03-24 13:51:22 params :
------------
Array:
rule : -2 ;
module :  ;
message : Array ;

2016-03-24 13:51:22 response :
------------

2016-03-24 15:38:55 trace :
------------
Array:
from : oqCObuGkDE6nXpPB0t5qe8upY3GI ;
to : gh_5013f37369ce ;
time : 1458805149 ;
type : event ;
event : subscribe ;
tousername : gh_5013f37369ce ;
fromusername : oqCObuGkDE6nXpPB0t5qe8upY3GI ;
createtime : 1458805149 ;
msgtype : event ;
eventkey :  ;

2016-03-24 15:38:55 params :
------------
Array:
rule : -2 ;
module :  ;
message : Array ;

2016-03-24 15:38:55 response :
------------

2016-03-24 15:39:50 trace :
------------
Array:
from : oqCObuLdWsAaRGLjz4iAFORAehGo ;
to : gh_5013f37369ce ;
time : 1458805204 ;
type : event ;
event : subscribe ;
tousername : gh_5013f37369ce ;
fromusername : oqCObuLdWsAaRGLjz4iAFORAehGo ;
createtime : 1458805204 ;
msgtype : event ;
eventkey :  ;

2016-03-24 15:39:50 params :
------------
Array:
rule : -2 ;
module :  ;
message : Array ;

2016-03-24 15:39:50 response :
------------

2016-03-24 15:39:55 trace :
------------
Array:
from : oqCObuLdWsAaRGLjz4iAFORAehGo ;
to : gh_5013f37369ce ;
time : 1458805210 ;
type : event ;
event : VIEW ;
tousername : gh_5013f37369ce ;
fromusername : oqCObuLdWsAaRGLjz4iAFORAehGo ;
createtime : 1458805210 ;
msgtype : event ;
eventkey : http://mp.weixin.qq.com/s?__biz=MzA5MzE5NzExNw==&mid=10001097&idx=1&sn=8338ffe385dcd8dd1f376fc1a2fd50ff&scene=18#rd ;
menuid : 208007648 ;

2016-03-24 15:39:55 params :
------------
Array:
rule : -2 ;
module :  ;
message : Array ;

2016-03-24 15:39:55 response :
------------

2016-03-24 17:35:19 trace :
------------
Array:
from : oqCObuL-OpmnY_s5oifeuihYVxPY ;
to : gh_5013f37369ce ;
time : 1458812134 ;
type : event ;
event : subscribe ;
tousername : gh_5013f37369ce ;
fromusername : oqCObuL-OpmnY_s5oifeuihYVxPY ;
createtime : 1458812134 ;
msgtype : event ;
eventkey :  ;

2016-03-24 17:35:19 params :
------------
Array:
rule : -2 ;
module :  ;
message : Array ;

2016-03-24 17:35:19 response :
------------

2016-03-24 17:45:29 trace :
------------
Array:
from : oqCObuI9HChYvcd9dCxhO2p3Hp5w ;
to : gh_5013f37369ce ;
time : 1458812744 ;
type : event ;
event : VIEW ;
tousername : gh_5013f37369ce ;
fromusername : oqCObuI9HChYvcd9dCxhO2p3Hp5w ;
createtime : 1458812744 ;
msgtype : event ;
eventkey : http://mp.weixin.qq.com/s?__biz=MzA5MzE5NzExNw==&mid=10001097&idx=1&sn=8338ffe385dcd8dd1f376fc1a2fd50ff&scene=18#rd ;
menuid : 208007648 ;

2016-03-24 17:45:29 params :
------------
Array:
rule : -2 ;
module :  ;
message : Array ;

2016-03-24 17:45:29 response :
------------

2016-03-24 17:55:43 trace :
------------
Array:
from : oqCObuJQEKCtm7tqjXc9bQnYcl-w ;
to : gh_5013f37369ce ;
time : 1458813353 ;
type : event ;
event : VIEW ;
tousername : gh_5013f37369ce ;
fromusername : oqCObuJQEKCtm7tqjXc9bQnYcl-w ;
createtime : 1458813353 ;
msgtype : event ;
eventkey : http://mp.weixin.qq.com/s?__biz=MzA5MzE5NzExNw==&mid=10001097&idx=1&sn=8338ffe385dcd8dd1f376fc1a2fd50ff&scene=18#rd ;
menuid : 208007648 ;

2016-03-24 17:55:43 params :
------------
Array:
rule : -2 ;
module :  ;
message : Array ;

2016-03-24 17:55:43 response :
------------

2016-03-24 17:55:55 trace :
------------
Array:
from : oqCObuJQEKCtm7tqjXc9bQnYcl-w ;
to : gh_5013f37369ce ;
time : 1458813369 ;
type : event ;
event : VIEW ;
tousername : gh_5013f37369ce ;
fromusername : oqCObuJQEKCtm7tqjXc9bQnYcl-w ;
createtime : 1458813369 ;
msgtype : event ;
eventkey : http://mp.weixin.qq.com/s?__biz=MzA5MzE5NzExNw==&mid=10001097&idx=1&sn=8338ffe385dcd8dd1f376fc1a2fd50ff&scene=18#rd ;
menuid : 208007648 ;

2016-03-24 17:55:55 params :
------------
Array:
rule : -2 ;
module :  ;
message : Array ;

2016-03-24 17:55:55 response :
------------

2016-03-24 17:55:59 trace :
------------
Array:
from : oqCObuJQEKCtm7tqjXc9bQnYcl-w ;
to : gh_5013f37369ce ;
time : 1458813373 ;
type : event ;
event : VIEW ;
tousername : gh_5013f37369ce ;
fromusername : oqCObuJQEKCtm7tqjXc9bQnYcl-w ;
createtime : 1458813373 ;
msgtype : event ;
eventkey : http://mp.weixin.qq.com/s?__biz=MzA5MzE5NzExNw==&mid=10001097&idx=1&sn=8338ffe385dcd8dd1f376fc1a2fd50ff&scene=18#rd ;
menuid : 208007648 ;

2016-03-24 17:55:59 params :
------------
Array:
rule : -2 ;
module :  ;
message : Array ;

2016-03-24 17:55:59 response :
------------

2016-03-24 17:56:13 trace :
------------
Array:
from : oqCObuJQEKCtm7tqjXc9bQnYcl-w ;
to : gh_5013f37369ce ;
time : 1458813388 ;
type : event ;
event : VIEW ;
tousername : gh_5013f37369ce ;
fromusername : oqCObuJQEKCtm7tqjXc9bQnYcl-w ;
createtime : 1458813388 ;
msgtype : event ;
eventkey : http://mp.weixin.qq.com/s?__biz=MzA5MzE5NzExNw==&mid=10001097&idx=1&sn=8338ffe385dcd8dd1f376fc1a2fd50ff&scene=18#rd ;
menuid : 208007648 ;

2016-03-24 17:56:13 params :
------------
Array:
rule : -2 ;
module :  ;
message : Array ;

2016-03-24 17:56:13 response :
------------

2016-03-24 18:43:29 trace :
------------
Array:
from : oqCObuOiQh0pBwF65HcqgKOG7BTg ;
to : gh_5013f37369ce ;
time : 1458816223 ;
type : event ;
event : VIEW ;
tousername : gh_5013f37369ce ;
fromusername : oqCObuOiQh0pBwF65HcqgKOG7BTg ;
createtime : 1458816223 ;
msgtype : event ;
eventkey : http://mp.weixin.qq.com/s?__biz=MzA5MzE5NzExNw==&mid=10001097&idx=1&sn=8338ffe385dcd8dd1f376fc1a2fd50ff&scene=18#rd ;
menuid : 208007648 ;

2016-03-24 18:43:29 params :
------------
Array:
rule : -2 ;
module :  ;
message : Array ;

2016-03-24 18:43:29 response :
------------

2016-03-24 20:36:47 trace :
------------
Array:
from : oqCObuKxDAzENO3bhlwbYT1mgu_E ;
to : gh_5013f37369ce ;
time : 1458823022 ;
type : event ;
event : VIEW ;
tousername : gh_5013f37369ce ;
fromusername : oqCObuKxDAzENO3bhlwbYT1mgu_E ;
createtime : 1458823022 ;
msgtype : event ;
eventkey : http://mp.weixin.qq.com/s?__biz=MzA5MzE5NzExNw==&mid=10001097&idx=1&sn=8338ffe385dcd8dd1f376fc1a2fd50ff&scene=18#rd ;
menuid : 208007648 ;

2016-03-24 20:36:47 params :
------------
Array:
rule : -2 ;
module :  ;
message : Array ;

2016-03-24 20:36:47 response :
------------

2016-03-24 20:36:52 trace :
------------
Array:
from : oqCObuKxDAzENO3bhlwbYT1mgu_E ;
to : gh_5013f37369ce ;
time : 1458823027 ;
type : event ;
event : VIEW ;
tousername : gh_5013f37369ce ;
fromusername : oqCObuKxDAzENO3bhlwbYT1mgu_E ;
createtime : 1458823027 ;
msgtype : event ;
eventkey : http://mp.weixin.qq.com/s?__biz=MzA5MzE5NzExNw==&mid=10001097&idx=1&sn=8338ffe385dcd8dd1f376fc1a2fd50ff&scene=18#rd ;
menuid : 208007648 ;

2016-03-24 20:36:52 params :
------------
Array:
rule : -2 ;
module :  ;
message : Array ;

2016-03-24 20:36:52 response :
------------

2016-03-24 20:38:53 trace :
------------
Array:
from : oqCObuKp1FrwQVH_VxP1kT0YlxHg ;
to : gh_5013f37369ce ;
time : 1458823147 ;
type : event ;
event : subscribe ;
tousername : gh_5013f37369ce ;
fromusername : oqCObuKp1FrwQVH_VxP1kT0YlxHg ;
createtime : 1458823147 ;
msgtype : event ;
eventkey :  ;

2016-03-24 20:38:53 params :
------------
Array:
rule : -2 ;
module :  ;
message : Array ;

2016-03-24 20:38:53 response :
------------

2016-03-24 21:14:21 trace :
------------
Array:
from : oqCObuOob-AQu0LgM4RgqjjEQ29Q ;
to : gh_5013f37369ce ;
time : 1458825276 ;
type : event ;
event : subscribe ;
tousername : gh_5013f37369ce ;
fromusername : oqCObuOob-AQu0LgM4RgqjjEQ29Q ;
createtime : 1458825276 ;
msgtype : event ;
eventkey :  ;

2016-03-24 21:14:21 params :
------------
Array:
rule : -2 ;
module :  ;
message : Array ;

2016-03-24 21:14:21 response :
------------

2016-03-24 21:14:27 trace :
------------
Array:
from : oqCObuOob-AQu0LgM4RgqjjEQ29Q ;
to : gh_5013f37369ce ;
time : 1458825282 ;
type : event ;
event : VIEW ;
tousername : gh_5013f37369ce ;
fromusername : oqCObuOob-AQu0LgM4RgqjjEQ29Q ;
createtime : 1458825282 ;
msgtype : event ;
eventkey : http://mp.weixin.qq.com/s?__biz=MzA5MzE5NzExNw==&mid=10001097&idx=1&sn=8338ffe385dcd8dd1f376fc1a2fd50ff&scene=18#rd ;
menuid : 208007648 ;

2016-03-24 21:14:27 params :
------------
Array:
rule : -2 ;
module :  ;
message : Array ;

2016-03-24 21:14:27 response :
------------

2016-03-24 21:14:44 trace :
------------
Array:
from : oqCObuOob-AQu0LgM4RgqjjEQ29Q ;
to : gh_5013f37369ce ;
time : 1458825298 ;
type : event ;
event : VIEW ;
tousername : gh_5013f37369ce ;
fromusername : oqCObuOob-AQu0LgM4RgqjjEQ29Q ;
createtime : 1458825298 ;
msgtype : event ;
eventkey : http://mp.weixin.qq.com/s?__biz=MzA5MzE5NzExNw==&mid=10001097&idx=1&sn=8338ffe385dcd8dd1f376fc1a2fd50ff&scene=18#rd ;
menuid : 208007648 ;

2016-03-24 21:14:44 params :
------------
Array:
rule : -2 ;
module :  ;
message : Array ;

2016-03-24 21:14:44 response :
------------

2016-03-24 21:46:14 trace :
------------
Array:
from : oqCObuAls1I9-W-FqBBceqGAedWc ;
to : gh_5013f37369ce ;
time : 1458827188 ;
type : event ;
event : subscribe ;
tousername : gh_5013f37369ce ;
fromusername : oqCObuAls1I9-W-FqBBceqGAedWc ;
createtime : 1458827188 ;
msgtype : event ;
eventkey :  ;

2016-03-24 21:46:14 params :
------------
Array:
rule : -2 ;
module :  ;
message : Array ;

2016-03-24 21:46:14 response :
------------

2016-03-24 21:46:18 trace :
------------
Array:
from : oqCObuAls1I9-W-FqBBceqGAedWc ;
to : gh_5013f37369ce ;
time : 1458827192 ;
type : event ;
event : VIEW ;
tousername : gh_5013f37369ce ;
fromusername : oqCObuAls1I9-W-FqBBceqGAedWc ;
createtime : 1458827192 ;
msgtype : event ;
eventkey : http://mp.weixin.qq.com/s?__biz=MzA5MzE5NzExNw==&mid=10001097&idx=1&sn=8338ffe385dcd8dd1f376fc1a2fd50ff&scene=18#rd ;
menuid : 208007648 ;

2016-03-24 21:46:18 params :
------------
Array:
rule : -2 ;
module :  ;
message : Array ;

2016-03-24 21:46:18 response :
------------

2016-03-24 21:46:28 trace :
------------
Array:
from : oqCObuAls1I9-W-FqBBceqGAedWc ;
to : gh_5013f37369ce ;
time : 1458827202 ;
type : event ;
event : VIEW ;
tousername : gh_5013f37369ce ;
fromusername : oqCObuAls1I9-W-FqBBceqGAedWc ;
createtime : 1458827202 ;
msgtype : event ;
eventkey : http://mp.weixin.qq.com/s?__biz=MzA5MzE5NzExNw==&mid=10001097&idx=1&sn=8338ffe385dcd8dd1f376fc1a2fd50ff&scene=18#rd ;
menuid : 208007648 ;

2016-03-24 21:46:28 params :
------------
Array:
rule : -2 ;
module :  ;
message : Array ;

2016-03-24 21:46:28 response :
------------

2016-03-24 21:54:31 trace :
------------
Array:
from : oqCObuIcEXimRPgGRwJ-XPTDKzc0 ;
to : gh_5013f37369ce ;
time : 1458827685 ;
type : event ;
event : subscribe ;
tousername : gh_5013f37369ce ;
fromusername : oqCObuIcEXimRPgGRwJ-XPTDKzc0 ;
createtime : 1458827685 ;
msgtype : event ;
eventkey :  ;

2016-03-24 21:54:31 params :
------------
Array:
rule : -2 ;
module :  ;
message : Array ;

2016-03-24 21:54:31 response :
------------

2016-03-24 21:54:36 trace :
------------
Array:
from : oqCObuIcEXimRPgGRwJ-XPTDKzc0 ;
to : gh_5013f37369ce ;
time : 1458827691 ;
type : event ;
event : VIEW ;
tousername : gh_5013f37369ce ;
fromusername : oqCObuIcEXimRPgGRwJ-XPTDKzc0 ;
createtime : 1458827691 ;
msgtype : event ;
eventkey : http://mp.weixin.qq.com/s?__biz=MzA5MzE5NzExNw==&mid=10001097&idx=1&sn=8338ffe385dcd8dd1f376fc1a2fd50ff&scene=18#rd ;
menuid : 208007648 ;

2016-03-24 21:54:36 params :
------------
Array:
rule : -2 ;
module :  ;
message : Array ;

2016-03-24 21:54:36 response :
------------

2016-03-24 23:03:15 trace :
------------
Array:
from : oqCObuOob-AQu0LgM4RgqjjEQ29Q ;
to : gh_5013f37369ce ;
time : 1458831809 ;
type : event ;
event : VIEW ;
tousername : gh_5013f37369ce ;
fromusername : oqCObuOob-AQu0LgM4RgqjjEQ29Q ;
createtime : 1458831809 ;
msgtype : event ;
eventkey : http://mp.weixin.qq.com/s?__biz=MzA5MzE5NzExNw==&mid=10001097&idx=1&sn=8338ffe385dcd8dd1f376fc1a2fd50ff&scene=18#rd ;
menuid : 208007648 ;

2016-03-24 23:03:15 params :
------------
Array:
rule : -2 ;
module :  ;
message : Array ;

2016-03-24 23:03:15 response :
------------

2016-03-24 23:05:25 trace :
------------
Array:
from : oqCObuOob-AQu0LgM4RgqjjEQ29Q ;
to : gh_5013f37369ce ;
time : 1458831939 ;
type : event ;
event : VIEW ;
tousername : gh_5013f37369ce ;
fromusername : oqCObuOob-AQu0LgM4RgqjjEQ29Q ;
createtime : 1458831939 ;
msgtype : event ;
eventkey : http://mp.weixin.qq.com/s?__biz=MzA5MzE5NzExNw==&mid=10001097&idx=1&sn=8338ffe385dcd8dd1f376fc1a2fd50ff&scene=18#rd ;
menuid : 208007648 ;

2016-03-24 23:05:25 params :
------------
Array:
rule : -2 ;
module :  ;
message : Array ;

2016-03-24 23:05:25 response :
------------

