2016-06-11 11:03:24 trace :
------------
String:
<xml><ToUserName><![CDATA[gh_5013f37369ce]]></ToUserName>
<FromUserName><![CDATA[oqCObuPejUTPoPoo6VRzciak1XZI]]></FromUserName>
<CreateTime>1465614296</CreateTime>
<MsgType><![CDATA[event]]></MsgType>
<Event><![CDATA[unsubscribe]]></Event>
<EventKey><![CDATA[]]></EventKey>
</xml>

2016-06-11 11:09:23 trace :
------------
String:
<xml><ToUserName><![CDATA[gh_5013f37369ce]]></ToUserName>
<FromUserName><![CDATA[oqCObuET8cNlfoGeZx_k6W7tvdcw]]></FromUserName>
<CreateTime>1465614655</CreateTime>
<MsgType><![CDATA[event]]></MsgType>
<Event><![CDATA[VIEW]]></Event>
<EventKey><![CDATA[http://mp.weixin.qq.com/s?__biz=MzA5MzE5NzExNw==&mid=10001097&idx=1&sn=8338ffe385dcd8dd1f376fc1a2fd50ff&scene=18#rd]]></EventKey>
<MenuId>208007648</MenuId>
</xml>

2016-06-11 11:09:23 params :
------------
Array:
rule : -2 ;
module :  ;
message : Array ;

2016-06-11 11:09:23 response :
------------

2016-06-11 11:42:40 trace :
------------
String:
<xml><ToUserName><![CDATA[gh_5013f37369ce]]></ToUserName>
<FromUserName><![CDATA[oqCObuNRpqsT7xC8Zknb7m_8-074]]></FromUserName>
<CreateTime>1465616649</CreateTime>
<MsgType><![CDATA[event]]></MsgType>
<Event><![CDATA[subscribe]]></Event>
<EventKey><![CDATA[]]></EventKey>
</xml>

2016-06-11 11:42:40 params :
------------
Array:
rule : -2 ;
module :  ;
message : Array ;

2016-06-11 11:42:40 response :
------------

2016-06-11 11:42:46 trace :
------------
String:
<xml><ToUserName><![CDATA[gh_5013f37369ce]]></ToUserName>
<FromUserName><![CDATA[oqCObuNRpqsT7xC8Zknb7m_8-074]]></FromUserName>
<CreateTime>1465616658</CreateTime>
<MsgType><![CDATA[event]]></MsgType>
<Event><![CDATA[VIEW]]></Event>
<EventKey><![CDATA[http://mp.weixin.qq.com/s?__biz=MzA5MzE5NzExNw==&mid=10001097&idx=1&sn=8338ffe385dcd8dd1f376fc1a2fd50ff&scene=18#rd]]></EventKey>
<MenuId>208007648</MenuId>
</xml>

2016-06-11 11:42:46 params :
------------
Array:
rule : -2 ;
module :  ;
message : Array ;

2016-06-11 11:42:46 response :
------------

2016-06-11 11:43:15 trace :
------------
String:
<xml><ToUserName><![CDATA[gh_5013f37369ce]]></ToUserName>
<FromUserName><![CDATA[oqCObuNRpqsT7xC8Zknb7m_8-074]]></FromUserName>
<CreateTime>1465616687</CreateTime>
<MsgType><![CDATA[event]]></MsgType>
<Event><![CDATA[VIEW]]></Event>
<EventKey><![CDATA[http://mp.weixin.qq.com/s?__biz=MzA5MzE5NzExNw==&mid=10001097&idx=1&sn=8338ffe385dcd8dd1f376fc1a2fd50ff&scene=18#rd]]></EventKey>
<MenuId>208007648</MenuId>
</xml>

2016-06-11 11:43:15 params :
------------
Array:
rule : -2 ;
module :  ;
message : Array ;

2016-06-11 11:43:15 response :
------------

2016-06-11 13:08:58 trace :
------------
String:
<xml><ToUserName><![CDATA[gh_5013f37369ce]]></ToUserName>
<FromUserName><![CDATA[oqCObuB4kShLh222v8Q_za4mBCIU]]></FromUserName>
<CreateTime>1465621830</CreateTime>
<MsgType><![CDATA[event]]></MsgType>
<Event><![CDATA[VIEW]]></Event>
<EventKey><![CDATA[http://mp.weixin.qq.com/s?__biz=MzA5MzE5NzExNw==&mid=10001097&idx=1&sn=8338ffe385dcd8dd1f376fc1a2fd50ff&scene=18#rd]]></EventKey>
<MenuId>208007648</MenuId>
</xml>

2016-06-11 13:08:58 params :
------------
Array:
rule : -2 ;
module :  ;
message : Array ;

2016-06-11 13:08:58 response :
------------

2016-06-11 14:31:25 trace :
------------
String:
<xml><ToUserName><![CDATA[gh_5013f37369ce]]></ToUserName>
<FromUserName><![CDATA[oqCObuPnqcL-URMuOiM83VEe77QU]]></FromUserName>
<CreateTime>1465626774</CreateTime>
<MsgType><![CDATA[event]]></MsgType>
<Event><![CDATA[subscribe]]></Event>
<EventKey><![CDATA[]]></EventKey>
</xml>

2016-06-11 14:31:25 params :
------------
Array:
rule : -2 ;
module :  ;
message : Array ;

2016-06-11 14:31:25 response :
------------

2016-06-11 14:31:27 trace :
------------
String:
<xml><ToUserName><![CDATA[gh_5013f37369ce]]></ToUserName>
<FromUserName><![CDATA[oqCObuPnqcL-URMuOiM83VEe77QU]]></FromUserName>
<CreateTime>1465626780</CreateTime>
<MsgType><![CDATA[event]]></MsgType>
<Event><![CDATA[VIEW]]></Event>
<EventKey><![CDATA[http://mp.weixin.qq.com/s?__biz=MzA5MzE5NzExNw==&mid=10001097&idx=1&sn=8338ffe385dcd8dd1f376fc1a2fd50ff&scene=18#rd]]></EventKey>
<MenuId>208007648</MenuId>
</xml>

2016-06-11 14:31:27 params :
------------
Array:
rule : -2 ;
module :  ;
message : Array ;

2016-06-11 14:31:27 response :
------------

2016-06-11 14:31:37 trace :
------------
String:
<xml><ToUserName><![CDATA[gh_5013f37369ce]]></ToUserName>
<FromUserName><![CDATA[oqCObuPnqcL-URMuOiM83VEe77QU]]></FromUserName>
<CreateTime>1465626789</CreateTime>
<MsgType><![CDATA[event]]></MsgType>
<Event><![CDATA[VIEW]]></Event>
<EventKey><![CDATA[http://mp.weixin.qq.com/s?__biz=MzA5MzE5NzExNw==&mid=10001097&idx=1&sn=8338ffe385dcd8dd1f376fc1a2fd50ff&scene=18#rd]]></EventKey>
<MenuId>208007648</MenuId>
</xml>

2016-06-11 14:31:37 params :
------------
Array:
rule : -2 ;
module :  ;
message : Array ;

2016-06-11 14:31:37 response :
------------

2016-06-11 14:31:50 trace :
------------
String:
<xml><ToUserName><![CDATA[gh_5013f37369ce]]></ToUserName>
<FromUserName><![CDATA[oqCObuPnqcL-URMuOiM83VEe77QU]]></FromUserName>
<CreateTime>1465626802</CreateTime>
<MsgType><![CDATA[event]]></MsgType>
<Event><![CDATA[VIEW]]></Event>
<EventKey><![CDATA[http://mp.weixin.qq.com/s?__biz=MzA5MzE5NzExNw==&mid=10001097&idx=1&sn=8338ffe385dcd8dd1f376fc1a2fd50ff&scene=18#rd]]></EventKey>
<MenuId>208007648</MenuId>
</xml>

2016-06-11 14:31:50 params :
------------
Array:
rule : -2 ;
module :  ;
message : Array ;

2016-06-11 14:31:50 response :
------------

2016-06-11 14:32:10 trace :
------------
String:
<xml><ToUserName><![CDATA[gh_5013f37369ce]]></ToUserName>
<FromUserName><![CDATA[oqCObuPnqcL-URMuOiM83VEe77QU]]></FromUserName>
<CreateTime>1465626822</CreateTime>
<MsgType><![CDATA[event]]></MsgType>
<Event><![CDATA[VIEW]]></Event>
<EventKey><![CDATA[http://mp.weixin.qq.com/s?__biz=MzA5MzE5NzExNw==&mid=10001097&idx=1&sn=8338ffe385dcd8dd1f376fc1a2fd50ff&scene=18#rd]]></EventKey>
<MenuId>208007648</MenuId>
</xml>

2016-06-11 14:32:10 params :
------------
Array:
rule : -2 ;
module :  ;
message : Array ;

2016-06-11 14:32:10 response :
------------

2016-06-11 14:32:16 trace :
------------
String:
<xml><ToUserName><![CDATA[gh_5013f37369ce]]></ToUserName>
<FromUserName><![CDATA[oqCObuPnqcL-URMuOiM83VEe77QU]]></FromUserName>
<CreateTime>1465626828</CreateTime>
<MsgType><![CDATA[event]]></MsgType>
<Event><![CDATA[unsubscribe]]></Event>
<EventKey><![CDATA[]]></EventKey>
</xml>

2016-06-11 14:54:08 trace :
------------
String:
<xml><ToUserName><![CDATA[gh_5013f37369ce]]></ToUserName>
<FromUserName><![CDATA[oqCObuBRhXG0hiz2SHrHpnNaTfyE]]></FromUserName>
<CreateTime>1465628140</CreateTime>
<MsgType><![CDATA[event]]></MsgType>
<Event><![CDATA[VIEW]]></Event>
<EventKey><![CDATA[http://mp.weixin.qq.com/s?__biz=MzA5MzE5NzExNw==&mid=10001097&idx=1&sn=8338ffe385dcd8dd1f376fc1a2fd50ff&scene=18#rd]]></EventKey>
<MenuId>208007648</MenuId>
</xml>

2016-06-11 14:54:08 params :
------------
Array:
rule : -2 ;
module :  ;
message : Array ;

2016-06-11 14:54:08 response :
------------

2016-06-11 15:18:31 trace :
------------
String:
<xml><ToUserName><![CDATA[gh_5013f37369ce]]></ToUserName>
<FromUserName><![CDATA[oqCObuET8cNlfoGeZx_k6W7tvdcw]]></FromUserName>
<CreateTime>1465629603</CreateTime>
<MsgType><![CDATA[event]]></MsgType>
<Event><![CDATA[VIEW]]></Event>
<EventKey><![CDATA[http://mp.weixin.qq.com/s?__biz=MzA5MzE5NzExNw==&mid=10001097&idx=1&sn=8338ffe385dcd8dd1f376fc1a2fd50ff&scene=18#rd]]></EventKey>
<MenuId>208007648</MenuId>
</xml>

2016-06-11 15:18:31 params :
------------
Array:
rule : -2 ;
module :  ;
message : Array ;

2016-06-11 15:18:31 response :
------------

2016-06-11 15:19:19 trace :
------------
String:
<xml><ToUserName><![CDATA[gh_5013f37369ce]]></ToUserName>
<FromUserName><![CDATA[oqCObuET8cNlfoGeZx_k6W7tvdcw]]></FromUserName>
<CreateTime>1465629651</CreateTime>
<MsgType><![CDATA[event]]></MsgType>
<Event><![CDATA[VIEW]]></Event>
<EventKey><![CDATA[http://mp.weixin.qq.com/s?__biz=MzA5MzE5NzExNw==&mid=10001097&idx=1&sn=8338ffe385dcd8dd1f376fc1a2fd50ff&scene=18#rd]]></EventKey>
<MenuId>208007648</MenuId>
</xml>

2016-06-11 15:19:19 params :
------------
Array:
rule : -2 ;
module :  ;
message : Array ;

2016-06-11 15:19:19 response :
------------

2016-06-11 15:19:24 trace :
------------
String:
<xml><ToUserName><![CDATA[gh_5013f37369ce]]></ToUserName>
<FromUserName><![CDATA[oqCObuET8cNlfoGeZx_k6W7tvdcw]]></FromUserName>
<CreateTime>1465629656</CreateTime>
<MsgType><![CDATA[event]]></MsgType>
<Event><![CDATA[VIEW]]></Event>
<EventKey><![CDATA[http://mp.weixin.qq.com/s?__biz=MzA5MzE5NzExNw==&mid=10001097&idx=1&sn=8338ffe385dcd8dd1f376fc1a2fd50ff&scene=18#rd]]></EventKey>
<MenuId>208007648</MenuId>
</xml>

2016-06-11 15:19:24 params :
------------
Array:
rule : -2 ;
module :  ;
message : Array ;

2016-06-11 15:19:24 response :
------------

2016-06-11 15:19:32 trace :
------------
String:
<xml><ToUserName><![CDATA[gh_5013f37369ce]]></ToUserName>
<FromUserName><![CDATA[oqCObuET8cNlfoGeZx_k6W7tvdcw]]></FromUserName>
<CreateTime>1465629664</CreateTime>
<MsgType><![CDATA[event]]></MsgType>
<Event><![CDATA[VIEW]]></Event>
<EventKey><![CDATA[http://mp.weixin.qq.com/s?__biz=MzA5MzE5NzExNw==&mid=10001097&idx=1&sn=8338ffe385dcd8dd1f376fc1a2fd50ff&scene=18#rd]]></EventKey>
<MenuId>208007648</MenuId>
</xml>

2016-06-11 15:19:32 params :
------------
Array:
rule : -2 ;
module :  ;
message : Array ;

2016-06-11 15:19:32 response :
------------

2016-06-11 15:31:51 trace :
------------
String:
<xml><ToUserName><![CDATA[gh_5013f37369ce]]></ToUserName>
<FromUserName><![CDATA[oqCObuIRReAaJalpqsdf1fNlXHf4]]></FromUserName>
<CreateTime>1465630403</CreateTime>
<MsgType><![CDATA[event]]></MsgType>
<Event><![CDATA[subscribe]]></Event>
<EventKey><![CDATA[]]></EventKey>
</xml>

2016-06-11 15:31:51 params :
------------
Array:
rule : -2 ;
module :  ;
message : Array ;

2016-06-11 15:31:51 response :
------------

2016-06-11 15:32:01 trace :
------------
String:
<xml><ToUserName><![CDATA[gh_5013f37369ce]]></ToUserName>
<FromUserName><![CDATA[oqCObuIRReAaJalpqsdf1fNlXHf4]]></FromUserName>
<CreateTime>1465630414</CreateTime>
<MsgType><![CDATA[event]]></MsgType>
<Event><![CDATA[VIEW]]></Event>
<EventKey><![CDATA[http://mp.weixin.qq.com/s?__biz=MzA5MzE5NzExNw==&mid=10001097&idx=1&sn=8338ffe385dcd8dd1f376fc1a2fd50ff&scene=18#rd]]></EventKey>
<MenuId>208007648</MenuId>
</xml>

2016-06-11 15:32:01 params :
------------
Array:
rule : -2 ;
module :  ;
message : Array ;

2016-06-11 15:32:01 response :
------------

2016-06-11 15:32:33 trace :
------------
String:
<xml><ToUserName><![CDATA[gh_5013f37369ce]]></ToUserName>
<FromUserName><![CDATA[oqCObuIRReAaJalpqsdf1fNlXHf4]]></FromUserName>
<CreateTime>1465630445</CreateTime>
<MsgType><![CDATA[event]]></MsgType>
<Event><![CDATA[VIEW]]></Event>
<EventKey><![CDATA[http://mp.weixin.qq.com/s?__biz=MzA5MzE5NzExNw==&mid=10001097&idx=1&sn=8338ffe385dcd8dd1f376fc1a2fd50ff&scene=18#rd]]></EventKey>
<MenuId>208007648</MenuId>
</xml>

2016-06-11 15:32:33 params :
------------
Array:
rule : -2 ;
module :  ;
message : Array ;

2016-06-11 15:32:33 response :
------------

2016-06-11 15:32:49 trace :
------------
String:
<xml><ToUserName><![CDATA[gh_5013f37369ce]]></ToUserName>
<FromUserName><![CDATA[oqCObuIRReAaJalpqsdf1fNlXHf4]]></FromUserName>
<CreateTime>1465630461</CreateTime>
<MsgType><![CDATA[event]]></MsgType>
<Event><![CDATA[VIEW]]></Event>
<EventKey><![CDATA[http://mp.weixin.qq.com/s?__biz=MzA5MzE5NzExNw==&mid=10001097&idx=1&sn=8338ffe385dcd8dd1f376fc1a2fd50ff&scene=18#rd]]></EventKey>
<MenuId>208007648</MenuId>
</xml>

2016-06-11 15:32:49 params :
------------
Array:
rule : -2 ;
module :  ;
message : Array ;

2016-06-11 15:32:49 response :
------------

2016-06-11 15:53:59 trace :
------------
String:
<xml><ToUserName><![CDATA[gh_5013f37369ce]]></ToUserName>
<FromUserName><![CDATA[oqCObuET8cNlfoGeZx_k6W7tvdcw]]></FromUserName>
<CreateTime>1465631731</CreateTime>
<MsgType><![CDATA[event]]></MsgType>
<Event><![CDATA[VIEW]]></Event>
<EventKey><![CDATA[http://mp.weixin.qq.com/s?__biz=MzA5MzE5NzExNw==&mid=10001097&idx=1&sn=8338ffe385dcd8dd1f376fc1a2fd50ff&scene=18#rd]]></EventKey>
<MenuId>208007648</MenuId>
</xml>

2016-06-11 15:53:59 params :
------------
Array:
rule : -2 ;
module :  ;
message : Array ;

2016-06-11 15:53:59 response :
------------

2016-06-11 15:54:08 trace :
------------
String:
<xml><ToUserName><![CDATA[gh_5013f37369ce]]></ToUserName>
<FromUserName><![CDATA[oqCObuET8cNlfoGeZx_k6W7tvdcw]]></FromUserName>
<CreateTime>1465631740</CreateTime>
<MsgType><![CDATA[event]]></MsgType>
<Event><![CDATA[VIEW]]></Event>
<EventKey><![CDATA[http://mp.weixin.qq.com/s?__biz=MzA5MzE5NzExNw==&mid=10001097&idx=1&sn=8338ffe385dcd8dd1f376fc1a2fd50ff&scene=18#rd]]></EventKey>
<MenuId>208007648</MenuId>
</xml>

2016-06-11 15:54:08 params :
------------
Array:
rule : -2 ;
module :  ;
message : Array ;

2016-06-11 15:54:08 response :
------------

2016-06-11 16:09:55 trace :
------------
String:
<xml><ToUserName><![CDATA[gh_5013f37369ce]]></ToUserName>
<FromUserName><![CDATA[oqCObuET8cNlfoGeZx_k6W7tvdcw]]></FromUserName>
<CreateTime>1465632687</CreateTime>
<MsgType><![CDATA[event]]></MsgType>
<Event><![CDATA[VIEW]]></Event>
<EventKey><![CDATA[http://mp.weixin.qq.com/s?__biz=MzA5MzE5NzExNw==&mid=10001097&idx=1&sn=8338ffe385dcd8dd1f376fc1a2fd50ff&scene=18#rd]]></EventKey>
<MenuId>208007648</MenuId>
</xml>

2016-06-11 16:09:55 params :
------------
Array:
rule : -2 ;
module :  ;
message : Array ;

2016-06-11 16:09:55 response :
------------

2016-06-11 16:15:20 trace :
------------
String:
<xml><ToUserName><![CDATA[gh_5013f37369ce]]></ToUserName>
<FromUserName><![CDATA[oqCObuChnDMd0ts2ohxR4-z3EGP8]]></FromUserName>
<CreateTime>1465633012</CreateTime>
<MsgType><![CDATA[event]]></MsgType>
<Event><![CDATA[subscribe]]></Event>
<EventKey><![CDATA[]]></EventKey>
</xml>

2016-06-11 16:15:20 params :
------------
Array:
rule : -2 ;
module :  ;
message : Array ;

2016-06-11 16:15:20 response :
------------

2016-06-11 16:15:24 trace :
------------
String:
<xml><ToUserName><![CDATA[gh_5013f37369ce]]></ToUserName>
<FromUserName><![CDATA[oqCObuChnDMd0ts2ohxR4-z3EGP8]]></FromUserName>
<CreateTime>1465633016</CreateTime>
<MsgType><![CDATA[event]]></MsgType>
<Event><![CDATA[VIEW]]></Event>
<EventKey><![CDATA[http://mp.weixin.qq.com/s?__biz=MzA5MzE5NzExNw==&mid=10001097&idx=1&sn=8338ffe385dcd8dd1f376fc1a2fd50ff&scene=18#rd]]></EventKey>
<MenuId>208007648</MenuId>
</xml>

2016-06-11 16:15:24 params :
------------
Array:
rule : -2 ;
module :  ;
message : Array ;

2016-06-11 16:15:24 response :
------------

2016-06-11 16:41:02 trace :
------------
String:
<xml><ToUserName><![CDATA[gh_5013f37369ce]]></ToUserName>
<FromUserName><![CDATA[oqCObuAg5sd8kTBF8JfQpvryL7Cs]]></FromUserName>
<CreateTime>1465634554</CreateTime>
<MsgType><![CDATA[event]]></MsgType>
<Event><![CDATA[subscribe]]></Event>
<EventKey><![CDATA[]]></EventKey>
</xml>

2016-06-11 16:41:02 params :
------------
Array:
rule : -2 ;
module :  ;
message : Array ;

2016-06-11 16:41:02 response :
------------

2016-06-11 16:41:06 trace :
------------
String:
<xml><ToUserName><![CDATA[gh_5013f37369ce]]></ToUserName>
<FromUserName><![CDATA[oqCObuAg5sd8kTBF8JfQpvryL7Cs]]></FromUserName>
<CreateTime>1465634558</CreateTime>
<MsgType><![CDATA[event]]></MsgType>
<Event><![CDATA[VIEW]]></Event>
<EventKey><![CDATA[http://mp.weixin.qq.com/s?__biz=MzA5MzE5NzExNw==&mid=10001097&idx=1&sn=8338ffe385dcd8dd1f376fc1a2fd50ff&scene=18#rd]]></EventKey>
<MenuId>208007648</MenuId>
</xml>

2016-06-11 16:41:06 params :
------------
Array:
rule : -2 ;
module :  ;
message : Array ;

2016-06-11 16:41:06 response :
------------

2016-06-11 16:41:15 trace :
------------
String:
<xml><ToUserName><![CDATA[gh_5013f37369ce]]></ToUserName>
<FromUserName><![CDATA[oqCObuAg5sd8kTBF8JfQpvryL7Cs]]></FromUserName>
<CreateTime>1465634567</CreateTime>
<MsgType><![CDATA[event]]></MsgType>
<Event><![CDATA[VIEW]]></Event>
<EventKey><![CDATA[http://mp.weixin.qq.com/s?__biz=MzA5MzE5NzExNw==&mid=10001097&idx=1&sn=8338ffe385dcd8dd1f376fc1a2fd50ff&scene=18#rd]]></EventKey>
<MenuId>208007648</MenuId>
</xml>

2016-06-11 16:41:15 params :
------------
Array:
rule : -2 ;
module :  ;
message : Array ;

2016-06-11 16:41:15 response :
------------

2016-06-11 16:41:22 trace :
------------
String:
<xml><ToUserName><![CDATA[gh_5013f37369ce]]></ToUserName>
<FromUserName><![CDATA[oqCObuAg5sd8kTBF8JfQpvryL7Cs]]></FromUserName>
<CreateTime>1465634574</CreateTime>
<MsgType><![CDATA[event]]></MsgType>
<Event><![CDATA[VIEW]]></Event>
<EventKey><![CDATA[http://mp.weixin.qq.com/s?__biz=MzA5MzE5NzExNw==&mid=10001097&idx=1&sn=8338ffe385dcd8dd1f376fc1a2fd50ff&scene=18#rd]]></EventKey>
<MenuId>208007648</MenuId>
</xml>

2016-06-11 16:41:22 params :
------------
Array:
rule : -2 ;
module :  ;
message : Array ;

2016-06-11 16:41:22 response :
------------

2016-06-11 16:41:34 trace :
------------
String:
<xml><ToUserName><![CDATA[gh_5013f37369ce]]></ToUserName>
<FromUserName><![CDATA[oqCObuAg5sd8kTBF8JfQpvryL7Cs]]></FromUserName>
<CreateTime>1465634586</CreateTime>
<MsgType><![CDATA[event]]></MsgType>
<Event><![CDATA[VIEW]]></Event>
<EventKey><![CDATA[http://mp.weixin.qq.com/s?__biz=MzA5MzE5NzExNw==&mid=10001097&idx=1&sn=8338ffe385dcd8dd1f376fc1a2fd50ff&scene=18#rd]]></EventKey>
<MenuId>208007648</MenuId>
</xml>

2016-06-11 16:41:34 params :
------------
Array:
rule : -2 ;
module :  ;
message : Array ;

2016-06-11 16:41:34 response :
------------

2016-06-11 17:26:24 trace :
------------
String:
<xml><ToUserName><![CDATA[gh_5013f37369ce]]></ToUserName>
<FromUserName><![CDATA[oqCObuGQhercfV6Wv2ltB-G9xLxQ]]></FromUserName>
<CreateTime>1465637277</CreateTime>
<MsgType><![CDATA[event]]></MsgType>
<Event><![CDATA[subscribe]]></Event>
<EventKey><![CDATA[]]></EventKey>
</xml>

2016-06-11 17:26:24 params :
------------
Array:
rule : -2 ;
module :  ;
message : Array ;

2016-06-11 17:26:24 response :
------------

2016-06-11 17:26:32 trace :
------------
String:
<xml><ToUserName><![CDATA[gh_5013f37369ce]]></ToUserName>
<FromUserName><![CDATA[oqCObuGQhercfV6Wv2ltB-G9xLxQ]]></FromUserName>
<CreateTime>1465637285</CreateTime>
<MsgType><![CDATA[event]]></MsgType>
<Event><![CDATA[VIEW]]></Event>
<EventKey><![CDATA[http://mp.weixin.qq.com/s?__biz=MzA5MzE5NzExNw==&mid=10001097&idx=1&sn=8338ffe385dcd8dd1f376fc1a2fd50ff&scene=18#rd]]></EventKey>
<MenuId>208007648</MenuId>
</xml>

2016-06-11 17:26:32 params :
------------
Array:
rule : -2 ;
module :  ;
message : Array ;

2016-06-11 17:26:32 response :
------------

2016-06-11 20:32:58 trace :
------------
String:
<xml><ToUserName><![CDATA[gh_5013f37369ce]]></ToUserName>
<FromUserName><![CDATA[oqCObuIfbLVXe-RXYnYyqLSgcoeE]]></FromUserName>
<CreateTime>1465648470</CreateTime>
<MsgType><![CDATA[event]]></MsgType>
<Event><![CDATA[subscribe]]></Event>
<EventKey><![CDATA[]]></EventKey>
</xml>

2016-06-11 20:32:58 params :
------------
Array:
rule : -2 ;
module :  ;
message : Array ;

2016-06-11 20:32:58 response :
------------

2016-06-11 20:33:02 trace :
------------
String:
<xml><ToUserName><![CDATA[gh_5013f37369ce]]></ToUserName>
<FromUserName><![CDATA[oqCObuIfbLVXe-RXYnYyqLSgcoeE]]></FromUserName>
<CreateTime>1465648475</CreateTime>
<MsgType><![CDATA[event]]></MsgType>
<Event><![CDATA[VIEW]]></Event>
<EventKey><![CDATA[http://mp.weixin.qq.com/s?__biz=MzA5MzE5NzExNw==&mid=10001097&idx=1&sn=8338ffe385dcd8dd1f376fc1a2fd50ff&scene=18#rd]]></EventKey>
<MenuId>208007648</MenuId>
</xml>

2016-06-11 20:33:02 params :
------------
Array:
rule : -2 ;
module :  ;
message : Array ;

2016-06-11 20:33:02 response :
------------

2016-06-11 20:34:41 trace :
------------
String:
<xml><ToUserName><![CDATA[gh_5013f37369ce]]></ToUserName>
<FromUserName><![CDATA[oqCObuIfbLVXe-RXYnYyqLSgcoeE]]></FromUserName>
<CreateTime>1465648573</CreateTime>
<MsgType><![CDATA[event]]></MsgType>
<Event><![CDATA[VIEW]]></Event>
<EventKey><![CDATA[http://mp.weixin.qq.com/s?__biz=MzA5MzE5NzExNw==&mid=10001097&idx=1&sn=8338ffe385dcd8dd1f376fc1a2fd50ff&scene=18#rd]]></EventKey>
<MenuId>208007648</MenuId>
</xml>

2016-06-11 20:34:41 params :
------------
Array:
rule : -2 ;
module :  ;
message : Array ;

2016-06-11 20:34:41 response :
------------

2016-06-11 20:46:11 trace :
------------
String:
<xml><ToUserName><![CDATA[gh_5013f37369ce]]></ToUserName>
<FromUserName><![CDATA[oqCObuIfbLVXe-RXYnYyqLSgcoeE]]></FromUserName>
<CreateTime>1465649263</CreateTime>
<MsgType><![CDATA[event]]></MsgType>
<Event><![CDATA[VIEW]]></Event>
<EventKey><![CDATA[http://mp.weixin.qq.com/s?__biz=MzA5MzE5NzExNw==&mid=10001097&idx=1&sn=8338ffe385dcd8dd1f376fc1a2fd50ff&scene=18#rd]]></EventKey>
<MenuId>208007648</MenuId>
</xml>

2016-06-11 20:46:11 params :
------------
Array:
rule : -2 ;
module :  ;
message : Array ;

2016-06-11 20:46:11 response :
------------

2016-06-11 20:46:27 trace :
------------
String:
<xml><ToUserName><![CDATA[gh_5013f37369ce]]></ToUserName>
<FromUserName><![CDATA[oqCObuIfbLVXe-RXYnYyqLSgcoeE]]></FromUserName>
<CreateTime>1465649279</CreateTime>
<MsgType><![CDATA[event]]></MsgType>
<Event><![CDATA[unsubscribe]]></Event>
<EventKey><![CDATA[]]></EventKey>
</xml>

2016-06-11 21:00:43 trace :
------------
String:
<xml><ToUserName><![CDATA[gh_5013f37369ce]]></ToUserName>
<FromUserName><![CDATA[oqCObuAXVkSUPbwMAsNb1cwT5Q1A]]></FromUserName>
<CreateTime>1465650135</CreateTime>
<MsgType><![CDATA[event]]></MsgType>
<Event><![CDATA[subscribe]]></Event>
<EventKey><![CDATA[]]></EventKey>
</xml>

2016-06-11 21:00:43 params :
------------
Array:
rule : -2 ;
module :  ;
message : Array ;

2016-06-11 21:00:43 response :
------------

2016-06-11 21:00:48 trace :
------------
String:
<xml><ToUserName><![CDATA[gh_5013f37369ce]]></ToUserName>
<FromUserName><![CDATA[oqCObuAXVkSUPbwMAsNb1cwT5Q1A]]></FromUserName>
<CreateTime>1465650140</CreateTime>
<MsgType><![CDATA[event]]></MsgType>
<Event><![CDATA[VIEW]]></Event>
<EventKey><![CDATA[http://mp.weixin.qq.com/s?__biz=MzA5MzE5NzExNw==&mid=10001097&idx=1&sn=8338ffe385dcd8dd1f376fc1a2fd50ff&scene=18#rd]]></EventKey>
<MenuId>208007648</MenuId>
</xml>

2016-06-11 21:00:48 params :
------------
Array:
rule : -2 ;
module :  ;
message : Array ;

2016-06-11 21:00:48 response :
------------

2016-06-11 21:00:48 trace :
------------
String:
<xml><ToUserName><![CDATA[gh_5013f37369ce]]></ToUserName>
<FromUserName><![CDATA[oqCObuAXVkSUPbwMAsNb1cwT5Q1A]]></FromUserName>
<CreateTime>1465650135</CreateTime>
<MsgType><![CDATA[event]]></MsgType>
<Event><![CDATA[subscribe]]></Event>
<EventKey><![CDATA[]]></EventKey>
</xml>

2016-06-11 21:00:48 params :
------------
Array:
rule : -2 ;
module :  ;
message : Array ;

2016-06-11 21:00:48 response :
------------

2016-06-11 21:00:55 trace :
------------
String:
<xml><ToUserName><![CDATA[gh_5013f37369ce]]></ToUserName>
<FromUserName><![CDATA[oqCObuAXVkSUPbwMAsNb1cwT5Q1A]]></FromUserName>
<CreateTime>1465650135</CreateTime>
<MsgType><![CDATA[event]]></MsgType>
<Event><![CDATA[subscribe]]></Event>
<EventKey><![CDATA[]]></EventKey>
</xml>

2016-06-11 21:00:55 params :
------------
Array:
rule : -2 ;
module :  ;
message : Array ;

2016-06-11 21:00:55 response :
------------

2016-06-11 22:04:54 trace :
------------
String:
<xml><ToUserName><![CDATA[gh_5013f37369ce]]></ToUserName>
<FromUserName><![CDATA[oqCObuJs4JnV5yAx-HahhfJkKQX8]]></FromUserName>
<CreateTime>1465653986</CreateTime>
<MsgType><![CDATA[event]]></MsgType>
<Event><![CDATA[subscribe]]></Event>
<EventKey><![CDATA[]]></EventKey>
</xml>

2016-06-11 22:04:54 params :
------------
Array:
rule : -2 ;
module :  ;
message : Array ;

2016-06-11 22:04:54 response :
------------

2016-06-11 22:05:02 trace :
------------
String:
<xml><ToUserName><![CDATA[gh_5013f37369ce]]></ToUserName>
<FromUserName><![CDATA[oqCObuJs4JnV5yAx-HahhfJkKQX8]]></FromUserName>
<CreateTime>1465653994</CreateTime>
<MsgType><![CDATA[event]]></MsgType>
<Event><![CDATA[VIEW]]></Event>
<EventKey><![CDATA[http://mp.weixin.qq.com/s?__biz=MzA5MzE5NzExNw==&mid=10001097&idx=1&sn=8338ffe385dcd8dd1f376fc1a2fd50ff&scene=18#rd]]></EventKey>
<MenuId>208007648</MenuId>
</xml>

2016-06-11 22:05:02 params :
------------
Array:
rule : -2 ;
module :  ;
message : Array ;

2016-06-11 22:05:02 response :
------------

2016-06-11 22:05:12 trace :
------------
String:
<xml><ToUserName><![CDATA[gh_5013f37369ce]]></ToUserName>
<FromUserName><![CDATA[oqCObuJs4JnV5yAx-HahhfJkKQX8]]></FromUserName>
<CreateTime>1465654004</CreateTime>
<MsgType><![CDATA[event]]></MsgType>
<Event><![CDATA[VIEW]]></Event>
<EventKey><![CDATA[http://mp.weixin.qq.com/s?__biz=MzA5MzE5NzExNw==&mid=10001097&idx=1&sn=8338ffe385dcd8dd1f376fc1a2fd50ff&scene=18#rd]]></EventKey>
<MenuId>208007648</MenuId>
</xml>

2016-06-11 22:05:12 params :
------------
Array:
rule : -2 ;
module :  ;
message : Array ;

2016-06-11 22:05:12 response :
------------

2016-06-11 22:05:40 trace :
------------
String:
<xml><ToUserName><![CDATA[gh_5013f37369ce]]></ToUserName>
<FromUserName><![CDATA[oqCObuJs4JnV5yAx-HahhfJkKQX8]]></FromUserName>
<CreateTime>1465654033</CreateTime>
<MsgType><![CDATA[event]]></MsgType>
<Event><![CDATA[VIEW]]></Event>
<EventKey><![CDATA[http://mp.weixin.qq.com/s?__biz=MzA5MzE5NzExNw==&mid=10001097&idx=1&sn=8338ffe385dcd8dd1f376fc1a2fd50ff&scene=18#rd]]></EventKey>
<MenuId>208007648</MenuId>
</xml>

2016-06-11 22:05:40 params :
------------
Array:
rule : -2 ;
module :  ;
message : Array ;

2016-06-11 22:05:40 response :
------------

2016-06-11 22:06:00 trace :
------------
String:
<xml><ToUserName><![CDATA[gh_5013f37369ce]]></ToUserName>
<FromUserName><![CDATA[oqCObuJs4JnV5yAx-HahhfJkKQX8]]></FromUserName>
<CreateTime>1465654052</CreateTime>
<MsgType><![CDATA[event]]></MsgType>
<Event><![CDATA[VIEW]]></Event>
<EventKey><![CDATA[http://mp.weixin.qq.com/s?__biz=MzA5MzE5NzExNw==&mid=10001097&idx=1&sn=8338ffe385dcd8dd1f376fc1a2fd50ff&scene=18#rd]]></EventKey>
<MenuId>208007648</MenuId>
</xml>

2016-06-11 22:06:00 params :
------------
Array:
rule : -2 ;
module :  ;
message : Array ;

2016-06-11 22:06:00 response :
------------

2016-06-11 22:06:05 trace :
------------
String:
<xml><ToUserName><![CDATA[gh_5013f37369ce]]></ToUserName>
<FromUserName><![CDATA[oqCObuJs4JnV5yAx-HahhfJkKQX8]]></FromUserName>
<CreateTime>1465654058</CreateTime>
<MsgType><![CDATA[event]]></MsgType>
<Event><![CDATA[VIEW]]></Event>
<EventKey><![CDATA[http://mp.weixin.qq.com/s?__biz=MzA5MzE5NzExNw==&mid=10001097&idx=1&sn=8338ffe385dcd8dd1f376fc1a2fd50ff&scene=18#rd]]></EventKey>
<MenuId>208007648</MenuId>
</xml>

2016-06-11 22:06:05 params :
------------
Array:
rule : -2 ;
module :  ;
message : Array ;

2016-06-11 22:06:05 response :
------------

2016-06-11 22:06:09 trace :
------------
String:
<xml><ToUserName><![CDATA[gh_5013f37369ce]]></ToUserName>
<FromUserName><![CDATA[oqCObuJs4JnV5yAx-HahhfJkKQX8]]></FromUserName>
<CreateTime>1465654062</CreateTime>
<MsgType><![CDATA[event]]></MsgType>
<Event><![CDATA[VIEW]]></Event>
<EventKey><![CDATA[http://mp.weixin.qq.com/s?__biz=MzA5MzE5NzExNw==&mid=10001097&idx=1&sn=8338ffe385dcd8dd1f376fc1a2fd50ff&scene=18#rd]]></EventKey>
<MenuId>208007648</MenuId>
</xml>

2016-06-11 22:06:09 params :
------------
Array:
rule : -2 ;
module :  ;
message : Array ;

2016-06-11 22:06:09 response :
------------

2016-06-11 22:06:14 trace :
------------
String:
<xml><ToUserName><![CDATA[gh_5013f37369ce]]></ToUserName>
<FromUserName><![CDATA[oqCObuJs4JnV5yAx-HahhfJkKQX8]]></FromUserName>
<CreateTime>1465654067</CreateTime>
<MsgType><![CDATA[event]]></MsgType>
<Event><![CDATA[VIEW]]></Event>
<EventKey><![CDATA[http://mp.weixin.qq.com/s?__biz=MzA5MzE5NzExNw==&mid=10001097&idx=1&sn=8338ffe385dcd8dd1f376fc1a2fd50ff&scene=18#rd]]></EventKey>
<MenuId>208007648</MenuId>
</xml>

2016-06-11 22:06:14 params :
------------
Array:
rule : -2 ;
module :  ;
message : Array ;

2016-06-11 22:06:14 response :
------------

