2016-03-03 13:46:37 trace :
------------
Array:
from : oqCObuEsw9hnAORSobrO5LU7I4LM ;
to : gh_5013f37369ce ;
time : 1456984007 ;
type : event ;
event : VIEW ;
tousername : gh_5013f37369ce ;
fromusername : oqCObuEsw9hnAORSobrO5LU7I4LM ;
createtime : 1456984007 ;
msgtype : event ;
eventkey : http://mp.weixin.qq.com/s?__biz=MzA5MzE5NzExNw==&mid=10001097&idx=1&sn=8338ffe385dcd8dd1f376fc1a2fd50ff&scene=18#rd ;
menuid : 208007648 ;

2016-03-03 13:46:37 params :
------------
Array:
rule : -2 ;
module :  ;
message : Array ;

2016-03-03 13:46:37 response :
------------

2016-03-03 13:46:42 trace :
------------
Array:
from : oqCObuEsw9hnAORSobrO5LU7I4LM ;
to : gh_5013f37369ce ;
time : 1456984012 ;
type : event ;
event : VIEW ;
tousername : gh_5013f37369ce ;
fromusername : oqCObuEsw9hnAORSobrO5LU7I4LM ;
createtime : 1456984012 ;
msgtype : event ;
eventkey : http://mp.weixin.qq.com/s?__biz=MzA5MzE5NzExNw==&mid=10001097&idx=1&sn=8338ffe385dcd8dd1f376fc1a2fd50ff&scene=18#rd ;
menuid : 208007648 ;

2016-03-03 13:46:42 params :
------------
Array:
rule : -2 ;
module :  ;
message : Array ;

2016-03-03 13:46:42 response :
------------

2016-03-03 13:46:52 trace :
------------
Array:
from : oqCObuEsw9hnAORSobrO5LU7I4LM ;
to : gh_5013f37369ce ;
time : 1456984022 ;
type : event ;
event : VIEW ;
tousername : gh_5013f37369ce ;
fromusername : oqCObuEsw9hnAORSobrO5LU7I4LM ;
createtime : 1456984022 ;
msgtype : event ;
eventkey : http://mp.weixin.qq.com/s?__biz=MzA5MzE5NzExNw==&mid=10001097&idx=1&sn=8338ffe385dcd8dd1f376fc1a2fd50ff&scene=18#rd ;
menuid : 208007648 ;

2016-03-03 13:46:52 params :
------------
Array:
rule : -2 ;
module :  ;
message : Array ;

2016-03-03 13:46:52 response :
------------

2016-03-03 15:55:54 trace :
------------
Array:
from : oqCObuEhdJ-dKN_TT1nla095ivuI ;
to : gh_5013f37369ce ;
time : 1456991762 ;
type : event ;
event : VIEW ;
tousername : gh_5013f37369ce ;
fromusername : oqCObuEhdJ-dKN_TT1nla095ivuI ;
createtime : 1456991762 ;
msgtype : event ;
eventkey : http://mp.weixin.qq.com/s?__biz=MzA5MzE5NzExNw==&mid=10001097&idx=1&sn=8338ffe385dcd8dd1f376fc1a2fd50ff&scene=18#rd ;
menuid : 208007648 ;

2016-03-03 15:55:54 params :
------------
Array:
rule : -2 ;
module :  ;
message : Array ;

2016-03-03 15:55:54 response :
------------

2016-03-03 15:56:00 trace :
------------
Array:
from : oqCObuEhdJ-dKN_TT1nla095ivuI ;
to : gh_5013f37369ce ;
time : 1456991771 ;
type : event ;
event : VIEW ;
tousername : gh_5013f37369ce ;
fromusername : oqCObuEhdJ-dKN_TT1nla095ivuI ;
createtime : 1456991771 ;
msgtype : event ;
eventkey : http://mp.weixin.qq.com/s?__biz=MzA5MzE5NzExNw==&mid=10001097&idx=1&sn=8338ffe385dcd8dd1f376fc1a2fd50ff&scene=18#rd ;
menuid : 208007648 ;

2016-03-03 15:56:00 params :
------------
Array:
rule : -2 ;
module :  ;
message : Array ;

2016-03-03 15:56:00 response :
------------

2016-03-03 15:56:06 trace :
------------
Array:
from : oqCObuEhdJ-dKN_TT1nla095ivuI ;
to : gh_5013f37369ce ;
time : 1456991777 ;
type : event ;
event : VIEW ;
tousername : gh_5013f37369ce ;
fromusername : oqCObuEhdJ-dKN_TT1nla095ivuI ;
createtime : 1456991777 ;
msgtype : event ;
eventkey : http://mp.weixin.qq.com/s?__biz=MzA5MzE5NzExNw==&mid=10001097&idx=1&sn=8338ffe385dcd8dd1f376fc1a2fd50ff&scene=18#rd ;
menuid : 208007648 ;

2016-03-03 15:56:06 params :
------------
Array:
rule : -2 ;
module :  ;
message : Array ;

2016-03-03 15:56:06 response :
------------

2016-03-03 15:56:17 trace :
------------
Array:
from : oqCObuEhdJ-dKN_TT1nla095ivuI ;
to : gh_5013f37369ce ;
time : 1456991787 ;
type : event ;
event : VIEW ;
tousername : gh_5013f37369ce ;
fromusername : oqCObuEhdJ-dKN_TT1nla095ivuI ;
createtime : 1456991787 ;
msgtype : event ;
eventkey : http://mp.weixin.qq.com/s?__biz=MzA5MzE5NzExNw==&mid=10001097&idx=1&sn=8338ffe385dcd8dd1f376fc1a2fd50ff&scene=18#rd ;
menuid : 208007648 ;

2016-03-03 15:56:17 params :
------------
Array:
rule : -2 ;
module :  ;
message : Array ;

2016-03-03 15:56:17 response :
------------

2016-03-03 16:08:40 trace :
------------
Array:
from : oqCObuBx17eyjl9RlLXSoOqn2dGY ;
to : gh_5013f37369ce ;
time : 1456992530 ;
type : event ;
event : VIEW ;
tousername : gh_5013f37369ce ;
fromusername : oqCObuBx17eyjl9RlLXSoOqn2dGY ;
createtime : 1456992530 ;
msgtype : event ;
eventkey : http://mp.weixin.qq.com/s?__biz=MzA5MzE5NzExNw==&mid=10001097&idx=1&sn=8338ffe385dcd8dd1f376fc1a2fd50ff&scene=18#rd ;
menuid : 208007648 ;

2016-03-03 16:08:40 params :
------------
Array:
rule : -2 ;
module :  ;
message : Array ;

2016-03-03 16:08:40 response :
------------

2016-03-03 16:44:08 trace :
------------
Array:
from : oqCObuCJEOPUvZ-lWb8ofrOuUpI4 ;
to : gh_5013f37369ce ;
time : 1456994658 ;
type : event ;
event : VIEW ;
tousername : gh_5013f37369ce ;
fromusername : oqCObuCJEOPUvZ-lWb8ofrOuUpI4 ;
createtime : 1456994658 ;
msgtype : event ;
eventkey : http://mp.weixin.qq.com/s?__biz=MzA5MzE5NzExNw==&mid=10001097&idx=1&sn=8338ffe385dcd8dd1f376fc1a2fd50ff&scene=18#rd ;
menuid : 208007648 ;

2016-03-03 16:44:08 params :
------------
Array:
rule : -2 ;
module :  ;
message : Array ;

2016-03-03 16:44:08 response :
------------

2016-03-03 16:44:25 trace :
------------
Array:
from : oqCObuCJEOPUvZ-lWb8ofrOuUpI4 ;
to : gh_5013f37369ce ;
time : 1456994673 ;
type : event ;
event : VIEW ;
tousername : gh_5013f37369ce ;
fromusername : oqCObuCJEOPUvZ-lWb8ofrOuUpI4 ;
createtime : 1456994673 ;
msgtype : event ;
eventkey : http://mp.weixin.qq.com/s?__biz=MzA5MzE5NzExNw==&mid=10001097&idx=1&sn=8338ffe385dcd8dd1f376fc1a2fd50ff&scene=18#rd ;
menuid : 208007648 ;

2016-03-03 16:44:25 params :
------------
Array:
rule : -2 ;
module :  ;
message : Array ;

2016-03-03 16:44:25 response :
------------

2016-03-03 16:44:47 trace :
------------
Array:
from : oqCObuCJEOPUvZ-lWb8ofrOuUpI4 ;
to : gh_5013f37369ce ;
time : 1456994698 ;
type : event ;
event : VIEW ;
tousername : gh_5013f37369ce ;
fromusername : oqCObuCJEOPUvZ-lWb8ofrOuUpI4 ;
createtime : 1456994698 ;
msgtype : event ;
eventkey : http://mp.weixin.qq.com/s?__biz=MzA5MzE5NzExNw==&mid=10001097&idx=1&sn=8338ffe385dcd8dd1f376fc1a2fd50ff&scene=18#rd ;
menuid : 208007648 ;

2016-03-03 16:44:47 params :
------------
Array:
rule : -2 ;
module :  ;
message : Array ;

2016-03-03 16:44:47 response :
------------

2016-03-03 16:44:56 trace :
------------
Array:
from : oqCObuCJEOPUvZ-lWb8ofrOuUpI4 ;
to : gh_5013f37369ce ;
time : 1456994706 ;
type : event ;
event : VIEW ;
tousername : gh_5013f37369ce ;
fromusername : oqCObuCJEOPUvZ-lWb8ofrOuUpI4 ;
createtime : 1456994706 ;
msgtype : event ;
eventkey : http://mp.weixin.qq.com/s?__biz=MzA5MzE5NzExNw==&mid=10001097&idx=1&sn=8338ffe385dcd8dd1f376fc1a2fd50ff&scene=18#rd ;
menuid : 208007648 ;

2016-03-03 16:44:56 params :
------------
Array:
rule : -2 ;
module :  ;
message : Array ;

2016-03-03 16:44:56 response :
------------

2016-03-03 16:45:36 trace :
------------
Array:
from : oqCObuCJEOPUvZ-lWb8ofrOuUpI4 ;
to : gh_5013f37369ce ;
time : 1456994746 ;
type : event ;
event : VIEW ;
tousername : gh_5013f37369ce ;
fromusername : oqCObuCJEOPUvZ-lWb8ofrOuUpI4 ;
createtime : 1456994746 ;
msgtype : event ;
eventkey : http://mp.weixin.qq.com/s?__biz=MzA5MzE5NzExNw==&mid=10001097&idx=1&sn=8338ffe385dcd8dd1f376fc1a2fd50ff&scene=18#rd ;
menuid : 208007648 ;

2016-03-03 16:45:36 params :
------------
Array:
rule : -2 ;
module :  ;
message : Array ;

2016-03-03 16:45:36 response :
------------

2016-03-03 16:45:46 trace :
------------
Array:
from : oqCObuCJEOPUvZ-lWb8ofrOuUpI4 ;
to : gh_5013f37369ce ;
time : 1456994756 ;
type : event ;
event : VIEW ;
tousername : gh_5013f37369ce ;
fromusername : oqCObuCJEOPUvZ-lWb8ofrOuUpI4 ;
createtime : 1456994756 ;
msgtype : event ;
eventkey : http://mp.weixin.qq.com/s?__biz=MzA5MzE5NzExNw==&mid=10001097&idx=1&sn=8338ffe385dcd8dd1f376fc1a2fd50ff&scene=18#rd ;
menuid : 208007648 ;

2016-03-03 16:45:46 params :
------------
Array:
rule : -2 ;
module :  ;
message : Array ;

2016-03-03 16:45:46 response :
------------

2016-03-03 16:46:03 trace :
------------
Array:
from : oqCObuCJEOPUvZ-lWb8ofrOuUpI4 ;
to : gh_5013f37369ce ;
time : 1456994774 ;
type : event ;
event : VIEW ;
tousername : gh_5013f37369ce ;
fromusername : oqCObuCJEOPUvZ-lWb8ofrOuUpI4 ;
createtime : 1456994774 ;
msgtype : event ;
eventkey : http://mp.weixin.qq.com/s?__biz=MzA5MzE5NzExNw==&mid=10001097&idx=1&sn=8338ffe385dcd8dd1f376fc1a2fd50ff&scene=18#rd ;
menuid : 208007648 ;

2016-03-03 16:46:03 params :
------------
Array:
rule : -2 ;
module :  ;
message : Array ;

2016-03-03 16:46:03 response :
------------

2016-03-03 18:09:05 trace :
------------
Array:
from : oqCObuOhinPE2Q_Ee_4XcjcQTh4Q ;
to : gh_5013f37369ce ;
time : 1456999755 ;
type : event ;
event : VIEW ;
tousername : gh_5013f37369ce ;
fromusername : oqCObuOhinPE2Q_Ee_4XcjcQTh4Q ;
createtime : 1456999755 ;
msgtype : event ;
eventkey : http://mp.weixin.qq.com/s?__biz=MzA5MzE5NzExNw==&mid=10001097&idx=1&sn=8338ffe385dcd8dd1f376fc1a2fd50ff&scene=18#rd ;
menuid : 208007648 ;

2016-03-03 18:09:05 params :
------------
Array:
rule : -2 ;
module :  ;
message : Array ;

2016-03-03 18:09:05 response :
------------

2016-03-03 18:09:09 trace :
------------
Array:
from : oqCObuOhinPE2Q_Ee_4XcjcQTh4Q ;
to : gh_5013f37369ce ;
time : 1456999759 ;
type : event ;
event : VIEW ;
tousername : gh_5013f37369ce ;
fromusername : oqCObuOhinPE2Q_Ee_4XcjcQTh4Q ;
createtime : 1456999759 ;
msgtype : event ;
eventkey : http://mp.weixin.qq.com/s?__biz=MzA5MzE5NzExNw==&mid=10001097&idx=1&sn=8338ffe385dcd8dd1f376fc1a2fd50ff&scene=18#rd ;
menuid : 208007648 ;

2016-03-03 18:09:09 params :
------------
Array:
rule : -2 ;
module :  ;
message : Array ;

2016-03-03 18:09:09 response :
------------

2016-03-03 18:42:25 trace :
------------
Array:
from : oqCObuCA4lRFAWqOsyJudZ1g3vDo ;
to : gh_5013f37369ce ;
time : 1457001756 ;
type : event ;
event : subscribe ;
tousername : gh_5013f37369ce ;
fromusername : oqCObuCA4lRFAWqOsyJudZ1g3vDo ;
createtime : 1457001756 ;
msgtype : event ;
eventkey :  ;

2016-03-03 18:42:25 params :
------------
Array:
rule : -2 ;
module :  ;
message : Array ;

2016-03-03 18:42:25 response :
------------

2016-03-03 18:42:49 trace :
------------
Array:
from : oqCObuCA4lRFAWqOsyJudZ1g3vDo ;
to : gh_5013f37369ce ;
time : 1457001780 ;
type : event ;
event : VIEW ;
tousername : gh_5013f37369ce ;
fromusername : oqCObuCA4lRFAWqOsyJudZ1g3vDo ;
createtime : 1457001780 ;
msgtype : event ;
eventkey : http://mp.weixin.qq.com/s?__biz=MzA5MzE5NzExNw==&mid=10001097&idx=1&sn=8338ffe385dcd8dd1f376fc1a2fd50ff&scene=18#rd ;
menuid : 208007648 ;

2016-03-03 18:42:49 params :
------------
Array:
rule : -2 ;
module :  ;
message : Array ;

2016-03-03 18:42:49 response :
------------

2016-03-03 18:42:57 trace :
------------
Array:
from : oqCObuCA4lRFAWqOsyJudZ1g3vDo ;
to : gh_5013f37369ce ;
time : 1457001787 ;
type : event ;
event : VIEW ;
tousername : gh_5013f37369ce ;
fromusername : oqCObuCA4lRFAWqOsyJudZ1g3vDo ;
createtime : 1457001787 ;
msgtype : event ;
eventkey : http://mp.weixin.qq.com/s?__biz=MzA5MzE5NzExNw==&mid=10001097&idx=1&sn=8338ffe385dcd8dd1f376fc1a2fd50ff&scene=18#rd ;
menuid : 208007648 ;

2016-03-03 18:42:57 params :
------------
Array:
rule : -2 ;
module :  ;
message : Array ;

2016-03-03 18:42:57 response :
------------

2016-03-03 18:43:02 trace :
------------
Array:
from : oqCObuCA4lRFAWqOsyJudZ1g3vDo ;
to : gh_5013f37369ce ;
time : 1457001793 ;
type : event ;
event : VIEW ;
tousername : gh_5013f37369ce ;
fromusername : oqCObuCA4lRFAWqOsyJudZ1g3vDo ;
createtime : 1457001793 ;
msgtype : event ;
eventkey : http://mp.weixin.qq.com/s?__biz=MzA5MzE5NzExNw==&mid=10001097&idx=1&sn=8338ffe385dcd8dd1f376fc1a2fd50ff&scene=18#rd ;
menuid : 208007648 ;

2016-03-03 18:43:02 params :
------------
Array:
rule : -2 ;
module :  ;
message : Array ;

2016-03-03 18:43:02 response :
------------

2016-03-03 18:43:09 trace :
------------
Array:
from : oqCObuCA4lRFAWqOsyJudZ1g3vDo ;
to : gh_5013f37369ce ;
time : 1457001800 ;
type : event ;
event : VIEW ;
tousername : gh_5013f37369ce ;
fromusername : oqCObuCA4lRFAWqOsyJudZ1g3vDo ;
createtime : 1457001800 ;
msgtype : event ;
eventkey : http://mp.weixin.qq.com/s?__biz=MzA5MzE5NzExNw==&mid=10001097&idx=1&sn=8338ffe385dcd8dd1f376fc1a2fd50ff&scene=18#rd ;
menuid : 208007648 ;

2016-03-03 18:43:09 params :
------------
Array:
rule : -2 ;
module :  ;
message : Array ;

2016-03-03 18:43:09 response :
------------

2016-03-03 18:43:19 trace :
------------
Array:
from : oqCObuCA4lRFAWqOsyJudZ1g3vDo ;
to : gh_5013f37369ce ;
time : 1457001810 ;
type : event ;
event : VIEW ;
tousername : gh_5013f37369ce ;
fromusername : oqCObuCA4lRFAWqOsyJudZ1g3vDo ;
createtime : 1457001810 ;
msgtype : event ;
eventkey : http://mp.weixin.qq.com/s?__biz=MzA5MzE5NzExNw==&mid=10001097&idx=1&sn=8338ffe385dcd8dd1f376fc1a2fd50ff&scene=18#rd ;
menuid : 208007648 ;

2016-03-03 18:43:19 params :
------------
Array:
rule : -2 ;
module :  ;
message : Array ;

2016-03-03 18:43:19 response :
------------

2016-03-03 18:43:26 trace :
------------
Array:
from : oqCObuCA4lRFAWqOsyJudZ1g3vDo ;
to : gh_5013f37369ce ;
time : 1457001817 ;
type : event ;
event : VIEW ;
tousername : gh_5013f37369ce ;
fromusername : oqCObuCA4lRFAWqOsyJudZ1g3vDo ;
createtime : 1457001817 ;
msgtype : event ;
eventkey : http://mp.weixin.qq.com/s?__biz=MzA5MzE5NzExNw==&mid=10001097&idx=1&sn=8338ffe385dcd8dd1f376fc1a2fd50ff&scene=18#rd ;
menuid : 208007648 ;

2016-03-03 18:43:26 params :
------------
Array:
rule : -2 ;
module :  ;
message : Array ;

2016-03-03 18:43:26 response :
------------

2016-03-03 19:15:58 trace :
------------
Array:
from : oqCObuI45yYzgtk_sOncmHQIB7tc ;
to : gh_5013f37369ce ;
time : 1457003768 ;
type : event ;
event : VIEW ;
tousername : gh_5013f37369ce ;
fromusername : oqCObuI45yYzgtk_sOncmHQIB7tc ;
createtime : 1457003768 ;
msgtype : event ;
eventkey : http://mp.weixin.qq.com/s?__biz=MzA5MzE5NzExNw==&mid=10001097&idx=1&sn=8338ffe385dcd8dd1f376fc1a2fd50ff&scene=18#rd ;
menuid : 208007648 ;

2016-03-03 19:15:58 params :
------------
Array:
rule : -2 ;
module :  ;
message : Array ;

2016-03-03 19:15:58 response :
------------

2016-03-03 19:30:30 trace :
------------
Array:
from : oqCObuKjg94yUrn1fYvFOcXtUuYA ;
to : gh_5013f37369ce ;
time : 1457004641 ;
type : event ;
event : subscribe ;
tousername : gh_5013f37369ce ;
fromusername : oqCObuKjg94yUrn1fYvFOcXtUuYA ;
createtime : 1457004641 ;
msgtype : event ;
eventkey :  ;

2016-03-03 19:30:30 params :
------------
Array:
rule : -2 ;
module :  ;
message : Array ;

2016-03-03 19:30:30 response :
------------

2016-03-03 21:01:52 trace :
------------
Array:
from : oqCObuEKzZlN3oTvlCQWzDMaM1Ho ;
to : gh_5013f37369ce ;
time : 1457010121 ;
type : event ;
event : subscribe ;
tousername : gh_5013f37369ce ;
fromusername : oqCObuEKzZlN3oTvlCQWzDMaM1Ho ;
createtime : 1457010121 ;
msgtype : event ;
eventkey :  ;

2016-03-03 21:01:52 params :
------------
Array:
rule : -2 ;
module :  ;
message : Array ;

2016-03-03 21:01:52 response :
------------

2016-03-03 21:10:33 trace :
------------
Array:
from : oqCObuCzy_ItMflMffu_XLIWI-Ns ;
to : gh_5013f37369ce ;
time : 1457010640 ;
type : event ;
event : VIEW ;
tousername : gh_5013f37369ce ;
fromusername : oqCObuCzy_ItMflMffu_XLIWI-Ns ;
createtime : 1457010640 ;
msgtype : event ;
eventkey : http://mp.weixin.qq.com/s?__biz=MzA5MzE5NzExNw==&mid=10001097&idx=1&sn=8338ffe385dcd8dd1f376fc1a2fd50ff&scene=18#rd ;
menuid : 208007648 ;

2016-03-03 21:10:33 params :
------------
Array:
rule : -2 ;
module :  ;
message : Array ;

2016-03-03 21:10:33 response :
------------

2016-03-03 21:29:15 trace :
------------
Array:
from : oqCObuGctUqu4ZCtTHWGszT33BUY ;
to : gh_5013f37369ce ;
time : 1457011763 ;
type : event ;
event : subscribe ;
tousername : gh_5013f37369ce ;
fromusername : oqCObuGctUqu4ZCtTHWGszT33BUY ;
createtime : 1457011763 ;
msgtype : event ;
eventkey :  ;

2016-03-03 21:29:15 params :
------------
Array:
rule : -2 ;
module :  ;
message : Array ;

2016-03-03 21:29:15 response :
------------

2016-03-03 21:29:17 trace :
------------
Array:
from : oqCObuGctUqu4ZCtTHWGszT33BUY ;
to : gh_5013f37369ce ;
time : 1457011768 ;
type : event ;
event : VIEW ;
tousername : gh_5013f37369ce ;
fromusername : oqCObuGctUqu4ZCtTHWGszT33BUY ;
createtime : 1457011768 ;
msgtype : event ;
eventkey : http://mp.weixin.qq.com/s?__biz=MzA5MzE5NzExNw==&mid=10001097&idx=1&sn=8338ffe385dcd8dd1f376fc1a2fd50ff&scene=18#rd ;
menuid : 208007648 ;

2016-03-03 21:29:17 params :
------------
Array:
rule : -2 ;
module :  ;
message : Array ;

2016-03-03 21:29:17 response :
------------

2016-03-03 21:29:41 trace :
------------
Array:
from : oqCObuGctUqu4ZCtTHWGszT33BUY ;
to : gh_5013f37369ce ;
time : 1457011792 ;
type : event ;
event : VIEW ;
tousername : gh_5013f37369ce ;
fromusername : oqCObuGctUqu4ZCtTHWGszT33BUY ;
createtime : 1457011792 ;
msgtype : event ;
eventkey : http://mp.weixin.qq.com/s?__biz=MzA5MzE5NzExNw==&mid=10001097&idx=1&sn=8338ffe385dcd8dd1f376fc1a2fd50ff&scene=18#rd ;
menuid : 208007648 ;

2016-03-03 21:29:41 params :
------------
Array:
rule : -2 ;
module :  ;
message : Array ;

2016-03-03 21:29:41 response :
------------

2016-03-03 21:55:53 trace :
------------
Array:
from : oqCObuI-18jGkoWu2z4vxAL_fvBA ;
to : gh_5013f37369ce ;
time : 1457013360 ;
type : event ;
event : subscribe ;
tousername : gh_5013f37369ce ;
fromusername : oqCObuI-18jGkoWu2z4vxAL_fvBA ;
createtime : 1457013360 ;
msgtype : event ;
eventkey :  ;

2016-03-03 21:55:53 params :
------------
Array:
rule : -2 ;
module :  ;
message : Array ;

2016-03-03 21:55:53 response :
------------

2016-03-03 21:55:56 trace :
------------
Array:
from : oqCObuI-18jGkoWu2z4vxAL_fvBA ;
to : gh_5013f37369ce ;
time : 1457013367 ;
type : event ;
event : VIEW ;
tousername : gh_5013f37369ce ;
fromusername : oqCObuI-18jGkoWu2z4vxAL_fvBA ;
createtime : 1457013367 ;
msgtype : event ;
eventkey : http://mp.weixin.qq.com/s?__biz=MzA5MzE5NzExNw==&mid=10001097&idx=1&sn=8338ffe385dcd8dd1f376fc1a2fd50ff&scene=18#rd ;
menuid : 208007648 ;

2016-03-03 21:55:56 params :
------------
Array:
rule : -2 ;
module :  ;
message : Array ;

2016-03-03 21:55:56 response :
------------

2016-03-03 21:58:52 trace :
------------
Array:
from : oqCObuM8AMxOOWeLMDEY_z8phMnM ;
to : gh_5013f37369ce ;
time : 1457013543 ;
type : event ;
event : VIEW ;
tousername : gh_5013f37369ce ;
fromusername : oqCObuM8AMxOOWeLMDEY_z8phMnM ;
createtime : 1457013543 ;
msgtype : event ;
eventkey : http://mp.weixin.qq.com/s?__biz=MzA5MzE5NzExNw==&mid=10001097&idx=1&sn=8338ffe385dcd8dd1f376fc1a2fd50ff&scene=18#rd ;
menuid : 208007648 ;

2016-03-03 21:58:52 params :
------------
Array:
rule : -2 ;
module :  ;
message : Array ;

2016-03-03 21:58:52 response :
------------

2016-03-03 21:59:03 trace :
------------
Array:
from : oqCObuM8AMxOOWeLMDEY_z8phMnM ;
to : gh_5013f37369ce ;
time : 1457013554 ;
type : event ;
event : VIEW ;
tousername : gh_5013f37369ce ;
fromusername : oqCObuM8AMxOOWeLMDEY_z8phMnM ;
createtime : 1457013554 ;
msgtype : event ;
eventkey : http://mp.weixin.qq.com/s?__biz=MzA5MzE5NzExNw==&mid=10001097&idx=1&sn=8338ffe385dcd8dd1f376fc1a2fd50ff&scene=18#rd ;
menuid : 208007648 ;

2016-03-03 21:59:03 params :
------------
Array:
rule : -2 ;
module :  ;
message : Array ;

2016-03-03 21:59:03 response :
------------

2016-03-03 21:59:11 trace :
------------
Array:
from : oqCObuM8AMxOOWeLMDEY_z8phMnM ;
to : gh_5013f37369ce ;
time : 1457013559 ;
type : event ;
event : VIEW ;
tousername : gh_5013f37369ce ;
fromusername : oqCObuM8AMxOOWeLMDEY_z8phMnM ;
createtime : 1457013559 ;
msgtype : event ;
eventkey : http://mp.weixin.qq.com/s?__biz=MzA5MzE5NzExNw==&mid=10001097&idx=1&sn=8338ffe385dcd8dd1f376fc1a2fd50ff&scene=18#rd ;
menuid : 208007648 ;

2016-03-03 21:59:11 params :
------------
Array:
rule : -2 ;
module :  ;
message : Array ;

2016-03-03 21:59:11 response :
------------

2016-03-03 23:16:34 trace :
------------
Array:
from : oqCObuAwic1mnCBsQRBFkxVJnan0 ;
to : gh_5013f37369ce ;
time : 1457018204 ;
type : event ;
event : subscribe ;
tousername : gh_5013f37369ce ;
fromusername : oqCObuAwic1mnCBsQRBFkxVJnan0 ;
createtime : 1457018204 ;
msgtype : event ;
eventkey :  ;

2016-03-03 23:16:34 params :
------------
Array:
rule : -2 ;
module :  ;
message : Array ;

2016-03-03 23:16:34 response :
------------

2016-03-03 23:16:43 trace :
------------
Array:
from : oqCObuAwic1mnCBsQRBFkxVJnan0 ;
to : gh_5013f37369ce ;
time : 1457018214 ;
type : event ;
event : VIEW ;
tousername : gh_5013f37369ce ;
fromusername : oqCObuAwic1mnCBsQRBFkxVJnan0 ;
createtime : 1457018214 ;
msgtype : event ;
eventkey : http://mp.weixin.qq.com/s?__biz=MzA5MzE5NzExNw==&mid=10001097&idx=1&sn=8338ffe385dcd8dd1f376fc1a2fd50ff&scene=18#rd ;
menuid : 208007648 ;

2016-03-03 23:16:43 params :
------------
Array:
rule : -2 ;
module :  ;
message : Array ;

2016-03-03 23:16:43 response :
------------

