2016-01-26 10:42:27 trace :
------------
Array:
from : oqCObuCejURSsYFRZS4B_omQwVAQ ;
to : gh_5013f37369ce ;
time : 1453776147 ;
type : event ;
event : VIEW ;
tousername : gh_5013f37369ce ;
fromusername : oqCObuCejURSsYFRZS4B_omQwVAQ ;
createtime : 1453776147 ;
msgtype : event ;
eventkey : http://mp.weixin.qq.com/s?__biz=MzA5MzE5NzExNw==&mid=10001097&idx=1&sn=8338ffe385dcd8dd1f376fc1a2fd50ff&scene=18#rd ;
menuid : 208007648 ;

2016-01-26 10:42:27 params :
------------
Array:
rule : -2 ;
module :  ;
message : Array ;

2016-01-26 10:42:27 response :
------------

2016-01-26 10:42:34 trace :
------------
Array:
from : oqCObuCejURSsYFRZS4B_omQwVAQ ;
to : gh_5013f37369ce ;
time : 1453776154 ;
type : event ;
event : VIEW ;
tousername : gh_5013f37369ce ;
fromusername : oqCObuCejURSsYFRZS4B_omQwVAQ ;
createtime : 1453776154 ;
msgtype : event ;
eventkey : http://mp.weixin.qq.com/s?__biz=MzA5MzE5NzExNw==&mid=10001097&idx=1&sn=8338ffe385dcd8dd1f376fc1a2fd50ff&scene=18#rd ;
menuid : 208007648 ;

2016-01-26 10:42:34 params :
------------
Array:
rule : -2 ;
module :  ;
message : Array ;

2016-01-26 10:42:34 response :
------------

2016-01-26 10:42:42 trace :
------------
Array:
from : oqCObuCejURSsYFRZS4B_omQwVAQ ;
to : gh_5013f37369ce ;
time : 1453776162 ;
type : event ;
event : VIEW ;
tousername : gh_5013f37369ce ;
fromusername : oqCObuCejURSsYFRZS4B_omQwVAQ ;
createtime : 1453776162 ;
msgtype : event ;
eventkey : http://mp.weixin.qq.com/s?__biz=MzA5MzE5NzExNw==&mid=10001097&idx=1&sn=8338ffe385dcd8dd1f376fc1a2fd50ff&scene=18#rd ;
menuid : 208007648 ;

2016-01-26 10:42:42 params :
------------
Array:
rule : -2 ;
module :  ;
message : Array ;

2016-01-26 10:42:42 response :
------------

2016-01-26 10:42:52 trace :
------------
Array:
from : oqCObuCejURSsYFRZS4B_omQwVAQ ;
to : gh_5013f37369ce ;
time : 1453776172 ;
type : event ;
event : VIEW ;
tousername : gh_5013f37369ce ;
fromusername : oqCObuCejURSsYFRZS4B_omQwVAQ ;
createtime : 1453776172 ;
msgtype : event ;
eventkey : http://mp.weixin.qq.com/s?__biz=MzA5MzE5NzExNw==&mid=10001097&idx=1&sn=8338ffe385dcd8dd1f376fc1a2fd50ff&scene=18#rd ;
menuid : 208007648 ;

2016-01-26 10:42:52 params :
------------
Array:
rule : -2 ;
module :  ;
message : Array ;

2016-01-26 10:42:52 response :
------------

2016-01-26 12:28:45 trace :
------------
Array:
from : oqCObuFMXpQNDgl_6EJw3cFTR1iY ;
to : gh_5013f37369ce ;
time : 1453782522 ;
type : event ;
event : subscribe ;
tousername : gh_5013f37369ce ;
fromusername : oqCObuFMXpQNDgl_6EJw3cFTR1iY ;
createtime : 1453782522 ;
msgtype : event ;
eventkey :  ;

2016-01-26 12:28:45 params :
------------
Array:
rule : -2 ;
module :  ;
message : Array ;

2016-01-26 12:28:45 response :
------------

2016-01-26 12:28:59 trace :
------------
Array:
from : oqCObuFMXpQNDgl_6EJw3cFTR1iY ;
to : gh_5013f37369ce ;
time : 1453782539 ;
type : event ;
event : VIEW ;
tousername : gh_5013f37369ce ;
fromusername : oqCObuFMXpQNDgl_6EJw3cFTR1iY ;
createtime : 1453782539 ;
msgtype : event ;
eventkey : http://mp.weixin.qq.com/s?__biz=MzA5MzE5NzExNw==&mid=10001097&idx=1&sn=8338ffe385dcd8dd1f376fc1a2fd50ff&scene=18#rd ;
menuid : 208007648 ;

2016-01-26 12:28:59 params :
------------
Array:
rule : -2 ;
module :  ;
message : Array ;

2016-01-26 12:28:59 response :
------------

2016-01-26 12:35:36 trace :
------------
Array:
from : oqCObuJi0W90tIYQq5NRRFCKtKrU ;
to : gh_5013f37369ce ;
time : 1453782936 ;
type : event ;
event : subscribe ;
tousername : gh_5013f37369ce ;
fromusername : oqCObuJi0W90tIYQq5NRRFCKtKrU ;
createtime : 1453782936 ;
msgtype : event ;
eventkey :  ;

2016-01-26 12:35:36 params :
------------
Array:
rule : -2 ;
module :  ;
message : Array ;

2016-01-26 12:35:36 response :
------------

2016-01-26 12:35:40 trace :
------------
Array:
from : oqCObuJi0W90tIYQq5NRRFCKtKrU ;
to : gh_5013f37369ce ;
time : 1453782939 ;
type : event ;
event : VIEW ;
tousername : gh_5013f37369ce ;
fromusername : oqCObuJi0W90tIYQq5NRRFCKtKrU ;
createtime : 1453782939 ;
msgtype : event ;
eventkey : http://mp.weixin.qq.com/s?__biz=MzA5MzE5NzExNw==&mid=10001097&idx=1&sn=8338ffe385dcd8dd1f376fc1a2fd50ff&scene=18#rd ;
menuid : 208007648 ;

2016-01-26 12:35:40 params :
------------
Array:
rule : -2 ;
module :  ;
message : Array ;

2016-01-26 12:35:40 response :
------------

2016-01-26 13:24:05 trace :
------------
Array:
from : oqCObuDy3O-f4670Iy2mIO2qgICg ;
to : gh_5013f37369ce ;
time : 1453785844 ;
type : event ;
event : subscribe ;
tousername : gh_5013f37369ce ;
fromusername : oqCObuDy3O-f4670Iy2mIO2qgICg ;
createtime : 1453785844 ;
msgtype : event ;
eventkey :  ;

2016-01-26 13:24:05 params :
------------
Array:
rule : -2 ;
module :  ;
message : Array ;

2016-01-26 13:24:05 response :
------------

2016-01-26 13:24:13 trace :
------------
Array:
from : oqCObuDy3O-f4670Iy2mIO2qgICg ;
to : gh_5013f37369ce ;
time : 1453785852 ;
type : event ;
event : VIEW ;
tousername : gh_5013f37369ce ;
fromusername : oqCObuDy3O-f4670Iy2mIO2qgICg ;
createtime : 1453785852 ;
msgtype : event ;
eventkey : http://mp.weixin.qq.com/s?__biz=MzA5MzE5NzExNw==&mid=10001097&idx=1&sn=8338ffe385dcd8dd1f376fc1a2fd50ff&scene=18#rd ;
menuid : 208007648 ;

2016-01-26 13:24:13 params :
------------
Array:
rule : -2 ;
module :  ;
message : Array ;

2016-01-26 13:24:13 response :
------------

2016-01-26 13:24:48 trace :
------------
Array:
from : oqCObuDy3O-f4670Iy2mIO2qgICg ;
to : gh_5013f37369ce ;
time : 1453785888 ;
type : event ;
event : VIEW ;
tousername : gh_5013f37369ce ;
fromusername : oqCObuDy3O-f4670Iy2mIO2qgICg ;
createtime : 1453785888 ;
msgtype : event ;
eventkey : http://mp.weixin.qq.com/s?__biz=MzA5MzE5NzExNw==&mid=10001097&idx=1&sn=8338ffe385dcd8dd1f376fc1a2fd50ff&scene=18#rd ;
menuid : 208007648 ;

2016-01-26 13:24:48 params :
------------
Array:
rule : -2 ;
module :  ;
message : Array ;

2016-01-26 13:24:48 response :
------------

2016-01-26 13:24:58 trace :
------------
Array:
from : oqCObuDy3O-f4670Iy2mIO2qgICg ;
to : gh_5013f37369ce ;
time : 1453785898 ;
type : event ;
event : VIEW ;
tousername : gh_5013f37369ce ;
fromusername : oqCObuDy3O-f4670Iy2mIO2qgICg ;
createtime : 1453785898 ;
msgtype : event ;
eventkey : http://mp.weixin.qq.com/s?__biz=MzA5MzE5NzExNw==&mid=10001097&idx=1&sn=8338ffe385dcd8dd1f376fc1a2fd50ff&scene=18#rd ;
menuid : 208007648 ;

2016-01-26 13:24:58 params :
------------
Array:
rule : -2 ;
module :  ;
message : Array ;

2016-01-26 13:24:58 response :
------------

2016-01-26 13:25:11 trace :
------------
Array:
from : oqCObuDy3O-f4670Iy2mIO2qgICg ;
to : gh_5013f37369ce ;
time : 1453785911 ;
type : event ;
event : VIEW ;
tousername : gh_5013f37369ce ;
fromusername : oqCObuDy3O-f4670Iy2mIO2qgICg ;
createtime : 1453785911 ;
msgtype : event ;
eventkey : http://mp.weixin.qq.com/s?__biz=MzA5MzE5NzExNw==&mid=10001097&idx=1&sn=8338ffe385dcd8dd1f376fc1a2fd50ff&scene=18#rd ;
menuid : 208007648 ;

2016-01-26 13:25:11 params :
------------
Array:
rule : -2 ;
module :  ;
message : Array ;

2016-01-26 13:25:11 response :
------------

2016-01-26 13:25:20 trace :
------------
Array:
from : oqCObuDy3O-f4670Iy2mIO2qgICg ;
to : gh_5013f37369ce ;
time : 1453785920 ;
type : event ;
event : VIEW ;
tousername : gh_5013f37369ce ;
fromusername : oqCObuDy3O-f4670Iy2mIO2qgICg ;
createtime : 1453785920 ;
msgtype : event ;
eventkey : http://mp.weixin.qq.com/s?__biz=MzA5MzE5NzExNw==&mid=10001097&idx=1&sn=8338ffe385dcd8dd1f376fc1a2fd50ff&scene=18#rd ;
menuid : 208007648 ;

2016-01-26 13:25:20 params :
------------
Array:
rule : -2 ;
module :  ;
message : Array ;

2016-01-26 13:25:20 response :
------------

2016-01-26 13:30:38 trace :
------------
Array:
from : oqCObuDy3O-f4670Iy2mIO2qgICg ;
to : gh_5013f37369ce ;
time : 1453786238 ;
type : event ;
event : VIEW ;
tousername : gh_5013f37369ce ;
fromusername : oqCObuDy3O-f4670Iy2mIO2qgICg ;
createtime : 1453786238 ;
msgtype : event ;
eventkey : http://mp.weixin.qq.com/s?__biz=MzA5MzE5NzExNw==&mid=10001097&idx=1&sn=8338ffe385dcd8dd1f376fc1a2fd50ff&scene=18#rd ;
menuid : 208007648 ;

2016-01-26 13:30:38 params :
------------
Array:
rule : -2 ;
module :  ;
message : Array ;

2016-01-26 13:30:38 response :
------------

2016-01-26 13:31:21 trace :
------------
Array:
from : oqCObuDy3O-f4670Iy2mIO2qgICg ;
to : gh_5013f37369ce ;
time : 1453786281 ;
type : event ;
event : VIEW ;
tousername : gh_5013f37369ce ;
fromusername : oqCObuDy3O-f4670Iy2mIO2qgICg ;
createtime : 1453786281 ;
msgtype : event ;
eventkey : http://mp.weixin.qq.com/s?__biz=MzA5MzE5NzExNw==&mid=10001097&idx=1&sn=8338ffe385dcd8dd1f376fc1a2fd50ff&scene=18#rd ;
menuid : 208007648 ;

2016-01-26 13:31:21 params :
------------
Array:
rule : -2 ;
module :  ;
message : Array ;

2016-01-26 13:31:21 response :
------------

2016-01-26 14:36:18 trace :
------------
Array:
from : oqCObuNP1tRv8s4Oiy9nxSAwlnbs ;
to : gh_5013f37369ce ;
time : 1453790178 ;
type : event ;
event : VIEW ;
tousername : gh_5013f37369ce ;
fromusername : oqCObuNP1tRv8s4Oiy9nxSAwlnbs ;
createtime : 1453790178 ;
msgtype : event ;
eventkey : http://mp.weixin.qq.com/s?__biz=MzA5MzE5NzExNw==&mid=10001097&idx=1&sn=8338ffe385dcd8dd1f376fc1a2fd50ff&scene=18#rd ;
menuid : 208007648 ;

2016-01-26 14:36:18 params :
------------
Array:
rule : -2 ;
module :  ;
message : Array ;

2016-01-26 14:36:18 response :
------------

2016-01-26 14:36:26 trace :
------------
Array:
from : oqCObuNP1tRv8s4Oiy9nxSAwlnbs ;
to : gh_5013f37369ce ;
time : 1453790185 ;
type : event ;
event : VIEW ;
tousername : gh_5013f37369ce ;
fromusername : oqCObuNP1tRv8s4Oiy9nxSAwlnbs ;
createtime : 1453790185 ;
msgtype : event ;
eventkey : http://mp.weixin.qq.com/s?__biz=MzA5MzE5NzExNw==&mid=10001097&idx=1&sn=8338ffe385dcd8dd1f376fc1a2fd50ff&scene=18#rd ;
menuid : 208007648 ;

2016-01-26 14:36:26 params :
------------
Array:
rule : -2 ;
module :  ;
message : Array ;

2016-01-26 14:36:26 response :
------------

2016-01-26 14:41:25 trace :
------------
Array:
from : oqCObuDr5KyILhjCQA_x4TAfh4gs ;
to : gh_5013f37369ce ;
time : 1453790481 ;
type : event ;
event : subscribe ;
tousername : gh_5013f37369ce ;
fromusername : oqCObuDr5KyILhjCQA_x4TAfh4gs ;
createtime : 1453790481 ;
msgtype : event ;
eventkey :  ;

2016-01-26 14:41:25 params :
------------
Array:
rule : -2 ;
module :  ;
message : Array ;

2016-01-26 14:41:25 response :
------------

2016-01-26 14:41:49 trace :
------------
Array:
from : oqCObuDr5KyILhjCQA_x4TAfh4gs ;
to : gh_5013f37369ce ;
time : 1453790509 ;
type : event ;
event : VIEW ;
tousername : gh_5013f37369ce ;
fromusername : oqCObuDr5KyILhjCQA_x4TAfh4gs ;
createtime : 1453790509 ;
msgtype : event ;
eventkey : http://mp.weixin.qq.com/s?__biz=MzA5MzE5NzExNw==&mid=10001097&idx=1&sn=8338ffe385dcd8dd1f376fc1a2fd50ff&scene=18#rd ;
menuid : 208007648 ;

2016-01-26 14:41:49 params :
------------
Array:
rule : -2 ;
module :  ;
message : Array ;

2016-01-26 14:41:49 response :
------------

2016-01-26 14:42:14 trace :
------------
Array:
from : oqCObuH7gs-zfHgtzqOi5mWkXpak ;
to : gh_5013f37369ce ;
time : 1453790531 ;
type : event ;
event : VIEW ;
tousername : gh_5013f37369ce ;
fromusername : oqCObuH7gs-zfHgtzqOi5mWkXpak ;
createtime : 1453790531 ;
msgtype : event ;
eventkey : http://mp.weixin.qq.com/s?__biz=MzA5MzE5NzExNw==&mid=10001097&idx=1&sn=8338ffe385dcd8dd1f376fc1a2fd50ff&scene=18#rd ;
menuid : 208007648 ;

2016-01-26 14:42:14 params :
------------
Array:
rule : -2 ;
module :  ;
message : Array ;

2016-01-26 14:42:14 response :
------------

2016-01-26 14:42:17 trace :
------------
Array:
from : oqCObuH7gs-zfHgtzqOi5mWkXpak ;
to : gh_5013f37369ce ;
time : 1453790537 ;
type : event ;
event : VIEW ;
tousername : gh_5013f37369ce ;
fromusername : oqCObuH7gs-zfHgtzqOi5mWkXpak ;
createtime : 1453790537 ;
msgtype : event ;
eventkey : http://mp.weixin.qq.com/s?__biz=MzA5MzE5NzExNw==&mid=10001097&idx=1&sn=8338ffe385dcd8dd1f376fc1a2fd50ff&scene=18#rd ;
menuid : 208007648 ;

2016-01-26 14:42:17 params :
------------
Array:
rule : -2 ;
module :  ;
message : Array ;

2016-01-26 14:42:17 response :
------------

2016-01-26 14:42:23 trace :
------------
Array:
from : oqCObuH7gs-zfHgtzqOi5mWkXpak ;
to : gh_5013f37369ce ;
time : 1453790543 ;
type : event ;
event : VIEW ;
tousername : gh_5013f37369ce ;
fromusername : oqCObuH7gs-zfHgtzqOi5mWkXpak ;
createtime : 1453790543 ;
msgtype : event ;
eventkey : http://mp.weixin.qq.com/s?__biz=MzA5MzE5NzExNw==&mid=10001097&idx=1&sn=8338ffe385dcd8dd1f376fc1a2fd50ff&scene=18#rd ;
menuid : 208007648 ;

2016-01-26 14:42:23 params :
------------
Array:
rule : -2 ;
module :  ;
message : Array ;

2016-01-26 14:42:23 response :
------------

2016-01-26 14:42:28 trace :
------------
Array:
from : oqCObuH7gs-zfHgtzqOi5mWkXpak ;
to : gh_5013f37369ce ;
time : 1453790548 ;
type : event ;
event : VIEW ;
tousername : gh_5013f37369ce ;
fromusername : oqCObuH7gs-zfHgtzqOi5mWkXpak ;
createtime : 1453790548 ;
msgtype : event ;
eventkey : http://mp.weixin.qq.com/s?__biz=MzA5MzE5NzExNw==&mid=10001097&idx=1&sn=8338ffe385dcd8dd1f376fc1a2fd50ff&scene=18#rd ;
menuid : 208007648 ;

2016-01-26 14:42:28 params :
------------
Array:
rule : -2 ;
module :  ;
message : Array ;

2016-01-26 14:42:28 response :
------------

2016-01-26 14:42:39 trace :
------------
Array:
from : oqCObuH7gs-zfHgtzqOi5mWkXpak ;
to : gh_5013f37369ce ;
time : 1453790559 ;
type : event ;
event : VIEW ;
tousername : gh_5013f37369ce ;
fromusername : oqCObuH7gs-zfHgtzqOi5mWkXpak ;
createtime : 1453790559 ;
msgtype : event ;
eventkey : http://mp.weixin.qq.com/s?__biz=MzA5MzE5NzExNw==&mid=10001097&idx=1&sn=8338ffe385dcd8dd1f376fc1a2fd50ff&scene=18#rd ;
menuid : 208007648 ;

2016-01-26 14:42:39 params :
------------
Array:
rule : -2 ;
module :  ;
message : Array ;

2016-01-26 14:42:39 response :
------------

2016-01-26 14:42:42 trace :
------------
Array:
from : oqCObuH7gs-zfHgtzqOi5mWkXpak ;
to : gh_5013f37369ce ;
time : 1453790562 ;
type : event ;
event : VIEW ;
tousername : gh_5013f37369ce ;
fromusername : oqCObuH7gs-zfHgtzqOi5mWkXpak ;
createtime : 1453790562 ;
msgtype : event ;
eventkey : http://mp.weixin.qq.com/s?__biz=MzA5MzE5NzExNw==&mid=10001097&idx=1&sn=8338ffe385dcd8dd1f376fc1a2fd50ff&scene=18#rd ;
menuid : 208007648 ;

2016-01-26 14:42:42 params :
------------
Array:
rule : -2 ;
module :  ;
message : Array ;

2016-01-26 14:42:42 response :
------------

2016-01-26 14:42:48 trace :
------------
Array:
from : oqCObuH7gs-zfHgtzqOi5mWkXpak ;
to : gh_5013f37369ce ;
time : 1453790568 ;
type : event ;
event : VIEW ;
tousername : gh_5013f37369ce ;
fromusername : oqCObuH7gs-zfHgtzqOi5mWkXpak ;
createtime : 1453790568 ;
msgtype : event ;
eventkey : http://mp.weixin.qq.com/s?__biz=MzA5MzE5NzExNw==&mid=10001097&idx=1&sn=8338ffe385dcd8dd1f376fc1a2fd50ff&scene=18#rd ;
menuid : 208007648 ;

2016-01-26 14:42:48 params :
------------
Array:
rule : -2 ;
module :  ;
message : Array ;

2016-01-26 14:42:48 response :
------------

2016-01-26 14:43:06 trace :
------------
Array:
from : oqCObuH7gs-zfHgtzqOi5mWkXpak ;
to : gh_5013f37369ce ;
time : 1453790586 ;
type : event ;
event : VIEW ;
tousername : gh_5013f37369ce ;
fromusername : oqCObuH7gs-zfHgtzqOi5mWkXpak ;
createtime : 1453790586 ;
msgtype : event ;
eventkey : http://mp.weixin.qq.com/s?__biz=MzA5MzE5NzExNw==&mid=10001097&idx=1&sn=8338ffe385dcd8dd1f376fc1a2fd50ff&scene=18#rd ;
menuid : 208007648 ;

2016-01-26 14:43:06 params :
------------
Array:
rule : -2 ;
module :  ;
message : Array ;

2016-01-26 14:43:06 response :
------------

2016-01-26 14:44:03 trace :
------------
Array:
from : oqCObuH7gs-zfHgtzqOi5mWkXpak ;
to : gh_5013f37369ce ;
time : 1453790643 ;
type : event ;
event : VIEW ;
tousername : gh_5013f37369ce ;
fromusername : oqCObuH7gs-zfHgtzqOi5mWkXpak ;
createtime : 1453790643 ;
msgtype : event ;
eventkey : http://mp.weixin.qq.com/s?__biz=MzA5MzE5NzExNw==&mid=10001097&idx=1&sn=8338ffe385dcd8dd1f376fc1a2fd50ff&scene=18#rd ;
menuid : 208007648 ;

2016-01-26 14:44:03 params :
------------
Array:
rule : -2 ;
module :  ;
message : Array ;

2016-01-26 14:44:03 response :
------------

2016-01-26 14:46:06 trace :
------------
Array:
from : oqCObuH7gs-zfHgtzqOi5mWkXpak ;
to : gh_5013f37369ce ;
time : 1453790766 ;
type : event ;
event : VIEW ;
tousername : gh_5013f37369ce ;
fromusername : oqCObuH7gs-zfHgtzqOi5mWkXpak ;
createtime : 1453790766 ;
msgtype : event ;
eventkey : http://mp.weixin.qq.com/s?__biz=MzA5MzE5NzExNw==&mid=10001097&idx=1&sn=8338ffe385dcd8dd1f376fc1a2fd50ff&scene=18#rd ;
menuid : 208007648 ;

2016-01-26 14:46:06 params :
------------
Array:
rule : -2 ;
module :  ;
message : Array ;

2016-01-26 14:46:06 response :
------------

2016-01-26 14:46:10 trace :
------------
Array:
from : oqCObuH7gs-zfHgtzqOi5mWkXpak ;
to : gh_5013f37369ce ;
time : 1453790770 ;
type : event ;
event : VIEW ;
tousername : gh_5013f37369ce ;
fromusername : oqCObuH7gs-zfHgtzqOi5mWkXpak ;
createtime : 1453790770 ;
msgtype : event ;
eventkey : http://mp.weixin.qq.com/s?__biz=MzA5MzE5NzExNw==&mid=10001097&idx=1&sn=8338ffe385dcd8dd1f376fc1a2fd50ff&scene=18#rd ;
menuid : 208007648 ;

2016-01-26 14:46:10 params :
------------
Array:
rule : -2 ;
module :  ;
message : Array ;

2016-01-26 14:46:10 response :
------------

2016-01-26 14:46:16 trace :
------------
Array:
from : oqCObuH7gs-zfHgtzqOi5mWkXpak ;
to : gh_5013f37369ce ;
time : 1453790776 ;
type : event ;
event : VIEW ;
tousername : gh_5013f37369ce ;
fromusername : oqCObuH7gs-zfHgtzqOi5mWkXpak ;
createtime : 1453790776 ;
msgtype : event ;
eventkey : http://mp.weixin.qq.com/s?__biz=MzA5MzE5NzExNw==&mid=10001097&idx=1&sn=8338ffe385dcd8dd1f376fc1a2fd50ff&scene=18#rd ;
menuid : 208007648 ;

2016-01-26 14:46:16 params :
------------
Array:
rule : -2 ;
module :  ;
message : Array ;

2016-01-26 14:46:16 response :
------------

2016-01-26 15:07:49 trace :
------------
Array:
from : oqCObuHWFiWProVVa1AC30UzOwn8 ;
to : gh_5013f37369ce ;
time : 1453792069 ;
type : event ;
event : subscribe ;
tousername : gh_5013f37369ce ;
fromusername : oqCObuHWFiWProVVa1AC30UzOwn8 ;
createtime : 1453792069 ;
msgtype : event ;
eventkey :  ;

2016-01-26 15:07:49 params :
------------
Array:
rule : -2 ;
module :  ;
message : Array ;

2016-01-26 15:07:49 response :
------------

2016-01-26 15:07:58 trace :
------------
Array:
from : oqCObuHWFiWProVVa1AC30UzOwn8 ;
to : gh_5013f37369ce ;
time : 1453792078 ;
type : event ;
event : VIEW ;
tousername : gh_5013f37369ce ;
fromusername : oqCObuHWFiWProVVa1AC30UzOwn8 ;
createtime : 1453792078 ;
msgtype : event ;
eventkey : http://mp.weixin.qq.com/s?__biz=MzA5MzE5NzExNw==&mid=10001097&idx=1&sn=8338ffe385dcd8dd1f376fc1a2fd50ff&scene=18#rd ;
menuid : 208007648 ;

2016-01-26 15:07:58 params :
------------
Array:
rule : -2 ;
module :  ;
message : Array ;

2016-01-26 15:07:58 response :
------------

2016-01-26 15:08:02 trace :
------------
Array:
from : oqCObuHWFiWProVVa1AC30UzOwn8 ;
to : gh_5013f37369ce ;
time : 1453792082 ;
type : event ;
event : VIEW ;
tousername : gh_5013f37369ce ;
fromusername : oqCObuHWFiWProVVa1AC30UzOwn8 ;
createtime : 1453792082 ;
msgtype : event ;
eventkey : http://mp.weixin.qq.com/s?__biz=MzA5MzE5NzExNw==&mid=10001097&idx=1&sn=8338ffe385dcd8dd1f376fc1a2fd50ff&scene=18#rd ;
menuid : 208007648 ;

2016-01-26 15:08:02 params :
------------
Array:
rule : -2 ;
module :  ;
message : Array ;

2016-01-26 15:08:02 response :
------------

2016-01-26 15:45:16 trace :
------------
Array:
from : oqCObuMzI6thRh6jxPlvzCiItpAk ;
to : gh_5013f37369ce ;
time : 1453794316 ;
type : event ;
event : subscribe ;
tousername : gh_5013f37369ce ;
fromusername : oqCObuMzI6thRh6jxPlvzCiItpAk ;
createtime : 1453794316 ;
msgtype : event ;
eventkey :  ;

2016-01-26 15:45:16 params :
------------
Array:
rule : -2 ;
module :  ;
message : Array ;

2016-01-26 15:45:16 response :
------------

2016-01-26 15:45:20 trace :
------------
Array:
from : oqCObuMzI6thRh6jxPlvzCiItpAk ;
to : gh_5013f37369ce ;
time : 1453794320 ;
type : event ;
event : VIEW ;
tousername : gh_5013f37369ce ;
fromusername : oqCObuMzI6thRh6jxPlvzCiItpAk ;
createtime : 1453794320 ;
msgtype : event ;
eventkey : http://mp.weixin.qq.com/s?__biz=MzA5MzE5NzExNw==&mid=10001097&idx=1&sn=8338ffe385dcd8dd1f376fc1a2fd50ff&scene=18#rd ;
menuid : 208007648 ;

2016-01-26 15:45:20 params :
------------
Array:
rule : -2 ;
module :  ;
message : Array ;

2016-01-26 15:45:20 response :
------------

2016-01-26 15:56:52 trace :
------------
Array:
from : oqCObuPeeaEz5DALf2BkNYRUNbL8 ;
to : gh_5013f37369ce ;
time : 1453795012 ;
type : event ;
event : subscribe ;
tousername : gh_5013f37369ce ;
fromusername : oqCObuPeeaEz5DALf2BkNYRUNbL8 ;
createtime : 1453795012 ;
msgtype : event ;
eventkey :  ;

2016-01-26 15:56:52 params :
------------
Array:
rule : -2 ;
module :  ;
message : Array ;

2016-01-26 15:56:52 response :
------------

2016-01-26 16:25:16 trace :
------------
Array:
from : oqCObuIfVT1r28IBLbLDR1S70zZI ;
to : gh_5013f37369ce ;
time : 1453796716 ;
type : event ;
event : subscribe ;
tousername : gh_5013f37369ce ;
fromusername : oqCObuIfVT1r28IBLbLDR1S70zZI ;
createtime : 1453796716 ;
msgtype : event ;
eventkey :  ;

2016-01-26 16:25:16 params :
------------
Array:
rule : -2 ;
module :  ;
message : Array ;

2016-01-26 16:25:16 response :
------------

2016-01-26 16:25:30 trace :
------------
Array:
from : oqCObuIfVT1r28IBLbLDR1S70zZI ;
to : gh_5013f37369ce ;
time : 1453796730 ;
type : event ;
event : VIEW ;
tousername : gh_5013f37369ce ;
fromusername : oqCObuIfVT1r28IBLbLDR1S70zZI ;
createtime : 1453796730 ;
msgtype : event ;
eventkey : http://mp.weixin.qq.com/s?__biz=MzA5MzE5NzExNw==&mid=10001097&idx=1&sn=8338ffe385dcd8dd1f376fc1a2fd50ff&scene=18#rd ;
menuid : 208007648 ;

2016-01-26 16:25:30 params :
------------
Array:
rule : -2 ;
module :  ;
message : Array ;

2016-01-26 16:25:30 response :
------------

2016-01-26 16:51:22 trace :
------------
Array:
from : oqCObuIfVT1r28IBLbLDR1S70zZI ;
to : gh_5013f37369ce ;
time : 1453798282 ;
type : event ;
event : VIEW ;
tousername : gh_5013f37369ce ;
fromusername : oqCObuIfVT1r28IBLbLDR1S70zZI ;
createtime : 1453798282 ;
msgtype : event ;
eventkey : http://mp.weixin.qq.com/s?__biz=MzA5MzE5NzExNw==&mid=10001097&idx=1&sn=8338ffe385dcd8dd1f376fc1a2fd50ff&scene=18#rd ;
menuid : 208007648 ;

2016-01-26 16:51:22 params :
------------
Array:
rule : -2 ;
module :  ;
message : Array ;

2016-01-26 16:51:22 response :
------------

2016-01-26 16:51:43 trace :
------------
Array:
from : oqCObuIfVT1r28IBLbLDR1S70zZI ;
to : gh_5013f37369ce ;
time : 1453798303 ;
type : event ;
event : VIEW ;
tousername : gh_5013f37369ce ;
fromusername : oqCObuIfVT1r28IBLbLDR1S70zZI ;
createtime : 1453798303 ;
msgtype : event ;
eventkey : http://mp.weixin.qq.com/s?__biz=MzA5MzE5NzExNw==&mid=10001097&idx=1&sn=8338ffe385dcd8dd1f376fc1a2fd50ff&scene=18#rd ;
menuid : 208007648 ;

2016-01-26 16:51:43 params :
------------
Array:
rule : -2 ;
module :  ;
message : Array ;

2016-01-26 16:51:43 response :
------------

2016-01-26 18:47:13 trace :
------------
Array:
from : oqCObuGFHZ96xzESywQwYrYHrF4U ;
to : gh_5013f37369ce ;
time : 1453805233 ;
type : event ;
event : subscribe ;
tousername : gh_5013f37369ce ;
fromusername : oqCObuGFHZ96xzESywQwYrYHrF4U ;
createtime : 1453805233 ;
msgtype : event ;
eventkey :  ;

2016-01-26 18:47:13 params :
------------
Array:
rule : -2 ;
module :  ;
message : Array ;

2016-01-26 18:47:13 response :
------------

2016-01-26 18:47:28 trace :
------------
Array:
from : oqCObuGFHZ96xzESywQwYrYHrF4U ;
to : gh_5013f37369ce ;
time : 1453805247 ;
type : event ;
event : VIEW ;
tousername : gh_5013f37369ce ;
fromusername : oqCObuGFHZ96xzESywQwYrYHrF4U ;
createtime : 1453805247 ;
msgtype : event ;
eventkey : http://mp.weixin.qq.com/s?__biz=MzA5MzE5NzExNw==&mid=10001097&idx=1&sn=8338ffe385dcd8dd1f376fc1a2fd50ff&scene=18#rd ;
menuid : 208007648 ;

2016-01-26 18:47:28 params :
------------
Array:
rule : -2 ;
module :  ;
message : Array ;

2016-01-26 18:47:28 response :
------------

2016-01-26 19:05:25 trace :
------------
Array:
from : oqCObuB1XgvkUl_IjGm1Gw9l4oXs ;
to : gh_5013f37369ce ;
time : 1453806324 ;
type : event ;
event : VIEW ;
tousername : gh_5013f37369ce ;
fromusername : oqCObuB1XgvkUl_IjGm1Gw9l4oXs ;
createtime : 1453806324 ;
msgtype : event ;
eventkey : http://mp.weixin.qq.com/s?__biz=MzA5MzE5NzExNw==&mid=10001097&idx=1&sn=8338ffe385dcd8dd1f376fc1a2fd50ff&scene=18#rd ;
menuid : 208007648 ;

2016-01-26 19:05:25 params :
------------
Array:
rule : -2 ;
module :  ;
message : Array ;

2016-01-26 19:05:25 response :
------------

2016-01-26 20:20:07 trace :
------------
Array:
from : oqCObuCoUbyLIx1uxTaRxzp7w3yQ ;
to : gh_5013f37369ce ;
time : 1453810807 ;
type : event ;
event : subscribe ;
tousername : gh_5013f37369ce ;
fromusername : oqCObuCoUbyLIx1uxTaRxzp7w3yQ ;
createtime : 1453810807 ;
msgtype : event ;
eventkey :  ;

2016-01-26 20:20:07 params :
------------
Array:
rule : -2 ;
module :  ;
message : Array ;

2016-01-26 20:20:07 response :
------------

2016-01-26 20:20:25 trace :
------------
Array:
from : oqCObuCoUbyLIx1uxTaRxzp7w3yQ ;
to : gh_5013f37369ce ;
time : 1453810825 ;
type : event ;
event : VIEW ;
tousername : gh_5013f37369ce ;
fromusername : oqCObuCoUbyLIx1uxTaRxzp7w3yQ ;
createtime : 1453810825 ;
msgtype : event ;
eventkey : http://mp.weixin.qq.com/s?__biz=MzA5MzE5NzExNw==&mid=10001097&idx=1&sn=8338ffe385dcd8dd1f376fc1a2fd50ff&scene=18#rd ;
menuid : 208007648 ;

2016-01-26 20:20:25 params :
------------
Array:
rule : -2 ;
module :  ;
message : Array ;

2016-01-26 20:20:25 response :
------------

2016-01-26 20:21:20 trace :
------------
Array:
from : oqCObuCoUbyLIx1uxTaRxzp7w3yQ ;
to : gh_5013f37369ce ;
time : 1453810880 ;
type : event ;
event : VIEW ;
tousername : gh_5013f37369ce ;
fromusername : oqCObuCoUbyLIx1uxTaRxzp7w3yQ ;
createtime : 1453810880 ;
msgtype : event ;
eventkey : http://mp.weixin.qq.com/s?__biz=MzA5MzE5NzExNw==&mid=10001097&idx=1&sn=8338ffe385dcd8dd1f376fc1a2fd50ff&scene=18#rd ;
menuid : 208007648 ;

2016-01-26 20:21:20 params :
------------
Array:
rule : -2 ;
module :  ;
message : Array ;

2016-01-26 20:21:20 response :
------------

2016-01-26 20:22:41 trace :
------------
Array:
from : oqCObuCoUbyLIx1uxTaRxzp7w3yQ ;
to : gh_5013f37369ce ;
time : 1453810961 ;
type : event ;
event : VIEW ;
tousername : gh_5013f37369ce ;
fromusername : oqCObuCoUbyLIx1uxTaRxzp7w3yQ ;
createtime : 1453810961 ;
msgtype : event ;
eventkey : http://mp.weixin.qq.com/s?__biz=MzA5MzE5NzExNw==&mid=10001097&idx=1&sn=8338ffe385dcd8dd1f376fc1a2fd50ff&scene=18#rd ;
menuid : 208007648 ;

2016-01-26 20:22:41 params :
------------
Array:
rule : -2 ;
module :  ;
message : Array ;

2016-01-26 20:22:41 response :
------------

2016-01-26 20:27:54 trace :
------------
Array:
from : oqCObuC4L9dQdwSMHLbYcOxoqg6k ;
to : gh_5013f37369ce ;
time : 1453811273 ;
type : event ;
event : subscribe ;
tousername : gh_5013f37369ce ;
fromusername : oqCObuC4L9dQdwSMHLbYcOxoqg6k ;
createtime : 1453811273 ;
msgtype : event ;
eventkey :  ;

2016-01-26 20:27:54 params :
------------
Array:
rule : -2 ;
module :  ;
message : Array ;

2016-01-26 20:27:54 response :
------------

2016-01-26 20:29:03 trace :
------------
Array:
from : oqCObuC4L9dQdwSMHLbYcOxoqg6k ;
to : gh_5013f37369ce ;
time : 1453811343 ;
type : event ;
event : VIEW ;
tousername : gh_5013f37369ce ;
fromusername : oqCObuC4L9dQdwSMHLbYcOxoqg6k ;
createtime : 1453811343 ;
msgtype : event ;
eventkey : http://mp.weixin.qq.com/s?__biz=MzA5MzE5NzExNw==&mid=10001097&idx=1&sn=8338ffe385dcd8dd1f376fc1a2fd50ff&scene=18#rd ;
menuid : 208007648 ;

2016-01-26 20:29:03 params :
------------
Array:
rule : -2 ;
module :  ;
message : Array ;

2016-01-26 20:29:03 response :
------------

2016-01-26 20:29:36 trace :
------------
Array:
from : oqCObuICTp74rVznxhSNlyyVOyOs ;
to : gh_5013f37369ce ;
time : 1453811373 ;
type : event ;
event : subscribe ;
tousername : gh_5013f37369ce ;
fromusername : oqCObuICTp74rVznxhSNlyyVOyOs ;
createtime : 1453811373 ;
msgtype : event ;
eventkey :  ;

2016-01-26 20:29:36 params :
------------
Array:
rule : -2 ;
module :  ;
message : Array ;

2016-01-26 20:29:36 response :
------------

2016-01-26 20:29:38 trace :
------------
Array:
from : oqCObuICTp74rVznxhSNlyyVOyOs ;
to : gh_5013f37369ce ;
time : 1453811379 ;
type : event ;
event : VIEW ;
tousername : gh_5013f37369ce ;
fromusername : oqCObuICTp74rVznxhSNlyyVOyOs ;
createtime : 1453811379 ;
msgtype : event ;
eventkey : http://mp.weixin.qq.com/s?__biz=MzA5MzE5NzExNw==&mid=10001097&idx=1&sn=8338ffe385dcd8dd1f376fc1a2fd50ff&scene=18#rd ;
menuid : 208007648 ;

2016-01-26 20:29:38 params :
------------
Array:
rule : -2 ;
module :  ;
message : Array ;

2016-01-26 20:29:38 response :
------------

2016-01-26 20:29:51 trace :
------------
Array:
from : oqCObuICTp74rVznxhSNlyyVOyOs ;
to : gh_5013f37369ce ;
time : 1453811391 ;
type : event ;
event : VIEW ;
tousername : gh_5013f37369ce ;
fromusername : oqCObuICTp74rVznxhSNlyyVOyOs ;
createtime : 1453811391 ;
msgtype : event ;
eventkey : http://mp.weixin.qq.com/s?__biz=MzA5MzE5NzExNw==&mid=10001097&idx=1&sn=8338ffe385dcd8dd1f376fc1a2fd50ff&scene=18#rd ;
menuid : 208007648 ;

2016-01-26 20:29:51 params :
------------
Array:
rule : -2 ;
module :  ;
message : Array ;

2016-01-26 20:29:51 response :
------------

2016-01-26 20:30:49 trace :
------------
Array:
from : oqCObuCoUbyLIx1uxTaRxzp7w3yQ ;
to : gh_5013f37369ce ;
time : 1453811449 ;
type : event ;
event : VIEW ;
tousername : gh_5013f37369ce ;
fromusername : oqCObuCoUbyLIx1uxTaRxzp7w3yQ ;
createtime : 1453811449 ;
msgtype : event ;
eventkey : http://mp.weixin.qq.com/s?__biz=MzA5MzE5NzExNw==&mid=10001097&idx=1&sn=8338ffe385dcd8dd1f376fc1a2fd50ff&scene=18#rd ;
menuid : 208007648 ;

2016-01-26 20:30:49 params :
------------
Array:
rule : -2 ;
module :  ;
message : Array ;

2016-01-26 20:30:49 response :
------------

2016-01-26 20:31:48 trace :
------------
Array:
from : oqCObuICTp74rVznxhSNlyyVOyOs ;
to : gh_5013f37369ce ;
time : 1453811508 ;
type : event ;
event : VIEW ;
tousername : gh_5013f37369ce ;
fromusername : oqCObuICTp74rVznxhSNlyyVOyOs ;
createtime : 1453811508 ;
msgtype : event ;
eventkey : http://mp.weixin.qq.com/s?__biz=MzA5MzE5NzExNw==&mid=10001097&idx=1&sn=8338ffe385dcd8dd1f376fc1a2fd50ff&scene=18#rd ;
menuid : 208007648 ;

2016-01-26 20:31:48 params :
------------
Array:
rule : -2 ;
module :  ;
message : Array ;

2016-01-26 20:31:48 response :
------------

2016-01-26 23:58:50 trace :
------------
Array:
from : oqCObuICTp74rVznxhSNlyyVOyOs ;
to : gh_5013f37369ce ;
time : 1453823927 ;
type : event ;
event : VIEW ;
tousername : gh_5013f37369ce ;
fromusername : oqCObuICTp74rVznxhSNlyyVOyOs ;
createtime : 1453823927 ;
msgtype : event ;
eventkey : http://mp.weixin.qq.com/s?__biz=MzA5MzE5NzExNw==&mid=10001097&idx=1&sn=8338ffe385dcd8dd1f376fc1a2fd50ff&scene=18#rd ;
menuid : 208007648 ;

2016-01-26 23:58:50 params :
------------
Array:
rule : -2 ;
module :  ;
message : Array ;

2016-01-26 23:58:50 response :
------------

