2016-10-30 06:08:28 trace :
------------
String:
<xml><ToUserName><![CDATA[gh_fbee6dda34f1]]></ToUserName>
<FromUserName><![CDATA[o1Sf9wjk9pmB6I5KimkPo8Qd7kCA]]></FromUserName>
<CreateTime>1477779123</CreateTime>
<MsgType><![CDATA[event]]></MsgType>
<Event><![CDATA[VIEW]]></Event>
<EventKey><![CDATA[http://mp.angelbeautyinc.com/app/aboutus.html#brand]]></EventKey>
<MenuId>526154222</MenuId>
</xml>

2016-10-30 06:08:28 params :
------------
Array:
rule : -2 ;
module :  ;
message : Array ;

2016-10-30 06:08:28 response :
------------

2016-10-30 06:08:51 trace :
------------
String:
<xml><ToUserName><![CDATA[gh_fbee6dda34f1]]></ToUserName>
<FromUserName><![CDATA[o1Sf9wjk9pmB6I5KimkPo8Qd7kCA]]></FromUserName>
<CreateTime>1477779147</CreateTime>
<MsgType><![CDATA[event]]></MsgType>
<Event><![CDATA[VIEW]]></Event>
<EventKey><![CDATA[http://mp.angelbeautyinc.com/app/index.php?i=8&c=entry&do=shop&m=ewei_shop]]></EventKey>
<MenuId>526154222</MenuId>
</xml>

2016-10-30 06:08:51 params :
------------
Array:
rule : -2 ;
module :  ;
message : Array ;

2016-10-30 06:08:51 response :
------------

2016-10-30 11:19:51 trace :
------------
String:
<xml><ToUserName><![CDATA[gh_fbee6dda34f1]]></ToUserName>
<FromUserName><![CDATA[o1Sf9wrOHN__g-oSI2UOJWJYgvSc]]></FromUserName>
<CreateTime>1477797803</CreateTime>
<MsgType><![CDATA[event]]></MsgType>
<Event><![CDATA[subscribe]]></Event>
<EventKey><![CDATA[]]></EventKey>
</xml>

2016-10-30 11:19:51 params :
------------
Array:
message : Array ;
module : news ;
rule : 26 ;
priority : 0 ;
keyword : Array ;

2016-10-30 11:19:51 response :
------------
Array:
FromUserName : gh_fbee6dda34f1 ;
ToUserName : o1Sf9wrOHN__g-oSI2UOJWJYgvSc ;
MsgType : news ;
ArticleCount : 1 ;
Articles : Array ;

2016-10-30 11:20:04 trace :
------------
String:
<xml><ToUserName><![CDATA[gh_fbee6dda34f1]]></ToUserName>
<FromUserName><![CDATA[o1Sf9wrOHN__g-oSI2UOJWJYgvSc]]></FromUserName>
<CreateTime>1477797820</CreateTime>
<MsgType><![CDATA[event]]></MsgType>
<Event><![CDATA[VIEW]]></Event>
<EventKey><![CDATA[http://mp.angelbeautyinc.com/app/index.php?i=8&c=entry&do=shop&m=ewei_shop]]></EventKey>
<MenuId>526154222</MenuId>
</xml>

2016-10-30 11:20:04 params :
------------
Array:
rule : -2 ;
module :  ;
message : Array ;

2016-10-30 11:20:04 response :
------------

2016-10-30 11:26:22 trace :
------------
String:
<xml><ToUserName><![CDATA[gh_fbee6dda34f1]]></ToUserName>
<FromUserName><![CDATA[o1Sf9wjC-twoS90r1DMPtI1rXjAc]]></FromUserName>
<CreateTime>1477798198</CreateTime>
<MsgType><![CDATA[event]]></MsgType>
<Event><![CDATA[subscribe]]></Event>
<EventKey><![CDATA[]]></EventKey>
</xml>

2016-10-30 11:26:22 params :
------------
Array:
message : Array ;
module : news ;
rule : 26 ;
priority : 0 ;
keyword : Array ;

2016-10-30 11:26:22 response :
------------
Array:
FromUserName : gh_fbee6dda34f1 ;
ToUserName : o1Sf9wjC-twoS90r1DMPtI1rXjAc ;
MsgType : news ;
ArticleCount : 1 ;
Articles : Array ;

2016-10-30 11:27:38 trace :
------------
String:
<xml><ToUserName><![CDATA[gh_fbee6dda34f1]]></ToUserName>
<FromUserName><![CDATA[o1Sf9wrOHN__g-oSI2UOJWJYgvSc]]></FromUserName>
<CreateTime>1477798274</CreateTime>
<MsgType><![CDATA[event]]></MsgType>
<Event><![CDATA[VIEW]]></Event>
<EventKey><![CDATA[http://mp.angelbeautyinc.com/app/aboutus.html#enterprise]]></EventKey>
<MenuId>526154222</MenuId>
</xml>

2016-10-30 11:27:38 params :
------------
Array:
rule : -2 ;
module :  ;
message : Array ;

2016-10-30 11:27:38 response :
------------

2016-10-30 11:28:15 trace :
------------
String:
<xml><ToUserName><![CDATA[gh_fbee6dda34f1]]></ToUserName>
<FromUserName><![CDATA[o1Sf9wrOHN__g-oSI2UOJWJYgvSc]]></FromUserName>
<CreateTime>1477798310</CreateTime>
<MsgType><![CDATA[event]]></MsgType>
<Event><![CDATA[VIEW]]></Event>
<EventKey><![CDATA[http://mp.angelbeautyinc.com/app/index.php?i=8&c=entry&do=shop&m=ewei_shop]]></EventKey>
<MenuId>526154222</MenuId>
</xml>

2016-10-30 11:28:15 params :
------------
Array:
rule : -2 ;
module :  ;
message : Array ;

2016-10-30 11:28:15 response :
------------

2016-10-30 11:29:10 trace :
------------
String:
<xml><ToUserName><![CDATA[gh_fbee6dda34f1]]></ToUserName>
<FromUserName><![CDATA[o1Sf9wiVbAE8eTBHl_teVBY0UTOU]]></FromUserName>
<CreateTime>1477798366</CreateTime>
<MsgType><![CDATA[event]]></MsgType>
<Event><![CDATA[VIEW]]></Event>
<EventKey><![CDATA[http://mp.angelbeautyinc.com/app/index.php?i=8&c=entry&do=member&m=ewei_shop]]></EventKey>
<MenuId>526154222</MenuId>
</xml>

2016-10-30 11:29:10 params :
------------
Array:
rule : -2 ;
module :  ;
message : Array ;

2016-10-30 11:29:10 response :
------------

2016-10-30 11:30:19 trace :
------------
String:
<xml><ToUserName><![CDATA[gh_fbee6dda34f1]]></ToUserName>
<FromUserName><![CDATA[o1Sf9wiVbAE8eTBHl_teVBY0UTOU]]></FromUserName>
<CreateTime>1477798434</CreateTime>
<MsgType><![CDATA[event]]></MsgType>
<Event><![CDATA[VIEW]]></Event>
<EventKey><![CDATA[http://mp.angelbeautyinc.com/app/index.php?i=8&c=entry&do=shop&m=ewei_shop]]></EventKey>
<MenuId>526154222</MenuId>
</xml>

2016-10-30 11:30:19 params :
------------
Array:
rule : -2 ;
module :  ;
message : Array ;

2016-10-30 11:30:19 response :
------------

2016-10-30 11:33:51 trace :
------------
String:
<xml><ToUserName><![CDATA[gh_fbee6dda34f1]]></ToUserName>
<FromUserName><![CDATA[o1Sf9wrOHN__g-oSI2UOJWJYgvSc]]></FromUserName>
<CreateTime>1477798647</CreateTime>
<MsgType><![CDATA[event]]></MsgType>
<Event><![CDATA[VIEW]]></Event>
<EventKey><![CDATA[http://mp.angelbeautyinc.com/app/index.php?i=8&c=entry&do=selfinspection&m=lrj_guide]]></EventKey>
<MenuId>526154222</MenuId>
</xml>

2016-10-30 11:33:51 params :
------------
Array:
rule : -2 ;
module :  ;
message : Array ;

2016-10-30 11:33:51 response :
------------

2016-10-30 11:42:43 trace :
------------
String:
<xml><ToUserName><![CDATA[gh_fbee6dda34f1]]></ToUserName>
<FromUserName><![CDATA[o1Sf9wh0rsdlZoLEjwgKqDlWV5A4]]></FromUserName>
<CreateTime>1477799178</CreateTime>
<MsgType><![CDATA[event]]></MsgType>
<Event><![CDATA[subscribe]]></Event>
<EventKey><![CDATA[]]></EventKey>
</xml>

2016-10-30 11:42:43 params :
------------
Array:
message : Array ;
module : news ;
rule : 26 ;
priority : 0 ;
keyword : Array ;

2016-10-30 11:42:43 response :
------------
Array:
FromUserName : gh_fbee6dda34f1 ;
ToUserName : o1Sf9wh0rsdlZoLEjwgKqDlWV5A4 ;
MsgType : news ;
ArticleCount : 1 ;
Articles : Array ;

2016-10-30 11:43:21 trace :
------------
String:
<xml><ToUserName><![CDATA[gh_fbee6dda34f1]]></ToUserName>
<FromUserName><![CDATA[o1Sf9wh0rsdlZoLEjwgKqDlWV5A4]]></FromUserName>
<CreateTime>1477799217</CreateTime>
<MsgType><![CDATA[event]]></MsgType>
<Event><![CDATA[VIEW]]></Event>
<EventKey><![CDATA[http://mp.angelbeautyinc.com/app/aboutus.html#enterprise]]></EventKey>
<MenuId>526154222</MenuId>
</xml>

2016-10-30 11:43:21 params :
------------
Array:
rule : -2 ;
module :  ;
message : Array ;

2016-10-30 11:43:21 response :
------------

2016-10-30 11:44:15 trace :
------------
String:
<xml><ToUserName><![CDATA[gh_fbee6dda34f1]]></ToUserName>
<FromUserName><![CDATA[o1Sf9wh0rsdlZoLEjwgKqDlWV5A4]]></FromUserName>
<CreateTime>1477799271</CreateTime>
<MsgType><![CDATA[event]]></MsgType>
<Event><![CDATA[VIEW]]></Event>
<EventKey><![CDATA[http://mp.angelbeautyinc.com/app/aboutus.html#culture]]></EventKey>
<MenuId>526154222</MenuId>
</xml>

2016-10-30 11:44:15 params :
------------
Array:
rule : -2 ;
module :  ;
message : Array ;

2016-10-30 11:44:15 response :
------------

2016-10-30 11:44:33 trace :
------------
String:
<xml><ToUserName><![CDATA[gh_fbee6dda34f1]]></ToUserName>
<FromUserName><![CDATA[o1Sf9wh0rsdlZoLEjwgKqDlWV5A4]]></FromUserName>
<CreateTime>1477799288</CreateTime>
<MsgType><![CDATA[event]]></MsgType>
<Event><![CDATA[VIEW]]></Event>
<EventKey><![CDATA[http://mp.angelbeautyinc.com/app/aboutus.html#brand]]></EventKey>
<MenuId>526154222</MenuId>
</xml>

2016-10-30 11:44:33 params :
------------
Array:
rule : -2 ;
module :  ;
message : Array ;

2016-10-30 11:44:33 response :
------------

2016-10-30 11:44:58 trace :
------------
String:
<xml><ToUserName><![CDATA[gh_fbee6dda34f1]]></ToUserName>
<FromUserName><![CDATA[o1Sf9wh0rsdlZoLEjwgKqDlWV5A4]]></FromUserName>
<CreateTime>1477799314</CreateTime>
<MsgType><![CDATA[event]]></MsgType>
<Event><![CDATA[VIEW]]></Event>
<EventKey><![CDATA[http://mp.angelbeautyinc.com/app/index.php?i=8&c=entry&do=shop&m=ewei_shop]]></EventKey>
<MenuId>526154222</MenuId>
</xml>

2016-10-30 11:44:58 params :
------------
Array:
rule : -2 ;
module :  ;
message : Array ;

2016-10-30 11:44:58 response :
------------

2016-10-30 11:45:19 trace :
------------
String:
<xml><ToUserName><![CDATA[gh_fbee6dda34f1]]></ToUserName>
<FromUserName><![CDATA[o1Sf9wh0rsdlZoLEjwgKqDlWV5A4]]></FromUserName>
<CreateTime>1477799335</CreateTime>
<MsgType><![CDATA[event]]></MsgType>
<Event><![CDATA[VIEW]]></Event>
<EventKey><![CDATA[http://mp.angelbeautyinc.com/app/index.php?i=8&c=entry&do=member&m=ewei_shop]]></EventKey>
<MenuId>526154222</MenuId>
</xml>

2016-10-30 11:45:19 params :
------------
Array:
rule : -2 ;
module :  ;
message : Array ;

2016-10-30 11:45:19 response :
------------

2016-10-30 11:46:35 trace :
------------
String:
<xml><ToUserName><![CDATA[gh_fbee6dda34f1]]></ToUserName>
<FromUserName><![CDATA[o1Sf9wh0rsdlZoLEjwgKqDlWV5A4]]></FromUserName>
<CreateTime>1477799411</CreateTime>
<MsgType><![CDATA[event]]></MsgType>
<Event><![CDATA[VIEW]]></Event>
<EventKey><![CDATA[http://mp.angelbeautyinc.com/app/index.php?i=8&c=entry&do=associate&m=lrj_guide]]></EventKey>
<MenuId>526154222</MenuId>
</xml>

2016-10-30 11:46:35 params :
------------
Array:
rule : -2 ;
module :  ;
message : Array ;

2016-10-30 11:46:35 response :
------------

2016-10-30 11:48:37 trace :
------------
String:
<xml><ToUserName><![CDATA[gh_fbee6dda34f1]]></ToUserName>
<FromUserName><![CDATA[o1Sf9wh0rsdlZoLEjwgKqDlWV5A4]]></FromUserName>
<CreateTime>1477799532</CreateTime>
<MsgType><![CDATA[event]]></MsgType>
<Event><![CDATA[VIEW]]></Event>
<EventKey><![CDATA[http://mp.angelbeautyinc.com/app/index.php?i=8&c=entry&do=selfinspection&m=lrj_guide]]></EventKey>
<MenuId>526154222</MenuId>
</xml>

2016-10-30 11:48:37 params :
------------
Array:
rule : -2 ;
module :  ;
message : Array ;

2016-10-30 11:48:37 response :
------------

2016-10-30 11:53:05 trace :
------------
String:
<xml><ToUserName><![CDATA[gh_fbee6dda34f1]]></ToUserName>
<FromUserName><![CDATA[o1Sf9wh0rsdlZoLEjwgKqDlWV5A4]]></FromUserName>
<CreateTime>1477799801</CreateTime>
<MsgType><![CDATA[event]]></MsgType>
<Event><![CDATA[VIEW]]></Event>
<EventKey><![CDATA[http://mp.angelbeautyinc.com/question/]]></EventKey>
<MenuId>526154222</MenuId>
</xml>

2016-10-30 11:53:05 params :
------------
Array:
rule : -2 ;
module :  ;
message : Array ;

2016-10-30 11:53:05 response :
------------

2016-10-30 11:57:51 trace :
------------
String:
<xml><ToUserName><![CDATA[gh_fbee6dda34f1]]></ToUserName>
<FromUserName><![CDATA[o1Sf9wgnzKjdP5wViHq8Fp7WHeYQ]]></FromUserName>
<CreateTime>1477800086</CreateTime>
<MsgType><![CDATA[event]]></MsgType>
<Event><![CDATA[subscribe]]></Event>
<EventKey><![CDATA[]]></EventKey>
</xml>

2016-10-30 11:57:51 params :
------------
Array:
message : Array ;
module : news ;
rule : 26 ;
priority : 0 ;
keyword : Array ;

2016-10-30 11:57:51 response :
------------
Array:
FromUserName : gh_fbee6dda34f1 ;
ToUserName : o1Sf9wgnzKjdP5wViHq8Fp7WHeYQ ;
MsgType : news ;
ArticleCount : 1 ;
Articles : Array ;

2016-10-30 11:59:36 trace :
------------
String:
<xml><ToUserName><![CDATA[gh_fbee6dda34f1]]></ToUserName>
<FromUserName><![CDATA[o1Sf9wgnzKjdP5wViHq8Fp7WHeYQ]]></FromUserName>
<CreateTime>1477800191</CreateTime>
<MsgType><![CDATA[event]]></MsgType>
<Event><![CDATA[VIEW]]></Event>
<EventKey><![CDATA[http://mp.angelbeautyinc.com/app/index.php?i=8&c=entry&do=associate&m=lrj_guide]]></EventKey>
<MenuId>526154222</MenuId>
</xml>

2016-10-30 11:59:36 params :
------------
Array:
rule : -2 ;
module :  ;
message : Array ;

2016-10-30 11:59:36 response :
------------

2016-10-30 11:59:46 trace :
------------
String:
<xml><ToUserName><![CDATA[gh_fbee6dda34f1]]></ToUserName>
<FromUserName><![CDATA[o1Sf9wgnzKjdP5wViHq8Fp7WHeYQ]]></FromUserName>
<CreateTime>1477800202</CreateTime>
<MsgType><![CDATA[event]]></MsgType>
<Event><![CDATA[VIEW]]></Event>
<EventKey><![CDATA[http://mp.angelbeautyinc.com/app/index.php?i=8&c=entry&do=shop&m=ewei_shop]]></EventKey>
<MenuId>526154222</MenuId>
</xml>

2016-10-30 11:59:46 params :
------------
Array:
rule : -2 ;
module :  ;
message : Array ;

2016-10-30 11:59:46 response :
------------

2016-10-30 12:02:20 trace :
------------
String:
<xml><ToUserName><![CDATA[gh_fbee6dda34f1]]></ToUserName>
<FromUserName><![CDATA[o1Sf9wgnzKjdP5wViHq8Fp7WHeYQ]]></FromUserName>
<CreateTime>1477800356</CreateTime>
<MsgType><![CDATA[event]]></MsgType>
<Event><![CDATA[VIEW]]></Event>
<EventKey><![CDATA[http://mp.angelbeautyinc.com/app/aboutus.html#culture]]></EventKey>
<MenuId>526154222</MenuId>
</xml>

2016-10-30 12:02:21 params :
------------
Array:
rule : -2 ;
module :  ;
message : Array ;

2016-10-30 12:02:21 response :
------------

2016-10-30 12:59:53 trace :
------------
String:
<xml><ToUserName><![CDATA[gh_fbee6dda34f1]]></ToUserName>
<FromUserName><![CDATA[o1Sf9wrOHN__g-oSI2UOJWJYgvSc]]></FromUserName>
<CreateTime>1477803809</CreateTime>
<MsgType><![CDATA[event]]></MsgType>
<Event><![CDATA[unsubscribe]]></Event>
<EventKey><![CDATA[]]></EventKey>
</xml>

2016-10-30 15:04:42 trace :
------------
String:
<xml><ToUserName><![CDATA[gh_fbee6dda34f1]]></ToUserName>
<FromUserName><![CDATA[o1Sf9wiJWDmOHMmOYl3z7_d4sx0w]]></FromUserName>
<CreateTime>1477811298</CreateTime>
<MsgType><![CDATA[event]]></MsgType>
<Event><![CDATA[subscribe]]></Event>
<EventKey><![CDATA[]]></EventKey>
</xml>

2016-10-30 15:04:42 params :
------------
Array:
message : Array ;
module : news ;
rule : 26 ;
priority : 0 ;
keyword : Array ;

2016-10-30 15:04:42 response :
------------
Array:
FromUserName : gh_fbee6dda34f1 ;
ToUserName : o1Sf9wiJWDmOHMmOYl3z7_d4sx0w ;
MsgType : news ;
ArticleCount : 1 ;
Articles : Array ;

2016-10-30 15:06:10 trace :
------------
String:
<xml><ToUserName><![CDATA[gh_fbee6dda34f1]]></ToUserName>
<FromUserName><![CDATA[o1Sf9wg9YSttlvaw0u1WKbcCLrYY]]></FromUserName>
<CreateTime>1477811385</CreateTime>
<MsgType><![CDATA[event]]></MsgType>
<Event><![CDATA[subscribe]]></Event>
<EventKey><![CDATA[]]></EventKey>
</xml>

2016-10-30 15:06:10 params :
------------
Array:
message : Array ;
module : news ;
rule : 26 ;
priority : 0 ;
keyword : Array ;

2016-10-30 15:06:10 response :
------------
Array:
FromUserName : gh_fbee6dda34f1 ;
ToUserName : o1Sf9wg9YSttlvaw0u1WKbcCLrYY ;
MsgType : news ;
ArticleCount : 1 ;
Articles : Array ;

2016-10-30 15:06:15 trace :
------------
String:
<xml><ToUserName><![CDATA[gh_fbee6dda34f1]]></ToUserName>
<FromUserName><![CDATA[o1Sf9wg9YSttlvaw0u1WKbcCLrYY]]></FromUserName>
<CreateTime>1477811385</CreateTime>
<MsgType><![CDATA[event]]></MsgType>
<Event><![CDATA[subscribe]]></Event>
<EventKey><![CDATA[]]></EventKey>
</xml>

2016-10-30 15:06:15 params :
------------
Array:
message : Array ;
module : news ;
rule : 26 ;
priority : 0 ;
keyword : Array ;

2016-10-30 15:06:15 response :
------------
Array:
FromUserName : gh_fbee6dda34f1 ;
ToUserName : o1Sf9wg9YSttlvaw0u1WKbcCLrYY ;
MsgType : news ;
ArticleCount : 1 ;
Articles : Array ;

2016-10-30 15:06:22 trace :
------------
String:
<xml><ToUserName><![CDATA[gh_fbee6dda34f1]]></ToUserName>
<FromUserName><![CDATA[o1Sf9wg9YSttlvaw0u1WKbcCLrYY]]></FromUserName>
<CreateTime>1477811385</CreateTime>
<MsgType><![CDATA[event]]></MsgType>
<Event><![CDATA[subscribe]]></Event>
<EventKey><![CDATA[]]></EventKey>
</xml>

2016-10-30 15:06:22 params :
------------
Array:
message : Array ;
module : news ;
rule : 26 ;
priority : 0 ;
keyword : Array ;

2016-10-30 15:06:22 response :
------------
Array:
FromUserName : gh_fbee6dda34f1 ;
ToUserName : o1Sf9wg9YSttlvaw0u1WKbcCLrYY ;
MsgType : news ;
ArticleCount : 1 ;
Articles : Array ;

2016-10-30 15:06:23 trace :
------------
String:
<xml><ToUserName><![CDATA[gh_fbee6dda34f1]]></ToUserName>
<FromUserName><![CDATA[o1Sf9wiJWDmOHMmOYl3z7_d4sx0w]]></FromUserName>
<CreateTime>1477811398</CreateTime>
<MsgType><![CDATA[event]]></MsgType>
<Event><![CDATA[VIEW]]></Event>
<EventKey><![CDATA[http://mp.angelbeautyinc.com/app/index.php?i=8&c=entry&do=associate&m=lrj_guide]]></EventKey>
<MenuId>526154222</MenuId>
</xml>

2016-10-30 15:06:23 params :
------------
Array:
rule : -2 ;
module :  ;
message : Array ;

2016-10-30 15:06:23 response :
------------

2016-10-30 15:07:01 trace :
------------
String:
<xml><ToUserName><![CDATA[gh_fbee6dda34f1]]></ToUserName>
<FromUserName><![CDATA[o1Sf9wg9YSttlvaw0u1WKbcCLrYY]]></FromUserName>
<CreateTime>1477811437</CreateTime>
<MsgType><![CDATA[event]]></MsgType>
<Event><![CDATA[VIEW]]></Event>
<EventKey><![CDATA[http://mp.angelbeautyinc.com/app/index.php?i=8&c=entry&do=associate&m=lrj_guide]]></EventKey>
<MenuId>526154222</MenuId>
</xml>

2016-10-30 15:07:01 params :
------------
Array:
rule : -2 ;
module :  ;
message : Array ;

2016-10-30 15:07:01 response :
------------

2016-10-30 15:07:35 trace :
------------
String:
<xml><ToUserName><![CDATA[gh_fbee6dda34f1]]></ToUserName>
<FromUserName><![CDATA[o1Sf9wiJWDmOHMmOYl3z7_d4sx0w]]></FromUserName>
<CreateTime>1477811471</CreateTime>
<MsgType><![CDATA[event]]></MsgType>
<Event><![CDATA[VIEW]]></Event>
<EventKey><![CDATA[http://mp.angelbeautyinc.com/app/index.php?i=8&c=entry&do=selfinspection&m=lrj_guide]]></EventKey>
<MenuId>526154222</MenuId>
</xml>

2016-10-30 15:07:35 params :
------------
Array:
rule : -2 ;
module :  ;
message : Array ;

2016-10-30 15:07:35 response :
------------

2016-10-30 15:08:05 trace :
------------
String:
<xml><ToUserName><![CDATA[gh_fbee6dda34f1]]></ToUserName>
<FromUserName><![CDATA[o1Sf9woWRN2wnMJMvzHSMsG9arzY]]></FromUserName>
<CreateTime>1477811501</CreateTime>
<MsgType><![CDATA[event]]></MsgType>
<Event><![CDATA[subscribe]]></Event>
<EventKey><![CDATA[]]></EventKey>
</xml>

2016-10-30 15:08:05 params :
------------
Array:
message : Array ;
module : news ;
rule : 26 ;
priority : 0 ;
keyword : Array ;

2016-10-30 15:08:05 response :
------------
Array:
FromUserName : gh_fbee6dda34f1 ;
ToUserName : o1Sf9woWRN2wnMJMvzHSMsG9arzY ;
MsgType : news ;
ArticleCount : 1 ;
Articles : Array ;

2016-10-30 15:08:17 trace :
------------
String:
<xml><ToUserName><![CDATA[gh_fbee6dda34f1]]></ToUserName>
<FromUserName><![CDATA[o1Sf9wjvbVD-JkWjyOU_btqsmsoY]]></FromUserName>
<CreateTime>1477811513</CreateTime>
<MsgType><![CDATA[event]]></MsgType>
<Event><![CDATA[subscribe]]></Event>
<EventKey><![CDATA[]]></EventKey>
</xml>

2016-10-30 15:08:17 params :
------------
Array:
message : Array ;
module : news ;
rule : 26 ;
priority : 0 ;
keyword : Array ;

2016-10-30 15:08:17 response :
------------
Array:
FromUserName : gh_fbee6dda34f1 ;
ToUserName : o1Sf9wjvbVD-JkWjyOU_btqsmsoY ;
MsgType : news ;
ArticleCount : 1 ;
Articles : Array ;

2016-10-30 15:09:47 trace :
------------
String:
<xml><ToUserName><![CDATA[gh_fbee6dda34f1]]></ToUserName>
<FromUserName><![CDATA[o1Sf9wjvbVD-JkWjyOU_btqsmsoY]]></FromUserName>
<CreateTime>1477811603</CreateTime>
<MsgType><![CDATA[event]]></MsgType>
<Event><![CDATA[VIEW]]></Event>
<EventKey><![CDATA[http://mp.angelbeautyinc.com/app/index.php?i=8&c=entry&do=member&m=ewei_shop]]></EventKey>
<MenuId>526154222</MenuId>
</xml>

2016-10-30 15:09:47 params :
------------
Array:
rule : -2 ;
module :  ;
message : Array ;

2016-10-30 15:09:47 response :
------------

2016-10-30 15:11:04 trace :
------------
String:
<xml><ToUserName><![CDATA[gh_fbee6dda34f1]]></ToUserName>
<FromUserName><![CDATA[o1Sf9wjvbVD-JkWjyOU_btqsmsoY]]></FromUserName>
<CreateTime>1477811679</CreateTime>
<MsgType><![CDATA[event]]></MsgType>
<Event><![CDATA[VIEW]]></Event>
<EventKey><![CDATA[http://mp.angelbeautyinc.com/app/aboutus.html#brand]]></EventKey>
<MenuId>526154222</MenuId>
</xml>

2016-10-30 15:11:04 params :
------------
Array:
rule : -2 ;
module :  ;
message : Array ;

2016-10-30 15:11:04 response :
------------

2016-10-30 15:11:08 trace :
------------
String:
<xml><ToUserName><![CDATA[gh_fbee6dda34f1]]></ToUserName>
<FromUserName><![CDATA[o1Sf9wjvbVD-JkWjyOU_btqsmsoY]]></FromUserName>
<CreateTime>1477811684</CreateTime>
<MsgType><![CDATA[event]]></MsgType>
<Event><![CDATA[VIEW]]></Event>
<EventKey><![CDATA[http://mp.angelbeautyinc.com/app/index.php?i=8&c=entry&do=shop&m=ewei_shop]]></EventKey>
<MenuId>526154222</MenuId>
</xml>

2016-10-30 15:11:08 params :
------------
Array:
rule : -2 ;
module :  ;
message : Array ;

2016-10-30 15:11:08 response :
------------

2016-10-30 15:13:57 trace :
------------
String:
<xml><ToUserName><![CDATA[gh_fbee6dda34f1]]></ToUserName>
<FromUserName><![CDATA[o1Sf9woS-BwrBCtbvlhfRKWfq2_s]]></FromUserName>
<CreateTime>1477811853</CreateTime>
<MsgType><![CDATA[event]]></MsgType>
<Event><![CDATA[subscribe]]></Event>
<EventKey><![CDATA[]]></EventKey>
</xml>

2016-10-30 15:13:57 params :
------------
Array:
message : Array ;
module : news ;
rule : 26 ;
priority : 0 ;
keyword : Array ;

2016-10-30 15:13:57 response :
------------
Array:
FromUserName : gh_fbee6dda34f1 ;
ToUserName : o1Sf9woS-BwrBCtbvlhfRKWfq2_s ;
MsgType : news ;
ArticleCount : 1 ;
Articles : Array ;

2016-10-30 15:14:46 trace :
------------
String:
<xml><ToUserName><![CDATA[gh_fbee6dda34f1]]></ToUserName>
<FromUserName><![CDATA[o1Sf9wjvbVD-JkWjyOU_btqsmsoY]]></FromUserName>
<CreateTime>1477811902</CreateTime>
<MsgType><![CDATA[event]]></MsgType>
<Event><![CDATA[VIEW]]></Event>
<EventKey><![CDATA[http://mp.angelbeautyinc.com/app/index.php?i=8&c=entry&do=member&m=ewei_shop]]></EventKey>
<MenuId>526154222</MenuId>
</xml>

2016-10-30 15:14:46 params :
------------
Array:
rule : -2 ;
module :  ;
message : Array ;

2016-10-30 15:14:46 response :
------------

2016-10-30 15:15:06 trace :
------------
String:
<xml><ToUserName><![CDATA[gh_fbee6dda34f1]]></ToUserName>
<FromUserName><![CDATA[o1Sf9wjvbVD-JkWjyOU_btqsmsoY]]></FromUserName>
<CreateTime>1477811922</CreateTime>
<MsgType><![CDATA[text]]></MsgType>
<Content><![CDATA[http://mp.angelbeautyinc.com/app/index.php?i=8&c=entry&do=member&m=ewei_shop]]></Content>
<MsgId>6347153875155178348</MsgId>
</xml>

2016-10-30 15:15:06 params :
------------
Array:
rule : -2 ;
module :  ;
message : Array ;

2016-10-30 15:15:06 response :
------------

2016-10-30 15:33:52 trace :
------------
String:
<xml><ToUserName><![CDATA[gh_fbee6dda34f1]]></ToUserName>
<FromUserName><![CDATA[o1Sf9woWRN2wnMJMvzHSMsG9arzY]]></FromUserName>
<CreateTime>1477813048</CreateTime>
<MsgType><![CDATA[event]]></MsgType>
<Event><![CDATA[VIEW]]></Event>
<EventKey><![CDATA[http://mp.angelbeautyinc.com/app/aboutus.html#enterprise]]></EventKey>
<MenuId>526154222</MenuId>
</xml>

2016-10-30 15:33:52 params :
------------
Array:
rule : -2 ;
module :  ;
message : Array ;

2016-10-30 15:33:52 response :
------------

2016-10-30 15:34:44 trace :
------------
String:
<xml><ToUserName><![CDATA[gh_fbee6dda34f1]]></ToUserName>
<FromUserName><![CDATA[o1Sf9woS-BwrBCtbvlhfRKWfq2_s]]></FromUserName>
<CreateTime>1477813100</CreateTime>
<MsgType><![CDATA[event]]></MsgType>
<Event><![CDATA[VIEW]]></Event>
<EventKey><![CDATA[http://mp.angelbeautyinc.com/app/index.php?i=8&c=entry&do=shop&m=ewei_shop]]></EventKey>
<MenuId>526154222</MenuId>
</xml>

2016-10-30 15:34:44 params :
------------
Array:
rule : -2 ;
module :  ;
message : Array ;

2016-10-30 15:34:44 response :
------------

2016-10-30 16:09:47 trace :
------------
String:
<xml><ToUserName><![CDATA[gh_fbee6dda34f1]]></ToUserName>
<FromUserName><![CDATA[o1Sf9wvPhMsGoe_20m84pceNIPXQ]]></FromUserName>
<CreateTime>1477815202</CreateTime>
<MsgType><![CDATA[event]]></MsgType>
<Event><![CDATA[subscribe]]></Event>
<EventKey><![CDATA[]]></EventKey>
</xml>

2016-10-30 16:09:47 params :
------------
Array:
message : Array ;
module : news ;
rule : 26 ;
priority : 0 ;
keyword : Array ;

2016-10-30 16:09:47 response :
------------
Array:
FromUserName : gh_fbee6dda34f1 ;
ToUserName : o1Sf9wvPhMsGoe_20m84pceNIPXQ ;
MsgType : news ;
ArticleCount : 1 ;
Articles : Array ;

2016-10-30 16:09:51 trace :
------------
String:
<xml><ToUserName><![CDATA[gh_fbee6dda34f1]]></ToUserName>
<FromUserName><![CDATA[o1Sf9wvPhMsGoe_20m84pceNIPXQ]]></FromUserName>
<CreateTime>1477815207</CreateTime>
<MsgType><![CDATA[event]]></MsgType>
<Event><![CDATA[VIEW]]></Event>
<EventKey><![CDATA[http://mp.angelbeautyinc.com/app/aboutus.html#enterprise]]></EventKey>
<MenuId>526154222</MenuId>
</xml>

2016-10-30 16:09:51 params :
------------
Array:
rule : -2 ;
module :  ;
message : Array ;

2016-10-30 16:09:51 response :
------------

2016-10-30 16:09:51 trace :
------------
String:
<xml><ToUserName><![CDATA[gh_fbee6dda34f1]]></ToUserName>
<FromUserName><![CDATA[o1Sf9wvPhMsGoe_20m84pceNIPXQ]]></FromUserName>
<CreateTime>1477815202</CreateTime>
<MsgType><![CDATA[event]]></MsgType>
<Event><![CDATA[subscribe]]></Event>
<EventKey><![CDATA[]]></EventKey>
</xml>

2016-10-30 16:09:51 params :
------------
Array:
message : Array ;
module : news ;
rule : 26 ;
priority : 0 ;
keyword : Array ;

2016-10-30 16:09:51 response :
------------
Array:
FromUserName : gh_fbee6dda34f1 ;
ToUserName : o1Sf9wvPhMsGoe_20m84pceNIPXQ ;
MsgType : news ;
ArticleCount : 1 ;
Articles : Array ;

2016-10-30 16:09:59 trace :
------------
String:
<xml><ToUserName><![CDATA[gh_fbee6dda34f1]]></ToUserName>
<FromUserName><![CDATA[o1Sf9wvPhMsGoe_20m84pceNIPXQ]]></FromUserName>
<CreateTime>1477815202</CreateTime>
<MsgType><![CDATA[event]]></MsgType>
<Event><![CDATA[subscribe]]></Event>
<EventKey><![CDATA[]]></EventKey>
</xml>

2016-10-30 16:09:59 params :
------------
Array:
message : Array ;
module : news ;
rule : 26 ;
priority : 0 ;
keyword : Array ;

2016-10-30 16:09:59 response :
------------
Array:
FromUserName : gh_fbee6dda34f1 ;
ToUserName : o1Sf9wvPhMsGoe_20m84pceNIPXQ ;
MsgType : news ;
ArticleCount : 1 ;
Articles : Array ;

2016-10-30 16:30:12 trace :
------------
String:
<xml><ToUserName><![CDATA[gh_fbee6dda34f1]]></ToUserName>
<FromUserName><![CDATA[o1Sf9wg9YSttlvaw0u1WKbcCLrYY]]></FromUserName>
<CreateTime>1477816427</CreateTime>
<MsgType><![CDATA[event]]></MsgType>
<Event><![CDATA[VIEW]]></Event>
<EventKey><![CDATA[http://mp.angelbeautyinc.com/app/index.php?i=8&c=entry&do=shop&m=ewei_shop]]></EventKey>
<MenuId>526154222</MenuId>
</xml>

2016-10-30 16:30:12 params :
------------
Array:
rule : -2 ;
module :  ;
message : Array ;

2016-10-30 16:30:12 response :
------------

2016-10-30 16:47:22 trace :
------------
String:
<xml><ToUserName><![CDATA[gh_fbee6dda34f1]]></ToUserName>
<FromUserName><![CDATA[o1Sf9wg9YSttlvaw0u1WKbcCLrYY]]></FromUserName>
<CreateTime>1477817457</CreateTime>
<MsgType><![CDATA[event]]></MsgType>
<Event><![CDATA[VIEW]]></Event>
<EventKey><![CDATA[http://mp.angelbeautyinc.com/app/aboutus.html#enterprise]]></EventKey>
<MenuId>526154222</MenuId>
</xml>

2016-10-30 16:47:22 params :
------------
Array:
rule : -2 ;
module :  ;
message : Array ;

2016-10-30 16:47:22 response :
------------

2016-10-30 18:35:00 trace :
------------
String:
<xml><ToUserName><![CDATA[gh_fbee6dda34f1]]></ToUserName>
<FromUserName><![CDATA[o1Sf9wiVbAE8eTBHl_teVBY0UTOU]]></FromUserName>
<CreateTime>1477823915</CreateTime>
<MsgType><![CDATA[event]]></MsgType>
<Event><![CDATA[VIEW]]></Event>
<EventKey><![CDATA[http://mp.angelbeautyinc.com/app/index.php?i=8&c=entry&do=member&m=ewei_shop]]></EventKey>
<MenuId>526154222</MenuId>
</xml>

2016-10-30 18:35:00 params :
------------
Array:
rule : -2 ;
module :  ;
message : Array ;

2016-10-30 18:35:00 response :
------------

2016-10-30 19:44:31 trace :
------------
String:
<xml><ToUserName><![CDATA[gh_fbee6dda34f1]]></ToUserName>
<FromUserName><![CDATA[o1Sf9wpJNeUg7pEhiOvX83CBa3C8]]></FromUserName>
<CreateTime>1477828086</CreateTime>
<MsgType><![CDATA[event]]></MsgType>
<Event><![CDATA[subscribe]]></Event>
<EventKey><![CDATA[]]></EventKey>
</xml>

2016-10-30 19:44:31 params :
------------
Array:
message : Array ;
module : news ;
rule : 26 ;
priority : 0 ;
keyword : Array ;

2016-10-30 19:44:31 response :
------------
Array:
FromUserName : gh_fbee6dda34f1 ;
ToUserName : o1Sf9wpJNeUg7pEhiOvX83CBa3C8 ;
MsgType : news ;
ArticleCount : 1 ;
Articles : Array ;

2016-10-30 20:30:15 trace :
------------
String:
<xml><ToUserName><![CDATA[gh_fbee6dda34f1]]></ToUserName>
<FromUserName><![CDATA[o1Sf9wmTcNSuH80qAiZN3uD033tI]]></FromUserName>
<CreateTime>1477830830</CreateTime>
<MsgType><![CDATA[event]]></MsgType>
<Event><![CDATA[VIEW]]></Event>
<EventKey><![CDATA[http://mp.angelbeautyinc.com/app/aboutus.html#enterprise]]></EventKey>
<MenuId>526154222</MenuId>
</xml>

2016-10-30 20:30:15 params :
------------
Array:
rule : -2 ;
module :  ;
message : Array ;

2016-10-30 20:30:15 response :
------------

2016-10-30 20:31:09 trace :
------------
String:
<xml><ToUserName><![CDATA[gh_fbee6dda34f1]]></ToUserName>
<FromUserName><![CDATA[o1Sf9wmTcNSuH80qAiZN3uD033tI]]></FromUserName>
<CreateTime>1477830885</CreateTime>
<MsgType><![CDATA[event]]></MsgType>
<Event><![CDATA[VIEW]]></Event>
<EventKey><![CDATA[http://mp.angelbeautyinc.com/app/aboutus.html#brand]]></EventKey>
<MenuId>526154222</MenuId>
</xml>

2016-10-30 20:31:09 params :
------------
Array:
rule : -2 ;
module :  ;
message : Array ;

2016-10-30 20:31:09 response :
------------

2016-10-30 21:13:15 trace :
------------
String:
<xml><ToUserName><![CDATA[gh_fbee6dda34f1]]></ToUserName>
<FromUserName><![CDATA[o1Sf9wmTcNSuH80qAiZN3uD033tI]]></FromUserName>
<CreateTime>1477833410</CreateTime>
<MsgType><![CDATA[event]]></MsgType>
<Event><![CDATA[VIEW]]></Event>
<EventKey><![CDATA[http://mp.angelbeautyinc.com/app/aboutus.html#culture]]></EventKey>
<MenuId>526154222</MenuId>
</xml>

2016-10-30 21:13:15 params :
------------
Array:
rule : -2 ;
module :  ;
message : Array ;

2016-10-30 21:13:15 response :
------------

2016-10-30 21:13:32 trace :
------------
String:
<xml><ToUserName><![CDATA[gh_fbee6dda34f1]]></ToUserName>
<FromUserName><![CDATA[o1Sf9wmTcNSuH80qAiZN3uD033tI]]></FromUserName>
<CreateTime>1477833427</CreateTime>
<MsgType><![CDATA[event]]></MsgType>
<Event><![CDATA[VIEW]]></Event>
<EventKey><![CDATA[http://mp.angelbeautyinc.com/app/aboutus.html#brand]]></EventKey>
<MenuId>526154222</MenuId>
</xml>

2016-10-30 21:13:32 params :
------------
Array:
rule : -2 ;
module :  ;
message : Array ;

2016-10-30 21:13:32 response :
------------

2016-10-30 21:18:22 trace :
------------
String:
<xml><ToUserName><![CDATA[gh_fbee6dda34f1]]></ToUserName>
<FromUserName><![CDATA[o1Sf9wmTcNSuH80qAiZN3uD033tI]]></FromUserName>
<CreateTime>1477833718</CreateTime>
<MsgType><![CDATA[event]]></MsgType>
<Event><![CDATA[VIEW]]></Event>
<EventKey><![CDATA[http://mp.angelbeautyinc.com/app/aboutus.html#brand]]></EventKey>
<MenuId>526154222</MenuId>
</xml>

2016-10-30 21:18:22 params :
------------
Array:
rule : -2 ;
module :  ;
message : Array ;

2016-10-30 21:18:22 response :
------------

2016-10-30 21:21:34 trace :
------------
String:
<xml><ToUserName><![CDATA[gh_fbee6dda34f1]]></ToUserName>
<FromUserName><![CDATA[o1Sf9wmTcNSuH80qAiZN3uD033tI]]></FromUserName>
<CreateTime>1477833910</CreateTime>
<MsgType><![CDATA[event]]></MsgType>
<Event><![CDATA[VIEW]]></Event>
<EventKey><![CDATA[http://mp.angelbeautyinc.com/app/index.php?i=8&c=entry&do=shop&m=ewei_shop]]></EventKey>
<MenuId>526154222</MenuId>
</xml>

2016-10-30 21:21:34 params :
------------
Array:
rule : -2 ;
module :  ;
message : Array ;

2016-10-30 21:21:34 response :
------------

2016-10-30 21:21:53 trace :
------------
String:
<xml><ToUserName><![CDATA[gh_fbee6dda34f1]]></ToUserName>
<FromUserName><![CDATA[o1Sf9wmTcNSuH80qAiZN3uD033tI]]></FromUserName>
<CreateTime>1477833929</CreateTime>
<MsgType><![CDATA[event]]></MsgType>
<Event><![CDATA[VIEW]]></Event>
<EventKey><![CDATA[http://mp.angelbeautyinc.com/app/aboutus.html#enterprise]]></EventKey>
<MenuId>526154222</MenuId>
</xml>

2016-10-30 21:21:53 params :
------------
Array:
rule : -2 ;
module :  ;
message : Array ;

2016-10-30 21:21:53 response :
------------

2016-10-30 21:39:02 trace :
------------
String:
<xml><ToUserName><![CDATA[gh_fbee6dda34f1]]></ToUserName>
<FromUserName><![CDATA[o1Sf9woWRN2wnMJMvzHSMsG9arzY]]></FromUserName>
<CreateTime>1477834958</CreateTime>
<MsgType><![CDATA[event]]></MsgType>
<Event><![CDATA[VIEW]]></Event>
<EventKey><![CDATA[http://mp.angelbeautyinc.com/app/aboutus.html#culture]]></EventKey>
<MenuId>526154222</MenuId>
</xml>

2016-10-30 21:39:02 params :
------------
Array:
rule : -2 ;
module :  ;
message : Array ;

2016-10-30 21:39:02 response :
------------

2016-10-30 21:40:46 trace :
------------
String:
<xml><ToUserName><![CDATA[gh_fbee6dda34f1]]></ToUserName>
<FromUserName><![CDATA[o1Sf9woWRN2wnMJMvzHSMsG9arzY]]></FromUserName>
<CreateTime>1477835062</CreateTime>
<MsgType><![CDATA[event]]></MsgType>
<Event><![CDATA[VIEW]]></Event>
<EventKey><![CDATA[http://mp.angelbeautyinc.com/app/aboutus.html#brand]]></EventKey>
<MenuId>526154222</MenuId>
</xml>

2016-10-30 21:40:46 params :
------------
Array:
rule : -2 ;
module :  ;
message : Array ;

2016-10-30 21:40:46 response :
------------

2016-10-30 21:41:13 trace :
------------
String:
<xml><ToUserName><![CDATA[gh_fbee6dda34f1]]></ToUserName>
<FromUserName><![CDATA[o1Sf9woWRN2wnMJMvzHSMsG9arzY]]></FromUserName>
<CreateTime>1477835089</CreateTime>
<MsgType><![CDATA[event]]></MsgType>
<Event><![CDATA[VIEW]]></Event>
<EventKey><![CDATA[http://mp.angelbeautyinc.com/app/index.php?i=8&c=entry&do=shop&m=ewei_shop]]></EventKey>
<MenuId>526154222</MenuId>
</xml>

2016-10-30 21:41:13 params :
------------
Array:
rule : -2 ;
module :  ;
message : Array ;

2016-10-30 21:41:13 response :
------------

2016-10-30 21:54:40 trace :
------------
String:
<xml><ToUserName><![CDATA[gh_fbee6dda34f1]]></ToUserName>
<FromUserName><![CDATA[o1Sf9wl6bh3tBhZCbM7k7i8k7GjA]]></FromUserName>
<CreateTime>1477835895</CreateTime>
<MsgType><![CDATA[event]]></MsgType>
<Event><![CDATA[subscribe]]></Event>
<EventKey><![CDATA[]]></EventKey>
</xml>

2016-10-30 21:54:40 params :
------------
Array:
message : Array ;
module : news ;
rule : 26 ;
priority : 0 ;
keyword : Array ;

2016-10-30 21:54:40 response :
------------
Array:
FromUserName : gh_fbee6dda34f1 ;
ToUserName : o1Sf9wl6bh3tBhZCbM7k7i8k7GjA ;
MsgType : news ;
ArticleCount : 1 ;
Articles : Array ;

2016-10-30 21:54:58 trace :
------------
String:
<xml><ToUserName><![CDATA[gh_fbee6dda34f1]]></ToUserName>
<FromUserName><![CDATA[o1Sf9wl6bh3tBhZCbM7k7i8k7GjA]]></FromUserName>
<CreateTime>1477835914</CreateTime>
<MsgType><![CDATA[event]]></MsgType>
<Event><![CDATA[VIEW]]></Event>
<EventKey><![CDATA[http://mp.angelbeautyinc.com/app/aboutus.html#enterprise]]></EventKey>
<MenuId>526154222</MenuId>
</xml>

2016-10-30 21:54:58 params :
------------
Array:
rule : -2 ;
module :  ;
message : Array ;

2016-10-30 21:54:58 response :
------------

2016-10-30 21:55:47 trace :
------------
String:
<xml><ToUserName><![CDATA[gh_fbee6dda34f1]]></ToUserName>
<FromUserName><![CDATA[o1Sf9wl6bh3tBhZCbM7k7i8k7GjA]]></FromUserName>
<CreateTime>1477835963</CreateTime>
<MsgType><![CDATA[event]]></MsgType>
<Event><![CDATA[VIEW]]></Event>
<EventKey><![CDATA[http://mp.angelbeautyinc.com/app/aboutus.html#culture]]></EventKey>
<MenuId>526154222</MenuId>
</xml>

2016-10-30 21:55:47 params :
------------
Array:
rule : -2 ;
module :  ;
message : Array ;

2016-10-30 21:55:47 response :
------------

2016-10-30 21:55:55 trace :
------------
String:
<xml><ToUserName><![CDATA[gh_fbee6dda34f1]]></ToUserName>
<FromUserName><![CDATA[o1Sf9wl6bh3tBhZCbM7k7i8k7GjA]]></FromUserName>
<CreateTime>1477835971</CreateTime>
<MsgType><![CDATA[event]]></MsgType>
<Event><![CDATA[VIEW]]></Event>
<EventKey><![CDATA[http://mp.angelbeautyinc.com/app/index.php?i=8&c=entry&do=shop&m=ewei_shop]]></EventKey>
<MenuId>526154222</MenuId>
</xml>

2016-10-30 21:55:55 params :
------------
Array:
rule : -2 ;
module :  ;
message : Array ;

2016-10-30 21:55:55 response :
------------

2016-10-30 21:56:09 trace :
------------
String:
<xml><ToUserName><![CDATA[gh_fbee6dda34f1]]></ToUserName>
<FromUserName><![CDATA[o1Sf9wl6bh3tBhZCbM7k7i8k7GjA]]></FromUserName>
<CreateTime>1477835985</CreateTime>
<MsgType><![CDATA[event]]></MsgType>
<Event><![CDATA[VIEW]]></Event>
<EventKey><![CDATA[http://mp.angelbeautyinc.com/app/index.php?i=8&c=entry&do=member&m=ewei_shop]]></EventKey>
<MenuId>526154222</MenuId>
</xml>

2016-10-30 21:56:09 params :
------------
Array:
rule : -2 ;
module :  ;
message : Array ;

2016-10-30 21:56:09 response :
------------

2016-10-30 21:56:50 trace :
------------
String:
<xml><ToUserName><![CDATA[gh_fbee6dda34f1]]></ToUserName>
<FromUserName><![CDATA[o1Sf9wl6bh3tBhZCbM7k7i8k7GjA]]></FromUserName>
<CreateTime>1477836026</CreateTime>
<MsgType><![CDATA[event]]></MsgType>
<Event><![CDATA[VIEW]]></Event>
<EventKey><![CDATA[http://mp.angelbeautyinc.com/app/index.php?i=8&c=entry&do=associate&m=lrj_guide]]></EventKey>
<MenuId>526154222</MenuId>
</xml>

2016-10-30 21:56:50 params :
------------
Array:
rule : -2 ;
module :  ;
message : Array ;

2016-10-30 21:56:50 response :
------------

2016-10-30 21:57:47 trace :
------------
String:
<xml><ToUserName><![CDATA[gh_fbee6dda34f1]]></ToUserName>
<FromUserName><![CDATA[o1Sf9wl6bh3tBhZCbM7k7i8k7GjA]]></FromUserName>
<CreateTime>1477836083</CreateTime>
<MsgType><![CDATA[event]]></MsgType>
<Event><![CDATA[VIEW]]></Event>
<EventKey><![CDATA[http://mp.angelbeautyinc.com/app/index.php?i=8&c=entry&do=selfinspection&m=lrj_guide]]></EventKey>
<MenuId>526154222</MenuId>
</xml>

2016-10-30 21:57:47 params :
------------
Array:
rule : -2 ;
module :  ;
message : Array ;

2016-10-30 21:57:47 response :
------------

2016-10-30 21:57:53 trace :
------------
String:
<xml><ToUserName><![CDATA[gh_fbee6dda34f1]]></ToUserName>
<FromUserName><![CDATA[o1Sf9wl6bh3tBhZCbM7k7i8k7GjA]]></FromUserName>
<CreateTime>1477836089</CreateTime>
<MsgType><![CDATA[event]]></MsgType>
<Event><![CDATA[VIEW]]></Event>
<EventKey><![CDATA[http://mp.angelbeautyinc.com/app/index.php?i=8&c=entry&do=selfinspection&m=lrj_guide]]></EventKey>
<MenuId>526154222</MenuId>
</xml>

2016-10-30 21:57:53 params :
------------
Array:
rule : -2 ;
module :  ;
message : Array ;

2016-10-30 21:57:53 response :
------------

2016-10-30 21:58:14 trace :
------------
String:
<xml><ToUserName><![CDATA[gh_fbee6dda34f1]]></ToUserName>
<FromUserName><![CDATA[o1Sf9wl6bh3tBhZCbM7k7i8k7GjA]]></FromUserName>
<CreateTime>1477836109</CreateTime>
<MsgType><![CDATA[event]]></MsgType>
<Event><![CDATA[VIEW]]></Event>
<EventKey><![CDATA[http://mp.angelbeautyinc.com/question/]]></EventKey>
<MenuId>526154222</MenuId>
</xml>

2016-10-30 21:58:14 params :
------------
Array:
rule : -2 ;
module :  ;
message : Array ;

2016-10-30 21:58:14 response :
------------

2016-10-30 21:59:45 trace :
------------
String:
<xml><ToUserName><![CDATA[gh_fbee6dda34f1]]></ToUserName>
<FromUserName><![CDATA[o1Sf9wl6bh3tBhZCbM7k7i8k7GjA]]></FromUserName>
<CreateTime>1477836201</CreateTime>
<MsgType><![CDATA[event]]></MsgType>
<Event><![CDATA[unsubscribe]]></Event>
<EventKey><![CDATA[]]></EventKey>
</xml>

2016-10-30 22:02:32 trace :
------------
String:
<xml><ToUserName><![CDATA[gh_fbee6dda34f1]]></ToUserName>
<FromUserName><![CDATA[o1Sf9woWRN2wnMJMvzHSMsG9arzY]]></FromUserName>
<CreateTime>1477836368</CreateTime>
<MsgType><![CDATA[event]]></MsgType>
<Event><![CDATA[VIEW]]></Event>
<EventKey><![CDATA[http://mp.angelbeautyinc.com/app/index.php?i=8&c=entry&do=associate&m=lrj_guide]]></EventKey>
<MenuId>526154222</MenuId>
</xml>

2016-10-30 22:02:32 params :
------------
Array:
rule : -2 ;
module :  ;
message : Array ;

2016-10-30 22:02:32 response :
------------

2016-10-30 22:03:59 trace :
------------
String:
<xml><ToUserName><![CDATA[gh_fbee6dda34f1]]></ToUserName>
<FromUserName><![CDATA[o1Sf9wjC-twoS90r1DMPtI1rXjAc]]></FromUserName>
<CreateTime>1477836454</CreateTime>
<MsgType><![CDATA[event]]></MsgType>
<Event><![CDATA[VIEW]]></Event>
<EventKey><![CDATA[http://mp.angelbeautyinc.com/app/aboutus.html#enterprise]]></EventKey>
<MenuId>526154222</MenuId>
</xml>

2016-10-30 22:03:59 params :
------------
Array:
rule : -2 ;
module :  ;
message : Array ;

2016-10-30 22:03:59 response :
------------

2016-10-30 22:04:21 trace :
------------
String:
<xml><ToUserName><![CDATA[gh_fbee6dda34f1]]></ToUserName>
<FromUserName><![CDATA[o1Sf9wjC-twoS90r1DMPtI1rXjAc]]></FromUserName>
<CreateTime>1477836476</CreateTime>
<MsgType><![CDATA[event]]></MsgType>
<Event><![CDATA[VIEW]]></Event>
<EventKey><![CDATA[http://mp.angelbeautyinc.com/app/aboutus.html#enterprise]]></EventKey>
<MenuId>526154222</MenuId>
</xml>

2016-10-30 22:04:21 params :
------------
Array:
rule : -2 ;
module :  ;
message : Array ;

2016-10-30 22:04:21 response :
------------

2016-10-30 22:04:28 trace :
------------
String:
<xml><ToUserName><![CDATA[gh_fbee6dda34f1]]></ToUserName>
<FromUserName><![CDATA[o1Sf9woWRN2wnMJMvzHSMsG9arzY]]></FromUserName>
<CreateTime>1477836484</CreateTime>
<MsgType><![CDATA[event]]></MsgType>
<Event><![CDATA[VIEW]]></Event>
<EventKey><![CDATA[http://mp.angelbeautyinc.com/app/index.php?i=8&c=entry&do=member&m=ewei_shop]]></EventKey>
<MenuId>526154222</MenuId>
</xml>

2016-10-30 22:04:28 params :
------------
Array:
rule : -2 ;
module :  ;
message : Array ;

2016-10-30 22:04:28 response :
------------

2016-10-30 22:05:29 trace :
------------
String:
<xml><ToUserName><![CDATA[gh_fbee6dda34f1]]></ToUserName>
<FromUserName><![CDATA[o1Sf9wjC-twoS90r1DMPtI1rXjAc]]></FromUserName>
<CreateTime>1477836544</CreateTime>
<MsgType><![CDATA[event]]></MsgType>
<Event><![CDATA[VIEW]]></Event>
<EventKey><![CDATA[http://mp.angelbeautyinc.com/app/aboutus.html#culture]]></EventKey>
<MenuId>526154222</MenuId>
</xml>

2016-10-30 22:05:29 params :
------------
Array:
rule : -2 ;
module :  ;
message : Array ;

2016-10-30 22:05:29 response :
------------

2016-10-30 22:05:34 trace :
------------
String:
<xml><ToUserName><![CDATA[gh_fbee6dda34f1]]></ToUserName>
<FromUserName><![CDATA[o1Sf9wjC-twoS90r1DMPtI1rXjAc]]></FromUserName>
<CreateTime>1477836550</CreateTime>
<MsgType><![CDATA[event]]></MsgType>
<Event><![CDATA[VIEW]]></Event>
<EventKey><![CDATA[http://mp.angelbeautyinc.com/app/aboutus.html#brand]]></EventKey>
<MenuId>526154222</MenuId>
</xml>

2016-10-30 22:05:34 params :
------------
Array:
rule : -2 ;
module :  ;
message : Array ;

2016-10-30 22:05:34 response :
------------

2016-10-30 22:05:45 trace :
------------
String:
<xml><ToUserName><![CDATA[gh_fbee6dda34f1]]></ToUserName>
<FromUserName><![CDATA[o1Sf9wjC-twoS90r1DMPtI1rXjAc]]></FromUserName>
<CreateTime>1477836561</CreateTime>
<MsgType><![CDATA[event]]></MsgType>
<Event><![CDATA[VIEW]]></Event>
<EventKey><![CDATA[http://mp.angelbeautyinc.com/app/index.php?i=8&c=entry&do=shop&m=ewei_shop]]></EventKey>
<MenuId>526154222</MenuId>
</xml>

2016-10-30 22:05:45 params :
------------
Array:
rule : -2 ;
module :  ;
message : Array ;

2016-10-30 22:05:45 response :
------------

2016-10-30 22:05:59 trace :
------------
String:
<xml><ToUserName><![CDATA[gh_fbee6dda34f1]]></ToUserName>
<FromUserName><![CDATA[o1Sf9wjC-twoS90r1DMPtI1rXjAc]]></FromUserName>
<CreateTime>1477836574</CreateTime>
<MsgType><![CDATA[event]]></MsgType>
<Event><![CDATA[VIEW]]></Event>
<EventKey><![CDATA[http://mp.angelbeautyinc.com/app/index.php?i=8&c=entry&do=member&m=ewei_shop]]></EventKey>
<MenuId>526154222</MenuId>
</xml>

2016-10-30 22:05:59 params :
------------
Array:
rule : -2 ;
module :  ;
message : Array ;

2016-10-30 22:05:59 response :
------------

2016-10-30 22:05:59 trace :
------------
String:
<xml><ToUserName><![CDATA[gh_fbee6dda34f1]]></ToUserName>
<FromUserName><![CDATA[o1Sf9wjC-twoS90r1DMPtI1rXjAc]]></FromUserName>
<CreateTime>1477836575</CreateTime>
<MsgType><![CDATA[event]]></MsgType>
<Event><![CDATA[VIEW]]></Event>
<EventKey><![CDATA[http://mp.angelbeautyinc.com/app/index.php?i=8&c=entry&do=shop&m=ewei_shop]]></EventKey>
<MenuId>526154222</MenuId>
</xml>

2016-10-30 22:05:59 params :
------------
Array:
rule : -2 ;
module :  ;
message : Array ;

2016-10-30 22:05:59 response :
------------

2016-10-30 22:06:22 trace :
------------
String:
<xml><ToUserName><![CDATA[gh_fbee6dda34f1]]></ToUserName>
<FromUserName><![CDATA[o1Sf9wjC-twoS90r1DMPtI1rXjAc]]></FromUserName>
<CreateTime>1477836598</CreateTime>
<MsgType><![CDATA[event]]></MsgType>
<Event><![CDATA[VIEW]]></Event>
<EventKey><![CDATA[http://mp.angelbeautyinc.com/app/index.php?i=8&c=entry&do=shop&m=ewei_shop]]></EventKey>
<MenuId>526154222</MenuId>
</xml>

2016-10-30 22:06:22 params :
------------
Array:
rule : -2 ;
module :  ;
message : Array ;

2016-10-30 22:06:22 response :
------------

2016-10-30 22:07:25 trace :
------------
String:
<xml><ToUserName><![CDATA[gh_fbee6dda34f1]]></ToUserName>
<FromUserName><![CDATA[o1Sf9wjC-twoS90r1DMPtI1rXjAc]]></FromUserName>
<CreateTime>1477836660</CreateTime>
<MsgType><![CDATA[event]]></MsgType>
<Event><![CDATA[VIEW]]></Event>
<EventKey><![CDATA[http://mp.angelbeautyinc.com/app/index.php?i=8&c=entry&do=shop&m=ewei_shop]]></EventKey>
<MenuId>526154222</MenuId>
</xml>

2016-10-30 22:07:25 params :
------------
Array:
rule : -2 ;
module :  ;
message : Array ;

2016-10-30 22:07:25 response :
------------

2016-10-30 22:07:37 trace :
------------
String:
<xml><ToUserName><![CDATA[gh_fbee6dda34f1]]></ToUserName>
<FromUserName><![CDATA[o1Sf9wjC-twoS90r1DMPtI1rXjAc]]></FromUserName>
<CreateTime>1477836673</CreateTime>
<MsgType><![CDATA[event]]></MsgType>
<Event><![CDATA[VIEW]]></Event>
<EventKey><![CDATA[http://mp.angelbeautyinc.com/app/index.php?i=8&c=entry&do=shop&m=ewei_shop]]></EventKey>
<MenuId>526154222</MenuId>
</xml>

2016-10-30 22:07:37 params :
------------
Array:
rule : -2 ;
module :  ;
message : Array ;

2016-10-30 22:07:37 response :
------------

2016-10-30 22:09:00 trace :
------------
String:
<xml><ToUserName><![CDATA[gh_fbee6dda34f1]]></ToUserName>
<FromUserName><![CDATA[o1Sf9wjC-twoS90r1DMPtI1rXjAc]]></FromUserName>
<CreateTime>1477836756</CreateTime>
<MsgType><![CDATA[event]]></MsgType>
<Event><![CDATA[VIEW]]></Event>
<EventKey><![CDATA[http://mp.angelbeautyinc.com/app/index.php?i=8&c=entry&do=associate&m=lrj_guide]]></EventKey>
<MenuId>526154222</MenuId>
</xml>

2016-10-30 22:09:00 params :
------------
Array:
rule : -2 ;
module :  ;
message : Array ;

2016-10-30 22:09:00 response :
------------

2016-10-30 22:11:02 trace :
------------
String:
<xml><ToUserName><![CDATA[gh_fbee6dda34f1]]></ToUserName>
<FromUserName><![CDATA[o1Sf9wjC-twoS90r1DMPtI1rXjAc]]></FromUserName>
<CreateTime>1477836878</CreateTime>
<MsgType><![CDATA[event]]></MsgType>
<Event><![CDATA[VIEW]]></Event>
<EventKey><![CDATA[http://mp.angelbeautyinc.com/app/index.php?i=8&c=entry&do=selfinspection&m=lrj_guide]]></EventKey>
<MenuId>526154222</MenuId>
</xml>

2016-10-30 22:11:02 params :
------------
Array:
rule : -2 ;
module :  ;
message : Array ;

2016-10-30 22:11:02 response :
------------

2016-10-30 22:29:32 trace :
------------
String:
<xml><ToUserName><![CDATA[gh_fbee6dda34f1]]></ToUserName>
<FromUserName><![CDATA[o1Sf9wg9YSttlvaw0u1WKbcCLrYY]]></FromUserName>
<CreateTime>1477837987</CreateTime>
<MsgType><![CDATA[event]]></MsgType>
<Event><![CDATA[VIEW]]></Event>
<EventKey><![CDATA[http://mp.angelbeautyinc.com/app/index.php?i=8&c=entry&do=shop&m=ewei_shop]]></EventKey>
<MenuId>526154222</MenuId>
</xml>

2016-10-30 22:29:32 params :
------------
Array:
rule : -2 ;
module :  ;
message : Array ;

2016-10-30 22:29:32 response :
------------

2016-10-30 23:43:24 trace :
------------
String:
<xml><ToUserName><![CDATA[gh_fbee6dda34f1]]></ToUserName>
<FromUserName><![CDATA[o1Sf9wh0rsdlZoLEjwgKqDlWV5A4]]></FromUserName>
<CreateTime>1477842419</CreateTime>
<MsgType><![CDATA[event]]></MsgType>
<Event><![CDATA[VIEW]]></Event>
<EventKey><![CDATA[http://mp.angelbeautyinc.com/question/]]></EventKey>
<MenuId>526154222</MenuId>
</xml>

2016-10-30 23:43:24 params :
------------
Array:
rule : -2 ;
module :  ;
message : Array ;

2016-10-30 23:43:24 response :
------------

2016-10-30 23:44:31 trace :
------------
String:
<xml><ToUserName><![CDATA[gh_fbee6dda34f1]]></ToUserName>
<FromUserName><![CDATA[o1Sf9wh0rsdlZoLEjwgKqDlWV5A4]]></FromUserName>
<CreateTime>1477842486</CreateTime>
<MsgType><![CDATA[event]]></MsgType>
<Event><![CDATA[VIEW]]></Event>
<EventKey><![CDATA[http://mp.angelbeautyinc.com/app/index.php?i=8&c=entry&do=shop&m=ewei_shop]]></EventKey>
<MenuId>526154222</MenuId>
</xml>

2016-10-30 23:44:31 params :
------------
Array:
rule : -2 ;
module :  ;
message : Array ;

2016-10-30 23:44:31 response :
------------

2016-10-30 23:45:03 trace :
------------
String:
<xml><ToUserName><![CDATA[gh_fbee6dda34f1]]></ToUserName>
<FromUserName><![CDATA[o1Sf9wh0rsdlZoLEjwgKqDlWV5A4]]></FromUserName>
<CreateTime>1477842518</CreateTime>
<MsgType><![CDATA[event]]></MsgType>
<Event><![CDATA[VIEW]]></Event>
<EventKey><![CDATA[http://mp.angelbeautyinc.com/app/index.php?i=8&c=entry&do=shop&m=ewei_shop]]></EventKey>
<MenuId>526154222</MenuId>
</xml>

2016-10-30 23:45:03 params :
------------
Array:
rule : -2 ;
module :  ;
message : Array ;

2016-10-30 23:45:03 response :
------------

