2016-08-19 12:56:55 trace :
------------
String:
<xml><ToUserName><![CDATA[gh_fbee6dda34f1]]></ToUserName>
<FromUserName><![CDATA[o1Sf9wkKBQehW95uXJpMpNu1EkCg]]></FromUserName>
<CreateTime>1471582757</CreateTime>
<MsgType><![CDATA[event]]></MsgType>
<Event><![CDATA[VIEW]]></Event>
<EventKey><![CDATA[http://mp.angelbeautyinc.com/app/index.php?i=8&c=entry&do=member&m=ewei_shop]]></EventKey>
<MenuId>522794523</MenuId>
</xml>

2016-08-19 12:56:55 params :
------------
Array:
rule : -2 ;
module :  ;
message : Array ;

2016-08-19 12:56:55 response :
------------

2016-08-19 16:27:17 trace :
------------
String:
<xml><ToUserName><![CDATA[gh_fbee6dda34f1]]></ToUserName>
<FromUserName><![CDATA[o1Sf9wuUDDS_BM0G-CbKx2umOImU]]></FromUserName>
<CreateTime>1471595376</CreateTime>
<MsgType><![CDATA[event]]></MsgType>
<Event><![CDATA[VIEW]]></Event>
<EventKey><![CDATA[http://mp.angelbeautyinc.com/app/index.php?i=8&c=entry&p=category&do=shop&m=ewei_shop]]></EventKey>
<MenuId>522794523</MenuId>
</xml>

2016-08-19 16:27:17 params :
------------
Array:
rule : -2 ;
module :  ;
message : Array ;

2016-08-19 16:27:17 response :
------------

