2016-05-19 07:25:19 trace :
------------
Array:
from : oqCObuLWZwv76CWNpzmOH_hDwzs8 ;
to : gh_5013f37369ce ;
time : 1463614004 ;
type : event ;
event : VIEW ;
tousername : gh_5013f37369ce ;
fromusername : oqCObuLWZwv76CWNpzmOH_hDwzs8 ;
createtime : 1463614004 ;
msgtype : event ;
eventkey : http://mp.weixin.qq.com/s?__biz=MzA5MzE5NzExNw==&mid=10001097&idx=1&sn=8338ffe385dcd8dd1f376fc1a2fd50ff&scene=18#rd ;
menuid : 208007648 ;

2016-05-19 07:25:19 params :
------------
Array:
rule : -2 ;
module :  ;
message : Array ;

2016-05-19 07:25:19 response :
------------

2016-05-19 09:33:17 trace :
------------
Array:
from : oqCObuH2TzavOreQCOqSrBtwZejM ;
to : gh_5013f37369ce ;
time : 1463621683 ;
type : event ;
event : VIEW ;
tousername : gh_5013f37369ce ;
fromusername : oqCObuH2TzavOreQCOqSrBtwZejM ;
createtime : 1463621683 ;
msgtype : event ;
eventkey : http://mp.weixin.qq.com/s?__biz=MzA5MzE5NzExNw==&mid=10001097&idx=1&sn=8338ffe385dcd8dd1f376fc1a2fd50ff&scene=18#rd ;
menuid : 208007648 ;

2016-05-19 09:33:17 params :
------------
Array:
rule : -2 ;
module :  ;
message : Array ;

2016-05-19 09:33:17 response :
------------

2016-05-19 09:33:31 trace :
------------
Array:
from : oqCObuH2TzavOreQCOqSrBtwZejM ;
to : gh_5013f37369ce ;
time : 1463621698 ;
type : event ;
event : VIEW ;
tousername : gh_5013f37369ce ;
fromusername : oqCObuH2TzavOreQCOqSrBtwZejM ;
createtime : 1463621698 ;
msgtype : event ;
eventkey : http://mp.weixin.qq.com/s?__biz=MzA5MzE5NzExNw==&mid=10001097&idx=1&sn=8338ffe385dcd8dd1f376fc1a2fd50ff&scene=18#rd ;
menuid : 208007648 ;

2016-05-19 09:33:31 params :
------------
Array:
rule : -2 ;
module :  ;
message : Array ;

2016-05-19 09:33:31 response :
------------

2016-05-19 11:26:02 trace :
------------
Array:
from : oqCObuHLZSK9Ndyb335zhGtfogTc ;
to : gh_5013f37369ce ;
time : 1463628445 ;
type : text ;
event :  ;
tousername : gh_5013f37369ce ;
fromusername : oqCObuHLZSK9Ndyb335zhGtfogTc ;
createtime : 1463628445 ;
msgtype : text ;
content : 修护精华乳 ;
msgid : 6286236305179967907 ;
redirection :  ;
source :  ;

2016-05-19 11:26:02 params :
------------
Array:
rule : -2 ;
module :  ;
message : Array ;

2016-05-19 11:26:02 response :
------------

2016-05-19 11:26:12 trace :
------------
Array:
from : oqCObuHLZSK9Ndyb335zhGtfogTc ;
to : gh_5013f37369ce ;
time : 1463628458 ;
type : event ;
event : VIEW ;
tousername : gh_5013f37369ce ;
fromusername : oqCObuHLZSK9Ndyb335zhGtfogTc ;
createtime : 1463628458 ;
msgtype : event ;
eventkey : http://mp.weixin.qq.com/s?__biz=MzA5MzE5NzExNw==&mid=10001097&idx=1&sn=8338ffe385dcd8dd1f376fc1a2fd50ff&scene=18#rd ;
menuid : 208007648 ;

2016-05-19 11:26:12 params :
------------
Array:
rule : -2 ;
module :  ;
message : Array ;

2016-05-19 11:26:12 response :
------------

2016-05-19 11:27:17 trace :
------------
Array:
from : oqCObuHLZSK9Ndyb335zhGtfogTc ;
to : gh_5013f37369ce ;
time : 1463628523 ;
type : text ;
event :  ;
tousername : gh_5013f37369ce ;
fromusername : oqCObuHLZSK9Ndyb335zhGtfogTc ;
createtime : 1463628523 ;
msgtype : text ;
content : 模具查号 ;
msgid : 6286236640187417006 ;
redirection :  ;
source :  ;

2016-05-19 11:27:17 params :
------------
Array:
rule : -2 ;
module :  ;
message : Array ;

2016-05-19 11:27:17 response :
------------

2016-05-19 12:51:58 trace :
------------
Array:
from : oqCObuNKMqAbZip4zDO7EUNr8U5I ;
to : gh_5013f37369ce ;
time : 1463633604 ;
type : event ;
event : VIEW ;
tousername : gh_5013f37369ce ;
fromusername : oqCObuNKMqAbZip4zDO7EUNr8U5I ;
createtime : 1463633604 ;
msgtype : event ;
eventkey : http://mp.weixin.qq.com/s?__biz=MzA5MzE5NzExNw==&mid=10001097&idx=1&sn=8338ffe385dcd8dd1f376fc1a2fd50ff&scene=18#rd ;
menuid : 208007648 ;

2016-05-19 12:51:58 params :
------------
Array:
rule : -2 ;
module :  ;
message : Array ;

2016-05-19 12:51:58 response :
------------

2016-05-19 12:52:00 trace :
------------
Array:
from : oqCObuNKMqAbZip4zDO7EUNr8U5I ;
to : gh_5013f37369ce ;
time : 1463633606 ;
type : event ;
event : VIEW ;
tousername : gh_5013f37369ce ;
fromusername : oqCObuNKMqAbZip4zDO7EUNr8U5I ;
createtime : 1463633606 ;
msgtype : event ;
eventkey : http://mp.weixin.qq.com/s?__biz=MzA5MzE5NzExNw==&mid=10001097&idx=1&sn=8338ffe385dcd8dd1f376fc1a2fd50ff&scene=18#rd ;
menuid : 208007648 ;

2016-05-19 12:52:00 params :
------------
Array:
rule : -2 ;
module :  ;
message : Array ;

2016-05-19 12:52:00 response :
------------

2016-05-19 15:32:33 trace :
------------
Array:
from : oqCObuMp5qzNuoSjWjoOKRiwgO3E ;
to : gh_5013f37369ce ;
time : 1463643240 ;
type : event ;
event : VIEW ;
tousername : gh_5013f37369ce ;
fromusername : oqCObuMp5qzNuoSjWjoOKRiwgO3E ;
createtime : 1463643240 ;
msgtype : event ;
eventkey : http://mp.weixin.qq.com/s?__biz=MzA5MzE5NzExNw==&mid=10001097&idx=1&sn=8338ffe385dcd8dd1f376fc1a2fd50ff&scene=18#rd ;
menuid : 208007648 ;

2016-05-19 15:32:33 params :
------------
Array:
rule : -2 ;
module :  ;
message : Array ;

2016-05-19 15:32:33 response :
------------

2016-05-19 15:33:08 trace :
------------
Array:
from : oqCObuMp5qzNuoSjWjoOKRiwgO3E ;
to : gh_5013f37369ce ;
time : 1463643274 ;
type : event ;
event : VIEW ;
tousername : gh_5013f37369ce ;
fromusername : oqCObuMp5qzNuoSjWjoOKRiwgO3E ;
createtime : 1463643274 ;
msgtype : event ;
eventkey : http://mp.weixin.qq.com/s?__biz=MzA5MzE5NzExNw==&mid=10001097&idx=1&sn=8338ffe385dcd8dd1f376fc1a2fd50ff&scene=18#rd ;
menuid : 208007648 ;

2016-05-19 15:33:08 params :
------------
Array:
rule : -2 ;
module :  ;
message : Array ;

2016-05-19 15:33:08 response :
------------

2016-05-19 18:26:36 trace :
------------
Array:
from : oqCObuPOsZFLVN0h_1431ggfsW3U ;
to : gh_5013f37369ce ;
time : 1463653681 ;
type : event ;
event : subscribe ;
tousername : gh_5013f37369ce ;
fromusername : oqCObuPOsZFLVN0h_1431ggfsW3U ;
createtime : 1463653681 ;
msgtype : event ;
eventkey :  ;

2016-05-19 18:26:36 params :
------------
Array:
rule : -2 ;
module :  ;
message : Array ;

2016-05-19 18:26:36 response :
------------

2016-05-19 18:26:41 trace :
------------
Array:
from : oqCObuPOsZFLVN0h_1431ggfsW3U ;
to : gh_5013f37369ce ;
time : 1463653688 ;
type : event ;
event : VIEW ;
tousername : gh_5013f37369ce ;
fromusername : oqCObuPOsZFLVN0h_1431ggfsW3U ;
createtime : 1463653688 ;
msgtype : event ;
eventkey : http://mp.weixin.qq.com/s?__biz=MzA5MzE5NzExNw==&mid=10001097&idx=1&sn=8338ffe385dcd8dd1f376fc1a2fd50ff&scene=18#rd ;
menuid : 208007648 ;

2016-05-19 18:26:41 params :
------------
Array:
rule : -2 ;
module :  ;
message : Array ;

2016-05-19 18:26:41 response :
------------

2016-05-19 18:27:29 trace :
------------
Array:
from : oqCObuPOsZFLVN0h_1431ggfsW3U ;
to : gh_5013f37369ce ;
time : 1463653736 ;
type : event ;
event : VIEW ;
tousername : gh_5013f37369ce ;
fromusername : oqCObuPOsZFLVN0h_1431ggfsW3U ;
createtime : 1463653736 ;
msgtype : event ;
eventkey : http://mp.weixin.qq.com/s?__biz=MzA5MzE5NzExNw==&mid=10001097&idx=1&sn=8338ffe385dcd8dd1f376fc1a2fd50ff&scene=18#rd ;
menuid : 208007648 ;

2016-05-19 18:27:29 params :
------------
Array:
rule : -2 ;
module :  ;
message : Array ;

2016-05-19 18:27:29 response :
------------

2016-05-19 23:05:53 trace :
------------
Array:
from : oqCObuM5p9xfJLib0rcGNkFH3u7k ;
to : gh_5013f37369ce ;
time : 1463670440 ;
type : event ;
event : VIEW ;
tousername : gh_5013f37369ce ;
fromusername : oqCObuM5p9xfJLib0rcGNkFH3u7k ;
createtime : 1463670440 ;
msgtype : event ;
eventkey : http://mp.weixin.qq.com/s?__biz=MzA5MzE5NzExNw==&mid=10001097&idx=1&sn=8338ffe385dcd8dd1f376fc1a2fd50ff&scene=18#rd ;
menuid : 208007648 ;

2016-05-19 23:05:53 params :
------------
Array:
rule : -2 ;
module :  ;
message : Array ;

2016-05-19 23:05:53 response :
------------

2016-05-19 23:06:14 trace :
------------
Array:
from : oqCObuM5p9xfJLib0rcGNkFH3u7k ;
to : gh_5013f37369ce ;
time : 1463670460 ;
type : event ;
event : VIEW ;
tousername : gh_5013f37369ce ;
fromusername : oqCObuM5p9xfJLib0rcGNkFH3u7k ;
createtime : 1463670460 ;
msgtype : event ;
eventkey : http://mp.weixin.qq.com/s?__biz=MzA5MzE5NzExNw==&mid=10001097&idx=1&sn=8338ffe385dcd8dd1f376fc1a2fd50ff&scene=18#rd ;
menuid : 208007648 ;

2016-05-19 23:06:14 params :
------------
Array:
rule : -2 ;
module :  ;
message : Array ;

2016-05-19 23:06:14 response :
------------

