2016-04-01 01:33:34 trace :
------------
Array:
from : oqCObuDD8LbhnH9mZ6vrWM5vrAC4 ;
to : gh_5013f37369ce ;
time : 1459445626 ;
type : event ;
event : VIEW ;
tousername : gh_5013f37369ce ;
fromusername : oqCObuDD8LbhnH9mZ6vrWM5vrAC4 ;
createtime : 1459445626 ;
msgtype : event ;
eventkey : http://mp.weixin.qq.com/s?__biz=MzA5MzE5NzExNw==&mid=10001097&idx=1&sn=8338ffe385dcd8dd1f376fc1a2fd50ff&scene=18#rd ;
menuid : 208007648 ;

2016-04-01 01:33:34 params :
------------
Array:
rule : -2 ;
module :  ;
message : Array ;

2016-04-01 01:33:34 response :
------------

2016-04-01 01:34:00 trace :
------------
Array:
from : oqCObuDD8LbhnH9mZ6vrWM5vrAC4 ;
to : gh_5013f37369ce ;
time : 1459445655 ;
type : event ;
event : VIEW ;
tousername : gh_5013f37369ce ;
fromusername : oqCObuDD8LbhnH9mZ6vrWM5vrAC4 ;
createtime : 1459445655 ;
msgtype : event ;
eventkey : http://mp.weixin.qq.com/s?__biz=MzA5MzE5NzExNw==&mid=10001097&idx=1&sn=8338ffe385dcd8dd1f376fc1a2fd50ff&scene=18#rd ;
menuid : 208007648 ;

2016-04-01 01:34:00 params :
------------
Array:
rule : -2 ;
module :  ;
message : Array ;

2016-04-01 01:34:00 response :
------------

2016-04-01 01:34:07 trace :
------------
Array:
from : oqCObuDD8LbhnH9mZ6vrWM5vrAC4 ;
to : gh_5013f37369ce ;
time : 1459445663 ;
type : event ;
event : VIEW ;
tousername : gh_5013f37369ce ;
fromusername : oqCObuDD8LbhnH9mZ6vrWM5vrAC4 ;
createtime : 1459445663 ;
msgtype : event ;
eventkey : http://mp.weixin.qq.com/s?__biz=MzA5MzE5NzExNw==&mid=10001097&idx=1&sn=8338ffe385dcd8dd1f376fc1a2fd50ff&scene=18#rd ;
menuid : 208007648 ;

2016-04-01 01:34:07 params :
------------
Array:
rule : -2 ;
module :  ;
message : Array ;

2016-04-01 01:34:07 response :
------------

2016-04-01 01:34:11 trace :
------------
Array:
from : oqCObuDD8LbhnH9mZ6vrWM5vrAC4 ;
to : gh_5013f37369ce ;
time : 1459445666 ;
type : event ;
event : VIEW ;
tousername : gh_5013f37369ce ;
fromusername : oqCObuDD8LbhnH9mZ6vrWM5vrAC4 ;
createtime : 1459445666 ;
msgtype : event ;
eventkey : http://mp.weixin.qq.com/s?__biz=MzA5MzE5NzExNw==&mid=10001097&idx=1&sn=8338ffe385dcd8dd1f376fc1a2fd50ff&scene=18#rd ;
menuid : 208007648 ;

2016-04-01 01:34:11 params :
------------
Array:
rule : -2 ;
module :  ;
message : Array ;

2016-04-01 01:34:11 response :
------------

2016-04-01 09:10:16 trace :
------------
Array:
from : oqCObuKNidkbYd_koWHqyMC3A00o ;
to : gh_5013f37369ce ;
time : 1459473032 ;
type : event ;
event : VIEW ;
tousername : gh_5013f37369ce ;
fromusername : oqCObuKNidkbYd_koWHqyMC3A00o ;
createtime : 1459473032 ;
msgtype : event ;
eventkey : http://mp.weixin.qq.com/s?__biz=MzA5MzE5NzExNw==&mid=10001097&idx=1&sn=8338ffe385dcd8dd1f376fc1a2fd50ff&scene=18#rd ;
menuid : 208007648 ;

2016-04-01 09:10:16 params :
------------
Array:
rule : -2 ;
module :  ;
message : Array ;

2016-04-01 09:10:16 response :
------------

2016-04-01 10:00:14 trace :
------------
Array:
from : oqCObuLghB1v5hHLU1KPz5TPiGWY ;
to : gh_5013f37369ce ;
time : 1459476028 ;
type : event ;
event : VIEW ;
tousername : gh_5013f37369ce ;
fromusername : oqCObuLghB1v5hHLU1KPz5TPiGWY ;
createtime : 1459476028 ;
msgtype : event ;
eventkey : http://mp.weixin.qq.com/s?__biz=MzA5MzE5NzExNw==&mid=10001097&idx=1&sn=8338ffe385dcd8dd1f376fc1a2fd50ff&scene=18#rd ;
menuid : 208007648 ;

2016-04-01 10:00:14 params :
------------
Array:
rule : -2 ;
module :  ;
message : Array ;

2016-04-01 10:00:14 response :
------------

2016-04-01 11:10:27 trace :
------------
Array:
from : oqCObuMJgiZzBEu5yDu96VRq8VbU ;
to : gh_5013f37369ce ;
time : 1459480243 ;
type : event ;
event : VIEW ;
tousername : gh_5013f37369ce ;
fromusername : oqCObuMJgiZzBEu5yDu96VRq8VbU ;
createtime : 1459480243 ;
msgtype : event ;
eventkey : http://mp.weixin.qq.com/s?__biz=MzA5MzE5NzExNw==&mid=10001097&idx=1&sn=8338ffe385dcd8dd1f376fc1a2fd50ff&scene=18#rd ;
menuid : 208007648 ;

2016-04-01 11:10:27 params :
------------
Array:
rule : -2 ;
module :  ;
message : Array ;

2016-04-01 11:10:27 response :
------------

2016-04-01 11:10:37 trace :
------------
Array:
from : oqCObuMJgiZzBEu5yDu96VRq8VbU ;
to : gh_5013f37369ce ;
time : 1459480255 ;
type : event ;
event : VIEW ;
tousername : gh_5013f37369ce ;
fromusername : oqCObuMJgiZzBEu5yDu96VRq8VbU ;
createtime : 1459480255 ;
msgtype : event ;
eventkey : http://mp.weixin.qq.com/s?__biz=MzA5MzE5NzExNw==&mid=10001097&idx=1&sn=8338ffe385dcd8dd1f376fc1a2fd50ff&scene=18#rd ;
menuid : 208007648 ;

2016-04-01 11:10:37 params :
------------
Array:
rule : -2 ;
module :  ;
message : Array ;

2016-04-01 11:10:37 response :
------------

2016-04-01 11:29:10 trace :
------------
Array:
from : oqCObuMJgiZzBEu5yDu96VRq8VbU ;
to : gh_5013f37369ce ;
time : 1459481367 ;
type : event ;
event : VIEW ;
tousername : gh_5013f37369ce ;
fromusername : oqCObuMJgiZzBEu5yDu96VRq8VbU ;
createtime : 1459481367 ;
msgtype : event ;
eventkey : http://mp.weixin.qq.com/s?__biz=MzA5MzE5NzExNw==&mid=10001097&idx=1&sn=8338ffe385dcd8dd1f376fc1a2fd50ff&scene=18#rd ;
menuid : 208007648 ;

2016-04-01 11:29:10 params :
------------
Array:
rule : -2 ;
module :  ;
message : Array ;

2016-04-01 11:29:10 response :
------------

2016-04-01 11:31:43 trace :
------------
Array:
from : oqCObuBLgqWqY4Jrz7rws8lELw5E ;
to : gh_5013f37369ce ;
time : 1459481520 ;
type : event ;
event : VIEW ;
tousername : gh_5013f37369ce ;
fromusername : oqCObuBLgqWqY4Jrz7rws8lELw5E ;
createtime : 1459481520 ;
msgtype : event ;
eventkey : http://mp.weixin.qq.com/s?__biz=MzA5MzE5NzExNw==&mid=10001097&idx=1&sn=8338ffe385dcd8dd1f376fc1a2fd50ff&scene=18#rd ;
menuid : 208007648 ;

2016-04-01 11:31:43 params :
------------
Array:
rule : -2 ;
module :  ;
message : Array ;

2016-04-01 11:31:43 response :
------------

2016-04-01 11:31:51 trace :
------------
Array:
from : oqCObuBLgqWqY4Jrz7rws8lELw5E ;
to : gh_5013f37369ce ;
time : 1459481528 ;
type : event ;
event : VIEW ;
tousername : gh_5013f37369ce ;
fromusername : oqCObuBLgqWqY4Jrz7rws8lELw5E ;
createtime : 1459481528 ;
msgtype : event ;
eventkey : http://mp.weixin.qq.com/s?__biz=MzA5MzE5NzExNw==&mid=10001097&idx=1&sn=8338ffe385dcd8dd1f376fc1a2fd50ff&scene=18#rd ;
menuid : 208007648 ;

2016-04-01 11:31:51 params :
------------
Array:
rule : -2 ;
module :  ;
message : Array ;

2016-04-01 11:31:51 response :
------------

2016-04-01 12:03:09 trace :
------------
Array:
from : oqCObuMJgiZzBEu5yDu96VRq8VbU ;
to : gh_5013f37369ce ;
time : 1459483406 ;
type : event ;
event : VIEW ;
tousername : gh_5013f37369ce ;
fromusername : oqCObuMJgiZzBEu5yDu96VRq8VbU ;
createtime : 1459483406 ;
msgtype : event ;
eventkey : http://mp.weixin.qq.com/s?__biz=MzA5MzE5NzExNw==&mid=10001097&idx=1&sn=8338ffe385dcd8dd1f376fc1a2fd50ff&scene=18#rd ;
menuid : 208007648 ;

2016-04-01 12:03:09 params :
------------
Array:
rule : -2 ;
module :  ;
message : Array ;

2016-04-01 12:03:09 response :
------------

2016-04-01 12:03:20 trace :
------------
Array:
from : oqCObuMJgiZzBEu5yDu96VRq8VbU ;
to : gh_5013f37369ce ;
time : 1459483417 ;
type : event ;
event : VIEW ;
tousername : gh_5013f37369ce ;
fromusername : oqCObuMJgiZzBEu5yDu96VRq8VbU ;
createtime : 1459483417 ;
msgtype : event ;
eventkey : http://mp.weixin.qq.com/s?__biz=MzA5MzE5NzExNw==&mid=10001097&idx=1&sn=8338ffe385dcd8dd1f376fc1a2fd50ff&scene=18#rd ;
menuid : 208007648 ;

2016-04-01 12:03:20 params :
------------
Array:
rule : -2 ;
module :  ;
message : Array ;

2016-04-01 12:03:20 response :
------------

2016-04-01 12:03:24 trace :
------------
Array:
from : oqCObuMJgiZzBEu5yDu96VRq8VbU ;
to : gh_5013f37369ce ;
time : 1459483422 ;
type : event ;
event : VIEW ;
tousername : gh_5013f37369ce ;
fromusername : oqCObuMJgiZzBEu5yDu96VRq8VbU ;
createtime : 1459483422 ;
msgtype : event ;
eventkey : http://mp.weixin.qq.com/s?__biz=MzA5MzE5NzExNw==&mid=10001097&idx=1&sn=8338ffe385dcd8dd1f376fc1a2fd50ff&scene=18#rd ;
menuid : 208007648 ;

2016-04-01 12:03:24 params :
------------
Array:
rule : -2 ;
module :  ;
message : Array ;

2016-04-01 12:03:24 response :
------------

2016-04-01 12:03:54 trace :
------------
Array:
from : oqCObuMJgiZzBEu5yDu96VRq8VbU ;
to : gh_5013f37369ce ;
time : 1459483451 ;
type : event ;
event : VIEW ;
tousername : gh_5013f37369ce ;
fromusername : oqCObuMJgiZzBEu5yDu96VRq8VbU ;
createtime : 1459483451 ;
msgtype : event ;
eventkey : http://mp.weixin.qq.com/s?__biz=MzA5MzE5NzExNw==&mid=10001097&idx=1&sn=8338ffe385dcd8dd1f376fc1a2fd50ff&scene=18#rd ;
menuid : 208007648 ;

2016-04-01 12:03:54 params :
------------
Array:
rule : -2 ;
module :  ;
message : Array ;

2016-04-01 12:03:54 response :
------------

2016-04-01 12:07:56 trace :
------------
Array:
from : oqCObuLI7GIZ8h6sRveNbY9_VPwc ;
to : gh_5013f37369ce ;
time : 1459483693 ;
type : event ;
event : subscribe ;
tousername : gh_5013f37369ce ;
fromusername : oqCObuLI7GIZ8h6sRveNbY9_VPwc ;
createtime : 1459483693 ;
msgtype : event ;
eventkey :  ;

2016-04-01 12:07:56 params :
------------
Array:
rule : -2 ;
module :  ;
message : Array ;

2016-04-01 12:07:56 response :
------------

2016-04-01 13:34:36 trace :
------------
Array:
from : oqCObuC5WRcCJHATstLlR9PV8MLA ;
to : gh_5013f37369ce ;
time : 1459488890 ;
type : event ;
event : subscribe ;
tousername : gh_5013f37369ce ;
fromusername : oqCObuC5WRcCJHATstLlR9PV8MLA ;
createtime : 1459488890 ;
msgtype : event ;
eventkey :  ;

2016-04-01 13:34:36 params :
------------
Array:
rule : -2 ;
module :  ;
message : Array ;

2016-04-01 13:34:36 response :
------------

2016-04-01 13:34:43 trace :
------------
Array:
from : oqCObuC5WRcCJHATstLlR9PV8MLA ;
to : gh_5013f37369ce ;
time : 1459488898 ;
type : event ;
event : VIEW ;
tousername : gh_5013f37369ce ;
fromusername : oqCObuC5WRcCJHATstLlR9PV8MLA ;
createtime : 1459488898 ;
msgtype : event ;
eventkey : http://mp.weixin.qq.com/s?__biz=MzA5MzE5NzExNw==&mid=10001097&idx=1&sn=8338ffe385dcd8dd1f376fc1a2fd50ff&scene=18#rd ;
menuid : 208007648 ;

2016-04-01 13:34:43 params :
------------
Array:
rule : -2 ;
module :  ;
message : Array ;

2016-04-01 13:34:43 response :
------------

2016-04-01 13:35:31 trace :
------------
Array:
from : oqCObuC5WRcCJHATstLlR9PV8MLA ;
to : gh_5013f37369ce ;
time : 1459488948 ;
type : event ;
event : VIEW ;
tousername : gh_5013f37369ce ;
fromusername : oqCObuC5WRcCJHATstLlR9PV8MLA ;
createtime : 1459488948 ;
msgtype : event ;
eventkey : http://mp.weixin.qq.com/s?__biz=MzA5MzE5NzExNw==&mid=10001097&idx=1&sn=8338ffe385dcd8dd1f376fc1a2fd50ff&scene=18#rd ;
menuid : 208007648 ;

2016-04-01 13:35:31 params :
------------
Array:
rule : -2 ;
module :  ;
message : Array ;

2016-04-01 13:35:31 response :
------------

2016-04-01 13:46:20 trace :
------------
Array:
from : oqCObuBEYnTQtqQq_EOubertqTXc ;
to : gh_5013f37369ce ;
time : 1459489594 ;
type : event ;
event : subscribe ;
tousername : gh_5013f37369ce ;
fromusername : oqCObuBEYnTQtqQq_EOubertqTXc ;
createtime : 1459489594 ;
msgtype : event ;
eventkey :  ;

2016-04-01 13:46:20 params :
------------
Array:
rule : -2 ;
module :  ;
message : Array ;

2016-04-01 13:46:20 response :
------------

2016-04-01 13:47:01 trace :
------------
Array:
from : oqCObuBEYnTQtqQq_EOubertqTXc ;
to : gh_5013f37369ce ;
time : 1459489639 ;
type : event ;
event : VIEW ;
tousername : gh_5013f37369ce ;
fromusername : oqCObuBEYnTQtqQq_EOubertqTXc ;
createtime : 1459489639 ;
msgtype : event ;
eventkey : http://mp.weixin.qq.com/s?__biz=MzA5MzE5NzExNw==&mid=10001097&idx=1&sn=8338ffe385dcd8dd1f376fc1a2fd50ff&scene=18#rd ;
menuid : 208007648 ;

2016-04-01 13:47:01 params :
------------
Array:
rule : -2 ;
module :  ;
message : Array ;

2016-04-01 13:47:02 response :
------------

2016-04-01 13:50:23 trace :
------------
Array:
from : oqCObuBEYnTQtqQq_EOubertqTXc ;
to : gh_5013f37369ce ;
time : 1459489837 ;
type : event ;
event : VIEW ;
tousername : gh_5013f37369ce ;
fromusername : oqCObuBEYnTQtqQq_EOubertqTXc ;
createtime : 1459489837 ;
msgtype : event ;
eventkey : http://mp.weixin.qq.com/s?__biz=MzA5MzE5NzExNw==&mid=10001097&idx=1&sn=8338ffe385dcd8dd1f376fc1a2fd50ff&scene=18#rd ;
menuid : 208007648 ;

2016-04-01 13:50:23 params :
------------
Array:
rule : -2 ;
module :  ;
message : Array ;

2016-04-01 13:50:23 response :
------------

2016-04-01 13:51:14 trace :
------------
Array:
from : oqCObuBEYnTQtqQq_EOubertqTXc ;
to : gh_5013f37369ce ;
time : 1459489888 ;
type : event ;
event : VIEW ;
tousername : gh_5013f37369ce ;
fromusername : oqCObuBEYnTQtqQq_EOubertqTXc ;
createtime : 1459489888 ;
msgtype : event ;
eventkey : http://mp.weixin.qq.com/s?__biz=MzA5MzE5NzExNw==&mid=10001097&idx=1&sn=8338ffe385dcd8dd1f376fc1a2fd50ff&scene=18#rd ;
menuid : 208007648 ;

2016-04-01 13:51:14 params :
------------
Array:
rule : -2 ;
module :  ;
message : Array ;

2016-04-01 13:51:14 response :
------------

2016-04-01 14:36:29 trace :
------------
Array:
from : oqCObuB9UXm-22MHtrLHXVUbViOU ;
to : gh_5013f37369ce ;
time : 1459492604 ;
type : event ;
event : VIEW ;
tousername : gh_5013f37369ce ;
fromusername : oqCObuB9UXm-22MHtrLHXVUbViOU ;
createtime : 1459492604 ;
msgtype : event ;
eventkey : http://mp.weixin.qq.com/s?__biz=MzA5MzE5NzExNw==&mid=10001097&idx=1&sn=8338ffe385dcd8dd1f376fc1a2fd50ff&scene=18#rd ;
menuid : 208007648 ;

2016-04-01 14:36:29 params :
------------
Array:
rule : -2 ;
module :  ;
message : Array ;

2016-04-01 14:36:29 response :
------------

2016-04-01 17:33:07 trace :
------------
Array:
from : oqCObuLqIhcFb1pufMi3E9hcxCUM ;
to : gh_5013f37369ce ;
time : 1459503201 ;
type : event ;
event : VIEW ;
tousername : gh_5013f37369ce ;
fromusername : oqCObuLqIhcFb1pufMi3E9hcxCUM ;
createtime : 1459503201 ;
msgtype : event ;
eventkey : http://mp.weixin.qq.com/s?__biz=MzA5MzE5NzExNw==&mid=10001097&idx=1&sn=8338ffe385dcd8dd1f376fc1a2fd50ff&scene=18#rd ;
menuid : 208007648 ;

2016-04-01 17:33:07 params :
------------
Array:
rule : -2 ;
module :  ;
message : Array ;

2016-04-01 17:33:07 response :
------------

2016-04-01 17:33:13 trace :
------------
Array:
from : oqCObuLqIhcFb1pufMi3E9hcxCUM ;
to : gh_5013f37369ce ;
time : 1459503207 ;
type : event ;
event : VIEW ;
tousername : gh_5013f37369ce ;
fromusername : oqCObuLqIhcFb1pufMi3E9hcxCUM ;
createtime : 1459503207 ;
msgtype : event ;
eventkey : http://mp.weixin.qq.com/s?__biz=MzA5MzE5NzExNw==&mid=10001097&idx=1&sn=8338ffe385dcd8dd1f376fc1a2fd50ff&scene=18#rd ;
menuid : 208007648 ;

2016-04-01 17:33:13 params :
------------
Array:
rule : -2 ;
module :  ;
message : Array ;

2016-04-01 17:33:13 response :
------------

2016-04-01 17:45:32 trace :
------------
Array:
from : oqCObuCeqFHaELj2Ajggocx1OBmw ;
to : gh_5013f37369ce ;
time : 1459503949 ;
type : event ;
event : subscribe ;
tousername : gh_5013f37369ce ;
fromusername : oqCObuCeqFHaELj2Ajggocx1OBmw ;
createtime : 1459503949 ;
msgtype : event ;
eventkey :  ;

2016-04-01 17:45:32 params :
------------
Array:
rule : -2 ;
module :  ;
message : Array ;

2016-04-01 17:45:32 response :
------------

2016-04-01 18:05:30 trace :
------------
Array:
from : oqCObuGIVWy6HKLslMlDoARaNoCs ;
to : gh_5013f37369ce ;
time : 1459505147 ;
type : event ;
event : subscribe ;
tousername : gh_5013f37369ce ;
fromusername : oqCObuGIVWy6HKLslMlDoARaNoCs ;
createtime : 1459505147 ;
msgtype : event ;
eventkey :  ;

2016-04-01 18:05:30 params :
------------
Array:
rule : -2 ;
module :  ;
message : Array ;

2016-04-01 18:05:30 response :
------------

2016-04-01 18:35:33 trace :
------------
Array:
from : oqCObuCHJ_gZKrmXSg3awHD49W04 ;
to : gh_5013f37369ce ;
time : 1459506947 ;
type : event ;
event : subscribe ;
tousername : gh_5013f37369ce ;
fromusername : oqCObuCHJ_gZKrmXSg3awHD49W04 ;
createtime : 1459506947 ;
msgtype : event ;
eventkey :  ;

2016-04-01 18:35:33 params :
------------
Array:
rule : -2 ;
module :  ;
message : Array ;

2016-04-01 18:35:33 response :
------------

2016-04-01 18:35:34 trace :
------------
Array:
from : oqCObuCHJ_gZKrmXSg3awHD49W04 ;
to : gh_5013f37369ce ;
time : 1459506952 ;
type : event ;
event : VIEW ;
tousername : gh_5013f37369ce ;
fromusername : oqCObuCHJ_gZKrmXSg3awHD49W04 ;
createtime : 1459506952 ;
msgtype : event ;
eventkey : http://mp.weixin.qq.com/s?__biz=MzA5MzE5NzExNw==&mid=10001097&idx=1&sn=8338ffe385dcd8dd1f376fc1a2fd50ff&scene=18#rd ;
menuid : 208007648 ;

2016-04-01 18:35:34 params :
------------
Array:
rule : -2 ;
module :  ;
message : Array ;

2016-04-01 18:35:34 response :
------------

2016-04-01 18:35:54 trace :
------------
Array:
from : oqCObuCHJ_gZKrmXSg3awHD49W04 ;
to : gh_5013f37369ce ;
time : 1459506971 ;
type : event ;
event : VIEW ;
tousername : gh_5013f37369ce ;
fromusername : oqCObuCHJ_gZKrmXSg3awHD49W04 ;
createtime : 1459506971 ;
msgtype : event ;
eventkey : http://mp.weixin.qq.com/s?__biz=MzA5MzE5NzExNw==&mid=10001097&idx=1&sn=8338ffe385dcd8dd1f376fc1a2fd50ff&scene=18#rd ;
menuid : 208007648 ;

2016-04-01 18:35:54 params :
------------
Array:
rule : -2 ;
module :  ;
message : Array ;

2016-04-01 18:35:54 response :
------------

2016-04-01 19:42:38 trace :
------------
Array:
from : oqCObuEy0wKLCS5-4Y67Qs6RD2Rg ;
to : gh_5013f37369ce ;
time : 1459510975 ;
type : event ;
event : subscribe ;
tousername : gh_5013f37369ce ;
fromusername : oqCObuEy0wKLCS5-4Y67Qs6RD2Rg ;
createtime : 1459510975 ;
msgtype : event ;
eventkey :  ;

2016-04-01 19:42:38 params :
------------
Array:
rule : -2 ;
module :  ;
message : Array ;

2016-04-01 19:42:38 response :
------------

2016-04-01 21:49:02 trace :
------------
Array:
from : oqCObuFV89348niLU-tVog3kzd0c ;
to : gh_5013f37369ce ;
time : 1459518556 ;
type : event ;
event : VIEW ;
tousername : gh_5013f37369ce ;
fromusername : oqCObuFV89348niLU-tVog3kzd0c ;
createtime : 1459518556 ;
msgtype : event ;
eventkey : http://mp.weixin.qq.com/s?__biz=MzA5MzE5NzExNw==&mid=10001097&idx=1&sn=8338ffe385dcd8dd1f376fc1a2fd50ff&scene=18#rd ;
menuid : 208007648 ;

2016-04-01 21:49:02 params :
------------
Array:
rule : -2 ;
module :  ;
message : Array ;

2016-04-01 21:49:02 response :
------------

2016-04-01 21:51:57 trace :
------------
Array:
from : oqCObuFV89348niLU-tVog3kzd0c ;
to : gh_5013f37369ce ;
time : 1459518734 ;
type : event ;
event : VIEW ;
tousername : gh_5013f37369ce ;
fromusername : oqCObuFV89348niLU-tVog3kzd0c ;
createtime : 1459518734 ;
msgtype : event ;
eventkey : http://mp.weixin.qq.com/s?__biz=MzA5MzE5NzExNw==&mid=10001097&idx=1&sn=8338ffe385dcd8dd1f376fc1a2fd50ff&scene=18#rd ;
menuid : 208007648 ;

2016-04-01 21:51:57 params :
------------
Array:
rule : -2 ;
module :  ;
message : Array ;

2016-04-01 21:51:57 response :
------------

