2016-07-04 08:30:03 trace :
------------
String:
<xml><ToUserName><![CDATA[gh_5013f37369ce]]></ToUserName>
<FromUserName><![CDATA[oqCObuJQhstcPzUbrQpUckmgpV-A]]></FromUserName>
<CreateTime>1467592338</CreateTime>
<MsgType><![CDATA[event]]></MsgType>
<Event><![CDATA[unsubscribe]]></Event>
<EventKey><![CDATA[]]></EventKey>
</xml>

2016-07-04 11:59:36 trace :
------------
String:
<xml><ToUserName><![CDATA[gh_5013f37369ce]]></ToUserName>
<FromUserName><![CDATA[oqCObuA3C1pxDpi3iKAs6D8LFWhw]]></FromUserName>
<CreateTime>1467604908</CreateTime>
<MsgType><![CDATA[event]]></MsgType>
<Event><![CDATA[VIEW]]></Event>
<EventKey><![CDATA[http://mp.weixin.qq.com/s?__biz=MzA5MzE5NzExNw==&mid=10001097&idx=1&sn=8338ffe385dcd8dd1f376fc1a2fd50ff&scene=18#rd]]></EventKey>
<MenuId>208007648</MenuId>
</xml>

2016-07-04 11:59:37 params :
------------
Array:
rule : -2 ;
module :  ;
message : Array ;

2016-07-04 11:59:37 response :
------------

2016-07-04 11:59:46 trace :
------------
String:
<xml><ToUserName><![CDATA[gh_5013f37369ce]]></ToUserName>
<FromUserName><![CDATA[oqCObuA3C1pxDpi3iKAs6D8LFWhw]]></FromUserName>
<CreateTime>1467604921</CreateTime>
<MsgType><![CDATA[event]]></MsgType>
<Event><![CDATA[VIEW]]></Event>
<EventKey><![CDATA[http://mp.weixin.qq.com/s?__biz=MzA5MzE5NzExNw==&mid=10001097&idx=1&sn=8338ffe385dcd8dd1f376fc1a2fd50ff&scene=18#rd]]></EventKey>
<MenuId>208007648</MenuId>
</xml>

2016-07-04 11:59:46 params :
------------
Array:
rule : -2 ;
module :  ;
message : Array ;

2016-07-04 11:59:46 response :
------------

2016-07-04 13:11:19 trace :
------------
String:
<xml><ToUserName><![CDATA[gh_5013f37369ce]]></ToUserName>
<FromUserName><![CDATA[oqCObuMsS79jYfoT0KM-m4cKBBmA]]></FromUserName>
<CreateTime>1467609214</CreateTime>
<MsgType><![CDATA[event]]></MsgType>
<Event><![CDATA[subscribe]]></Event>
<EventKey><![CDATA[]]></EventKey>
</xml>

2016-07-04 13:11:19 params :
------------
Array:
rule : -2 ;
module :  ;
message : Array ;

2016-07-04 13:11:19 response :
------------

2016-07-04 13:11:24 trace :
------------
String:
<xml><ToUserName><![CDATA[gh_5013f37369ce]]></ToUserName>
<FromUserName><![CDATA[oqCObuMsS79jYfoT0KM-m4cKBBmA]]></FromUserName>
<CreateTime>1467609214</CreateTime>
<MsgType><![CDATA[event]]></MsgType>
<Event><![CDATA[subscribe]]></Event>
<EventKey><![CDATA[]]></EventKey>
</xml>

2016-07-04 13:11:24 params :
------------
Array:
rule : -2 ;
module :  ;
message : Array ;

2016-07-04 13:11:24 response :
------------

2016-07-04 13:11:31 trace :
------------
String:
<xml><ToUserName><![CDATA[gh_5013f37369ce]]></ToUserName>
<FromUserName><![CDATA[oqCObuMsS79jYfoT0KM-m4cKBBmA]]></FromUserName>
<CreateTime>1467609214</CreateTime>
<MsgType><![CDATA[event]]></MsgType>
<Event><![CDATA[subscribe]]></Event>
<EventKey><![CDATA[]]></EventKey>
</xml>

2016-07-04 13:11:31 params :
------------
Array:
rule : -2 ;
module :  ;
message : Array ;

2016-07-04 13:11:31 response :
------------

2016-07-04 13:11:35 trace :
------------
String:
<xml><ToUserName><![CDATA[gh_5013f37369ce]]></ToUserName>
<FromUserName><![CDATA[oqCObuMsS79jYfoT0KM-m4cKBBmA]]></FromUserName>
<CreateTime>1467609221</CreateTime>
<MsgType><![CDATA[event]]></MsgType>
<Event><![CDATA[VIEW]]></Event>
<EventKey><![CDATA[http://mp.weixin.qq.com/s?__biz=MzA5MzE5NzExNw==&mid=10001097&idx=1&sn=8338ffe385dcd8dd1f376fc1a2fd50ff&scene=18#rd]]></EventKey>
<MenuId>208007648</MenuId>
</xml>

2016-07-04 13:11:35 params :
------------
Array:
rule : -2 ;
module :  ;
message : Array ;

2016-07-04 13:11:35 response :
------------

2016-07-04 13:11:39 trace :
------------
String:
<xml><ToUserName><![CDATA[gh_5013f37369ce]]></ToUserName>
<FromUserName><![CDATA[oqCObuMsS79jYfoT0KM-m4cKBBmA]]></FromUserName>
<CreateTime>1467609233</CreateTime>
<MsgType><![CDATA[event]]></MsgType>
<Event><![CDATA[VIEW]]></Event>
<EventKey><![CDATA[http://mp.weixin.qq.com/s?__biz=MzA5MzE5NzExNw==&mid=10001097&idx=1&sn=8338ffe385dcd8dd1f376fc1a2fd50ff&scene=18#rd]]></EventKey>
<MenuId>208007648</MenuId>
</xml>

2016-07-04 13:11:39 params :
------------
Array:
rule : -2 ;
module :  ;
message : Array ;

2016-07-04 13:11:39 response :
------------

2016-07-04 14:40:33 trace :
------------
String:
<xml><ToUserName><![CDATA[gh_5013f37369ce]]></ToUserName>
<FromUserName><![CDATA[oqCObuIDDhsKV-2nTCuwtseK2ZLs]]></FromUserName>
<CreateTime>1467614565</CreateTime>
<MsgType><![CDATA[event]]></MsgType>
<Event><![CDATA[unsubscribe]]></Event>
<EventKey><![CDATA[]]></EventKey>
</xml>

2016-07-04 14:54:05 trace :
------------
String:
<xml><ToUserName><![CDATA[gh_5013f37369ce]]></ToUserName>
<FromUserName><![CDATA[oqCObuH6O7j0FkAYbg4Wd36SDc-s]]></FromUserName>
<CreateTime>1467615380</CreateTime>
<MsgType><![CDATA[event]]></MsgType>
<Event><![CDATA[subscribe]]></Event>
<EventKey><![CDATA[]]></EventKey>
</xml>

2016-07-04 14:54:05 params :
------------
Array:
rule : -2 ;
module :  ;
message : Array ;

2016-07-04 14:54:05 response :
------------

2016-07-04 14:54:10 trace :
------------
String:
<xml><ToUserName><![CDATA[gh_5013f37369ce]]></ToUserName>
<FromUserName><![CDATA[oqCObuH6O7j0FkAYbg4Wd36SDc-s]]></FromUserName>
<CreateTime>1467615385</CreateTime>
<MsgType><![CDATA[event]]></MsgType>
<Event><![CDATA[VIEW]]></Event>
<EventKey><![CDATA[http://mp.weixin.qq.com/s?__biz=MzA5MzE5NzExNw==&mid=10001097&idx=1&sn=8338ffe385dcd8dd1f376fc1a2fd50ff&scene=18#rd]]></EventKey>
<MenuId>208007648</MenuId>
</xml>

2016-07-04 14:54:10 params :
------------
Array:
rule : -2 ;
module :  ;
message : Array ;

2016-07-04 14:54:10 response :
------------

2016-07-04 14:54:20 trace :
------------
String:
<xml><ToUserName><![CDATA[gh_5013f37369ce]]></ToUserName>
<FromUserName><![CDATA[oqCObuH6O7j0FkAYbg4Wd36SDc-s]]></FromUserName>
<CreateTime>1467615395</CreateTime>
<MsgType><![CDATA[event]]></MsgType>
<Event><![CDATA[VIEW]]></Event>
<EventKey><![CDATA[http://mp.weixin.qq.com/s?__biz=MzA5MzE5NzExNw==&mid=10001097&idx=1&sn=8338ffe385dcd8dd1f376fc1a2fd50ff&scene=18#rd]]></EventKey>
<MenuId>208007648</MenuId>
</xml>

2016-07-04 14:54:20 params :
------------
Array:
rule : -2 ;
module :  ;
message : Array ;

2016-07-04 14:54:20 response :
------------

2016-07-04 14:54:23 trace :
------------
String:
<xml><ToUserName><![CDATA[gh_5013f37369ce]]></ToUserName>
<FromUserName><![CDATA[oqCObuH6O7j0FkAYbg4Wd36SDc-s]]></FromUserName>
<CreateTime>1467615399</CreateTime>
<MsgType><![CDATA[event]]></MsgType>
<Event><![CDATA[VIEW]]></Event>
<EventKey><![CDATA[http://mp.weixin.qq.com/s?__biz=MzA5MzE5NzExNw==&mid=10001097&idx=1&sn=8338ffe385dcd8dd1f376fc1a2fd50ff&scene=18#rd]]></EventKey>
<MenuId>208007648</MenuId>
</xml>

2016-07-04 14:54:23 params :
------------
Array:
rule : -2 ;
module :  ;
message : Array ;

2016-07-04 14:54:23 response :
------------

2016-07-04 15:55:22 trace :
------------
String:
<xml><ToUserName><![CDATA[gh_5013f37369ce]]></ToUserName>
<FromUserName><![CDATA[oqCObuIeCDKxvccSpmKUarrxjecs]]></FromUserName>
<CreateTime>1467619057</CreateTime>
<MsgType><![CDATA[event]]></MsgType>
<Event><![CDATA[VIEW]]></Event>
<EventKey><![CDATA[http://mp.weixin.qq.com/s?__biz=MzA5MzE5NzExNw==&mid=10001097&idx=1&sn=8338ffe385dcd8dd1f376fc1a2fd50ff&scene=18#rd]]></EventKey>
<MenuId>208007648</MenuId>
</xml>

2016-07-04 15:55:22 params :
------------
Array:
rule : -2 ;
module :  ;
message : Array ;

2016-07-04 15:55:22 response :
------------

2016-07-04 15:55:28 trace :
------------
String:
<xml><ToUserName><![CDATA[gh_5013f37369ce]]></ToUserName>
<FromUserName><![CDATA[oqCObuIeCDKxvccSpmKUarrxjecs]]></FromUserName>
<CreateTime>1467619063</CreateTime>
<MsgType><![CDATA[event]]></MsgType>
<Event><![CDATA[VIEW]]></Event>
<EventKey><![CDATA[http://mp.weixin.qq.com/s?__biz=MzA5MzE5NzExNw==&mid=10001097&idx=1&sn=8338ffe385dcd8dd1f376fc1a2fd50ff&scene=18#rd]]></EventKey>
<MenuId>208007648</MenuId>
</xml>

2016-07-04 15:55:28 params :
------------
Array:
rule : -2 ;
module :  ;
message : Array ;

2016-07-04 15:55:28 response :
------------

2016-07-04 17:39:55 trace :
------------
String:
<xml><ToUserName><![CDATA[gh_5013f37369ce]]></ToUserName>
<FromUserName><![CDATA[oqCObuH6O7j0FkAYbg4Wd36SDc-s]]></FromUserName>
<CreateTime>1467625330</CreateTime>
<MsgType><![CDATA[event]]></MsgType>
<Event><![CDATA[unsubscribe]]></Event>
<EventKey><![CDATA[]]></EventKey>
</xml>

2016-07-04 18:58:54 trace :
------------
String:
<xml><ToUserName><![CDATA[gh_5013f37369ce]]></ToUserName>
<FromUserName><![CDATA[oqCObuBNjqHwwIWNHo431CJqByGU]]></FromUserName>
<CreateTime>1467630069</CreateTime>
<MsgType><![CDATA[event]]></MsgType>
<Event><![CDATA[VIEW]]></Event>
<EventKey><![CDATA[http://mp.weixin.qq.com/s?__biz=MzA5MzE5NzExNw==&mid=10001097&idx=1&sn=8338ffe385dcd8dd1f376fc1a2fd50ff&scene=18#rd]]></EventKey>
<MenuId>208007648</MenuId>
</xml>

2016-07-04 18:58:54 params :
------------
Array:
rule : -2 ;
module :  ;
message : Array ;

2016-07-04 18:58:54 response :
------------

2016-07-04 18:59:22 trace :
------------
String:
<xml><ToUserName><![CDATA[gh_5013f37369ce]]></ToUserName>
<FromUserName><![CDATA[oqCObuBNjqHwwIWNHo431CJqByGU]]></FromUserName>
<CreateTime>1467630097</CreateTime>
<MsgType><![CDATA[event]]></MsgType>
<Event><![CDATA[VIEW]]></Event>
<EventKey><![CDATA[http://mp.weixin.qq.com/s?__biz=MzA5MzE5NzExNw==&mid=10001097&idx=1&sn=8338ffe385dcd8dd1f376fc1a2fd50ff&scene=18#rd]]></EventKey>
<MenuId>208007648</MenuId>
</xml>

2016-07-04 18:59:22 params :
------------
Array:
rule : -2 ;
module :  ;
message : Array ;

2016-07-04 18:59:22 response :
------------

