2016-04-12 01:50:45 trace :
------------
Array:
from : oqCObuL2e2tCKprMvCTGv5k9Zp0Q ;
to : gh_5013f37369ce ;
time : 1460397062 ;
type : event ;
event : subscribe ;
tousername : gh_5013f37369ce ;
fromusername : oqCObuL2e2tCKprMvCTGv5k9Zp0Q ;
createtime : 1460397062 ;
msgtype : event ;
eventkey :  ;

2016-04-12 01:50:45 params :
------------
Array:
rule : -2 ;
module :  ;
message : Array ;

2016-04-12 01:50:45 response :
------------

2016-04-12 01:50:53 trace :
------------
Array:
from : oqCObuL2e2tCKprMvCTGv5k9Zp0Q ;
to : gh_5013f37369ce ;
time : 1460397071 ;
type : event ;
event : VIEW ;
tousername : gh_5013f37369ce ;
fromusername : oqCObuL2e2tCKprMvCTGv5k9Zp0Q ;
createtime : 1460397071 ;
msgtype : event ;
eventkey : http://mp.weixin.qq.com/s?__biz=MzA5MzE5NzExNw==&mid=10001097&idx=1&sn=8338ffe385dcd8dd1f376fc1a2fd50ff&scene=18#rd ;
menuid : 208007648 ;

2016-04-12 01:50:53 params :
------------
Array:
rule : -2 ;
module :  ;
message : Array ;

2016-04-12 01:50:53 response :
------------

2016-04-12 01:51:04 trace :
------------
Array:
from : oqCObuL2e2tCKprMvCTGv5k9Zp0Q ;
to : gh_5013f37369ce ;
time : 1460397082 ;
type : event ;
event : VIEW ;
tousername : gh_5013f37369ce ;
fromusername : oqCObuL2e2tCKprMvCTGv5k9Zp0Q ;
createtime : 1460397082 ;
msgtype : event ;
eventkey : http://mp.weixin.qq.com/s?__biz=MzA5MzE5NzExNw==&mid=10001097&idx=1&sn=8338ffe385dcd8dd1f376fc1a2fd50ff&scene=18#rd ;
menuid : 208007648 ;

2016-04-12 01:51:04 params :
------------
Array:
rule : -2 ;
module :  ;
message : Array ;

2016-04-12 01:51:04 response :
------------

2016-04-12 05:58:27 trace :
------------
Array:
from : oqCObuJgmw1316GaO659ECXz10_o ;
to : gh_5013f37369ce ;
time : 1460411925 ;
type : event ;
event : VIEW ;
tousername : gh_5013f37369ce ;
fromusername : oqCObuJgmw1316GaO659ECXz10_o ;
createtime : 1460411925 ;
msgtype : event ;
eventkey : http://mp.weixin.qq.com/s?__biz=MzA5MzE5NzExNw==&mid=10001097&idx=1&sn=8338ffe385dcd8dd1f376fc1a2fd50ff&scene=18#rd ;
menuid : 208007648 ;

2016-04-12 05:58:27 params :
------------
Array:
rule : -2 ;
module :  ;
message : Array ;

2016-04-12 05:58:27 response :
------------

2016-04-12 06:01:22 trace :
------------
Array:
from : oqCObuJgmw1316GaO659ECXz10_o ;
to : gh_5013f37369ce ;
time : 1460412100 ;
type : event ;
event : VIEW ;
tousername : gh_5013f37369ce ;
fromusername : oqCObuJgmw1316GaO659ECXz10_o ;
createtime : 1460412100 ;
msgtype : event ;
eventkey : http://mp.weixin.qq.com/s?__biz=MzA5MzE5NzExNw==&mid=10001097&idx=1&sn=8338ffe385dcd8dd1f376fc1a2fd50ff&scene=18#rd ;
menuid : 208007648 ;

2016-04-12 06:01:22 params :
------------
Array:
rule : -2 ;
module :  ;
message : Array ;

2016-04-12 06:01:22 response :
------------

2016-04-12 06:01:31 trace :
------------
Array:
from : oqCObuJgmw1316GaO659ECXz10_o ;
to : gh_5013f37369ce ;
time : 1460412109 ;
type : event ;
event : VIEW ;
tousername : gh_5013f37369ce ;
fromusername : oqCObuJgmw1316GaO659ECXz10_o ;
createtime : 1460412109 ;
msgtype : event ;
eventkey : http://mp.weixin.qq.com/s?__biz=MzA5MzE5NzExNw==&mid=10001097&idx=1&sn=8338ffe385dcd8dd1f376fc1a2fd50ff&scene=18#rd ;
menuid : 208007648 ;

2016-04-12 06:01:31 params :
------------
Array:
rule : -2 ;
module :  ;
message : Array ;

2016-04-12 06:01:31 response :
------------

2016-04-12 06:01:53 trace :
------------
Array:
from : oqCObuJgmw1316GaO659ECXz10_o ;
to : gh_5013f37369ce ;
time : 1460412132 ;
type : event ;
event : VIEW ;
tousername : gh_5013f37369ce ;
fromusername : oqCObuJgmw1316GaO659ECXz10_o ;
createtime : 1460412132 ;
msgtype : event ;
eventkey : http://mp.weixin.qq.com/s?__biz=MzA5MzE5NzExNw==&mid=10001097&idx=1&sn=8338ffe385dcd8dd1f376fc1a2fd50ff&scene=18#rd ;
menuid : 208007648 ;

2016-04-12 06:01:53 params :
------------
Array:
rule : -2 ;
module :  ;
message : Array ;

2016-04-12 06:01:53 response :
------------

2016-04-12 08:05:24 trace :
------------
Array:
from : oqCObuAuTpPFJp_M3895eqsSz7zY ;
to : gh_5013f37369ce ;
time : 1460419542 ;
type : event ;
event : subscribe ;
tousername : gh_5013f37369ce ;
fromusername : oqCObuAuTpPFJp_M3895eqsSz7zY ;
createtime : 1460419542 ;
msgtype : event ;
eventkey :  ;

2016-04-12 08:05:24 params :
------------
Array:
rule : -2 ;
module :  ;
message : Array ;

2016-04-12 08:05:24 response :
------------

2016-04-12 08:07:55 trace :
------------
Array:
from : oqCObuOxaQ2C_lEYTGL_sOHKM5Js ;
to : gh_5013f37369ce ;
time : 1460419690 ;
type : event ;
event : subscribe ;
tousername : gh_5013f37369ce ;
fromusername : oqCObuOxaQ2C_lEYTGL_sOHKM5Js ;
createtime : 1460419690 ;
msgtype : event ;
eventkey :  ;

2016-04-12 08:07:55 params :
------------
Array:
rule : -2 ;
module :  ;
message : Array ;

2016-04-12 08:07:55 response :
------------

2016-04-12 08:34:50 trace :
------------
Array:
from : oqCObuDwzjaY1U6dooYBkS_U3MkY ;
to : gh_5013f37369ce ;
time : 1460421308 ;
type : event ;
event : subscribe ;
tousername : gh_5013f37369ce ;
fromusername : oqCObuDwzjaY1U6dooYBkS_U3MkY ;
createtime : 1460421308 ;
msgtype : event ;
eventkey :  ;

2016-04-12 08:34:50 params :
------------
Array:
rule : -2 ;
module :  ;
message : Array ;

2016-04-12 08:34:50 response :
------------

2016-04-12 09:09:56 trace :
------------
Array:
from : oqCObuCC0qebouLeoc-mc6s5j3iM ;
to : gh_5013f37369ce ;
time : 1460423414 ;
type : event ;
event : subscribe ;
tousername : gh_5013f37369ce ;
fromusername : oqCObuCC0qebouLeoc-mc6s5j3iM ;
createtime : 1460423414 ;
msgtype : event ;
eventkey :  ;

2016-04-12 09:09:56 params :
------------
Array:
rule : -2 ;
module :  ;
message : Array ;

2016-04-12 09:09:56 response :
------------

2016-04-12 09:11:24 trace :
------------
Array:
from : oqCObuCH0KTlMzLaNak6Vc_PuCjI ;
to : gh_5013f37369ce ;
time : 1460423502 ;
type : event ;
event : subscribe ;
tousername : gh_5013f37369ce ;
fromusername : oqCObuCH0KTlMzLaNak6Vc_PuCjI ;
createtime : 1460423502 ;
msgtype : event ;
eventkey :  ;

2016-04-12 09:11:24 params :
------------
Array:
rule : -2 ;
module :  ;
message : Array ;

2016-04-12 09:11:24 response :
------------

2016-04-12 10:54:01 trace :
------------
Array:
from : oqCObuKaHAs1yrGYSEe_yfgNywRM ;
to : gh_5013f37369ce ;
time : 1460429656 ;
type : event ;
event : subscribe ;
tousername : gh_5013f37369ce ;
fromusername : oqCObuKaHAs1yrGYSEe_yfgNywRM ;
createtime : 1460429656 ;
msgtype : event ;
eventkey :  ;

2016-04-12 10:54:01 params :
------------
Array:
rule : -2 ;
module :  ;
message : Array ;

2016-04-12 10:54:01 response :
------------

2016-04-12 10:54:57 trace :
------------
Array:
from : oqCObuKaHAs1yrGYSEe_yfgNywRM ;
to : gh_5013f37369ce ;
time : 1460429716 ;
type : event ;
event : VIEW ;
tousername : gh_5013f37369ce ;
fromusername : oqCObuKaHAs1yrGYSEe_yfgNywRM ;
createtime : 1460429716 ;
msgtype : event ;
eventkey : http://mp.weixin.qq.com/s?__biz=MzA5MzE5NzExNw==&mid=10001097&idx=1&sn=8338ffe385dcd8dd1f376fc1a2fd50ff&scene=18#rd ;
menuid : 208007648 ;

2016-04-12 10:54:57 params :
------------
Array:
rule : -2 ;
module :  ;
message : Array ;

2016-04-12 10:54:57 response :
------------

2016-04-12 10:55:14 trace :
------------
Array:
from : oqCObuKaHAs1yrGYSEe_yfgNywRM ;
to : gh_5013f37369ce ;
time : 1460429733 ;
type : event ;
event : VIEW ;
tousername : gh_5013f37369ce ;
fromusername : oqCObuKaHAs1yrGYSEe_yfgNywRM ;
createtime : 1460429733 ;
msgtype : event ;
eventkey : http://mp.weixin.qq.com/s?__biz=MzA5MzE5NzExNw==&mid=10001097&idx=1&sn=8338ffe385dcd8dd1f376fc1a2fd50ff&scene=18#rd ;
menuid : 208007648 ;

2016-04-12 10:55:14 params :
------------
Array:
rule : -2 ;
module :  ;
message : Array ;

2016-04-12 10:55:14 response :
------------

2016-04-12 12:42:45 trace :
------------
Array:
from : oqCObuIj2GdrCC_VtiU7J5pU5pWw ;
to : gh_5013f37369ce ;
time : 1460436182 ;
type : event ;
event : subscribe ;
tousername : gh_5013f37369ce ;
fromusername : oqCObuIj2GdrCC_VtiU7J5pU5pWw ;
createtime : 1460436182 ;
msgtype : event ;
eventkey :  ;

2016-04-12 12:42:45 params :
------------
Array:
rule : -2 ;
module :  ;
message : Array ;

2016-04-12 12:42:45 response :
------------

2016-04-12 12:59:42 trace :
------------
Array:
from : oqCObuISHokH-mQFzKUmHG44ynAw ;
to : gh_5013f37369ce ;
time : 1460437197 ;
type : event ;
event : subscribe ;
tousername : gh_5013f37369ce ;
fromusername : oqCObuISHokH-mQFzKUmHG44ynAw ;
createtime : 1460437197 ;
msgtype : event ;
eventkey :  ;

2016-04-12 12:59:42 params :
------------
Array:
rule : -2 ;
module :  ;
message : Array ;

2016-04-12 12:59:42 response :
------------

2016-04-12 13:52:48 trace :
------------
Array:
from : oqCObuAy5OX4H9FeJkeYHywCAvqk ;
to : gh_5013f37369ce ;
time : 1460440386 ;
type : event ;
event : subscribe ;
tousername : gh_5013f37369ce ;
fromusername : oqCObuAy5OX4H9FeJkeYHywCAvqk ;
createtime : 1460440386 ;
msgtype : event ;
eventkey :  ;

2016-04-12 13:52:48 params :
------------
Array:
rule : -2 ;
module :  ;
message : Array ;

2016-04-12 13:52:48 response :
------------

2016-04-12 14:18:06 trace :
------------
Array:
from : oqCObuNkcaDnWxRnr0rXjQT9MVl4 ;
to : gh_5013f37369ce ;
time : 1460441904 ;
type : event ;
event : subscribe ;
tousername : gh_5013f37369ce ;
fromusername : oqCObuNkcaDnWxRnr0rXjQT9MVl4 ;
createtime : 1460441904 ;
msgtype : event ;
eventkey :  ;

2016-04-12 14:18:06 params :
------------
Array:
rule : -2 ;
module :  ;
message : Array ;

2016-04-12 14:18:06 response :
------------

2016-04-12 14:18:39 trace :
------------
Array:
from : oqCObuNkcaDnWxRnr0rXjQT9MVl4 ;
to : gh_5013f37369ce ;
time : 1460441937 ;
type : event ;
event : VIEW ;
tousername : gh_5013f37369ce ;
fromusername : oqCObuNkcaDnWxRnr0rXjQT9MVl4 ;
createtime : 1460441937 ;
msgtype : event ;
eventkey : http://mp.weixin.qq.com/s?__biz=MzA5MzE5NzExNw==&mid=10001097&idx=1&sn=8338ffe385dcd8dd1f376fc1a2fd50ff&scene=18#rd ;
menuid : 208007648 ;

2016-04-12 14:18:39 params :
------------
Array:
rule : -2 ;
module :  ;
message : Array ;

2016-04-12 14:18:39 response :
------------

2016-04-12 14:26:59 trace :
------------
Array:
from : oqCObuNkcaDnWxRnr0rXjQT9MVl4 ;
to : gh_5013f37369ce ;
time : 1460442437 ;
type : event ;
event : VIEW ;
tousername : gh_5013f37369ce ;
fromusername : oqCObuNkcaDnWxRnr0rXjQT9MVl4 ;
createtime : 1460442437 ;
msgtype : event ;
eventkey : http://mp.weixin.qq.com/s?__biz=MzA5MzE5NzExNw==&mid=10001097&idx=1&sn=8338ffe385dcd8dd1f376fc1a2fd50ff&scene=18#rd ;
menuid : 208007648 ;

2016-04-12 14:26:59 params :
------------
Array:
rule : -2 ;
module :  ;
message : Array ;

2016-04-12 14:26:59 response :
------------

2016-04-12 14:29:36 trace :
------------
Array:
from : oqCObuNkcaDnWxRnr0rXjQT9MVl4 ;
to : gh_5013f37369ce ;
time : 1460442594 ;
type : event ;
event : VIEW ;
tousername : gh_5013f37369ce ;
fromusername : oqCObuNkcaDnWxRnr0rXjQT9MVl4 ;
createtime : 1460442594 ;
msgtype : event ;
eventkey : http://mp.weixin.qq.com/s?__biz=MzA5MzE5NzExNw==&mid=10001097&idx=1&sn=8338ffe385dcd8dd1f376fc1a2fd50ff&scene=18#rd ;
menuid : 208007648 ;

2016-04-12 14:29:36 params :
------------
Array:
rule : -2 ;
module :  ;
message : Array ;

2016-04-12 14:29:36 response :
------------

2016-04-12 14:35:31 trace :
------------
Array:
from : oqCObuKn98Udws3V9vA2x8xKxqo0 ;
to : gh_5013f37369ce ;
time : 1460442949 ;
type : event ;
event : subscribe ;
tousername : gh_5013f37369ce ;
fromusername : oqCObuKn98Udws3V9vA2x8xKxqo0 ;
createtime : 1460442949 ;
msgtype : event ;
eventkey :  ;

2016-04-12 14:35:31 params :
------------
Array:
rule : -2 ;
module :  ;
message : Array ;

2016-04-12 14:35:31 response :
------------

2016-04-12 14:35:43 trace :
------------
Array:
from : oqCObuKn98Udws3V9vA2x8xKxqo0 ;
to : gh_5013f37369ce ;
time : 1460442961 ;
type : event ;
event : VIEW ;
tousername : gh_5013f37369ce ;
fromusername : oqCObuKn98Udws3V9vA2x8xKxqo0 ;
createtime : 1460442961 ;
msgtype : event ;
eventkey : http://mp.weixin.qq.com/s?__biz=MzA5MzE5NzExNw==&mid=10001097&idx=1&sn=8338ffe385dcd8dd1f376fc1a2fd50ff&scene=18#rd ;
menuid : 208007648 ;

2016-04-12 14:35:43 params :
------------
Array:
rule : -2 ;
module :  ;
message : Array ;

2016-04-12 14:35:43 response :
------------

2016-04-12 14:36:21 trace :
------------
Array:
from : oqCObuKn98Udws3V9vA2x8xKxqo0 ;
to : gh_5013f37369ce ;
time : 1460442999 ;
type : event ;
event : VIEW ;
tousername : gh_5013f37369ce ;
fromusername : oqCObuKn98Udws3V9vA2x8xKxqo0 ;
createtime : 1460442999 ;
msgtype : event ;
eventkey : http://mp.weixin.qq.com/s?__biz=MzA5MzE5NzExNw==&mid=10001097&idx=1&sn=8338ffe385dcd8dd1f376fc1a2fd50ff&scene=18#rd ;
menuid : 208007648 ;

2016-04-12 14:36:21 params :
------------
Array:
rule : -2 ;
module :  ;
message : Array ;

2016-04-12 14:36:21 response :
------------

2016-04-12 14:36:30 trace :
------------
Array:
from : oqCObuKn98Udws3V9vA2x8xKxqo0 ;
to : gh_5013f37369ce ;
time : 1460443008 ;
type : event ;
event : VIEW ;
tousername : gh_5013f37369ce ;
fromusername : oqCObuKn98Udws3V9vA2x8xKxqo0 ;
createtime : 1460443008 ;
msgtype : event ;
eventkey : http://mp.weixin.qq.com/s?__biz=MzA5MzE5NzExNw==&mid=10001097&idx=1&sn=8338ffe385dcd8dd1f376fc1a2fd50ff&scene=18#rd ;
menuid : 208007648 ;

2016-04-12 14:36:30 params :
------------
Array:
rule : -2 ;
module :  ;
message : Array ;

2016-04-12 14:36:30 response :
------------

2016-04-12 14:36:43 trace :
------------
Array:
from : oqCObuKn98Udws3V9vA2x8xKxqo0 ;
to : gh_5013f37369ce ;
time : 1460443021 ;
type : event ;
event : VIEW ;
tousername : gh_5013f37369ce ;
fromusername : oqCObuKn98Udws3V9vA2x8xKxqo0 ;
createtime : 1460443021 ;
msgtype : event ;
eventkey : http://mp.weixin.qq.com/s?__biz=MzA5MzE5NzExNw==&mid=10001097&idx=1&sn=8338ffe385dcd8dd1f376fc1a2fd50ff&scene=18#rd ;
menuid : 208007648 ;

2016-04-12 14:36:43 params :
------------
Array:
rule : -2 ;
module :  ;
message : Array ;

2016-04-12 14:36:43 response :
------------

2016-04-12 14:37:19 trace :
------------
Array:
from : oqCObuKn98Udws3V9vA2x8xKxqo0 ;
to : gh_5013f37369ce ;
time : 1460443058 ;
type : event ;
event : VIEW ;
tousername : gh_5013f37369ce ;
fromusername : oqCObuKn98Udws3V9vA2x8xKxqo0 ;
createtime : 1460443058 ;
msgtype : event ;
eventkey : http://mp.weixin.qq.com/s?__biz=MzA5MzE5NzExNw==&mid=10001097&idx=1&sn=8338ffe385dcd8dd1f376fc1a2fd50ff&scene=18#rd ;
menuid : 208007648 ;

2016-04-12 14:37:19 params :
------------
Array:
rule : -2 ;
module :  ;
message : Array ;

2016-04-12 14:37:19 response :
------------

2016-04-12 14:37:48 trace :
------------
Array:
from : oqCObuKn98Udws3V9vA2x8xKxqo0 ;
to : gh_5013f37369ce ;
time : 1460443086 ;
type : event ;
event : VIEW ;
tousername : gh_5013f37369ce ;
fromusername : oqCObuKn98Udws3V9vA2x8xKxqo0 ;
createtime : 1460443086 ;
msgtype : event ;
eventkey : http://mp.weixin.qq.com/s?__biz=MzA5MzE5NzExNw==&mid=10001097&idx=1&sn=8338ffe385dcd8dd1f376fc1a2fd50ff&scene=18#rd ;
menuid : 208007648 ;

2016-04-12 14:37:48 params :
------------
Array:
rule : -2 ;
module :  ;
message : Array ;

2016-04-12 14:37:48 response :
------------

2016-04-12 14:37:52 trace :
------------
Array:
from : oqCObuKn98Udws3V9vA2x8xKxqo0 ;
to : gh_5013f37369ce ;
time : 1460443091 ;
type : event ;
event : VIEW ;
tousername : gh_5013f37369ce ;
fromusername : oqCObuKn98Udws3V9vA2x8xKxqo0 ;
createtime : 1460443091 ;
msgtype : event ;
eventkey : http://mp.weixin.qq.com/s?__biz=MzA5MzE5NzExNw==&mid=10001097&idx=1&sn=8338ffe385dcd8dd1f376fc1a2fd50ff&scene=18#rd ;
menuid : 208007648 ;

2016-04-12 14:37:52 params :
------------
Array:
rule : -2 ;
module :  ;
message : Array ;

2016-04-12 14:37:52 response :
------------

2016-04-12 14:38:05 trace :
------------
Array:
from : oqCObuKn98Udws3V9vA2x8xKxqo0 ;
to : gh_5013f37369ce ;
time : 1460443103 ;
type : event ;
event : VIEW ;
tousername : gh_5013f37369ce ;
fromusername : oqCObuKn98Udws3V9vA2x8xKxqo0 ;
createtime : 1460443103 ;
msgtype : event ;
eventkey : http://mp.weixin.qq.com/s?__biz=MzA5MzE5NzExNw==&mid=10001097&idx=1&sn=8338ffe385dcd8dd1f376fc1a2fd50ff&scene=18#rd ;
menuid : 208007648 ;

2016-04-12 14:38:05 params :
------------
Array:
rule : -2 ;
module :  ;
message : Array ;

2016-04-12 14:38:05 response :
------------

2016-04-12 14:53:32 trace :
------------
Array:
from : oqCObuIebuDKxEjKSEB027TwOvEQ ;
to : gh_5013f37369ce ;
time : 1460444028 ;
type : event ;
event : VIEW ;
tousername : gh_5013f37369ce ;
fromusername : oqCObuIebuDKxEjKSEB027TwOvEQ ;
createtime : 1460444028 ;
msgtype : event ;
eventkey : http://mp.weixin.qq.com/s?__biz=MzA5MzE5NzExNw==&mid=10001097&idx=1&sn=8338ffe385dcd8dd1f376fc1a2fd50ff&scene=18#rd ;
menuid : 208007648 ;

2016-04-12 14:53:32 params :
------------
Array:
rule : -2 ;
module :  ;
message : Array ;

2016-04-12 14:53:32 response :
------------

2016-04-12 14:53:38 trace :
------------
Array:
from : oqCObuIebuDKxEjKSEB027TwOvEQ ;
to : gh_5013f37369ce ;
time : 1460444037 ;
type : event ;
event : VIEW ;
tousername : gh_5013f37369ce ;
fromusername : oqCObuIebuDKxEjKSEB027TwOvEQ ;
createtime : 1460444037 ;
msgtype : event ;
eventkey : http://mp.weixin.qq.com/s?__biz=MzA5MzE5NzExNw==&mid=10001097&idx=1&sn=8338ffe385dcd8dd1f376fc1a2fd50ff&scene=18#rd ;
menuid : 208007648 ;

2016-04-12 14:53:38 params :
------------
Array:
rule : -2 ;
module :  ;
message : Array ;

2016-04-12 14:53:38 response :
------------

2016-04-12 14:53:44 trace :
------------
Array:
from : oqCObuIebuDKxEjKSEB027TwOvEQ ;
to : gh_5013f37369ce ;
time : 1460444042 ;
type : event ;
event : VIEW ;
tousername : gh_5013f37369ce ;
fromusername : oqCObuIebuDKxEjKSEB027TwOvEQ ;
createtime : 1460444042 ;
msgtype : event ;
eventkey : http://mp.weixin.qq.com/s?__biz=MzA5MzE5NzExNw==&mid=10001097&idx=1&sn=8338ffe385dcd8dd1f376fc1a2fd50ff&scene=18#rd ;
menuid : 208007648 ;

2016-04-12 14:53:44 params :
------------
Array:
rule : -2 ;
module :  ;
message : Array ;

2016-04-12 14:53:44 response :
------------

2016-04-12 14:53:53 trace :
------------
Array:
from : oqCObuIebuDKxEjKSEB027TwOvEQ ;
to : gh_5013f37369ce ;
time : 1460444052 ;
type : event ;
event : VIEW ;
tousername : gh_5013f37369ce ;
fromusername : oqCObuIebuDKxEjKSEB027TwOvEQ ;
createtime : 1460444052 ;
msgtype : event ;
eventkey : http://mp.weixin.qq.com/s?__biz=MzA5MzE5NzExNw==&mid=10001097&idx=1&sn=8338ffe385dcd8dd1f376fc1a2fd50ff&scene=18#rd ;
menuid : 208007648 ;

2016-04-12 14:53:53 params :
------------
Array:
rule : -2 ;
module :  ;
message : Array ;

2016-04-12 14:53:53 response :
------------

2016-04-12 15:05:37 trace :
------------
Array:
from : oqCObuCIHMbdK57lzJCfe55-ly_s ;
to : gh_5013f37369ce ;
time : 1460444755 ;
type : event ;
event : VIEW ;
tousername : gh_5013f37369ce ;
fromusername : oqCObuCIHMbdK57lzJCfe55-ly_s ;
createtime : 1460444755 ;
msgtype : event ;
eventkey : http://mp.weixin.qq.com/s?__biz=MzA5MzE5NzExNw==&mid=10001097&idx=1&sn=8338ffe385dcd8dd1f376fc1a2fd50ff&scene=18#rd ;
menuid : 208007648 ;

2016-04-12 15:05:37 params :
------------
Array:
rule : -2 ;
module :  ;
message : Array ;

2016-04-12 15:05:37 response :
------------

2016-04-12 15:05:50 trace :
------------
Array:
from : oqCObuCIHMbdK57lzJCfe55-ly_s ;
to : gh_5013f37369ce ;
time : 1460444768 ;
type : event ;
event : VIEW ;
tousername : gh_5013f37369ce ;
fromusername : oqCObuCIHMbdK57lzJCfe55-ly_s ;
createtime : 1460444768 ;
msgtype : event ;
eventkey : http://mp.weixin.qq.com/s?__biz=MzA5MzE5NzExNw==&mid=10001097&idx=1&sn=8338ffe385dcd8dd1f376fc1a2fd50ff&scene=18#rd ;
menuid : 208007648 ;

2016-04-12 15:05:50 params :
------------
Array:
rule : -2 ;
module :  ;
message : Array ;

2016-04-12 15:05:50 response :
------------

2016-04-12 15:06:17 trace :
------------
Array:
from : oqCObuCIHMbdK57lzJCfe55-ly_s ;
to : gh_5013f37369ce ;
time : 1460444795 ;
type : event ;
event : VIEW ;
tousername : gh_5013f37369ce ;
fromusername : oqCObuCIHMbdK57lzJCfe55-ly_s ;
createtime : 1460444795 ;
msgtype : event ;
eventkey : http://mp.weixin.qq.com/s?__biz=MzA5MzE5NzExNw==&mid=10001097&idx=1&sn=8338ffe385dcd8dd1f376fc1a2fd50ff&scene=18#rd ;
menuid : 208007648 ;

2016-04-12 15:06:17 params :
------------
Array:
rule : -2 ;
module :  ;
message : Array ;

2016-04-12 15:06:17 response :
------------

2016-04-12 15:06:54 trace :
------------
Array:
from : oqCObuCIHMbdK57lzJCfe55-ly_s ;
to : gh_5013f37369ce ;
time : 1460444832 ;
type : event ;
event : VIEW ;
tousername : gh_5013f37369ce ;
fromusername : oqCObuCIHMbdK57lzJCfe55-ly_s ;
createtime : 1460444832 ;
msgtype : event ;
eventkey : http://mp.weixin.qq.com/s?__biz=MzA5MzE5NzExNw==&mid=10001097&idx=1&sn=8338ffe385dcd8dd1f376fc1a2fd50ff&scene=18#rd ;
menuid : 208007648 ;

2016-04-12 15:06:54 params :
------------
Array:
rule : -2 ;
module :  ;
message : Array ;

2016-04-12 15:06:54 response :
------------

2016-04-12 15:07:37 trace :
------------
Array:
from : oqCObuCIHMbdK57lzJCfe55-ly_s ;
to : gh_5013f37369ce ;
time : 1460444875 ;
type : event ;
event : VIEW ;
tousername : gh_5013f37369ce ;
fromusername : oqCObuCIHMbdK57lzJCfe55-ly_s ;
createtime : 1460444875 ;
msgtype : event ;
eventkey : http://mp.weixin.qq.com/s?__biz=MzA5MzE5NzExNw==&mid=10001097&idx=1&sn=8338ffe385dcd8dd1f376fc1a2fd50ff&scene=18#rd ;
menuid : 208007648 ;

2016-04-12 15:07:37 params :
------------
Array:
rule : -2 ;
module :  ;
message : Array ;

2016-04-12 15:07:37 response :
------------

2016-04-12 15:08:16 trace :
------------
Array:
from : oqCObuCIHMbdK57lzJCfe55-ly_s ;
to : gh_5013f37369ce ;
time : 1460444914 ;
type : event ;
event : VIEW ;
tousername : gh_5013f37369ce ;
fromusername : oqCObuCIHMbdK57lzJCfe55-ly_s ;
createtime : 1460444914 ;
msgtype : event ;
eventkey : http://mp.weixin.qq.com/s?__biz=MzA5MzE5NzExNw==&mid=10001097&idx=1&sn=8338ffe385dcd8dd1f376fc1a2fd50ff&scene=18#rd ;
menuid : 208007648 ;

2016-04-12 15:08:16 params :
------------
Array:
rule : -2 ;
module :  ;
message : Array ;

2016-04-12 15:08:16 response :
------------

2016-04-12 15:08:38 trace :
------------
Array:
from : oqCObuCIHMbdK57lzJCfe55-ly_s ;
to : gh_5013f37369ce ;
time : 1460444937 ;
type : event ;
event : VIEW ;
tousername : gh_5013f37369ce ;
fromusername : oqCObuCIHMbdK57lzJCfe55-ly_s ;
createtime : 1460444937 ;
msgtype : event ;
eventkey : http://mp.weixin.qq.com/s?__biz=MzA5MzE5NzExNw==&mid=10001097&idx=1&sn=8338ffe385dcd8dd1f376fc1a2fd50ff&scene=18#rd ;
menuid : 208007648 ;

2016-04-12 15:08:38 params :
------------
Array:
rule : -2 ;
module :  ;
message : Array ;

2016-04-12 15:08:38 response :
------------

2016-04-12 15:09:39 trace :
------------
Array:
from : oqCObuCIHMbdK57lzJCfe55-ly_s ;
to : gh_5013f37369ce ;
time : 1460444997 ;
type : event ;
event : VIEW ;
tousername : gh_5013f37369ce ;
fromusername : oqCObuCIHMbdK57lzJCfe55-ly_s ;
createtime : 1460444997 ;
msgtype : event ;
eventkey : http://mp.weixin.qq.com/s?__biz=MzA5MzE5NzExNw==&mid=10001097&idx=1&sn=8338ffe385dcd8dd1f376fc1a2fd50ff&scene=18#rd ;
menuid : 208007648 ;

2016-04-12 15:09:39 params :
------------
Array:
rule : -2 ;
module :  ;
message : Array ;

2016-04-12 15:09:39 response :
------------

2016-04-12 15:10:44 trace :
------------
Array:
from : oqCObuCIHMbdK57lzJCfe55-ly_s ;
to : gh_5013f37369ce ;
time : 1460445063 ;
type : event ;
event : VIEW ;
tousername : gh_5013f37369ce ;
fromusername : oqCObuCIHMbdK57lzJCfe55-ly_s ;
createtime : 1460445063 ;
msgtype : event ;
eventkey : http://mp.weixin.qq.com/s?__biz=MzA5MzE5NzExNw==&mid=10001097&idx=1&sn=8338ffe385dcd8dd1f376fc1a2fd50ff&scene=18#rd ;
menuid : 208007648 ;

2016-04-12 15:10:44 params :
------------
Array:
rule : -2 ;
module :  ;
message : Array ;

2016-04-12 15:10:44 response :
------------

2016-04-12 15:11:07 trace :
------------
Array:
from : oqCObuCIHMbdK57lzJCfe55-ly_s ;
to : gh_5013f37369ce ;
time : 1460445085 ;
type : event ;
event : VIEW ;
tousername : gh_5013f37369ce ;
fromusername : oqCObuCIHMbdK57lzJCfe55-ly_s ;
createtime : 1460445085 ;
msgtype : event ;
eventkey : http://mp.weixin.qq.com/s?__biz=MzA5MzE5NzExNw==&mid=10001097&idx=1&sn=8338ffe385dcd8dd1f376fc1a2fd50ff&scene=18#rd ;
menuid : 208007648 ;

2016-04-12 15:11:07 params :
------------
Array:
rule : -2 ;
module :  ;
message : Array ;

2016-04-12 15:11:07 response :
------------

2016-04-12 15:12:45 trace :
------------
Array:
from : oqCObuCIHMbdK57lzJCfe55-ly_s ;
to : gh_5013f37369ce ;
time : 1460445184 ;
type : event ;
event : VIEW ;
tousername : gh_5013f37369ce ;
fromusername : oqCObuCIHMbdK57lzJCfe55-ly_s ;
createtime : 1460445184 ;
msgtype : event ;
eventkey : http://mp.weixin.qq.com/s?__biz=MzA5MzE5NzExNw==&mid=10001097&idx=1&sn=8338ffe385dcd8dd1f376fc1a2fd50ff&scene=18#rd ;
menuid : 208007648 ;

2016-04-12 15:12:46 params :
------------
Array:
rule : -2 ;
module :  ;
message : Array ;

2016-04-12 15:12:46 response :
------------

2016-04-12 15:14:11 trace :
------------
Array:
from : oqCObuCIHMbdK57lzJCfe55-ly_s ;
to : gh_5013f37369ce ;
time : 1460445269 ;
type : event ;
event : VIEW ;
tousername : gh_5013f37369ce ;
fromusername : oqCObuCIHMbdK57lzJCfe55-ly_s ;
createtime : 1460445269 ;
msgtype : event ;
eventkey : http://mp.weixin.qq.com/s?__biz=MzA5MzE5NzExNw==&mid=10001097&idx=1&sn=8338ffe385dcd8dd1f376fc1a2fd50ff&scene=18#rd ;
menuid : 208007648 ;

2016-04-12 15:14:11 params :
------------
Array:
rule : -2 ;
module :  ;
message : Array ;

2016-04-12 15:14:11 response :
------------

2016-04-12 15:14:35 trace :
------------
Array:
from : oqCObuCIHMbdK57lzJCfe55-ly_s ;
to : gh_5013f37369ce ;
time : 1460445293 ;
type : event ;
event : VIEW ;
tousername : gh_5013f37369ce ;
fromusername : oqCObuCIHMbdK57lzJCfe55-ly_s ;
createtime : 1460445293 ;
msgtype : event ;
eventkey : http://mp.weixin.qq.com/s?__biz=MzA5MzE5NzExNw==&mid=10001097&idx=1&sn=8338ffe385dcd8dd1f376fc1a2fd50ff&scene=18#rd ;
menuid : 208007648 ;

2016-04-12 15:14:35 params :
------------
Array:
rule : -2 ;
module :  ;
message : Array ;

2016-04-12 15:14:35 response :
------------

2016-04-12 15:14:45 trace :
------------
Array:
from : oqCObuCIHMbdK57lzJCfe55-ly_s ;
to : gh_5013f37369ce ;
time : 1460445303 ;
type : event ;
event : VIEW ;
tousername : gh_5013f37369ce ;
fromusername : oqCObuCIHMbdK57lzJCfe55-ly_s ;
createtime : 1460445303 ;
msgtype : event ;
eventkey : http://mp.weixin.qq.com/s?__biz=MzA5MzE5NzExNw==&mid=10001097&idx=1&sn=8338ffe385dcd8dd1f376fc1a2fd50ff&scene=18#rd ;
menuid : 208007648 ;

2016-04-12 15:14:45 params :
------------
Array:
rule : -2 ;
module :  ;
message : Array ;

2016-04-12 15:14:45 response :
------------

2016-04-12 15:14:58 trace :
------------
Array:
from : oqCObuCIHMbdK57lzJCfe55-ly_s ;
to : gh_5013f37369ce ;
time : 1460445316 ;
type : event ;
event : VIEW ;
tousername : gh_5013f37369ce ;
fromusername : oqCObuCIHMbdK57lzJCfe55-ly_s ;
createtime : 1460445316 ;
msgtype : event ;
eventkey : http://mp.weixin.qq.com/s?__biz=MzA5MzE5NzExNw==&mid=10001097&idx=1&sn=8338ffe385dcd8dd1f376fc1a2fd50ff&scene=18#rd ;
menuid : 208007648 ;

2016-04-12 15:14:58 params :
------------
Array:
rule : -2 ;
module :  ;
message : Array ;

2016-04-12 15:14:58 response :
------------

2016-04-12 15:15:06 trace :
------------
Array:
from : oqCObuCIHMbdK57lzJCfe55-ly_s ;
to : gh_5013f37369ce ;
time : 1460445324 ;
type : event ;
event : VIEW ;
tousername : gh_5013f37369ce ;
fromusername : oqCObuCIHMbdK57lzJCfe55-ly_s ;
createtime : 1460445324 ;
msgtype : event ;
eventkey : http://mp.weixin.qq.com/s?__biz=MzA5MzE5NzExNw==&mid=10001097&idx=1&sn=8338ffe385dcd8dd1f376fc1a2fd50ff&scene=18#rd ;
menuid : 208007648 ;

2016-04-12 15:15:06 params :
------------
Array:
rule : -2 ;
module :  ;
message : Array ;

2016-04-12 15:15:06 response :
------------

2016-04-12 15:15:12 trace :
------------
Array:
from : oqCObuCIHMbdK57lzJCfe55-ly_s ;
to : gh_5013f37369ce ;
time : 1460445330 ;
type : event ;
event : VIEW ;
tousername : gh_5013f37369ce ;
fromusername : oqCObuCIHMbdK57lzJCfe55-ly_s ;
createtime : 1460445330 ;
msgtype : event ;
eventkey : http://mp.weixin.qq.com/s?__biz=MzA5MzE5NzExNw==&mid=10001097&idx=1&sn=8338ffe385dcd8dd1f376fc1a2fd50ff&scene=18#rd ;
menuid : 208007648 ;

2016-04-12 15:15:12 params :
------------
Array:
rule : -2 ;
module :  ;
message : Array ;

2016-04-12 15:15:12 response :
------------

2016-04-12 15:15:48 trace :
------------
Array:
from : oqCObuCIHMbdK57lzJCfe55-ly_s ;
to : gh_5013f37369ce ;
time : 1460445367 ;
type : event ;
event : VIEW ;
tousername : gh_5013f37369ce ;
fromusername : oqCObuCIHMbdK57lzJCfe55-ly_s ;
createtime : 1460445367 ;
msgtype : event ;
eventkey : http://mp.weixin.qq.com/s?__biz=MzA5MzE5NzExNw==&mid=10001097&idx=1&sn=8338ffe385dcd8dd1f376fc1a2fd50ff&scene=18#rd ;
menuid : 208007648 ;

2016-04-12 15:15:48 params :
------------
Array:
rule : -2 ;
module :  ;
message : Array ;

2016-04-12 15:15:48 response :
------------

2016-04-12 15:16:01 trace :
------------
Array:
from : oqCObuCIHMbdK57lzJCfe55-ly_s ;
to : gh_5013f37369ce ;
time : 1460445380 ;
type : event ;
event : VIEW ;
tousername : gh_5013f37369ce ;
fromusername : oqCObuCIHMbdK57lzJCfe55-ly_s ;
createtime : 1460445380 ;
msgtype : event ;
eventkey : http://mp.weixin.qq.com/s?__biz=MzA5MzE5NzExNw==&mid=10001097&idx=1&sn=8338ffe385dcd8dd1f376fc1a2fd50ff&scene=18#rd ;
menuid : 208007648 ;

2016-04-12 15:16:01 params :
------------
Array:
rule : -2 ;
module :  ;
message : Array ;

2016-04-12 15:16:01 response :
------------

2016-04-12 15:16:09 trace :
------------
Array:
from : oqCObuCIHMbdK57lzJCfe55-ly_s ;
to : gh_5013f37369ce ;
time : 1460445387 ;
type : event ;
event : VIEW ;
tousername : gh_5013f37369ce ;
fromusername : oqCObuCIHMbdK57lzJCfe55-ly_s ;
createtime : 1460445387 ;
msgtype : event ;
eventkey : http://mp.weixin.qq.com/s?__biz=MzA5MzE5NzExNw==&mid=10001097&idx=1&sn=8338ffe385dcd8dd1f376fc1a2fd50ff&scene=18#rd ;
menuid : 208007648 ;

2016-04-12 15:16:09 params :
------------
Array:
rule : -2 ;
module :  ;
message : Array ;

2016-04-12 15:16:09 response :
------------

2016-04-12 16:10:07 trace :
------------
Array:
from : oqCObuCIHMbdK57lzJCfe55-ly_s ;
to : gh_5013f37369ce ;
time : 1460448625 ;
type : event ;
event : VIEW ;
tousername : gh_5013f37369ce ;
fromusername : oqCObuCIHMbdK57lzJCfe55-ly_s ;
createtime : 1460448625 ;
msgtype : event ;
eventkey : http://mp.weixin.qq.com/s?__biz=MzA5MzE5NzExNw==&mid=10001097&idx=1&sn=8338ffe385dcd8dd1f376fc1a2fd50ff&scene=18#rd ;
menuid : 208007648 ;

2016-04-12 16:10:07 params :
------------
Array:
rule : -2 ;
module :  ;
message : Array ;

2016-04-12 16:10:07 response :
------------

2016-04-12 16:12:22 trace :
------------
Array:
from : oqCObuCIHMbdK57lzJCfe55-ly_s ;
to : gh_5013f37369ce ;
time : 1460448760 ;
type : event ;
event : VIEW ;
tousername : gh_5013f37369ce ;
fromusername : oqCObuCIHMbdK57lzJCfe55-ly_s ;
createtime : 1460448760 ;
msgtype : event ;
eventkey : http://mp.weixin.qq.com/s?__biz=MzA5MzE5NzExNw==&mid=10001097&idx=1&sn=8338ffe385dcd8dd1f376fc1a2fd50ff&scene=18#rd ;
menuid : 208007648 ;

2016-04-12 16:12:22 params :
------------
Array:
rule : -2 ;
module :  ;
message : Array ;

2016-04-12 16:12:22 response :
------------

2016-04-12 16:12:33 trace :
------------
Array:
from : oqCObuCIHMbdK57lzJCfe55-ly_s ;
to : gh_5013f37369ce ;
time : 1460448772 ;
type : event ;
event : VIEW ;
tousername : gh_5013f37369ce ;
fromusername : oqCObuCIHMbdK57lzJCfe55-ly_s ;
createtime : 1460448772 ;
msgtype : event ;
eventkey : http://mp.weixin.qq.com/s?__biz=MzA5MzE5NzExNw==&mid=10001097&idx=1&sn=8338ffe385dcd8dd1f376fc1a2fd50ff&scene=18#rd ;
menuid : 208007648 ;

2016-04-12 16:12:33 params :
------------
Array:
rule : -2 ;
module :  ;
message : Array ;

2016-04-12 16:12:33 response :
------------

2016-04-12 16:12:42 trace :
------------
Array:
from : oqCObuCIHMbdK57lzJCfe55-ly_s ;
to : gh_5013f37369ce ;
time : 1460448781 ;
type : event ;
event : VIEW ;
tousername : gh_5013f37369ce ;
fromusername : oqCObuCIHMbdK57lzJCfe55-ly_s ;
createtime : 1460448781 ;
msgtype : event ;
eventkey : http://mp.weixin.qq.com/s?__biz=MzA5MzE5NzExNw==&mid=10001097&idx=1&sn=8338ffe385dcd8dd1f376fc1a2fd50ff&scene=18#rd ;
menuid : 208007648 ;

2016-04-12 16:12:42 params :
------------
Array:
rule : -2 ;
module :  ;
message : Array ;

2016-04-12 16:12:42 response :
------------

2016-04-12 16:12:58 trace :
------------
Array:
from : oqCObuCIHMbdK57lzJCfe55-ly_s ;
to : gh_5013f37369ce ;
time : 1460448796 ;
type : event ;
event : VIEW ;
tousername : gh_5013f37369ce ;
fromusername : oqCObuCIHMbdK57lzJCfe55-ly_s ;
createtime : 1460448796 ;
msgtype : event ;
eventkey : http://mp.weixin.qq.com/s?__biz=MzA5MzE5NzExNw==&mid=10001097&idx=1&sn=8338ffe385dcd8dd1f376fc1a2fd50ff&scene=18#rd ;
menuid : 208007648 ;

2016-04-12 16:12:58 params :
------------
Array:
rule : -2 ;
module :  ;
message : Array ;

2016-04-12 16:12:58 response :
------------

2016-04-12 16:13:08 trace :
------------
Array:
from : oqCObuCIHMbdK57lzJCfe55-ly_s ;
to : gh_5013f37369ce ;
time : 1460448806 ;
type : event ;
event : VIEW ;
tousername : gh_5013f37369ce ;
fromusername : oqCObuCIHMbdK57lzJCfe55-ly_s ;
createtime : 1460448806 ;
msgtype : event ;
eventkey : http://mp.weixin.qq.com/s?__biz=MzA5MzE5NzExNw==&mid=10001097&idx=1&sn=8338ffe385dcd8dd1f376fc1a2fd50ff&scene=18#rd ;
menuid : 208007648 ;

2016-04-12 16:13:08 params :
------------
Array:
rule : -2 ;
module :  ;
message : Array ;

2016-04-12 16:13:08 response :
------------

2016-04-12 16:13:16 trace :
------------
Array:
from : oqCObuCIHMbdK57lzJCfe55-ly_s ;
to : gh_5013f37369ce ;
time : 1460448815 ;
type : event ;
event : VIEW ;
tousername : gh_5013f37369ce ;
fromusername : oqCObuCIHMbdK57lzJCfe55-ly_s ;
createtime : 1460448815 ;
msgtype : event ;
eventkey : http://mp.weixin.qq.com/s?__biz=MzA5MzE5NzExNw==&mid=10001097&idx=1&sn=8338ffe385dcd8dd1f376fc1a2fd50ff&scene=18#rd ;
menuid : 208007648 ;

2016-04-12 16:13:16 params :
------------
Array:
rule : -2 ;
module :  ;
message : Array ;

2016-04-12 16:13:16 response :
------------

2016-04-12 16:13:41 trace :
------------
Array:
from : oqCObuCIHMbdK57lzJCfe55-ly_s ;
to : gh_5013f37369ce ;
time : 1460448840 ;
type : event ;
event : VIEW ;
tousername : gh_5013f37369ce ;
fromusername : oqCObuCIHMbdK57lzJCfe55-ly_s ;
createtime : 1460448840 ;
msgtype : event ;
eventkey : http://mp.weixin.qq.com/s?__biz=MzA5MzE5NzExNw==&mid=10001097&idx=1&sn=8338ffe385dcd8dd1f376fc1a2fd50ff&scene=18#rd ;
menuid : 208007648 ;

2016-04-12 16:13:41 params :
------------
Array:
rule : -2 ;
module :  ;
message : Array ;

2016-04-12 16:13:41 response :
------------

2016-04-12 16:37:38 trace :
------------
Array:
from : oqCObuCIHMbdK57lzJCfe55-ly_s ;
to : gh_5013f37369ce ;
time : 1460450276 ;
type : event ;
event : VIEW ;
tousername : gh_5013f37369ce ;
fromusername : oqCObuCIHMbdK57lzJCfe55-ly_s ;
createtime : 1460450276 ;
msgtype : event ;
eventkey : http://mp.weixin.qq.com/s?__biz=MzA5MzE5NzExNw==&mid=10001097&idx=1&sn=8338ffe385dcd8dd1f376fc1a2fd50ff&scene=18#rd ;
menuid : 208007648 ;

2016-04-12 16:37:38 params :
------------
Array:
rule : -2 ;
module :  ;
message : Array ;

2016-04-12 16:37:38 response :
------------

2016-04-12 16:40:35 trace :
------------
Array:
from : oqCObuCIHMbdK57lzJCfe55-ly_s ;
to : gh_5013f37369ce ;
time : 1460450453 ;
type : event ;
event : VIEW ;
tousername : gh_5013f37369ce ;
fromusername : oqCObuCIHMbdK57lzJCfe55-ly_s ;
createtime : 1460450453 ;
msgtype : event ;
eventkey : http://mp.weixin.qq.com/s?__biz=MzA5MzE5NzExNw==&mid=10001097&idx=1&sn=8338ffe385dcd8dd1f376fc1a2fd50ff&scene=18#rd ;
menuid : 208007648 ;

2016-04-12 16:40:35 params :
------------
Array:
rule : -2 ;
module :  ;
message : Array ;

2016-04-12 16:40:35 response :
------------

2016-04-12 16:42:06 trace :
------------
Array:
from : oqCObuCIHMbdK57lzJCfe55-ly_s ;
to : gh_5013f37369ce ;
time : 1460450544 ;
type : event ;
event : VIEW ;
tousername : gh_5013f37369ce ;
fromusername : oqCObuCIHMbdK57lzJCfe55-ly_s ;
createtime : 1460450544 ;
msgtype : event ;
eventkey : http://mp.weixin.qq.com/s?__biz=MzA5MzE5NzExNw==&mid=10001097&idx=1&sn=8338ffe385dcd8dd1f376fc1a2fd50ff&scene=18#rd ;
menuid : 208007648 ;

2016-04-12 16:42:06 params :
------------
Array:
rule : -2 ;
module :  ;
message : Array ;

2016-04-12 16:42:06 response :
------------

2016-04-12 16:42:13 trace :
------------
Array:
from : oqCObuCIHMbdK57lzJCfe55-ly_s ;
to : gh_5013f37369ce ;
time : 1460450551 ;
type : event ;
event : VIEW ;
tousername : gh_5013f37369ce ;
fromusername : oqCObuCIHMbdK57lzJCfe55-ly_s ;
createtime : 1460450551 ;
msgtype : event ;
eventkey : http://mp.weixin.qq.com/s?__biz=MzA5MzE5NzExNw==&mid=10001097&idx=1&sn=8338ffe385dcd8dd1f376fc1a2fd50ff&scene=18#rd ;
menuid : 208007648 ;

2016-04-12 16:42:13 params :
------------
Array:
rule : -2 ;
module :  ;
message : Array ;

2016-04-12 16:42:13 response :
------------

2016-04-12 16:49:36 trace :
------------
Array:
from : oqCObuCIHMbdK57lzJCfe55-ly_s ;
to : gh_5013f37369ce ;
time : 1460450994 ;
type : event ;
event : VIEW ;
tousername : gh_5013f37369ce ;
fromusername : oqCObuCIHMbdK57lzJCfe55-ly_s ;
createtime : 1460450994 ;
msgtype : event ;
eventkey : http://mp.weixin.qq.com/s?__biz=MzA5MzE5NzExNw==&mid=10001097&idx=1&sn=8338ffe385dcd8dd1f376fc1a2fd50ff&scene=18#rd ;
menuid : 208007648 ;

2016-04-12 16:49:36 params :
------------
Array:
rule : -2 ;
module :  ;
message : Array ;

2016-04-12 16:49:36 response :
------------

2016-04-12 16:54:04 trace :
------------
Array:
from : oqCObuCIHMbdK57lzJCfe55-ly_s ;
to : gh_5013f37369ce ;
time : 1460451262 ;
type : event ;
event : VIEW ;
tousername : gh_5013f37369ce ;
fromusername : oqCObuCIHMbdK57lzJCfe55-ly_s ;
createtime : 1460451262 ;
msgtype : event ;
eventkey : http://mp.weixin.qq.com/s?__biz=MzA5MzE5NzExNw==&mid=10001097&idx=1&sn=8338ffe385dcd8dd1f376fc1a2fd50ff&scene=18#rd ;
menuid : 208007648 ;

2016-04-12 16:54:04 params :
------------
Array:
rule : -2 ;
module :  ;
message : Array ;

2016-04-12 16:54:04 response :
------------

2016-04-12 16:54:08 trace :
------------
Array:
from : oqCObuCIHMbdK57lzJCfe55-ly_s ;
to : gh_5013f37369ce ;
time : 1460451266 ;
type : event ;
event : VIEW ;
tousername : gh_5013f37369ce ;
fromusername : oqCObuCIHMbdK57lzJCfe55-ly_s ;
createtime : 1460451266 ;
msgtype : event ;
eventkey : http://mp.weixin.qq.com/s?__biz=MzA5MzE5NzExNw==&mid=10001097&idx=1&sn=8338ffe385dcd8dd1f376fc1a2fd50ff&scene=18#rd ;
menuid : 208007648 ;

2016-04-12 16:54:08 params :
------------
Array:
rule : -2 ;
module :  ;
message : Array ;

2016-04-12 16:54:08 response :
------------

2016-04-12 16:54:17 trace :
------------
Array:
from : oqCObuCIHMbdK57lzJCfe55-ly_s ;
to : gh_5013f37369ce ;
time : 1460451275 ;
type : event ;
event : VIEW ;
tousername : gh_5013f37369ce ;
fromusername : oqCObuCIHMbdK57lzJCfe55-ly_s ;
createtime : 1460451275 ;
msgtype : event ;
eventkey : http://mp.weixin.qq.com/s?__biz=MzA5MzE5NzExNw==&mid=10001097&idx=1&sn=8338ffe385dcd8dd1f376fc1a2fd50ff&scene=18#rd ;
menuid : 208007648 ;

2016-04-12 16:54:17 params :
------------
Array:
rule : -2 ;
module :  ;
message : Array ;

2016-04-12 16:54:17 response :
------------

2016-04-12 18:47:04 trace :
------------
Array:
from : oqCObuHw1TDMkP5MfGYw15wK9V1c ;
to : gh_5013f37369ce ;
time : 1460458039 ;
type : event ;
event : subscribe ;
tousername : gh_5013f37369ce ;
fromusername : oqCObuHw1TDMkP5MfGYw15wK9V1c ;
createtime : 1460458039 ;
msgtype : event ;
eventkey :  ;

2016-04-12 18:47:04 params :
------------
Array:
rule : -2 ;
module :  ;
message : Array ;

2016-04-12 18:47:04 response :
------------

2016-04-12 19:42:53 trace :
------------
Array:
from : oqCObuGBHZLHqfrlSOHA9fN0WcHQ ;
to : gh_5013f37369ce ;
time : 1460461389 ;
type : event ;
event : VIEW ;
tousername : gh_5013f37369ce ;
fromusername : oqCObuGBHZLHqfrlSOHA9fN0WcHQ ;
createtime : 1460461389 ;
msgtype : event ;
eventkey : http://mp.weixin.qq.com/s?__biz=MzA5MzE5NzExNw==&mid=10001097&idx=1&sn=8338ffe385dcd8dd1f376fc1a2fd50ff&scene=18#rd ;
menuid : 208007648 ;

2016-04-12 19:42:53 params :
------------
Array:
rule : -2 ;
module :  ;
message : Array ;

2016-04-12 19:42:53 response :
------------

