2016-06-26 08:49:27 trace :
------------
String:
<xml><ToUserName><![CDATA[gh_5013f37369ce]]></ToUserName>
<FromUserName><![CDATA[oqCObuARwkBR6xK04UAdxJ3KxeSk]]></FromUserName>
<CreateTime>1466902296</CreateTime>
<MsgType><![CDATA[event]]></MsgType>
<Event><![CDATA[subscribe]]></Event>
<EventKey><![CDATA[]]></EventKey>
</xml>

2016-06-26 08:49:27 params :
------------
Array:
rule : -2 ;
module :  ;
message : Array ;

2016-06-26 08:49:27 response :
------------

2016-06-26 08:49:28 trace :
------------
String:
<xml><ToUserName><![CDATA[gh_5013f37369ce]]></ToUserName>
<FromUserName><![CDATA[oqCObuARwkBR6xK04UAdxJ3KxeSk]]></FromUserName>
<CreateTime>1466902296</CreateTime>
<MsgType><![CDATA[event]]></MsgType>
<Event><![CDATA[subscribe]]></Event>
<EventKey><![CDATA[]]></EventKey>
</xml>

2016-06-26 08:49:28 params :
------------
Array:
rule : -2 ;
module :  ;
message : Array ;

2016-06-26 08:49:28 response :
------------

2016-06-26 12:51:45 trace :
------------
String:
<xml><ToUserName><![CDATA[gh_5013f37369ce]]></ToUserName>
<FromUserName><![CDATA[oqCObuISJFwN_P_M9QxuX9s64qaM]]></FromUserName>
<CreateTime>1466916838</CreateTime>
<MsgType><![CDATA[event]]></MsgType>
<Event><![CDATA[VIEW]]></Event>
<EventKey><![CDATA[http://mp.weixin.qq.com/s?__biz=MzA5MzE5NzExNw==&mid=10001097&idx=1&sn=8338ffe385dcd8dd1f376fc1a2fd50ff&scene=18#rd]]></EventKey>
<MenuId>208007648</MenuId>
</xml>

2016-06-26 12:51:45 params :
------------
Array:
rule : -2 ;
module :  ;
message : Array ;

2016-06-26 12:51:45 response :
------------

2016-06-26 13:48:46 trace :
------------
String:
<xml><ToUserName><![CDATA[gh_5013f37369ce]]></ToUserName>
<FromUserName><![CDATA[oqCObuE6AEEbj1qrlJ89UYgQ7uN0]]></FromUserName>
<CreateTime>1466920259</CreateTime>
<MsgType><![CDATA[event]]></MsgType>
<Event><![CDATA[VIEW]]></Event>
<EventKey><![CDATA[http://mp.weixin.qq.com/s?__biz=MzA5MzE5NzExNw==&mid=10001097&idx=1&sn=8338ffe385dcd8dd1f376fc1a2fd50ff&scene=18#rd]]></EventKey>
<MenuId>208007648</MenuId>
</xml>

2016-06-26 13:48:46 params :
------------
Array:
rule : -2 ;
module :  ;
message : Array ;

2016-06-26 13:48:46 response :
------------

2016-06-26 13:49:03 trace :
------------
String:
<xml><ToUserName><![CDATA[gh_5013f37369ce]]></ToUserName>
<FromUserName><![CDATA[oqCObuE6AEEbj1qrlJ89UYgQ7uN0]]></FromUserName>
<CreateTime>1466920277</CreateTime>
<MsgType><![CDATA[event]]></MsgType>
<Event><![CDATA[VIEW]]></Event>
<EventKey><![CDATA[http://mp.weixin.qq.com/s?__biz=MzA5MzE5NzExNw==&mid=10001097&idx=1&sn=8338ffe385dcd8dd1f376fc1a2fd50ff&scene=18#rd]]></EventKey>
<MenuId>208007648</MenuId>
</xml>

2016-06-26 13:49:03 params :
------------
Array:
rule : -2 ;
module :  ;
message : Array ;

2016-06-26 13:49:03 response :
------------

2016-06-26 13:49:26 trace :
------------
String:
<xml><ToUserName><![CDATA[gh_5013f37369ce]]></ToUserName>
<FromUserName><![CDATA[oqCObuE6AEEbj1qrlJ89UYgQ7uN0]]></FromUserName>
<CreateTime>1466920299</CreateTime>
<MsgType><![CDATA[event]]></MsgType>
<Event><![CDATA[VIEW]]></Event>
<EventKey><![CDATA[http://mp.weixin.qq.com/s?__biz=MzA5MzE5NzExNw==&mid=10001097&idx=1&sn=8338ffe385dcd8dd1f376fc1a2fd50ff&scene=18#rd]]></EventKey>
<MenuId>208007648</MenuId>
</xml>

2016-06-26 13:49:26 params :
------------
Array:
rule : -2 ;
module :  ;
message : Array ;

2016-06-26 13:49:26 response :
------------

2016-06-26 15:45:02 trace :
------------
String:
<xml><ToUserName><![CDATA[gh_5013f37369ce]]></ToUserName>
<FromUserName><![CDATA[oqCObuLByvzRJ38MiB3DOU5TXwiI]]></FromUserName>
<CreateTime>1466927235</CreateTime>
<MsgType><![CDATA[event]]></MsgType>
<Event><![CDATA[VIEW]]></Event>
<EventKey><![CDATA[http://mp.weixin.qq.com/s?__biz=MzA5MzE5NzExNw==&mid=10001097&idx=1&sn=8338ffe385dcd8dd1f376fc1a2fd50ff&scene=18#rd]]></EventKey>
<MenuId>208007648</MenuId>
</xml>

2016-06-26 15:45:02 params :
------------
Array:
rule : -2 ;
module :  ;
message : Array ;

2016-06-26 15:45:02 response :
------------

2016-06-26 15:45:06 trace :
------------
String:
<xml><ToUserName><![CDATA[gh_5013f37369ce]]></ToUserName>
<FromUserName><![CDATA[oqCObuLByvzRJ38MiB3DOU5TXwiI]]></FromUserName>
<CreateTime>1466927239</CreateTime>
<MsgType><![CDATA[event]]></MsgType>
<Event><![CDATA[VIEW]]></Event>
<EventKey><![CDATA[http://mp.weixin.qq.com/s?__biz=MzA5MzE5NzExNw==&mid=10001097&idx=1&sn=8338ffe385dcd8dd1f376fc1a2fd50ff&scene=18#rd]]></EventKey>
<MenuId>208007648</MenuId>
</xml>

2016-06-26 15:45:06 params :
------------
Array:
rule : -2 ;
module :  ;
message : Array ;

2016-06-26 15:45:06 response :
------------

