2016-05-20 10:42:54 trace :
------------
Array:
from : oqCObuNwmLyIEvCUmbFeZ2fl8T4I ;
to : gh_5013f37369ce ;
time : 1463712261 ;
type : event ;
event : VIEW ;
tousername : gh_5013f37369ce ;
fromusername : oqCObuNwmLyIEvCUmbFeZ2fl8T4I ;
createtime : 1463712261 ;
msgtype : event ;
eventkey : http://mp.weixin.qq.com/s?__biz=MzA5MzE5NzExNw==&mid=10001097&idx=1&sn=8338ffe385dcd8dd1f376fc1a2fd50ff&scene=18#rd ;
menuid : 208007648 ;

2016-05-20 10:42:54 params :
------------
Array:
rule : -2 ;
module :  ;
message : Array ;

2016-05-20 10:42:54 response :
------------

2016-05-20 10:53:03 trace :
------------
Array:
from : oqCObuNwmLyIEvCUmbFeZ2fl8T4I ;
to : gh_5013f37369ce ;
time : 1463712870 ;
type : event ;
event : VIEW ;
tousername : gh_5013f37369ce ;
fromusername : oqCObuNwmLyIEvCUmbFeZ2fl8T4I ;
createtime : 1463712870 ;
msgtype : event ;
eventkey : http://mp.weixin.qq.com/s?__biz=MzA5MzE5NzExNw==&mid=10001097&idx=1&sn=8338ffe385dcd8dd1f376fc1a2fd50ff&scene=18#rd ;
menuid : 208007648 ;

2016-05-20 10:53:03 params :
------------
Array:
rule : -2 ;
module :  ;
message : Array ;

2016-05-20 10:53:03 response :
------------

2016-05-20 16:18:35 trace :
------------
Array:
from : oqCObuJLwLtSnF_W3e_he4rU5okY ;
to : gh_5013f37369ce ;
time : 1463732401 ;
type : event ;
event : VIEW ;
tousername : gh_5013f37369ce ;
fromusername : oqCObuJLwLtSnF_W3e_he4rU5okY ;
createtime : 1463732401 ;
msgtype : event ;
eventkey : http://mp.weixin.qq.com/s?__biz=MzA5MzE5NzExNw==&mid=10001097&idx=1&sn=8338ffe385dcd8dd1f376fc1a2fd50ff&scene=18#rd ;
menuid : 208007648 ;

2016-05-20 16:18:35 params :
------------
Array:
rule : -2 ;
module :  ;
message : Array ;

2016-05-20 16:18:35 response :
------------

2016-05-20 21:23:15 trace :
------------
Array:
from : oqCObuIhMqklMKxuN1DwdFwy70-k ;
to : gh_5013f37369ce ;
time : 1463750682 ;
type : event ;
event : subscribe ;
tousername : gh_5013f37369ce ;
fromusername : oqCObuIhMqklMKxuN1DwdFwy70-k ;
createtime : 1463750682 ;
msgtype : event ;
eventkey :  ;

2016-05-20 21:23:15 params :
------------
Array:
rule : -2 ;
module :  ;
message : Array ;

2016-05-20 21:23:15 response :
------------

2016-05-20 21:23:21 trace :
------------
Array:
from : oqCObuIhMqklMKxuN1DwdFwy70-k ;
to : gh_5013f37369ce ;
time : 1463750687 ;
type : event ;
event : VIEW ;
tousername : gh_5013f37369ce ;
fromusername : oqCObuIhMqklMKxuN1DwdFwy70-k ;
createtime : 1463750687 ;
msgtype : event ;
eventkey : http://mp.weixin.qq.com/s?__biz=MzA5MzE5NzExNw==&mid=10001097&idx=1&sn=8338ffe385dcd8dd1f376fc1a2fd50ff&scene=18#rd ;
menuid : 208007648 ;

2016-05-20 21:23:21 params :
------------
Array:
rule : -2 ;
module :  ;
message : Array ;

2016-05-20 21:23:21 response :
------------

2016-05-20 21:23:31 trace :
------------
Array:
from : oqCObuIhMqklMKxuN1DwdFwy70-k ;
to : gh_5013f37369ce ;
time : 1463750698 ;
type : event ;
event : VIEW ;
tousername : gh_5013f37369ce ;
fromusername : oqCObuIhMqklMKxuN1DwdFwy70-k ;
createtime : 1463750698 ;
msgtype : event ;
eventkey : http://mp.weixin.qq.com/s?__biz=MzA5MzE5NzExNw==&mid=10001097&idx=1&sn=8338ffe385dcd8dd1f376fc1a2fd50ff&scene=18#rd ;
menuid : 208007648 ;

2016-05-20 21:23:31 params :
------------
Array:
rule : -2 ;
module :  ;
message : Array ;

2016-05-20 21:23:31 response :
------------

2016-05-20 21:23:48 trace :
------------
Array:
from : oqCObuIhMqklMKxuN1DwdFwy70-k ;
to : gh_5013f37369ce ;
time : 1463750712 ;
type : event ;
event : VIEW ;
tousername : gh_5013f37369ce ;
fromusername : oqCObuIhMqklMKxuN1DwdFwy70-k ;
createtime : 1463750712 ;
msgtype : event ;
eventkey : http://mp.weixin.qq.com/s?__biz=MzA5MzE5NzExNw==&mid=10001097&idx=1&sn=8338ffe385dcd8dd1f376fc1a2fd50ff&scene=18#rd ;
menuid : 208007648 ;

2016-05-20 21:23:48 params :
------------
Array:
rule : -2 ;
module :  ;
message : Array ;

2016-05-20 21:23:48 response :
------------

2016-05-20 21:23:52 trace :
------------
Array:
from : oqCObuIhMqklMKxuN1DwdFwy70-k ;
to : gh_5013f37369ce ;
time : 1463750718 ;
type : event ;
event : VIEW ;
tousername : gh_5013f37369ce ;
fromusername : oqCObuIhMqklMKxuN1DwdFwy70-k ;
createtime : 1463750718 ;
msgtype : event ;
eventkey : http://mp.weixin.qq.com/s?__biz=MzA5MzE5NzExNw==&mid=10001097&idx=1&sn=8338ffe385dcd8dd1f376fc1a2fd50ff&scene=18#rd ;
menuid : 208007648 ;

2016-05-20 21:23:52 params :
------------
Array:
rule : -2 ;
module :  ;
message : Array ;

2016-05-20 21:23:52 response :
------------

2016-05-20 21:23:58 trace :
------------
Array:
from : oqCObuIhMqklMKxuN1DwdFwy70-k ;
to : gh_5013f37369ce ;
time : 1463750725 ;
type : event ;
event : VIEW ;
tousername : gh_5013f37369ce ;
fromusername : oqCObuIhMqklMKxuN1DwdFwy70-k ;
createtime : 1463750725 ;
msgtype : event ;
eventkey : http://mp.weixin.qq.com/s?__biz=MzA5MzE5NzExNw==&mid=10001097&idx=1&sn=8338ffe385dcd8dd1f376fc1a2fd50ff&scene=18#rd ;
menuid : 208007648 ;

2016-05-20 21:23:58 params :
------------
Array:
rule : -2 ;
module :  ;
message : Array ;

2016-05-20 21:23:58 response :
------------

