2016-02-25 09:06:08 trace :
------------
Array:
from : oqCObuHJG-bYGgpYVPc2qlttjvpg ;
to : gh_5013f37369ce ;
time : 1456362371 ;
type : event ;
event : subscribe ;
tousername : gh_5013f37369ce ;
fromusername : oqCObuHJG-bYGgpYVPc2qlttjvpg ;
createtime : 1456362371 ;
msgtype : event ;
eventkey :  ;

2016-02-25 09:06:08 params :
------------
Array:
rule : -2 ;
module :  ;
message : Array ;

2016-02-25 09:06:08 response :
------------

2016-02-25 09:06:14 trace :
------------
Array:
from : oqCObuHJG-bYGgpYVPc2qlttjvpg ;
to : gh_5013f37369ce ;
time : 1456362381 ;
type : event ;
event : VIEW ;
tousername : gh_5013f37369ce ;
fromusername : oqCObuHJG-bYGgpYVPc2qlttjvpg ;
createtime : 1456362381 ;
msgtype : event ;
eventkey : http://mp.weixin.qq.com/s?__biz=MzA5MzE5NzExNw==&mid=10001097&idx=1&sn=8338ffe385dcd8dd1f376fc1a2fd50ff&scene=18#rd ;
menuid : 208007648 ;

2016-02-25 09:06:14 params :
------------
Array:
rule : -2 ;
module :  ;
message : Array ;

2016-02-25 09:06:14 response :
------------

2016-02-25 09:06:30 trace :
------------
Array:
from : oqCObuHJG-bYGgpYVPc2qlttjvpg ;
to : gh_5013f37369ce ;
time : 1456362395 ;
type : event ;
event : VIEW ;
tousername : gh_5013f37369ce ;
fromusername : oqCObuHJG-bYGgpYVPc2qlttjvpg ;
createtime : 1456362395 ;
msgtype : event ;
eventkey : http://mp.weixin.qq.com/s?__biz=MzA5MzE5NzExNw==&mid=10001097&idx=1&sn=8338ffe385dcd8dd1f376fc1a2fd50ff&scene=18#rd ;
menuid : 208007648 ;

2016-02-25 09:06:30 params :
------------
Array:
rule : -2 ;
module :  ;
message : Array ;

2016-02-25 09:06:30 response :
------------

2016-02-25 09:45:21 trace :
------------
Array:
from : oqCObuDmNTQia-jQ5preGGxUn-Kk ;
to : gh_5013f37369ce ;
time : 1456364725 ;
type : event ;
event : subscribe ;
tousername : gh_5013f37369ce ;
fromusername : oqCObuDmNTQia-jQ5preGGxUn-Kk ;
createtime : 1456364725 ;
msgtype : event ;
eventkey :  ;

2016-02-25 09:45:21 params :
------------
Array:
rule : -2 ;
module :  ;
message : Array ;

2016-02-25 09:45:21 response :
------------

2016-02-25 09:45:27 trace :
------------
Array:
from : oqCObuDmNTQia-jQ5preGGxUn-Kk ;
to : gh_5013f37369ce ;
time : 1456364734 ;
type : event ;
event : VIEW ;
tousername : gh_5013f37369ce ;
fromusername : oqCObuDmNTQia-jQ5preGGxUn-Kk ;
createtime : 1456364734 ;
msgtype : event ;
eventkey : http://mp.weixin.qq.com/s?__biz=MzA5MzE5NzExNw==&mid=10001097&idx=1&sn=8338ffe385dcd8dd1f376fc1a2fd50ff&scene=18#rd ;
menuid : 208007648 ;

2016-02-25 09:45:27 params :
------------
Array:
rule : -2 ;
module :  ;
message : Array ;

2016-02-25 09:45:27 response :
------------

2016-02-25 12:16:19 trace :
------------
Array:
from : oqCObuEN7nhyMQGj9zPwaOTf_NQU ;
to : gh_5013f37369ce ;
time : 1456373786 ;
type : event ;
event : subscribe ;
tousername : gh_5013f37369ce ;
fromusername : oqCObuEN7nhyMQGj9zPwaOTf_NQU ;
createtime : 1456373786 ;
msgtype : event ;
eventkey :  ;

2016-02-25 12:16:19 params :
------------
Array:
rule : -2 ;
module :  ;
message : Array ;

2016-02-25 12:16:19 response :
------------

2016-02-25 12:16:51 trace :
------------
Array:
from : oqCObuEN7nhyMQGj9zPwaOTf_NQU ;
to : gh_5013f37369ce ;
time : 1456373818 ;
type : event ;
event : VIEW ;
tousername : gh_5013f37369ce ;
fromusername : oqCObuEN7nhyMQGj9zPwaOTf_NQU ;
createtime : 1456373818 ;
msgtype : event ;
eventkey : http://mp.weixin.qq.com/s?__biz=MzA5MzE5NzExNw==&mid=10001097&idx=1&sn=8338ffe385dcd8dd1f376fc1a2fd50ff&scene=18#rd ;
menuid : 208007648 ;

2016-02-25 12:16:51 params :
------------
Array:
rule : -2 ;
module :  ;
message : Array ;

2016-02-25 12:16:51 response :
------------

2016-02-25 12:17:04 trace :
------------
Array:
from : oqCObuEN7nhyMQGj9zPwaOTf_NQU ;
to : gh_5013f37369ce ;
time : 1456373832 ;
type : event ;
event : VIEW ;
tousername : gh_5013f37369ce ;
fromusername : oqCObuEN7nhyMQGj9zPwaOTf_NQU ;
createtime : 1456373832 ;
msgtype : event ;
eventkey : http://mp.weixin.qq.com/s?__biz=MzA5MzE5NzExNw==&mid=10001097&idx=1&sn=8338ffe385dcd8dd1f376fc1a2fd50ff&scene=18#rd ;
menuid : 208007648 ;

2016-02-25 12:17:04 params :
------------
Array:
rule : -2 ;
module :  ;
message : Array ;

2016-02-25 12:17:04 response :
------------

2016-02-25 12:22:07 trace :
------------
Array:
from : oqCObuFBJfh6_8jbST_yW5xBnCFw ;
to : gh_5013f37369ce ;
time : 1456374134 ;
type : event ;
event : VIEW ;
tousername : gh_5013f37369ce ;
fromusername : oqCObuFBJfh6_8jbST_yW5xBnCFw ;
createtime : 1456374134 ;
msgtype : event ;
eventkey : http://mp.weixin.qq.com/s?__biz=MzA5MzE5NzExNw==&mid=10001097&idx=1&sn=8338ffe385dcd8dd1f376fc1a2fd50ff&scene=18#rd ;
menuid : 208007648 ;

2016-02-25 12:22:07 params :
------------
Array:
rule : -2 ;
module :  ;
message : Array ;

2016-02-25 12:22:07 response :
------------

2016-02-25 12:22:15 trace :
------------
Array:
from : oqCObuFBJfh6_8jbST_yW5xBnCFw ;
to : gh_5013f37369ce ;
time : 1456374142 ;
type : event ;
event : VIEW ;
tousername : gh_5013f37369ce ;
fromusername : oqCObuFBJfh6_8jbST_yW5xBnCFw ;
createtime : 1456374142 ;
msgtype : event ;
eventkey : http://mp.weixin.qq.com/s?__biz=MzA5MzE5NzExNw==&mid=10001097&idx=1&sn=8338ffe385dcd8dd1f376fc1a2fd50ff&scene=18#rd ;
menuid : 208007648 ;

2016-02-25 12:22:15 params :
------------
Array:
rule : -2 ;
module :  ;
message : Array ;

2016-02-25 12:22:15 response :
------------

2016-02-25 12:22:22 trace :
------------
Array:
from : oqCObuFBJfh6_8jbST_yW5xBnCFw ;
to : gh_5013f37369ce ;
time : 1456374149 ;
type : event ;
event : VIEW ;
tousername : gh_5013f37369ce ;
fromusername : oqCObuFBJfh6_8jbST_yW5xBnCFw ;
createtime : 1456374149 ;
msgtype : event ;
eventkey : http://mp.weixin.qq.com/s?__biz=MzA5MzE5NzExNw==&mid=10001097&idx=1&sn=8338ffe385dcd8dd1f376fc1a2fd50ff&scene=18#rd ;
menuid : 208007648 ;

2016-02-25 12:22:22 params :
------------
Array:
rule : -2 ;
module :  ;
message : Array ;

2016-02-25 12:22:22 response :
------------

2016-02-25 12:22:35 trace :
------------
Array:
from : oqCObuFBJfh6_8jbST_yW5xBnCFw ;
to : gh_5013f37369ce ;
time : 1456374162 ;
type : event ;
event : VIEW ;
tousername : gh_5013f37369ce ;
fromusername : oqCObuFBJfh6_8jbST_yW5xBnCFw ;
createtime : 1456374162 ;
msgtype : event ;
eventkey : http://mp.weixin.qq.com/s?__biz=MzA5MzE5NzExNw==&mid=10001097&idx=1&sn=8338ffe385dcd8dd1f376fc1a2fd50ff&scene=18#rd ;
menuid : 208007648 ;

2016-02-25 12:22:35 params :
------------
Array:
rule : -2 ;
module :  ;
message : Array ;

2016-02-25 12:22:35 response :
------------

2016-02-25 12:46:28 trace :
------------
Array:
from : oqCObuOMdLFThjDz4DRjoye8SuKY ;
to : gh_5013f37369ce ;
time : 1456375595 ;
type : event ;
event : VIEW ;
tousername : gh_5013f37369ce ;
fromusername : oqCObuOMdLFThjDz4DRjoye8SuKY ;
createtime : 1456375595 ;
msgtype : event ;
eventkey : http://mp.weixin.qq.com/s?__biz=MzA5MzE5NzExNw==&mid=10001097&idx=1&sn=8338ffe385dcd8dd1f376fc1a2fd50ff&scene=18#rd ;
menuid : 208007648 ;

2016-02-25 12:46:28 params :
------------
Array:
rule : -2 ;
module :  ;
message : Array ;

2016-02-25 12:46:28 response :
------------

2016-02-25 12:46:50 trace :
------------
Array:
from : oqCObuOMdLFThjDz4DRjoye8SuKY ;
to : gh_5013f37369ce ;
time : 1456375617 ;
type : event ;
event : VIEW ;
tousername : gh_5013f37369ce ;
fromusername : oqCObuOMdLFThjDz4DRjoye8SuKY ;
createtime : 1456375617 ;
msgtype : event ;
eventkey : http://mp.weixin.qq.com/s?__biz=MzA5MzE5NzExNw==&mid=10001097&idx=1&sn=8338ffe385dcd8dd1f376fc1a2fd50ff&scene=18#rd ;
menuid : 208007648 ;

2016-02-25 12:46:50 params :
------------
Array:
rule : -2 ;
module :  ;
message : Array ;

2016-02-25 12:46:50 response :
------------

2016-02-25 12:47:52 trace :
------------
Array:
from : oqCObuOMdLFThjDz4DRjoye8SuKY ;
to : gh_5013f37369ce ;
time : 1456375679 ;
type : event ;
event : VIEW ;
tousername : gh_5013f37369ce ;
fromusername : oqCObuOMdLFThjDz4DRjoye8SuKY ;
createtime : 1456375679 ;
msgtype : event ;
eventkey : http://mp.weixin.qq.com/s?__biz=MzA5MzE5NzExNw==&mid=10001097&idx=1&sn=8338ffe385dcd8dd1f376fc1a2fd50ff&scene=18#rd ;
menuid : 208007648 ;

2016-02-25 12:47:52 params :
------------
Array:
rule : -2 ;
module :  ;
message : Array ;

2016-02-25 12:47:52 response :
------------

2016-02-25 12:47:57 trace :
------------
Array:
from : oqCObuOMdLFThjDz4DRjoye8SuKY ;
to : gh_5013f37369ce ;
time : 1456375684 ;
type : event ;
event : VIEW ;
tousername : gh_5013f37369ce ;
fromusername : oqCObuOMdLFThjDz4DRjoye8SuKY ;
createtime : 1456375684 ;
msgtype : event ;
eventkey : http://mp.weixin.qq.com/s?__biz=MzA5MzE5NzExNw==&mid=10001097&idx=1&sn=8338ffe385dcd8dd1f376fc1a2fd50ff&scene=18#rd ;
menuid : 208007648 ;

2016-02-25 12:47:57 params :
------------
Array:
rule : -2 ;
module :  ;
message : Array ;

2016-02-25 12:47:57 response :
------------

2016-02-25 14:35:52 trace :
------------
Array:
from : oqCObuDAFWqpb2V4rbBoAmVyP6uA ;
to : gh_5013f37369ce ;
time : 1456382156 ;
type : event ;
event : subscribe ;
tousername : gh_5013f37369ce ;
fromusername : oqCObuDAFWqpb2V4rbBoAmVyP6uA ;
createtime : 1456382156 ;
msgtype : event ;
eventkey :  ;

2016-02-25 14:35:52 params :
------------
Array:
rule : -2 ;
module :  ;
message : Array ;

2016-02-25 14:35:52 response :
------------

2016-02-25 14:35:53 trace :
------------
Array:
from : oqCObuDAFWqpb2V4rbBoAmVyP6uA ;
to : gh_5013f37369ce ;
time : 1456382161 ;
type : event ;
event : VIEW ;
tousername : gh_5013f37369ce ;
fromusername : oqCObuDAFWqpb2V4rbBoAmVyP6uA ;
createtime : 1456382161 ;
msgtype : event ;
eventkey : http://mp.weixin.qq.com/s?__biz=MzA5MzE5NzExNw==&mid=10001097&idx=1&sn=8338ffe385dcd8dd1f376fc1a2fd50ff&scene=18#rd ;
menuid : 208007648 ;

2016-02-25 14:35:53 params :
------------
Array:
rule : -2 ;
module :  ;
message : Array ;

2016-02-25 14:35:53 response :
------------

2016-02-25 15:38:26 trace :
------------
Array:
from : oqCObuNKMqAbZip4zDO7EUNr8U5I ;
to : gh_5013f37369ce ;
time : 1456385913 ;
type : event ;
event : VIEW ;
tousername : gh_5013f37369ce ;
fromusername : oqCObuNKMqAbZip4zDO7EUNr8U5I ;
createtime : 1456385913 ;
msgtype : event ;
eventkey : http://mp.weixin.qq.com/s?__biz=MzA5MzE5NzExNw==&mid=10001097&idx=1&sn=8338ffe385dcd8dd1f376fc1a2fd50ff&scene=18#rd ;
menuid : 208007648 ;

2016-02-25 15:38:26 params :
------------
Array:
rule : -2 ;
module :  ;
message : Array ;

2016-02-25 15:38:26 response :
------------

2016-02-25 15:38:32 trace :
------------
Array:
from : oqCObuNKMqAbZip4zDO7EUNr8U5I ;
to : gh_5013f37369ce ;
time : 1456385919 ;
type : event ;
event : VIEW ;
tousername : gh_5013f37369ce ;
fromusername : oqCObuNKMqAbZip4zDO7EUNr8U5I ;
createtime : 1456385919 ;
msgtype : event ;
eventkey : http://mp.weixin.qq.com/s?__biz=MzA5MzE5NzExNw==&mid=10001097&idx=1&sn=8338ffe385dcd8dd1f376fc1a2fd50ff&scene=18#rd ;
menuid : 208007648 ;

2016-02-25 15:38:32 params :
------------
Array:
rule : -2 ;
module :  ;
message : Array ;

2016-02-25 15:38:32 response :
------------

2016-02-25 15:45:31 trace :
------------
Array:
from : oqCObuNwJyoUdSPOfkZFzi3W3lqs ;
to : gh_5013f37369ce ;
time : 1456386335 ;
type : event ;
event : VIEW ;
tousername : gh_5013f37369ce ;
fromusername : oqCObuNwJyoUdSPOfkZFzi3W3lqs ;
createtime : 1456386335 ;
msgtype : event ;
eventkey : http://mp.weixin.qq.com/s?__biz=MzA5MzE5NzExNw==&mid=10001097&idx=1&sn=8338ffe385dcd8dd1f376fc1a2fd50ff&scene=18#rd ;
menuid : 208007648 ;

2016-02-25 15:45:31 params :
------------
Array:
rule : -2 ;
module :  ;
message : Array ;

2016-02-25 15:45:31 response :
------------

2016-02-25 15:46:07 trace :
------------
Array:
from : oqCObuNwJyoUdSPOfkZFzi3W3lqs ;
to : gh_5013f37369ce ;
time : 1456386375 ;
type : event ;
event : VIEW ;
tousername : gh_5013f37369ce ;
fromusername : oqCObuNwJyoUdSPOfkZFzi3W3lqs ;
createtime : 1456386375 ;
msgtype : event ;
eventkey : http://mp.weixin.qq.com/s?__biz=MzA5MzE5NzExNw==&mid=10001097&idx=1&sn=8338ffe385dcd8dd1f376fc1a2fd50ff&scene=18#rd ;
menuid : 208007648 ;

2016-02-25 15:46:07 params :
------------
Array:
rule : -2 ;
module :  ;
message : Array ;

2016-02-25 15:46:07 response :
------------

2016-02-25 15:47:57 trace :
------------
Array:
from : oqCObuNwJyoUdSPOfkZFzi3W3lqs ;
to : gh_5013f37369ce ;
time : 1456386484 ;
type : event ;
event : VIEW ;
tousername : gh_5013f37369ce ;
fromusername : oqCObuNwJyoUdSPOfkZFzi3W3lqs ;
createtime : 1456386484 ;
msgtype : event ;
eventkey : http://mp.weixin.qq.com/s?__biz=MzA5MzE5NzExNw==&mid=10001097&idx=1&sn=8338ffe385dcd8dd1f376fc1a2fd50ff&scene=18#rd ;
menuid : 208007648 ;

2016-02-25 15:47:57 params :
------------
Array:
rule : -2 ;
module :  ;
message : Array ;

2016-02-25 15:47:57 response :
------------

2016-02-25 15:50:16 trace :
------------
Array:
from : oqCObuNwJyoUdSPOfkZFzi3W3lqs ;
to : gh_5013f37369ce ;
time : 1456386623 ;
type : event ;
event : VIEW ;
tousername : gh_5013f37369ce ;
fromusername : oqCObuNwJyoUdSPOfkZFzi3W3lqs ;
createtime : 1456386623 ;
msgtype : event ;
eventkey : http://mp.weixin.qq.com/s?__biz=MzA5MzE5NzExNw==&mid=10001097&idx=1&sn=8338ffe385dcd8dd1f376fc1a2fd50ff&scene=18#rd ;
menuid : 208007648 ;

2016-02-25 15:50:16 params :
------------
Array:
rule : -2 ;
module :  ;
message : Array ;

2016-02-25 15:50:16 response :
------------

2016-02-25 15:51:10 trace :
------------
Array:
from : oqCObuNwJyoUdSPOfkZFzi3W3lqs ;
to : gh_5013f37369ce ;
time : 1456386677 ;
type : event ;
event : VIEW ;
tousername : gh_5013f37369ce ;
fromusername : oqCObuNwJyoUdSPOfkZFzi3W3lqs ;
createtime : 1456386677 ;
msgtype : event ;
eventkey : http://mp.weixin.qq.com/s?__biz=MzA5MzE5NzExNw==&mid=10001097&idx=1&sn=8338ffe385dcd8dd1f376fc1a2fd50ff&scene=18#rd ;
menuid : 208007648 ;

2016-02-25 15:51:10 params :
------------
Array:
rule : -2 ;
module :  ;
message : Array ;

2016-02-25 15:51:10 response :
------------

2016-02-25 15:51:12 trace :
------------
Array:
from : oqCObuH86HZ5xLdgPZLyDqyD1hZ4 ;
to : gh_5013f37369ce ;
time : 1456386679 ;
type : event ;
event : subscribe ;
tousername : gh_5013f37369ce ;
fromusername : oqCObuH86HZ5xLdgPZLyDqyD1hZ4 ;
createtime : 1456386679 ;
msgtype : event ;
eventkey :  ;

2016-02-25 15:51:12 params :
------------
Array:
rule : -2 ;
module :  ;
message : Array ;

2016-02-25 15:51:12 response :
------------

2016-02-25 15:51:16 trace :
------------
Array:
from : oqCObuNwJyoUdSPOfkZFzi3W3lqs ;
to : gh_5013f37369ce ;
time : 1456386683 ;
type : event ;
event : VIEW ;
tousername : gh_5013f37369ce ;
fromusername : oqCObuNwJyoUdSPOfkZFzi3W3lqs ;
createtime : 1456386683 ;
msgtype : event ;
eventkey : http://mp.weixin.qq.com/s?__biz=MzA5MzE5NzExNw==&mid=10001097&idx=1&sn=8338ffe385dcd8dd1f376fc1a2fd50ff&scene=18#rd ;
menuid : 208007648 ;

2016-02-25 15:51:16 params :
------------
Array:
rule : -2 ;
module :  ;
message : Array ;

2016-02-25 15:51:16 response :
------------

2016-02-25 15:51:26 trace :
------------
Array:
from : oqCObuH86HZ5xLdgPZLyDqyD1hZ4 ;
to : gh_5013f37369ce ;
time : 1456386694 ;
type : event ;
event : VIEW ;
tousername : gh_5013f37369ce ;
fromusername : oqCObuH86HZ5xLdgPZLyDqyD1hZ4 ;
createtime : 1456386694 ;
msgtype : event ;
eventkey : http://mp.weixin.qq.com/s?__biz=MzA5MzE5NzExNw==&mid=10001097&idx=1&sn=8338ffe385dcd8dd1f376fc1a2fd50ff&scene=18#rd ;
menuid : 208007648 ;

2016-02-25 15:51:27 params :
------------
Array:
rule : -2 ;
module :  ;
message : Array ;

2016-02-25 15:51:27 response :
------------

2016-02-25 15:52:09 trace :
------------
Array:
from : oqCObuNwJyoUdSPOfkZFzi3W3lqs ;
to : gh_5013f37369ce ;
time : 1456386734 ;
type : event ;
event : VIEW ;
tousername : gh_5013f37369ce ;
fromusername : oqCObuNwJyoUdSPOfkZFzi3W3lqs ;
createtime : 1456386734 ;
msgtype : event ;
eventkey : http://mp.weixin.qq.com/s?__biz=MzA5MzE5NzExNw==&mid=10001097&idx=1&sn=8338ffe385dcd8dd1f376fc1a2fd50ff&scene=18#rd ;
menuid : 208007648 ;

2016-02-25 15:52:09 params :
------------
Array:
rule : -2 ;
module :  ;
message : Array ;

2016-02-25 15:52:09 response :
------------

2016-02-25 15:56:08 trace :
------------
Array:
from : oqCObuNwJyoUdSPOfkZFzi3W3lqs ;
to : gh_5013f37369ce ;
time : 1456386975 ;
type : event ;
event : VIEW ;
tousername : gh_5013f37369ce ;
fromusername : oqCObuNwJyoUdSPOfkZFzi3W3lqs ;
createtime : 1456386975 ;
msgtype : event ;
eventkey : http://mp.weixin.qq.com/s?__biz=MzA5MzE5NzExNw==&mid=10001097&idx=1&sn=8338ffe385dcd8dd1f376fc1a2fd50ff&scene=18#rd ;
menuid : 208007648 ;

2016-02-25 15:56:08 params :
------------
Array:
rule : -2 ;
module :  ;
message : Array ;

2016-02-25 15:56:08 response :
------------

2016-02-25 15:57:10 trace :
------------
Array:
from : oqCObuNwJyoUdSPOfkZFzi3W3lqs ;
to : gh_5013f37369ce ;
time : 1456387037 ;
type : event ;
event : VIEW ;
tousername : gh_5013f37369ce ;
fromusername : oqCObuNwJyoUdSPOfkZFzi3W3lqs ;
createtime : 1456387037 ;
msgtype : event ;
eventkey : http://mp.weixin.qq.com/s?__biz=MzA5MzE5NzExNw==&mid=10001097&idx=1&sn=8338ffe385dcd8dd1f376fc1a2fd50ff&scene=18#rd ;
menuid : 208007648 ;

2016-02-25 15:57:10 params :
------------
Array:
rule : -2 ;
module :  ;
message : Array ;

2016-02-25 15:57:10 response :
------------

2016-02-25 15:57:57 trace :
------------
Array:
from : oqCObuNwJyoUdSPOfkZFzi3W3lqs ;
to : gh_5013f37369ce ;
time : 1456387084 ;
type : event ;
event : VIEW ;
tousername : gh_5013f37369ce ;
fromusername : oqCObuNwJyoUdSPOfkZFzi3W3lqs ;
createtime : 1456387084 ;
msgtype : event ;
eventkey : http://mp.weixin.qq.com/s?__biz=MzA5MzE5NzExNw==&mid=10001097&idx=1&sn=8338ffe385dcd8dd1f376fc1a2fd50ff&scene=18#rd ;
menuid : 208007648 ;

2016-02-25 15:57:57 params :
------------
Array:
rule : -2 ;
module :  ;
message : Array ;

2016-02-25 15:57:57 response :
------------

2016-02-25 15:58:45 trace :
------------
Array:
from : oqCObuNwJyoUdSPOfkZFzi3W3lqs ;
to : gh_5013f37369ce ;
time : 1456387132 ;
type : event ;
event : VIEW ;
tousername : gh_5013f37369ce ;
fromusername : oqCObuNwJyoUdSPOfkZFzi3W3lqs ;
createtime : 1456387132 ;
msgtype : event ;
eventkey : http://mp.weixin.qq.com/s?__biz=MzA5MzE5NzExNw==&mid=10001097&idx=1&sn=8338ffe385dcd8dd1f376fc1a2fd50ff&scene=18#rd ;
menuid : 208007648 ;

2016-02-25 15:58:45 params :
------------
Array:
rule : -2 ;
module :  ;
message : Array ;

2016-02-25 15:58:45 response :
------------

2016-02-25 16:42:59 trace :
------------
Array:
from : oqCObuNEkktMdnnwpmZDVxw0g_p8 ;
to : gh_5013f37369ce ;
time : 1456389786 ;
type : event ;
event : subscribe ;
tousername : gh_5013f37369ce ;
fromusername : oqCObuNEkktMdnnwpmZDVxw0g_p8 ;
createtime : 1456389786 ;
msgtype : event ;
eventkey :  ;

2016-02-25 16:42:59 params :
------------
Array:
rule : -2 ;
module :  ;
message : Array ;

2016-02-25 16:42:59 response :
------------

2016-02-25 16:43:04 trace :
------------
Array:
from : oqCObuNEkktMdnnwpmZDVxw0g_p8 ;
to : gh_5013f37369ce ;
time : 1456389791 ;
type : event ;
event : VIEW ;
tousername : gh_5013f37369ce ;
fromusername : oqCObuNEkktMdnnwpmZDVxw0g_p8 ;
createtime : 1456389791 ;
msgtype : event ;
eventkey : http://mp.weixin.qq.com/s?__biz=MzA5MzE5NzExNw==&mid=10001097&idx=1&sn=8338ffe385dcd8dd1f376fc1a2fd50ff&scene=18#rd ;
menuid : 208007648 ;

2016-02-25 16:43:04 params :
------------
Array:
rule : -2 ;
module :  ;
message : Array ;

2016-02-25 16:43:04 response :
------------

2016-02-25 17:27:05 trace :
------------
Array:
from : oqCObuCkHHNE8gRdIBme5NYKkOdg ;
to : gh_5013f37369ce ;
time : 1456392432 ;
type : event ;
event : VIEW ;
tousername : gh_5013f37369ce ;
fromusername : oqCObuCkHHNE8gRdIBme5NYKkOdg ;
createtime : 1456392432 ;
msgtype : event ;
eventkey : http://mp.weixin.qq.com/s?__biz=MzA5MzE5NzExNw==&mid=10001097&idx=1&sn=8338ffe385dcd8dd1f376fc1a2fd50ff&scene=18#rd ;
menuid : 208007648 ;

2016-02-25 17:27:05 params :
------------
Array:
rule : -2 ;
module :  ;
message : Array ;

2016-02-25 17:27:05 response :
------------

2016-02-25 17:27:07 trace :
------------
Array:
from : oqCObuCkHHNE8gRdIBme5NYKkOdg ;
to : gh_5013f37369ce ;
time : 1456392435 ;
type : event ;
event : VIEW ;
tousername : gh_5013f37369ce ;
fromusername : oqCObuCkHHNE8gRdIBme5NYKkOdg ;
createtime : 1456392435 ;
msgtype : event ;
eventkey : http://mp.weixin.qq.com/s?__biz=MzA5MzE5NzExNw==&mid=10001097&idx=1&sn=8338ffe385dcd8dd1f376fc1a2fd50ff&scene=18#rd ;
menuid : 208007648 ;

2016-02-25 17:27:07 params :
------------
Array:
rule : -2 ;
module :  ;
message : Array ;

2016-02-25 17:27:07 response :
------------

2016-02-25 17:27:31 trace :
------------
Array:
from : oqCObuCkHHNE8gRdIBme5NYKkOdg ;
to : gh_5013f37369ce ;
time : 1456392458 ;
type : event ;
event : VIEW ;
tousername : gh_5013f37369ce ;
fromusername : oqCObuCkHHNE8gRdIBme5NYKkOdg ;
createtime : 1456392458 ;
msgtype : event ;
eventkey : http://mp.weixin.qq.com/s?__biz=MzA5MzE5NzExNw==&mid=10001097&idx=1&sn=8338ffe385dcd8dd1f376fc1a2fd50ff&scene=18#rd ;
menuid : 208007648 ;

2016-02-25 17:27:31 params :
------------
Array:
rule : -2 ;
module :  ;
message : Array ;

2016-02-25 17:27:31 response :
------------

2016-02-25 17:56:43 trace :
------------
Array:
from : oqCObuEpFAU_QsV7MFhoCI3gcCb4 ;
to : gh_5013f37369ce ;
time : 1456394207 ;
type : event ;
event : VIEW ;
tousername : gh_5013f37369ce ;
fromusername : oqCObuEpFAU_QsV7MFhoCI3gcCb4 ;
createtime : 1456394207 ;
msgtype : event ;
eventkey : http://mp.weixin.qq.com/s?__biz=MzA5MzE5NzExNw==&mid=10001097&idx=1&sn=8338ffe385dcd8dd1f376fc1a2fd50ff&scene=18#rd ;
menuid : 208007648 ;

2016-02-25 17:56:43 params :
------------
Array:
rule : -2 ;
module :  ;
message : Array ;

2016-02-25 17:56:43 response :
------------

2016-02-25 18:00:52 trace :
------------
Array:
from : oqCObuEpFAU_QsV7MFhoCI3gcCb4 ;
to : gh_5013f37369ce ;
time : 1456394459 ;
type : event ;
event : VIEW ;
tousername : gh_5013f37369ce ;
fromusername : oqCObuEpFAU_QsV7MFhoCI3gcCb4 ;
createtime : 1456394459 ;
msgtype : event ;
eventkey : http://mp.weixin.qq.com/s?__biz=MzA5MzE5NzExNw==&mid=10001097&idx=1&sn=8338ffe385dcd8dd1f376fc1a2fd50ff&scene=18#rd ;
menuid : 208007648 ;

2016-02-25 18:00:52 params :
------------
Array:
rule : -2 ;
module :  ;
message : Array ;

2016-02-25 18:00:52 response :
------------

2016-02-25 18:02:23 trace :
------------
Array:
from : oqCObuEpFAU_QsV7MFhoCI3gcCb4 ;
to : gh_5013f37369ce ;
time : 1456394550 ;
type : event ;
event : VIEW ;
tousername : gh_5013f37369ce ;
fromusername : oqCObuEpFAU_QsV7MFhoCI3gcCb4 ;
createtime : 1456394550 ;
msgtype : event ;
eventkey : http://mp.weixin.qq.com/s?__biz=MzA5MzE5NzExNw==&mid=10001097&idx=1&sn=8338ffe385dcd8dd1f376fc1a2fd50ff&scene=18#rd ;
menuid : 208007648 ;

2016-02-25 18:02:23 params :
------------
Array:
rule : -2 ;
module :  ;
message : Array ;

2016-02-25 18:02:23 response :
------------

2016-02-25 18:02:57 trace :
------------
Array:
from : oqCObuEpFAU_QsV7MFhoCI3gcCb4 ;
to : gh_5013f37369ce ;
time : 1456394584 ;
type : event ;
event : VIEW ;
tousername : gh_5013f37369ce ;
fromusername : oqCObuEpFAU_QsV7MFhoCI3gcCb4 ;
createtime : 1456394584 ;
msgtype : event ;
eventkey : http://mp.weixin.qq.com/s?__biz=MzA5MzE5NzExNw==&mid=10001097&idx=1&sn=8338ffe385dcd8dd1f376fc1a2fd50ff&scene=18#rd ;
menuid : 208007648 ;

2016-02-25 18:02:57 params :
------------
Array:
rule : -2 ;
module :  ;
message : Array ;

2016-02-25 18:02:57 response :
------------

2016-02-25 18:07:46 trace :
------------
Array:
from : oqCObuK2PLjLy-u5PFGdjsPRjThs ;
to : gh_5013f37369ce ;
time : 1456394874 ;
type : event ;
event : subscribe ;
tousername : gh_5013f37369ce ;
fromusername : oqCObuK2PLjLy-u5PFGdjsPRjThs ;
createtime : 1456394874 ;
msgtype : event ;
eventkey :  ;

2016-02-25 18:07:46 params :
------------
Array:
rule : -2 ;
module :  ;
message : Array ;

2016-02-25 18:07:46 response :
------------

2016-02-25 18:07:51 trace :
------------
Array:
from : oqCObuK2PLjLy-u5PFGdjsPRjThs ;
to : gh_5013f37369ce ;
time : 1456394879 ;
type : event ;
event : VIEW ;
tousername : gh_5013f37369ce ;
fromusername : oqCObuK2PLjLy-u5PFGdjsPRjThs ;
createtime : 1456394879 ;
msgtype : event ;
eventkey : http://mp.weixin.qq.com/s?__biz=MzA5MzE5NzExNw==&mid=10001097&idx=1&sn=8338ffe385dcd8dd1f376fc1a2fd50ff&scene=18#rd ;
menuid : 208007648 ;

2016-02-25 18:07:51 params :
------------
Array:
rule : -2 ;
module :  ;
message : Array ;

2016-02-25 18:07:51 response :
------------

2016-02-25 18:08:11 trace :
------------
Array:
from : oqCObuK2PLjLy-u5PFGdjsPRjThs ;
to : gh_5013f37369ce ;
time : 1456394898 ;
type : event ;
event : VIEW ;
tousername : gh_5013f37369ce ;
fromusername : oqCObuK2PLjLy-u5PFGdjsPRjThs ;
createtime : 1456394898 ;
msgtype : event ;
eventkey : http://mp.weixin.qq.com/s?__biz=MzA5MzE5NzExNw==&mid=10001097&idx=1&sn=8338ffe385dcd8dd1f376fc1a2fd50ff&scene=18#rd ;
menuid : 208007648 ;

2016-02-25 18:08:11 params :
------------
Array:
rule : -2 ;
module :  ;
message : Array ;

2016-02-25 18:08:11 response :
------------

2016-02-25 18:08:17 trace :
------------
Array:
from : oqCObuK2PLjLy-u5PFGdjsPRjThs ;
to : gh_5013f37369ce ;
time : 1456394904 ;
type : event ;
event : VIEW ;
tousername : gh_5013f37369ce ;
fromusername : oqCObuK2PLjLy-u5PFGdjsPRjThs ;
createtime : 1456394904 ;
msgtype : event ;
eventkey : http://mp.weixin.qq.com/s?__biz=MzA5MzE5NzExNw==&mid=10001097&idx=1&sn=8338ffe385dcd8dd1f376fc1a2fd50ff&scene=18#rd ;
menuid : 208007648 ;

2016-02-25 18:08:17 params :
------------
Array:
rule : -2 ;
module :  ;
message : Array ;

2016-02-25 18:08:17 response :
------------

2016-02-25 18:08:32 trace :
------------
Array:
from : oqCObuK2PLjLy-u5PFGdjsPRjThs ;
to : gh_5013f37369ce ;
time : 1456394919 ;
type : event ;
event : VIEW ;
tousername : gh_5013f37369ce ;
fromusername : oqCObuK2PLjLy-u5PFGdjsPRjThs ;
createtime : 1456394919 ;
msgtype : event ;
eventkey : http://mp.weixin.qq.com/s?__biz=MzA5MzE5NzExNw==&mid=10001097&idx=1&sn=8338ffe385dcd8dd1f376fc1a2fd50ff&scene=18#rd ;
menuid : 208007648 ;

2016-02-25 18:08:32 params :
------------
Array:
rule : -2 ;
module :  ;
message : Array ;

2016-02-25 18:08:32 response :
------------

2016-02-25 18:08:48 trace :
------------
Array:
from : oqCObuK2PLjLy-u5PFGdjsPRjThs ;
to : gh_5013f37369ce ;
time : 1456394936 ;
type : event ;
event : VIEW ;
tousername : gh_5013f37369ce ;
fromusername : oqCObuK2PLjLy-u5PFGdjsPRjThs ;
createtime : 1456394936 ;
msgtype : event ;
eventkey : http://mp.weixin.qq.com/s?__biz=MzA5MzE5NzExNw==&mid=10001097&idx=1&sn=8338ffe385dcd8dd1f376fc1a2fd50ff&scene=18#rd ;
menuid : 208007648 ;

2016-02-25 18:08:48 params :
------------
Array:
rule : -2 ;
module :  ;
message : Array ;

2016-02-25 18:08:48 response :
------------

2016-02-25 18:09:05 trace :
------------
Array:
from : oqCObuK2PLjLy-u5PFGdjsPRjThs ;
to : gh_5013f37369ce ;
time : 1456394952 ;
type : event ;
event : VIEW ;
tousername : gh_5013f37369ce ;
fromusername : oqCObuK2PLjLy-u5PFGdjsPRjThs ;
createtime : 1456394952 ;
msgtype : event ;
eventkey : http://mp.weixin.qq.com/s?__biz=MzA5MzE5NzExNw==&mid=10001097&idx=1&sn=8338ffe385dcd8dd1f376fc1a2fd50ff&scene=18#rd ;
menuid : 208007648 ;

2016-02-25 18:09:05 params :
------------
Array:
rule : -2 ;
module :  ;
message : Array ;

2016-02-25 18:09:05 response :
------------

2016-02-25 18:09:23 trace :
------------
Array:
from : oqCObuK2PLjLy-u5PFGdjsPRjThs ;
to : gh_5013f37369ce ;
time : 1456394970 ;
type : event ;
event : VIEW ;
tousername : gh_5013f37369ce ;
fromusername : oqCObuK2PLjLy-u5PFGdjsPRjThs ;
createtime : 1456394970 ;
msgtype : event ;
eventkey : http://mp.weixin.qq.com/s?__biz=MzA5MzE5NzExNw==&mid=10001097&idx=1&sn=8338ffe385dcd8dd1f376fc1a2fd50ff&scene=18#rd ;
menuid : 208007648 ;

2016-02-25 18:09:23 params :
------------
Array:
rule : -2 ;
module :  ;
message : Array ;

2016-02-25 18:09:23 response :
------------

2016-02-25 18:09:55 trace :
------------
Array:
from : oqCObuK2PLjLy-u5PFGdjsPRjThs ;
to : gh_5013f37369ce ;
time : 1456395003 ;
type : event ;
event : VIEW ;
tousername : gh_5013f37369ce ;
fromusername : oqCObuK2PLjLy-u5PFGdjsPRjThs ;
createtime : 1456395003 ;
msgtype : event ;
eventkey : http://mp.weixin.qq.com/s?__biz=MzA5MzE5NzExNw==&mid=10001097&idx=1&sn=8338ffe385dcd8dd1f376fc1a2fd50ff&scene=18#rd ;
menuid : 208007648 ;

2016-02-25 18:09:55 params :
------------
Array:
rule : -2 ;
module :  ;
message : Array ;

2016-02-25 18:09:55 response :
------------

2016-02-25 18:18:23 trace :
------------
Array:
from : oqCObuEpFAU_QsV7MFhoCI3gcCb4 ;
to : gh_5013f37369ce ;
time : 1456395511 ;
type : event ;
event : VIEW ;
tousername : gh_5013f37369ce ;
fromusername : oqCObuEpFAU_QsV7MFhoCI3gcCb4 ;
createtime : 1456395511 ;
msgtype : event ;
eventkey : http://mp.weixin.qq.com/s?__biz=MzA5MzE5NzExNw==&mid=10001097&idx=1&sn=8338ffe385dcd8dd1f376fc1a2fd50ff&scene=18#rd ;
menuid : 208007648 ;

2016-02-25 18:18:23 params :
------------
Array:
rule : -2 ;
module :  ;
message : Array ;

2016-02-25 18:18:23 response :
------------

2016-02-25 19:05:13 trace :
------------
Array:
from : oqCObuM_7ruuLWWSwWzLcuFkq2mc ;
to : gh_5013f37369ce ;
time : 1456398320 ;
type : event ;
event : subscribe ;
tousername : gh_5013f37369ce ;
fromusername : oqCObuM_7ruuLWWSwWzLcuFkq2mc ;
createtime : 1456398320 ;
msgtype : event ;
eventkey :  ;

2016-02-25 19:05:13 params :
------------
Array:
rule : -2 ;
module :  ;
message : Array ;

2016-02-25 19:05:13 response :
------------

2016-02-25 19:06:11 trace :
------------
Array:
from : oqCObuM_7ruuLWWSwWzLcuFkq2mc ;
to : gh_5013f37369ce ;
time : 1456398378 ;
type : event ;
event : VIEW ;
tousername : gh_5013f37369ce ;
fromusername : oqCObuM_7ruuLWWSwWzLcuFkq2mc ;
createtime : 1456398378 ;
msgtype : event ;
eventkey : http://mp.weixin.qq.com/s?__biz=MzA5MzE5NzExNw==&mid=10001097&idx=1&sn=8338ffe385dcd8dd1f376fc1a2fd50ff&scene=18#rd ;
menuid : 208007648 ;

2016-02-25 19:06:11 params :
------------
Array:
rule : -2 ;
module :  ;
message : Array ;

2016-02-25 19:06:11 response :
------------

2016-02-25 19:07:38 trace :
------------
Array:
from : oqCObuM_7ruuLWWSwWzLcuFkq2mc ;
to : gh_5013f37369ce ;
time : 1456398465 ;
type : event ;
event : VIEW ;
tousername : gh_5013f37369ce ;
fromusername : oqCObuM_7ruuLWWSwWzLcuFkq2mc ;
createtime : 1456398465 ;
msgtype : event ;
eventkey : http://mp.weixin.qq.com/s?__biz=MzA5MzE5NzExNw==&mid=10001097&idx=1&sn=8338ffe385dcd8dd1f376fc1a2fd50ff&scene=18#rd ;
menuid : 208007648 ;

2016-02-25 19:07:38 params :
------------
Array:
rule : -2 ;
module :  ;
message : Array ;

2016-02-25 19:07:38 response :
------------

2016-02-25 19:09:08 trace :
------------
Array:
from : oqCObuJMQMLJQZuZiPjUYNVXaSUc ;
to : gh_5013f37369ce ;
time : 1456398552 ;
type : event ;
event : subscribe ;
tousername : gh_5013f37369ce ;
fromusername : oqCObuJMQMLJQZuZiPjUYNVXaSUc ;
createtime : 1456398552 ;
msgtype : event ;
eventkey :  ;

2016-02-25 19:09:08 params :
------------
Array:
rule : -2 ;
module :  ;
message : Array ;

2016-02-25 19:09:08 response :
------------

2016-02-25 19:09:11 trace :
------------
Array:
from : oqCObuJMQMLJQZuZiPjUYNVXaSUc ;
to : gh_5013f37369ce ;
time : 1456398558 ;
type : event ;
event : VIEW ;
tousername : gh_5013f37369ce ;
fromusername : oqCObuJMQMLJQZuZiPjUYNVXaSUc ;
createtime : 1456398558 ;
msgtype : event ;
eventkey : http://mp.weixin.qq.com/s?__biz=MzA5MzE5NzExNw==&mid=10001097&idx=1&sn=8338ffe385dcd8dd1f376fc1a2fd50ff&scene=18#rd ;
menuid : 208007648 ;

2016-02-25 19:09:11 params :
------------
Array:
rule : -2 ;
module :  ;
message : Array ;

2016-02-25 19:09:11 response :
------------

2016-02-25 19:09:27 trace :
------------
Array:
from : oqCObuJMQMLJQZuZiPjUYNVXaSUc ;
to : gh_5013f37369ce ;
time : 1456398574 ;
type : event ;
event : VIEW ;
tousername : gh_5013f37369ce ;
fromusername : oqCObuJMQMLJQZuZiPjUYNVXaSUc ;
createtime : 1456398574 ;
msgtype : event ;
eventkey : http://mp.weixin.qq.com/s?__biz=MzA5MzE5NzExNw==&mid=10001097&idx=1&sn=8338ffe385dcd8dd1f376fc1a2fd50ff&scene=18#rd ;
menuid : 208007648 ;

2016-02-25 19:09:27 params :
------------
Array:
rule : -2 ;
module :  ;
message : Array ;

2016-02-25 19:09:27 response :
------------

2016-02-25 21:22:34 trace :
------------
Array:
from : oqCObuM_7ruuLWWSwWzLcuFkq2mc ;
to : gh_5013f37369ce ;
time : 1456406559 ;
type : event ;
event : VIEW ;
tousername : gh_5013f37369ce ;
fromusername : oqCObuM_7ruuLWWSwWzLcuFkq2mc ;
createtime : 1456406559 ;
msgtype : event ;
eventkey : http://mp.weixin.qq.com/s?__biz=MzA5MzE5NzExNw==&mid=10001097&idx=1&sn=8338ffe385dcd8dd1f376fc1a2fd50ff&scene=18#rd ;
menuid : 208007648 ;

2016-02-25 21:22:34 params :
------------
Array:
rule : -2 ;
module :  ;
message : Array ;

2016-02-25 21:22:34 response :
------------

