2016-06-17 06:58:19 trace :
------------
String:
<xml><ToUserName><![CDATA[gh_5013f37369ce]]></ToUserName>
<FromUserName><![CDATA[oqCObuMtqWbCpW90YcwJADsj7TCE]]></FromUserName>
<CreateTime>1466117992</CreateTime>
<MsgType><![CDATA[event]]></MsgType>
<Event><![CDATA[unsubscribe]]></Event>
<EventKey><![CDATA[]]></EventKey>
</xml>

2016-06-17 09:41:18 trace :
------------
String:
<xml><ToUserName><![CDATA[gh_5013f37369ce]]></ToUserName>
<FromUserName><![CDATA[oqCObuFQ6PkQl-1uDSoF6Tpll0nU]]></FromUserName>
<CreateTime>1466127771</CreateTime>
<MsgType><![CDATA[event]]></MsgType>
<Event><![CDATA[VIEW]]></Event>
<EventKey><![CDATA[http://mp.weixin.qq.com/s?__biz=MzA5MzE5NzExNw==&mid=10001097&idx=1&sn=8338ffe385dcd8dd1f376fc1a2fd50ff&scene=18#rd]]></EventKey>
<MenuId>208007648</MenuId>
</xml>

2016-06-17 09:41:18 params :
------------
Array:
rule : -2 ;
module :  ;
message : Array ;

2016-06-17 09:41:18 response :
------------

2016-06-17 10:47:05 trace :
------------
String:
<xml><ToUserName><![CDATA[gh_5013f37369ce]]></ToUserName>
<FromUserName><![CDATA[oqCObuD6My5wdeLWONZIq9WAr52Y]]></FromUserName>
<CreateTime>1466131718</CreateTime>
<MsgType><![CDATA[event]]></MsgType>
<Event><![CDATA[unsubscribe]]></Event>
<EventKey><![CDATA[]]></EventKey>
</xml>

2016-06-17 11:31:24 trace :
------------
String:
<xml><ToUserName><![CDATA[gh_5013f37369ce]]></ToUserName>
<FromUserName><![CDATA[oqCObuIfhKHcXDebhTPAs68cSF7M]]></FromUserName>
<CreateTime>1466134377</CreateTime>
<MsgType><![CDATA[event]]></MsgType>
<Event><![CDATA[VIEW]]></Event>
<EventKey><![CDATA[http://mp.weixin.qq.com/s?__biz=MzA5MzE5NzExNw==&mid=10001097&idx=1&sn=8338ffe385dcd8dd1f376fc1a2fd50ff&scene=18#rd]]></EventKey>
<MenuId>208007648</MenuId>
</xml>

2016-06-17 11:31:24 params :
------------
Array:
rule : -2 ;
module :  ;
message : Array ;

2016-06-17 11:31:24 response :
------------

2016-06-17 14:45:29 trace :
------------
String:
<xml><ToUserName><![CDATA[gh_5013f37369ce]]></ToUserName>
<FromUserName><![CDATA[oqCObuPt9Ov8s4cUiuOBch5DTi5c]]></FromUserName>
<CreateTime>1466146022</CreateTime>
<MsgType><![CDATA[event]]></MsgType>
<Event><![CDATA[subscribe]]></Event>
<EventKey><![CDATA[]]></EventKey>
</xml>

2016-06-17 14:45:29 params :
------------
Array:
rule : -2 ;
module :  ;
message : Array ;

2016-06-17 14:45:29 response :
------------

2016-06-17 18:41:00 trace :
------------
String:
<xml><ToUserName><![CDATA[gh_5013f37369ce]]></ToUserName>
<FromUserName><![CDATA[oqCObuKjct8ciFf-ZZtidFFWIRH4]]></FromUserName>
<CreateTime>1466160154</CreateTime>
<MsgType><![CDATA[event]]></MsgType>
<Event><![CDATA[VIEW]]></Event>
<EventKey><![CDATA[http://mp.weixin.qq.com/s?__biz=MzA5MzE5NzExNw==&mid=10001097&idx=1&sn=8338ffe385dcd8dd1f376fc1a2fd50ff&scene=18#rd]]></EventKey>
<MenuId>208007648</MenuId>
</xml>

2016-06-17 18:41:00 params :
------------
Array:
rule : -2 ;
module :  ;
message : Array ;

2016-06-17 18:41:00 response :
------------

2016-06-17 19:06:25 trace :
------------
String:
<xml><ToUserName><![CDATA[gh_5013f37369ce]]></ToUserName>
<FromUserName><![CDATA[oqCObuGBkt-dbfXm77isJ2uEOg74]]></FromUserName>
<CreateTime>1466161678</CreateTime>
<MsgType><![CDATA[event]]></MsgType>
<Event><![CDATA[subscribe]]></Event>
<EventKey><![CDATA[]]></EventKey>
</xml>

2016-06-17 19:06:25 params :
------------
Array:
rule : -2 ;
module :  ;
message : Array ;

2016-06-17 19:06:25 response :
------------

2016-06-17 19:06:30 trace :
------------
String:
<xml><ToUserName><![CDATA[gh_5013f37369ce]]></ToUserName>
<FromUserName><![CDATA[oqCObuGBkt-dbfXm77isJ2uEOg74]]></FromUserName>
<CreateTime>1466161678</CreateTime>
<MsgType><![CDATA[event]]></MsgType>
<Event><![CDATA[subscribe]]></Event>
<EventKey><![CDATA[]]></EventKey>
</xml>

2016-06-17 19:06:30 params :
------------
Array:
rule : -2 ;
module :  ;
message : Array ;

2016-06-17 19:06:30 response :
------------

2016-06-17 20:18:34 trace :
------------
String:
<xml><ToUserName><![CDATA[gh_5013f37369ce]]></ToUserName>
<FromUserName><![CDATA[oqCObuJvEqhV7k6tu7e53JWpr5m4]]></FromUserName>
<CreateTime>1466166006</CreateTime>
<MsgType><![CDATA[event]]></MsgType>
<Event><![CDATA[unsubscribe]]></Event>
<EventKey><![CDATA[]]></EventKey>
</xml>

2016-06-17 20:46:31 trace :
------------
String:
<xml><ToUserName><![CDATA[gh_5013f37369ce]]></ToUserName>
<FromUserName><![CDATA[oqCObuJZqURqhQ184SpPsoOIBcms]]></FromUserName>
<CreateTime>1466167684</CreateTime>
<MsgType><![CDATA[event]]></MsgType>
<Event><![CDATA[VIEW]]></Event>
<EventKey><![CDATA[http://mp.weixin.qq.com/s?__biz=MzA5MzE5NzExNw==&mid=10001097&idx=1&sn=8338ffe385dcd8dd1f376fc1a2fd50ff&scene=18#rd]]></EventKey>
<MenuId>208007648</MenuId>
</xml>

2016-06-17 20:46:31 params :
------------
Array:
rule : -2 ;
module :  ;
message : Array ;

2016-06-17 20:46:31 response :
------------

2016-06-17 20:46:36 trace :
------------
String:
<xml><ToUserName><![CDATA[gh_5013f37369ce]]></ToUserName>
<FromUserName><![CDATA[oqCObuJZqURqhQ184SpPsoOIBcms]]></FromUserName>
<CreateTime>1466167689</CreateTime>
<MsgType><![CDATA[event]]></MsgType>
<Event><![CDATA[VIEW]]></Event>
<EventKey><![CDATA[http://mp.weixin.qq.com/s?__biz=MzA5MzE5NzExNw==&mid=10001097&idx=1&sn=8338ffe385dcd8dd1f376fc1a2fd50ff&scene=18#rd]]></EventKey>
<MenuId>208007648</MenuId>
</xml>

2016-06-17 20:46:36 params :
------------
Array:
rule : -2 ;
module :  ;
message : Array ;

2016-06-17 20:46:36 response :
------------

2016-06-17 22:10:35 trace :
------------
String:
<xml><ToUserName><![CDATA[gh_5013f37369ce]]></ToUserName>
<FromUserName><![CDATA[oqCObuPhwqVhLmjK-xMiATQ21pOQ]]></FromUserName>
<CreateTime>1466172728</CreateTime>
<MsgType><![CDATA[event]]></MsgType>
<Event><![CDATA[unsubscribe]]></Event>
<EventKey><![CDATA[]]></EventKey>
</xml>

2016-06-17 22:24:36 trace :
------------
String:
<xml><ToUserName><![CDATA[gh_5013f37369ce]]></ToUserName>
<FromUserName><![CDATA[oqCObuCejURSsYFRZS4B_omQwVAQ]]></FromUserName>
<CreateTime>1466173566</CreateTime>
<MsgType><![CDATA[event]]></MsgType>
<Event><![CDATA[unsubscribe]]></Event>
<EventKey><![CDATA[]]></EventKey>
</xml>

2016-06-17 22:34:17 trace :
------------
String:
<xml><ToUserName><![CDATA[gh_5013f37369ce]]></ToUserName>
<FromUserName><![CDATA[oqCObuCA4lRFAWqOsyJudZ1g3vDo]]></FromUserName>
<CreateTime>1466174147</CreateTime>
<MsgType><![CDATA[event]]></MsgType>
<Event><![CDATA[VIEW]]></Event>
<EventKey><![CDATA[http://mp.weixin.qq.com/s?__biz=MzA5MzE5NzExNw==&mid=10001097&idx=1&sn=8338ffe385dcd8dd1f376fc1a2fd50ff&scene=18#rd]]></EventKey>
<MenuId>208007648</MenuId>
</xml>

2016-06-17 22:34:17 params :
------------
Array:
rule : -2 ;
module :  ;
message : Array ;

2016-06-17 22:34:17 response :
------------

2016-06-17 23:16:51 trace :
------------
String:
<xml><ToUserName><![CDATA[gh_5013f37369ce]]></ToUserName>
<FromUserName><![CDATA[oqCObuBKdatc9aNRfhTK2JdnRdPk]]></FromUserName>
<CreateTime>1466176704</CreateTime>
<MsgType><![CDATA[event]]></MsgType>
<Event><![CDATA[VIEW]]></Event>
<EventKey><![CDATA[http://mp.weixin.qq.com/s?__biz=MzA5MzE5NzExNw==&mid=10001097&idx=1&sn=8338ffe385dcd8dd1f376fc1a2fd50ff&scene=18#rd]]></EventKey>
<MenuId>208007648</MenuId>
</xml>

2016-06-17 23:16:51 params :
------------
Array:
rule : -2 ;
module :  ;
message : Array ;

2016-06-17 23:16:51 response :
------------

