2016-08-24 10:58:15 trace :
------------
String:
<xml><ToUserName><![CDATA[gh_fbee6dda34f1]]></ToUserName>
<FromUserName><![CDATA[o1Sf9wkRRScI1TMsZGeSag5I2ulk]]></FromUserName>
<CreateTime>1472007636</CreateTime>
<MsgType><![CDATA[event]]></MsgType>
<Event><![CDATA[VIEW]]></Event>
<EventKey><![CDATA[http://mp.angelbeautyinc.com/app/index.php?i=8&c=entry&id=1&do=detail&m=news&wxref=mp.weixin.qq.com#wechat_redirect]]></EventKey>
<MenuId>522794523</MenuId>
</xml>

2016-08-24 10:58:15 params :
------------
Array:
rule : -2 ;
module :  ;
message : Array ;

2016-08-24 10:58:15 response :
------------

2016-08-24 10:58:37 trace :
------------
String:
<xml><ToUserName><![CDATA[gh_fbee6dda34f1]]></ToUserName>
<FromUserName><![CDATA[o1Sf9wkRRScI1TMsZGeSag5I2ulk]]></FromUserName>
<CreateTime>1472007660</CreateTime>
<MsgType><![CDATA[event]]></MsgType>
<Event><![CDATA[VIEW]]></Event>
<EventKey><![CDATA[http://mp.angelbeautyinc.com/app/index.php?i=8&c=entry&id=2&do=detail&m=news&wxref=mp.weixin.qq.com#wechat_redirect]]></EventKey>
<MenuId>522794523</MenuId>
</xml>

2016-08-24 10:58:37 params :
------------
Array:
rule : -2 ;
module :  ;
message : Array ;

2016-08-24 10:58:37 response :
------------

2016-08-24 10:58:42 trace :
------------
String:
<xml><ToUserName><![CDATA[gh_fbee6dda34f1]]></ToUserName>
<FromUserName><![CDATA[o1Sf9wkRRScI1TMsZGeSag5I2ulk]]></FromUserName>
<CreateTime>1472007665</CreateTime>
<MsgType><![CDATA[event]]></MsgType>
<Event><![CDATA[VIEW]]></Event>
<EventKey><![CDATA[http://mp.angelbeautyinc.com/app/index.php?i=8&c=entry&id=3&do=detail&m=news&wxref=mp.weixin.qq.com#wechat_redirect]]></EventKey>
<MenuId>522794523</MenuId>
</xml>

2016-08-24 10:58:42 params :
------------
Array:
rule : -2 ;
module :  ;
message : Array ;

2016-08-24 10:58:42 response :
------------

