2016-03-21 07:28:11 trace :
------------
Array:
from : oqCObuP82xGen-TMCQHhiwBaeso4 ;
to : gh_5013f37369ce ;
time : 1458516502 ;
type : event ;
event : VIEW ;
tousername : gh_5013f37369ce ;
fromusername : oqCObuP82xGen-TMCQHhiwBaeso4 ;
createtime : 1458516502 ;
msgtype : event ;
eventkey : http://mp.weixin.qq.com/s?__biz=MzA5MzE5NzExNw==&mid=10001097&idx=1&sn=8338ffe385dcd8dd1f376fc1a2fd50ff&scene=18#rd ;
menuid : 208007648 ;

2016-03-21 07:28:11 params :
------------
Array:
rule : -2 ;
module :  ;
message : Array ;

2016-03-21 07:28:11 response :
------------

2016-03-21 07:28:26 trace :
------------
Array:
from : oqCObuP82xGen-TMCQHhiwBaeso4 ;
to : gh_5013f37369ce ;
time : 1458516516 ;
type : event ;
event : VIEW ;
tousername : gh_5013f37369ce ;
fromusername : oqCObuP82xGen-TMCQHhiwBaeso4 ;
createtime : 1458516516 ;
msgtype : event ;
eventkey : http://mp.weixin.qq.com/s?__biz=MzA5MzE5NzExNw==&mid=10001097&idx=1&sn=8338ffe385dcd8dd1f376fc1a2fd50ff&scene=18#rd ;
menuid : 208007648 ;

2016-03-21 07:28:26 params :
------------
Array:
rule : -2 ;
module :  ;
message : Array ;

2016-03-21 07:28:26 response :
------------

2016-03-21 07:28:32 trace :
------------
Array:
from : oqCObuP82xGen-TMCQHhiwBaeso4 ;
to : gh_5013f37369ce ;
time : 1458516526 ;
type : event ;
event : VIEW ;
tousername : gh_5013f37369ce ;
fromusername : oqCObuP82xGen-TMCQHhiwBaeso4 ;
createtime : 1458516526 ;
msgtype : event ;
eventkey : http://mp.weixin.qq.com/s?__biz=MzA5MzE5NzExNw==&mid=10001097&idx=1&sn=8338ffe385dcd8dd1f376fc1a2fd50ff&scene=18#rd ;
menuid : 208007648 ;

2016-03-21 07:28:32 params :
------------
Array:
rule : -2 ;
module :  ;
message : Array ;

2016-03-21 07:28:32 response :
------------

2016-03-21 07:28:57 trace :
------------
Array:
from : oqCObuP82xGen-TMCQHhiwBaeso4 ;
to : gh_5013f37369ce ;
time : 1458516551 ;
type : event ;
event : VIEW ;
tousername : gh_5013f37369ce ;
fromusername : oqCObuP82xGen-TMCQHhiwBaeso4 ;
createtime : 1458516551 ;
msgtype : event ;
eventkey : http://mp.weixin.qq.com/s?__biz=MzA5MzE5NzExNw==&mid=10001097&idx=1&sn=8338ffe385dcd8dd1f376fc1a2fd50ff&scene=18#rd ;
menuid : 208007648 ;

2016-03-21 07:28:57 params :
------------
Array:
rule : -2 ;
module :  ;
message : Array ;

2016-03-21 07:28:57 response :
------------

2016-03-21 10:07:18 trace :
------------
Array:
from : oqCObuNWiuKJoMm5Z1A55MSP8T64 ;
to : gh_5013f37369ce ;
time : 1458526052 ;
type : event ;
event : VIEW ;
tousername : gh_5013f37369ce ;
fromusername : oqCObuNWiuKJoMm5Z1A55MSP8T64 ;
createtime : 1458526052 ;
msgtype : event ;
eventkey : http://mp.weixin.qq.com/s?__biz=MzA5MzE5NzExNw==&mid=10001097&idx=1&sn=8338ffe385dcd8dd1f376fc1a2fd50ff&scene=18#rd ;
menuid : 208007648 ;

2016-03-21 10:07:18 params :
------------
Array:
rule : -2 ;
module :  ;
message : Array ;

2016-03-21 10:07:18 response :
------------

2016-03-21 10:07:57 trace :
------------
Array:
from : oqCObuNWiuKJoMm5Z1A55MSP8T64 ;
to : gh_5013f37369ce ;
time : 1458526091 ;
type : event ;
event : VIEW ;
tousername : gh_5013f37369ce ;
fromusername : oqCObuNWiuKJoMm5Z1A55MSP8T64 ;
createtime : 1458526091 ;
msgtype : event ;
eventkey : http://mp.weixin.qq.com/s?__biz=MzA5MzE5NzExNw==&mid=10001097&idx=1&sn=8338ffe385dcd8dd1f376fc1a2fd50ff&scene=18#rd ;
menuid : 208007648 ;

2016-03-21 10:07:57 params :
------------
Array:
rule : -2 ;
module :  ;
message : Array ;

2016-03-21 10:07:57 response :
------------

2016-03-21 10:08:16 trace :
------------
Array:
from : oqCObuNWiuKJoMm5Z1A55MSP8T64 ;
to : gh_5013f37369ce ;
time : 1458526107 ;
type : event ;
event : VIEW ;
tousername : gh_5013f37369ce ;
fromusername : oqCObuNWiuKJoMm5Z1A55MSP8T64 ;
createtime : 1458526107 ;
msgtype : event ;
eventkey : http://mp.weixin.qq.com/s?__biz=MzA5MzE5NzExNw==&mid=10001097&idx=1&sn=8338ffe385dcd8dd1f376fc1a2fd50ff&scene=18#rd ;
menuid : 208007648 ;

2016-03-21 10:08:16 params :
------------
Array:
rule : -2 ;
module :  ;
message : Array ;

2016-03-21 10:08:16 response :
------------

2016-03-21 11:07:56 trace :
------------
Array:
from : oqCObuFN6YzKM6Dq_zKynImNoZD0 ;
to : gh_5013f37369ce ;
time : 1458529690 ;
type : event ;
event : subscribe ;
tousername : gh_5013f37369ce ;
fromusername : oqCObuFN6YzKM6Dq_zKynImNoZD0 ;
createtime : 1458529690 ;
msgtype : event ;
eventkey :  ;

2016-03-21 11:07:56 params :
------------
Array:
rule : -2 ;
module :  ;
message : Array ;

2016-03-21 11:07:56 response :
------------

2016-03-21 11:08:07 trace :
------------
Array:
from : oqCObuFN6YzKM6Dq_zKynImNoZD0 ;
to : gh_5013f37369ce ;
time : 1458529701 ;
type : text ;
event :  ;
tousername : gh_5013f37369ce ;
fromusername : oqCObuFN6YzKM6Dq_zKynImNoZD0 ;
createtime : 1458529701 ;
msgtype : text ;
content : 阿拉巴大家看看 ;
msgid : 6264337366442118884 ;
redirection :  ;
source :  ;

2016-03-21 11:08:07 params :
------------
Array:
rule : -2 ;
module :  ;
message : Array ;

2016-03-21 11:08:07 response :
------------

2016-03-21 11:16:38 trace :
------------
Array:
from : oqCObuCdX4Z5kHpzOYYnWyLm5OFQ ;
to : gh_5013f37369ce ;
time : 1458530209 ;
type : event ;
event : VIEW ;
tousername : gh_5013f37369ce ;
fromusername : oqCObuCdX4Z5kHpzOYYnWyLm5OFQ ;
createtime : 1458530209 ;
msgtype : event ;
eventkey : http://mp.weixin.qq.com/s?__biz=MzA5MzE5NzExNw==&mid=10001097&idx=1&sn=8338ffe385dcd8dd1f376fc1a2fd50ff&scene=18#rd ;
menuid : 208007648 ;

2016-03-21 11:16:39 params :
------------
Array:
rule : -2 ;
module :  ;
message : Array ;

2016-03-21 11:16:39 response :
------------

2016-03-21 11:17:17 trace :
------------
Array:
from : oqCObuCdX4Z5kHpzOYYnWyLm5OFQ ;
to : gh_5013f37369ce ;
time : 1458530251 ;
type : event ;
event : VIEW ;
tousername : gh_5013f37369ce ;
fromusername : oqCObuCdX4Z5kHpzOYYnWyLm5OFQ ;
createtime : 1458530251 ;
msgtype : event ;
eventkey : http://mp.weixin.qq.com/s?__biz=MzA5MzE5NzExNw==&mid=10001097&idx=1&sn=8338ffe385dcd8dd1f376fc1a2fd50ff&scene=18#rd ;
menuid : 208007648 ;

2016-03-21 11:17:17 params :
------------
Array:
rule : -2 ;
module :  ;
message : Array ;

2016-03-21 11:17:17 response :
------------

2016-03-21 11:17:21 trace :
------------
Array:
from : oqCObuCdX4Z5kHpzOYYnWyLm5OFQ ;
to : gh_5013f37369ce ;
time : 1458530255 ;
type : event ;
event : VIEW ;
tousername : gh_5013f37369ce ;
fromusername : oqCObuCdX4Z5kHpzOYYnWyLm5OFQ ;
createtime : 1458530255 ;
msgtype : event ;
eventkey : http://mp.weixin.qq.com/s?__biz=MzA5MzE5NzExNw==&mid=10001097&idx=1&sn=8338ffe385dcd8dd1f376fc1a2fd50ff&scene=18#rd ;
menuid : 208007648 ;

2016-03-21 11:17:21 params :
------------
Array:
rule : -2 ;
module :  ;
message : Array ;

2016-03-21 11:17:21 response :
------------

2016-03-21 11:58:56 trace :
------------
Array:
from : oqCObuIKQhcskkiEbIcMCwSLFCNA ;
to : gh_5013f37369ce ;
time : 1458532750 ;
type : event ;
event : VIEW ;
tousername : gh_5013f37369ce ;
fromusername : oqCObuIKQhcskkiEbIcMCwSLFCNA ;
createtime : 1458532750 ;
msgtype : event ;
eventkey : http://mp.weixin.qq.com/s?__biz=MzA5MzE5NzExNw==&mid=10001097&idx=1&sn=8338ffe385dcd8dd1f376fc1a2fd50ff&scene=18#rd ;
menuid : 208007648 ;

2016-03-21 11:58:56 params :
------------
Array:
rule : -2 ;
module :  ;
message : Array ;

2016-03-21 11:58:56 response :
------------

2016-03-21 11:59:01 trace :
------------
Array:
from : oqCObuIKQhcskkiEbIcMCwSLFCNA ;
to : gh_5013f37369ce ;
time : 1458532755 ;
type : event ;
event : VIEW ;
tousername : gh_5013f37369ce ;
fromusername : oqCObuIKQhcskkiEbIcMCwSLFCNA ;
createtime : 1458532755 ;
msgtype : event ;
eventkey : http://mp.weixin.qq.com/s?__biz=MzA5MzE5NzExNw==&mid=10001097&idx=1&sn=8338ffe385dcd8dd1f376fc1a2fd50ff&scene=18#rd ;
menuid : 208007648 ;

2016-03-21 11:59:01 params :
------------
Array:
rule : -2 ;
module :  ;
message : Array ;

2016-03-21 11:59:01 response :
------------

2016-03-21 12:47:19 trace :
------------
Array:
from : oqCObuCdX4Z5kHpzOYYnWyLm5OFQ ;
to : gh_5013f37369ce ;
time : 1458535649 ;
type : event ;
event : VIEW ;
tousername : gh_5013f37369ce ;
fromusername : oqCObuCdX4Z5kHpzOYYnWyLm5OFQ ;
createtime : 1458535649 ;
msgtype : event ;
eventkey : http://mp.weixin.qq.com/s?__biz=MzA5MzE5NzExNw==&mid=10001097&idx=1&sn=8338ffe385dcd8dd1f376fc1a2fd50ff&scene=18#rd ;
menuid : 208007648 ;

2016-03-21 12:47:19 params :
------------
Array:
rule : -2 ;
module :  ;
message : Array ;

2016-03-21 12:47:19 response :
------------

2016-03-21 12:47:30 trace :
------------
Array:
from : oqCObuCdX4Z5kHpzOYYnWyLm5OFQ ;
to : gh_5013f37369ce ;
time : 1458535664 ;
type : event ;
event : VIEW ;
tousername : gh_5013f37369ce ;
fromusername : oqCObuCdX4Z5kHpzOYYnWyLm5OFQ ;
createtime : 1458535664 ;
msgtype : event ;
eventkey : http://mp.weixin.qq.com/s?__biz=MzA5MzE5NzExNw==&mid=10001097&idx=1&sn=8338ffe385dcd8dd1f376fc1a2fd50ff&scene=18#rd ;
menuid : 208007648 ;

2016-03-21 12:47:30 params :
------------
Array:
rule : -2 ;
module :  ;
message : Array ;

2016-03-21 12:47:30 response :
------------

2016-03-21 12:50:05 trace :
------------
Array:
from : oqCObuIeCDKxvccSpmKUarrxjecs ;
to : gh_5013f37369ce ;
time : 1458535819 ;
type : event ;
event : VIEW ;
tousername : gh_5013f37369ce ;
fromusername : oqCObuIeCDKxvccSpmKUarrxjecs ;
createtime : 1458535819 ;
msgtype : event ;
eventkey : http://mp.weixin.qq.com/s?__biz=MzA5MzE5NzExNw==&mid=10001097&idx=1&sn=8338ffe385dcd8dd1f376fc1a2fd50ff&scene=18#rd ;
menuid : 208007648 ;

2016-03-21 12:50:05 params :
------------
Array:
rule : -2 ;
module :  ;
message : Array ;

2016-03-21 12:50:05 response :
------------

2016-03-21 14:10:38 trace :
------------
Array:
from : oqCObuD7u7K7bzllmsHqUlOIz9Eg ;
to : gh_5013f37369ce ;
time : 1458540652 ;
type : event ;
event : VIEW ;
tousername : gh_5013f37369ce ;
fromusername : oqCObuD7u7K7bzllmsHqUlOIz9Eg ;
createtime : 1458540652 ;
msgtype : event ;
eventkey : http://mp.weixin.qq.com/s?__biz=MzA5MzE5NzExNw==&mid=10001097&idx=1&sn=8338ffe385dcd8dd1f376fc1a2fd50ff&scene=18#rd ;
menuid : 208007648 ;

2016-03-21 14:10:38 params :
------------
Array:
rule : -2 ;
module :  ;
message : Array ;

2016-03-21 14:10:38 response :
------------

2016-03-21 14:32:33 trace :
------------
Array:
from : oqCObuD7u7K7bzllmsHqUlOIz9Eg ;
to : gh_5013f37369ce ;
time : 1458541967 ;
type : event ;
event : VIEW ;
tousername : gh_5013f37369ce ;
fromusername : oqCObuD7u7K7bzllmsHqUlOIz9Eg ;
createtime : 1458541967 ;
msgtype : event ;
eventkey : http://mp.weixin.qq.com/s?__biz=MzA5MzE5NzExNw==&mid=10001097&idx=1&sn=8338ffe385dcd8dd1f376fc1a2fd50ff&scene=18#rd ;
menuid : 208007648 ;

2016-03-21 14:32:33 params :
------------
Array:
rule : -2 ;
module :  ;
message : Array ;

2016-03-21 14:32:33 response :
------------

2016-03-21 14:32:42 trace :
------------
Array:
from : oqCObuD7u7K7bzllmsHqUlOIz9Eg ;
to : gh_5013f37369ce ;
time : 1458541975 ;
type : event ;
event : VIEW ;
tousername : gh_5013f37369ce ;
fromusername : oqCObuD7u7K7bzllmsHqUlOIz9Eg ;
createtime : 1458541975 ;
msgtype : event ;
eventkey : http://mp.weixin.qq.com/s?__biz=MzA5MzE5NzExNw==&mid=10001097&idx=1&sn=8338ffe385dcd8dd1f376fc1a2fd50ff&scene=18#rd ;
menuid : 208007648 ;

2016-03-21 14:32:42 params :
------------
Array:
rule : -2 ;
module :  ;
message : Array ;

2016-03-21 14:32:42 response :
------------

2016-03-21 14:58:59 trace :
------------
Array:
from : oqCObuJWQ71dzzwof45zLmYTAq-s ;
to : gh_5013f37369ce ;
time : 1458543553 ;
type : event ;
event : subscribe ;
tousername : gh_5013f37369ce ;
fromusername : oqCObuJWQ71dzzwof45zLmYTAq-s ;
createtime : 1458543553 ;
msgtype : event ;
eventkey :  ;

2016-03-21 14:58:59 params :
------------
Array:
rule : -2 ;
module :  ;
message : Array ;

2016-03-21 14:58:59 response :
------------

2016-03-21 16:06:42 trace :
------------
Array:
from : oqCObuObMrWI6i8dWnOwmRT_KWb0 ;
to : gh_5013f37369ce ;
time : 1458547615 ;
type : event ;
event : VIEW ;
tousername : gh_5013f37369ce ;
fromusername : oqCObuObMrWI6i8dWnOwmRT_KWb0 ;
createtime : 1458547615 ;
msgtype : event ;
eventkey : http://mp.weixin.qq.com/s?__biz=MzA5MzE5NzExNw==&mid=10001097&idx=1&sn=8338ffe385dcd8dd1f376fc1a2fd50ff&scene=18#rd ;
menuid : 208007648 ;

2016-03-21 16:06:42 params :
------------
Array:
rule : -2 ;
module :  ;
message : Array ;

2016-03-21 16:06:42 response :
------------

2016-03-21 16:06:46 trace :
------------
Array:
from : oqCObuObMrWI6i8dWnOwmRT_KWb0 ;
to : gh_5013f37369ce ;
time : 1458547620 ;
type : event ;
event : VIEW ;
tousername : gh_5013f37369ce ;
fromusername : oqCObuObMrWI6i8dWnOwmRT_KWb0 ;
createtime : 1458547620 ;
msgtype : event ;
eventkey : http://mp.weixin.qq.com/s?__biz=MzA5MzE5NzExNw==&mid=10001097&idx=1&sn=8338ffe385dcd8dd1f376fc1a2fd50ff&scene=18#rd ;
menuid : 208007648 ;

2016-03-21 16:06:46 params :
------------
Array:
rule : -2 ;
module :  ;
message : Array ;

2016-03-21 16:06:46 response :
------------

2016-03-21 16:09:02 trace :
------------
Array:
from : oqCObuOQ2sUBGiCiMH4fzPG1NQJ8 ;
to : gh_5013f37369ce ;
time : 1458547756 ;
type : event ;
event : VIEW ;
tousername : gh_5013f37369ce ;
fromusername : oqCObuOQ2sUBGiCiMH4fzPG1NQJ8 ;
createtime : 1458547756 ;
msgtype : event ;
eventkey : http://mp.weixin.qq.com/s?__biz=MzA5MzE5NzExNw==&mid=10001097&idx=1&sn=8338ffe385dcd8dd1f376fc1a2fd50ff&scene=18#rd ;
menuid : 208007648 ;

2016-03-21 16:09:02 params :
------------
Array:
rule : -2 ;
module :  ;
message : Array ;

2016-03-21 16:09:02 response :
------------

2016-03-21 16:41:57 trace :
------------
Array:
from : oqCObuLhjsEjrJl4uf8T4AusPaKo ;
to : gh_5013f37369ce ;
time : 1458549731 ;
type : event ;
event : subscribe ;
tousername : gh_5013f37369ce ;
fromusername : oqCObuLhjsEjrJl4uf8T4AusPaKo ;
createtime : 1458549731 ;
msgtype : event ;
eventkey :  ;

2016-03-21 16:41:57 params :
------------
Array:
rule : -2 ;
module :  ;
message : Array ;

2016-03-21 16:41:57 response :
------------

2016-03-21 17:42:01 trace :
------------
Array:
from : oqCObuAj43pICzPPXjzOxd3uojAE ;
to : gh_5013f37369ce ;
time : 1458553335 ;
type : event ;
event : VIEW ;
tousername : gh_5013f37369ce ;
fromusername : oqCObuAj43pICzPPXjzOxd3uojAE ;
createtime : 1458553335 ;
msgtype : event ;
eventkey : http://mp.weixin.qq.com/s?__biz=MzA5MzE5NzExNw==&mid=10001097&idx=1&sn=8338ffe385dcd8dd1f376fc1a2fd50ff&scene=18#rd ;
menuid : 208007648 ;

2016-03-21 17:42:01 params :
------------
Array:
rule : -2 ;
module :  ;
message : Array ;

2016-03-21 17:42:01 response :
------------

2016-03-21 18:39:11 trace :
------------
Array:
from : oqCObuKNpLTe4DzK5cMI3fVZyRBw ;
to : gh_5013f37369ce ;
time : 1458556765 ;
type : event ;
event : subscribe ;
tousername : gh_5013f37369ce ;
fromusername : oqCObuKNpLTe4DzK5cMI3fVZyRBw ;
createtime : 1458556765 ;
msgtype : event ;
eventkey :  ;

2016-03-21 18:39:11 params :
------------
Array:
rule : -2 ;
module :  ;
message : Array ;

2016-03-21 18:39:11 response :
------------

2016-03-21 18:39:27 trace :
------------
Array:
from : oqCObuKNpLTe4DzK5cMI3fVZyRBw ;
to : gh_5013f37369ce ;
time : 1458556781 ;
type : event ;
event : VIEW ;
tousername : gh_5013f37369ce ;
fromusername : oqCObuKNpLTe4DzK5cMI3fVZyRBw ;
createtime : 1458556781 ;
msgtype : event ;
eventkey : http://mp.weixin.qq.com/s?__biz=MzA5MzE5NzExNw==&mid=10001097&idx=1&sn=8338ffe385dcd8dd1f376fc1a2fd50ff&scene=18#rd ;
menuid : 208007648 ;

2016-03-21 18:39:27 params :
------------
Array:
rule : -2 ;
module :  ;
message : Array ;

2016-03-21 18:39:27 response :
------------

2016-03-21 18:58:09 trace :
------------
Array:
from : oqCObuLhjsEjrJl4uf8T4AusPaKo ;
to : gh_5013f37369ce ;
time : 1458557903 ;
type : event ;
event : VIEW ;
tousername : gh_5013f37369ce ;
fromusername : oqCObuLhjsEjrJl4uf8T4AusPaKo ;
createtime : 1458557903 ;
msgtype : event ;
eventkey : http://mp.weixin.qq.com/s?__biz=MzA5MzE5NzExNw==&mid=10001097&idx=1&sn=8338ffe385dcd8dd1f376fc1a2fd50ff&scene=18#rd ;
menuid : 208007648 ;

2016-03-21 18:58:09 params :
------------
Array:
rule : -2 ;
module :  ;
message : Array ;

2016-03-21 18:58:09 response :
------------

2016-03-21 18:58:41 trace :
------------
Array:
from : oqCObuLhjsEjrJl4uf8T4AusPaKo ;
to : gh_5013f37369ce ;
time : 1458557935 ;
type : event ;
event : VIEW ;
tousername : gh_5013f37369ce ;
fromusername : oqCObuLhjsEjrJl4uf8T4AusPaKo ;
createtime : 1458557935 ;
msgtype : event ;
eventkey : http://mp.weixin.qq.com/s?__biz=MzA5MzE5NzExNw==&mid=10001097&idx=1&sn=8338ffe385dcd8dd1f376fc1a2fd50ff&scene=18#rd ;
menuid : 208007648 ;

2016-03-21 18:58:41 params :
------------
Array:
rule : -2 ;
module :  ;
message : Array ;

2016-03-21 18:58:41 response :
------------

2016-03-21 18:59:18 trace :
------------
Array:
from : oqCObuLhjsEjrJl4uf8T4AusPaKo ;
to : gh_5013f37369ce ;
time : 1458557972 ;
type : event ;
event : VIEW ;
tousername : gh_5013f37369ce ;
fromusername : oqCObuLhjsEjrJl4uf8T4AusPaKo ;
createtime : 1458557972 ;
msgtype : event ;
eventkey : http://mp.weixin.qq.com/s?__biz=MzA5MzE5NzExNw==&mid=10001097&idx=1&sn=8338ffe385dcd8dd1f376fc1a2fd50ff&scene=18#rd ;
menuid : 208007648 ;

2016-03-21 18:59:18 params :
------------
Array:
rule : -2 ;
module :  ;
message : Array ;

2016-03-21 18:59:18 response :
------------

2016-03-21 18:59:21 trace :
------------
Array:
from : oqCObuLhjsEjrJl4uf8T4AusPaKo ;
to : gh_5013f37369ce ;
time : 1458557975 ;
type : event ;
event : VIEW ;
tousername : gh_5013f37369ce ;
fromusername : oqCObuLhjsEjrJl4uf8T4AusPaKo ;
createtime : 1458557975 ;
msgtype : event ;
eventkey : http://mp.weixin.qq.com/s?__biz=MzA5MzE5NzExNw==&mid=10001097&idx=1&sn=8338ffe385dcd8dd1f376fc1a2fd50ff&scene=18#rd ;
menuid : 208007648 ;

2016-03-21 18:59:21 params :
------------
Array:
rule : -2 ;
module :  ;
message : Array ;

2016-03-21 18:59:21 response :
------------

2016-03-21 18:59:27 trace :
------------
Array:
from : oqCObuLhjsEjrJl4uf8T4AusPaKo ;
to : gh_5013f37369ce ;
time : 1458557980 ;
type : event ;
event : VIEW ;
tousername : gh_5013f37369ce ;
fromusername : oqCObuLhjsEjrJl4uf8T4AusPaKo ;
createtime : 1458557980 ;
msgtype : event ;
eventkey : http://mp.weixin.qq.com/s?__biz=MzA5MzE5NzExNw==&mid=10001097&idx=1&sn=8338ffe385dcd8dd1f376fc1a2fd50ff&scene=18#rd ;
menuid : 208007648 ;

2016-03-21 18:59:27 params :
------------
Array:
rule : -2 ;
module :  ;
message : Array ;

2016-03-21 18:59:27 response :
------------

2016-03-21 18:59:47 trace :
------------
Array:
from : oqCObuLhjsEjrJl4uf8T4AusPaKo ;
to : gh_5013f37369ce ;
time : 1458558001 ;
type : event ;
event : VIEW ;
tousername : gh_5013f37369ce ;
fromusername : oqCObuLhjsEjrJl4uf8T4AusPaKo ;
createtime : 1458558001 ;
msgtype : event ;
eventkey : http://mp.weixin.qq.com/s?__biz=MzA5MzE5NzExNw==&mid=10001097&idx=1&sn=8338ffe385dcd8dd1f376fc1a2fd50ff&scene=18#rd ;
menuid : 208007648 ;

2016-03-21 18:59:47 params :
------------
Array:
rule : -2 ;
module :  ;
message : Array ;

2016-03-21 18:59:47 response :
------------

2016-03-21 19:00:25 trace :
------------
Array:
from : oqCObuLhjsEjrJl4uf8T4AusPaKo ;
to : gh_5013f37369ce ;
time : 1458558039 ;
type : event ;
event : VIEW ;
tousername : gh_5013f37369ce ;
fromusername : oqCObuLhjsEjrJl4uf8T4AusPaKo ;
createtime : 1458558039 ;
msgtype : event ;
eventkey : http://mp.weixin.qq.com/s?__biz=MzA5MzE5NzExNw==&mid=10001097&idx=1&sn=8338ffe385dcd8dd1f376fc1a2fd50ff&scene=18#rd ;
menuid : 208007648 ;

2016-03-21 19:00:25 params :
------------
Array:
rule : -2 ;
module :  ;
message : Array ;

2016-03-21 19:00:25 response :
------------

2016-03-21 19:02:35 trace :
------------
Array:
from : oqCObuLhjsEjrJl4uf8T4AusPaKo ;
to : gh_5013f37369ce ;
time : 1458558169 ;
type : event ;
event : VIEW ;
tousername : gh_5013f37369ce ;
fromusername : oqCObuLhjsEjrJl4uf8T4AusPaKo ;
createtime : 1458558169 ;
msgtype : event ;
eventkey : http://mp.weixin.qq.com/s?__biz=MzA5MzE5NzExNw==&mid=10001097&idx=1&sn=8338ffe385dcd8dd1f376fc1a2fd50ff&scene=18#rd ;
menuid : 208007648 ;

2016-03-21 19:02:35 params :
------------
Array:
rule : -2 ;
module :  ;
message : Array ;

2016-03-21 19:02:35 response :
------------

2016-03-21 19:13:31 trace :
------------
Array:
from : oqCObuJClxh0LC3qZAQLh-0DzFD8 ;
to : gh_5013f37369ce ;
time : 1458558825 ;
type : event ;
event : subscribe ;
tousername : gh_5013f37369ce ;
fromusername : oqCObuJClxh0LC3qZAQLh-0DzFD8 ;
createtime : 1458558825 ;
msgtype : event ;
eventkey :  ;

2016-03-21 19:13:31 params :
------------
Array:
rule : -2 ;
module :  ;
message : Array ;

2016-03-21 19:13:31 response :
------------

2016-03-21 19:51:42 trace :
------------
Array:
from : oqCObuL6-juDDyIgTDoacR78AxsM ;
to : gh_5013f37369ce ;
time : 1458561116 ;
type : event ;
event : subscribe ;
tousername : gh_5013f37369ce ;
fromusername : oqCObuL6-juDDyIgTDoacR78AxsM ;
createtime : 1458561116 ;
msgtype : event ;
eventkey :  ;

2016-03-21 19:51:42 params :
------------
Array:
rule : -2 ;
module :  ;
message : Array ;

2016-03-21 19:51:42 response :
------------

2016-03-21 20:04:50 trace :
------------
Array:
from : oqCObuGZFV_KZyEabmTOg1yYgrRQ ;
to : gh_5013f37369ce ;
time : 1458561904 ;
type : event ;
event : subscribe ;
tousername : gh_5013f37369ce ;
fromusername : oqCObuGZFV_KZyEabmTOg1yYgrRQ ;
createtime : 1458561904 ;
msgtype : event ;
eventkey :  ;

2016-03-21 20:04:50 params :
------------
Array:
rule : -2 ;
module :  ;
message : Array ;

2016-03-21 20:04:50 response :
------------

2016-03-21 20:11:01 trace :
------------
Array:
from : oqCObuNKMqAbZip4zDO7EUNr8U5I ;
to : gh_5013f37369ce ;
time : 1458562275 ;
type : event ;
event : VIEW ;
tousername : gh_5013f37369ce ;
fromusername : oqCObuNKMqAbZip4zDO7EUNr8U5I ;
createtime : 1458562275 ;
msgtype : event ;
eventkey : http://mp.weixin.qq.com/s?__biz=MzA5MzE5NzExNw==&mid=10001097&idx=1&sn=8338ffe385dcd8dd1f376fc1a2fd50ff&scene=18#rd ;
menuid : 208007648 ;

2016-03-21 20:11:01 params :
------------
Array:
rule : -2 ;
module :  ;
message : Array ;

2016-03-21 20:11:01 response :
------------

2016-03-21 20:59:37 trace :
------------
Array:
from : oqCObuNVCrTEt9ROX1QqFz_U7CHU ;
to : gh_5013f37369ce ;
time : 1458565191 ;
type : event ;
event : subscribe ;
tousername : gh_5013f37369ce ;
fromusername : oqCObuNVCrTEt9ROX1QqFz_U7CHU ;
createtime : 1458565191 ;
msgtype : event ;
eventkey :  ;

2016-03-21 20:59:37 params :
------------
Array:
rule : -2 ;
module :  ;
message : Array ;

2016-03-21 20:59:37 response :
------------

2016-03-21 21:27:24 trace :
------------
Array:
from : oqCObuKxDAzENO3bhlwbYT1mgu_E ;
to : gh_5013f37369ce ;
time : 1458566855 ;
type : event ;
event : subscribe ;
tousername : gh_5013f37369ce ;
fromusername : oqCObuKxDAzENO3bhlwbYT1mgu_E ;
createtime : 1458566855 ;
msgtype : event ;
eventkey :  ;

2016-03-21 21:27:24 params :
------------
Array:
rule : -2 ;
module :  ;
message : Array ;

2016-03-21 21:27:24 response :
------------

2016-03-21 21:27:37 trace :
------------
Array:
from : oqCObuKxDAzENO3bhlwbYT1mgu_E ;
to : gh_5013f37369ce ;
time : 1458566868 ;
type : event ;
event : VIEW ;
tousername : gh_5013f37369ce ;
fromusername : oqCObuKxDAzENO3bhlwbYT1mgu_E ;
createtime : 1458566868 ;
msgtype : event ;
eventkey : http://mp.weixin.qq.com/s?__biz=MzA5MzE5NzExNw==&mid=10001097&idx=1&sn=8338ffe385dcd8dd1f376fc1a2fd50ff&scene=18#rd ;
menuid : 208007648 ;

2016-03-21 21:27:37 params :
------------
Array:
rule : -2 ;
module :  ;
message : Array ;

2016-03-21 21:27:37 response :
------------

