2016-04-14 15:13:30 trace :
------------
Array:
from : oqCObuPDdjaa19Z0bYfM8W-phtqY ;
to : gh_5013f37369ce ;
time : 1460618024 ;
type : event ;
event : subscribe ;
tousername : gh_5013f37369ce ;
fromusername : oqCObuPDdjaa19Z0bYfM8W-phtqY ;
createtime : 1460618024 ;
msgtype : event ;
eventkey :  ;

2016-04-14 15:13:30 params :
------------
Array:
rule : -2 ;
module :  ;
message : Array ;

2016-04-14 15:13:30 response :
------------

2016-04-14 15:39:00 trace :
------------
Array:
from : oqCObuK48gBrnQGzvZr4oAAsj6is ;
to : gh_5013f37369ce ;
time : 1460619555 ;
type : event ;
event : subscribe ;
tousername : gh_5013f37369ce ;
fromusername : oqCObuK48gBrnQGzvZr4oAAsj6is ;
createtime : 1460619555 ;
msgtype : event ;
eventkey :  ;

2016-04-14 15:39:00 params :
------------
Array:
rule : -2 ;
module :  ;
message : Array ;

2016-04-14 15:39:00 response :
------------

2016-04-14 15:39:04 trace :
------------
Array:
from : oqCObuK48gBrnQGzvZr4oAAsj6is ;
to : gh_5013f37369ce ;
time : 1460619563 ;
type : event ;
event : VIEW ;
tousername : gh_5013f37369ce ;
fromusername : oqCObuK48gBrnQGzvZr4oAAsj6is ;
createtime : 1460619563 ;
msgtype : event ;
eventkey : http://mp.weixin.qq.com/s?__biz=MzA5MzE5NzExNw==&mid=10001097&idx=1&sn=8338ffe385dcd8dd1f376fc1a2fd50ff&scene=18#rd ;
menuid : 208007648 ;

2016-04-14 15:39:05 params :
------------
Array:
rule : -2 ;
module :  ;
message : Array ;

2016-04-14 15:39:05 response :
------------

2016-04-14 15:44:53 trace :
------------
Array:
from : oqCObuK48gBrnQGzvZr4oAAsj6is ;
to : gh_5013f37369ce ;
time : 1460619908 ;
type : event ;
event : VIEW ;
tousername : gh_5013f37369ce ;
fromusername : oqCObuK48gBrnQGzvZr4oAAsj6is ;
createtime : 1460619908 ;
msgtype : event ;
eventkey : http://mp.weixin.qq.com/s?__biz=MzA5MzE5NzExNw==&mid=10001097&idx=1&sn=8338ffe385dcd8dd1f376fc1a2fd50ff&scene=18#rd ;
menuid : 208007648 ;

2016-04-14 15:44:53 params :
------------
Array:
rule : -2 ;
module :  ;
message : Array ;

2016-04-14 15:44:53 response :
------------

2016-04-14 15:44:59 trace :
------------
Array:
from : oqCObuCPKwbehMQHXPzI-gc2tUow ;
to : gh_5013f37369ce ;
time : 1460619917 ;
type : event ;
event : subscribe ;
tousername : gh_5013f37369ce ;
fromusername : oqCObuCPKwbehMQHXPzI-gc2tUow ;
createtime : 1460619917 ;
msgtype : event ;
eventkey :  ;

2016-04-14 15:44:59 params :
------------
Array:
rule : -2 ;
module :  ;
message : Array ;

2016-04-14 15:44:59 response :
------------

2016-04-14 15:49:55 trace :
------------
Array:
from : oqCObuCPKwbehMQHXPzI-gc2tUow ;
to : gh_5013f37369ce ;
time : 1460620213 ;
type : event ;
event : VIEW ;
tousername : gh_5013f37369ce ;
fromusername : oqCObuCPKwbehMQHXPzI-gc2tUow ;
createtime : 1460620213 ;
msgtype : event ;
eventkey : http://mp.weixin.qq.com/s?__biz=MzA5MzE5NzExNw==&mid=10001097&idx=1&sn=8338ffe385dcd8dd1f376fc1a2fd50ff&scene=18#rd ;
menuid : 208007648 ;

2016-04-14 15:49:55 params :
------------
Array:
rule : -2 ;
module :  ;
message : Array ;

2016-04-14 15:49:55 response :
------------

2016-04-14 15:50:11 trace :
------------
Array:
from : oqCObuCPKwbehMQHXPzI-gc2tUow ;
to : gh_5013f37369ce ;
time : 1460620229 ;
type : event ;
event : VIEW ;
tousername : gh_5013f37369ce ;
fromusername : oqCObuCPKwbehMQHXPzI-gc2tUow ;
createtime : 1460620229 ;
msgtype : event ;
eventkey : http://mp.weixin.qq.com/s?__biz=MzA5MzE5NzExNw==&mid=10001097&idx=1&sn=8338ffe385dcd8dd1f376fc1a2fd50ff&scene=18#rd ;
menuid : 208007648 ;

2016-04-14 15:50:11 params :
------------
Array:
rule : -2 ;
module :  ;
message : Array ;

2016-04-14 15:50:11 response :
------------

2016-04-14 15:50:24 trace :
------------
Array:
from : oqCObuCPKwbehMQHXPzI-gc2tUow ;
to : gh_5013f37369ce ;
time : 1460620243 ;
type : event ;
event : VIEW ;
tousername : gh_5013f37369ce ;
fromusername : oqCObuCPKwbehMQHXPzI-gc2tUow ;
createtime : 1460620243 ;
msgtype : event ;
eventkey : http://mp.weixin.qq.com/s?__biz=MzA5MzE5NzExNw==&mid=10001097&idx=1&sn=8338ffe385dcd8dd1f376fc1a2fd50ff&scene=18#rd ;
menuid : 208007648 ;

2016-04-14 15:50:24 params :
------------
Array:
rule : -2 ;
module :  ;
message : Array ;

2016-04-14 15:50:24 response :
------------

2016-04-14 15:51:07 trace :
------------
Array:
from : oqCObuCPKwbehMQHXPzI-gc2tUow ;
to : gh_5013f37369ce ;
time : 1460620285 ;
type : event ;
event : VIEW ;
tousername : gh_5013f37369ce ;
fromusername : oqCObuCPKwbehMQHXPzI-gc2tUow ;
createtime : 1460620285 ;
msgtype : event ;
eventkey : http://mp.weixin.qq.com/s?__biz=MzA5MzE5NzExNw==&mid=10001097&idx=1&sn=8338ffe385dcd8dd1f376fc1a2fd50ff&scene=18#rd ;
menuid : 208007648 ;

2016-04-14 15:51:07 params :
------------
Array:
rule : -2 ;
module :  ;
message : Array ;

2016-04-14 15:51:07 response :
------------

2016-04-14 15:53:40 trace :
------------
Array:
from : oqCObuK48gBrnQGzvZr4oAAsj6is ;
to : gh_5013f37369ce ;
time : 1460620431 ;
type : event ;
event : VIEW ;
tousername : gh_5013f37369ce ;
fromusername : oqCObuK48gBrnQGzvZr4oAAsj6is ;
createtime : 1460620431 ;
msgtype : event ;
eventkey : http://mp.weixin.qq.com/s?__biz=MzA5MzE5NzExNw==&mid=10001097&idx=1&sn=8338ffe385dcd8dd1f376fc1a2fd50ff&scene=18#rd ;
menuid : 208007648 ;

2016-04-14 15:53:40 params :
------------
Array:
rule : -2 ;
module :  ;
message : Array ;

2016-04-14 15:53:40 response :
------------

2016-04-14 15:53:41 trace :
------------
Array:
from : oqCObuK48gBrnQGzvZr4oAAsj6is ;
to : gh_5013f37369ce ;
time : 1460620431 ;
type : event ;
event : VIEW ;
tousername : gh_5013f37369ce ;
fromusername : oqCObuK48gBrnQGzvZr4oAAsj6is ;
createtime : 1460620431 ;
msgtype : event ;
eventkey : http://mp.weixin.qq.com/s?__biz=MzA5MzE5NzExNw==&mid=10001097&idx=1&sn=8338ffe385dcd8dd1f376fc1a2fd50ff&scene=18#rd ;
menuid : 208007648 ;

2016-04-14 15:53:41 params :
------------
Array:
rule : -2 ;
module :  ;
message : Array ;

2016-04-14 15:53:41 response :
------------

2016-04-14 16:00:06 trace :
------------
Array:
from : oqCObuK48gBrnQGzvZr4oAAsj6is ;
to : gh_5013f37369ce ;
time : 1460620821 ;
type : event ;
event : VIEW ;
tousername : gh_5013f37369ce ;
fromusername : oqCObuK48gBrnQGzvZr4oAAsj6is ;
createtime : 1460620821 ;
msgtype : event ;
eventkey : http://mp.weixin.qq.com/s?__biz=MzA5MzE5NzExNw==&mid=10001097&idx=1&sn=8338ffe385dcd8dd1f376fc1a2fd50ff&scene=18#rd ;
menuid : 208007648 ;

2016-04-14 16:00:06 params :
------------
Array:
rule : -2 ;
module :  ;
message : Array ;

2016-04-14 16:00:06 response :
------------

2016-04-14 16:04:48 trace :
------------
Array:
from : oqCObuK48gBrnQGzvZr4oAAsj6is ;
to : gh_5013f37369ce ;
time : 1460621104 ;
type : event ;
event : VIEW ;
tousername : gh_5013f37369ce ;
fromusername : oqCObuK48gBrnQGzvZr4oAAsj6is ;
createtime : 1460621104 ;
msgtype : event ;
eventkey : http://mp.weixin.qq.com/s?__biz=MzA5MzE5NzExNw==&mid=10001097&idx=1&sn=8338ffe385dcd8dd1f376fc1a2fd50ff&scene=18#rd ;
menuid : 208007648 ;

2016-04-14 16:04:48 params :
------------
Array:
rule : -2 ;
module :  ;
message : Array ;

2016-04-14 16:04:48 response :
------------

2016-04-14 16:05:00 trace :
------------
Array:
from : oqCObuK48gBrnQGzvZr4oAAsj6is ;
to : gh_5013f37369ce ;
time : 1460621116 ;
type : event ;
event : VIEW ;
tousername : gh_5013f37369ce ;
fromusername : oqCObuK48gBrnQGzvZr4oAAsj6is ;
createtime : 1460621116 ;
msgtype : event ;
eventkey : http://mp.weixin.qq.com/s?__biz=MzA5MzE5NzExNw==&mid=10001097&idx=1&sn=8338ffe385dcd8dd1f376fc1a2fd50ff&scene=18#rd ;
menuid : 208007648 ;

2016-04-14 16:05:00 params :
------------
Array:
rule : -2 ;
module :  ;
message : Array ;

2016-04-14 16:05:00 response :
------------

2016-04-14 16:48:30 trace :
------------
Array:
from : oqCObuK48gBrnQGzvZr4oAAsj6is ;
to : gh_5013f37369ce ;
time : 1460623725 ;
type : event ;
event : VIEW ;
tousername : gh_5013f37369ce ;
fromusername : oqCObuK48gBrnQGzvZr4oAAsj6is ;
createtime : 1460623725 ;
msgtype : event ;
eventkey : http://mp.weixin.qq.com/s?__biz=MzA5MzE5NzExNw==&mid=10001097&idx=1&sn=8338ffe385dcd8dd1f376fc1a2fd50ff&scene=18#rd ;
menuid : 208007648 ;

2016-04-14 16:48:30 params :
------------
Array:
rule : -2 ;
module :  ;
message : Array ;

2016-04-14 16:48:30 response :
------------

2016-04-14 16:51:10 trace :
------------
Array:
from : oqCObuK48gBrnQGzvZr4oAAsj6is ;
to : gh_5013f37369ce ;
time : 1460623885 ;
type : event ;
event : VIEW ;
tousername : gh_5013f37369ce ;
fromusername : oqCObuK48gBrnQGzvZr4oAAsj6is ;
createtime : 1460623885 ;
msgtype : event ;
eventkey : http://mp.weixin.qq.com/s?__biz=MzA5MzE5NzExNw==&mid=10001097&idx=1&sn=8338ffe385dcd8dd1f376fc1a2fd50ff&scene=18#rd ;
menuid : 208007648 ;

2016-04-14 16:51:10 params :
------------
Array:
rule : -2 ;
module :  ;
message : Array ;

2016-04-14 16:51:10 response :
------------

2016-04-14 16:51:14 trace :
------------
Array:
from : oqCObuK48gBrnQGzvZr4oAAsj6is ;
to : gh_5013f37369ce ;
time : 1460623892 ;
type : event ;
event : VIEW ;
tousername : gh_5013f37369ce ;
fromusername : oqCObuK48gBrnQGzvZr4oAAsj6is ;
createtime : 1460623892 ;
msgtype : event ;
eventkey : http://mp.weixin.qq.com/s?__biz=MzA5MzE5NzExNw==&mid=10001097&idx=1&sn=8338ffe385dcd8dd1f376fc1a2fd50ff&scene=18#rd ;
menuid : 208007648 ;

2016-04-14 16:51:14 params :
------------
Array:
rule : -2 ;
module :  ;
message : Array ;

2016-04-14 16:51:14 response :
------------

2016-04-14 16:51:25 trace :
------------
Array:
from : oqCObuK48gBrnQGzvZr4oAAsj6is ;
to : gh_5013f37369ce ;
time : 1460623903 ;
type : event ;
event : VIEW ;
tousername : gh_5013f37369ce ;
fromusername : oqCObuK48gBrnQGzvZr4oAAsj6is ;
createtime : 1460623903 ;
msgtype : event ;
eventkey : http://mp.weixin.qq.com/s?__biz=MzA5MzE5NzExNw==&mid=10001097&idx=1&sn=8338ffe385dcd8dd1f376fc1a2fd50ff&scene=18#rd ;
menuid : 208007648 ;

2016-04-14 16:51:25 params :
------------
Array:
rule : -2 ;
module :  ;
message : Array ;

2016-04-14 16:51:25 response :
------------

2016-04-14 16:52:02 trace :
------------
Array:
from : oqCObuK48gBrnQGzvZr4oAAsj6is ;
to : gh_5013f37369ce ;
time : 1460623940 ;
type : event ;
event : VIEW ;
tousername : gh_5013f37369ce ;
fromusername : oqCObuK48gBrnQGzvZr4oAAsj6is ;
createtime : 1460623940 ;
msgtype : event ;
eventkey : http://mp.weixin.qq.com/s?__biz=MzA5MzE5NzExNw==&mid=10001097&idx=1&sn=8338ffe385dcd8dd1f376fc1a2fd50ff&scene=18#rd ;
menuid : 208007648 ;

2016-04-14 16:52:02 params :
------------
Array:
rule : -2 ;
module :  ;
message : Array ;

2016-04-14 16:52:02 response :
------------

2016-04-14 17:17:56 trace :
------------
Array:
from : oqCObuK48gBrnQGzvZr4oAAsj6is ;
to : gh_5013f37369ce ;
time : 1460625492 ;
type : event ;
event : VIEW ;
tousername : gh_5013f37369ce ;
fromusername : oqCObuK48gBrnQGzvZr4oAAsj6is ;
createtime : 1460625492 ;
msgtype : event ;
eventkey : http://mp.weixin.qq.com/s?__biz=MzA5MzE5NzExNw==&mid=10001097&idx=1&sn=8338ffe385dcd8dd1f376fc1a2fd50ff&scene=18#rd ;
menuid : 208007648 ;

2016-04-14 17:17:57 params :
------------
Array:
rule : -2 ;
module :  ;
message : Array ;

2016-04-14 17:17:57 response :
------------

2016-04-14 17:56:06 trace :
------------
Array:
from : oqCObuK48gBrnQGzvZr4oAAsj6is ;
to : gh_5013f37369ce ;
time : 1460627781 ;
type : event ;
event : VIEW ;
tousername : gh_5013f37369ce ;
fromusername : oqCObuK48gBrnQGzvZr4oAAsj6is ;
createtime : 1460627781 ;
msgtype : event ;
eventkey : http://mp.weixin.qq.com/s?__biz=MzA5MzE5NzExNw==&mid=10001097&idx=1&sn=8338ffe385dcd8dd1f376fc1a2fd50ff&scene=18#rd ;
menuid : 208007648 ;

2016-04-14 17:56:06 params :
------------
Array:
rule : -2 ;
module :  ;
message : Array ;

2016-04-14 17:56:06 response :
------------

2016-04-14 19:07:32 trace :
------------
Array:
from : oqCObuM6iSSFX3bFj9T2LkV5yoRI ;
to : gh_5013f37369ce ;
time : 1460632070 ;
type : event ;
event : subscribe ;
tousername : gh_5013f37369ce ;
fromusername : oqCObuM6iSSFX3bFj9T2LkV5yoRI ;
createtime : 1460632070 ;
msgtype : event ;
eventkey :  ;

2016-04-14 19:07:32 params :
------------
Array:
rule : -2 ;
module :  ;
message : Array ;

2016-04-14 19:07:32 response :
------------

2016-04-14 19:42:27 trace :
------------
Array:
from : oqCObuNeuRD9rLPFB01hv5hjwDtA ;
to : gh_5013f37369ce ;
time : 1460634162 ;
type : event ;
event : VIEW ;
tousername : gh_5013f37369ce ;
fromusername : oqCObuNeuRD9rLPFB01hv5hjwDtA ;
createtime : 1460634162 ;
msgtype : event ;
eventkey : http://mp.weixin.qq.com/s?__biz=MzA5MzE5NzExNw==&mid=10001097&idx=1&sn=8338ffe385dcd8dd1f376fc1a2fd50ff&scene=18#rd ;
menuid : 208007648 ;

2016-04-14 19:42:27 params :
------------
Array:
rule : -2 ;
module :  ;
message : Array ;

2016-04-14 19:42:27 response :
------------

2016-04-14 19:42:38 trace :
------------
Array:
from : oqCObuNeuRD9rLPFB01hv5hjwDtA ;
to : gh_5013f37369ce ;
time : 1460634176 ;
type : event ;
event : VIEW ;
tousername : gh_5013f37369ce ;
fromusername : oqCObuNeuRD9rLPFB01hv5hjwDtA ;
createtime : 1460634176 ;
msgtype : event ;
eventkey : http://mp.weixin.qq.com/s?__biz=MzA5MzE5NzExNw==&mid=10001097&idx=1&sn=8338ffe385dcd8dd1f376fc1a2fd50ff&scene=18#rd ;
menuid : 208007648 ;

2016-04-14 19:42:38 params :
------------
Array:
rule : -2 ;
module :  ;
message : Array ;

2016-04-14 19:42:38 response :
------------

2016-04-14 21:44:08 trace :
------------
Array:
from : oqCObuCL18HyRNUrUSguig_dx_tA ;
to : gh_5013f37369ce ;
time : 1460641463 ;
type : event ;
event : subscribe ;
tousername : gh_5013f37369ce ;
fromusername : oqCObuCL18HyRNUrUSguig_dx_tA ;
createtime : 1460641463 ;
msgtype : event ;
eventkey :  ;

2016-04-14 21:44:08 params :
------------
Array:
rule : -2 ;
module :  ;
message : Array ;

2016-04-14 21:44:08 response :
------------

2016-04-14 21:44:10 trace :
------------
Array:
from : oqCObuCL18HyRNUrUSguig_dx_tA ;
to : gh_5013f37369ce ;
time : 1460641468 ;
type : event ;
event : VIEW ;
tousername : gh_5013f37369ce ;
fromusername : oqCObuCL18HyRNUrUSguig_dx_tA ;
createtime : 1460641468 ;
msgtype : event ;
eventkey : http://mp.weixin.qq.com/s?__biz=MzA5MzE5NzExNw==&mid=10001097&idx=1&sn=8338ffe385dcd8dd1f376fc1a2fd50ff&scene=18#rd ;
menuid : 208007648 ;

2016-04-14 21:44:10 params :
------------
Array:
rule : -2 ;
module :  ;
message : Array ;

2016-04-14 21:44:10 response :
------------

2016-04-14 21:44:19 trace :
------------
Array:
from : oqCObuCL18HyRNUrUSguig_dx_tA ;
to : gh_5013f37369ce ;
time : 1460641477 ;
type : event ;
event : VIEW ;
tousername : gh_5013f37369ce ;
fromusername : oqCObuCL18HyRNUrUSguig_dx_tA ;
createtime : 1460641477 ;
msgtype : event ;
eventkey : http://mp.weixin.qq.com/s?__biz=MzA5MzE5NzExNw==&mid=10001097&idx=1&sn=8338ffe385dcd8dd1f376fc1a2fd50ff&scene=18#rd ;
menuid : 208007648 ;

2016-04-14 21:44:19 params :
------------
Array:
rule : -2 ;
module :  ;
message : Array ;

2016-04-14 21:44:19 response :
------------

2016-04-14 21:44:22 trace :
------------
Array:
from : oqCObuCL18HyRNUrUSguig_dx_tA ;
to : gh_5013f37369ce ;
time : 1460641481 ;
type : event ;
event : VIEW ;
tousername : gh_5013f37369ce ;
fromusername : oqCObuCL18HyRNUrUSguig_dx_tA ;
createtime : 1460641481 ;
msgtype : event ;
eventkey : http://mp.weixin.qq.com/s?__biz=MzA5MzE5NzExNw==&mid=10001097&idx=1&sn=8338ffe385dcd8dd1f376fc1a2fd50ff&scene=18#rd ;
menuid : 208007648 ;

2016-04-14 21:44:22 params :
------------
Array:
rule : -2 ;
module :  ;
message : Array ;

2016-04-14 21:44:22 response :
------------

2016-04-14 21:44:34 trace :
------------
Array:
from : oqCObuCL18HyRNUrUSguig_dx_tA ;
to : gh_5013f37369ce ;
time : 1460641493 ;
type : event ;
event : VIEW ;
tousername : gh_5013f37369ce ;
fromusername : oqCObuCL18HyRNUrUSguig_dx_tA ;
createtime : 1460641493 ;
msgtype : event ;
eventkey : http://mp.weixin.qq.com/s?__biz=MzA5MzE5NzExNw==&mid=10001097&idx=1&sn=8338ffe385dcd8dd1f376fc1a2fd50ff&scene=18#rd ;
menuid : 208007648 ;

2016-04-14 21:44:34 params :
------------
Array:
rule : -2 ;
module :  ;
message : Array ;

2016-04-14 21:44:34 response :
------------

2016-04-14 21:44:56 trace :
------------
Array:
from : oqCObuCL18HyRNUrUSguig_dx_tA ;
to : gh_5013f37369ce ;
time : 1460641514 ;
type : event ;
event : VIEW ;
tousername : gh_5013f37369ce ;
fromusername : oqCObuCL18HyRNUrUSguig_dx_tA ;
createtime : 1460641514 ;
msgtype : event ;
eventkey : http://mp.weixin.qq.com/s?__biz=MzA5MzE5NzExNw==&mid=10001097&idx=1&sn=8338ffe385dcd8dd1f376fc1a2fd50ff&scene=18#rd ;
menuid : 208007648 ;

2016-04-14 21:44:56 params :
------------
Array:
rule : -2 ;
module :  ;
message : Array ;

2016-04-14 21:44:56 response :
------------

2016-04-14 21:45:05 trace :
------------
Array:
from : oqCObuCL18HyRNUrUSguig_dx_tA ;
to : gh_5013f37369ce ;
time : 1460641520 ;
type : event ;
event : VIEW ;
tousername : gh_5013f37369ce ;
fromusername : oqCObuCL18HyRNUrUSguig_dx_tA ;
createtime : 1460641520 ;
msgtype : event ;
eventkey : http://mp.weixin.qq.com/s?__biz=MzA5MzE5NzExNw==&mid=10001097&idx=1&sn=8338ffe385dcd8dd1f376fc1a2fd50ff&scene=18#rd ;
menuid : 208007648 ;

2016-04-14 21:45:05 params :
------------
Array:
rule : -2 ;
module :  ;
message : Array ;

2016-04-14 21:45:05 response :
------------

2016-04-14 21:45:07 trace :
------------
Array:
from : oqCObuCL18HyRNUrUSguig_dx_tA ;
to : gh_5013f37369ce ;
time : 1460641525 ;
type : event ;
event : VIEW ;
tousername : gh_5013f37369ce ;
fromusername : oqCObuCL18HyRNUrUSguig_dx_tA ;
createtime : 1460641525 ;
msgtype : event ;
eventkey : http://mp.weixin.qq.com/s?__biz=MzA5MzE5NzExNw==&mid=10001097&idx=1&sn=8338ffe385dcd8dd1f376fc1a2fd50ff&scene=18#rd ;
menuid : 208007648 ;

2016-04-14 21:45:07 params :
------------
Array:
rule : -2 ;
module :  ;
message : Array ;

2016-04-14 21:45:07 response :
------------

2016-04-14 21:45:11 trace :
------------
Array:
from : oqCObuCL18HyRNUrUSguig_dx_tA ;
to : gh_5013f37369ce ;
time : 1460641529 ;
type : event ;
event : VIEW ;
tousername : gh_5013f37369ce ;
fromusername : oqCObuCL18HyRNUrUSguig_dx_tA ;
createtime : 1460641529 ;
msgtype : event ;
eventkey : http://mp.weixin.qq.com/s?__biz=MzA5MzE5NzExNw==&mid=10001097&idx=1&sn=8338ffe385dcd8dd1f376fc1a2fd50ff&scene=18#rd ;
menuid : 208007648 ;

2016-04-14 21:45:11 params :
------------
Array:
rule : -2 ;
module :  ;
message : Array ;

2016-04-14 21:45:11 response :
------------

2016-04-14 21:45:42 trace :
------------
Array:
from : oqCObuCL18HyRNUrUSguig_dx_tA ;
to : gh_5013f37369ce ;
time : 1460641561 ;
type : event ;
event : VIEW ;
tousername : gh_5013f37369ce ;
fromusername : oqCObuCL18HyRNUrUSguig_dx_tA ;
createtime : 1460641561 ;
msgtype : event ;
eventkey : http://mp.weixin.qq.com/s?__biz=MzA5MzE5NzExNw==&mid=10001097&idx=1&sn=8338ffe385dcd8dd1f376fc1a2fd50ff&scene=18#rd ;
menuid : 208007648 ;

2016-04-14 21:45:42 params :
------------
Array:
rule : -2 ;
module :  ;
message : Array ;

2016-04-14 21:45:42 response :
------------

2016-04-14 21:46:04 trace :
------------
Array:
from : oqCObuCL18HyRNUrUSguig_dx_tA ;
to : gh_5013f37369ce ;
time : 1460641582 ;
type : event ;
event : VIEW ;
tousername : gh_5013f37369ce ;
fromusername : oqCObuCL18HyRNUrUSguig_dx_tA ;
createtime : 1460641582 ;
msgtype : event ;
eventkey : http://mp.weixin.qq.com/s?__biz=MzA5MzE5NzExNw==&mid=10001097&idx=1&sn=8338ffe385dcd8dd1f376fc1a2fd50ff&scene=18#rd ;
menuid : 208007648 ;

2016-04-14 21:46:04 params :
------------
Array:
rule : -2 ;
module :  ;
message : Array ;

2016-04-14 21:46:04 response :
------------

2016-04-14 21:46:33 trace :
------------
Array:
from : oqCObuCL18HyRNUrUSguig_dx_tA ;
to : gh_5013f37369ce ;
time : 1460641611 ;
type : event ;
event : VIEW ;
tousername : gh_5013f37369ce ;
fromusername : oqCObuCL18HyRNUrUSguig_dx_tA ;
createtime : 1460641611 ;
msgtype : event ;
eventkey : http://mp.weixin.qq.com/s?__biz=MzA5MzE5NzExNw==&mid=10001097&idx=1&sn=8338ffe385dcd8dd1f376fc1a2fd50ff&scene=18#rd ;
menuid : 208007648 ;

2016-04-14 21:46:33 params :
------------
Array:
rule : -2 ;
module :  ;
message : Array ;

2016-04-14 21:46:33 response :
------------

2016-04-14 22:46:03 trace :
------------
Array:
from : oqCObuFlsVnlaspzqmRKl6qKGipg ;
to : gh_5013f37369ce ;
time : 1460645181 ;
type : event ;
event : subscribe ;
tousername : gh_5013f37369ce ;
fromusername : oqCObuFlsVnlaspzqmRKl6qKGipg ;
createtime : 1460645181 ;
msgtype : event ;
eventkey :  ;

2016-04-14 22:46:03 params :
------------
Array:
rule : -2 ;
module :  ;
message : Array ;

2016-04-14 22:46:03 response :
------------

2016-04-14 22:46:28 trace :
------------
Array:
from : oqCObuFlsVnlaspzqmRKl6qKGipg ;
to : gh_5013f37369ce ;
time : 1460645207 ;
type : event ;
event : VIEW ;
tousername : gh_5013f37369ce ;
fromusername : oqCObuFlsVnlaspzqmRKl6qKGipg ;
createtime : 1460645207 ;
msgtype : event ;
eventkey : http://mp.weixin.qq.com/s?__biz=MzA5MzE5NzExNw==&mid=10001097&idx=1&sn=8338ffe385dcd8dd1f376fc1a2fd50ff&scene=18#rd ;
menuid : 208007648 ;

2016-04-14 22:46:28 params :
------------
Array:
rule : -2 ;
module :  ;
message : Array ;

2016-04-14 22:46:28 response :
------------

2016-04-14 22:46:41 trace :
------------
Array:
from : oqCObuFlsVnlaspzqmRKl6qKGipg ;
to : gh_5013f37369ce ;
time : 1460645219 ;
type : event ;
event : VIEW ;
tousername : gh_5013f37369ce ;
fromusername : oqCObuFlsVnlaspzqmRKl6qKGipg ;
createtime : 1460645219 ;
msgtype : event ;
eventkey : http://mp.weixin.qq.com/s?__biz=MzA5MzE5NzExNw==&mid=10001097&idx=1&sn=8338ffe385dcd8dd1f376fc1a2fd50ff&scene=18#rd ;
menuid : 208007648 ;

2016-04-14 22:46:41 params :
------------
Array:
rule : -2 ;
module :  ;
message : Array ;

2016-04-14 22:46:41 response :
------------

2016-04-14 22:47:27 trace :
------------
Array:
from : oqCObuFlsVnlaspzqmRKl6qKGipg ;
to : gh_5013f37369ce ;
time : 1460645266 ;
type : event ;
event : VIEW ;
tousername : gh_5013f37369ce ;
fromusername : oqCObuFlsVnlaspzqmRKl6qKGipg ;
createtime : 1460645266 ;
msgtype : event ;
eventkey : http://mp.weixin.qq.com/s?__biz=MzA5MzE5NzExNw==&mid=10001097&idx=1&sn=8338ffe385dcd8dd1f376fc1a2fd50ff&scene=18#rd ;
menuid : 208007648 ;

2016-04-14 22:47:27 params :
------------
Array:
rule : -2 ;
module :  ;
message : Array ;

2016-04-14 22:47:27 response :
------------

2016-04-14 22:47:48 trace :
------------
Array:
from : oqCObuFlsVnlaspzqmRKl6qKGipg ;
to : gh_5013f37369ce ;
time : 1460645286 ;
type : event ;
event : VIEW ;
tousername : gh_5013f37369ce ;
fromusername : oqCObuFlsVnlaspzqmRKl6qKGipg ;
createtime : 1460645286 ;
msgtype : event ;
eventkey : http://mp.weixin.qq.com/s?__biz=MzA5MzE5NzExNw==&mid=10001097&idx=1&sn=8338ffe385dcd8dd1f376fc1a2fd50ff&scene=18#rd ;
menuid : 208007648 ;

2016-04-14 22:47:48 params :
------------
Array:
rule : -2 ;
module :  ;
message : Array ;

2016-04-14 22:47:48 response :
------------

2016-04-14 22:49:12 trace :
------------
Array:
from : oqCObuFlsVnlaspzqmRKl6qKGipg ;
to : gh_5013f37369ce ;
time : 1460645370 ;
type : event ;
event : VIEW ;
tousername : gh_5013f37369ce ;
fromusername : oqCObuFlsVnlaspzqmRKl6qKGipg ;
createtime : 1460645370 ;
msgtype : event ;
eventkey : http://mp.weixin.qq.com/s?__biz=MzA5MzE5NzExNw==&mid=10001097&idx=1&sn=8338ffe385dcd8dd1f376fc1a2fd50ff&scene=18#rd ;
menuid : 208007648 ;

2016-04-14 22:49:12 params :
------------
Array:
rule : -2 ;
module :  ;
message : Array ;

2016-04-14 22:49:12 response :
------------

