2016-07-20 15:06:44 trace :
------------
String:
<xml><ToUserName><![CDATA[toUser]]></ToUserName><FromUserName><![CDATA[fromUser]]></FromUserName><CreateTime>1468998404</CreateTime><MsgType><![CDATA[text]]></MsgType><Content><![CDATA[自诊]]></Content><MsgId>1234567890123456</MsgId></xml>

2016-07-20 15:06:44 params :
------------
Array:
message : Array ;
module : cover ;
rule : 15 ;
priority : 0 ;
keyword : Array ;

2016-07-20 15:06:44 response :
------------
Array:
FromUserName : toUser ;
ToUserName : fromUser ;
MsgType : news ;
ArticleCount : 1 ;
Articles : Array ;

