2016-06-07 15:27:47 trace :
------------
String:
<xml><ToUserName><![CDATA[gh_5013f37369ce]]></ToUserName>
<FromUserName><![CDATA[oqCObuOa04tkO96Dhb3PSJjv-avM]]></FromUserName>
<CreateTime>1465284558</CreateTime>
<MsgType><![CDATA[event]]></MsgType>
<Event><![CDATA[subscribe]]></Event>
<EventKey><![CDATA[]]></EventKey>
</xml>

2016-06-07 15:27:48 params :
------------
Array:
rule : -2 ;
module :  ;
message : Array ;

2016-06-07 15:27:48 response :
------------

2016-06-07 15:31:22 trace :
------------
String:
<xml><ToUserName><![CDATA[gh_5013f37369ce]]></ToUserName>
<FromUserName><![CDATA[oqCObuOa04tkO96Dhb3PSJjv-avM]]></FromUserName>
<CreateTime>1465284773</CreateTime>
<MsgType><![CDATA[event]]></MsgType>
<Event><![CDATA[VIEW]]></Event>
<EventKey><![CDATA[http://mp.weixin.qq.com/s?__biz=MzA5MzE5NzExNw==&mid=10001097&idx=1&sn=8338ffe385dcd8dd1f376fc1a2fd50ff&scene=18#rd]]></EventKey>
<MenuId>208007648</MenuId>
</xml>

2016-06-07 15:31:22 params :
------------
Array:
rule : -2 ;
module :  ;
message : Array ;

2016-06-07 15:31:22 response :
------------

2016-06-07 15:34:34 trace :
------------
String:
<xml><ToUserName><![CDATA[gh_5013f37369ce]]></ToUserName>
<FromUserName><![CDATA[oqCObuOa04tkO96Dhb3PSJjv-avM]]></FromUserName>
<CreateTime>1465284966</CreateTime>
<MsgType><![CDATA[event]]></MsgType>
<Event><![CDATA[VIEW]]></Event>
<EventKey><![CDATA[http://mp.weixin.qq.com/s?__biz=MzA5MzE5NzExNw==&mid=10001097&idx=1&sn=8338ffe385dcd8dd1f376fc1a2fd50ff&scene=18#rd]]></EventKey>
<MenuId>208007648</MenuId>
</xml>

2016-06-07 15:34:34 params :
------------
Array:
rule : -2 ;
module :  ;
message : Array ;

2016-06-07 15:34:34 response :
------------

2016-06-07 15:36:03 trace :
------------
String:
<xml><ToUserName><![CDATA[gh_5013f37369ce]]></ToUserName>
<FromUserName><![CDATA[oqCObuOa04tkO96Dhb3PSJjv-avM]]></FromUserName>
<CreateTime>1465285054</CreateTime>
<MsgType><![CDATA[event]]></MsgType>
<Event><![CDATA[VIEW]]></Event>
<EventKey><![CDATA[http://mp.weixin.qq.com/s?__biz=MzA5MzE5NzExNw==&mid=10001097&idx=1&sn=8338ffe385dcd8dd1f376fc1a2fd50ff&scene=18#rd]]></EventKey>
<MenuId>208007648</MenuId>
</xml>

2016-06-07 15:36:03 params :
------------
Array:
rule : -2 ;
module :  ;
message : Array ;

2016-06-07 15:36:03 response :
------------

2016-06-07 15:42:51 trace :
------------
String:
<xml><ToUserName><![CDATA[gh_5013f37369ce]]></ToUserName>
<FromUserName><![CDATA[oqCObuOjXPfSODW_E60uZT64WWmw]]></FromUserName>
<CreateTime>1465285460</CreateTime>
<MsgType><![CDATA[event]]></MsgType>
<Event><![CDATA[VIEW]]></Event>
<EventKey><![CDATA[http://mp.weixin.qq.com/s?__biz=MzA5MzE5NzExNw==&mid=10001097&idx=1&sn=8338ffe385dcd8dd1f376fc1a2fd50ff&scene=18#rd]]></EventKey>
<MenuId>208007648</MenuId>
</xml>

2016-06-07 15:42:51 params :
------------
Array:
rule : -2 ;
module :  ;
message : Array ;

2016-06-07 15:42:51 response :
------------

2016-06-07 17:40:02 trace :
------------
String:
<xml><ToUserName><![CDATA[gh_5013f37369ce]]></ToUserName>
<FromUserName><![CDATA[oqCObuKXpZPx9Ud3kqUZ3XZA0-fc]]></FromUserName>
<CreateTime>1465292491</CreateTime>
<MsgType><![CDATA[event]]></MsgType>
<Event><![CDATA[VIEW]]></Event>
<EventKey><![CDATA[http://mp.weixin.qq.com/s?__biz=MzA5MzE5NzExNw==&mid=10001097&idx=1&sn=8338ffe385dcd8dd1f376fc1a2fd50ff&scene=18#rd]]></EventKey>
<MenuId>208007648</MenuId>
</xml>

2016-06-07 17:40:03 params :
------------
Array:
rule : -2 ;
module :  ;
message : Array ;

2016-06-07 17:40:03 response :
------------

2016-06-07 17:40:09 trace :
------------
String:
<xml><ToUserName><![CDATA[gh_5013f37369ce]]></ToUserName>
<FromUserName><![CDATA[oqCObuKXpZPx9Ud3kqUZ3XZA0-fc]]></FromUserName>
<CreateTime>1465292500</CreateTime>
<MsgType><![CDATA[event]]></MsgType>
<Event><![CDATA[VIEW]]></Event>
<EventKey><![CDATA[http://mp.weixin.qq.com/s?__biz=MzA5MzE5NzExNw==&mid=10001097&idx=1&sn=8338ffe385dcd8dd1f376fc1a2fd50ff&scene=18#rd]]></EventKey>
<MenuId>208007648</MenuId>
</xml>

2016-06-07 17:40:09 params :
------------
Array:
rule : -2 ;
module :  ;
message : Array ;

2016-06-07 17:40:09 response :
------------

2016-06-07 19:49:54 trace :
------------
String:
<xml><ToUserName><![CDATA[gh_5013f37369ce]]></ToUserName>
<FromUserName><![CDATA[oqCObuAJRUHcX0AgdsavrpkxW7xM]]></FromUserName>
<CreateTime>1465300285</CreateTime>
<MsgType><![CDATA[event]]></MsgType>
<Event><![CDATA[subscribe]]></Event>
<EventKey><![CDATA[]]></EventKey>
</xml>

2016-06-07 19:49:54 params :
------------
Array:
rule : -2 ;
module :  ;
message : Array ;

2016-06-07 19:49:54 response :
------------

2016-06-07 20:07:14 trace :
------------
String:
<xml><ToUserName><![CDATA[gh_5013f37369ce]]></ToUserName>
<FromUserName><![CDATA[oqCObuPtyUByPywdmZM2t5hRgRvw]]></FromUserName>
<CreateTime>1465301325</CreateTime>
<MsgType><![CDATA[event]]></MsgType>
<Event><![CDATA[subscribe]]></Event>
<EventKey><![CDATA[]]></EventKey>
</xml>

2016-06-07 20:07:14 params :
------------
Array:
rule : -2 ;
module :  ;
message : Array ;

2016-06-07 20:07:14 response :
------------

2016-06-07 20:08:06 trace :
------------
String:
<xml><ToUserName><![CDATA[gh_5013f37369ce]]></ToUserName>
<FromUserName><![CDATA[oqCObuPtyUByPywdmZM2t5hRgRvw]]></FromUserName>
<CreateTime>1465301378</CreateTime>
<MsgType><![CDATA[event]]></MsgType>
<Event><![CDATA[VIEW]]></Event>
<EventKey><![CDATA[http://mp.weixin.qq.com/s?__biz=MzA5MzE5NzExNw==&mid=10001097&idx=1&sn=8338ffe385dcd8dd1f376fc1a2fd50ff&scene=18#rd]]></EventKey>
<MenuId>208007648</MenuId>
</xml>

2016-06-07 20:08:06 params :
------------
Array:
rule : -2 ;
module :  ;
message : Array ;

2016-06-07 20:08:06 response :
------------

2016-06-07 20:08:13 trace :
------------
String:
<xml><ToUserName><![CDATA[gh_5013f37369ce]]></ToUserName>
<FromUserName><![CDATA[oqCObuPtyUByPywdmZM2t5hRgRvw]]></FromUserName>
<CreateTime>1465301385</CreateTime>
<MsgType><![CDATA[event]]></MsgType>
<Event><![CDATA[VIEW]]></Event>
<EventKey><![CDATA[http://mp.weixin.qq.com/s?__biz=MzA5MzE5NzExNw==&mid=10001097&idx=1&sn=8338ffe385dcd8dd1f376fc1a2fd50ff&scene=18#rd]]></EventKey>
<MenuId>208007648</MenuId>
</xml>

2016-06-07 20:08:13 params :
------------
Array:
rule : -2 ;
module :  ;
message : Array ;

2016-06-07 20:08:13 response :
------------

2016-06-07 20:08:25 trace :
------------
String:
<xml><ToUserName><![CDATA[gh_5013f37369ce]]></ToUserName>
<FromUserName><![CDATA[oqCObuPtyUByPywdmZM2t5hRgRvw]]></FromUserName>
<CreateTime>1465301396</CreateTime>
<MsgType><![CDATA[event]]></MsgType>
<Event><![CDATA[VIEW]]></Event>
<EventKey><![CDATA[http://mp.weixin.qq.com/s?__biz=MzA5MzE5NzExNw==&mid=10001097&idx=1&sn=8338ffe385dcd8dd1f376fc1a2fd50ff&scene=18#rd]]></EventKey>
<MenuId>208007648</MenuId>
</xml>

2016-06-07 20:08:25 params :
------------
Array:
rule : -2 ;
module :  ;
message : Array ;

2016-06-07 20:08:25 response :
------------

2016-06-07 20:10:44 trace :
------------
String:
<xml><ToUserName><![CDATA[gh_5013f37369ce]]></ToUserName>
<FromUserName><![CDATA[oqCObuPtyUByPywdmZM2t5hRgRvw]]></FromUserName>
<CreateTime>1465301536</CreateTime>
<MsgType><![CDATA[event]]></MsgType>
<Event><![CDATA[VIEW]]></Event>
<EventKey><![CDATA[http://mp.weixin.qq.com/s?__biz=MzA5MzE5NzExNw==&mid=10001097&idx=1&sn=8338ffe385dcd8dd1f376fc1a2fd50ff&scene=18#rd]]></EventKey>
<MenuId>208007648</MenuId>
</xml>

2016-06-07 20:10:44 params :
------------
Array:
rule : -2 ;
module :  ;
message : Array ;

2016-06-07 20:10:44 response :
------------

2016-06-07 20:10:55 trace :
------------
String:
<xml><ToUserName><![CDATA[gh_5013f37369ce]]></ToUserName>
<FromUserName><![CDATA[oqCObuPtyUByPywdmZM2t5hRgRvw]]></FromUserName>
<CreateTime>1465301546</CreateTime>
<MsgType><![CDATA[event]]></MsgType>
<Event><![CDATA[VIEW]]></Event>
<EventKey><![CDATA[http://mp.weixin.qq.com/s?__biz=MzA5MzE5NzExNw==&mid=10001097&idx=1&sn=8338ffe385dcd8dd1f376fc1a2fd50ff&scene=18#rd]]></EventKey>
<MenuId>208007648</MenuId>
</xml>

2016-06-07 20:10:55 params :
------------
Array:
rule : -2 ;
module :  ;
message : Array ;

2016-06-07 20:10:55 response :
------------

2016-06-07 20:50:54 trace :
------------
String:
<xml><ToUserName><![CDATA[gh_5013f37369ce]]></ToUserName>
<FromUserName><![CDATA[oqCObuJtijQ_Dp7qzC8rHyKp6wvw]]></FromUserName>
<CreateTime>1465303946</CreateTime>
<MsgType><![CDATA[event]]></MsgType>
<Event><![CDATA[subscribe]]></Event>
<EventKey><![CDATA[]]></EventKey>
</xml>

2016-06-07 20:50:54 params :
------------
Array:
rule : -2 ;
module :  ;
message : Array ;

2016-06-07 20:50:54 response :
------------

2016-06-07 20:51:03 trace :
------------
String:
<xml><ToUserName><![CDATA[gh_5013f37369ce]]></ToUserName>
<FromUserName><![CDATA[oqCObuJtijQ_Dp7qzC8rHyKp6wvw]]></FromUserName>
<CreateTime>1465303955</CreateTime>
<MsgType><![CDATA[event]]></MsgType>
<Event><![CDATA[VIEW]]></Event>
<EventKey><![CDATA[http://mp.weixin.qq.com/s?__biz=MzA5MzE5NzExNw==&mid=10001097&idx=1&sn=8338ffe385dcd8dd1f376fc1a2fd50ff&scene=18#rd]]></EventKey>
<MenuId>208007648</MenuId>
</xml>

2016-06-07 20:51:03 params :
------------
Array:
rule : -2 ;
module :  ;
message : Array ;

2016-06-07 20:51:03 response :
------------

2016-06-07 20:51:12 trace :
------------
String:
<xml><ToUserName><![CDATA[gh_5013f37369ce]]></ToUserName>
<FromUserName><![CDATA[oqCObuJtijQ_Dp7qzC8rHyKp6wvw]]></FromUserName>
<CreateTime>1465303964</CreateTime>
<MsgType><![CDATA[event]]></MsgType>
<Event><![CDATA[VIEW]]></Event>
<EventKey><![CDATA[http://mp.weixin.qq.com/s?__biz=MzA5MzE5NzExNw==&mid=10001097&idx=1&sn=8338ffe385dcd8dd1f376fc1a2fd50ff&scene=18#rd]]></EventKey>
<MenuId>208007648</MenuId>
</xml>

2016-06-07 20:51:12 params :
------------
Array:
rule : -2 ;
module :  ;
message : Array ;

2016-06-07 20:51:12 response :
------------

2016-06-07 20:51:24 trace :
------------
String:
<xml><ToUserName><![CDATA[gh_5013f37369ce]]></ToUserName>
<FromUserName><![CDATA[oqCObuJtijQ_Dp7qzC8rHyKp6wvw]]></FromUserName>
<CreateTime>1465303975</CreateTime>
<MsgType><![CDATA[event]]></MsgType>
<Event><![CDATA[VIEW]]></Event>
<EventKey><![CDATA[http://mp.weixin.qq.com/s?__biz=MzA5MzE5NzExNw==&mid=10001097&idx=1&sn=8338ffe385dcd8dd1f376fc1a2fd50ff&scene=18#rd]]></EventKey>
<MenuId>208007648</MenuId>
</xml>

2016-06-07 20:51:24 params :
------------
Array:
rule : -2 ;
module :  ;
message : Array ;

2016-06-07 20:51:24 response :
------------

2016-06-07 21:05:21 trace :
------------
String:
<xml><ToUserName><![CDATA[gh_5013f37369ce]]></ToUserName>
<FromUserName><![CDATA[oqCObuCP1nnzF96RY-LLyOwi9lFs]]></FromUserName>
<CreateTime>1465304812</CreateTime>
<MsgType><![CDATA[event]]></MsgType>
<Event><![CDATA[subscribe]]></Event>
<EventKey><![CDATA[]]></EventKey>
</xml>

2016-06-07 21:05:21 params :
------------
Array:
rule : -2 ;
module :  ;
message : Array ;

2016-06-07 21:05:21 response :
------------

2016-06-07 21:05:29 trace :
------------
String:
<xml><ToUserName><![CDATA[gh_5013f37369ce]]></ToUserName>
<FromUserName><![CDATA[oqCObuCP1nnzF96RY-LLyOwi9lFs]]></FromUserName>
<CreateTime>1465304821</CreateTime>
<MsgType><![CDATA[event]]></MsgType>
<Event><![CDATA[VIEW]]></Event>
<EventKey><![CDATA[http://mp.weixin.qq.com/s?__biz=MzA5MzE5NzExNw==&mid=10001097&idx=1&sn=8338ffe385dcd8dd1f376fc1a2fd50ff&scene=18#rd]]></EventKey>
<MenuId>208007648</MenuId>
</xml>

2016-06-07 21:05:29 params :
------------
Array:
rule : -2 ;
module :  ;
message : Array ;

2016-06-07 21:05:29 response :
------------

2016-06-07 21:05:39 trace :
------------
String:
<xml><ToUserName><![CDATA[gh_5013f37369ce]]></ToUserName>
<FromUserName><![CDATA[oqCObuCP1nnzF96RY-LLyOwi9lFs]]></FromUserName>
<CreateTime>1465304831</CreateTime>
<MsgType><![CDATA[event]]></MsgType>
<Event><![CDATA[VIEW]]></Event>
<EventKey><![CDATA[http://mp.weixin.qq.com/s?__biz=MzA5MzE5NzExNw==&mid=10001097&idx=1&sn=8338ffe385dcd8dd1f376fc1a2fd50ff&scene=18#rd]]></EventKey>
<MenuId>208007648</MenuId>
</xml>

2016-06-07 21:05:39 params :
------------
Array:
rule : -2 ;
module :  ;
message : Array ;

2016-06-07 21:05:39 response :
------------

2016-06-07 21:06:00 trace :
------------
String:
<xml><ToUserName><![CDATA[gh_5013f37369ce]]></ToUserName>
<FromUserName><![CDATA[oqCObuCP1nnzF96RY-LLyOwi9lFs]]></FromUserName>
<CreateTime>1465304852</CreateTime>
<MsgType><![CDATA[event]]></MsgType>
<Event><![CDATA[VIEW]]></Event>
<EventKey><![CDATA[http://mp.weixin.qq.com/s?__biz=MzA5MzE5NzExNw==&mid=10001097&idx=1&sn=8338ffe385dcd8dd1f376fc1a2fd50ff&scene=18#rd]]></EventKey>
<MenuId>208007648</MenuId>
</xml>

2016-06-07 21:06:00 params :
------------
Array:
rule : -2 ;
module :  ;
message : Array ;

2016-06-07 21:06:00 response :
------------

2016-06-07 21:19:14 trace :
------------
String:
<xml><ToUserName><![CDATA[gh_5013f37369ce]]></ToUserName>
<FromUserName><![CDATA[oqCObuGULzIROua6J59YguHQ7QyM]]></FromUserName>
<CreateTime>1465305646</CreateTime>
<MsgType><![CDATA[event]]></MsgType>
<Event><![CDATA[subscribe]]></Event>
<EventKey><![CDATA[]]></EventKey>
</xml>

2016-06-07 21:19:14 params :
------------
Array:
rule : -2 ;
module :  ;
message : Array ;

2016-06-07 21:19:14 response :
------------

2016-06-07 21:19:23 trace :
------------
String:
<xml><ToUserName><![CDATA[gh_5013f37369ce]]></ToUserName>
<FromUserName><![CDATA[oqCObuGULzIROua6J59YguHQ7QyM]]></FromUserName>
<CreateTime>1465305652</CreateTime>
<MsgType><![CDATA[event]]></MsgType>
<Event><![CDATA[VIEW]]></Event>
<EventKey><![CDATA[http://mp.weixin.qq.com/s?__biz=MzA5MzE5NzExNw==&mid=10001097&idx=1&sn=8338ffe385dcd8dd1f376fc1a2fd50ff&scene=18#rd]]></EventKey>
<MenuId>208007648</MenuId>
</xml>

2016-06-07 21:19:23 params :
------------
Array:
rule : -2 ;
module :  ;
message : Array ;

2016-06-07 21:19:23 response :
------------

2016-06-07 21:19:27 trace :
------------
String:
<xml><ToUserName><![CDATA[gh_5013f37369ce]]></ToUserName>
<FromUserName><![CDATA[oqCObuGULzIROua6J59YguHQ7QyM]]></FromUserName>
<CreateTime>1465305658</CreateTime>
<MsgType><![CDATA[event]]></MsgType>
<Event><![CDATA[VIEW]]></Event>
<EventKey><![CDATA[http://mp.weixin.qq.com/s?__biz=MzA5MzE5NzExNw==&mid=10001097&idx=1&sn=8338ffe385dcd8dd1f376fc1a2fd50ff&scene=18#rd]]></EventKey>
<MenuId>208007648</MenuId>
</xml>

2016-06-07 21:19:27 params :
------------
Array:
rule : -2 ;
module :  ;
message : Array ;

2016-06-07 21:19:27 response :
------------

2016-06-07 21:19:45 trace :
------------
String:
<xml><ToUserName><![CDATA[gh_5013f37369ce]]></ToUserName>
<FromUserName><![CDATA[oqCObuGULzIROua6J59YguHQ7QyM]]></FromUserName>
<CreateTime>1465305676</CreateTime>
<MsgType><![CDATA[event]]></MsgType>
<Event><![CDATA[VIEW]]></Event>
<EventKey><![CDATA[http://mp.weixin.qq.com/s?__biz=MzA5MzE5NzExNw==&mid=10001097&idx=1&sn=8338ffe385dcd8dd1f376fc1a2fd50ff&scene=18#rd]]></EventKey>
<MenuId>208007648</MenuId>
</xml>

2016-06-07 21:19:45 params :
------------
Array:
rule : -2 ;
module :  ;
message : Array ;

2016-06-07 21:19:45 response :
------------

2016-06-07 21:20:10 trace :
------------
String:
<xml><ToUserName><![CDATA[gh_5013f37369ce]]></ToUserName>
<FromUserName><![CDATA[oqCObuGULzIROua6J59YguHQ7QyM]]></FromUserName>
<CreateTime>1465305702</CreateTime>
<MsgType><![CDATA[event]]></MsgType>
<Event><![CDATA[VIEW]]></Event>
<EventKey><![CDATA[http://mp.weixin.qq.com/s?__biz=MzA5MzE5NzExNw==&mid=10001097&idx=1&sn=8338ffe385dcd8dd1f376fc1a2fd50ff&scene=18#rd]]></EventKey>
<MenuId>208007648</MenuId>
</xml>

2016-06-07 21:20:10 params :
------------
Array:
rule : -2 ;
module :  ;
message : Array ;

2016-06-07 21:20:10 response :
------------

2016-06-07 22:19:08 trace :
------------
String:
<xml><ToUserName><![CDATA[gh_5013f37369ce]]></ToUserName>
<FromUserName><![CDATA[oqCObuPtyUByPywdmZM2t5hRgRvw]]></FromUserName>
<CreateTime>1465309240</CreateTime>
<MsgType><![CDATA[event]]></MsgType>
<Event><![CDATA[VIEW]]></Event>
<EventKey><![CDATA[http://mp.weixin.qq.com/s?__biz=MzA5MzE5NzExNw==&mid=10001097&idx=1&sn=8338ffe385dcd8dd1f376fc1a2fd50ff&scene=18#rd]]></EventKey>
<MenuId>208007648</MenuId>
</xml>

2016-06-07 22:19:08 params :
------------
Array:
rule : -2 ;
module :  ;
message : Array ;

2016-06-07 22:19:08 response :
------------

2016-06-07 22:19:22 trace :
------------
String:
<xml><ToUserName><![CDATA[gh_5013f37369ce]]></ToUserName>
<FromUserName><![CDATA[oqCObuPtyUByPywdmZM2t5hRgRvw]]></FromUserName>
<CreateTime>1465309254</CreateTime>
<MsgType><![CDATA[event]]></MsgType>
<Event><![CDATA[VIEW]]></Event>
<EventKey><![CDATA[http://mp.weixin.qq.com/s?__biz=MzA5MzE5NzExNw==&mid=10001097&idx=1&sn=8338ffe385dcd8dd1f376fc1a2fd50ff&scene=18#rd]]></EventKey>
<MenuId>208007648</MenuId>
</xml>

2016-06-07 22:19:22 params :
------------
Array:
rule : -2 ;
module :  ;
message : Array ;

2016-06-07 22:19:22 response :
------------

2016-06-07 22:19:28 trace :
------------
String:
<xml><ToUserName><![CDATA[gh_5013f37369ce]]></ToUserName>
<FromUserName><![CDATA[oqCObuPtyUByPywdmZM2t5hRgRvw]]></FromUserName>
<CreateTime>1465309259</CreateTime>
<MsgType><![CDATA[event]]></MsgType>
<Event><![CDATA[VIEW]]></Event>
<EventKey><![CDATA[http://mp.weixin.qq.com/s?__biz=MzA5MzE5NzExNw==&mid=10001097&idx=1&sn=8338ffe385dcd8dd1f376fc1a2fd50ff&scene=18#rd]]></EventKey>
<MenuId>208007648</MenuId>
</xml>

2016-06-07 22:19:28 params :
------------
Array:
rule : -2 ;
module :  ;
message : Array ;

2016-06-07 22:19:28 response :
------------

2016-06-07 22:19:32 trace :
------------
String:
<xml><ToUserName><![CDATA[gh_5013f37369ce]]></ToUserName>
<FromUserName><![CDATA[oqCObuPtyUByPywdmZM2t5hRgRvw]]></FromUserName>
<CreateTime>1465309264</CreateTime>
<MsgType><![CDATA[event]]></MsgType>
<Event><![CDATA[VIEW]]></Event>
<EventKey><![CDATA[http://mp.weixin.qq.com/s?__biz=MzA5MzE5NzExNw==&mid=10001097&idx=1&sn=8338ffe385dcd8dd1f376fc1a2fd50ff&scene=18#rd]]></EventKey>
<MenuId>208007648</MenuId>
</xml>

2016-06-07 22:19:32 params :
------------
Array:
rule : -2 ;
module :  ;
message : Array ;

2016-06-07 22:19:32 response :
------------

2016-06-07 22:19:40 trace :
------------
String:
<xml><ToUserName><![CDATA[gh_5013f37369ce]]></ToUserName>
<FromUserName><![CDATA[oqCObuPtyUByPywdmZM2t5hRgRvw]]></FromUserName>
<CreateTime>1465309272</CreateTime>
<MsgType><![CDATA[event]]></MsgType>
<Event><![CDATA[VIEW]]></Event>
<EventKey><![CDATA[http://mp.weixin.qq.com/s?__biz=MzA5MzE5NzExNw==&mid=10001097&idx=1&sn=8338ffe385dcd8dd1f376fc1a2fd50ff&scene=18#rd]]></EventKey>
<MenuId>208007648</MenuId>
</xml>

2016-06-07 22:19:40 params :
------------
Array:
rule : -2 ;
module :  ;
message : Array ;

2016-06-07 22:19:40 response :
------------

