2016-01-09 09:28:42 trace :
------------
Array:
from : oqCObuCxjzk49mBGp76ROx6uITVs ;
to : gh_5013f37369ce ;
time : 1452302927 ;
type : event ;
event : VIEW ;
tousername : gh_5013f37369ce ;
fromusername : oqCObuCxjzk49mBGp76ROx6uITVs ;
createtime : 1452302927 ;
msgtype : event ;
eventkey : http://mp.weixin.qq.com/s?__biz=MzA5MzE5NzExNw==&mid=10001097&idx=1&sn=8338ffe385dcd8dd1f376fc1a2fd50ff&scene=18#rd ;
menuid : 208007648 ;

2016-01-09 09:28:42 params :
------------
Array:
rule : -2 ;
module :  ;
message : Array ;

2016-01-09 09:28:42 response :
------------

2016-01-09 13:23:02 trace :
------------
Array:
from : oqCObuL3owUoa-6ajC1NdRHllxOw ;
to : gh_5013f37369ce ;
time : 1452316987 ;
type : event ;
event : VIEW ;
tousername : gh_5013f37369ce ;
fromusername : oqCObuL3owUoa-6ajC1NdRHllxOw ;
createtime : 1452316987 ;
msgtype : event ;
eventkey : http://mp.weixin.qq.com/s?__biz=MzA5MzE5NzExNw==&mid=10001097&idx=1&sn=8338ffe385dcd8dd1f376fc1a2fd50ff&scene=18#rd ;
menuid : 208007648 ;

2016-01-09 13:23:02 params :
------------
Array:
rule : -2 ;
module :  ;
message : Array ;

2016-01-09 13:23:02 response :
------------

2016-01-09 13:23:18 trace :
------------
Array:
from : oqCObuL3owUoa-6ajC1NdRHllxOw ;
to : gh_5013f37369ce ;
time : 1452317003 ;
type : event ;
event : VIEW ;
tousername : gh_5013f37369ce ;
fromusername : oqCObuL3owUoa-6ajC1NdRHllxOw ;
createtime : 1452317003 ;
msgtype : event ;
eventkey : http://mp.weixin.qq.com/s?__biz=MzA5MzE5NzExNw==&mid=10001097&idx=1&sn=8338ffe385dcd8dd1f376fc1a2fd50ff&scene=18#rd ;
menuid : 208007648 ;

2016-01-09 13:23:18 params :
------------
Array:
rule : -2 ;
module :  ;
message : Array ;

2016-01-09 13:23:18 response :
------------

2016-01-09 13:23:42 trace :
------------
Array:
from : oqCObuL3owUoa-6ajC1NdRHllxOw ;
to : gh_5013f37369ce ;
time : 1452317028 ;
type : event ;
event : VIEW ;
tousername : gh_5013f37369ce ;
fromusername : oqCObuL3owUoa-6ajC1NdRHllxOw ;
createtime : 1452317028 ;
msgtype : event ;
eventkey : http://mp.weixin.qq.com/s?__biz=MzA5MzE5NzExNw==&mid=10001097&idx=1&sn=8338ffe385dcd8dd1f376fc1a2fd50ff&scene=18#rd ;
menuid : 208007648 ;

2016-01-09 13:23:42 params :
------------
Array:
rule : -2 ;
module :  ;
message : Array ;

2016-01-09 13:23:42 response :
------------

2016-01-09 13:39:22 trace :
------------
Array:
from : oqCObuDaIMAqwqQr9ndraJns1UMg ;
to : gh_5013f37369ce ;
time : 1452317967 ;
type : event ;
event : VIEW ;
tousername : gh_5013f37369ce ;
fromusername : oqCObuDaIMAqwqQr9ndraJns1UMg ;
createtime : 1452317967 ;
msgtype : event ;
eventkey : http://mp.weixin.qq.com/s?__biz=MzA5MzE5NzExNw==&mid=10001097&idx=1&sn=8338ffe385dcd8dd1f376fc1a2fd50ff&scene=18#rd ;
menuid : 208007648 ;

2016-01-09 13:39:22 params :
------------
Array:
rule : -2 ;
module :  ;
message : Array ;

2016-01-09 13:39:22 response :
------------

2016-01-09 13:40:08 trace :
------------
Array:
from : oqCObuDaIMAqwqQr9ndraJns1UMg ;
to : gh_5013f37369ce ;
time : 1452318013 ;
type : event ;
event : VIEW ;
tousername : gh_5013f37369ce ;
fromusername : oqCObuDaIMAqwqQr9ndraJns1UMg ;
createtime : 1452318013 ;
msgtype : event ;
eventkey : http://mp.weixin.qq.com/s?__biz=MzA5MzE5NzExNw==&mid=10001097&idx=1&sn=8338ffe385dcd8dd1f376fc1a2fd50ff&scene=18#rd ;
menuid : 208007648 ;

2016-01-09 13:40:08 params :
------------
Array:
rule : -2 ;
module :  ;
message : Array ;

2016-01-09 13:40:08 response :
------------

2016-01-09 13:40:12 trace :
------------
Array:
from : oqCObuDaIMAqwqQr9ndraJns1UMg ;
to : gh_5013f37369ce ;
time : 1452318018 ;
type : event ;
event : VIEW ;
tousername : gh_5013f37369ce ;
fromusername : oqCObuDaIMAqwqQr9ndraJns1UMg ;
createtime : 1452318018 ;
msgtype : event ;
eventkey : http://mp.weixin.qq.com/s?__biz=MzA5MzE5NzExNw==&mid=10001097&idx=1&sn=8338ffe385dcd8dd1f376fc1a2fd50ff&scene=18#rd ;
menuid : 208007648 ;

2016-01-09 13:40:12 params :
------------
Array:
rule : -2 ;
module :  ;
message : Array ;

2016-01-09 13:40:12 response :
------------

2016-01-09 14:28:50 trace :
------------
Array:
from : oqCObuJZuybYOGNVPhj2_SVURRCA ;
to : gh_5013f37369ce ;
time : 1452320935 ;
type : event ;
event : VIEW ;
tousername : gh_5013f37369ce ;
fromusername : oqCObuJZuybYOGNVPhj2_SVURRCA ;
createtime : 1452320935 ;
msgtype : event ;
eventkey : http://mp.weixin.qq.com/s?__biz=MzA5MzE5NzExNw==&mid=10001097&idx=1&sn=8338ffe385dcd8dd1f376fc1a2fd50ff&scene=18#rd ;
menuid : 208007648 ;

2016-01-09 14:28:50 params :
------------
Array:
rule : -2 ;
module :  ;
message : Array ;

2016-01-09 14:28:50 response :
------------

2016-01-09 14:29:03 trace :
------------
Array:
from : oqCObuJZuybYOGNVPhj2_SVURRCA ;
to : gh_5013f37369ce ;
time : 1452320949 ;
type : event ;
event : VIEW ;
tousername : gh_5013f37369ce ;
fromusername : oqCObuJZuybYOGNVPhj2_SVURRCA ;
createtime : 1452320949 ;
msgtype : event ;
eventkey : http://mp.weixin.qq.com/s?__biz=MzA5MzE5NzExNw==&mid=10001097&idx=1&sn=8338ffe385dcd8dd1f376fc1a2fd50ff&scene=18#rd ;
menuid : 208007648 ;

2016-01-09 14:29:03 params :
------------
Array:
rule : -2 ;
module :  ;
message : Array ;

2016-01-09 14:29:03 response :
------------

2016-01-09 14:29:14 trace :
------------
Array:
from : oqCObuJZuybYOGNVPhj2_SVURRCA ;
to : gh_5013f37369ce ;
time : 1452320959 ;
type : event ;
event : VIEW ;
tousername : gh_5013f37369ce ;
fromusername : oqCObuJZuybYOGNVPhj2_SVURRCA ;
createtime : 1452320959 ;
msgtype : event ;
eventkey : http://mp.weixin.qq.com/s?__biz=MzA5MzE5NzExNw==&mid=10001097&idx=1&sn=8338ffe385dcd8dd1f376fc1a2fd50ff&scene=18#rd ;
menuid : 208007648 ;

2016-01-09 14:29:14 params :
------------
Array:
rule : -2 ;
module :  ;
message : Array ;

2016-01-09 14:29:14 response :
------------

2016-01-09 14:29:24 trace :
------------
Array:
from : oqCObuJZuybYOGNVPhj2_SVURRCA ;
to : gh_5013f37369ce ;
time : 1452320970 ;
type : event ;
event : VIEW ;
tousername : gh_5013f37369ce ;
fromusername : oqCObuJZuybYOGNVPhj2_SVURRCA ;
createtime : 1452320970 ;
msgtype : event ;
eventkey : http://mp.weixin.qq.com/s?__biz=MzA5MzE5NzExNw==&mid=10001097&idx=1&sn=8338ffe385dcd8dd1f376fc1a2fd50ff&scene=18#rd ;
menuid : 208007648 ;

2016-01-09 14:29:24 params :
------------
Array:
rule : -2 ;
module :  ;
message : Array ;

2016-01-09 14:29:24 response :
------------

2016-01-09 14:29:45 trace :
------------
Array:
from : oqCObuJZuybYOGNVPhj2_SVURRCA ;
to : gh_5013f37369ce ;
time : 1452320991 ;
type : event ;
event : VIEW ;
tousername : gh_5013f37369ce ;
fromusername : oqCObuJZuybYOGNVPhj2_SVURRCA ;
createtime : 1452320991 ;
msgtype : event ;
eventkey : http://mp.weixin.qq.com/s?__biz=MzA5MzE5NzExNw==&mid=10001097&idx=1&sn=8338ffe385dcd8dd1f376fc1a2fd50ff&scene=18#rd ;
menuid : 208007648 ;

2016-01-09 14:29:45 params :
------------
Array:
rule : -2 ;
module :  ;
message : Array ;

2016-01-09 14:29:45 response :
------------

2016-01-09 14:29:56 trace :
------------
Array:
from : oqCObuJZuybYOGNVPhj2_SVURRCA ;
to : gh_5013f37369ce ;
time : 1452321002 ;
type : event ;
event : VIEW ;
tousername : gh_5013f37369ce ;
fromusername : oqCObuJZuybYOGNVPhj2_SVURRCA ;
createtime : 1452321002 ;
msgtype : event ;
eventkey : http://mp.weixin.qq.com/s?__biz=MzA5MzE5NzExNw==&mid=10001097&idx=1&sn=8338ffe385dcd8dd1f376fc1a2fd50ff&scene=18#rd ;
menuid : 208007648 ;

2016-01-09 14:29:56 params :
------------
Array:
rule : -2 ;
module :  ;
message : Array ;

2016-01-09 14:29:56 response :
------------

2016-01-09 14:30:21 trace :
------------
Array:
from : oqCObuJZuybYOGNVPhj2_SVURRCA ;
to : gh_5013f37369ce ;
time : 1452321026 ;
type : event ;
event : VIEW ;
tousername : gh_5013f37369ce ;
fromusername : oqCObuJZuybYOGNVPhj2_SVURRCA ;
createtime : 1452321026 ;
msgtype : event ;
eventkey : http://mp.weixin.qq.com/s?__biz=MzA5MzE5NzExNw==&mid=10001097&idx=1&sn=8338ffe385dcd8dd1f376fc1a2fd50ff&scene=18#rd ;
menuid : 208007648 ;

2016-01-09 14:30:21 params :
------------
Array:
rule : -2 ;
module :  ;
message : Array ;

2016-01-09 14:30:21 response :
------------

2016-01-09 14:40:00 trace :
------------
Array:
from : oqCObuOMdLFThjDz4DRjoye8SuKY ;
to : gh_5013f37369ce ;
time : 1452321602 ;
type : event ;
event : subscribe ;
tousername : gh_5013f37369ce ;
fromusername : oqCObuOMdLFThjDz4DRjoye8SuKY ;
createtime : 1452321602 ;
msgtype : event ;
eventkey :  ;

2016-01-09 14:40:00 params :
------------
Array:
rule : -2 ;
module :  ;
message : Array ;

2016-01-09 14:40:00 response :
------------

2016-01-09 18:46:32 trace :
------------
Array:
from : oqCObuKPkhrfEn-fhuc9Uq_Ahav0 ;
to : gh_5013f37369ce ;
time : 1452336394 ;
type : event ;
event : VIEW ;
tousername : gh_5013f37369ce ;
fromusername : oqCObuKPkhrfEn-fhuc9Uq_Ahav0 ;
createtime : 1452336394 ;
msgtype : event ;
eventkey : http://mp.weixin.qq.com/s?__biz=MzA5MzE5NzExNw==&mid=10001097&idx=1&sn=8338ffe385dcd8dd1f376fc1a2fd50ff&scene=18#rd ;
menuid : 208007648 ;

2016-01-09 18:46:32 params :
------------
Array:
rule : -2 ;
module :  ;
message : Array ;

2016-01-09 18:46:32 response :
------------

2016-01-09 18:46:43 trace :
------------
Array:
from : oqCObuKPkhrfEn-fhuc9Uq_Ahav0 ;
to : gh_5013f37369ce ;
time : 1452336409 ;
type : event ;
event : VIEW ;
tousername : gh_5013f37369ce ;
fromusername : oqCObuKPkhrfEn-fhuc9Uq_Ahav0 ;
createtime : 1452336409 ;
msgtype : event ;
eventkey : http://mp.weixin.qq.com/s?__biz=MzA5MzE5NzExNw==&mid=10001097&idx=1&sn=8338ffe385dcd8dd1f376fc1a2fd50ff&scene=18#rd ;
menuid : 208007648 ;

2016-01-09 18:46:43 params :
------------
Array:
rule : -2 ;
module :  ;
message : Array ;

2016-01-09 18:46:43 response :
------------

2016-01-09 19:15:12 trace :
------------
Array:
from : oqCObuL_WZDbERnWmd3yZweVmwTw ;
to : gh_5013f37369ce ;
time : 1452338117 ;
type : event ;
event : VIEW ;
tousername : gh_5013f37369ce ;
fromusername : oqCObuL_WZDbERnWmd3yZweVmwTw ;
createtime : 1452338117 ;
msgtype : event ;
eventkey : http://mp.weixin.qq.com/s?__biz=MzA5MzE5NzExNw==&mid=10001097&idx=1&sn=8338ffe385dcd8dd1f376fc1a2fd50ff&scene=18#rd ;
menuid : 208007648 ;

2016-01-09 19:15:12 params :
------------
Array:
rule : -2 ;
module :  ;
message : Array ;

2016-01-09 19:15:12 response :
------------

2016-01-09 19:16:58 trace :
------------
Array:
from : oqCObuL_WZDbERnWmd3yZweVmwTw ;
to : gh_5013f37369ce ;
time : 1452338224 ;
type : event ;
event : VIEW ;
tousername : gh_5013f37369ce ;
fromusername : oqCObuL_WZDbERnWmd3yZweVmwTw ;
createtime : 1452338224 ;
msgtype : event ;
eventkey : http://mp.weixin.qq.com/s?__biz=MzA5MzE5NzExNw==&mid=10001097&idx=1&sn=8338ffe385dcd8dd1f376fc1a2fd50ff&scene=18#rd ;
menuid : 208007648 ;

2016-01-09 19:16:58 params :
------------
Array:
rule : -2 ;
module :  ;
message : Array ;

2016-01-09 19:16:58 response :
------------

2016-01-09 19:40:14 trace :
------------
Array:
from : oqCObuL_WZDbERnWmd3yZweVmwTw ;
to : gh_5013f37369ce ;
time : 1452339620 ;
type : event ;
event : VIEW ;
tousername : gh_5013f37369ce ;
fromusername : oqCObuL_WZDbERnWmd3yZweVmwTw ;
createtime : 1452339620 ;
msgtype : event ;
eventkey : http://mp.weixin.qq.com/s?__biz=MzA5MzE5NzExNw==&mid=10001097&idx=1&sn=8338ffe385dcd8dd1f376fc1a2fd50ff&scene=18#rd ;
menuid : 208007648 ;

2016-01-09 19:40:14 params :
------------
Array:
rule : -2 ;
module :  ;
message : Array ;

2016-01-09 19:40:14 response :
------------

2016-01-09 19:40:26 trace :
------------
Array:
from : oqCObuL_WZDbERnWmd3yZweVmwTw ;
to : gh_5013f37369ce ;
time : 1452339632 ;
type : event ;
event : VIEW ;
tousername : gh_5013f37369ce ;
fromusername : oqCObuL_WZDbERnWmd3yZweVmwTw ;
createtime : 1452339632 ;
msgtype : event ;
eventkey : http://mp.weixin.qq.com/s?__biz=MzA5MzE5NzExNw==&mid=10001097&idx=1&sn=8338ffe385dcd8dd1f376fc1a2fd50ff&scene=18#rd ;
menuid : 208007648 ;

2016-01-09 19:40:26 params :
------------
Array:
rule : -2 ;
module :  ;
message : Array ;

2016-01-09 19:40:26 response :
------------

2016-01-09 19:40:32 trace :
------------
Array:
from : oqCObuL_WZDbERnWmd3yZweVmwTw ;
to : gh_5013f37369ce ;
time : 1452339638 ;
type : event ;
event : VIEW ;
tousername : gh_5013f37369ce ;
fromusername : oqCObuL_WZDbERnWmd3yZweVmwTw ;
createtime : 1452339638 ;
msgtype : event ;
eventkey : http://mp.weixin.qq.com/s?__biz=MzA5MzE5NzExNw==&mid=10001097&idx=1&sn=8338ffe385dcd8dd1f376fc1a2fd50ff&scene=18#rd ;
menuid : 208007648 ;

2016-01-09 19:40:32 params :
------------
Array:
rule : -2 ;
module :  ;
message : Array ;

2016-01-09 19:40:32 response :
------------

2016-01-09 19:40:35 trace :
------------
Array:
from : oqCObuL_WZDbERnWmd3yZweVmwTw ;
to : gh_5013f37369ce ;
time : 1452339641 ;
type : event ;
event : VIEW ;
tousername : gh_5013f37369ce ;
fromusername : oqCObuL_WZDbERnWmd3yZweVmwTw ;
createtime : 1452339641 ;
msgtype : event ;
eventkey : http://mp.weixin.qq.com/s?__biz=MzA5MzE5NzExNw==&mid=10001097&idx=1&sn=8338ffe385dcd8dd1f376fc1a2fd50ff&scene=18#rd ;
menuid : 208007648 ;

2016-01-09 19:40:35 params :
------------
Array:
rule : -2 ;
module :  ;
message : Array ;

2016-01-09 19:40:35 response :
------------

2016-01-09 19:41:28 trace :
------------
Array:
from : oqCObuL_WZDbERnWmd3yZweVmwTw ;
to : gh_5013f37369ce ;
time : 1452339694 ;
type : event ;
event : VIEW ;
tousername : gh_5013f37369ce ;
fromusername : oqCObuL_WZDbERnWmd3yZweVmwTw ;
createtime : 1452339694 ;
msgtype : event ;
eventkey : http://mp.weixin.qq.com/s?__biz=MzA5MzE5NzExNw==&mid=10001097&idx=1&sn=8338ffe385dcd8dd1f376fc1a2fd50ff&scene=18#rd ;
menuid : 208007648 ;

2016-01-09 19:41:28 params :
------------
Array:
rule : -2 ;
module :  ;
message : Array ;

2016-01-09 19:41:28 response :
------------

2016-01-09 20:18:50 trace :
------------
Array:
from : oqCObuIG4sEs_PsSGmM5I-pUOIWY ;
to : gh_5013f37369ce ;
time : 1452341936 ;
type : event ;
event : subscribe ;
tousername : gh_5013f37369ce ;
fromusername : oqCObuIG4sEs_PsSGmM5I-pUOIWY ;
createtime : 1452341936 ;
msgtype : event ;
eventkey :  ;

2016-01-09 20:18:50 params :
------------
Array:
rule : -2 ;
module :  ;
message : Array ;

2016-01-09 20:18:50 response :
------------

2016-01-09 20:18:55 trace :
------------
Array:
from : oqCObuIG4sEs_PsSGmM5I-pUOIWY ;
to : gh_5013f37369ce ;
time : 1452341941 ;
type : event ;
event : VIEW ;
tousername : gh_5013f37369ce ;
fromusername : oqCObuIG4sEs_PsSGmM5I-pUOIWY ;
createtime : 1452341941 ;
msgtype : event ;
eventkey : http://mp.weixin.qq.com/s?__biz=MzA5MzE5NzExNw==&mid=10001097&idx=1&sn=8338ffe385dcd8dd1f376fc1a2fd50ff&scene=18#rd ;
menuid : 208007648 ;

2016-01-09 20:18:55 params :
------------
Array:
rule : -2 ;
module :  ;
message : Array ;

2016-01-09 20:18:55 response :
------------

2016-01-09 20:19:36 trace :
------------
Array:
from : oqCObuIG4sEs_PsSGmM5I-pUOIWY ;
to : gh_5013f37369ce ;
time : 1452341982 ;
type : event ;
event : VIEW ;
tousername : gh_5013f37369ce ;
fromusername : oqCObuIG4sEs_PsSGmM5I-pUOIWY ;
createtime : 1452341982 ;
msgtype : event ;
eventkey : http://mp.weixin.qq.com/s?__biz=MzA5MzE5NzExNw==&mid=10001097&idx=1&sn=8338ffe385dcd8dd1f376fc1a2fd50ff&scene=18#rd ;
menuid : 208007648 ;

2016-01-09 20:19:36 params :
------------
Array:
rule : -2 ;
module :  ;
message : Array ;

2016-01-09 20:19:36 response :
------------

