2016-06-20 07:26:26 trace :
------------
String:
<xml><ToUserName><![CDATA[gh_5013f37369ce]]></ToUserName>
<FromUserName><![CDATA[oqCObuDDV3LVGY4FfjYLK1FQyhwE]]></FromUserName>
<CreateTime>1466378878</CreateTime>
<MsgType><![CDATA[event]]></MsgType>
<Event><![CDATA[VIEW]]></Event>
<EventKey><![CDATA[http://mp.weixin.qq.com/s?__biz=MzA5MzE5NzExNw==&mid=10001097&idx=1&sn=8338ffe385dcd8dd1f376fc1a2fd50ff&scene=18#rd]]></EventKey>
<MenuId>208007648</MenuId>
</xml>

2016-06-20 07:26:26 params :
------------
Array:
rule : -2 ;
module :  ;
message : Array ;

2016-06-20 07:26:26 response :
------------

2016-06-20 07:26:51 trace :
------------
String:
<xml><ToUserName><![CDATA[gh_5013f37369ce]]></ToUserName>
<FromUserName><![CDATA[oqCObuDDV3LVGY4FfjYLK1FQyhwE]]></FromUserName>
<CreateTime>1466378905</CreateTime>
<MsgType><![CDATA[event]]></MsgType>
<Event><![CDATA[VIEW]]></Event>
<EventKey><![CDATA[http://mp.weixin.qq.com/s?__biz=MzA5MzE5NzExNw==&mid=10001097&idx=1&sn=8338ffe385dcd8dd1f376fc1a2fd50ff&scene=18#rd]]></EventKey>
<MenuId>208007648</MenuId>
</xml>

2016-06-20 07:26:51 params :
------------
Array:
rule : -2 ;
module :  ;
message : Array ;

2016-06-20 07:26:51 response :
------------

2016-06-20 07:27:01 trace :
------------
String:
<xml><ToUserName><![CDATA[gh_5013f37369ce]]></ToUserName>
<FromUserName><![CDATA[oqCObuDDV3LVGY4FfjYLK1FQyhwE]]></FromUserName>
<CreateTime>1466378915</CreateTime>
<MsgType><![CDATA[event]]></MsgType>
<Event><![CDATA[VIEW]]></Event>
<EventKey><![CDATA[http://mp.weixin.qq.com/s?__biz=MzA5MzE5NzExNw==&mid=10001097&idx=1&sn=8338ffe385dcd8dd1f376fc1a2fd50ff&scene=18#rd]]></EventKey>
<MenuId>208007648</MenuId>
</xml>

2016-06-20 07:27:01 params :
------------
Array:
rule : -2 ;
module :  ;
message : Array ;

2016-06-20 07:27:01 response :
------------

2016-06-20 07:27:06 trace :
------------
String:
<xml><ToUserName><![CDATA[gh_5013f37369ce]]></ToUserName>
<FromUserName><![CDATA[oqCObuDDV3LVGY4FfjYLK1FQyhwE]]></FromUserName>
<CreateTime>1466378920</CreateTime>
<MsgType><![CDATA[event]]></MsgType>
<Event><![CDATA[VIEW]]></Event>
<EventKey><![CDATA[http://mp.weixin.qq.com/s?__biz=MzA5MzE5NzExNw==&mid=10001097&idx=1&sn=8338ffe385dcd8dd1f376fc1a2fd50ff&scene=18#rd]]></EventKey>
<MenuId>208007648</MenuId>
</xml>

2016-06-20 07:27:06 params :
------------
Array:
rule : -2 ;
module :  ;
message : Array ;

2016-06-20 07:27:06 response :
------------

2016-06-20 08:58:42 trace :
------------
String:
<xml><ToUserName><![CDATA[gh_5013f37369ce]]></ToUserName>
<FromUserName><![CDATA[oqCObuFkYbnGx_MT5cSlFYEm07Xs]]></FromUserName>
<CreateTime>1466384416</CreateTime>
<MsgType><![CDATA[event]]></MsgType>
<Event><![CDATA[unsubscribe]]></Event>
<EventKey><![CDATA[]]></EventKey>
</xml>

2016-06-20 12:28:57 trace :
------------
String:
<xml><ToUserName><![CDATA[gh_5013f37369ce]]></ToUserName>
<FromUserName><![CDATA[oqCObuPFt6ECYGRcX8uHZrrMhtpM]]></FromUserName>
<CreateTime>1466397027</CreateTime>
<MsgType><![CDATA[event]]></MsgType>
<Event><![CDATA[VIEW]]></Event>
<EventKey><![CDATA[http://mp.weixin.qq.com/s?__biz=MzA5MzE5NzExNw==&mid=10001097&idx=1&sn=8338ffe385dcd8dd1f376fc1a2fd50ff&scene=18#rd]]></EventKey>
<MenuId>208007648</MenuId>
</xml>

2016-06-20 12:28:57 params :
------------
Array:
rule : -2 ;
module :  ;
message : Array ;

2016-06-20 12:28:57 response :
------------

2016-06-20 12:29:11 trace :
------------
String:
<xml><ToUserName><![CDATA[gh_5013f37369ce]]></ToUserName>
<FromUserName><![CDATA[oqCObuPFt6ECYGRcX8uHZrrMhtpM]]></FromUserName>
<CreateTime>1466397045</CreateTime>
<MsgType><![CDATA[event]]></MsgType>
<Event><![CDATA[unsubscribe]]></Event>
<EventKey><![CDATA[]]></EventKey>
</xml>

2016-06-20 15:26:02 trace :
------------
String:
<xml><ToUserName><![CDATA[gh_5013f37369ce]]></ToUserName>
<FromUserName><![CDATA[oqCObuJLwLtSnF_W3e_he4rU5okY]]></FromUserName>
<CreateTime>1466407656</CreateTime>
<MsgType><![CDATA[event]]></MsgType>
<Event><![CDATA[VIEW]]></Event>
<EventKey><![CDATA[http://mp.weixin.qq.com/s?__biz=MzA5MzE5NzExNw==&mid=10001097&idx=1&sn=8338ffe385dcd8dd1f376fc1a2fd50ff&scene=18#rd]]></EventKey>
<MenuId>208007648</MenuId>
</xml>

2016-06-20 15:26:02 params :
------------
Array:
rule : -2 ;
module :  ;
message : Array ;

2016-06-20 15:26:02 response :
------------

2016-06-20 15:32:05 trace :
------------
String:
<xml><ToUserName><![CDATA[gh_5013f37369ce]]></ToUserName>
<FromUserName><![CDATA[oqCObuJLwLtSnF_W3e_he4rU5okY]]></FromUserName>
<CreateTime>1466408018</CreateTime>
<MsgType><![CDATA[event]]></MsgType>
<Event><![CDATA[VIEW]]></Event>
<EventKey><![CDATA[http://mp.weixin.qq.com/s?__biz=MzA5MzE5NzExNw==&mid=10001097&idx=1&sn=8338ffe385dcd8dd1f376fc1a2fd50ff&scene=18#rd]]></EventKey>
<MenuId>208007648</MenuId>
</xml>

2016-06-20 15:32:05 params :
------------
Array:
rule : -2 ;
module :  ;
message : Array ;

2016-06-20 15:32:05 response :
------------

2016-06-20 15:32:36 trace :
------------
String:
<xml><ToUserName><![CDATA[gh_5013f37369ce]]></ToUserName>
<FromUserName><![CDATA[oqCObuJLwLtSnF_W3e_he4rU5okY]]></FromUserName>
<CreateTime>1466408050</CreateTime>
<MsgType><![CDATA[event]]></MsgType>
<Event><![CDATA[VIEW]]></Event>
<EventKey><![CDATA[http://mp.weixin.qq.com/s?__biz=MzA5MzE5NzExNw==&mid=10001097&idx=1&sn=8338ffe385dcd8dd1f376fc1a2fd50ff&scene=18#rd]]></EventKey>
<MenuId>208007648</MenuId>
</xml>

2016-06-20 15:32:36 params :
------------
Array:
rule : -2 ;
module :  ;
message : Array ;

2016-06-20 15:32:36 response :
------------

2016-06-20 15:34:41 trace :
------------
String:
<xml><ToUserName><![CDATA[gh_5013f37369ce]]></ToUserName>
<FromUserName><![CDATA[oqCObuJLwLtSnF_W3e_he4rU5okY]]></FromUserName>
<CreateTime>1466408175</CreateTime>
<MsgType><![CDATA[event]]></MsgType>
<Event><![CDATA[VIEW]]></Event>
<EventKey><![CDATA[http://mp.weixin.qq.com/s?__biz=MzA5MzE5NzExNw==&mid=10001097&idx=1&sn=8338ffe385dcd8dd1f376fc1a2fd50ff&scene=18#rd]]></EventKey>
<MenuId>208007648</MenuId>
</xml>

2016-06-20 15:34:41 params :
------------
Array:
rule : -2 ;
module :  ;
message : Array ;

2016-06-20 15:34:41 response :
------------

2016-06-20 15:57:33 trace :
------------
String:
<xml><ToUserName><![CDATA[gh_5013f37369ce]]></ToUserName>
<FromUserName><![CDATA[oqCObuJLwLtSnF_W3e_he4rU5okY]]></FromUserName>
<CreateTime>1466409547</CreateTime>
<MsgType><![CDATA[event]]></MsgType>
<Event><![CDATA[VIEW]]></Event>
<EventKey><![CDATA[http://mp.weixin.qq.com/s?__biz=MzA5MzE5NzExNw==&mid=10001097&idx=1&sn=8338ffe385dcd8dd1f376fc1a2fd50ff&scene=18#rd]]></EventKey>
<MenuId>208007648</MenuId>
</xml>

2016-06-20 15:57:33 params :
------------
Array:
rule : -2 ;
module :  ;
message : Array ;

2016-06-20 15:57:33 response :
------------

2016-06-20 16:03:37 trace :
------------
String:
<xml><ToUserName><![CDATA[gh_5013f37369ce]]></ToUserName>
<FromUserName><![CDATA[oqCObuJLwLtSnF_W3e_he4rU5okY]]></FromUserName>
<CreateTime>1466409911</CreateTime>
<MsgType><![CDATA[event]]></MsgType>
<Event><![CDATA[VIEW]]></Event>
<EventKey><![CDATA[http://mp.weixin.qq.com/s?__biz=MzA5MzE5NzExNw==&mid=10001097&idx=1&sn=8338ffe385dcd8dd1f376fc1a2fd50ff&scene=18#rd]]></EventKey>
<MenuId>208007648</MenuId>
</xml>

2016-06-20 16:03:37 params :
------------
Array:
rule : -2 ;
module :  ;
message : Array ;

2016-06-20 16:03:37 response :
------------

