2016-05-03 03:15:25 trace :
------------
Array:
from : oqCObuNBNmLEM9ILO4bi_ZR9Xn-8 ;
to : gh_5013f37369ce ;
time : 1462216608 ;
type : event ;
event : subscribe ;
tousername : gh_5013f37369ce ;
fromusername : oqCObuNBNmLEM9ILO4bi_ZR9Xn-8 ;
createtime : 1462216608 ;
msgtype : event ;
eventkey :  ;

2016-05-03 03:15:25 params :
------------
Array:
rule : -2 ;
module :  ;
message : Array ;

2016-05-03 03:15:25 response :
------------

2016-05-03 03:18:37 trace :
------------
Array:
from : oqCObuNBNmLEM9ILO4bi_ZR9Xn-8 ;
to : gh_5013f37369ce ;
time : 1462216800 ;
type : event ;
event : VIEW ;
tousername : gh_5013f37369ce ;
fromusername : oqCObuNBNmLEM9ILO4bi_ZR9Xn-8 ;
createtime : 1462216800 ;
msgtype : event ;
eventkey : http://mp.weixin.qq.com/s?__biz=MzA5MzE5NzExNw==&mid=10001097&idx=1&sn=8338ffe385dcd8dd1f376fc1a2fd50ff&scene=18#rd ;
menuid : 208007648 ;

2016-05-03 03:18:37 params :
------------
Array:
rule : -2 ;
module :  ;
message : Array ;

2016-05-03 03:18:37 response :
------------

2016-05-03 04:05:36 trace :
------------
Array:
from : oqCObuIeBlSYdrqalzoRzo_z11PM ;
to : gh_5013f37369ce ;
time : 1462219618 ;
type : event ;
event : subscribe ;
tousername : gh_5013f37369ce ;
fromusername : oqCObuIeBlSYdrqalzoRzo_z11PM ;
createtime : 1462219618 ;
msgtype : event ;
eventkey :  ;

2016-05-03 04:05:36 params :
------------
Array:
rule : -2 ;
module :  ;
message : Array ;

2016-05-03 04:05:36 response :
------------

2016-05-03 04:05:58 trace :
------------
Array:
from : oqCObuIeBlSYdrqalzoRzo_z11PM ;
to : gh_5013f37369ce ;
time : 1462219641 ;
type : text ;
event :  ;
tousername : gh_5013f37369ce ;
fromusername : oqCObuIeBlSYdrqalzoRzo_z11PM ;
createtime : 1462219641 ;
msgtype : text ;
content : he ;
msgid : 6280185538067678760 ;
redirection :  ;
source :  ;

2016-05-03 04:05:58 params :
------------
Array:
rule : -2 ;
module :  ;
message : Array ;

2016-05-03 04:05:58 response :
------------

2016-05-03 09:33:45 trace :
------------
Array:
from : oqCObuJOvbkw1MfEMR9TJmfmIbNY ;
to : gh_5013f37369ce ;
time : 1462239308 ;
type : event ;
event : subscribe ;
tousername : gh_5013f37369ce ;
fromusername : oqCObuJOvbkw1MfEMR9TJmfmIbNY ;
createtime : 1462239308 ;
msgtype : event ;
eventkey :  ;

2016-05-03 09:33:45 params :
------------
Array:
rule : -2 ;
module :  ;
message : Array ;

2016-05-03 09:33:45 response :
------------

2016-05-03 09:34:16 trace :
------------
Array:
from : oqCObuJOvbkw1MfEMR9TJmfmIbNY ;
to : gh_5013f37369ce ;
time : 1462239339 ;
type : event ;
event : VIEW ;
tousername : gh_5013f37369ce ;
fromusername : oqCObuJOvbkw1MfEMR9TJmfmIbNY ;
createtime : 1462239339 ;
msgtype : event ;
eventkey : http://mp.weixin.qq.com/s?__biz=MzA5MzE5NzExNw==&mid=10001097&idx=1&sn=8338ffe385dcd8dd1f376fc1a2fd50ff&scene=18#rd ;
menuid : 208007648 ;

2016-05-03 09:34:16 params :
------------
Array:
rule : -2 ;
module :  ;
message : Array ;

2016-05-03 09:34:16 response :
------------

2016-05-03 09:34:46 trace :
------------
Array:
from : oqCObuJOvbkw1MfEMR9TJmfmIbNY ;
to : gh_5013f37369ce ;
time : 1462239369 ;
type : event ;
event : VIEW ;
tousername : gh_5013f37369ce ;
fromusername : oqCObuJOvbkw1MfEMR9TJmfmIbNY ;
createtime : 1462239369 ;
msgtype : event ;
eventkey : http://mp.weixin.qq.com/s?__biz=MzA5MzE5NzExNw==&mid=10001097&idx=1&sn=8338ffe385dcd8dd1f376fc1a2fd50ff&scene=18#rd ;
menuid : 208007648 ;

2016-05-03 09:34:46 params :
------------
Array:
rule : -2 ;
module :  ;
message : Array ;

2016-05-03 09:34:46 response :
------------

2016-05-03 11:26:41 trace :
------------
Array:
from : oqCObuFHd-x1YQSrn9GW6tSb2pyk ;
to : gh_5013f37369ce ;
time : 1462246084 ;
type : event ;
event : subscribe ;
tousername : gh_5013f37369ce ;
fromusername : oqCObuFHd-x1YQSrn9GW6tSb2pyk ;
createtime : 1462246084 ;
msgtype : event ;
eventkey :  ;

2016-05-03 11:26:41 params :
------------
Array:
rule : -2 ;
module :  ;
message : Array ;

2016-05-03 11:26:41 response :
------------

2016-05-03 11:26:48 trace :
------------
Array:
from : oqCObuFHd-x1YQSrn9GW6tSb2pyk ;
to : gh_5013f37369ce ;
time : 1462246091 ;
type : event ;
event : VIEW ;
tousername : gh_5013f37369ce ;
fromusername : oqCObuFHd-x1YQSrn9GW6tSb2pyk ;
createtime : 1462246091 ;
msgtype : event ;
eventkey : http://mp.weixin.qq.com/s?__biz=MzA5MzE5NzExNw==&mid=10001097&idx=1&sn=8338ffe385dcd8dd1f376fc1a2fd50ff&scene=18#rd ;
menuid : 208007648 ;

2016-05-03 11:26:48 params :
------------
Array:
rule : -2 ;
module :  ;
message : Array ;

2016-05-03 11:26:48 response :
------------

2016-05-03 11:26:52 trace :
------------
Array:
from : oqCObuFHd-x1YQSrn9GW6tSb2pyk ;
to : gh_5013f37369ce ;
time : 1462246095 ;
type : event ;
event : VIEW ;
tousername : gh_5013f37369ce ;
fromusername : oqCObuFHd-x1YQSrn9GW6tSb2pyk ;
createtime : 1462246095 ;
msgtype : event ;
eventkey : http://mp.weixin.qq.com/s?__biz=MzA5MzE5NzExNw==&mid=10001097&idx=1&sn=8338ffe385dcd8dd1f376fc1a2fd50ff&scene=18#rd ;
menuid : 208007648 ;

2016-05-03 11:26:52 params :
------------
Array:
rule : -2 ;
module :  ;
message : Array ;

2016-05-03 11:26:52 response :
------------

2016-05-03 14:32:23 trace :
------------
Array:
from : oqCObuByN2S_5Xx_jP06hSpE5NT4 ;
to : gh_5013f37369ce ;
time : 1462257226 ;
type : event ;
event : VIEW ;
tousername : gh_5013f37369ce ;
fromusername : oqCObuByN2S_5Xx_jP06hSpE5NT4 ;
createtime : 1462257226 ;
msgtype : event ;
eventkey : http://mp.weixin.qq.com/s?__biz=MzA5MzE5NzExNw==&mid=10001097&idx=1&sn=8338ffe385dcd8dd1f376fc1a2fd50ff&scene=18#rd ;
menuid : 208007648 ;

2016-05-03 14:32:23 params :
------------
Array:
rule : -2 ;
module :  ;
message : Array ;

2016-05-03 14:32:23 response :
------------

2016-05-03 14:32:47 trace :
------------
Array:
from : oqCObuByN2S_5Xx_jP06hSpE5NT4 ;
to : gh_5013f37369ce ;
time : 1462257250 ;
type : event ;
event : VIEW ;
tousername : gh_5013f37369ce ;
fromusername : oqCObuByN2S_5Xx_jP06hSpE5NT4 ;
createtime : 1462257250 ;
msgtype : event ;
eventkey : http://mp.weixin.qq.com/s?__biz=MzA5MzE5NzExNw==&mid=10001097&idx=1&sn=8338ffe385dcd8dd1f376fc1a2fd50ff&scene=18#rd ;
menuid : 208007648 ;

2016-05-03 14:32:47 params :
------------
Array:
rule : -2 ;
module :  ;
message : Array ;

2016-05-03 14:32:47 response :
------------

2016-05-03 14:33:05 trace :
------------
Array:
from : oqCObuByN2S_5Xx_jP06hSpE5NT4 ;
to : gh_5013f37369ce ;
time : 1462257269 ;
type : event ;
event : VIEW ;
tousername : gh_5013f37369ce ;
fromusername : oqCObuByN2S_5Xx_jP06hSpE5NT4 ;
createtime : 1462257269 ;
msgtype : event ;
eventkey : http://mp.weixin.qq.com/s?__biz=MzA5MzE5NzExNw==&mid=10001097&idx=1&sn=8338ffe385dcd8dd1f376fc1a2fd50ff&scene=18#rd ;
menuid : 208007648 ;

2016-05-03 14:33:05 params :
------------
Array:
rule : -2 ;
module :  ;
message : Array ;

2016-05-03 14:33:05 response :
------------

2016-05-03 14:41:05 trace :
------------
Array:
from : oqCObuMM9ShvbLuBCJyE1330rG4s ;
to : gh_5013f37369ce ;
time : 1462257749 ;
type : event ;
event : subscribe ;
tousername : gh_5013f37369ce ;
fromusername : oqCObuMM9ShvbLuBCJyE1330rG4s ;
createtime : 1462257749 ;
msgtype : event ;
eventkey :  ;

2016-05-03 14:41:05 params :
------------
Array:
rule : -2 ;
module :  ;
message : Array ;

2016-05-03 14:41:05 response :
------------

2016-05-03 14:59:33 trace :
------------
Array:
from : oqCObuJL2wYyJU--kva_mCfrBoUc ;
to : gh_5013f37369ce ;
time : 1462258856 ;
type : event ;
event : subscribe ;
tousername : gh_5013f37369ce ;
fromusername : oqCObuJL2wYyJU--kva_mCfrBoUc ;
createtime : 1462258856 ;
msgtype : event ;
eventkey :  ;

2016-05-03 14:59:33 params :
------------
Array:
rule : -2 ;
module :  ;
message : Array ;

2016-05-03 14:59:33 response :
------------

2016-05-03 15:00:13 trace :
------------
Array:
from : oqCObuJL2wYyJU--kva_mCfrBoUc ;
to : gh_5013f37369ce ;
time : 1462258896 ;
type : event ;
event : VIEW ;
tousername : gh_5013f37369ce ;
fromusername : oqCObuJL2wYyJU--kva_mCfrBoUc ;
createtime : 1462258896 ;
msgtype : event ;
eventkey : http://mp.weixin.qq.com/s?__biz=MzA5MzE5NzExNw==&mid=10001097&idx=1&sn=8338ffe385dcd8dd1f376fc1a2fd50ff&scene=18#rd ;
menuid : 208007648 ;

2016-05-03 15:00:13 params :
------------
Array:
rule : -2 ;
module :  ;
message : Array ;

2016-05-03 15:00:13 response :
------------

2016-05-03 15:00:24 trace :
------------
Array:
from : oqCObuJL2wYyJU--kva_mCfrBoUc ;
to : gh_5013f37369ce ;
time : 1462258907 ;
type : event ;
event : VIEW ;
tousername : gh_5013f37369ce ;
fromusername : oqCObuJL2wYyJU--kva_mCfrBoUc ;
createtime : 1462258907 ;
msgtype : event ;
eventkey : http://mp.weixin.qq.com/s?__biz=MzA5MzE5NzExNw==&mid=10001097&idx=1&sn=8338ffe385dcd8dd1f376fc1a2fd50ff&scene=18#rd ;
menuid : 208007648 ;

2016-05-03 15:00:24 params :
------------
Array:
rule : -2 ;
module :  ;
message : Array ;

2016-05-03 15:00:24 response :
------------

2016-05-03 15:00:30 trace :
------------
Array:
from : oqCObuJL2wYyJU--kva_mCfrBoUc ;
to : gh_5013f37369ce ;
time : 1462258913 ;
type : event ;
event : VIEW ;
tousername : gh_5013f37369ce ;
fromusername : oqCObuJL2wYyJU--kva_mCfrBoUc ;
createtime : 1462258913 ;
msgtype : event ;
eventkey : http://mp.weixin.qq.com/s?__biz=MzA5MzE5NzExNw==&mid=10001097&idx=1&sn=8338ffe385dcd8dd1f376fc1a2fd50ff&scene=18#rd ;
menuid : 208007648 ;

2016-05-03 15:00:30 params :
------------
Array:
rule : -2 ;
module :  ;
message : Array ;

2016-05-03 15:00:30 response :
------------

2016-05-03 15:00:41 trace :
------------
Array:
from : oqCObuJL2wYyJU--kva_mCfrBoUc ;
to : gh_5013f37369ce ;
time : 1462258924 ;
type : event ;
event : VIEW ;
tousername : gh_5013f37369ce ;
fromusername : oqCObuJL2wYyJU--kva_mCfrBoUc ;
createtime : 1462258924 ;
msgtype : event ;
eventkey : http://mp.weixin.qq.com/s?__biz=MzA5MzE5NzExNw==&mid=10001097&idx=1&sn=8338ffe385dcd8dd1f376fc1a2fd50ff&scene=18#rd ;
menuid : 208007648 ;

2016-05-03 15:00:41 params :
------------
Array:
rule : -2 ;
module :  ;
message : Array ;

2016-05-03 15:00:41 response :
------------

2016-05-03 15:01:05 trace :
------------
Array:
from : oqCObuJL2wYyJU--kva_mCfrBoUc ;
to : gh_5013f37369ce ;
time : 1462258949 ;
type : event ;
event : VIEW ;
tousername : gh_5013f37369ce ;
fromusername : oqCObuJL2wYyJU--kva_mCfrBoUc ;
createtime : 1462258949 ;
msgtype : event ;
eventkey : http://mp.weixin.qq.com/s?__biz=MzA5MzE5NzExNw==&mid=10001097&idx=1&sn=8338ffe385dcd8dd1f376fc1a2fd50ff&scene=18#rd ;
menuid : 208007648 ;

2016-05-03 15:01:05 params :
------------
Array:
rule : -2 ;
module :  ;
message : Array ;

2016-05-03 15:01:05 response :
------------

2016-05-03 15:02:00 trace :
------------
Array:
from : oqCObuJL2wYyJU--kva_mCfrBoUc ;
to : gh_5013f37369ce ;
time : 1462259004 ;
type : event ;
event : VIEW ;
tousername : gh_5013f37369ce ;
fromusername : oqCObuJL2wYyJU--kva_mCfrBoUc ;
createtime : 1462259004 ;
msgtype : event ;
eventkey : http://mp.weixin.qq.com/s?__biz=MzA5MzE5NzExNw==&mid=10001097&idx=1&sn=8338ffe385dcd8dd1f376fc1a2fd50ff&scene=18#rd ;
menuid : 208007648 ;

2016-05-03 15:02:00 params :
------------
Array:
rule : -2 ;
module :  ;
message : Array ;

2016-05-03 15:02:00 response :
------------

2016-05-03 15:04:26 trace :
------------
Array:
from : oqCObuJL2wYyJU--kva_mCfrBoUc ;
to : gh_5013f37369ce ;
time : 1462259150 ;
type : event ;
event : VIEW ;
tousername : gh_5013f37369ce ;
fromusername : oqCObuJL2wYyJU--kva_mCfrBoUc ;
createtime : 1462259150 ;
msgtype : event ;
eventkey : http://mp.weixin.qq.com/s?__biz=MzA5MzE5NzExNw==&mid=10001097&idx=1&sn=8338ffe385dcd8dd1f376fc1a2fd50ff&scene=18#rd ;
menuid : 208007648 ;

2016-05-03 15:04:26 params :
------------
Array:
rule : -2 ;
module :  ;
message : Array ;

2016-05-03 15:04:26 response :
------------

2016-05-03 15:04:30 trace :
------------
Array:
from : oqCObuJL2wYyJU--kva_mCfrBoUc ;
to : gh_5013f37369ce ;
time : 1462259154 ;
type : event ;
event : VIEW ;
tousername : gh_5013f37369ce ;
fromusername : oqCObuJL2wYyJU--kva_mCfrBoUc ;
createtime : 1462259154 ;
msgtype : event ;
eventkey : http://mp.weixin.qq.com/s?__biz=MzA5MzE5NzExNw==&mid=10001097&idx=1&sn=8338ffe385dcd8dd1f376fc1a2fd50ff&scene=18#rd ;
menuid : 208007648 ;

2016-05-03 15:04:30 params :
------------
Array:
rule : -2 ;
module :  ;
message : Array ;

2016-05-03 15:04:30 response :
------------

2016-05-03 15:08:12 trace :
------------
Array:
from : oqCObuJL2wYyJU--kva_mCfrBoUc ;
to : gh_5013f37369ce ;
time : 1462259372 ;
type : event ;
event : VIEW ;
tousername : gh_5013f37369ce ;
fromusername : oqCObuJL2wYyJU--kva_mCfrBoUc ;
createtime : 1462259372 ;
msgtype : event ;
eventkey : http://mp.weixin.qq.com/s?__biz=MzA5MzE5NzExNw==&mid=10001097&idx=1&sn=8338ffe385dcd8dd1f376fc1a2fd50ff&scene=18#rd ;
menuid : 208007648 ;

2016-05-03 15:08:12 params :
------------
Array:
rule : -2 ;
module :  ;
message : Array ;

2016-05-03 15:08:12 response :
------------

2016-05-03 15:10:40 trace :
------------
Array:
from : oqCObuJL2wYyJU--kva_mCfrBoUc ;
to : gh_5013f37369ce ;
time : 1462259524 ;
type : event ;
event : VIEW ;
tousername : gh_5013f37369ce ;
fromusername : oqCObuJL2wYyJU--kva_mCfrBoUc ;
createtime : 1462259524 ;
msgtype : event ;
eventkey : http://mp.weixin.qq.com/s?__biz=MzA5MzE5NzExNw==&mid=10001097&idx=1&sn=8338ffe385dcd8dd1f376fc1a2fd50ff&scene=18#rd ;
menuid : 208007648 ;

2016-05-03 15:10:40 params :
------------
Array:
rule : -2 ;
module :  ;
message : Array ;

2016-05-03 15:10:40 response :
------------

2016-05-03 15:13:39 trace :
------------
Array:
from : oqCObuJL2wYyJU--kva_mCfrBoUc ;
to : gh_5013f37369ce ;
time : 1462259702 ;
type : event ;
event : VIEW ;
tousername : gh_5013f37369ce ;
fromusername : oqCObuJL2wYyJU--kva_mCfrBoUc ;
createtime : 1462259702 ;
msgtype : event ;
eventkey : http://mp.weixin.qq.com/s?__biz=MzA5MzE5NzExNw==&mid=10001097&idx=1&sn=8338ffe385dcd8dd1f376fc1a2fd50ff&scene=18#rd ;
menuid : 208007648 ;

2016-05-03 15:13:39 params :
------------
Array:
rule : -2 ;
module :  ;
message : Array ;

2016-05-03 15:13:39 response :
------------

2016-05-03 15:13:44 trace :
------------
Array:
from : oqCObuJL2wYyJU--kva_mCfrBoUc ;
to : gh_5013f37369ce ;
time : 1462259708 ;
type : event ;
event : VIEW ;
tousername : gh_5013f37369ce ;
fromusername : oqCObuJL2wYyJU--kva_mCfrBoUc ;
createtime : 1462259708 ;
msgtype : event ;
eventkey : http://mp.weixin.qq.com/s?__biz=MzA5MzE5NzExNw==&mid=10001097&idx=1&sn=8338ffe385dcd8dd1f376fc1a2fd50ff&scene=18#rd ;
menuid : 208007648 ;

2016-05-03 15:13:44 params :
------------
Array:
rule : -2 ;
module :  ;
message : Array ;

2016-05-03 15:13:44 response :
------------

2016-05-03 15:13:48 trace :
------------
Array:
from : oqCObuJL2wYyJU--kva_mCfrBoUc ;
to : gh_5013f37369ce ;
time : 1462259712 ;
type : event ;
event : VIEW ;
tousername : gh_5013f37369ce ;
fromusername : oqCObuJL2wYyJU--kva_mCfrBoUc ;
createtime : 1462259712 ;
msgtype : event ;
eventkey : http://mp.weixin.qq.com/s?__biz=MzA5MzE5NzExNw==&mid=10001097&idx=1&sn=8338ffe385dcd8dd1f376fc1a2fd50ff&scene=18#rd ;
menuid : 208007648 ;

2016-05-03 15:13:48 params :
------------
Array:
rule : -2 ;
module :  ;
message : Array ;

2016-05-03 15:13:48 response :
------------

2016-05-03 15:14:02 trace :
------------
Array:
from : oqCObuJL2wYyJU--kva_mCfrBoUc ;
to : gh_5013f37369ce ;
time : 1462259722 ;
type : event ;
event : VIEW ;
tousername : gh_5013f37369ce ;
fromusername : oqCObuJL2wYyJU--kva_mCfrBoUc ;
createtime : 1462259722 ;
msgtype : event ;
eventkey : http://mp.weixin.qq.com/s?__biz=MzA5MzE5NzExNw==&mid=10001097&idx=1&sn=8338ffe385dcd8dd1f376fc1a2fd50ff&scene=18#rd ;
menuid : 208007648 ;

2016-05-03 15:14:02 params :
------------
Array:
rule : -2 ;
module :  ;
message : Array ;

2016-05-03 15:14:02 response :
------------

2016-05-03 17:26:47 trace :
------------
Array:
from : oqCObuKXpZPx9Ud3kqUZ3XZA0-fc ;
to : gh_5013f37369ce ;
time : 1462267688 ;
type : event ;
event : VIEW ;
tousername : gh_5013f37369ce ;
fromusername : oqCObuKXpZPx9Ud3kqUZ3XZA0-fc ;
createtime : 1462267688 ;
msgtype : event ;
eventkey : http://mp.weixin.qq.com/s?__biz=MzA5MzE5NzExNw==&mid=10001097&idx=1&sn=8338ffe385dcd8dd1f376fc1a2fd50ff&scene=18#rd ;
menuid : 208007648 ;

2016-05-03 17:26:47 params :
------------
Array:
rule : -2 ;
module :  ;
message : Array ;

2016-05-03 17:26:47 response :
------------

2016-05-03 19:13:57 trace :
------------
Array:
from : oqCObuAxBon40u4jS-WzDONx3F3A ;
to : gh_5013f37369ce ;
time : 1462274119 ;
type : event ;
event : subscribe ;
tousername : gh_5013f37369ce ;
fromusername : oqCObuAxBon40u4jS-WzDONx3F3A ;
createtime : 1462274119 ;
msgtype : event ;
eventkey :  ;

2016-05-03 19:13:57 params :
------------
Array:
rule : -2 ;
module :  ;
message : Array ;

2016-05-03 19:13:57 response :
------------

2016-05-03 19:14:02 trace :
------------
Array:
from : oqCObuAxBon40u4jS-WzDONx3F3A ;
to : gh_5013f37369ce ;
time : 1462274125 ;
type : event ;
event : VIEW ;
tousername : gh_5013f37369ce ;
fromusername : oqCObuAxBon40u4jS-WzDONx3F3A ;
createtime : 1462274125 ;
msgtype : event ;
eventkey : http://mp.weixin.qq.com/s?__biz=MzA5MzE5NzExNw==&mid=10001097&idx=1&sn=8338ffe385dcd8dd1f376fc1a2fd50ff&scene=18#rd ;
menuid : 208007648 ;

2016-05-03 19:14:02 params :
------------
Array:
rule : -2 ;
module :  ;
message : Array ;

2016-05-03 19:14:02 response :
------------

2016-05-03 19:14:13 trace :
------------
Array:
from : oqCObuAxBon40u4jS-WzDONx3F3A ;
to : gh_5013f37369ce ;
time : 1462274136 ;
type : event ;
event : VIEW ;
tousername : gh_5013f37369ce ;
fromusername : oqCObuAxBon40u4jS-WzDONx3F3A ;
createtime : 1462274136 ;
msgtype : event ;
eventkey : http://mp.weixin.qq.com/s?__biz=MzA5MzE5NzExNw==&mid=10001097&idx=1&sn=8338ffe385dcd8dd1f376fc1a2fd50ff&scene=18#rd ;
menuid : 208007648 ;

2016-05-03 19:14:13 params :
------------
Array:
rule : -2 ;
module :  ;
message : Array ;

2016-05-03 19:14:13 response :
------------

2016-05-03 19:14:55 trace :
------------
Array:
from : oqCObuAxBon40u4jS-WzDONx3F3A ;
to : gh_5013f37369ce ;
time : 1462274178 ;
type : event ;
event : VIEW ;
tousername : gh_5013f37369ce ;
fromusername : oqCObuAxBon40u4jS-WzDONx3F3A ;
createtime : 1462274178 ;
msgtype : event ;
eventkey : http://mp.weixin.qq.com/s?__biz=MzA5MzE5NzExNw==&mid=10001097&idx=1&sn=8338ffe385dcd8dd1f376fc1a2fd50ff&scene=18#rd ;
menuid : 208007648 ;

2016-05-03 19:14:55 params :
------------
Array:
rule : -2 ;
module :  ;
message : Array ;

2016-05-03 19:14:55 response :
------------

2016-05-03 19:35:22 trace :
------------
Array:
from : oqCObuPqorcmnJ1OJEDnTsJiWkMM ;
to : gh_5013f37369ce ;
time : 1462275405 ;
type : event ;
event : subscribe ;
tousername : gh_5013f37369ce ;
fromusername : oqCObuPqorcmnJ1OJEDnTsJiWkMM ;
createtime : 1462275405 ;
msgtype : event ;
eventkey :  ;

2016-05-03 19:35:22 params :
------------
Array:
rule : -2 ;
module :  ;
message : Array ;

2016-05-03 19:35:22 response :
------------

2016-05-03 19:35:26 trace :
------------
Array:
from : oqCObuPqorcmnJ1OJEDnTsJiWkMM ;
to : gh_5013f37369ce ;
time : 1462275410 ;
type : event ;
event : VIEW ;
tousername : gh_5013f37369ce ;
fromusername : oqCObuPqorcmnJ1OJEDnTsJiWkMM ;
createtime : 1462275410 ;
msgtype : event ;
eventkey : http://mp.weixin.qq.com/s?__biz=MzA5MzE5NzExNw==&mid=10001097&idx=1&sn=8338ffe385dcd8dd1f376fc1a2fd50ff&scene=18#rd ;
menuid : 208007648 ;

2016-05-03 19:35:26 params :
------------
Array:
rule : -2 ;
module :  ;
message : Array ;

2016-05-03 19:35:26 response :
------------

2016-05-03 19:35:47 trace :
------------
Array:
from : oqCObuPqorcmnJ1OJEDnTsJiWkMM ;
to : gh_5013f37369ce ;
time : 1462275430 ;
type : event ;
event : VIEW ;
tousername : gh_5013f37369ce ;
fromusername : oqCObuPqorcmnJ1OJEDnTsJiWkMM ;
createtime : 1462275430 ;
msgtype : event ;
eventkey : http://mp.weixin.qq.com/s?__biz=MzA5MzE5NzExNw==&mid=10001097&idx=1&sn=8338ffe385dcd8dd1f376fc1a2fd50ff&scene=18#rd ;
menuid : 208007648 ;

2016-05-03 19:35:47 params :
------------
Array:
rule : -2 ;
module :  ;
message : Array ;

2016-05-03 19:35:47 response :
------------

2016-05-03 21:34:52 trace :
------------
Array:
from : oqCObuH85VGsRuqllq9NYZd-bz70 ;
to : gh_5013f37369ce ;
time : 1462282575 ;
type : event ;
event : subscribe ;
tousername : gh_5013f37369ce ;
fromusername : oqCObuH85VGsRuqllq9NYZd-bz70 ;
createtime : 1462282575 ;
msgtype : event ;
eventkey :  ;

2016-05-03 21:34:52 params :
------------
Array:
rule : -2 ;
module :  ;
message : Array ;

2016-05-03 21:34:52 response :
------------

2016-05-03 21:34:57 trace :
------------
Array:
from : oqCObuH85VGsRuqllq9NYZd-bz70 ;
to : gh_5013f37369ce ;
time : 1462282580 ;
type : event ;
event : VIEW ;
tousername : gh_5013f37369ce ;
fromusername : oqCObuH85VGsRuqllq9NYZd-bz70 ;
createtime : 1462282580 ;
msgtype : event ;
eventkey : http://mp.weixin.qq.com/s?__biz=MzA5MzE5NzExNw==&mid=10001097&idx=1&sn=8338ffe385dcd8dd1f376fc1a2fd50ff&scene=18#rd ;
menuid : 208007648 ;

2016-05-03 21:34:57 params :
------------
Array:
rule : -2 ;
module :  ;
message : Array ;

2016-05-03 21:34:57 response :
------------

2016-05-03 21:56:20 trace :
------------
Array:
from : oqCObuFWoTK-V9pkzN0jlzoj7Ulw ;
to : gh_5013f37369ce ;
time : 1462283863 ;
type : event ;
event : subscribe ;
tousername : gh_5013f37369ce ;
fromusername : oqCObuFWoTK-V9pkzN0jlzoj7Ulw ;
createtime : 1462283863 ;
msgtype : event ;
eventkey :  ;

2016-05-03 21:56:20 params :
------------
Array:
rule : -2 ;
module :  ;
message : Array ;

2016-05-03 21:56:20 response :
------------

