2016-06-30 10:56:12 trace :
------------
String:
<xml><ToUserName><![CDATA[gh_5013f37369ce]]></ToUserName>
<FromUserName><![CDATA[oqCObuPQM6IVAlidsXV2U88NPVDY]]></FromUserName>
<CreateTime>1467255506</CreateTime>
<MsgType><![CDATA[event]]></MsgType>
<Event><![CDATA[VIEW]]></Event>
<EventKey><![CDATA[http://mp.weixin.qq.com/s?__biz=MzA5MzE5NzExNw==&mid=10001097&idx=1&sn=8338ffe385dcd8dd1f376fc1a2fd50ff&scene=18#rd]]></EventKey>
<MenuId>208007648</MenuId>
</xml>

2016-06-30 10:56:12 params :
------------
Array:
rule : -2 ;
module :  ;
message : Array ;

2016-06-30 10:56:12 response :
------------

2016-06-30 10:56:21 trace :
------------
String:
<xml><ToUserName><![CDATA[gh_5013f37369ce]]></ToUserName>
<FromUserName><![CDATA[oqCObuPQM6IVAlidsXV2U88NPVDY]]></FromUserName>
<CreateTime>1467255515</CreateTime>
<MsgType><![CDATA[event]]></MsgType>
<Event><![CDATA[VIEW]]></Event>
<EventKey><![CDATA[http://mp.weixin.qq.com/s?__biz=MzA5MzE5NzExNw==&mid=10001097&idx=1&sn=8338ffe385dcd8dd1f376fc1a2fd50ff&scene=18#rd]]></EventKey>
<MenuId>208007648</MenuId>
</xml>

2016-06-30 10:56:21 params :
------------
Array:
rule : -2 ;
module :  ;
message : Array ;

2016-06-30 10:56:21 response :
------------

2016-06-30 10:56:29 trace :
------------
String:
<xml><ToUserName><![CDATA[gh_5013f37369ce]]></ToUserName>
<FromUserName><![CDATA[oqCObuPQM6IVAlidsXV2U88NPVDY]]></FromUserName>
<CreateTime>1467255523</CreateTime>
<MsgType><![CDATA[event]]></MsgType>
<Event><![CDATA[VIEW]]></Event>
<EventKey><![CDATA[http://mp.weixin.qq.com/s?__biz=MzA5MzE5NzExNw==&mid=10001097&idx=1&sn=8338ffe385dcd8dd1f376fc1a2fd50ff&scene=18#rd]]></EventKey>
<MenuId>208007648</MenuId>
</xml>

2016-06-30 10:56:29 params :
------------
Array:
rule : -2 ;
module :  ;
message : Array ;

2016-06-30 10:56:29 response :
------------

2016-06-30 10:56:44 trace :
------------
String:
<xml><ToUserName><![CDATA[gh_5013f37369ce]]></ToUserName>
<FromUserName><![CDATA[oqCObuPQM6IVAlidsXV2U88NPVDY]]></FromUserName>
<CreateTime>1467255538</CreateTime>
<MsgType><![CDATA[event]]></MsgType>
<Event><![CDATA[VIEW]]></Event>
<EventKey><![CDATA[http://mp.weixin.qq.com/s?__biz=MzA5MzE5NzExNw==&mid=10001097&idx=1&sn=8338ffe385dcd8dd1f376fc1a2fd50ff&scene=18#rd]]></EventKey>
<MenuId>208007648</MenuId>
</xml>

2016-06-30 10:56:44 params :
------------
Array:
rule : -2 ;
module :  ;
message : Array ;

2016-06-30 10:56:44 response :
------------

2016-06-30 11:15:56 trace :
------------
String:
<xml><ToUserName><![CDATA[gh_5013f37369ce]]></ToUserName>
<FromUserName><![CDATA[oqCObuKMhqs69djJ56WJGVGVqQcg]]></FromUserName>
<CreateTime>1467256690</CreateTime>
<MsgType><![CDATA[event]]></MsgType>
<Event><![CDATA[unsubscribe]]></Event>
<EventKey><![CDATA[]]></EventKey>
</xml>

2016-06-30 11:30:14 trace :
------------
String:
<xml><ToUserName><![CDATA[gh_5013f37369ce]]></ToUserName>
<FromUserName><![CDATA[oqCObuCJEOPUvZ-lWb8ofrOuUpI4]]></FromUserName>
<CreateTime>1467257548</CreateTime>
<MsgType><![CDATA[event]]></MsgType>
<Event><![CDATA[VIEW]]></Event>
<EventKey><![CDATA[http://mp.weixin.qq.com/s?__biz=MzA5MzE5NzExNw==&mid=10001097&idx=1&sn=8338ffe385dcd8dd1f376fc1a2fd50ff&scene=18#rd]]></EventKey>
<MenuId>208007648</MenuId>
</xml>

2016-06-30 11:30:14 params :
------------
Array:
rule : -2 ;
module :  ;
message : Array ;

2016-06-30 11:30:14 response :
------------

2016-06-30 11:30:24 trace :
------------
String:
<xml><ToUserName><![CDATA[gh_5013f37369ce]]></ToUserName>
<FromUserName><![CDATA[oqCObuCJEOPUvZ-lWb8ofrOuUpI4]]></FromUserName>
<CreateTime>1467257558</CreateTime>
<MsgType><![CDATA[event]]></MsgType>
<Event><![CDATA[VIEW]]></Event>
<EventKey><![CDATA[http://mp.weixin.qq.com/s?__biz=MzA5MzE5NzExNw==&mid=10001097&idx=1&sn=8338ffe385dcd8dd1f376fc1a2fd50ff&scene=18#rd]]></EventKey>
<MenuId>208007648</MenuId>
</xml>

2016-06-30 11:30:24 params :
------------
Array:
rule : -2 ;
module :  ;
message : Array ;

2016-06-30 11:30:24 response :
------------

2016-06-30 11:30:29 trace :
------------
String:
<xml><ToUserName><![CDATA[gh_5013f37369ce]]></ToUserName>
<FromUserName><![CDATA[oqCObuCJEOPUvZ-lWb8ofrOuUpI4]]></FromUserName>
<CreateTime>1467257563</CreateTime>
<MsgType><![CDATA[event]]></MsgType>
<Event><![CDATA[VIEW]]></Event>
<EventKey><![CDATA[http://mp.weixin.qq.com/s?__biz=MzA5MzE5NzExNw==&mid=10001097&idx=1&sn=8338ffe385dcd8dd1f376fc1a2fd50ff&scene=18#rd]]></EventKey>
<MenuId>208007648</MenuId>
</xml>

2016-06-30 11:30:29 params :
------------
Array:
rule : -2 ;
module :  ;
message : Array ;

2016-06-30 11:30:29 response :
------------

2016-06-30 13:19:16 trace :
------------
String:
<xml><ToUserName><![CDATA[gh_5013f37369ce]]></ToUserName>
<FromUserName><![CDATA[oqCObuB1XgvkUl_IjGm1Gw9l4oXs]]></FromUserName>
<CreateTime>1467264087</CreateTime>
<MsgType><![CDATA[event]]></MsgType>
<Event><![CDATA[VIEW]]></Event>
<EventKey><![CDATA[http://mp.weixin.qq.com/s?__biz=MzA5MzE5NzExNw==&mid=10001097&idx=1&sn=8338ffe385dcd8dd1f376fc1a2fd50ff&scene=18#rd]]></EventKey>
<MenuId>208007648</MenuId>
</xml>

2016-06-30 13:19:16 params :
------------
Array:
rule : -2 ;
module :  ;
message : Array ;

2016-06-30 13:19:16 response :
------------

2016-06-30 16:07:52 trace :
------------
String:
<xml><ToUserName><![CDATA[gh_5013f37369ce]]></ToUserName>
<FromUserName><![CDATA[oqCObuFczdmqfcBrP7Ac-jdpbD-c]]></FromUserName>
<CreateTime>1467274205</CreateTime>
<MsgType><![CDATA[event]]></MsgType>
<Event><![CDATA[VIEW]]></Event>
<EventKey><![CDATA[http://mp.weixin.qq.com/s?__biz=MzA5MzE5NzExNw==&mid=10001097&idx=1&sn=8338ffe385dcd8dd1f376fc1a2fd50ff&scene=18#rd]]></EventKey>
<MenuId>208007648</MenuId>
</xml>

2016-06-30 16:07:52 params :
------------
Array:
rule : -2 ;
module :  ;
message : Array ;

2016-06-30 16:07:52 response :
------------

2016-06-30 17:10:03 trace :
------------
String:
<xml><ToUserName><![CDATA[gh_5013f37369ce]]></ToUserName>
<FromUserName><![CDATA[oqCObuL_lBh7ygxyA9ksdBHPCvMc]]></FromUserName>
<CreateTime>1467277937</CreateTime>
<MsgType><![CDATA[event]]></MsgType>
<Event><![CDATA[unsubscribe]]></Event>
<EventKey><![CDATA[]]></EventKey>
</xml>

2016-06-30 17:19:10 trace :
------------
String:
<xml><ToUserName><![CDATA[gh_5013f37369ce]]></ToUserName>
<FromUserName><![CDATA[oqCObuH5gCk8quwpI4IY1ROqyJd0]]></FromUserName>
<CreateTime>1467278484</CreateTime>
<MsgType><![CDATA[event]]></MsgType>
<Event><![CDATA[unsubscribe]]></Event>
<EventKey><![CDATA[]]></EventKey>
</xml>

2016-06-30 18:19:41 trace :
------------
String:
<xml><ToUserName><![CDATA[gh_5013f37369ce]]></ToUserName>
<FromUserName><![CDATA[oqCObuPwZS0R60ZULuDI6tKwPsFg]]></FromUserName>
<CreateTime>1467282112</CreateTime>
<MsgType><![CDATA[event]]></MsgType>
<Event><![CDATA[VIEW]]></Event>
<EventKey><![CDATA[http://mp.weixin.qq.com/s?__biz=MzA5MzE5NzExNw==&mid=10001097&idx=1&sn=8338ffe385dcd8dd1f376fc1a2fd50ff&scene=18#rd]]></EventKey>
<MenuId>208007648</MenuId>
</xml>

2016-06-30 18:19:41 params :
------------
Array:
rule : -2 ;
module :  ;
message : Array ;

2016-06-30 18:19:41 response :
------------

2016-06-30 18:53:52 trace :
------------
String:
<xml><ToUserName><![CDATA[gh_5013f37369ce]]></ToUserName>
<FromUserName><![CDATA[oqCObuKQ9v_Wp0oP_9801FIUbgYA]]></FromUserName>
<CreateTime>1467284163</CreateTime>
<MsgType><![CDATA[event]]></MsgType>
<Event><![CDATA[VIEW]]></Event>
<EventKey><![CDATA[http://mp.weixin.qq.com/s?__biz=MzA5MzE5NzExNw==&mid=10001097&idx=1&sn=8338ffe385dcd8dd1f376fc1a2fd50ff&scene=18#rd]]></EventKey>
<MenuId>208007648</MenuId>
</xml>

2016-06-30 18:53:52 params :
------------
Array:
rule : -2 ;
module :  ;
message : Array ;

2016-06-30 18:53:52 response :
------------

2016-06-30 18:54:16 trace :
------------
String:
<xml><ToUserName><![CDATA[gh_5013f37369ce]]></ToUserName>
<FromUserName><![CDATA[oqCObuKQ9v_Wp0oP_9801FIUbgYA]]></FromUserName>
<CreateTime>1467284187</CreateTime>
<MsgType><![CDATA[event]]></MsgType>
<Event><![CDATA[VIEW]]></Event>
<EventKey><![CDATA[http://mp.weixin.qq.com/s?__biz=MzA5MzE5NzExNw==&mid=10001097&idx=1&sn=8338ffe385dcd8dd1f376fc1a2fd50ff&scene=18#rd]]></EventKey>
<MenuId>208007648</MenuId>
</xml>

2016-06-30 18:54:16 params :
------------
Array:
rule : -2 ;
module :  ;
message : Array ;

2016-06-30 18:54:16 response :
------------

2016-06-30 18:54:22 trace :
------------
String:
<xml><ToUserName><![CDATA[gh_5013f37369ce]]></ToUserName>
<FromUserName><![CDATA[oqCObuKQ9v_Wp0oP_9801FIUbgYA]]></FromUserName>
<CreateTime>1467284193</CreateTime>
<MsgType><![CDATA[event]]></MsgType>
<Event><![CDATA[VIEW]]></Event>
<EventKey><![CDATA[http://mp.weixin.qq.com/s?__biz=MzA5MzE5NzExNw==&mid=10001097&idx=1&sn=8338ffe385dcd8dd1f376fc1a2fd50ff&scene=18#rd]]></EventKey>
<MenuId>208007648</MenuId>
</xml>

2016-06-30 18:54:22 params :
------------
Array:
rule : -2 ;
module :  ;
message : Array ;

2016-06-30 18:54:22 response :
------------

2016-06-30 18:54:22 trace :
------------
String:
<xml><ToUserName><![CDATA[gh_5013f37369ce]]></ToUserName>
<FromUserName><![CDATA[oqCObuKQ9v_Wp0oP_9801FIUbgYA]]></FromUserName>
<CreateTime>1467284196</CreateTime>
<MsgType><![CDATA[event]]></MsgType>
<Event><![CDATA[VIEW]]></Event>
<EventKey><![CDATA[http://mp.weixin.qq.com/s?__biz=MzA5MzE5NzExNw==&mid=10001097&idx=1&sn=8338ffe385dcd8dd1f376fc1a2fd50ff&scene=18#rd]]></EventKey>
<MenuId>208007648</MenuId>
</xml>

2016-06-30 18:54:22 params :
------------
Array:
rule : -2 ;
module :  ;
message : Array ;

2016-06-30 18:54:22 response :
------------

2016-06-30 21:40:55 trace :
------------
String:
<xml><ToUserName><![CDATA[gh_5013f37369ce]]></ToUserName>
<FromUserName><![CDATA[oqCObuL6YV8mk1s-UGG0TmlrY5_s]]></FromUserName>
<CreateTime>1467294189</CreateTime>
<MsgType><![CDATA[event]]></MsgType>
<Event><![CDATA[subscribe]]></Event>
<EventKey><![CDATA[]]></EventKey>
</xml>

2016-06-30 21:40:55 params :
------------
Array:
rule : -2 ;
module :  ;
message : Array ;

2016-06-30 21:40:55 response :
------------

2016-06-30 22:40:08 trace :
------------
String:
<xml><ToUserName><![CDATA[gh_5013f37369ce]]></ToUserName>
<FromUserName><![CDATA[oqCObuH6O7j0FkAYbg4Wd36SDc-s]]></FromUserName>
<CreateTime>1467297742</CreateTime>
<MsgType><![CDATA[event]]></MsgType>
<Event><![CDATA[subscribe]]></Event>
<EventKey><![CDATA[]]></EventKey>
</xml>

2016-06-30 22:40:08 params :
------------
Array:
rule : -2 ;
module :  ;
message : Array ;

2016-06-30 22:40:08 response :
------------

2016-06-30 22:40:14 trace :
------------
String:
<xml><ToUserName><![CDATA[gh_5013f37369ce]]></ToUserName>
<FromUserName><![CDATA[oqCObuH6O7j0FkAYbg4Wd36SDc-s]]></FromUserName>
<CreateTime>1467297748</CreateTime>
<MsgType><![CDATA[event]]></MsgType>
<Event><![CDATA[VIEW]]></Event>
<EventKey><![CDATA[http://mp.weixin.qq.com/s?__biz=MzA5MzE5NzExNw==&mid=10001097&idx=1&sn=8338ffe385dcd8dd1f376fc1a2fd50ff&scene=18#rd]]></EventKey>
<MenuId>208007648</MenuId>
</xml>

2016-06-30 22:40:14 params :
------------
Array:
rule : -2 ;
module :  ;
message : Array ;

2016-06-30 22:40:14 response :
------------

2016-06-30 22:40:51 trace :
------------
String:
<xml><ToUserName><![CDATA[gh_5013f37369ce]]></ToUserName>
<FromUserName><![CDATA[oqCObuH6O7j0FkAYbg4Wd36SDc-s]]></FromUserName>
<CreateTime>1467297786</CreateTime>
<MsgType><![CDATA[event]]></MsgType>
<Event><![CDATA[VIEW]]></Event>
<EventKey><![CDATA[http://mp.weixin.qq.com/s?__biz=MzA5MzE5NzExNw==&mid=10001097&idx=1&sn=8338ffe385dcd8dd1f376fc1a2fd50ff&scene=18#rd]]></EventKey>
<MenuId>208007648</MenuId>
</xml>

2016-06-30 22:40:51 params :
------------
Array:
rule : -2 ;
module :  ;
message : Array ;

2016-06-30 22:40:51 response :
------------

2016-06-30 22:40:55 trace :
------------
String:
<xml><ToUserName><![CDATA[gh_5013f37369ce]]></ToUserName>
<FromUserName><![CDATA[oqCObuH6O7j0FkAYbg4Wd36SDc-s]]></FromUserName>
<CreateTime>1467297789</CreateTime>
<MsgType><![CDATA[event]]></MsgType>
<Event><![CDATA[VIEW]]></Event>
<EventKey><![CDATA[http://mp.weixin.qq.com/s?__biz=MzA5MzE5NzExNw==&mid=10001097&idx=1&sn=8338ffe385dcd8dd1f376fc1a2fd50ff&scene=18#rd]]></EventKey>
<MenuId>208007648</MenuId>
</xml>

2016-06-30 22:40:55 params :
------------
Array:
rule : -2 ;
module :  ;
message : Array ;

2016-06-30 22:40:55 response :
------------

2016-06-30 22:40:57 trace :
------------
String:
<xml><ToUserName><![CDATA[gh_5013f37369ce]]></ToUserName>
<FromUserName><![CDATA[oqCObuH6O7j0FkAYbg4Wd36SDc-s]]></FromUserName>
<CreateTime>1467297791</CreateTime>
<MsgType><![CDATA[event]]></MsgType>
<Event><![CDATA[VIEW]]></Event>
<EventKey><![CDATA[http://mp.weixin.qq.com/s?__biz=MzA5MzE5NzExNw==&mid=10001097&idx=1&sn=8338ffe385dcd8dd1f376fc1a2fd50ff&scene=18#rd]]></EventKey>
<MenuId>208007648</MenuId>
</xml>

2016-06-30 22:40:57 params :
------------
Array:
rule : -2 ;
module :  ;
message : Array ;

2016-06-30 22:40:57 response :
------------

2016-06-30 22:41:01 trace :
------------
String:
<xml><ToUserName><![CDATA[gh_5013f37369ce]]></ToUserName>
<FromUserName><![CDATA[oqCObuH6O7j0FkAYbg4Wd36SDc-s]]></FromUserName>
<CreateTime>1467297795</CreateTime>
<MsgType><![CDATA[event]]></MsgType>
<Event><![CDATA[unsubscribe]]></Event>
<EventKey><![CDATA[]]></EventKey>
</xml>

