2016-05-14 11:12:10 trace :
------------
Array:
from : oqCObuNXJHwD3Q9Wawmfsgu0NVBA ;
to : gh_5013f37369ce ;
time : 1463195616 ;
type : event ;
event : VIEW ;
tousername : gh_5013f37369ce ;
fromusername : oqCObuNXJHwD3Q9Wawmfsgu0NVBA ;
createtime : 1463195616 ;
msgtype : event ;
eventkey : http://mp.weixin.qq.com/s?__biz=MzA5MzE5NzExNw==&mid=10001097&idx=1&sn=8338ffe385dcd8dd1f376fc1a2fd50ff&scene=18#rd ;
menuid : 208007648 ;

2016-05-14 11:12:10 params :
------------
Array:
rule : -2 ;
module :  ;
message : Array ;

2016-05-14 11:12:10 response :
------------

2016-05-14 11:12:22 trace :
------------
Array:
from : oqCObuNXJHwD3Q9Wawmfsgu0NVBA ;
to : gh_5013f37369ce ;
time : 1463195628 ;
type : event ;
event : VIEW ;
tousername : gh_5013f37369ce ;
fromusername : oqCObuNXJHwD3Q9Wawmfsgu0NVBA ;
createtime : 1463195628 ;
msgtype : event ;
eventkey : http://mp.weixin.qq.com/s?__biz=MzA5MzE5NzExNw==&mid=10001097&idx=1&sn=8338ffe385dcd8dd1f376fc1a2fd50ff&scene=18#rd ;
menuid : 208007648 ;

2016-05-14 11:12:22 params :
------------
Array:
rule : -2 ;
module :  ;
message : Array ;

2016-05-14 11:12:22 response :
------------

2016-05-14 11:12:33 trace :
------------
Array:
from : oqCObuNXJHwD3Q9Wawmfsgu0NVBA ;
to : gh_5013f37369ce ;
time : 1463195639 ;
type : event ;
event : VIEW ;
tousername : gh_5013f37369ce ;
fromusername : oqCObuNXJHwD3Q9Wawmfsgu0NVBA ;
createtime : 1463195639 ;
msgtype : event ;
eventkey : http://mp.weixin.qq.com/s?__biz=MzA5MzE5NzExNw==&mid=10001097&idx=1&sn=8338ffe385dcd8dd1f376fc1a2fd50ff&scene=18#rd ;
menuid : 208007648 ;

2016-05-14 11:12:33 params :
------------
Array:
rule : -2 ;
module :  ;
message : Array ;

2016-05-14 11:12:33 response :
------------

2016-05-14 18:08:08 trace :
------------
Array:
from : oqCObuJw5BDUFxX_3bYQ7ZLsNpSA ;
to : gh_5013f37369ce ;
time : 1463220574 ;
type : event ;
event : VIEW ;
tousername : gh_5013f37369ce ;
fromusername : oqCObuJw5BDUFxX_3bYQ7ZLsNpSA ;
createtime : 1463220574 ;
msgtype : event ;
eventkey : http://mp.weixin.qq.com/s?__biz=MzA5MzE5NzExNw==&mid=10001097&idx=1&sn=8338ffe385dcd8dd1f376fc1a2fd50ff&scene=18#rd ;
menuid : 208007648 ;

2016-05-14 18:08:08 params :
------------
Array:
rule : -2 ;
module :  ;
message : Array ;

2016-05-14 18:08:08 response :
------------

2016-05-14 18:08:16 trace :
------------
Array:
from : oqCObuJw5BDUFxX_3bYQ7ZLsNpSA ;
to : gh_5013f37369ce ;
time : 1463220583 ;
type : event ;
event : VIEW ;
tousername : gh_5013f37369ce ;
fromusername : oqCObuJw5BDUFxX_3bYQ7ZLsNpSA ;
createtime : 1463220583 ;
msgtype : event ;
eventkey : http://mp.weixin.qq.com/s?__biz=MzA5MzE5NzExNw==&mid=10001097&idx=1&sn=8338ffe385dcd8dd1f376fc1a2fd50ff&scene=18#rd ;
menuid : 208007648 ;

2016-05-14 18:08:16 params :
------------
Array:
rule : -2 ;
module :  ;
message : Array ;

2016-05-14 18:08:16 response :
------------

2016-05-14 18:42:48 trace :
------------
Array:
from : oqCObuKjct8ciFf-ZZtidFFWIRH4 ;
to : gh_5013f37369ce ;
time : 1463222654 ;
type : event ;
event : VIEW ;
tousername : gh_5013f37369ce ;
fromusername : oqCObuKjct8ciFf-ZZtidFFWIRH4 ;
createtime : 1463222654 ;
msgtype : event ;
eventkey : http://mp.weixin.qq.com/s?__biz=MzA5MzE5NzExNw==&mid=10001097&idx=1&sn=8338ffe385dcd8dd1f376fc1a2fd50ff&scene=18#rd ;
menuid : 208007648 ;

2016-05-14 18:42:48 params :
------------
Array:
rule : -2 ;
module :  ;
message : Array ;

2016-05-14 18:42:48 response :
------------

2016-05-14 19:52:17 trace :
------------
Array:
from : oqCObuHd5mBvHeHYkaait7mm3ZZw ;
to : gh_5013f37369ce ;
time : 1463226822 ;
type : event ;
event : VIEW ;
tousername : gh_5013f37369ce ;
fromusername : oqCObuHd5mBvHeHYkaait7mm3ZZw ;
createtime : 1463226822 ;
msgtype : event ;
eventkey : http://mp.weixin.qq.com/s?__biz=MzA5MzE5NzExNw==&mid=10001097&idx=1&sn=8338ffe385dcd8dd1f376fc1a2fd50ff&scene=18#rd ;
menuid : 208007648 ;

2016-05-14 19:52:17 params :
------------
Array:
rule : -2 ;
module :  ;
message : Array ;

2016-05-14 19:52:17 response :
------------

2016-05-14 20:53:53 trace :
------------
Array:
from : oqCObuObV_MlRrwdZQlzYe2JTx48 ;
to : gh_5013f37369ce ;
time : 1463230519 ;
type : event ;
event : subscribe ;
tousername : gh_5013f37369ce ;
fromusername : oqCObuObV_MlRrwdZQlzYe2JTx48 ;
createtime : 1463230519 ;
msgtype : event ;
eventkey :  ;

2016-05-14 20:53:53 params :
------------
Array:
rule : -2 ;
module :  ;
message : Array ;

2016-05-14 20:53:53 response :
------------

2016-05-14 21:29:34 trace :
------------
Array:
from : oqCObuIeCDKxvccSpmKUarrxjecs ;
to : gh_5013f37369ce ;
time : 1463232660 ;
type : event ;
event : VIEW ;
tousername : gh_5013f37369ce ;
fromusername : oqCObuIeCDKxvccSpmKUarrxjecs ;
createtime : 1463232660 ;
msgtype : event ;
eventkey : http://mp.weixin.qq.com/s?__biz=MzA5MzE5NzExNw==&mid=10001097&idx=1&sn=8338ffe385dcd8dd1f376fc1a2fd50ff&scene=18#rd ;
menuid : 208007648 ;

2016-05-14 21:29:34 params :
------------
Array:
rule : -2 ;
module :  ;
message : Array ;

2016-05-14 21:29:34 response :
------------

2016-05-14 21:29:39 trace :
------------
Array:
from : oqCObuIeCDKxvccSpmKUarrxjecs ;
to : gh_5013f37369ce ;
time : 1463232665 ;
type : event ;
event : VIEW ;
tousername : gh_5013f37369ce ;
fromusername : oqCObuIeCDKxvccSpmKUarrxjecs ;
createtime : 1463232665 ;
msgtype : event ;
eventkey : http://mp.weixin.qq.com/s?__biz=MzA5MzE5NzExNw==&mid=10001097&idx=1&sn=8338ffe385dcd8dd1f376fc1a2fd50ff&scene=18#rd ;
menuid : 208007648 ;

2016-05-14 21:29:39 params :
------------
Array:
rule : -2 ;
module :  ;
message : Array ;

2016-05-14 21:29:39 response :
------------

