2016-05-01 07:51:08 trace :
------------
Array:
from : oqCObuOTsLZ8NxKY6GGjW0RFGm0s ;
to : gh_5013f37369ce ;
time : 1462060349 ;
type : event ;
event : subscribe ;
tousername : gh_5013f37369ce ;
fromusername : oqCObuOTsLZ8NxKY6GGjW0RFGm0s ;
createtime : 1462060349 ;
msgtype : event ;
eventkey :  ;

2016-05-01 07:51:08 params :
------------
Array:
rule : -2 ;
module :  ;
message : Array ;

2016-05-01 07:51:08 response :
------------

2016-05-01 07:51:11 trace :
------------
Array:
from : oqCObuOTsLZ8NxKY6GGjW0RFGm0s ;
to : gh_5013f37369ce ;
time : 1462060354 ;
type : event ;
event : VIEW ;
tousername : gh_5013f37369ce ;
fromusername : oqCObuOTsLZ8NxKY6GGjW0RFGm0s ;
createtime : 1462060354 ;
msgtype : event ;
eventkey : http://mp.weixin.qq.com/s?__biz=MzA5MzE5NzExNw==&mid=10001097&idx=1&sn=8338ffe385dcd8dd1f376fc1a2fd50ff&scene=18#rd ;
menuid : 208007648 ;

2016-05-01 07:51:11 params :
------------
Array:
rule : -2 ;
module :  ;
message : Array ;

2016-05-01 07:51:11 response :
------------

2016-05-01 07:53:30 trace :
------------
Array:
from : oqCObuOTsLZ8NxKY6GGjW0RFGm0s ;
to : gh_5013f37369ce ;
time : 1462060493 ;
type : event ;
event : VIEW ;
tousername : gh_5013f37369ce ;
fromusername : oqCObuOTsLZ8NxKY6GGjW0RFGm0s ;
createtime : 1462060493 ;
msgtype : event ;
eventkey : http://mp.weixin.qq.com/s?__biz=MzA5MzE5NzExNw==&mid=10001097&idx=1&sn=8338ffe385dcd8dd1f376fc1a2fd50ff&scene=18#rd ;
menuid : 208007648 ;

2016-05-01 07:53:30 params :
------------
Array:
rule : -2 ;
module :  ;
message : Array ;

2016-05-01 07:53:30 response :
------------

2016-05-01 07:53:41 trace :
------------
Array:
from : oqCObuOTsLZ8NxKY6GGjW0RFGm0s ;
to : gh_5013f37369ce ;
time : 1462060504 ;
type : event ;
event : VIEW ;
tousername : gh_5013f37369ce ;
fromusername : oqCObuOTsLZ8NxKY6GGjW0RFGm0s ;
createtime : 1462060504 ;
msgtype : event ;
eventkey : http://mp.weixin.qq.com/s?__biz=MzA5MzE5NzExNw==&mid=10001097&idx=1&sn=8338ffe385dcd8dd1f376fc1a2fd50ff&scene=18#rd ;
menuid : 208007648 ;

2016-05-01 07:53:41 params :
------------
Array:
rule : -2 ;
module :  ;
message : Array ;

2016-05-01 07:53:41 response :
------------

2016-05-01 07:53:57 trace :
------------
Array:
from : oqCObuOTsLZ8NxKY6GGjW0RFGm0s ;
to : gh_5013f37369ce ;
time : 1462060520 ;
type : event ;
event : VIEW ;
tousername : gh_5013f37369ce ;
fromusername : oqCObuOTsLZ8NxKY6GGjW0RFGm0s ;
createtime : 1462060520 ;
msgtype : event ;
eventkey : http://mp.weixin.qq.com/s?__biz=MzA5MzE5NzExNw==&mid=10001097&idx=1&sn=8338ffe385dcd8dd1f376fc1a2fd50ff&scene=18#rd ;
menuid : 208007648 ;

2016-05-01 07:53:57 params :
------------
Array:
rule : -2 ;
module :  ;
message : Array ;

2016-05-01 07:53:57 response :
------------

2016-05-01 09:46:38 trace :
------------
Array:
from : oqCObuF3H0Zqq-c-aAccB_F3_tdw ;
to : gh_5013f37369ce ;
time : 1462067280 ;
type : event ;
event : subscribe ;
tousername : gh_5013f37369ce ;
fromusername : oqCObuF3H0Zqq-c-aAccB_F3_tdw ;
createtime : 1462067280 ;
msgtype : event ;
eventkey :  ;

2016-05-01 09:46:38 params :
------------
Array:
rule : -2 ;
module :  ;
message : Array ;

2016-05-01 09:46:38 response :
------------

2016-05-01 10:05:38 trace :
------------
Array:
from : oqCObuO1_ADoVt3UeD11tnqzjU9w ;
to : gh_5013f37369ce ;
time : 1462068421 ;
type : event ;
event : subscribe ;
tousername : gh_5013f37369ce ;
fromusername : oqCObuO1_ADoVt3UeD11tnqzjU9w ;
createtime : 1462068421 ;
msgtype : event ;
eventkey :  ;

2016-05-01 10:05:38 params :
------------
Array:
rule : -2 ;
module :  ;
message : Array ;

2016-05-01 10:05:38 response :
------------

2016-05-01 10:05:44 trace :
------------
Array:
from : oqCObuO1_ADoVt3UeD11tnqzjU9w ;
to : gh_5013f37369ce ;
time : 1462068427 ;
type : event ;
event : VIEW ;
tousername : gh_5013f37369ce ;
fromusername : oqCObuO1_ADoVt3UeD11tnqzjU9w ;
createtime : 1462068427 ;
msgtype : event ;
eventkey : http://mp.weixin.qq.com/s?__biz=MzA5MzE5NzExNw==&mid=10001097&idx=1&sn=8338ffe385dcd8dd1f376fc1a2fd50ff&scene=18#rd ;
menuid : 208007648 ;

2016-05-01 10:05:44 params :
------------
Array:
rule : -2 ;
module :  ;
message : Array ;

2016-05-01 10:05:44 response :
------------

2016-05-01 18:35:17 trace :
------------
Array:
from : oqCObuF3H0Zqq-c-aAccB_F3_tdw ;
to : gh_5013f37369ce ;
time : 1462099000 ;
type : event ;
event : VIEW ;
tousername : gh_5013f37369ce ;
fromusername : oqCObuF3H0Zqq-c-aAccB_F3_tdw ;
createtime : 1462099000 ;
msgtype : event ;
eventkey : http://mp.weixin.qq.com/s?__biz=MzA5MzE5NzExNw==&mid=10001097&idx=1&sn=8338ffe385dcd8dd1f376fc1a2fd50ff&scene=18#rd ;
menuid : 208007648 ;

2016-05-01 18:35:17 params :
------------
Array:
rule : -2 ;
module :  ;
message : Array ;

2016-05-01 18:35:17 response :
------------

2016-05-01 18:35:43 trace :
------------
Array:
from : oqCObuF3H0Zqq-c-aAccB_F3_tdw ;
to : gh_5013f37369ce ;
time : 1462099025 ;
type : event ;
event : VIEW ;
tousername : gh_5013f37369ce ;
fromusername : oqCObuF3H0Zqq-c-aAccB_F3_tdw ;
createtime : 1462099025 ;
msgtype : event ;
eventkey : http://mp.weixin.qq.com/s?__biz=MzA5MzE5NzExNw==&mid=10001097&idx=1&sn=8338ffe385dcd8dd1f376fc1a2fd50ff&scene=18#rd ;
menuid : 208007648 ;

2016-05-01 18:35:43 params :
------------
Array:
rule : -2 ;
module :  ;
message : Array ;

2016-05-01 18:35:43 response :
------------

2016-05-01 18:35:47 trace :
------------
Array:
from : oqCObuF3H0Zqq-c-aAccB_F3_tdw ;
to : gh_5013f37369ce ;
time : 1462099030 ;
type : event ;
event : VIEW ;
tousername : gh_5013f37369ce ;
fromusername : oqCObuF3H0Zqq-c-aAccB_F3_tdw ;
createtime : 1462099030 ;
msgtype : event ;
eventkey : http://mp.weixin.qq.com/s?__biz=MzA5MzE5NzExNw==&mid=10001097&idx=1&sn=8338ffe385dcd8dd1f376fc1a2fd50ff&scene=18#rd ;
menuid : 208007648 ;

2016-05-01 18:35:47 params :
------------
Array:
rule : -2 ;
module :  ;
message : Array ;

2016-05-01 18:35:47 response :
------------

2016-05-01 19:10:45 trace :
------------
Array:
from : oqCObuCuzzMiv8QQ5bFtuQkdjL98 ;
to : gh_5013f37369ce ;
time : 1462101127 ;
type : event ;
event : subscribe ;
tousername : gh_5013f37369ce ;
fromusername : oqCObuCuzzMiv8QQ5bFtuQkdjL98 ;
createtime : 1462101127 ;
msgtype : event ;
eventkey :  ;

2016-05-01 19:10:45 params :
------------
Array:
rule : -2 ;
module :  ;
message : Array ;

2016-05-01 19:10:45 response :
------------

2016-05-01 19:10:53 trace :
------------
Array:
from : oqCObuCuzzMiv8QQ5bFtuQkdjL98 ;
to : gh_5013f37369ce ;
time : 1462101136 ;
type : event ;
event : VIEW ;
tousername : gh_5013f37369ce ;
fromusername : oqCObuCuzzMiv8QQ5bFtuQkdjL98 ;
createtime : 1462101136 ;
msgtype : event ;
eventkey : http://mp.weixin.qq.com/s?__biz=MzA5MzE5NzExNw==&mid=10001097&idx=1&sn=8338ffe385dcd8dd1f376fc1a2fd50ff&scene=18#rd ;
menuid : 208007648 ;

2016-05-01 19:10:53 params :
------------
Array:
rule : -2 ;
module :  ;
message : Array ;

2016-05-01 19:10:53 response :
------------

2016-05-01 19:11:06 trace :
------------
Array:
from : oqCObuCuzzMiv8QQ5bFtuQkdjL98 ;
to : gh_5013f37369ce ;
time : 1462101149 ;
type : event ;
event : VIEW ;
tousername : gh_5013f37369ce ;
fromusername : oqCObuCuzzMiv8QQ5bFtuQkdjL98 ;
createtime : 1462101149 ;
msgtype : event ;
eventkey : http://mp.weixin.qq.com/s?__biz=MzA5MzE5NzExNw==&mid=10001097&idx=1&sn=8338ffe385dcd8dd1f376fc1a2fd50ff&scene=18#rd ;
menuid : 208007648 ;

2016-05-01 19:11:06 params :
------------
Array:
rule : -2 ;
module :  ;
message : Array ;

2016-05-01 19:11:06 response :
------------

2016-05-01 19:11:13 trace :
------------
Array:
from : oqCObuCuzzMiv8QQ5bFtuQkdjL98 ;
to : gh_5013f37369ce ;
time : 1462101155 ;
type : event ;
event : VIEW ;
tousername : gh_5013f37369ce ;
fromusername : oqCObuCuzzMiv8QQ5bFtuQkdjL98 ;
createtime : 1462101155 ;
msgtype : event ;
eventkey : http://mp.weixin.qq.com/s?__biz=MzA5MzE5NzExNw==&mid=10001097&idx=1&sn=8338ffe385dcd8dd1f376fc1a2fd50ff&scene=18#rd ;
menuid : 208007648 ;

2016-05-01 19:11:13 params :
------------
Array:
rule : -2 ;
module :  ;
message : Array ;

2016-05-01 19:11:13 response :
------------

2016-05-01 19:27:10 trace :
------------
Array:
from : oqCObuKzwWVNtbqIzTDdj1mMtm1U ;
to : gh_5013f37369ce ;
time : 1462102110 ;
type : event ;
event : subscribe ;
tousername : gh_5013f37369ce ;
fromusername : oqCObuKzwWVNtbqIzTDdj1mMtm1U ;
createtime : 1462102110 ;
msgtype : event ;
eventkey :  ;

2016-05-01 19:27:10 params :
------------
Array:
rule : -2 ;
module :  ;
message : Array ;

2016-05-01 19:27:10 response :
------------

2016-05-01 19:27:10 trace :
------------
Array:
from : oqCObuKzwWVNtbqIzTDdj1mMtm1U ;
to : gh_5013f37369ce ;
time : 1462102113 ;
type : event ;
event : VIEW ;
tousername : gh_5013f37369ce ;
fromusername : oqCObuKzwWVNtbqIzTDdj1mMtm1U ;
createtime : 1462102113 ;
msgtype : event ;
eventkey : http://mp.weixin.qq.com/s?__biz=MzA5MzE5NzExNw==&mid=10001097&idx=1&sn=8338ffe385dcd8dd1f376fc1a2fd50ff&scene=18#rd ;
menuid : 208007648 ;

2016-05-01 19:27:10 params :
------------
Array:
rule : -2 ;
module :  ;
message : Array ;

2016-05-01 19:27:10 response :
------------

2016-05-01 19:27:31 trace :
------------
Array:
from : oqCObuKzwWVNtbqIzTDdj1mMtm1U ;
to : gh_5013f37369ce ;
time : 1462102131 ;
type : event ;
event : VIEW ;
tousername : gh_5013f37369ce ;
fromusername : oqCObuKzwWVNtbqIzTDdj1mMtm1U ;
createtime : 1462102131 ;
msgtype : event ;
eventkey : http://mp.weixin.qq.com/s?__biz=MzA5MzE5NzExNw==&mid=10001097&idx=1&sn=8338ffe385dcd8dd1f376fc1a2fd50ff&scene=18#rd ;
menuid : 208007648 ;

2016-05-01 19:27:31 params :
------------
Array:
rule : -2 ;
module :  ;
message : Array ;

2016-05-01 19:27:31 response :
------------

2016-05-01 19:27:53 trace :
------------
Array:
from : oqCObuKzwWVNtbqIzTDdj1mMtm1U ;
to : gh_5013f37369ce ;
time : 1462102156 ;
type : event ;
event : VIEW ;
tousername : gh_5013f37369ce ;
fromusername : oqCObuKzwWVNtbqIzTDdj1mMtm1U ;
createtime : 1462102156 ;
msgtype : event ;
eventkey : http://mp.weixin.qq.com/s?__biz=MzA5MzE5NzExNw==&mid=10001097&idx=1&sn=8338ffe385dcd8dd1f376fc1a2fd50ff&scene=18#rd ;
menuid : 208007648 ;

2016-05-01 19:27:53 params :
------------
Array:
rule : -2 ;
module :  ;
message : Array ;

2016-05-01 19:27:53 response :
------------

