2016-06-08 10:07:04 trace :
------------
String:
<xml><ToUserName><![CDATA[gh_5013f37369ce]]></ToUserName>
<FromUserName><![CDATA[oqCObuK8zBShh9oMw47qPtyZA56w]]></FromUserName>
<CreateTime>1465351715</CreateTime>
<MsgType><![CDATA[event]]></MsgType>
<Event><![CDATA[subscribe]]></Event>
<EventKey><![CDATA[]]></EventKey>
</xml>

2016-06-08 10:07:04 params :
------------
Array:
rule : -2 ;
module :  ;
message : Array ;

2016-06-08 10:07:04 response :
------------

2016-06-08 10:12:27 trace :
------------
String:
<xml><ToUserName><![CDATA[gh_5013f37369ce]]></ToUserName>
<FromUserName><![CDATA[oqCObuK8zBShh9oMw47qPtyZA56w]]></FromUserName>
<CreateTime>1465352038</CreateTime>
<MsgType><![CDATA[event]]></MsgType>
<Event><![CDATA[unsubscribe]]></Event>
<EventKey><![CDATA[]]></EventKey>
</xml>

2016-06-08 12:22:46 trace :
------------
String:
<xml><ToUserName><![CDATA[gh_5013f37369ce]]></ToUserName>
<FromUserName><![CDATA[oqCObuBq864dwYkEr83eOKDN5Atw]]></FromUserName>
<CreateTime>1465359857</CreateTime>
<MsgType><![CDATA[event]]></MsgType>
<Event><![CDATA[subscribe]]></Event>
<EventKey><![CDATA[]]></EventKey>
</xml>

2016-06-08 12:22:46 params :
------------
Array:
rule : -2 ;
module :  ;
message : Array ;

2016-06-08 12:22:46 response :
------------

2016-06-08 12:22:49 trace :
------------
String:
<xml><ToUserName><![CDATA[gh_5013f37369ce]]></ToUserName>
<FromUserName><![CDATA[oqCObuBq864dwYkEr83eOKDN5Atw]]></FromUserName>
<CreateTime>1465359861</CreateTime>
<MsgType><![CDATA[event]]></MsgType>
<Event><![CDATA[VIEW]]></Event>
<EventKey><![CDATA[http://mp.weixin.qq.com/s?__biz=MzA5MzE5NzExNw==&mid=10001097&idx=1&sn=8338ffe385dcd8dd1f376fc1a2fd50ff&scene=18#rd]]></EventKey>
<MenuId>208007648</MenuId>
</xml>

2016-06-08 12:22:49 params :
------------
Array:
rule : -2 ;
module :  ;
message : Array ;

2016-06-08 12:22:49 response :
------------

2016-06-08 12:22:55 trace :
------------
String:
<xml><ToUserName><![CDATA[gh_5013f37369ce]]></ToUserName>
<FromUserName><![CDATA[oqCObuBq864dwYkEr83eOKDN5Atw]]></FromUserName>
<CreateTime>1465359867</CreateTime>
<MsgType><![CDATA[event]]></MsgType>
<Event><![CDATA[VIEW]]></Event>
<EventKey><![CDATA[http://mp.weixin.qq.com/s?__biz=MzA5MzE5NzExNw==&mid=10001097&idx=1&sn=8338ffe385dcd8dd1f376fc1a2fd50ff&scene=18#rd]]></EventKey>
<MenuId>208007648</MenuId>
</xml>

2016-06-08 12:22:55 params :
------------
Array:
rule : -2 ;
module :  ;
message : Array ;

2016-06-08 12:22:55 response :
------------

2016-06-08 12:32:43 trace :
------------
String:
<xml><ToUserName><![CDATA[gh_5013f37369ce]]></ToUserName>
<FromUserName><![CDATA[oqCObuFuIxKLbxe9hS7A6I2fxsZ4]]></FromUserName>
<CreateTime>1465360455</CreateTime>
<MsgType><![CDATA[event]]></MsgType>
<Event><![CDATA[unsubscribe]]></Event>
<EventKey><![CDATA[]]></EventKey>
</xml>

2016-06-08 12:37:16 trace :
------------
String:
<xml><ToUserName><![CDATA[gh_5013f37369ce]]></ToUserName>
<FromUserName><![CDATA[oqCObuBq864dwYkEr83eOKDN5Atw]]></FromUserName>
<CreateTime>1465360728</CreateTime>
<MsgType><![CDATA[event]]></MsgType>
<Event><![CDATA[VIEW]]></Event>
<EventKey><![CDATA[http://mp.weixin.qq.com/s?__biz=MzA5MzE5NzExNw==&mid=10001097&idx=1&sn=8338ffe385dcd8dd1f376fc1a2fd50ff&scene=18#rd]]></EventKey>
<MenuId>208007648</MenuId>
</xml>

2016-06-08 12:37:16 params :
------------
Array:
rule : -2 ;
module :  ;
message : Array ;

2016-06-08 12:37:16 response :
------------

2016-06-08 12:37:26 trace :
------------
String:
<xml><ToUserName><![CDATA[gh_5013f37369ce]]></ToUserName>
<FromUserName><![CDATA[oqCObuFkYbnGx_MT5cSlFYEm07Xs]]></FromUserName>
<CreateTime>1465360737</CreateTime>
<MsgType><![CDATA[event]]></MsgType>
<Event><![CDATA[subscribe]]></Event>
<EventKey><![CDATA[]]></EventKey>
</xml>

2016-06-08 12:37:26 params :
------------
Array:
rule : -2 ;
module :  ;
message : Array ;

2016-06-08 12:37:26 response :
------------

2016-06-08 12:37:31 trace :
------------
String:
<xml><ToUserName><![CDATA[gh_5013f37369ce]]></ToUserName>
<FromUserName><![CDATA[oqCObuFkYbnGx_MT5cSlFYEm07Xs]]></FromUserName>
<CreateTime>1465360737</CreateTime>
<MsgType><![CDATA[event]]></MsgType>
<Event><![CDATA[subscribe]]></Event>
<EventKey><![CDATA[]]></EventKey>
</xml>

2016-06-08 12:37:31 params :
------------
Array:
rule : -2 ;
module :  ;
message : Array ;

2016-06-08 12:37:31 response :
------------

2016-06-08 12:39:01 trace :
------------
String:
<xml><ToUserName><![CDATA[gh_5013f37369ce]]></ToUserName>
<FromUserName><![CDATA[oqCObuEhdJ-dKN_TT1nla095ivuI]]></FromUserName>
<CreateTime>1465360833</CreateTime>
<MsgType><![CDATA[event]]></MsgType>
<Event><![CDATA[unsubscribe]]></Event>
<EventKey><![CDATA[]]></EventKey>
</xml>

2016-06-08 19:26:37 trace :
------------
String:
<xml><ToUserName><![CDATA[gh_5013f37369ce]]></ToUserName>
<FromUserName><![CDATA[oqCObuNfkajfGcSK6YCvNl_Ita5U]]></FromUserName>
<CreateTime>1465385289</CreateTime>
<MsgType><![CDATA[event]]></MsgType>
<Event><![CDATA[VIEW]]></Event>
<EventKey><![CDATA[http://mp.weixin.qq.com/s?__biz=MzA5MzE5NzExNw==&mid=10001097&idx=1&sn=8338ffe385dcd8dd1f376fc1a2fd50ff&scene=18#rd]]></EventKey>
<MenuId>208007648</MenuId>
</xml>

2016-06-08 19:26:37 params :
------------
Array:
rule : -2 ;
module :  ;
message : Array ;

2016-06-08 19:26:37 response :
------------

2016-06-08 19:26:56 trace :
------------
String:
<xml><ToUserName><![CDATA[gh_5013f37369ce]]></ToUserName>
<FromUserName><![CDATA[oqCObuNfkajfGcSK6YCvNl_Ita5U]]></FromUserName>
<CreateTime>1465385308</CreateTime>
<MsgType><![CDATA[event]]></MsgType>
<Event><![CDATA[VIEW]]></Event>
<EventKey><![CDATA[http://mp.weixin.qq.com/s?__biz=MzA5MzE5NzExNw==&mid=10001097&idx=1&sn=8338ffe385dcd8dd1f376fc1a2fd50ff&scene=18#rd]]></EventKey>
<MenuId>208007648</MenuId>
</xml>

2016-06-08 19:26:56 params :
------------
Array:
rule : -2 ;
module :  ;
message : Array ;

2016-06-08 19:26:56 response :
------------

2016-06-08 19:27:12 trace :
------------
String:
<xml><ToUserName><![CDATA[gh_5013f37369ce]]></ToUserName>
<FromUserName><![CDATA[oqCObuNfkajfGcSK6YCvNl_Ita5U]]></FromUserName>
<CreateTime>1465385324</CreateTime>
<MsgType><![CDATA[event]]></MsgType>
<Event><![CDATA[VIEW]]></Event>
<EventKey><![CDATA[http://mp.weixin.qq.com/s?__biz=MzA5MzE5NzExNw==&mid=10001097&idx=1&sn=8338ffe385dcd8dd1f376fc1a2fd50ff&scene=18#rd]]></EventKey>
<MenuId>208007648</MenuId>
</xml>

2016-06-08 19:27:12 params :
------------
Array:
rule : -2 ;
module :  ;
message : Array ;

2016-06-08 19:27:12 response :
------------

2016-06-08 19:27:33 trace :
------------
String:
<xml><ToUserName><![CDATA[gh_5013f37369ce]]></ToUserName>
<FromUserName><![CDATA[oqCObuNfkajfGcSK6YCvNl_Ita5U]]></FromUserName>
<CreateTime>1465385345</CreateTime>
<MsgType><![CDATA[event]]></MsgType>
<Event><![CDATA[VIEW]]></Event>
<EventKey><![CDATA[http://mp.weixin.qq.com/s?__biz=MzA5MzE5NzExNw==&mid=10001097&idx=1&sn=8338ffe385dcd8dd1f376fc1a2fd50ff&scene=18#rd]]></EventKey>
<MenuId>208007648</MenuId>
</xml>

2016-06-08 19:27:33 params :
------------
Array:
rule : -2 ;
module :  ;
message : Array ;

2016-06-08 19:27:33 response :
------------

2016-06-08 19:27:38 trace :
------------
String:
<xml><ToUserName><![CDATA[gh_5013f37369ce]]></ToUserName>
<FromUserName><![CDATA[oqCObuNfkajfGcSK6YCvNl_Ita5U]]></FromUserName>
<CreateTime>1465385350</CreateTime>
<MsgType><![CDATA[event]]></MsgType>
<Event><![CDATA[VIEW]]></Event>
<EventKey><![CDATA[http://mp.weixin.qq.com/s?__biz=MzA5MzE5NzExNw==&mid=10001097&idx=1&sn=8338ffe385dcd8dd1f376fc1a2fd50ff&scene=18#rd]]></EventKey>
<MenuId>208007648</MenuId>
</xml>

2016-06-08 19:27:38 params :
------------
Array:
rule : -2 ;
module :  ;
message : Array ;

2016-06-08 19:27:38 response :
------------

2016-06-08 19:27:47 trace :
------------
String:
<xml><ToUserName><![CDATA[gh_5013f37369ce]]></ToUserName>
<FromUserName><![CDATA[oqCObuNfkajfGcSK6YCvNl_Ita5U]]></FromUserName>
<CreateTime>1465385359</CreateTime>
<MsgType><![CDATA[event]]></MsgType>
<Event><![CDATA[VIEW]]></Event>
<EventKey><![CDATA[http://mp.weixin.qq.com/s?__biz=MzA5MzE5NzExNw==&mid=10001097&idx=1&sn=8338ffe385dcd8dd1f376fc1a2fd50ff&scene=18#rd]]></EventKey>
<MenuId>208007648</MenuId>
</xml>

2016-06-08 19:27:47 params :
------------
Array:
rule : -2 ;
module :  ;
message : Array ;

2016-06-08 19:27:47 response :
------------

2016-06-08 20:16:34 trace :
------------
String:
<xml><ToUserName><![CDATA[gh_5013f37369ce]]></ToUserName>
<FromUserName><![CDATA[oqCObuNfkajfGcSK6YCvNl_Ita5U]]></FromUserName>
<CreateTime>1465388286</CreateTime>
<MsgType><![CDATA[event]]></MsgType>
<Event><![CDATA[unsubscribe]]></Event>
<EventKey><![CDATA[]]></EventKey>
</xml>

2016-06-08 20:46:08 trace :
------------
String:
<xml><ToUserName><![CDATA[gh_5013f37369ce]]></ToUserName>
<FromUserName><![CDATA[oqCObuE6AEEbj1qrlJ89UYgQ7uN0]]></FromUserName>
<CreateTime>1465390060</CreateTime>
<MsgType><![CDATA[event]]></MsgType>
<Event><![CDATA[VIEW]]></Event>
<EventKey><![CDATA[http://mp.weixin.qq.com/s?__biz=MzA5MzE5NzExNw==&mid=10001097&idx=1&sn=8338ffe385dcd8dd1f376fc1a2fd50ff&scene=18#rd]]></EventKey>
<MenuId>208007648</MenuId>
</xml>

2016-06-08 20:46:09 params :
------------
Array:
rule : -2 ;
module :  ;
message : Array ;

2016-06-08 20:46:09 response :
------------

2016-06-08 22:14:18 trace :
------------
String:
<xml><ToUserName><![CDATA[gh_5013f37369ce]]></ToUserName>
<FromUserName><![CDATA[oqCObuHd5mBvHeHYkaait7mm3ZZw]]></FromUserName>
<CreateTime>1465395350</CreateTime>
<MsgType><![CDATA[event]]></MsgType>
<Event><![CDATA[unsubscribe]]></Event>
<EventKey><![CDATA[]]></EventKey>
</xml>

2016-06-08 23:16:47 trace :
------------
String:
<xml><ToUserName><![CDATA[gh_5013f37369ce]]></ToUserName>
<FromUserName><![CDATA[oqCObuJrfCPobpXzcT8fyUd48hlU]]></FromUserName>
<CreateTime>1465399099</CreateTime>
<MsgType><![CDATA[event]]></MsgType>
<Event><![CDATA[subscribe]]></Event>
<EventKey><![CDATA[]]></EventKey>
</xml>

2016-06-08 23:16:47 params :
------------
Array:
rule : -2 ;
module :  ;
message : Array ;

2016-06-08 23:16:47 response :
------------

2016-06-08 23:17:02 trace :
------------
String:
<xml><ToUserName><![CDATA[gh_5013f37369ce]]></ToUserName>
<FromUserName><![CDATA[oqCObuJrfCPobpXzcT8fyUd48hlU]]></FromUserName>
<CreateTime>1465399114</CreateTime>
<MsgType><![CDATA[event]]></MsgType>
<Event><![CDATA[VIEW]]></Event>
<EventKey><![CDATA[http://mp.weixin.qq.com/s?__biz=MzA5MzE5NzExNw==&mid=10001097&idx=1&sn=8338ffe385dcd8dd1f376fc1a2fd50ff&scene=18#rd]]></EventKey>
<MenuId>208007648</MenuId>
</xml>

2016-06-08 23:17:02 params :
------------
Array:
rule : -2 ;
module :  ;
message : Array ;

2016-06-08 23:17:02 response :
------------

