2016-09-14 00:10:05 trace :
------------
String:
<xml><ToUserName><![CDATA[gh_fbee6dda34f1]]></ToUserName>
<FromUserName><![CDATA[o1Sf9wsrOcd0En-jeTZ27YHvFfBI]]></FromUserName>
<CreateTime>1473783151</CreateTime>
<MsgType><![CDATA[event]]></MsgType>
<Event><![CDATA[VIEW]]></Event>
<EventKey><![CDATA[http://mp.angelbeautyinc.com/app/index.php?i=8&c=entry&do=selfinspection&m=lrj_guide]]></EventKey>
<MenuId>523914550</MenuId>
</xml>

2016-09-14 00:10:05 params :
------------
Array:
rule : -2 ;
module :  ;
message : Array ;

2016-09-14 00:10:05 response :
------------

2016-09-14 09:09:35 trace :
------------
String:
<xml><ToUserName><![CDATA[gh_fbee6dda34f1]]></ToUserName>
<FromUserName><![CDATA[o1Sf9wuUDDS_BM0G-CbKx2umOImU]]></FromUserName>
<CreateTime>1473815521</CreateTime>
<MsgType><![CDATA[event]]></MsgType>
<Event><![CDATA[unsubscribe]]></Event>
<EventKey><![CDATA[]]></EventKey>
</xml>

2016-09-14 09:10:18 trace :
------------
String:
<xml><ToUserName><![CDATA[gh_fbee6dda34f1]]></ToUserName>
<FromUserName><![CDATA[o1Sf9wuUDDS_BM0G-CbKx2umOImU]]></FromUserName>
<CreateTime>1473815564</CreateTime>
<MsgType><![CDATA[event]]></MsgType>
<Event><![CDATA[subscribe]]></Event>
<EventKey><![CDATA[]]></EventKey>
</xml>

2016-09-14 09:10:18 params :
------------
Array:
message : Array ;
module : images ;
rule : 23 ;
priority : 0 ;
keyword : Array ;

2016-09-14 09:10:18 response :
------------
Array:
FromUserName : gh_fbee6dda34f1 ;
ToUserName : o1Sf9wuUDDS_BM0G-CbKx2umOImU ;
MsgType : image ;
Image : Array ;

2016-09-14 09:26:08 trace :
------------
String:
<xml><ToUserName><![CDATA[gh_fbee6dda34f1]]></ToUserName>
<FromUserName><![CDATA[o1Sf9wuUDDS_BM0G-CbKx2umOImU]]></FromUserName>
<CreateTime>1473816515</CreateTime>
<MsgType><![CDATA[event]]></MsgType>
<Event><![CDATA[unsubscribe]]></Event>
<EventKey><![CDATA[]]></EventKey>
</xml>

2016-09-14 09:26:34 trace :
------------
String:
<xml><ToUserName><![CDATA[gh_fbee6dda34f1]]></ToUserName>
<FromUserName><![CDATA[o1Sf9wuUDDS_BM0G-CbKx2umOImU]]></FromUserName>
<CreateTime>1473816538</CreateTime>
<MsgType><![CDATA[event]]></MsgType>
<Event><![CDATA[subscribe]]></Event>
<EventKey><![CDATA[]]></EventKey>
</xml>

2016-09-14 09:26:34 params :
------------
Array:
message : Array ;
module : basic ;
rule : 24 ;
priority : 0 ;
keyword : Array ;

2016-09-14 09:26:34 response :
------------
Array:
errno : -1 ;
message : Invaild value ;

2016-09-14 09:27:23 trace :
------------
String:
<xml><ToUserName><![CDATA[gh_fbee6dda34f1]]></ToUserName>
<FromUserName><![CDATA[o1Sf9wuUDDS_BM0G-CbKx2umOImU]]></FromUserName>
<CreateTime>1473816590</CreateTime>
<MsgType><![CDATA[text]]></MsgType>
<Content><![CDATA[关注发图片]]></Content>
<MsgId>6329994054876689748</MsgId>
</xml>

2016-09-14 09:27:23 params :
------------
Array:
message : Array ;
module : basic ;
rule : 24 ;
priority : 0 ;
keyword : Array ;

2016-09-14 09:27:23 response :
------------
Array:
errno : -1 ;
message : Invaild value ;

2016-09-14 09:28:34 trace :
------------
String:
<xml><ToUserName><![CDATA[gh_fbee6dda34f1]]></ToUserName>
<FromUserName><![CDATA[o1Sf9wuUDDS_BM0G-CbKx2umOImU]]></FromUserName>
<CreateTime>1473816661</CreateTime>
<MsgType><![CDATA[text]]></MsgType>
<Content><![CDATA[关注发图片]]></Content>
<MsgId>6329994359819367791</MsgId>
</xml>

2016-09-14 09:28:34 params :
------------
Array:
message : Array ;
module : basic ;
rule : 24 ;
priority : 0 ;
keyword : Array ;

2016-09-14 09:28:34 response :
------------
Array:
errno : -1 ;
message : Invaild value ;

2016-09-14 09:30:06 trace :
------------
String:
<xml><ToUserName><![CDATA[gh_fbee6dda34f1]]></ToUserName>
<FromUserName><![CDATA[o1Sf9wuUDDS_BM0G-CbKx2umOImU]]></FromUserName>
<CreateTime>1473816752</CreateTime>
<MsgType><![CDATA[text]]></MsgType>
<Content><![CDATA[关注发图片]]></Content>
<MsgId>6329994750661391758</MsgId>
</xml>

2016-09-14 09:30:06 params :
------------
Array:
message : Array ;
module : basic ;
rule : 24 ;
priority : 0 ;
keyword : Array ;

2016-09-14 09:30:06 response :
------------
Array:
errno : -1 ;
message : Invaild value ;

2016-09-14 09:30:39 trace :
------------
String:
<xml><ToUserName><![CDATA[gh_fbee6dda34f1]]></ToUserName>
<FromUserName><![CDATA[o1Sf9wuUDDS_BM0G-CbKx2umOImU]]></FromUserName>
<CreateTime>1473816785</CreateTime>
<MsgType><![CDATA[text]]></MsgType>
<Content><![CDATA[关注发图片]]></Content>
<MsgId>6329994892395312533</MsgId>
</xml>

2016-09-14 09:30:39 params :
------------
Array:
message : Array ;
module : basic ;
rule : 24 ;
priority : 0 ;
keyword : Array ;

2016-09-14 09:30:39 response :
------------
Array:
errno : -1 ;
message : Invaild value ;

2016-09-14 09:32:03 trace :
------------
String:
<xml><ToUserName><![CDATA[gh_fbee6dda34f1]]></ToUserName>
<FromUserName><![CDATA[o1Sf9wuUDDS_BM0G-CbKx2umOImU]]></FromUserName>
<CreateTime>1473816870</CreateTime>
<MsgType><![CDATA[event]]></MsgType>
<Event><![CDATA[unsubscribe]]></Event>
<EventKey><![CDATA[]]></EventKey>
</xml>

2016-09-14 09:32:21 trace :
------------
String:
<xml><ToUserName><![CDATA[gh_fbee6dda34f1]]></ToUserName>
<FromUserName><![CDATA[o1Sf9wuUDDS_BM0G-CbKx2umOImU]]></FromUserName>
<CreateTime>1473816888</CreateTime>
<MsgType><![CDATA[event]]></MsgType>
<Event><![CDATA[subscribe]]></Event>
<EventKey><![CDATA[]]></EventKey>
</xml>

2016-09-14 09:32:21 params :
------------
Array:
message : Array ;
module : basic ;
rule : 24 ;
priority : 0 ;
keyword : Array ;

2016-09-14 09:32:21 response :
------------
Array:
errno : -1 ;
message : Invaild value ;

2016-09-14 09:32:53 trace :
------------
String:
<xml><ToUserName><![CDATA[gh_fbee6dda34f1]]></ToUserName>
<FromUserName><![CDATA[o1Sf9wuUDDS_BM0G-CbKx2umOImU]]></FromUserName>
<CreateTime>1473816920</CreateTime>
<MsgType><![CDATA[event]]></MsgType>
<Event><![CDATA[unsubscribe]]></Event>
<EventKey><![CDATA[]]></EventKey>
</xml>

2016-09-14 09:33:14 trace :
------------
String:
<xml><ToUserName><![CDATA[gh_fbee6dda34f1]]></ToUserName>
<FromUserName><![CDATA[o1Sf9wuUDDS_BM0G-CbKx2umOImU]]></FromUserName>
<CreateTime>1473816940</CreateTime>
<MsgType><![CDATA[event]]></MsgType>
<Event><![CDATA[subscribe]]></Event>
<EventKey><![CDATA[]]></EventKey>
</xml>

2016-09-14 09:33:14 params :
------------
Array:
message : Array ;
module : basic ;
rule : 22 ;
priority : 0 ;
keyword : Array ;

2016-09-14 09:33:14 response :
------------
Array:
FromUserName : gh_fbee6dda34f1 ;
ToUserName : o1Sf9wuUDDS_BM0G-CbKx2umOImU ;
MsgType : text ;
Content : 为梦想打拼的路上，
有曲折，有艰辛，
只要有强健的体魄，
我们无惧失败。。。
八年铸一品，
日复一日，
坚持、奋斗、创造。。。
每天酵果菜谱，
与您携手共创每一刻的人生精彩。
您的健康，有我在！
点击您的需求，接轨健康快线！ ;

2016-09-14 09:41:58 trace :
------------
String:
<xml><ToUserName><![CDATA[gh_fbee6dda34f1]]></ToUserName>
<FromUserName><![CDATA[o1Sf9wuUDDS_BM0G-CbKx2umOImU]]></FromUserName>
<CreateTime>1473817465</CreateTime>
<MsgType><![CDATA[event]]></MsgType>
<Event><![CDATA[unsubscribe]]></Event>
<EventKey><![CDATA[]]></EventKey>
</xml>

2016-09-14 09:42:12 trace :
------------
String:
<xml><ToUserName><![CDATA[gh_fbee6dda34f1]]></ToUserName>
<FromUserName><![CDATA[o1Sf9wuUDDS_BM0G-CbKx2umOImU]]></FromUserName>
<CreateTime>1473817479</CreateTime>
<MsgType><![CDATA[event]]></MsgType>
<Event><![CDATA[subscribe]]></Event>
<EventKey><![CDATA[]]></EventKey>
</xml>

2016-09-14 09:42:12 params :
------------
Array:
message : Array ;
module : basic ;
rule : 24 ;
priority : 0 ;
keyword : Array ;

2016-09-14 09:42:12 response :
------------
Array:
errno : -1 ;
message : Invaild value ;

2016-09-14 09:43:26 trace :
------------
String:
<xml><ToUserName><![CDATA[gh_fbee6dda34f1]]></ToUserName>
<FromUserName><![CDATA[o1Sf9wkKBQehW95uXJpMpNu1EkCg]]></FromUserName>
<CreateTime>1473817553</CreateTime>
<MsgType><![CDATA[event]]></MsgType>
<Event><![CDATA[VIEW]]></Event>
<EventKey><![CDATA[http://mp.angelbeautyinc.com/app/index.php?i=8&c=entry&id=1&do=detail&m=news&wxref=mp.weixin.qq.com#wechat_redirect]]></EventKey>
<MenuId>523914550</MenuId>
</xml>

2016-09-14 09:43:26 params :
------------
Array:
rule : -2 ;
module :  ;
message : Array ;

2016-09-14 09:43:26 response :
------------

2016-09-14 09:43:27 trace :
------------
String:
<xml><ToUserName><![CDATA[gh_fbee6dda34f1]]></ToUserName>
<FromUserName><![CDATA[o1Sf9wuUDDS_BM0G-CbKx2umOImU]]></FromUserName>
<CreateTime>1473817554</CreateTime>
<MsgType><![CDATA[event]]></MsgType>
<Event><![CDATA[unsubscribe]]></Event>
<EventKey><![CDATA[]]></EventKey>
</xml>

2016-09-14 09:43:40 trace :
------------
String:
<xml><ToUserName><![CDATA[gh_fbee6dda34f1]]></ToUserName>
<FromUserName><![CDATA[o1Sf9wkKBQehW95uXJpMpNu1EkCg]]></FromUserName>
<CreateTime>1473817567</CreateTime>
<MsgType><![CDATA[event]]></MsgType>
<Event><![CDATA[VIEW]]></Event>
<EventKey><![CDATA[http://mp.angelbeautyinc.com/app/index.php?i=8&c=entry&id=2&do=detail&m=news&wxref=mp.weixin.qq.com#wechat_redirect]]></EventKey>
<MenuId>523914550</MenuId>
</xml>

2016-09-14 09:43:40 params :
------------
Array:
rule : -2 ;
module :  ;
message : Array ;

2016-09-14 09:43:40 response :
------------

2016-09-14 09:43:44 trace :
------------
String:
<xml><ToUserName><![CDATA[gh_fbee6dda34f1]]></ToUserName>
<FromUserName><![CDATA[o1Sf9wuUDDS_BM0G-CbKx2umOImU]]></FromUserName>
<CreateTime>1473817571</CreateTime>
<MsgType><![CDATA[event]]></MsgType>
<Event><![CDATA[subscribe]]></Event>
<EventKey><![CDATA[]]></EventKey>
</xml>

2016-09-14 09:43:44 params :
------------
Array:
message : Array ;
module : images ;
rule : 23 ;
priority : 0 ;
keyword : Array ;

2016-09-14 09:43:44 response :
------------
Array:
FromUserName : gh_fbee6dda34f1 ;
ToUserName : o1Sf9wuUDDS_BM0G-CbKx2umOImU ;
MsgType : image ;
Image : Array ;

2016-09-14 09:43:55 trace :
------------
String:
<xml><ToUserName><![CDATA[gh_fbee6dda34f1]]></ToUserName>
<FromUserName><![CDATA[o1Sf9wkKBQehW95uXJpMpNu1EkCg]]></FromUserName>
<CreateTime>1473817582</CreateTime>
<MsgType><![CDATA[event]]></MsgType>
<Event><![CDATA[VIEW]]></Event>
<EventKey><![CDATA[http://mp.angelbeautyinc.com/app/index.php?i=8&c=entry&id=3&do=detail&m=news&wxref=mp.weixin.qq.com#wechat_redirect]]></EventKey>
<MenuId>523914550</MenuId>
</xml>

2016-09-14 09:43:55 params :
------------
Array:
rule : -2 ;
module :  ;
message : Array ;

2016-09-14 09:43:55 response :
------------

2016-09-14 09:45:07 trace :
------------
String:
<xml><ToUserName><![CDATA[gh_fbee6dda34f1]]></ToUserName>
<FromUserName><![CDATA[o1Sf9wkKBQehW95uXJpMpNu1EkCg]]></FromUserName>
<CreateTime>1473817653</CreateTime>
<MsgType><![CDATA[event]]></MsgType>
<Event><![CDATA[VIEW]]></Event>
<EventKey><![CDATA[http://mp.angelbeautyinc.com/app/index.php?i=8&c=entry&do=shop&m=ewei_shop]]></EventKey>
<MenuId>523914550</MenuId>
</xml>

2016-09-14 09:45:07 params :
------------
Array:
rule : -2 ;
module :  ;
message : Array ;

2016-09-14 09:45:07 response :
------------

2016-09-14 09:45:37 trace :
------------
String:
<xml><ToUserName><![CDATA[gh_fbee6dda34f1]]></ToUserName>
<FromUserName><![CDATA[o1Sf9wuUDDS_BM0G-CbKx2umOImU]]></FromUserName>
<CreateTime>1473817684</CreateTime>
<MsgType><![CDATA[event]]></MsgType>
<Event><![CDATA[unsubscribe]]></Event>
<EventKey><![CDATA[]]></EventKey>
</xml>

2016-09-14 09:45:52 trace :
------------
String:
<xml><ToUserName><![CDATA[gh_fbee6dda34f1]]></ToUserName>
<FromUserName><![CDATA[o1Sf9wuUDDS_BM0G-CbKx2umOImU]]></FromUserName>
<CreateTime>1473817699</CreateTime>
<MsgType><![CDATA[event]]></MsgType>
<Event><![CDATA[subscribe]]></Event>
<EventKey><![CDATA[]]></EventKey>
</xml>

2016-09-14 09:45:52 params :
------------
Array:
message : Array ;
module : images ;
rule : 23 ;
priority : 0 ;
keyword : Array ;

2016-09-14 09:45:52 response :
------------
Array:
FromUserName : gh_fbee6dda34f1 ;
ToUserName : o1Sf9wuUDDS_BM0G-CbKx2umOImU ;
MsgType : image ;
Image : Array ;

2016-09-14 09:48:44 trace :
------------
String:
<xml><ToUserName><![CDATA[gh_fbee6dda34f1]]></ToUserName>
<FromUserName><![CDATA[o1Sf9wuUDDS_BM0G-CbKx2umOImU]]></FromUserName>
<CreateTime>1473817871</CreateTime>
<MsgType><![CDATA[event]]></MsgType>
<Event><![CDATA[unsubscribe]]></Event>
<EventKey><![CDATA[]]></EventKey>
</xml>

2016-09-14 09:48:59 trace :
------------
String:
<xml><ToUserName><![CDATA[gh_fbee6dda34f1]]></ToUserName>
<FromUserName><![CDATA[o1Sf9wuUDDS_BM0G-CbKx2umOImU]]></FromUserName>
<CreateTime>1473817886</CreateTime>
<MsgType><![CDATA[event]]></MsgType>
<Event><![CDATA[subscribe]]></Event>
<EventKey><![CDATA[]]></EventKey>
</xml>

2016-09-14 09:48:59 params :
------------
Array:
message : Array ;
module : news ;
rule : 25 ;
priority : 0 ;
keyword : Array ;

2016-09-14 09:48:59 response :
------------
Array:
FromUserName : gh_fbee6dda34f1 ;
ToUserName : o1Sf9wuUDDS_BM0G-CbKx2umOImU ;
MsgType : news ;
ArticleCount : 1 ;
Articles : Array ;

2016-09-14 09:50:36 trace :
------------
String:
<xml><ToUserName><![CDATA[gh_fbee6dda34f1]]></ToUserName>
<FromUserName><![CDATA[o1Sf9wuUDDS_BM0G-CbKx2umOImU]]></FromUserName>
<CreateTime>1473817983</CreateTime>
<MsgType><![CDATA[event]]></MsgType>
<Event><![CDATA[unsubscribe]]></Event>
<EventKey><![CDATA[]]></EventKey>
</xml>

2016-09-14 09:53:17 trace :
------------
String:
<xml><ToUserName><![CDATA[gh_fbee6dda34f1]]></ToUserName>
<FromUserName><![CDATA[o1Sf9wuUDDS_BM0G-CbKx2umOImU]]></FromUserName>
<CreateTime>1473818144</CreateTime>
<MsgType><![CDATA[event]]></MsgType>
<Event><![CDATA[subscribe]]></Event>
<EventKey><![CDATA[]]></EventKey>
</xml>

2016-09-14 09:53:17 params :
------------
Array:
message : Array ;
module : basic ;
rule : 22 ;
priority : 0 ;
keyword : Array ;

2016-09-14 09:53:17 response :
------------
Array:
FromUserName : gh_fbee6dda34f1 ;
ToUserName : o1Sf9wuUDDS_BM0G-CbKx2umOImU ;
MsgType : text ;
Content : 为梦想打拼的路上，
有曲折，有艰辛，
只要有强健的体魄，
我们无惧失败。。。
八年铸一品，
日复一日，
坚持、奋斗、创造。。。
每天酵果菜谱，
与您携手共创每一刻的人生精彩。
您的健康，有我在！
点击您的需求，接轨健康快线！ ;

2016-09-14 09:54:34 trace :
------------
String:
<xml><ToUserName><![CDATA[gh_fbee6dda34f1]]></ToUserName>
<FromUserName><![CDATA[o1Sf9wsrOcd0En-jeTZ27YHvFfBI]]></FromUserName>
<CreateTime>1473818221</CreateTime>
<MsgType><![CDATA[event]]></MsgType>
<Event><![CDATA[VIEW]]></Event>
<EventKey><![CDATA[http://mp.angelbeautyinc.com/app/index.php?i=8&c=entry&do=shop&m=ewei_shop]]></EventKey>
<MenuId>523914550</MenuId>
</xml>

2016-09-14 09:54:34 params :
------------
Array:
rule : -2 ;
module :  ;
message : Array ;

2016-09-14 09:54:34 response :
------------

2016-09-14 10:05:09 trace :
------------
String:
<xml><ToUserName><![CDATA[gh_fbee6dda34f1]]></ToUserName>
<FromUserName><![CDATA[o1Sf9wuUDDS_BM0G-CbKx2umOImU]]></FromUserName>
<CreateTime>1473818856</CreateTime>
<MsgType><![CDATA[event]]></MsgType>
<Event><![CDATA[unsubscribe]]></Event>
<EventKey><![CDATA[]]></EventKey>
</xml>

2016-09-14 10:05:28 trace :
------------
String:
<xml><ToUserName><![CDATA[gh_fbee6dda34f1]]></ToUserName>
<FromUserName><![CDATA[o1Sf9wuUDDS_BM0G-CbKx2umOImU]]></FromUserName>
<CreateTime>1473818874</CreateTime>
<MsgType><![CDATA[event]]></MsgType>
<Event><![CDATA[subscribe]]></Event>
<EventKey><![CDATA[]]></EventKey>
</xml>

2016-09-14 10:05:28 params :
------------
Array:
message : Array ;
module : basic ;
rule : 24 ;
priority : 0 ;
keyword : Array ;

2016-09-14 10:05:28 response :
------------
Array:
FromUserName : gh_fbee6dda34f1 ;
ToUserName : o1Sf9wuUDDS_BM0G-CbKx2umOImU ;
MsgType : text ;
Content : <a></a> ;

2016-09-14 10:10:39 trace :
------------
String:
<xml><ToUserName><![CDATA[gh_fbee6dda34f1]]></ToUserName>
<FromUserName><![CDATA[o1Sf9wuUDDS_BM0G-CbKx2umOImU]]></FromUserName>
<CreateTime>1473819186</CreateTime>
<MsgType><![CDATA[event]]></MsgType>
<Event><![CDATA[unsubscribe]]></Event>
<EventKey><![CDATA[]]></EventKey>
</xml>

2016-09-14 10:10:53 trace :
------------
String:
<xml><ToUserName><![CDATA[gh_fbee6dda34f1]]></ToUserName>
<FromUserName><![CDATA[o1Sf9wuUDDS_BM0G-CbKx2umOImU]]></FromUserName>
<CreateTime>1473819199</CreateTime>
<MsgType><![CDATA[event]]></MsgType>
<Event><![CDATA[subscribe]]></Event>
<EventKey><![CDATA[]]></EventKey>
</xml>

2016-09-14 10:10:53 params :
------------
Array:
message : Array ;
module : basic ;
rule : 24 ;
priority : 0 ;
keyword : Array ;

2016-09-14 10:10:53 response :
------------
Array:
FromUserName : gh_fbee6dda34f1 ;
ToUserName : o1Sf9wuUDDS_BM0G-CbKx2umOImU ;
MsgType : text ;
Content : <a href="#"></a> ;

2016-09-14 10:11:52 trace :
------------
String:
<xml><ToUserName><![CDATA[gh_fbee6dda34f1]]></ToUserName>
<FromUserName><![CDATA[o1Sf9wuUDDS_BM0G-CbKx2umOImU]]></FromUserName>
<CreateTime>1473819259</CreateTime>
<MsgType><![CDATA[event]]></MsgType>
<Event><![CDATA[unsubscribe]]></Event>
<EventKey><![CDATA[]]></EventKey>
</xml>

2016-09-14 10:12:16 trace :
------------
String:
<xml><ToUserName><![CDATA[gh_fbee6dda34f1]]></ToUserName>
<FromUserName><![CDATA[o1Sf9wuUDDS_BM0G-CbKx2umOImU]]></FromUserName>
<CreateTime>1473819283</CreateTime>
<MsgType><![CDATA[event]]></MsgType>
<Event><![CDATA[subscribe]]></Event>
<EventKey><![CDATA[]]></EventKey>
</xml>

2016-09-14 10:12:16 params :
------------
Array:
message : Array ;
module : basic ;
rule : 24 ;
priority : 0 ;
keyword : Array ;

2016-09-14 10:12:16 response :
------------
Array:
errno : -1 ;
message : Invaild value ;

2016-09-14 10:13:39 trace :
------------
String:
<xml><ToUserName><![CDATA[gh_fbee6dda34f1]]></ToUserName>
<FromUserName><![CDATA[o1Sf9wgmaqIL_VPFQSEHCTYz3YZ0]]></FromUserName>
<CreateTime>1473819366</CreateTime>
<MsgType><![CDATA[event]]></MsgType>
<Event><![CDATA[VIEW]]></Event>
<EventKey><![CDATA[http://mp.angelbeautyinc.com/app/index.php?i=8&c=entry&do=shop&m=ewei_shop]]></EventKey>
<MenuId>523914550</MenuId>
</xml>

2016-09-14 10:13:39 params :
------------
Array:
rule : -2 ;
module :  ;
message : Array ;

2016-09-14 10:13:39 response :
------------

2016-09-14 10:14:43 trace :
------------
String:
<xml><ToUserName><![CDATA[gh_fbee6dda34f1]]></ToUserName>
<FromUserName><![CDATA[o1Sf9wuUDDS_BM0G-CbKx2umOImU]]></FromUserName>
<CreateTime>1473819430</CreateTime>
<MsgType><![CDATA[event]]></MsgType>
<Event><![CDATA[unsubscribe]]></Event>
<EventKey><![CDATA[]]></EventKey>
</xml>

2016-09-14 10:15:00 trace :
------------
String:
<xml><ToUserName><![CDATA[gh_fbee6dda34f1]]></ToUserName>
<FromUserName><![CDATA[o1Sf9wuUDDS_BM0G-CbKx2umOImU]]></FromUserName>
<CreateTime>1473819446</CreateTime>
<MsgType><![CDATA[event]]></MsgType>
<Event><![CDATA[subscribe]]></Event>
<EventKey><![CDATA[]]></EventKey>
</xml>

2016-09-14 10:15:00 params :
------------
Array:
message : Array ;
module : basic ;
rule : 24 ;
priority : 0 ;
keyword : Array ;

2016-09-14 10:15:00 response :
------------
Array:
FromUserName : gh_fbee6dda34f1 ;
ToUserName : o1Sf9wuUDDS_BM0G-CbKx2umOImU ;
MsgType : text ;
Content : <a href="#" style="background-image: url(http://mp.angelbeautyinc.com/attachment/images/global/aa.gif);"></a> ;

2016-09-14 10:17:19 trace :
------------
String:
<xml><ToUserName><![CDATA[gh_fbee6dda34f1]]></ToUserName>
<FromUserName><![CDATA[o1Sf9wuUDDS_BM0G-CbKx2umOImU]]></FromUserName>
<CreateTime>1473819586</CreateTime>
<MsgType><![CDATA[event]]></MsgType>
<Event><![CDATA[unsubscribe]]></Event>
<EventKey><![CDATA[]]></EventKey>
</xml>

2016-09-14 10:17:36 trace :
------------
String:
<xml><ToUserName><![CDATA[gh_fbee6dda34f1]]></ToUserName>
<FromUserName><![CDATA[o1Sf9wuUDDS_BM0G-CbKx2umOImU]]></FromUserName>
<CreateTime>1473819603</CreateTime>
<MsgType><![CDATA[event]]></MsgType>
<Event><![CDATA[subscribe]]></Event>
<EventKey><![CDATA[]]></EventKey>
</xml>

2016-09-14 10:17:36 params :
------------
Array:
message : Array ;
module : basic ;
rule : 24 ;
priority : 0 ;
keyword : Array ;

2016-09-14 10:17:36 response :
------------
Array:
FromUserName : gh_fbee6dda34f1 ;
ToUserName : o1Sf9wuUDDS_BM0G-CbKx2umOImU ;
MsgType : text ;
Content : <a href="#" style="background-image: url(http://mp.angelbeautyinc.com/attachment/images/global/aa.gif);">  </a> ;

2016-09-14 10:19:01 trace :
------------
String:
<xml><ToUserName><![CDATA[gh_fbee6dda34f1]]></ToUserName>
<FromUserName><![CDATA[o1Sf9wuUDDS_BM0G-CbKx2umOImU]]></FromUserName>
<CreateTime>1473819688</CreateTime>
<MsgType><![CDATA[event]]></MsgType>
<Event><![CDATA[unsubscribe]]></Event>
<EventKey><![CDATA[]]></EventKey>
</xml>

2016-09-14 10:19:21 trace :
------------
String:
<xml><ToUserName><![CDATA[gh_fbee6dda34f1]]></ToUserName>
<FromUserName><![CDATA[o1Sf9wuUDDS_BM0G-CbKx2umOImU]]></FromUserName>
<CreateTime>1473819708</CreateTime>
<MsgType><![CDATA[event]]></MsgType>
<Event><![CDATA[subscribe]]></Event>
<EventKey><![CDATA[]]></EventKey>
</xml>

2016-09-14 10:19:21 params :
------------
Array:
message : Array ;
module : basic ;
rule : 24 ;
priority : 0 ;
keyword : Array ;

2016-09-14 10:19:21 response :
------------
Array:
FromUserName : gh_fbee6dda34f1 ;
ToUserName : o1Sf9wuUDDS_BM0G-CbKx2umOImU ;
MsgType : text ;
Content : <a href="#" style="background-image: url(http://mp.angelbeautyinc.com/attachment/images/global/aa.gif);" title="谢谢关注">  </a> ;

2016-09-14 10:32:24 trace :
------------
String:
<xml><ToUserName><![CDATA[gh_fbee6dda34f1]]></ToUserName>
<FromUserName><![CDATA[o1Sf9wtXcv-0_umfLqJP6HMOjh_4]]></FromUserName>
<CreateTime>1473820491</CreateTime>
<MsgType><![CDATA[event]]></MsgType>
<Event><![CDATA[VIEW]]></Event>
<EventKey><![CDATA[http://mp.angelbeautyinc.com/app/index.php?i=8&c=entry&id=1&do=detail&m=news&wxref=mp.weixin.qq.com#wechat_redirect]]></EventKey>
<MenuId>523914550</MenuId>
</xml>

2016-09-14 10:32:24 params :
------------
Array:
rule : -2 ;
module :  ;
message : Array ;

2016-09-14 10:32:24 response :
------------

2016-09-14 10:32:52 trace :
------------
String:
<xml><ToUserName><![CDATA[gh_fbee6dda34f1]]></ToUserName>
<FromUserName><![CDATA[o1Sf9wtXcv-0_umfLqJP6HMOjh_4]]></FromUserName>
<CreateTime>1473820518</CreateTime>
<MsgType><![CDATA[event]]></MsgType>
<Event><![CDATA[VIEW]]></Event>
<EventKey><![CDATA[http://mp.angelbeautyinc.com/app/index.php?i=8&c=entry&id=2&do=detail&m=news&wxref=mp.weixin.qq.com#wechat_redirect]]></EventKey>
<MenuId>523914550</MenuId>
</xml>

2016-09-14 10:32:52 params :
------------
Array:
rule : -2 ;
module :  ;
message : Array ;

2016-09-14 10:32:52 response :
------------

2016-09-14 10:34:40 trace :
------------
String:
<xml><ToUserName><![CDATA[gh_fbee6dda34f1]]></ToUserName>
<FromUserName><![CDATA[o1Sf9wh6vHNzBtcODxBVyLMnuXAA]]></FromUserName>
<CreateTime>1473820626</CreateTime>
<MsgType><![CDATA[event]]></MsgType>
<Event><![CDATA[unsubscribe]]></Event>
<EventKey><![CDATA[]]></EventKey>
</xml>

2016-09-14 10:34:53 trace :
------------
String:
<xml><ToUserName><![CDATA[gh_fbee6dda34f1]]></ToUserName>
<FromUserName><![CDATA[o1Sf9wh6vHNzBtcODxBVyLMnuXAA]]></FromUserName>
<CreateTime>1473820640</CreateTime>
<MsgType><![CDATA[event]]></MsgType>
<Event><![CDATA[subscribe]]></Event>
<EventKey><![CDATA[]]></EventKey>
</xml>

2016-09-14 10:34:53 params :
------------
Array:
message : Array ;
module : basic ;
rule : 22 ;
priority : 0 ;
keyword : Array ;

2016-09-14 10:34:53 response :
------------
Array:
FromUserName : gh_fbee6dda34f1 ;
ToUserName : o1Sf9wh6vHNzBtcODxBVyLMnuXAA ;
MsgType : text ;
Content : 为梦想打拼的路上，
有曲折，有艰辛，
只要有强健的体魄，
我们无惧失败。。。
八年铸一品，
日复一日，
坚持、奋斗、创造。。。
每天酵果菜谱，
与您携手共创每一刻的人生精彩。
您的健康，有我在！
点击您的需求，接轨健康快线！ ;

2016-09-14 10:35:37 trace :
------------
String:
<xml><ToUserName><![CDATA[gh_fbee6dda34f1]]></ToUserName>
<FromUserName><![CDATA[o1Sf9wtXcv-0_umfLqJP6HMOjh_4]]></FromUserName>
<CreateTime>1473820684</CreateTime>
<MsgType><![CDATA[event]]></MsgType>
<Event><![CDATA[unsubscribe]]></Event>
<EventKey><![CDATA[]]></EventKey>
</xml>

2016-09-14 10:35:50 trace :
------------
String:
<xml><ToUserName><![CDATA[gh_fbee6dda34f1]]></ToUserName>
<FromUserName><![CDATA[o1Sf9wtXcv-0_umfLqJP6HMOjh_4]]></FromUserName>
<CreateTime>1473820697</CreateTime>
<MsgType><![CDATA[event]]></MsgType>
<Event><![CDATA[subscribe]]></Event>
<EventKey><![CDATA[]]></EventKey>
</xml>

2016-09-14 10:35:50 params :
------------
Array:
message : Array ;
module : basic ;
rule : 22 ;
priority : 0 ;
keyword : Array ;

2016-09-14 10:35:50 response :
------------
Array:
FromUserName : gh_fbee6dda34f1 ;
ToUserName : o1Sf9wtXcv-0_umfLqJP6HMOjh_4 ;
MsgType : text ;
Content : 为梦想打拼的路上，
有曲折，有艰辛，
只要有强健的体魄，
我们无惧失败。。。
八年铸一品，
日复一日，
坚持、奋斗、创造。。。
每天酵果菜谱，
与您携手共创每一刻的人生精彩。
您的健康，有我在！
点击您的需求，接轨健康快线！ ;

2016-09-14 10:36:14 trace :
------------
String:
<xml><ToUserName><![CDATA[gh_fbee6dda34f1]]></ToUserName>
<FromUserName><![CDATA[o1Sf9wkRRScI1TMsZGeSag5I2ulk]]></FromUserName>
<CreateTime>1473820721</CreateTime>
<MsgType><![CDATA[event]]></MsgType>
<Event><![CDATA[unsubscribe]]></Event>
<EventKey><![CDATA[]]></EventKey>
</xml>

2016-09-14 10:37:25 trace :
------------
String:
<xml><ToUserName><![CDATA[gh_fbee6dda34f1]]></ToUserName>
<FromUserName><![CDATA[o1Sf9wkRRScI1TMsZGeSag5I2ulk]]></FromUserName>
<CreateTime>1473820791</CreateTime>
<MsgType><![CDATA[event]]></MsgType>
<Event><![CDATA[subscribe]]></Event>
<EventKey><![CDATA[]]></EventKey>
</xml>

2016-09-14 10:37:25 params :
------------
Array:
message : Array ;
module : basic ;
rule : 22 ;
priority : 0 ;
keyword : Array ;

2016-09-14 10:37:25 response :
------------
Array:
FromUserName : gh_fbee6dda34f1 ;
ToUserName : o1Sf9wkRRScI1TMsZGeSag5I2ulk ;
MsgType : text ;
Content : 为梦想打拼的路上，
有曲折，有艰辛，
只要有强健的体魄，
我们无惧失败。。。
八年铸一品，
日复一日，
坚持、奋斗、创造。。。
每天酵果菜谱，
与您携手共创每一刻的人生精彩。
您的健康，有我在！
点击您的需求，接轨健康快线！ ;

2016-09-14 10:40:28 trace :
------------
String:
<xml><ToUserName><![CDATA[gh_fbee6dda34f1]]></ToUserName>
<FromUserName><![CDATA[o1Sf9wiVbAE8eTBHl_teVBY0UTOU]]></FromUserName>
<CreateTime>1473820975</CreateTime>
<MsgType><![CDATA[event]]></MsgType>
<Event><![CDATA[VIEW]]></Event>
<EventKey><![CDATA[http://mp.angelbeautyinc.com/app/index.php?i=8&c=entry&id=1&do=detail&m=news&wxref=mp.weixin.qq.com#wechat_redirect]]></EventKey>
<MenuId>523914550</MenuId>
</xml>

2016-09-14 10:40:28 params :
------------
Array:
rule : -2 ;
module :  ;
message : Array ;

2016-09-14 10:40:28 response :
------------

2016-09-14 10:42:51 trace :
------------
String:
<xml><ToUserName><![CDATA[gh_fbee6dda34f1]]></ToUserName>
<FromUserName><![CDATA[o1Sf9wiVbAE8eTBHl_teVBY0UTOU]]></FromUserName>
<CreateTime>1473821117</CreateTime>
<MsgType><![CDATA[event]]></MsgType>
<Event><![CDATA[VIEW]]></Event>
<EventKey><![CDATA[http://mp.angelbeautyinc.com/app/index.php?i=8&c=entry&do=shop&m=ewei_shop]]></EventKey>
<MenuId>523914550</MenuId>
</xml>

2016-09-14 10:42:51 params :
------------
Array:
rule : -2 ;
module :  ;
message : Array ;

2016-09-14 10:42:51 response :
------------

2016-09-14 10:43:27 trace :
------------
String:
<xml><ToUserName><![CDATA[gh_fbee6dda34f1]]></ToUserName>
<FromUserName><![CDATA[o1Sf9wiVbAE8eTBHl_teVBY0UTOU]]></FromUserName>
<CreateTime>1473821153</CreateTime>
<MsgType><![CDATA[event]]></MsgType>
<Event><![CDATA[VIEW]]></Event>
<EventKey><![CDATA[http://mp.angelbeautyinc.com/app/index.php?i=8&c=entry&do=selfinspection&m=lrj_guide]]></EventKey>
<MenuId>523914550</MenuId>
</xml>

2016-09-14 10:43:27 params :
------------
Array:
rule : -2 ;
module :  ;
message : Array ;

2016-09-14 10:43:27 response :
------------

2016-09-14 10:44:11 trace :
------------
String:
<xml><ToUserName><![CDATA[gh_fbee6dda34f1]]></ToUserName>
<FromUserName><![CDATA[o1Sf9wiVbAE8eTBHl_teVBY0UTOU]]></FromUserName>
<CreateTime>1473821197</CreateTime>
<MsgType><![CDATA[event]]></MsgType>
<Event><![CDATA[VIEW]]></Event>
<EventKey><![CDATA[http://mp.angelbeautyinc.com/question/]]></EventKey>
<MenuId>523914550</MenuId>
</xml>

2016-09-14 10:44:11 params :
------------
Array:
rule : -2 ;
module :  ;
message : Array ;

2016-09-14 10:44:11 response :
------------

2016-09-14 10:44:20 trace :
------------
String:
<xml><ToUserName><![CDATA[gh_fbee6dda34f1]]></ToUserName>
<FromUserName><![CDATA[o1Sf9wiVbAE8eTBHl_teVBY0UTOU]]></FromUserName>
<CreateTime>1473821206</CreateTime>
<MsgType><![CDATA[event]]></MsgType>
<Event><![CDATA[VIEW]]></Event>
<EventKey><![CDATA[http://mp.angelbeautyinc.com/app/index.php?i=8&c=entry&do=member&m=ewei_shop]]></EventKey>
<MenuId>523914550</MenuId>
</xml>

2016-09-14 10:44:20 params :
------------
Array:
rule : -2 ;
module :  ;
message : Array ;

2016-09-14 10:44:20 response :
------------

2016-09-14 12:34:43 trace :
------------
String:
<xml><ToUserName><![CDATA[gh_fbee6dda34f1]]></ToUserName>
<FromUserName><![CDATA[o1Sf9wsrOcd0En-jeTZ27YHvFfBI]]></FromUserName>
<CreateTime>1473827830</CreateTime>
<MsgType><![CDATA[event]]></MsgType>
<Event><![CDATA[VIEW]]></Event>
<EventKey><![CDATA[http://mp.angelbeautyinc.com/app/index.php?i=8&c=entry&do=shop&m=ewei_shop]]></EventKey>
<MenuId>523914550</MenuId>
</xml>

2016-09-14 12:34:43 params :
------------
Array:
rule : -2 ;
module :  ;
message : Array ;

2016-09-14 12:34:43 response :
------------

2016-09-14 13:59:50 trace :
------------
String:
<xml><ToUserName><![CDATA[gh_fbee6dda34f1]]></ToUserName>
<FromUserName><![CDATA[o1Sf9wuUDDS_BM0G-CbKx2umOImU]]></FromUserName>
<CreateTime>1473832936</CreateTime>
<MsgType><![CDATA[event]]></MsgType>
<Event><![CDATA[VIEW]]></Event>
<EventKey><![CDATA[http://mp.angelbeautyinc.com/app/index.php?i=8&c=entry&do=shop&m=ewei_shop]]></EventKey>
<MenuId>523914550</MenuId>
</xml>

2016-09-14 13:59:50 params :
------------
Array:
rule : -2 ;
module :  ;
message : Array ;

2016-09-14 13:59:50 response :
------------

2016-09-14 14:09:56 trace :
------------
String:
<xml><ToUserName><![CDATA[gh_fbee6dda34f1]]></ToUserName>
<FromUserName><![CDATA[o1Sf9wuUDDS_BM0G-CbKx2umOImU]]></FromUserName>
<CreateTime>1473833543</CreateTime>
<MsgType><![CDATA[event]]></MsgType>
<Event><![CDATA[unsubscribe]]></Event>
<EventKey><![CDATA[]]></EventKey>
</xml>

2016-09-14 14:10:13 trace :
------------
String:
<xml><ToUserName><![CDATA[gh_fbee6dda34f1]]></ToUserName>
<FromUserName><![CDATA[o1Sf9wuUDDS_BM0G-CbKx2umOImU]]></FromUserName>
<CreateTime>1473833559</CreateTime>
<MsgType><![CDATA[event]]></MsgType>
<Event><![CDATA[subscribe]]></Event>
<EventKey><![CDATA[]]></EventKey>
</xml>

2016-09-14 14:10:13 params :
------------
Array:
message : Array ;
module : basic ;
rule : 22 ;
priority : 0 ;
keyword : Array ;

2016-09-14 14:10:13 response :
------------
Array:
FromUserName : gh_fbee6dda34f1 ;
ToUserName : o1Sf9wuUDDS_BM0G-CbKx2umOImU ;
MsgType : text ;
Content : 为梦想打拼的路上，
有曲折，有艰辛，
只要有强健的体魄，
我们无惧失败。。。
八年铸一品，
日复一日，
坚持、奋斗、创造。。。
每天酵果菜谱，
与您携手共创每一刻的人生精彩。
您的健康，有我在！
点击您的需求，接轨健康快线！ ;

2016-09-14 14:10:26 trace :
------------
String:
<xml><ToUserName><![CDATA[gh_fbee6dda34f1]]></ToUserName>
<FromUserName><![CDATA[o1Sf9wuUDDS_BM0G-CbKx2umOImU]]></FromUserName>
<CreateTime>1473833569</CreateTime>
<MsgType><![CDATA[event]]></MsgType>
<Event><![CDATA[VIEW]]></Event>
<EventKey><![CDATA[http://mp.angelbeautyinc.com/app/index.php?i=8&c=entry&id=1&do=detail&m=news&wxref=mp.weixin.qq.com#wechat_redirect]]></EventKey>
<MenuId>523914550</MenuId>
</xml>

2016-09-14 14:10:26 params :
------------
Array:
rule : -2 ;
module :  ;
message : Array ;

2016-09-14 14:10:26 response :
------------

2016-09-14 14:44:55 trace :
------------
String:
<xml><ToUserName><![CDATA[gh_fbee6dda34f1]]></ToUserName>
<FromUserName><![CDATA[o1Sf9wkKBQehW95uXJpMpNu1EkCg]]></FromUserName>
<CreateTime>1473835641</CreateTime>
<MsgType><![CDATA[text]]></MsgType>
<Content><![CDATA[，]]></Content>
<MsgId>6330075878298653835</MsgId>
</xml>

2016-09-14 14:44:55 params :
------------
Array:
rule : -2 ;
module :  ;
message : Array ;

2016-09-14 14:44:55 response :
------------

2016-09-14 14:45:58 trace :
------------
String:
<xml><ToUserName><![CDATA[gh_fbee6dda34f1]]></ToUserName>
<FromUserName><![CDATA[o1Sf9wh6vHNzBtcODxBVyLMnuXAA]]></FromUserName>
<CreateTime>1473835705</CreateTime>
<MsgType><![CDATA[text]]></MsgType>
<Content><![CDATA[.]]></Content>
<MsgId>6330076153176560811</MsgId>
</xml>

2016-09-14 14:45:58 params :
------------
Array:
rule : -2 ;
module :  ;
message : Array ;

2016-09-14 14:45:58 response :
------------

2016-09-14 16:52:36 trace :
------------
String:
<xml><ToUserName><![CDATA[gh_fbee6dda34f1]]></ToUserName>
<FromUserName><![CDATA[o1Sf9wh6vHNzBtcODxBVyLMnuXAA]]></FromUserName>
<CreateTime>1473843303</CreateTime>
<MsgType><![CDATA[text]]></MsgType>
<Content><![CDATA[ ，]]></Content>
<MsgId>6330108786338080326</MsgId>
</xml>

2016-09-14 16:52:36 params :
------------
Array:
rule : -2 ;
module :  ;
message : Array ;

2016-09-14 16:52:36 response :
------------

2016-09-14 19:33:04 trace :
------------
String:
<xml><ToUserName><![CDATA[gh_fbee6dda34f1]]></ToUserName>
<FromUserName><![CDATA[o1Sf9wkRRScI1TMsZGeSag5I2ulk]]></FromUserName>
<CreateTime>1473852931</CreateTime>
<MsgType><![CDATA[event]]></MsgType>
<Event><![CDATA[VIEW]]></Event>
<EventKey><![CDATA[http://mp.angelbeautyinc.com/app/index.php?i=8&c=entry&id=1&do=detail&m=news&wxref=mp.weixin.qq.com#wechat_redirect]]></EventKey>
<MenuId>523914550</MenuId>
</xml>

2016-09-14 19:33:04 params :
------------
Array:
rule : -2 ;
module :  ;
message : Array ;

2016-09-14 19:33:04 response :
------------

