2016-06-09 01:09:57 trace :
------------
String:
<xml><ToUserName><![CDATA[gh_5013f37369ce]]></ToUserName>
<FromUserName><![CDATA[oqCObuAPhReTzNgTk48h8lMoFPps]]></FromUserName>
<CreateTime>1465405888</CreateTime>
<MsgType><![CDATA[event]]></MsgType>
<Event><![CDATA[unsubscribe]]></Event>
<EventKey><![CDATA[]]></EventKey>
</xml>

2016-06-09 03:29:14 trace :
------------
String:
<xml><ToUserName><![CDATA[gh_5013f37369ce]]></ToUserName>
<FromUserName><![CDATA[oqCObuFk7UjCLeBYFlnn7n6lxWXE]]></FromUserName>
<CreateTime>1465414245</CreateTime>
<MsgType><![CDATA[event]]></MsgType>
<Event><![CDATA[unsubscribe]]></Event>
<EventKey><![CDATA[]]></EventKey>
</xml>

2016-06-09 07:36:00 trace :
------------
String:
<xml><ToUserName><![CDATA[gh_5013f37369ce]]></ToUserName>
<FromUserName><![CDATA[oqCObuE6AEEbj1qrlJ89UYgQ7uN0]]></FromUserName>
<CreateTime>1465429052</CreateTime>
<MsgType><![CDATA[text]]></MsgType>
<Content><![CDATA[评分]]></Content>
<MsgId>6293969853358187933</MsgId>
</xml>

2016-06-09 07:36:01 params :
------------
Array:
rule : -2 ;
module :  ;
message : Array ;

2016-06-09 07:36:01 response :
------------

2016-06-09 08:40:43 trace :
------------
String:
<xml><ToUserName><![CDATA[gh_5013f37369ce]]></ToUserName>
<FromUserName><![CDATA[oqCObuGddh8id1OQU6dy3zZYW3c4]]></FromUserName>
<CreateTime>1465432935</CreateTime>
<MsgType><![CDATA[event]]></MsgType>
<Event><![CDATA[unsubscribe]]></Event>
<EventKey><![CDATA[]]></EventKey>
</xml>

2016-06-09 10:04:40 trace :
------------
String:
<xml><ToUserName><![CDATA[gh_5013f37369ce]]></ToUserName>
<FromUserName><![CDATA[oqCObuBQJBgJiCwQTj2wX2SQNzHA]]></FromUserName>
<CreateTime>1465437972</CreateTime>
<MsgType><![CDATA[event]]></MsgType>
<Event><![CDATA[VIEW]]></Event>
<EventKey><![CDATA[http://mp.weixin.qq.com/s?__biz=MzA5MzE5NzExNw==&mid=10001097&idx=1&sn=8338ffe385dcd8dd1f376fc1a2fd50ff&scene=18#rd]]></EventKey>
<MenuId>208007648</MenuId>
</xml>

2016-06-09 10:04:40 params :
------------
Array:
rule : -2 ;
module :  ;
message : Array ;

2016-06-09 10:04:40 response :
------------

2016-06-09 10:05:10 trace :
------------
String:
<xml><ToUserName><![CDATA[gh_5013f37369ce]]></ToUserName>
<FromUserName><![CDATA[oqCObuBQJBgJiCwQTj2wX2SQNzHA]]></FromUserName>
<CreateTime>1465438002</CreateTime>
<MsgType><![CDATA[event]]></MsgType>
<Event><![CDATA[VIEW]]></Event>
<EventKey><![CDATA[http://mp.weixin.qq.com/s?__biz=MzA5MzE5NzExNw==&mid=10001097&idx=1&sn=8338ffe385dcd8dd1f376fc1a2fd50ff&scene=18#rd]]></EventKey>
<MenuId>208007648</MenuId>
</xml>

2016-06-09 10:05:10 params :
------------
Array:
rule : -2 ;
module :  ;
message : Array ;

2016-06-09 10:05:10 response :
------------

2016-06-09 13:03:26 trace :
------------
String:
<xml><ToUserName><![CDATA[gh_5013f37369ce]]></ToUserName>
<FromUserName><![CDATA[oqCObuJrfCPobpXzcT8fyUd48hlU]]></FromUserName>
<CreateTime>1465448695</CreateTime>
<MsgType><![CDATA[event]]></MsgType>
<Event><![CDATA[VIEW]]></Event>
<EventKey><![CDATA[http://mp.weixin.qq.com/s?__biz=MzA5MzE5NzExNw==&mid=10001097&idx=1&sn=8338ffe385dcd8dd1f376fc1a2fd50ff&scene=18#rd]]></EventKey>
<MenuId>208007648</MenuId>
</xml>

2016-06-09 13:03:26 params :
------------
Array:
rule : -2 ;
module :  ;
message : Array ;

2016-06-09 13:03:26 response :
------------

2016-06-09 14:03:50 trace :
------------
String:
<xml><ToUserName><![CDATA[gh_5013f37369ce]]></ToUserName>
<FromUserName><![CDATA[oqCObuCWGoPnqkAF7VmlTVpxMkus]]></FromUserName>
<CreateTime>1465452322</CreateTime>
<MsgType><![CDATA[event]]></MsgType>
<Event><![CDATA[subscribe]]></Event>
<EventKey><![CDATA[]]></EventKey>
</xml>

2016-06-09 14:03:50 params :
------------
Array:
rule : -2 ;
module :  ;
message : Array ;

2016-06-09 14:03:50 response :
------------

2016-06-09 14:03:54 trace :
------------
String:
<xml><ToUserName><![CDATA[gh_5013f37369ce]]></ToUserName>
<FromUserName><![CDATA[oqCObuCWGoPnqkAF7VmlTVpxMkus]]></FromUserName>
<CreateTime>1465452326</CreateTime>
<MsgType><![CDATA[event]]></MsgType>
<Event><![CDATA[VIEW]]></Event>
<EventKey><![CDATA[http://mp.weixin.qq.com/s?__biz=MzA5MzE5NzExNw==&mid=10001097&idx=1&sn=8338ffe385dcd8dd1f376fc1a2fd50ff&scene=18#rd]]></EventKey>
<MenuId>208007648</MenuId>
</xml>

2016-06-09 14:03:54 params :
------------
Array:
rule : -2 ;
module :  ;
message : Array ;

2016-06-09 14:03:54 response :
------------

2016-06-09 14:04:02 trace :
------------
String:
<xml><ToUserName><![CDATA[gh_5013f37369ce]]></ToUserName>
<FromUserName><![CDATA[oqCObuCWGoPnqkAF7VmlTVpxMkus]]></FromUserName>
<CreateTime>1465452334</CreateTime>
<MsgType><![CDATA[event]]></MsgType>
<Event><![CDATA[VIEW]]></Event>
<EventKey><![CDATA[http://mp.weixin.qq.com/s?__biz=MzA5MzE5NzExNw==&mid=10001097&idx=1&sn=8338ffe385dcd8dd1f376fc1a2fd50ff&scene=18#rd]]></EventKey>
<MenuId>208007648</MenuId>
</xml>

2016-06-09 14:04:02 params :
------------
Array:
rule : -2 ;
module :  ;
message : Array ;

2016-06-09 14:04:02 response :
------------

2016-06-09 14:04:07 trace :
------------
String:
<xml><ToUserName><![CDATA[gh_5013f37369ce]]></ToUserName>
<FromUserName><![CDATA[oqCObuCWGoPnqkAF7VmlTVpxMkus]]></FromUserName>
<CreateTime>1465452339</CreateTime>
<MsgType><![CDATA[event]]></MsgType>
<Event><![CDATA[unsubscribe]]></Event>
<EventKey><![CDATA[]]></EventKey>
</xml>

2016-06-09 15:27:14 trace :
------------
String:
<xml><ToUserName><![CDATA[gh_5013f37369ce]]></ToUserName>
<FromUserName><![CDATA[oqCObuF1_rbaCglkeRQof5zhO580]]></FromUserName>
<CreateTime>1465457325</CreateTime>
<MsgType><![CDATA[event]]></MsgType>
<Event><![CDATA[VIEW]]></Event>
<EventKey><![CDATA[http://mp.weixin.qq.com/s?__biz=MzA5MzE5NzExNw==&mid=10001097&idx=1&sn=8338ffe385dcd8dd1f376fc1a2fd50ff&scene=18#rd]]></EventKey>
<MenuId>208007648</MenuId>
</xml>

2016-06-09 15:27:14 params :
------------
Array:
rule : -2 ;
module :  ;
message : Array ;

2016-06-09 15:27:14 response :
------------

2016-06-09 15:27:50 trace :
------------
String:
<xml><ToUserName><![CDATA[gh_5013f37369ce]]></ToUserName>
<FromUserName><![CDATA[oqCObuF1_rbaCglkeRQof5zhO580]]></FromUserName>
<CreateTime>1465457362</CreateTime>
<MsgType><![CDATA[event]]></MsgType>
<Event><![CDATA[VIEW]]></Event>
<EventKey><![CDATA[http://mp.weixin.qq.com/s?__biz=MzA5MzE5NzExNw==&mid=10001097&idx=1&sn=8338ffe385dcd8dd1f376fc1a2fd50ff&scene=18#rd]]></EventKey>
<MenuId>208007648</MenuId>
</xml>

2016-06-09 15:27:50 params :
------------
Array:
rule : -2 ;
module :  ;
message : Array ;

2016-06-09 15:27:50 response :
------------

2016-06-09 15:29:18 trace :
------------
String:
<xml><ToUserName><![CDATA[gh_5013f37369ce]]></ToUserName>
<FromUserName><![CDATA[oqCObuF1_rbaCglkeRQof5zhO580]]></FromUserName>
<CreateTime>1465457450</CreateTime>
<MsgType><![CDATA[event]]></MsgType>
<Event><![CDATA[VIEW]]></Event>
<EventKey><![CDATA[http://mp.weixin.qq.com/s?__biz=MzA5MzE5NzExNw==&mid=10001097&idx=1&sn=8338ffe385dcd8dd1f376fc1a2fd50ff&scene=18#rd]]></EventKey>
<MenuId>208007648</MenuId>
</xml>

2016-06-09 15:29:18 params :
------------
Array:
rule : -2 ;
module :  ;
message : Array ;

2016-06-09 15:29:18 response :
------------

2016-06-09 15:48:43 trace :
------------
String:
<xml><ToUserName><![CDATA[gh_5013f37369ce]]></ToUserName>
<FromUserName><![CDATA[oqCObuDMCuQaJNaBe7onjjOxB4J8]]></FromUserName>
<CreateTime>1465458615</CreateTime>
<MsgType><![CDATA[event]]></MsgType>
<Event><![CDATA[subscribe]]></Event>
<EventKey><![CDATA[]]></EventKey>
</xml>

2016-06-09 15:48:43 params :
------------
Array:
rule : -2 ;
module :  ;
message : Array ;

2016-06-09 15:48:43 response :
------------

2016-06-09 15:50:26 trace :
------------
String:
<xml><ToUserName><![CDATA[gh_5013f37369ce]]></ToUserName>
<FromUserName><![CDATA[oqCObuDMCuQaJNaBe7onjjOxB4J8]]></FromUserName>
<CreateTime>1465458718</CreateTime>
<MsgType><![CDATA[text]]></MsgType>
<Content><![CDATA[  /::)]]></Content>
<MsgId>6294097267857995283</MsgId>
</xml>

2016-06-09 15:50:26 params :
------------
Array:
rule : -2 ;
module :  ;
message : Array ;

2016-06-09 15:50:26 response :
------------

2016-06-09 16:52:26 trace :
------------
String:
<xml><ToUserName><![CDATA[gh_5013f37369ce]]></ToUserName>
<FromUserName><![CDATA[oqCObuET8cNlfoGeZx_k6W7tvdcw]]></FromUserName>
<CreateTime>1465462438</CreateTime>
<MsgType><![CDATA[event]]></MsgType>
<Event><![CDATA[subscribe]]></Event>
<EventKey><![CDATA[]]></EventKey>
</xml>

2016-06-09 16:52:26 params :
------------
Array:
rule : -2 ;
module :  ;
message : Array ;

2016-06-09 16:52:26 response :
------------

2016-06-09 16:56:37 trace :
------------
String:
<xml><ToUserName><![CDATA[gh_5013f37369ce]]></ToUserName>
<FromUserName><![CDATA[oqCObuET8cNlfoGeZx_k6W7tvdcw]]></FromUserName>
<CreateTime>1465462689</CreateTime>
<MsgType><![CDATA[text]]></MsgType>
<Content><![CDATA[你好]]></Content>
<MsgId>6294114323173128477</MsgId>
</xml>

2016-06-09 16:56:37 params :
------------
Array:
rule : -2 ;
module :  ;
message : Array ;

2016-06-09 16:56:37 response :
------------

2016-06-09 20:46:08 trace :
------------
String:
<xml><ToUserName><![CDATA[gh_5013f37369ce]]></ToUserName>
<FromUserName><![CDATA[oqCObuHlQWxRkjb_j1Hb5gL2t2HA]]></FromUserName>
<CreateTime>1465476460</CreateTime>
<MsgType><![CDATA[event]]></MsgType>
<Event><![CDATA[unsubscribe]]></Event>
<EventKey><![CDATA[]]></EventKey>
</xml>

2016-06-09 21:47:59 trace :
------------
String:
<xml><ToUserName><![CDATA[gh_5013f37369ce]]></ToUserName>
<FromUserName><![CDATA[oqCObuDMCuQaJNaBe7onjjOxB4J8]]></FromUserName>
<CreateTime>1465480171</CreateTime>
<MsgType><![CDATA[text]]></MsgType>
<Content><![CDATA[你好！]]></Content>
<MsgId>6294189407791398965</MsgId>
</xml>

2016-06-09 21:47:59 params :
------------
Array:
rule : -2 ;
module :  ;
message : Array ;

2016-06-09 21:47:59 response :
------------

2016-06-09 22:43:48 trace :
------------
String:
<xml><ToUserName><![CDATA[gh_5013f37369ce]]></ToUserName>
<FromUserName><![CDATA[oqCObuDMCuQaJNaBe7onjjOxB4J8]]></FromUserName>
<CreateTime>1465483519</CreateTime>
<MsgType><![CDATA[event]]></MsgType>
<Event><![CDATA[VIEW]]></Event>
<EventKey><![CDATA[http://mp.weixin.qq.com/s?__biz=MzA5MzE5NzExNw==&mid=10001097&idx=1&sn=8338ffe385dcd8dd1f376fc1a2fd50ff&scene=18#rd]]></EventKey>
<MenuId>208007648</MenuId>
</xml>

2016-06-09 22:43:48 params :
------------
Array:
rule : -2 ;
module :  ;
message : Array ;

2016-06-09 22:43:48 response :
------------

2016-06-09 22:54:23 trace :
------------
String:
<xml><ToUserName><![CDATA[gh_5013f37369ce]]></ToUserName>
<FromUserName><![CDATA[oqCObuL_FMK-eN13duZyz5gSNsx4]]></FromUserName>
<CreateTime>1465484155</CreateTime>
<MsgType><![CDATA[text]]></MsgType>
<Content><![CDATA[/:heart愿你生活中@微哥：十分热情九分优雅八分聪慧七分敏锐六分风趣五分温柔四个密友三分豪放二分含蓄一分浪漫祝端午节快乐！/:moon/:moon/:moon/:moon/:moon/:moon]]></Content>
<MsgId>6294206518941106931</MsgId>
</xml>

2016-06-09 22:54:23 params :
------------
Array:
rule : -2 ;
module :  ;
message : Array ;

2016-06-09 22:54:23 response :
------------

