2016-06-19 06:41:11 trace :
------------
String:
<xml><ToUserName><![CDATA[gh_5013f37369ce]]></ToUserName>
<FromUserName><![CDATA[oqCObuOD8b2A_k9dpQwk-fFBka8g]]></FromUserName>
<CreateTime>1466289764</CreateTime>
<MsgType><![CDATA[event]]></MsgType>
<Event><![CDATA[unsubscribe]]></Event>
<EventKey><![CDATA[]]></EventKey>
</xml>

2016-06-19 08:23:31 trace :
------------
String:
<xml><ToUserName><![CDATA[gh_5013f37369ce]]></ToUserName>
<FromUserName><![CDATA[oqCObuL-7-0lHb5ugcjphTubsxNk]]></FromUserName>
<CreateTime>1466295905</CreateTime>
<MsgType><![CDATA[event]]></MsgType>
<Event><![CDATA[VIEW]]></Event>
<EventKey><![CDATA[http://mp.weixin.qq.com/s?__biz=MzA5MzE5NzExNw==&mid=10001097&idx=1&sn=8338ffe385dcd8dd1f376fc1a2fd50ff&scene=18#rd]]></EventKey>
<MenuId>208007648</MenuId>
</xml>

2016-06-19 08:23:31 params :
------------
Array:
rule : -2 ;
module :  ;
message : Array ;

2016-06-19 08:23:31 response :
------------

2016-06-19 11:49:55 trace :
------------
String:
<xml><ToUserName><![CDATA[gh_5013f37369ce]]></ToUserName>
<FromUserName><![CDATA[oqCObuFaMC2Ft__cPrID0eUPovoM]]></FromUserName>
<CreateTime>1466308288</CreateTime>
<MsgType><![CDATA[event]]></MsgType>
<Event><![CDATA[VIEW]]></Event>
<EventKey><![CDATA[http://mp.weixin.qq.com/s?__biz=MzA5MzE5NzExNw==&mid=10001097&idx=1&sn=8338ffe385dcd8dd1f376fc1a2fd50ff&scene=18#rd]]></EventKey>
<MenuId>208007648</MenuId>
</xml>

2016-06-19 11:49:55 params :
------------
Array:
rule : -2 ;
module :  ;
message : Array ;

2016-06-19 11:49:55 response :
------------

2016-06-19 11:50:01 trace :
------------
String:
<xml><ToUserName><![CDATA[gh_5013f37369ce]]></ToUserName>
<FromUserName><![CDATA[oqCObuFaMC2Ft__cPrID0eUPovoM]]></FromUserName>
<CreateTime>1466308294</CreateTime>
<MsgType><![CDATA[event]]></MsgType>
<Event><![CDATA[VIEW]]></Event>
<EventKey><![CDATA[http://mp.weixin.qq.com/s?__biz=MzA5MzE5NzExNw==&mid=10001097&idx=1&sn=8338ffe385dcd8dd1f376fc1a2fd50ff&scene=18#rd]]></EventKey>
<MenuId>208007648</MenuId>
</xml>

2016-06-19 11:50:01 params :
------------
Array:
rule : -2 ;
module :  ;
message : Array ;

2016-06-19 11:50:01 response :
------------

2016-06-19 11:50:14 trace :
------------
String:
<xml><ToUserName><![CDATA[gh_5013f37369ce]]></ToUserName>
<FromUserName><![CDATA[oqCObuFaMC2Ft__cPrID0eUPovoM]]></FromUserName>
<CreateTime>1466308307</CreateTime>
<MsgType><![CDATA[event]]></MsgType>
<Event><![CDATA[VIEW]]></Event>
<EventKey><![CDATA[http://mp.weixin.qq.com/s?__biz=MzA5MzE5NzExNw==&mid=10001097&idx=1&sn=8338ffe385dcd8dd1f376fc1a2fd50ff&scene=18#rd]]></EventKey>
<MenuId>208007648</MenuId>
</xml>

2016-06-19 11:50:14 params :
------------
Array:
rule : -2 ;
module :  ;
message : Array ;

2016-06-19 11:50:14 response :
------------

2016-06-19 12:26:56 trace :
------------
String:
<xml><ToUserName><![CDATA[gh_5013f37369ce]]></ToUserName>
<FromUserName><![CDATA[oqCObuJZqURqhQ184SpPsoOIBcms]]></FromUserName>
<CreateTime>1466310509</CreateTime>
<MsgType><![CDATA[event]]></MsgType>
<Event><![CDATA[VIEW]]></Event>
<EventKey><![CDATA[http://mp.weixin.qq.com/s?__biz=MzA5MzE5NzExNw==&mid=10001097&idx=1&sn=8338ffe385dcd8dd1f376fc1a2fd50ff&scene=18#rd]]></EventKey>
<MenuId>208007648</MenuId>
</xml>

2016-06-19 12:26:56 params :
------------
Array:
rule : -2 ;
module :  ;
message : Array ;

2016-06-19 12:26:56 response :
------------

2016-06-19 12:27:01 trace :
------------
String:
<xml><ToUserName><![CDATA[gh_5013f37369ce]]></ToUserName>
<FromUserName><![CDATA[oqCObuJZqURqhQ184SpPsoOIBcms]]></FromUserName>
<CreateTime>1466310514</CreateTime>
<MsgType><![CDATA[event]]></MsgType>
<Event><![CDATA[VIEW]]></Event>
<EventKey><![CDATA[http://mp.weixin.qq.com/s?__biz=MzA5MzE5NzExNw==&mid=10001097&idx=1&sn=8338ffe385dcd8dd1f376fc1a2fd50ff&scene=18#rd]]></EventKey>
<MenuId>208007648</MenuId>
</xml>

2016-06-19 12:27:01 params :
------------
Array:
rule : -2 ;
module :  ;
message : Array ;

2016-06-19 12:27:01 response :
------------

2016-06-19 12:27:07 trace :
------------
String:
<xml><ToUserName><![CDATA[gh_5013f37369ce]]></ToUserName>
<FromUserName><![CDATA[oqCObuJZqURqhQ184SpPsoOIBcms]]></FromUserName>
<CreateTime>1466310521</CreateTime>
<MsgType><![CDATA[event]]></MsgType>
<Event><![CDATA[VIEW]]></Event>
<EventKey><![CDATA[http://mp.weixin.qq.com/s?__biz=MzA5MzE5NzExNw==&mid=10001097&idx=1&sn=8338ffe385dcd8dd1f376fc1a2fd50ff&scene=18#rd]]></EventKey>
<MenuId>208007648</MenuId>
</xml>

2016-06-19 12:27:07 params :
------------
Array:
rule : -2 ;
module :  ;
message : Array ;

2016-06-19 12:27:07 response :
------------

2016-06-19 12:27:11 trace :
------------
String:
<xml><ToUserName><![CDATA[gh_5013f37369ce]]></ToUserName>
<FromUserName><![CDATA[oqCObuJZqURqhQ184SpPsoOIBcms]]></FromUserName>
<CreateTime>1466310525</CreateTime>
<MsgType><![CDATA[event]]></MsgType>
<Event><![CDATA[VIEW]]></Event>
<EventKey><![CDATA[http://mp.weixin.qq.com/s?__biz=MzA5MzE5NzExNw==&mid=10001097&idx=1&sn=8338ffe385dcd8dd1f376fc1a2fd50ff&scene=18#rd]]></EventKey>
<MenuId>208007648</MenuId>
</xml>

2016-06-19 12:27:11 params :
------------
Array:
rule : -2 ;
module :  ;
message : Array ;

2016-06-19 12:27:11 response :
------------

2016-06-19 13:23:46 trace :
------------
String:
<xml><ToUserName><![CDATA[gh_5013f37369ce]]></ToUserName>
<FromUserName><![CDATA[oqCObuDDV3LVGY4FfjYLK1FQyhwE]]></FromUserName>
<CreateTime>1466313920</CreateTime>
<MsgType><![CDATA[event]]></MsgType>
<Event><![CDATA[VIEW]]></Event>
<EventKey><![CDATA[http://mp.weixin.qq.com/s?__biz=MzA5MzE5NzExNw==&mid=10001097&idx=1&sn=8338ffe385dcd8dd1f376fc1a2fd50ff&scene=18#rd]]></EventKey>
<MenuId>208007648</MenuId>
</xml>

2016-06-19 13:23:46 params :
------------
Array:
rule : -2 ;
module :  ;
message : Array ;

2016-06-19 13:23:46 response :
------------

2016-06-19 13:52:39 trace :
------------
String:
<xml><ToUserName><![CDATA[gh_5013f37369ce]]></ToUserName>
<FromUserName><![CDATA[oqCObuJtwfKB44sz2b9MU7dPOFfQ]]></FromUserName>
<CreateTime>1466315653</CreateTime>
<MsgType><![CDATA[event]]></MsgType>
<Event><![CDATA[unsubscribe]]></Event>
<EventKey><![CDATA[]]></EventKey>
</xml>

2016-06-19 15:55:29 trace :
------------
String:
<xml><ToUserName><![CDATA[gh_5013f37369ce]]></ToUserName>
<FromUserName><![CDATA[oqCObuHG9qjBAkVGX-vhZbLWk45I]]></FromUserName>
<CreateTime>1466323022</CreateTime>
<MsgType><![CDATA[event]]></MsgType>
<Event><![CDATA[VIEW]]></Event>
<EventKey><![CDATA[http://mp.weixin.qq.com/s?__biz=MzA5MzE5NzExNw==&mid=10001097&idx=1&sn=8338ffe385dcd8dd1f376fc1a2fd50ff&scene=18#rd]]></EventKey>
<MenuId>208007648</MenuId>
</xml>

2016-06-19 15:55:29 params :
------------
Array:
rule : -2 ;
module :  ;
message : Array ;

2016-06-19 15:55:29 response :
------------

2016-06-19 15:55:46 trace :
------------
String:
<xml><ToUserName><![CDATA[gh_5013f37369ce]]></ToUserName>
<FromUserName><![CDATA[oqCObuHG9qjBAkVGX-vhZbLWk45I]]></FromUserName>
<CreateTime>1466323039</CreateTime>
<MsgType><![CDATA[event]]></MsgType>
<Event><![CDATA[VIEW]]></Event>
<EventKey><![CDATA[http://mp.weixin.qq.com/s?__biz=MzA5MzE5NzExNw==&mid=10001097&idx=1&sn=8338ffe385dcd8dd1f376fc1a2fd50ff&scene=18#rd]]></EventKey>
<MenuId>208007648</MenuId>
</xml>

2016-06-19 15:55:46 params :
------------
Array:
rule : -2 ;
module :  ;
message : Array ;

2016-06-19 15:55:46 response :
------------

