2016-07-03 07:38:04 trace :
------------
String:
<xml><ToUserName><![CDATA[gh_5013f37369ce]]></ToUserName>
<FromUserName><![CDATA[oqCObuCbVZphSU2zMhB8A_4oddd0]]></FromUserName>
<CreateTime>1467502818</CreateTime>
<MsgType><![CDATA[event]]></MsgType>
<Event><![CDATA[unsubscribe]]></Event>
<EventKey><![CDATA[]]></EventKey>
</xml>

2016-07-03 10:30:55 trace :
------------
String:
<xml><ToUserName><![CDATA[gh_5013f37369ce]]></ToUserName>
<FromUserName><![CDATA[oqCObuJ1ACflmdmEi8a3nFsdUMwQ]]></FromUserName>
<CreateTime>1467513190</CreateTime>
<MsgType><![CDATA[event]]></MsgType>
<Event><![CDATA[unsubscribe]]></Event>
<EventKey><![CDATA[]]></EventKey>
</xml>

2016-07-03 10:34:21 trace :
------------
String:
<xml><ToUserName><![CDATA[gh_5013f37369ce]]></ToUserName>
<FromUserName><![CDATA[oqCObuNJvsflL9nBylA0dzg6hSmw]]></FromUserName>
<CreateTime>1467513396</CreateTime>
<MsgType><![CDATA[event]]></MsgType>
<Event><![CDATA[unsubscribe]]></Event>
<EventKey><![CDATA[]]></EventKey>
</xml>

2016-07-03 18:32:41 trace :
------------
String:
<xml><ToUserName><![CDATA[gh_5013f37369ce]]></ToUserName>
<FromUserName><![CDATA[oqCObuLVwSzpaFfTYIyxfCEljPdg]]></FromUserName>
<CreateTime>1467542096</CreateTime>
<MsgType><![CDATA[event]]></MsgType>
<Event><![CDATA[unsubscribe]]></Event>
<EventKey><![CDATA[]]></EventKey>
</xml>

2016-07-03 21:57:47 trace :
------------
String:
<xml><ToUserName><![CDATA[gh_5013f37369ce]]></ToUserName>
<FromUserName><![CDATA[oqCObuNWWhm8qcJuKL2RfyC-qjkg]]></FromUserName>
<CreateTime>1467554402</CreateTime>
<MsgType><![CDATA[event]]></MsgType>
<Event><![CDATA[unsubscribe]]></Event>
<EventKey><![CDATA[]]></EventKey>
</xml>

2016-07-03 22:23:18 trace :
------------
String:
<xml><ToUserName><![CDATA[gh_5013f37369ce]]></ToUserName>
<FromUserName><![CDATA[oqCObuES6JDlJ7Y_eT52NNzXE2QE]]></FromUserName>
<CreateTime>1467555932</CreateTime>
<MsgType><![CDATA[event]]></MsgType>
<Event><![CDATA[subscribe]]></Event>
<EventKey><![CDATA[]]></EventKey>
</xml>

2016-07-03 22:23:18 params :
------------
Array:
rule : -2 ;
module :  ;
message : Array ;

2016-07-03 22:23:18 response :
------------

2016-07-03 22:23:41 trace :
------------
String:
<xml><ToUserName><![CDATA[gh_5013f37369ce]]></ToUserName>
<FromUserName><![CDATA[oqCObuES6JDlJ7Y_eT52NNzXE2QE]]></FromUserName>
<CreateTime>1467555956</CreateTime>
<MsgType><![CDATA[event]]></MsgType>
<Event><![CDATA[VIEW]]></Event>
<EventKey><![CDATA[http://mp.weixin.qq.com/s?__biz=MzA5MzE5NzExNw==&mid=10001097&idx=1&sn=8338ffe385dcd8dd1f376fc1a2fd50ff&scene=18#rd]]></EventKey>
<MenuId>208007648</MenuId>
</xml>

2016-07-03 22:23:41 params :
------------
Array:
rule : -2 ;
module :  ;
message : Array ;

2016-07-03 22:23:41 response :
------------

2016-07-03 22:24:14 trace :
------------
String:
<xml><ToUserName><![CDATA[gh_5013f37369ce]]></ToUserName>
<FromUserName><![CDATA[oqCObuES6JDlJ7Y_eT52NNzXE2QE]]></FromUserName>
<CreateTime>1467555989</CreateTime>
<MsgType><![CDATA[event]]></MsgType>
<Event><![CDATA[VIEW]]></Event>
<EventKey><![CDATA[http://mp.weixin.qq.com/s?__biz=MzA5MzE5NzExNw==&mid=10001097&idx=1&sn=8338ffe385dcd8dd1f376fc1a2fd50ff&scene=18#rd]]></EventKey>
<MenuId>208007648</MenuId>
</xml>

2016-07-03 22:24:14 params :
------------
Array:
rule : -2 ;
module :  ;
message : Array ;

2016-07-03 22:24:14 response :
------------

2016-07-03 22:24:18 trace :
------------
String:
<xml><ToUserName><![CDATA[gh_5013f37369ce]]></ToUserName>
<FromUserName><![CDATA[oqCObuES6JDlJ7Y_eT52NNzXE2QE]]></FromUserName>
<CreateTime>1467555993</CreateTime>
<MsgType><![CDATA[event]]></MsgType>
<Event><![CDATA[VIEW]]></Event>
<EventKey><![CDATA[http://mp.weixin.qq.com/s?__biz=MzA5MzE5NzExNw==&mid=10001097&idx=1&sn=8338ffe385dcd8dd1f376fc1a2fd50ff&scene=18#rd]]></EventKey>
<MenuId>208007648</MenuId>
</xml>

2016-07-03 22:24:18 params :
------------
Array:
rule : -2 ;
module :  ;
message : Array ;

2016-07-03 22:24:18 response :
------------

2016-07-03 22:31:51 trace :
------------
String:
<xml><ToUserName><![CDATA[gh_5013f37369ce]]></ToUserName>
<FromUserName><![CDATA[oqCObuES6JDlJ7Y_eT52NNzXE2QE]]></FromUserName>
<CreateTime>1467556445</CreateTime>
<MsgType><![CDATA[event]]></MsgType>
<Event><![CDATA[VIEW]]></Event>
<EventKey><![CDATA[http://mp.weixin.qq.com/s?__biz=MzA5MzE5NzExNw==&mid=10001097&idx=1&sn=8338ffe385dcd8dd1f376fc1a2fd50ff&scene=18#rd]]></EventKey>
<MenuId>208007648</MenuId>
</xml>

2016-07-03 22:31:51 params :
------------
Array:
rule : -2 ;
module :  ;
message : Array ;

2016-07-03 22:31:51 response :
------------

2016-07-03 22:32:10 trace :
------------
String:
<xml><ToUserName><![CDATA[gh_5013f37369ce]]></ToUserName>
<FromUserName><![CDATA[oqCObuES6JDlJ7Y_eT52NNzXE2QE]]></FromUserName>
<CreateTime>1467556465</CreateTime>
<MsgType><![CDATA[event]]></MsgType>
<Event><![CDATA[VIEW]]></Event>
<EventKey><![CDATA[http://mp.weixin.qq.com/s?__biz=MzA5MzE5NzExNw==&mid=10001097&idx=1&sn=8338ffe385dcd8dd1f376fc1a2fd50ff&scene=18#rd]]></EventKey>
<MenuId>208007648</MenuId>
</xml>

2016-07-03 22:32:10 params :
------------
Array:
rule : -2 ;
module :  ;
message : Array ;

2016-07-03 22:32:10 response :
------------

2016-07-03 22:32:16 trace :
------------
String:
<xml><ToUserName><![CDATA[gh_5013f37369ce]]></ToUserName>
<FromUserName><![CDATA[oqCObuES6JDlJ7Y_eT52NNzXE2QE]]></FromUserName>
<CreateTime>1467556471</CreateTime>
<MsgType><![CDATA[event]]></MsgType>
<Event><![CDATA[VIEW]]></Event>
<EventKey><![CDATA[http://mp.weixin.qq.com/s?__biz=MzA5MzE5NzExNw==&mid=10001097&idx=1&sn=8338ffe385dcd8dd1f376fc1a2fd50ff&scene=18#rd]]></EventKey>
<MenuId>208007648</MenuId>
</xml>

2016-07-03 22:32:16 params :
------------
Array:
rule : -2 ;
module :  ;
message : Array ;

2016-07-03 22:32:16 response :
------------

2016-07-03 22:38:18 trace :
------------
String:
<xml><ToUserName><![CDATA[gh_5013f37369ce]]></ToUserName>
<FromUserName><![CDATA[oqCObuES6JDlJ7Y_eT52NNzXE2QE]]></FromUserName>
<CreateTime>1467556833</CreateTime>
<MsgType><![CDATA[event]]></MsgType>
<Event><![CDATA[VIEW]]></Event>
<EventKey><![CDATA[http://mp.weixin.qq.com/s?__biz=MzA5MzE5NzExNw==&mid=10001097&idx=1&sn=8338ffe385dcd8dd1f376fc1a2fd50ff&scene=18#rd]]></EventKey>
<MenuId>208007648</MenuId>
</xml>

2016-07-03 22:38:18 params :
------------
Array:
rule : -2 ;
module :  ;
message : Array ;

2016-07-03 22:38:18 response :
------------

2016-07-03 23:59:46 trace :
------------
String:
<xml><ToUserName><![CDATA[gh_5013f37369ce]]></ToUserName>
<FromUserName><![CDATA[oqCObuN7eNEoTak9PbZ7NXNx6YWw]]></FromUserName>
<CreateTime>1467561720</CreateTime>
<MsgType><![CDATA[event]]></MsgType>
<Event><![CDATA[unsubscribe]]></Event>
<EventKey><![CDATA[]]></EventKey>
</xml>

