2016-06-13 00:08:47 trace :
------------
String:
<xml><ToUserName><![CDATA[gh_5013f37369ce]]></ToUserName>
<FromUserName><![CDATA[oqCObuAecsVfIDEkP87ln08cc0vc]]></FromUserName>
<CreateTime>1465747819</CreateTime>
<MsgType><![CDATA[event]]></MsgType>
<Event><![CDATA[subscribe]]></Event>
<EventKey><![CDATA[]]></EventKey>
</xml>

2016-06-13 00:08:47 params :
------------
Array:
rule : -2 ;
module :  ;
message : Array ;

2016-06-13 00:08:47 response :
------------

2016-06-13 00:08:52 trace :
------------
String:
<xml><ToUserName><![CDATA[gh_5013f37369ce]]></ToUserName>
<FromUserName><![CDATA[oqCObuAecsVfIDEkP87ln08cc0vc]]></FromUserName>
<CreateTime>1465747825</CreateTime>
<MsgType><![CDATA[event]]></MsgType>
<Event><![CDATA[VIEW]]></Event>
<EventKey><![CDATA[http://mp.weixin.qq.com/s?__biz=MzA5MzE5NzExNw==&mid=10001097&idx=1&sn=8338ffe385dcd8dd1f376fc1a2fd50ff&scene=18#rd]]></EventKey>
<MenuId>208007648</MenuId>
</xml>

2016-06-13 00:08:52 params :
------------
Array:
rule : -2 ;
module :  ;
message : Array ;

2016-06-13 00:08:52 response :
------------

2016-06-13 00:09:44 trace :
------------
String:
<xml><ToUserName><![CDATA[gh_5013f37369ce]]></ToUserName>
<FromUserName><![CDATA[oqCObuAecsVfIDEkP87ln08cc0vc]]></FromUserName>
<CreateTime>1465747876</CreateTime>
<MsgType><![CDATA[event]]></MsgType>
<Event><![CDATA[VIEW]]></Event>
<EventKey><![CDATA[http://mp.weixin.qq.com/s?__biz=MzA5MzE5NzExNw==&mid=10001097&idx=1&sn=8338ffe385dcd8dd1f376fc1a2fd50ff&scene=18#rd]]></EventKey>
<MenuId>208007648</MenuId>
</xml>

2016-06-13 00:09:44 params :
------------
Array:
rule : -2 ;
module :  ;
message : Array ;

2016-06-13 00:09:44 response :
------------

2016-06-13 00:09:59 trace :
------------
String:
<xml><ToUserName><![CDATA[gh_5013f37369ce]]></ToUserName>
<FromUserName><![CDATA[oqCObuAecsVfIDEkP87ln08cc0vc]]></FromUserName>
<CreateTime>1465747891</CreateTime>
<MsgType><![CDATA[event]]></MsgType>
<Event><![CDATA[VIEW]]></Event>
<EventKey><![CDATA[http://mp.weixin.qq.com/s?__biz=MzA5MzE5NzExNw==&mid=10001097&idx=1&sn=8338ffe385dcd8dd1f376fc1a2fd50ff&scene=18#rd]]></EventKey>
<MenuId>208007648</MenuId>
</xml>

2016-06-13 00:09:59 params :
------------
Array:
rule : -2 ;
module :  ;
message : Array ;

2016-06-13 00:09:59 response :
------------

2016-06-13 00:10:21 trace :
------------
String:
<xml><ToUserName><![CDATA[gh_5013f37369ce]]></ToUserName>
<FromUserName><![CDATA[oqCObuAecsVfIDEkP87ln08cc0vc]]></FromUserName>
<CreateTime>1465747914</CreateTime>
<MsgType><![CDATA[event]]></MsgType>
<Event><![CDATA[VIEW]]></Event>
<EventKey><![CDATA[http://mp.weixin.qq.com/s?__biz=MzA5MzE5NzExNw==&mid=10001097&idx=1&sn=8338ffe385dcd8dd1f376fc1a2fd50ff&scene=18#rd]]></EventKey>
<MenuId>208007648</MenuId>
</xml>

2016-06-13 00:10:21 params :
------------
Array:
rule : -2 ;
module :  ;
message : Array ;

2016-06-13 00:10:21 response :
------------

2016-06-13 08:43:56 trace :
------------
String:
<xml><ToUserName><![CDATA[gh_5013f37369ce]]></ToUserName>
<FromUserName><![CDATA[oqCObuDtNtEDM9ysrZsa_Jji6IW8]]></FromUserName>
<CreateTime>1465778727</CreateTime>
<MsgType><![CDATA[event]]></MsgType>
<Event><![CDATA[unsubscribe]]></Event>
<EventKey><![CDATA[]]></EventKey>
</xml>

2016-06-13 09:00:43 trace :
------------
String:
<xml><ToUserName><![CDATA[gh_5013f37369ce]]></ToUserName>
<FromUserName><![CDATA[oqCObuAecsVfIDEkP87ln08cc0vc]]></FromUserName>
<CreateTime>1465779736</CreateTime>
<MsgType><![CDATA[event]]></MsgType>
<Event><![CDATA[unsubscribe]]></Event>
<EventKey><![CDATA[]]></EventKey>
</xml>

2016-06-13 10:14:09 trace :
------------
String:
<xml><ToUserName><![CDATA[gh_5013f37369ce]]></ToUserName>
<FromUserName><![CDATA[oqCObuIY3NNM3H-TWt63GuXj5gD4]]></FromUserName>
<CreateTime>1465784141</CreateTime>
<MsgType><![CDATA[event]]></MsgType>
<Event><![CDATA[subscribe]]></Event>
<EventKey><![CDATA[]]></EventKey>
</xml>

2016-06-13 10:14:10 params :
------------
Array:
rule : -2 ;
module :  ;
message : Array ;

2016-06-13 10:14:10 response :
------------

2016-06-13 10:14:13 trace :
------------
String:
<xml><ToUserName><![CDATA[gh_5013f37369ce]]></ToUserName>
<FromUserName><![CDATA[oqCObuIY3NNM3H-TWt63GuXj5gD4]]></FromUserName>
<CreateTime>1465784145</CreateTime>
<MsgType><![CDATA[event]]></MsgType>
<Event><![CDATA[VIEW]]></Event>
<EventKey><![CDATA[http://mp.weixin.qq.com/s?__biz=MzA5MzE5NzExNw==&mid=10001097&idx=1&sn=8338ffe385dcd8dd1f376fc1a2fd50ff&scene=18#rd]]></EventKey>
<MenuId>208007648</MenuId>
</xml>

2016-06-13 10:14:13 params :
------------
Array:
rule : -2 ;
module :  ;
message : Array ;

2016-06-13 10:14:13 response :
------------

2016-06-13 10:14:14 trace :
------------
String:
<xml><ToUserName><![CDATA[gh_5013f37369ce]]></ToUserName>
<FromUserName><![CDATA[oqCObuIY3NNM3H-TWt63GuXj5gD4]]></FromUserName>
<CreateTime>1465784141</CreateTime>
<MsgType><![CDATA[event]]></MsgType>
<Event><![CDATA[subscribe]]></Event>
<EventKey><![CDATA[]]></EventKey>
</xml>

2016-06-13 10:14:14 params :
------------
Array:
rule : -2 ;
module :  ;
message : Array ;

2016-06-13 10:14:14 response :
------------

2016-06-13 10:14:28 trace :
------------
String:
<xml><ToUserName><![CDATA[gh_5013f37369ce]]></ToUserName>
<FromUserName><![CDATA[oqCObuIY3NNM3H-TWt63GuXj5gD4]]></FromUserName>
<CreateTime>1465784161</CreateTime>
<MsgType><![CDATA[event]]></MsgType>
<Event><![CDATA[VIEW]]></Event>
<EventKey><![CDATA[http://mp.weixin.qq.com/s?__biz=MzA5MzE5NzExNw==&mid=10001097&idx=1&sn=8338ffe385dcd8dd1f376fc1a2fd50ff&scene=18#rd]]></EventKey>
<MenuId>208007648</MenuId>
</xml>

2016-06-13 10:14:28 params :
------------
Array:
rule : -2 ;
module :  ;
message : Array ;

2016-06-13 10:14:28 response :
------------

2016-06-13 12:23:51 trace :
------------
String:
<xml><ToUserName><![CDATA[gh_5013f37369ce]]></ToUserName>
<FromUserName><![CDATA[oqCObuE-vjLrzQCpLqmB1iqWCJ_U]]></FromUserName>
<CreateTime>1465791920</CreateTime>
<MsgType><![CDATA[event]]></MsgType>
<Event><![CDATA[VIEW]]></Event>
<EventKey><![CDATA[http://mp.weixin.qq.com/s?__biz=MzA5MzE5NzExNw==&mid=10001097&idx=1&sn=8338ffe385dcd8dd1f376fc1a2fd50ff&scene=18#rd]]></EventKey>
<MenuId>208007648</MenuId>
</xml>

2016-06-13 12:23:51 params :
------------
Array:
rule : -2 ;
module :  ;
message : Array ;

2016-06-13 12:23:51 response :
------------

2016-06-13 12:23:53 trace :
------------
String:
<xml><ToUserName><![CDATA[gh_5013f37369ce]]></ToUserName>
<FromUserName><![CDATA[oqCObuE-vjLrzQCpLqmB1iqWCJ_U]]></FromUserName>
<CreateTime>1465791926</CreateTime>
<MsgType><![CDATA[event]]></MsgType>
<Event><![CDATA[VIEW]]></Event>
<EventKey><![CDATA[http://mp.weixin.qq.com/s?__biz=MzA5MzE5NzExNw==&mid=10001097&idx=1&sn=8338ffe385dcd8dd1f376fc1a2fd50ff&scene=18#rd]]></EventKey>
<MenuId>208007648</MenuId>
</xml>

2016-06-13 12:23:53 params :
------------
Array:
rule : -2 ;
module :  ;
message : Array ;

2016-06-13 12:23:53 response :
------------

2016-06-13 12:24:22 trace :
------------
String:
<xml><ToUserName><![CDATA[gh_5013f37369ce]]></ToUserName>
<FromUserName><![CDATA[oqCObuE-vjLrzQCpLqmB1iqWCJ_U]]></FromUserName>
<CreateTime>1465791951</CreateTime>
<MsgType><![CDATA[event]]></MsgType>
<Event><![CDATA[VIEW]]></Event>
<EventKey><![CDATA[http://mp.weixin.qq.com/s?__biz=MzA5MzE5NzExNw==&mid=10001097&idx=1&sn=8338ffe385dcd8dd1f376fc1a2fd50ff&scene=18#rd]]></EventKey>
<MenuId>208007648</MenuId>
</xml>

2016-06-13 12:24:22 params :
------------
Array:
rule : -2 ;
module :  ;
message : Array ;

2016-06-13 12:24:22 response :
------------

2016-06-13 12:25:27 trace :
------------
String:
<xml><ToUserName><![CDATA[gh_5013f37369ce]]></ToUserName>
<FromUserName><![CDATA[oqCObuE-vjLrzQCpLqmB1iqWCJ_U]]></FromUserName>
<CreateTime>1465792019</CreateTime>
<MsgType><![CDATA[event]]></MsgType>
<Event><![CDATA[VIEW]]></Event>
<EventKey><![CDATA[http://mp.weixin.qq.com/s?__biz=MzA5MzE5NzExNw==&mid=10001097&idx=1&sn=8338ffe385dcd8dd1f376fc1a2fd50ff&scene=18#rd]]></EventKey>
<MenuId>208007648</MenuId>
</xml>

2016-06-13 12:25:27 params :
------------
Array:
rule : -2 ;
module :  ;
message : Array ;

2016-06-13 12:25:27 response :
------------

2016-06-13 12:25:54 trace :
------------
String:
<xml><ToUserName><![CDATA[gh_5013f37369ce]]></ToUserName>
<FromUserName><![CDATA[oqCObuE-vjLrzQCpLqmB1iqWCJ_U]]></FromUserName>
<CreateTime>1465792046</CreateTime>
<MsgType><![CDATA[event]]></MsgType>
<Event><![CDATA[VIEW]]></Event>
<EventKey><![CDATA[http://mp.weixin.qq.com/s?__biz=MzA5MzE5NzExNw==&mid=10001097&idx=1&sn=8338ffe385dcd8dd1f376fc1a2fd50ff&scene=18#rd]]></EventKey>
<MenuId>208007648</MenuId>
</xml>

2016-06-13 12:25:54 params :
------------
Array:
rule : -2 ;
module :  ;
message : Array ;

2016-06-13 12:25:54 response :
------------

2016-06-13 12:26:45 trace :
------------
String:
<xml><ToUserName><![CDATA[gh_5013f37369ce]]></ToUserName>
<FromUserName><![CDATA[oqCObuE-vjLrzQCpLqmB1iqWCJ_U]]></FromUserName>
<CreateTime>1465792097</CreateTime>
<MsgType><![CDATA[event]]></MsgType>
<Event><![CDATA[VIEW]]></Event>
<EventKey><![CDATA[http://mp.weixin.qq.com/s?__biz=MzA5MzE5NzExNw==&mid=10001097&idx=1&sn=8338ffe385dcd8dd1f376fc1a2fd50ff&scene=18#rd]]></EventKey>
<MenuId>208007648</MenuId>
</xml>

2016-06-13 12:26:45 params :
------------
Array:
rule : -2 ;
module :  ;
message : Array ;

2016-06-13 12:26:45 response :
------------

2016-06-13 12:28:36 trace :
------------
String:
<xml><ToUserName><![CDATA[gh_5013f37369ce]]></ToUserName>
<FromUserName><![CDATA[oqCObuE-vjLrzQCpLqmB1iqWCJ_U]]></FromUserName>
<CreateTime>1465792209</CreateTime>
<MsgType><![CDATA[event]]></MsgType>
<Event><![CDATA[VIEW]]></Event>
<EventKey><![CDATA[http://mp.weixin.qq.com/s?__biz=MzA5MzE5NzExNw==&mid=10001097&idx=1&sn=8338ffe385dcd8dd1f376fc1a2fd50ff&scene=18#rd]]></EventKey>
<MenuId>208007648</MenuId>
</xml>

2016-06-13 12:28:36 params :
------------
Array:
rule : -2 ;
module :  ;
message : Array ;

2016-06-13 12:28:36 response :
------------

2016-06-13 14:00:40 trace :
------------
String:
<xml><ToUserName><![CDATA[gh_5013f37369ce]]></ToUserName>
<FromUserName><![CDATA[oqCObuKbcNEG-6cmIGEdJgcr8GYQ]]></FromUserName>
<CreateTime>1465797732</CreateTime>
<MsgType><![CDATA[event]]></MsgType>
<Event><![CDATA[subscribe]]></Event>
<EventKey><![CDATA[]]></EventKey>
</xml>

2016-06-13 14:00:40 params :
------------
Array:
rule : -2 ;
module :  ;
message : Array ;

2016-06-13 14:00:40 response :
------------

2016-06-13 14:00:45 trace :
------------
String:
<xml><ToUserName><![CDATA[gh_5013f37369ce]]></ToUserName>
<FromUserName><![CDATA[oqCObuKbcNEG-6cmIGEdJgcr8GYQ]]></FromUserName>
<CreateTime>1465797737</CreateTime>
<MsgType><![CDATA[event]]></MsgType>
<Event><![CDATA[VIEW]]></Event>
<EventKey><![CDATA[http://mp.weixin.qq.com/s?__biz=MzA5MzE5NzExNw==&mid=10001097&idx=1&sn=8338ffe385dcd8dd1f376fc1a2fd50ff&scene=18#rd]]></EventKey>
<MenuId>208007648</MenuId>
</xml>

2016-06-13 14:00:45 params :
------------
Array:
rule : -2 ;
module :  ;
message : Array ;

2016-06-13 14:00:45 response :
------------

2016-06-13 14:02:38 trace :
------------
String:
<xml><ToUserName><![CDATA[gh_5013f37369ce]]></ToUserName>
<FromUserName><![CDATA[oqCObuKbcNEG-6cmIGEdJgcr8GYQ]]></FromUserName>
<CreateTime>1465797850</CreateTime>
<MsgType><![CDATA[event]]></MsgType>
<Event><![CDATA[VIEW]]></Event>
<EventKey><![CDATA[http://mp.weixin.qq.com/s?__biz=MzA5MzE5NzExNw==&mid=10001097&idx=1&sn=8338ffe385dcd8dd1f376fc1a2fd50ff&scene=18#rd]]></EventKey>
<MenuId>208007648</MenuId>
</xml>

2016-06-13 14:02:38 params :
------------
Array:
rule : -2 ;
module :  ;
message : Array ;

2016-06-13 14:02:38 response :
------------

2016-06-13 14:05:22 trace :
------------
String:
<xml><ToUserName><![CDATA[gh_5013f37369ce]]></ToUserName>
<FromUserName><![CDATA[oqCObuKbcNEG-6cmIGEdJgcr8GYQ]]></FromUserName>
<CreateTime>1465798014</CreateTime>
<MsgType><![CDATA[event]]></MsgType>
<Event><![CDATA[VIEW]]></Event>
<EventKey><![CDATA[http://mp.weixin.qq.com/s?__biz=MzA5MzE5NzExNw==&mid=10001097&idx=1&sn=8338ffe385dcd8dd1f376fc1a2fd50ff&scene=18#rd]]></EventKey>
<MenuId>208007648</MenuId>
</xml>

2016-06-13 14:05:22 params :
------------
Array:
rule : -2 ;
module :  ;
message : Array ;

2016-06-13 14:05:22 response :
------------

2016-06-13 14:07:45 trace :
------------
String:
<xml><ToUserName><![CDATA[gh_5013f37369ce]]></ToUserName>
<FromUserName><![CDATA[oqCObuKbcNEG-6cmIGEdJgcr8GYQ]]></FromUserName>
<CreateTime>1465798158</CreateTime>
<MsgType><![CDATA[event]]></MsgType>
<Event><![CDATA[VIEW]]></Event>
<EventKey><![CDATA[http://mp.weixin.qq.com/s?__biz=MzA5MzE5NzExNw==&mid=10001097&idx=1&sn=8338ffe385dcd8dd1f376fc1a2fd50ff&scene=18#rd]]></EventKey>
<MenuId>208007648</MenuId>
</xml>

2016-06-13 14:07:45 params :
------------
Array:
rule : -2 ;
module :  ;
message : Array ;

2016-06-13 14:07:45 response :
------------

2016-06-13 14:28:22 trace :
------------
String:
<xml><ToUserName><![CDATA[gh_5013f37369ce]]></ToUserName>
<FromUserName><![CDATA[oqCObuPGgzMNQA7WLsGL62NLwaOE]]></FromUserName>
<CreateTime>1465799394</CreateTime>
<MsgType><![CDATA[event]]></MsgType>
<Event><![CDATA[subscribe]]></Event>
<EventKey><![CDATA[]]></EventKey>
</xml>

2016-06-13 14:28:22 params :
------------
Array:
rule : -2 ;
module :  ;
message : Array ;

2016-06-13 14:28:22 response :
------------

2016-06-13 14:28:43 trace :
------------
String:
<xml><ToUserName><![CDATA[gh_5013f37369ce]]></ToUserName>
<FromUserName><![CDATA[oqCObuPGgzMNQA7WLsGL62NLwaOE]]></FromUserName>
<CreateTime>1465799416</CreateTime>
<MsgType><![CDATA[event]]></MsgType>
<Event><![CDATA[VIEW]]></Event>
<EventKey><![CDATA[http://mp.weixin.qq.com/s?__biz=MzA5MzE5NzExNw==&mid=10001097&idx=1&sn=8338ffe385dcd8dd1f376fc1a2fd50ff&scene=18#rd]]></EventKey>
<MenuId>208007648</MenuId>
</xml>

2016-06-13 14:28:43 params :
------------
Array:
rule : -2 ;
module :  ;
message : Array ;

2016-06-13 14:28:43 response :
------------

2016-06-13 14:43:17 trace :
------------
String:
<xml><ToUserName><![CDATA[gh_5013f37369ce]]></ToUserName>
<FromUserName><![CDATA[oqCObuE-vjLrzQCpLqmB1iqWCJ_U]]></FromUserName>
<CreateTime>1465800289</CreateTime>
<MsgType><![CDATA[event]]></MsgType>
<Event><![CDATA[VIEW]]></Event>
<EventKey><![CDATA[http://mp.weixin.qq.com/s?__biz=MzA5MzE5NzExNw==&mid=10001097&idx=1&sn=8338ffe385dcd8dd1f376fc1a2fd50ff&scene=18#rd]]></EventKey>
<MenuId>208007648</MenuId>
</xml>

2016-06-13 14:43:17 params :
------------
Array:
rule : -2 ;
module :  ;
message : Array ;

2016-06-13 14:43:17 response :
------------

2016-06-13 14:43:48 trace :
------------
String:
<xml><ToUserName><![CDATA[gh_5013f37369ce]]></ToUserName>
<FromUserName><![CDATA[oqCObuE-vjLrzQCpLqmB1iqWCJ_U]]></FromUserName>
<CreateTime>1465800321</CreateTime>
<MsgType><![CDATA[event]]></MsgType>
<Event><![CDATA[unsubscribe]]></Event>
<EventKey><![CDATA[]]></EventKey>
</xml>

2016-06-13 14:45:25 trace :
------------
String:
<xml><ToUserName><![CDATA[gh_5013f37369ce]]></ToUserName>
<FromUserName><![CDATA[oqCObuPGgzMNQA7WLsGL62NLwaOE]]></FromUserName>
<CreateTime>1465800417</CreateTime>
<MsgType><![CDATA[event]]></MsgType>
<Event><![CDATA[VIEW]]></Event>
<EventKey><![CDATA[http://mp.weixin.qq.com/s?__biz=MzA5MzE5NzExNw==&mid=10001097&idx=1&sn=8338ffe385dcd8dd1f376fc1a2fd50ff&scene=18#rd]]></EventKey>
<MenuId>208007648</MenuId>
</xml>

2016-06-13 14:45:25 params :
------------
Array:
rule : -2 ;
module :  ;
message : Array ;

2016-06-13 14:45:25 response :
------------

2016-06-13 15:09:23 trace :
------------
String:
<xml><ToUserName><![CDATA[gh_5013f37369ce]]></ToUserName>
<FromUserName><![CDATA[oqCObuKmMVutBZRnplfu-8ZRy0io]]></FromUserName>
<CreateTime>1465801855</CreateTime>
<MsgType><![CDATA[event]]></MsgType>
<Event><![CDATA[subscribe]]></Event>
<EventKey><![CDATA[]]></EventKey>
</xml>

2016-06-13 15:09:23 params :
------------
Array:
rule : -2 ;
module :  ;
message : Array ;

2016-06-13 15:09:23 response :
------------

2016-06-13 15:16:33 trace :
------------
String:
<xml><ToUserName><![CDATA[gh_5013f37369ce]]></ToUserName>
<FromUserName><![CDATA[oqCObuJtijQ_Dp7qzC8rHyKp6wvw]]></FromUserName>
<CreateTime>1465802286</CreateTime>
<MsgType><![CDATA[event]]></MsgType>
<Event><![CDATA[VIEW]]></Event>
<EventKey><![CDATA[http://mp.weixin.qq.com/s?__biz=MzA5MzE5NzExNw==&mid=10001097&idx=1&sn=8338ffe385dcd8dd1f376fc1a2fd50ff&scene=18#rd]]></EventKey>
<MenuId>208007648</MenuId>
</xml>

2016-06-13 15:16:34 params :
------------
Array:
rule : -2 ;
module :  ;
message : Array ;

2016-06-13 15:16:34 response :
------------

2016-06-13 15:18:43 trace :
------------
String:
<xml><ToUserName><![CDATA[gh_5013f37369ce]]></ToUserName>
<FromUserName><![CDATA[oqCObuJtijQ_Dp7qzC8rHyKp6wvw]]></FromUserName>
<CreateTime>1465802416</CreateTime>
<MsgType><![CDATA[event]]></MsgType>
<Event><![CDATA[VIEW]]></Event>
<EventKey><![CDATA[http://mp.weixin.qq.com/s?__biz=MzA5MzE5NzExNw==&mid=10001097&idx=1&sn=8338ffe385dcd8dd1f376fc1a2fd50ff&scene=18#rd]]></EventKey>
<MenuId>208007648</MenuId>
</xml>

2016-06-13 15:18:43 params :
------------
Array:
rule : -2 ;
module :  ;
message : Array ;

2016-06-13 15:18:43 response :
------------

2016-06-13 15:19:27 trace :
------------
String:
<xml><ToUserName><![CDATA[gh_5013f37369ce]]></ToUserName>
<FromUserName><![CDATA[oqCObuJtijQ_Dp7qzC8rHyKp6wvw]]></FromUserName>
<CreateTime>1465802460</CreateTime>
<MsgType><![CDATA[event]]></MsgType>
<Event><![CDATA[VIEW]]></Event>
<EventKey><![CDATA[http://mp.weixin.qq.com/s?__biz=MzA5MzE5NzExNw==&mid=10001097&idx=1&sn=8338ffe385dcd8dd1f376fc1a2fd50ff&scene=18#rd]]></EventKey>
<MenuId>208007648</MenuId>
</xml>

2016-06-13 15:19:27 params :
------------
Array:
rule : -2 ;
module :  ;
message : Array ;

2016-06-13 15:19:27 response :
------------

2016-06-13 15:20:07 trace :
------------
String:
<xml><ToUserName><![CDATA[gh_5013f37369ce]]></ToUserName>
<FromUserName><![CDATA[oqCObuJtijQ_Dp7qzC8rHyKp6wvw]]></FromUserName>
<CreateTime>1465802500</CreateTime>
<MsgType><![CDATA[event]]></MsgType>
<Event><![CDATA[VIEW]]></Event>
<EventKey><![CDATA[http://mp.weixin.qq.com/s?__biz=MzA5MzE5NzExNw==&mid=10001097&idx=1&sn=8338ffe385dcd8dd1f376fc1a2fd50ff&scene=18#rd]]></EventKey>
<MenuId>208007648</MenuId>
</xml>

2016-06-13 15:20:07 params :
------------
Array:
rule : -2 ;
module :  ;
message : Array ;

2016-06-13 15:20:07 response :
------------

2016-06-13 17:59:33 trace :
------------
String:
<xml><ToUserName><![CDATA[gh_5013f37369ce]]></ToUserName>
<FromUserName><![CDATA[oqCObuIY3NNM3H-TWt63GuXj5gD4]]></FromUserName>
<CreateTime>1465812065</CreateTime>
<MsgType><![CDATA[event]]></MsgType>
<Event><![CDATA[unsubscribe]]></Event>
<EventKey><![CDATA[]]></EventKey>
</xml>

2016-06-13 21:25:22 trace :
------------
String:
<xml><ToUserName><![CDATA[gh_5013f37369ce]]></ToUserName>
<FromUserName><![CDATA[oqCObuKUJb0s8fMUDEPFYZ2fMM9w]]></FromUserName>
<CreateTime>1465824412</CreateTime>
<MsgType><![CDATA[event]]></MsgType>
<Event><![CDATA[unsubscribe]]></Event>
<EventKey><![CDATA[]]></EventKey>
</xml>

2016-06-13 23:26:16 trace :
------------
String:
<xml><ToUserName><![CDATA[gh_5013f37369ce]]></ToUserName>
<FromUserName><![CDATA[oqCObuJtijQ_Dp7qzC8rHyKp6wvw]]></FromUserName>
<CreateTime>1465831668</CreateTime>
<MsgType><![CDATA[event]]></MsgType>
<Event><![CDATA[VIEW]]></Event>
<EventKey><![CDATA[http://mp.weixin.qq.com/s?__biz=MzA5MzE5NzExNw==&mid=10001097&idx=1&sn=8338ffe385dcd8dd1f376fc1a2fd50ff&scene=18#rd]]></EventKey>
<MenuId>208007648</MenuId>
</xml>

2016-06-13 23:26:16 params :
------------
Array:
rule : -2 ;
module :  ;
message : Array ;

2016-06-13 23:26:16 response :
------------

