2016-08-29 10:03:29 trace :
------------
String:
<xml><ToUserName><![CDATA[gh_fbee6dda34f1]]></ToUserName>
<FromUserName><![CDATA[o1Sf9wkKBQehW95uXJpMpNu1EkCg]]></FromUserName>
<CreateTime>1472436353</CreateTime>
<MsgType><![CDATA[event]]></MsgType>
<Event><![CDATA[VIEW]]></Event>
<EventKey><![CDATA[http://mp.angelbeautyinc.com/app/index.php?i=8&c=entry&id=1&do=detail&m=news&wxref=mp.weixin.qq.com#wechat_redirect]]></EventKey>
<MenuId>522794523</MenuId>
</xml>

2016-08-29 10:03:29 params :
------------
Array:
rule : -2 ;
module :  ;
message : Array ;

2016-08-29 10:03:29 response :
------------

2016-08-29 10:21:36 trace :
------------
String:
<xml><ToUserName><![CDATA[gh_fbee6dda34f1]]></ToUserName>
<FromUserName><![CDATA[o1Sf9wuUDDS_BM0G-CbKx2umOImU]]></FromUserName>
<CreateTime>1472437437</CreateTime>
<MsgType><![CDATA[event]]></MsgType>
<Event><![CDATA[VIEW]]></Event>
<EventKey><![CDATA[http://mp.angelbeautyinc.com/app/index.php?i=8&c=entry&do=member&m=ewei_shop]]></EventKey>
<MenuId>522794523</MenuId>
</xml>

2016-08-29 10:21:36 params :
------------
Array:
rule : -2 ;
module :  ;
message : Array ;

2016-08-29 10:21:36 response :
------------

2016-08-29 10:33:03 trace :
------------
String:
<xml><ToUserName><![CDATA[gh_fbee6dda34f1]]></ToUserName>
<FromUserName><![CDATA[o1Sf9wuUDDS_BM0G-CbKx2umOImU]]></FromUserName>
<CreateTime>1472438127</CreateTime>
<MsgType><![CDATA[event]]></MsgType>
<Event><![CDATA[VIEW]]></Event>
<EventKey><![CDATA[http://mp.angelbeautyinc.com/app/index.php?i=8&c=entry&do=member&m=ewei_shop]]></EventKey>
<MenuId>522794523</MenuId>
</xml>

2016-08-29 10:33:03 params :
------------
Array:
rule : -2 ;
module :  ;
message : Array ;

2016-08-29 10:33:03 response :
------------

2016-08-29 10:34:01 trace :
------------
String:
<xml><ToUserName><![CDATA[gh_fbee6dda34f1]]></ToUserName>
<FromUserName><![CDATA[o1Sf9wuUDDS_BM0G-CbKx2umOImU]]></FromUserName>
<CreateTime>1472438185</CreateTime>
<MsgType><![CDATA[event]]></MsgType>
<Event><![CDATA[VIEW]]></Event>
<EventKey><![CDATA[http://mp.angelbeautyinc.com/app/index.php?i=8&c=entry&do=member&m=ewei_shop]]></EventKey>
<MenuId>522794523</MenuId>
</xml>

2016-08-29 10:34:01 params :
------------
Array:
rule : -2 ;
module :  ;
message : Array ;

2016-08-29 10:34:01 response :
------------

2016-08-29 11:16:42 trace :
------------
String:
<xml><ToUserName><![CDATA[gh_fbee6dda34f1]]></ToUserName>
<FromUserName><![CDATA[o1Sf9wuUDDS_BM0G-CbKx2umOImU]]></FromUserName>
<CreateTime>1472440746</CreateTime>
<MsgType><![CDATA[event]]></MsgType>
<Event><![CDATA[VIEW]]></Event>
<EventKey><![CDATA[http://mp.angelbeautyinc.com/app/index.php?i=8&c=entry&do=member&m=ewei_shop]]></EventKey>
<MenuId>522794523</MenuId>
</xml>

2016-08-29 11:16:42 params :
------------
Array:
rule : -2 ;
module :  ;
message : Array ;

2016-08-29 11:16:42 response :
------------

2016-08-29 11:34:18 trace :
------------
String:
<xml><ToUserName><![CDATA[gh_fbee6dda34f1]]></ToUserName>
<FromUserName><![CDATA[o1Sf9wuUDDS_BM0G-CbKx2umOImU]]></FromUserName>
<CreateTime>1472441802</CreateTime>
<MsgType><![CDATA[event]]></MsgType>
<Event><![CDATA[VIEW]]></Event>
<EventKey><![CDATA[http://mp.angelbeautyinc.com/app/index.php?i=8&c=entry&id=1&do=detail&m=news&wxref=mp.weixin.qq.com#wechat_redirect]]></EventKey>
<MenuId>522794523</MenuId>
</xml>

2016-08-29 11:34:18 params :
------------
Array:
rule : -2 ;
module :  ;
message : Array ;

2016-08-29 11:34:18 response :
------------

2016-08-29 14:08:32 trace :
------------
String:
<xml><ToUserName><![CDATA[gh_fbee6dda34f1]]></ToUserName>
<FromUserName><![CDATA[o1Sf9wrg1hekQJ1Ca_x1CypwbrXA]]></FromUserName>
<CreateTime>1472451056</CreateTime>
<MsgType><![CDATA[event]]></MsgType>
<Event><![CDATA[subscribe]]></Event>
<EventKey><![CDATA[]]></EventKey>
</xml>

2016-08-29 14:08:32 params :
------------
Array:
message : Array ;
module : basic ;
rule : 22 ;
priority : 0 ;
keyword : Array ;

2016-08-29 14:08:32 response :
------------
Array:
FromUserName : gh_fbee6dda34f1 ;
ToUserName : o1Sf9wrg1hekQJ1Ca_x1CypwbrXA ;
MsgType : text ;
Content : 等了那么久，小主您终于来啦/鼓掌
恭喜您，您可能关注了世界上最简致的健康轻生活/色
想要了解我，请戳<a href="http://mp.angelbeautyinc.com/app/index.php?i=8&c=entry&id=1&do=detail&m=news">公司介绍</a>
想要了解自己，请戳<a href="http://mp.angelbeautyinc.com/app/index.php?i=8&c=entry&do=selfinspection&m=lrj_guide">自诊</a>
带您健康带您飞，么么哒/飞吻 ;

2016-08-29 14:09:28 trace :
------------
String:
<xml><ToUserName><![CDATA[gh_fbee6dda34f1]]></ToUserName>
<FromUserName><![CDATA[o1Sf9wrg1hekQJ1Ca_x1CypwbrXA]]></FromUserName>
<CreateTime>1472451112</CreateTime>
<MsgType><![CDATA[event]]></MsgType>
<Event><![CDATA[VIEW]]></Event>
<EventKey><![CDATA[http://mp.angelbeautyinc.com/app/index.php?i=8&c=entry&do=member&m=ewei_shop]]></EventKey>
<MenuId>522794523</MenuId>
</xml>

2016-08-29 14:09:28 params :
------------
Array:
rule : -2 ;
module :  ;
message : Array ;

2016-08-29 14:09:28 response :
------------

2016-08-29 14:11:57 trace :
------------
String:
<xml><ToUserName><![CDATA[gh_fbee6dda34f1]]></ToUserName>
<FromUserName><![CDATA[o1Sf9wrg1hekQJ1Ca_x1CypwbrXA]]></FromUserName>
<CreateTime>1472451261</CreateTime>
<MsgType><![CDATA[event]]></MsgType>
<Event><![CDATA[VIEW]]></Event>
<EventKey><![CDATA[http://mp.angelbeautyinc.com/app/index.php?i=8&c=entry&do=member&m=ewei_shop]]></EventKey>
<MenuId>522794523</MenuId>
</xml>

2016-08-29 14:11:57 params :
------------
Array:
rule : -2 ;
module :  ;
message : Array ;

2016-08-29 14:11:57 response :
------------

2016-08-29 14:55:17 trace :
------------
String:
<xml><ToUserName><![CDATA[gh_fbee6dda34f1]]></ToUserName>
<FromUserName><![CDATA[o1Sf9wuUDDS_BM0G-CbKx2umOImU]]></FromUserName>
<CreateTime>1472453861</CreateTime>
<MsgType><![CDATA[event]]></MsgType>
<Event><![CDATA[VIEW]]></Event>
<EventKey><![CDATA[http://mp.angelbeautyinc.com/app/index.php?i=8&c=entry&do=member&m=ewei_shop]]></EventKey>
<MenuId>522794523</MenuId>
</xml>

2016-08-29 14:55:17 params :
------------
Array:
rule : -2 ;
module :  ;
message : Array ;

2016-08-29 14:55:17 response :
------------

2016-08-29 15:08:26 trace :
------------
String:
<xml><ToUserName><![CDATA[gh_fbee6dda34f1]]></ToUserName>
<FromUserName><![CDATA[o1Sf9wjGIMEurOCTxDrWz4hwaxa0]]></FromUserName>
<CreateTime>1472454647</CreateTime>
<MsgType><![CDATA[event]]></MsgType>
<Event><![CDATA[subscribe]]></Event>
<EventKey><![CDATA[]]></EventKey>
</xml>

2016-08-29 15:08:26 params :
------------
Array:
message : Array ;
module : basic ;
rule : 22 ;
priority : 0 ;
keyword : Array ;

2016-08-29 15:08:26 response :
------------
Array:
FromUserName : gh_fbee6dda34f1 ;
ToUserName : o1Sf9wjGIMEurOCTxDrWz4hwaxa0 ;
MsgType : text ;
Content : 等了那么久，小主您终于来啦/鼓掌
恭喜您，您可能关注了世界上最简致的健康轻生活/色
想要了解我，请戳<a href="http://mp.angelbeautyinc.com/app/index.php?i=8&c=entry&id=1&do=detail&m=news">公司介绍</a>
想要了解自己，请戳<a href="http://mp.angelbeautyinc.com/app/index.php?i=8&c=entry&do=selfinspection&m=lrj_guide">自诊</a>
带您健康带您飞，么么哒/飞吻 ;

2016-08-29 15:10:59 trace :
------------
String:
<xml><ToUserName><![CDATA[gh_fbee6dda34f1]]></ToUserName>
<FromUserName><![CDATA[o1Sf9wjGIMEurOCTxDrWz4hwaxa0]]></FromUserName>
<CreateTime>1472454803</CreateTime>
<MsgType><![CDATA[event]]></MsgType>
<Event><![CDATA[VIEW]]></Event>
<EventKey><![CDATA[http://mp.angelbeautyinc.com/app/index.php?i=8&c=entry&do=member&m=ewei_shop]]></EventKey>
<MenuId>522794523</MenuId>
</xml>

2016-08-29 15:10:59 params :
------------
Array:
rule : -2 ;
module :  ;
message : Array ;

2016-08-29 15:10:59 response :
------------

2016-08-29 15:25:33 trace :
------------
String:
<xml><ToUserName><![CDATA[gh_fbee6dda34f1]]></ToUserName>
<FromUserName><![CDATA[o1Sf9whkzdzixQw9W7l4om1pwVDs]]></FromUserName>
<CreateTime>1472455677</CreateTime>
<MsgType><![CDATA[event]]></MsgType>
<Event><![CDATA[subscribe]]></Event>
<EventKey><![CDATA[]]></EventKey>
</xml>

2016-08-29 15:25:33 params :
------------
Array:
message : Array ;
module : basic ;
rule : 22 ;
priority : 0 ;
keyword : Array ;

2016-08-29 15:25:33 response :
------------
Array:
FromUserName : gh_fbee6dda34f1 ;
ToUserName : o1Sf9whkzdzixQw9W7l4om1pwVDs ;
MsgType : text ;
Content : 等了那么久，小主您终于来啦/鼓掌
恭喜您，您可能关注了世界上最简致的健康轻生活/色
想要了解我，请戳<a href="http://mp.angelbeautyinc.com/app/index.php?i=8&c=entry&id=1&do=detail&m=news">公司介绍</a>
想要了解自己，请戳<a href="http://mp.angelbeautyinc.com/app/index.php?i=8&c=entry&do=selfinspection&m=lrj_guide">自诊</a>
带您健康带您飞，么么哒/飞吻 ;

2016-08-29 15:25:40 trace :
------------
String:
<xml><ToUserName><![CDATA[gh_fbee6dda34f1]]></ToUserName>
<FromUserName><![CDATA[o1Sf9whkzdzixQw9W7l4om1pwVDs]]></FromUserName>
<CreateTime>1472455684</CreateTime>
<MsgType><![CDATA[event]]></MsgType>
<Event><![CDATA[VIEW]]></Event>
<EventKey><![CDATA[http://mp.angelbeautyinc.com/app/index.php?i=8&c=entry&do=member&m=ewei_shop]]></EventKey>
<MenuId>522794523</MenuId>
</xml>

2016-08-29 15:25:40 params :
------------
Array:
rule : -2 ;
module :  ;
message : Array ;

2016-08-29 15:25:40 response :
------------

2016-08-29 15:32:47 trace :
------------
String:
<xml><ToUserName><![CDATA[gh_fbee6dda34f1]]></ToUserName>
<FromUserName><![CDATA[o1Sf9wuUDDS_BM0G-CbKx2umOImU]]></FromUserName>
<CreateTime>1472456112</CreateTime>
<MsgType><![CDATA[event]]></MsgType>
<Event><![CDATA[VIEW]]></Event>
<EventKey><![CDATA[http://mp.angelbeautyinc.com/app/index.php?i=8&c=entry&do=selfinspection&m=lrj_guide]]></EventKey>
<MenuId>522794523</MenuId>
</xml>

2016-08-29 15:32:47 params :
------------
Array:
rule : -2 ;
module :  ;
message : Array ;

2016-08-29 15:32:47 response :
------------

2016-08-29 15:52:56 trace :
------------
String:
<xml><ToUserName><![CDATA[gh_fbee6dda34f1]]></ToUserName>
<FromUserName><![CDATA[o1Sf9wuUDDS_BM0G-CbKx2umOImU]]></FromUserName>
<CreateTime>1472457320</CreateTime>
<MsgType><![CDATA[event]]></MsgType>
<Event><![CDATA[VIEW]]></Event>
<EventKey><![CDATA[http://mp.angelbeautyinc.com/app/index.php?i=8&c=entry&do=member&m=ewei_shop]]></EventKey>
<MenuId>522794523</MenuId>
</xml>

2016-08-29 15:52:56 params :
------------
Array:
rule : -2 ;
module :  ;
message : Array ;

2016-08-29 15:52:56 response :
------------

2016-08-29 16:03:35 trace :
------------
String:
<xml><ToUserName><![CDATA[gh_fbee6dda34f1]]></ToUserName>
<FromUserName><![CDATA[o1Sf9wrg1hekQJ1Ca_x1CypwbrXA]]></FromUserName>
<CreateTime>1472457959</CreateTime>
<MsgType><![CDATA[event]]></MsgType>
<Event><![CDATA[VIEW]]></Event>
<EventKey><![CDATA[http://mp.angelbeautyinc.com/app/index.php?i=8&c=entry&do=selfinspection&m=lrj_guide]]></EventKey>
<MenuId>522794523</MenuId>
</xml>

2016-08-29 16:03:35 params :
------------
Array:
rule : -2 ;
module :  ;
message : Array ;

2016-08-29 16:03:35 response :
------------

2016-08-29 16:32:24 trace :
------------
String:
<xml><ToUserName><![CDATA[gh_fbee6dda34f1]]></ToUserName>
<FromUserName><![CDATA[o1Sf9wqRYL_jhDUtDksPR5uHXqr4]]></FromUserName>
<CreateTime>1472459687</CreateTime>
<MsgType><![CDATA[event]]></MsgType>
<Event><![CDATA[subscribe]]></Event>
<EventKey><![CDATA[]]></EventKey>
</xml>

2016-08-29 16:32:24 params :
------------
Array:
message : Array ;
module : basic ;
rule : 22 ;
priority : 0 ;
keyword : Array ;

2016-08-29 16:32:24 response :
------------
Array:
FromUserName : gh_fbee6dda34f1 ;
ToUserName : o1Sf9wqRYL_jhDUtDksPR5uHXqr4 ;
MsgType : text ;
Content : 等了那么久，小主您终于来啦/鼓掌
恭喜您，您可能关注了世界上最简致的健康轻生活/色
想要了解我，请戳<a href="http://mp.angelbeautyinc.com/app/index.php?i=8&c=entry&id=1&do=detail&m=news">公司介绍</a>
想要了解自己，请戳<a href="http://mp.angelbeautyinc.com/app/index.php?i=8&c=entry&do=selfinspection&m=lrj_guide">自诊</a>
带您健康带您飞，么么哒/飞吻 ;

2016-08-29 16:32:41 trace :
------------
String:
<xml><ToUserName><![CDATA[gh_fbee6dda34f1]]></ToUserName>
<FromUserName><![CDATA[o1Sf9wqRYL_jhDUtDksPR5uHXqr4]]></FromUserName>
<CreateTime>1472459705</CreateTime>
<MsgType><![CDATA[event]]></MsgType>
<Event><![CDATA[VIEW]]></Event>
<EventKey><![CDATA[http://mp.angelbeautyinc.com/app/index.php?i=8&c=entry&p=category&do=shop&m=ewei_shop]]></EventKey>
<MenuId>522794523</MenuId>
</xml>

2016-08-29 16:32:41 params :
------------
Array:
rule : -2 ;
module :  ;
message : Array ;

2016-08-29 16:32:41 response :
------------

2016-08-29 16:45:35 trace :
------------
String:
<xml><ToUserName><![CDATA[gh_fbee6dda34f1]]></ToUserName>
<FromUserName><![CDATA[o1Sf9wuUDDS_BM0G-CbKx2umOImU]]></FromUserName>
<CreateTime>1472460480</CreateTime>
<MsgType><![CDATA[event]]></MsgType>
<Event><![CDATA[VIEW]]></Event>
<EventKey><![CDATA[http://mp.angelbeautyinc.com/app/index.php?i=8&c=entry&do=member&m=ewei_shop]]></EventKey>
<MenuId>522794523</MenuId>
</xml>

2016-08-29 16:45:35 params :
------------
Array:
rule : -2 ;
module :  ;
message : Array ;

2016-08-29 16:45:35 response :
------------

2016-08-29 16:55:48 trace :
------------
String:
<xml><ToUserName><![CDATA[gh_fbee6dda34f1]]></ToUserName>
<FromUserName><![CDATA[o1Sf9wuUDDS_BM0G-CbKx2umOImU]]></FromUserName>
<CreateTime>1472461092</CreateTime>
<MsgType><![CDATA[event]]></MsgType>
<Event><![CDATA[VIEW]]></Event>
<EventKey><![CDATA[http://mp.angelbeautyinc.com/app/index.php?i=8&c=entry&do=selfinspection&m=lrj_guide]]></EventKey>
<MenuId>522794523</MenuId>
</xml>

2016-08-29 16:55:48 params :
------------
Array:
rule : -2 ;
module :  ;
message : Array ;

2016-08-29 16:55:48 response :
------------

2016-08-29 16:56:22 trace :
------------
String:
<xml><ToUserName><![CDATA[gh_fbee6dda34f1]]></ToUserName>
<FromUserName><![CDATA[o1Sf9wuUDDS_BM0G-CbKx2umOImU]]></FromUserName>
<CreateTime>1472461126</CreateTime>
<MsgType><![CDATA[event]]></MsgType>
<Event><![CDATA[VIEW]]></Event>
<EventKey><![CDATA[http://mp.angelbeautyinc.com/app/index.php?i=8&c=entry&p=category&do=shop&m=ewei_shop]]></EventKey>
<MenuId>522794523</MenuId>
</xml>

2016-08-29 16:56:22 params :
------------
Array:
rule : -2 ;
module :  ;
message : Array ;

2016-08-29 16:56:22 response :
------------

2016-08-29 21:51:11 trace :
------------
String:
<xml><ToUserName><![CDATA[gh_fbee6dda34f1]]></ToUserName>
<FromUserName><![CDATA[o1Sf9wiVbAE8eTBHl_teVBY0UTOU]]></FromUserName>
<CreateTime>1472478815</CreateTime>
<MsgType><![CDATA[event]]></MsgType>
<Event><![CDATA[VIEW]]></Event>
<EventKey><![CDATA[http://mp.angelbeautyinc.com/app/index.php?i=8&c=entry&id=1&do=detail&m=news&wxref=mp.weixin.qq.com#wechat_redirect]]></EventKey>
<MenuId>522794523</MenuId>
</xml>

2016-08-29 21:51:11 params :
------------
Array:
rule : -2 ;
module :  ;
message : Array ;

2016-08-29 21:51:11 response :
------------

