2016-09-28 09:46:09 trace :
------------
String:
<xml><ToUserName><![CDATA[gh_fbee6dda34f1]]></ToUserName>
<FromUserName><![CDATA[o1Sf9wgmaqIL_VPFQSEHCTYz3YZ0]]></FromUserName>
<CreateTime>1475027377</CreateTime>
<MsgType><![CDATA[event]]></MsgType>
<Event><![CDATA[VIEW]]></Event>
<EventKey><![CDATA[http://mp.angelbeautyinc.com/app/index.php?i=8&c=entry&do=selfinspection&m=lrj_guide]]></EventKey>
<MenuId>525101944</MenuId>
</xml>

2016-09-28 09:46:09 params :
------------
Array:
rule : -2 ;
module :  ;
message : Array ;

2016-09-28 09:46:09 response :
------------

2016-09-28 09:46:29 trace :
------------
String:
<xml><ToUserName><![CDATA[gh_fbee6dda34f1]]></ToUserName>
<FromUserName><![CDATA[o1Sf9wgmaqIL_VPFQSEHCTYz3YZ0]]></FromUserName>
<CreateTime>1475027398</CreateTime>
<MsgType><![CDATA[event]]></MsgType>
<Event><![CDATA[VIEW]]></Event>
<EventKey><![CDATA[http://mp.angelbeautyinc.com/app/index.php?i=8&c=entry&do=shop&m=ewei_shop]]></EventKey>
<MenuId>525101944</MenuId>
</xml>

2016-09-28 09:46:29 params :
------------
Array:
rule : -2 ;
module :  ;
message : Array ;

2016-09-28 09:46:29 response :
------------

2016-09-28 10:00:54 trace :
------------
String:
<xml><ToUserName><![CDATA[gh_fbee6dda34f1]]></ToUserName>
<FromUserName><![CDATA[o1Sf9wuUDDS_BM0G-CbKx2umOImU]]></FromUserName>
<CreateTime>1475028259</CreateTime>
<MsgType><![CDATA[event]]></MsgType>
<Event><![CDATA[VIEW]]></Event>
<EventKey><![CDATA[http://mp.angelbeautyinc.com/app/index.php?i=8&c=entry&do=shop&m=ewei_shop]]></EventKey>
<MenuId>525101944</MenuId>
</xml>

2016-09-28 10:00:54 params :
------------
Array:
rule : -2 ;
module :  ;
message : Array ;

2016-09-28 10:00:54 response :
------------

2016-09-28 10:13:40 trace :
------------
String:
<xml><ToUserName><![CDATA[gh_fbee6dda34f1]]></ToUserName>
<FromUserName><![CDATA[o1Sf9wuUDDS_BM0G-CbKx2umOImU]]></FromUserName>
<CreateTime>1475029028</CreateTime>
<MsgType><![CDATA[event]]></MsgType>
<Event><![CDATA[VIEW]]></Event>
<EventKey><![CDATA[http://mp.angelbeautyinc.com/app/index.php?i=8&c=entry&do=shop&m=ewei_shop]]></EventKey>
<MenuId>525101944</MenuId>
</xml>

2016-09-28 10:13:40 params :
------------
Array:
rule : -2 ;
module :  ;
message : Array ;

2016-09-28 10:13:40 response :
------------

2016-09-28 10:17:54 trace :
------------
String:
<xml><ToUserName><![CDATA[gh_fbee6dda34f1]]></ToUserName>
<FromUserName><![CDATA[o1Sf9wtXcv-0_umfLqJP6HMOjh_4]]></FromUserName>
<CreateTime>1475029274</CreateTime>
<MsgType><![CDATA[event]]></MsgType>
<Event><![CDATA[VIEW]]></Event>
<EventKey><![CDATA[http://mp.angelbeautyinc.com/app/index.php?i=8&c=entry&do=shop&m=ewei_shop]]></EventKey>
<MenuId>525101944</MenuId>
</xml>

2016-09-28 10:17:54 params :
------------
Array:
rule : -2 ;
module :  ;
message : Array ;

2016-09-28 10:17:54 response :
------------

2016-09-28 10:17:58 trace :
------------
String:
<xml><ToUserName><![CDATA[gh_fbee6dda34f1]]></ToUserName>
<FromUserName><![CDATA[o1Sf9wtXcv-0_umfLqJP6HMOjh_4]]></FromUserName>
<CreateTime>1475029274</CreateTime>
<MsgType><![CDATA[event]]></MsgType>
<Event><![CDATA[VIEW]]></Event>
<EventKey><![CDATA[http://mp.angelbeautyinc.com/app/index.php?i=8&c=entry&do=shop&m=ewei_shop]]></EventKey>
<MenuId>525101944</MenuId>
</xml>

2016-09-28 10:17:58 params :
------------
Array:
rule : -2 ;
module :  ;
message : Array ;

2016-09-28 10:17:58 response :
------------

2016-09-28 10:24:44 trace :
------------
String:
<xml><ToUserName><![CDATA[gh_fbee6dda34f1]]></ToUserName>
<FromUserName><![CDATA[o1Sf9wuUDDS_BM0G-CbKx2umOImU]]></FromUserName>
<CreateTime>1475029693</CreateTime>
<MsgType><![CDATA[event]]></MsgType>
<Event><![CDATA[VIEW]]></Event>
<EventKey><![CDATA[http://mp.angelbeautyinc.com/app/index.php?i=8&c=entry&do=shop&m=ewei_shop]]></EventKey>
<MenuId>525101944</MenuId>
</xml>

2016-09-28 10:24:44 params :
------------
Array:
rule : -2 ;
module :  ;
message : Array ;

2016-09-28 10:24:44 response :
------------

2016-09-28 10:26:51 trace :
------------
String:
<xml><ToUserName><![CDATA[gh_fbee6dda34f1]]></ToUserName>
<FromUserName><![CDATA[o1Sf9wuUDDS_BM0G-CbKx2umOImU]]></FromUserName>
<CreateTime>1475029820</CreateTime>
<MsgType><![CDATA[event]]></MsgType>
<Event><![CDATA[VIEW]]></Event>
<EventKey><![CDATA[http://mp.angelbeautyinc.com/app/aboutus.html#enterprise]]></EventKey>
<MenuId>525101944</MenuId>
</xml>

2016-09-28 10:26:51 params :
------------
Array:
rule : -2 ;
module :  ;
message : Array ;

2016-09-28 10:26:51 response :
------------

2016-09-28 11:14:48 trace :
------------
String:
<xml><ToUserName><![CDATA[gh_fbee6dda34f1]]></ToUserName>
<FromUserName><![CDATA[o1Sf9wuUDDS_BM0G-CbKx2umOImU]]></FromUserName>
<CreateTime>1475032697</CreateTime>
<MsgType><![CDATA[event]]></MsgType>
<Event><![CDATA[VIEW]]></Event>
<EventKey><![CDATA[http://mp.angelbeautyinc.com/app/index.php?i=8&c=entry&do=shop&m=ewei_shop]]></EventKey>
<MenuId>525101944</MenuId>
</xml>

2016-09-28 11:14:49 params :
------------
Array:
rule : -2 ;
module :  ;
message : Array ;

2016-09-28 11:14:49 response :
------------

2016-09-28 11:33:23 trace :
------------
String:
<xml><ToUserName><![CDATA[gh_fbee6dda34f1]]></ToUserName>
<FromUserName><![CDATA[o1Sf9wuUDDS_BM0G-CbKx2umOImU]]></FromUserName>
<CreateTime>1475033811</CreateTime>
<MsgType><![CDATA[event]]></MsgType>
<Event><![CDATA[VIEW]]></Event>
<EventKey><![CDATA[http://mp.angelbeautyinc.com/app/index.php?i=8&c=entry&do=shop&m=ewei_shop]]></EventKey>
<MenuId>525101944</MenuId>
</xml>

2016-09-28 11:33:23 params :
------------
Array:
rule : -2 ;
module :  ;
message : Array ;

2016-09-28 11:33:23 response :
------------

2016-09-28 11:55:53 trace :
------------
String:
<xml><ToUserName><![CDATA[gh_fbee6dda34f1]]></ToUserName>
<FromUserName><![CDATA[o1Sf9wtXcv-0_umfLqJP6HMOjh_4]]></FromUserName>
<CreateTime>1475035161</CreateTime>
<MsgType><![CDATA[text]]></MsgType>
<Content><![CDATA[！]]></Content>
<MsgId>6335227777470243559</MsgId>
</xml>

2016-09-28 11:55:53 params :
------------
Array:
rule : -2 ;
module :  ;
message : Array ;

2016-09-28 11:55:53 response :
------------

2016-09-28 12:03:34 trace :
------------
String:
<xml><ToUserName><![CDATA[gh_fbee6dda34f1]]></ToUserName>
<FromUserName><![CDATA[o1Sf9wtXcv-0_umfLqJP6HMOjh_4]]></FromUserName>
<CreateTime>1475035622</CreateTime>
<MsgType><![CDATA[event]]></MsgType>
<Event><![CDATA[subscribe]]></Event>
<EventKey><![CDATA[]]></EventKey>
</xml>

2016-09-28 12:03:34 params :
------------
Array:
message : Array ;
module : basic ;
rule : 22 ;
priority : 0 ;
keyword : Array ;

2016-09-28 12:03:34 response :
------------
Array:
FromUserName : gh_fbee6dda34f1 ;
ToUserName : o1Sf9wtXcv-0_umfLqJP6HMOjh_4 ;
MsgType : text ;
Content : 为梦想打拼的路上，
有曲折，有艰辛，
只要有强健的体魄，
我们无惧失败。。。
八年铸一品，
日复一日，
坚持、奋斗、创造。。。
每天酵果菜谱，
与您携手共创每一刻的人生精彩。
您的健康，有我在！
点击您的需求，接轨健康快线！ ;

2016-09-28 12:03:35 trace :
------------
String:
<xml><ToUserName><![CDATA[gh_fbee6dda34f1]]></ToUserName>
<FromUserName><![CDATA[o1Sf9wtXcv-0_umfLqJP6HMOjh_4]]></FromUserName>
<CreateTime>1475035618</CreateTime>
<MsgType><![CDATA[event]]></MsgType>
<Event><![CDATA[unsubscribe]]></Event>
<EventKey><![CDATA[]]></EventKey>
</xml>

2016-09-28 12:03:54 trace :
------------
String:
<xml><ToUserName><![CDATA[gh_fbee6dda34f1]]></ToUserName>
<FromUserName><![CDATA[o1Sf9wtXcv-0_umfLqJP6HMOjh_4]]></FromUserName>
<CreateTime>1475035641</CreateTime>
<MsgType><![CDATA[event]]></MsgType>
<Event><![CDATA[unsubscribe]]></Event>
<EventKey><![CDATA[]]></EventKey>
</xml>

2016-09-28 12:04:42 trace :
------------
String:
<xml><ToUserName><![CDATA[gh_fbee6dda34f1]]></ToUserName>
<FromUserName><![CDATA[o1Sf9wtXcv-0_umfLqJP6HMOjh_4]]></FromUserName>
<CreateTime>1475035680</CreateTime>
<MsgType><![CDATA[event]]></MsgType>
<Event><![CDATA[subscribe]]></Event>
<EventKey><![CDATA[]]></EventKey>
</xml>

2016-09-28 12:04:43 params :
------------
Array:
message : Array ;
module : news ;
rule : 26 ;
priority : 0 ;
keyword : Array ;

2016-09-28 12:04:43 response :
------------
Array:
FromUserName : gh_fbee6dda34f1 ;
ToUserName : o1Sf9wtXcv-0_umfLqJP6HMOjh_4 ;
MsgType : news ;
ArticleCount : 1 ;
Articles : Array ;

2016-09-28 12:04:45 trace :
------------
String:
<xml><ToUserName><![CDATA[gh_fbee6dda34f1]]></ToUserName>
<FromUserName><![CDATA[o1Sf9wtXcv-0_umfLqJP6HMOjh_4]]></FromUserName>
<CreateTime>1475035680</CreateTime>
<MsgType><![CDATA[event]]></MsgType>
<Event><![CDATA[subscribe]]></Event>
<EventKey><![CDATA[]]></EventKey>
</xml>

2016-09-28 12:04:45 params :
------------
Array:
message : Array ;
module : news ;
rule : 26 ;
priority : 0 ;
keyword : Array ;

2016-09-28 12:04:45 response :
------------
Array:
FromUserName : gh_fbee6dda34f1 ;
ToUserName : o1Sf9wtXcv-0_umfLqJP6HMOjh_4 ;
MsgType : news ;
ArticleCount : 1 ;
Articles : Array ;

2016-09-28 12:40:17 trace :
------------
String:
<xml><ToUserName><![CDATA[gh_fbee6dda34f1]]></ToUserName>
<FromUserName><![CDATA[o1Sf9wtXcv-0_umfLqJP6HMOjh_4]]></FromUserName>
<CreateTime>1475037825</CreateTime>
<MsgType><![CDATA[event]]></MsgType>
<Event><![CDATA[VIEW]]></Event>
<EventKey><![CDATA[http://mp.angelbeautyinc.com/app/index.php?i=8&c=entry&do=shop&m=ewei_shop]]></EventKey>
<MenuId>525101944</MenuId>
</xml>

2016-09-28 12:40:17 params :
------------
Array:
rule : -2 ;
module :  ;
message : Array ;

2016-09-28 12:40:17 response :
------------

2016-09-28 12:41:48 trace :
------------
String:
<xml><ToUserName><![CDATA[gh_fbee6dda34f1]]></ToUserName>
<FromUserName><![CDATA[o1Sf9wtXcv-0_umfLqJP6HMOjh_4]]></FromUserName>
<CreateTime>1475037908</CreateTime>
<MsgType><![CDATA[event]]></MsgType>
<Event><![CDATA[VIEW]]></Event>
<EventKey><![CDATA[http://mp.angelbeautyinc.com/app/index.php?i=8&c=entry&do=shop&m=ewei_shop]]></EventKey>
<MenuId>525101944</MenuId>
</xml>

2016-09-28 12:41:48 params :
------------
Array:
rule : -2 ;
module :  ;
message : Array ;

2016-09-28 12:41:48 response :
------------

2016-09-28 12:53:01 trace :
------------
String:
<xml><ToUserName><![CDATA[gh_fbee6dda34f1]]></ToUserName>
<FromUserName><![CDATA[o1Sf9wuUDDS_BM0G-CbKx2umOImU]]></FromUserName>
<CreateTime>1475038589</CreateTime>
<MsgType><![CDATA[event]]></MsgType>
<Event><![CDATA[VIEW]]></Event>
<EventKey><![CDATA[http://mp.angelbeautyinc.com/app/index.php?i=8&c=entry&do=shop&m=ewei_shop]]></EventKey>
<MenuId>525101944</MenuId>
</xml>

2016-09-28 12:53:01 params :
------------
Array:
rule : -2 ;
module :  ;
message : Array ;

2016-09-28 12:53:01 response :
------------

2016-09-28 12:59:26 trace :
------------
String:
<xml><ToUserName><![CDATA[gh_fbee6dda34f1]]></ToUserName>
<FromUserName><![CDATA[o1Sf9wuUDDS_BM0G-CbKx2umOImU]]></FromUserName>
<CreateTime>1475038975</CreateTime>
<MsgType><![CDATA[event]]></MsgType>
<Event><![CDATA[VIEW]]></Event>
<EventKey><![CDATA[http://mp.angelbeautyinc.com/app/index.php?i=8&c=entry&do=shop&m=ewei_shop]]></EventKey>
<MenuId>525101944</MenuId>
</xml>

2016-09-28 12:59:26 params :
------------
Array:
rule : -2 ;
module :  ;
message : Array ;

2016-09-28 12:59:26 response :
------------

2016-09-28 13:02:11 trace :
------------
String:
<xml><ToUserName><![CDATA[gh_fbee6dda34f1]]></ToUserName>
<FromUserName><![CDATA[o1Sf9wuUDDS_BM0G-CbKx2umOImU]]></FromUserName>
<CreateTime>1475039139</CreateTime>
<MsgType><![CDATA[event]]></MsgType>
<Event><![CDATA[VIEW]]></Event>
<EventKey><![CDATA[http://mp.angelbeautyinc.com/app/index.php?i=8&c=entry&do=shop&m=ewei_shop]]></EventKey>
<MenuId>525101944</MenuId>
</xml>

2016-09-28 13:02:11 params :
------------
Array:
rule : -2 ;
module :  ;
message : Array ;

2016-09-28 13:02:11 response :
------------

2016-09-28 13:15:09 trace :
------------
String:
<xml><ToUserName><![CDATA[gh_fbee6dda34f1]]></ToUserName>
<FromUserName><![CDATA[o1Sf9wkKBQehW95uXJpMpNu1EkCg]]></FromUserName>
<CreateTime>1475039917</CreateTime>
<MsgType><![CDATA[event]]></MsgType>
<Event><![CDATA[VIEW]]></Event>
<EventKey><![CDATA[http://mp.angelbeautyinc.com/app/index.php?i=8&c=entry&do=selfinspection&m=lrj_guide]]></EventKey>
<MenuId>525101944</MenuId>
</xml>

2016-09-28 13:15:09 params :
------------
Array:
rule : -2 ;
module :  ;
message : Array ;

2016-09-28 13:15:09 response :
------------

2016-09-28 13:16:05 trace :
------------
String:
<xml><ToUserName><![CDATA[gh_fbee6dda34f1]]></ToUserName>
<FromUserName><![CDATA[o1Sf9wkKBQehW95uXJpMpNu1EkCg]]></FromUserName>
<CreateTime>1475039974</CreateTime>
<MsgType><![CDATA[event]]></MsgType>
<Event><![CDATA[VIEW]]></Event>
<EventKey><![CDATA[http://mp.angelbeautyinc.com/app/index.php?i=8&c=entry&do=shop&m=ewei_shop]]></EventKey>
<MenuId>525101944</MenuId>
</xml>

2016-09-28 13:16:05 params :
------------
Array:
rule : -2 ;
module :  ;
message : Array ;

2016-09-28 13:16:05 response :
------------

2016-09-28 13:42:55 trace :
------------
String:
<xml><ToUserName><![CDATA[gh_fbee6dda34f1]]></ToUserName>
<FromUserName><![CDATA[o1Sf9wtXcv-0_umfLqJP6HMOjh_4]]></FromUserName>
<CreateTime>1475041583</CreateTime>
<MsgType><![CDATA[event]]></MsgType>
<Event><![CDATA[VIEW]]></Event>
<EventKey><![CDATA[http://mp.angelbeautyinc.com/app/index.php?i=8&c=entry&do=shop&m=ewei_shop]]></EventKey>
<MenuId>525101944</MenuId>
</xml>

2016-09-28 13:42:55 params :
------------
Array:
rule : -2 ;
module :  ;
message : Array ;

2016-09-28 13:42:55 response :
------------

2016-09-28 14:02:29 trace :
------------
String:
<xml><ToUserName><![CDATA[gh_fbee6dda34f1]]></ToUserName>
<FromUserName><![CDATA[o1Sf9wtXcv-0_umfLqJP6HMOjh_4]]></FromUserName>
<CreateTime>1475042757</CreateTime>
<MsgType><![CDATA[event]]></MsgType>
<Event><![CDATA[VIEW]]></Event>
<EventKey><![CDATA[http://mp.angelbeautyinc.com/app/index.php?i=8&c=entry&do=shop&m=ewei_shop]]></EventKey>
<MenuId>525101944</MenuId>
</xml>

2016-09-28 14:02:29 params :
------------
Array:
rule : -2 ;
module :  ;
message : Array ;

2016-09-28 14:02:29 response :
------------

2016-09-28 14:02:37 trace :
------------
String:
<xml><ToUserName><![CDATA[gh_fbee6dda34f1]]></ToUserName>
<FromUserName><![CDATA[o1Sf9wtXcv-0_umfLqJP6HMOjh_4]]></FromUserName>
<CreateTime>1475042757</CreateTime>
<MsgType><![CDATA[event]]></MsgType>
<Event><![CDATA[VIEW]]></Event>
<EventKey><![CDATA[http://mp.angelbeautyinc.com/app/index.php?i=8&c=entry&do=shop&m=ewei_shop]]></EventKey>
<MenuId>525101944</MenuId>
</xml>

2016-09-28 14:02:37 params :
------------
Array:
rule : -2 ;
module :  ;
message : Array ;

2016-09-28 14:02:37 response :
------------

2016-09-28 14:06:11 trace :
------------
String:
<xml><ToUserName><![CDATA[gh_fbee6dda34f1]]></ToUserName>
<FromUserName><![CDATA[o1Sf9wuUDDS_BM0G-CbKx2umOImU]]></FromUserName>
<CreateTime>1475042979</CreateTime>
<MsgType><![CDATA[event]]></MsgType>
<Event><![CDATA[VIEW]]></Event>
<EventKey><![CDATA[http://mp.angelbeautyinc.com/app/index.php?i=8&c=entry&do=shop&m=ewei_shop]]></EventKey>
<MenuId>525101944</MenuId>
</xml>

2016-09-28 14:06:11 params :
------------
Array:
rule : -2 ;
module :  ;
message : Array ;

2016-09-28 14:06:11 response :
------------

2016-09-28 14:07:39 trace :
------------
String:
<xml><ToUserName><![CDATA[gh_fbee6dda34f1]]></ToUserName>
<FromUserName><![CDATA[o1Sf9wuUDDS_BM0G-CbKx2umOImU]]></FromUserName>
<CreateTime>1475043067</CreateTime>
<MsgType><![CDATA[event]]></MsgType>
<Event><![CDATA[VIEW]]></Event>
<EventKey><![CDATA[http://mp.angelbeautyinc.com/app/index.php?i=8&c=entry&do=shop&m=ewei_shop]]></EventKey>
<MenuId>525101944</MenuId>
</xml>

2016-09-28 14:07:39 params :
------------
Array:
rule : -2 ;
module :  ;
message : Array ;

2016-09-28 14:07:39 response :
------------

2016-09-28 14:35:31 trace :
------------
String:
<xml><ToUserName><![CDATA[gh_fbee6dda34f1]]></ToUserName>
<FromUserName><![CDATA[o1Sf9wuUDDS_BM0G-CbKx2umOImU]]></FromUserName>
<CreateTime>1475044736</CreateTime>
<MsgType><![CDATA[event]]></MsgType>
<Event><![CDATA[VIEW]]></Event>
<EventKey><![CDATA[http://mp.angelbeautyinc.com/app/index.php?i=8&c=entry&do=shop&m=ewei_shop]]></EventKey>
<MenuId>525101944</MenuId>
</xml>

2016-09-28 14:35:31 params :
------------
Array:
rule : -2 ;
module :  ;
message : Array ;

2016-09-28 14:35:31 response :
------------

2016-09-28 14:39:16 trace :
------------
String:
<xml><ToUserName><![CDATA[gh_fbee6dda34f1]]></ToUserName>
<FromUserName><![CDATA[o1Sf9wh6vHNzBtcODxBVyLMnuXAA]]></FromUserName>
<CreateTime>1475044964</CreateTime>
<MsgType><![CDATA[event]]></MsgType>
<Event><![CDATA[unsubscribe]]></Event>
<EventKey><![CDATA[]]></EventKey>
</xml>

2016-09-28 14:39:30 trace :
------------
String:
<xml><ToUserName><![CDATA[gh_fbee6dda34f1]]></ToUserName>
<FromUserName><![CDATA[o1Sf9wh6vHNzBtcODxBVyLMnuXAA]]></FromUserName>
<CreateTime>1475044978</CreateTime>
<MsgType><![CDATA[event]]></MsgType>
<Event><![CDATA[subscribe]]></Event>
<EventKey><![CDATA[]]></EventKey>
</xml>

2016-09-28 14:39:30 params :
------------
Array:
message : Array ;
module : news ;
rule : 26 ;
priority : 0 ;
keyword : Array ;

2016-09-28 14:39:30 response :
------------
Array:
FromUserName : gh_fbee6dda34f1 ;
ToUserName : o1Sf9wh6vHNzBtcODxBVyLMnuXAA ;
MsgType : news ;
ArticleCount : 1 ;
Articles : Array ;

2016-09-28 14:43:34 trace :
------------
String:
<xml><ToUserName><![CDATA[gh_fbee6dda34f1]]></ToUserName>
<FromUserName><![CDATA[o1Sf9wkKBQehW95uXJpMpNu1EkCg]]></FromUserName>
<CreateTime>1475045223</CreateTime>
<MsgType><![CDATA[event]]></MsgType>
<Event><![CDATA[VIEW]]></Event>
<EventKey><![CDATA[http://mp.angelbeautyinc.com/app/index.php?i=8&c=entry&do=shop&m=ewei_shop]]></EventKey>
<MenuId>525101944</MenuId>
</xml>

2016-09-28 14:43:34 params :
------------
Array:
rule : -2 ;
module :  ;
message : Array ;

2016-09-28 14:43:34 response :
------------

2016-09-28 14:59:24 trace :
------------
String:
<xml><ToUserName><![CDATA[gh_fbee6dda34f1]]></ToUserName>
<FromUserName><![CDATA[o1Sf9wkKBQehW95uXJpMpNu1EkCg]]></FromUserName>
<CreateTime>1475046173</CreateTime>
<MsgType><![CDATA[event]]></MsgType>
<Event><![CDATA[VIEW]]></Event>
<EventKey><![CDATA[http://mp.angelbeautyinc.com/app/index.php?i=8&c=entry&do=shop&m=ewei_shop]]></EventKey>
<MenuId>525101944</MenuId>
</xml>

2016-09-28 14:59:24 params :
------------
Array:
rule : -2 ;
module :  ;
message : Array ;

2016-09-28 14:59:24 response :
------------

2016-09-28 15:00:55 trace :
------------
String:
<xml><ToUserName><![CDATA[gh_fbee6dda34f1]]></ToUserName>
<FromUserName><![CDATA[o1Sf9wuUDDS_BM0G-CbKx2umOImU]]></FromUserName>
<CreateTime>1475046263</CreateTime>
<MsgType><![CDATA[event]]></MsgType>
<Event><![CDATA[VIEW]]></Event>
<EventKey><![CDATA[http://mp.angelbeautyinc.com/app/index.php?i=8&c=entry&do=shop&m=ewei_shop]]></EventKey>
<MenuId>525101944</MenuId>
</xml>

2016-09-28 15:00:55 params :
------------
Array:
rule : -2 ;
module :  ;
message : Array ;

2016-09-28 15:00:55 response :
------------

2016-09-28 15:09:10 trace :
------------
String:
<xml><ToUserName><![CDATA[gh_fbee6dda34f1]]></ToUserName>
<FromUserName><![CDATA[o1Sf9wuUDDS_BM0G-CbKx2umOImU]]></FromUserName>
<CreateTime>1475046758</CreateTime>
<MsgType><![CDATA[event]]></MsgType>
<Event><![CDATA[VIEW]]></Event>
<EventKey><![CDATA[http://mp.angelbeautyinc.com/app/index.php?i=8&c=entry&do=shop&m=ewei_shop]]></EventKey>
<MenuId>525101944</MenuId>
</xml>

2016-09-28 15:09:10 params :
------------
Array:
rule : -2 ;
module :  ;
message : Array ;

2016-09-28 15:09:10 response :
------------

2016-09-28 15:23:11 trace :
------------
String:
<xml><ToUserName><![CDATA[gh_fbee6dda34f1]]></ToUserName>
<FromUserName><![CDATA[o1Sf9wkRRScI1TMsZGeSag5I2ulk]]></FromUserName>
<CreateTime>1475047599</CreateTime>
<MsgType><![CDATA[event]]></MsgType>
<Event><![CDATA[unsubscribe]]></Event>
<EventKey><![CDATA[]]></EventKey>
</xml>

2016-09-28 15:23:59 trace :
------------
String:
<xml><ToUserName><![CDATA[gh_fbee6dda34f1]]></ToUserName>
<FromUserName><![CDATA[o1Sf9wkKBQehW95uXJpMpNu1EkCg]]></FromUserName>
<CreateTime>1475047647</CreateTime>
<MsgType><![CDATA[event]]></MsgType>
<Event><![CDATA[VIEW]]></Event>
<EventKey><![CDATA[http://mp.angelbeautyinc.com/app/aboutus.html#enterprise]]></EventKey>
<MenuId>525101944</MenuId>
</xml>

2016-09-28 15:23:59 params :
------------
Array:
rule : -2 ;
module :  ;
message : Array ;

2016-09-28 15:23:59 response :
------------

2016-09-28 15:24:01 trace :
------------
String:
<xml><ToUserName><![CDATA[gh_fbee6dda34f1]]></ToUserName>
<FromUserName><![CDATA[o1Sf9wkRRScI1TMsZGeSag5I2ulk]]></FromUserName>
<CreateTime>1475047650</CreateTime>
<MsgType><![CDATA[event]]></MsgType>
<Event><![CDATA[subscribe]]></Event>
<EventKey><![CDATA[]]></EventKey>
</xml>

2016-09-28 15:24:01 params :
------------
Array:
message : Array ;
module : news ;
rule : 26 ;
priority : 0 ;
keyword : Array ;

2016-09-28 15:24:01 response :
------------
Array:
FromUserName : gh_fbee6dda34f1 ;
ToUserName : o1Sf9wkRRScI1TMsZGeSag5I2ulk ;
MsgType : news ;
ArticleCount : 1 ;
Articles : Array ;

2016-09-28 15:24:26 trace :
------------
String:
<xml><ToUserName><![CDATA[gh_fbee6dda34f1]]></ToUserName>
<FromUserName><![CDATA[o1Sf9wkKBQehW95uXJpMpNu1EkCg]]></FromUserName>
<CreateTime>1475047674</CreateTime>
<MsgType><![CDATA[event]]></MsgType>
<Event><![CDATA[VIEW]]></Event>
<EventKey><![CDATA[http://mp.angelbeautyinc.com/app/index.php?i=8&c=entry&do=shop&m=ewei_shop]]></EventKey>
<MenuId>525101944</MenuId>
</xml>

2016-09-28 15:24:26 params :
------------
Array:
rule : -2 ;
module :  ;
message : Array ;

2016-09-28 15:24:26 response :
------------

2016-09-28 15:27:25 trace :
------------
String:
<xml><ToUserName><![CDATA[gh_fbee6dda34f1]]></ToUserName>
<FromUserName><![CDATA[o1Sf9wkKBQehW95uXJpMpNu1EkCg]]></FromUserName>
<CreateTime>1475047853</CreateTime>
<MsgType><![CDATA[event]]></MsgType>
<Event><![CDATA[unsubscribe]]></Event>
<EventKey><![CDATA[]]></EventKey>
</xml>

2016-09-28 15:27:38 trace :
------------
String:
<xml><ToUserName><![CDATA[gh_fbee6dda34f1]]></ToUserName>
<FromUserName><![CDATA[o1Sf9wkKBQehW95uXJpMpNu1EkCg]]></FromUserName>
<CreateTime>1475047866</CreateTime>
<MsgType><![CDATA[event]]></MsgType>
<Event><![CDATA[subscribe]]></Event>
<EventKey><![CDATA[]]></EventKey>
</xml>

2016-09-28 15:27:38 params :
------------
Array:
message : Array ;
module : news ;
rule : 26 ;
priority : 0 ;
keyword : Array ;

2016-09-28 15:27:38 response :
------------
Array:
FromUserName : gh_fbee6dda34f1 ;
ToUserName : o1Sf9wkKBQehW95uXJpMpNu1EkCg ;
MsgType : news ;
ArticleCount : 1 ;
Articles : Array ;

2016-09-28 15:32:49 trace :
------------
String:
<xml><ToUserName><![CDATA[gh_fbee6dda34f1]]></ToUserName>
<FromUserName><![CDATA[o1Sf9wioAX5z70vJgOkEkckdWi6M]]></FromUserName>
<CreateTime>1475048176</CreateTime>
<MsgType><![CDATA[event]]></MsgType>
<Event><![CDATA[VIEW]]></Event>
<EventKey><![CDATA[http://mp.angelbeautyinc.com/app/aboutus.html#enterprise]]></EventKey>
<MenuId>525101944</MenuId>
</xml>

2016-09-28 15:32:49 params :
------------
Array:
rule : -2 ;
module :  ;
message : Array ;

2016-09-28 15:32:49 response :
------------

2016-09-28 15:32:57 trace :
------------
String:
<xml><ToUserName><![CDATA[gh_fbee6dda34f1]]></ToUserName>
<FromUserName><![CDATA[o1Sf9wioAX5z70vJgOkEkckdWi6M]]></FromUserName>
<CreateTime>1475048176</CreateTime>
<MsgType><![CDATA[event]]></MsgType>
<Event><![CDATA[VIEW]]></Event>
<EventKey><![CDATA[http://mp.angelbeautyinc.com/app/aboutus.html#enterprise]]></EventKey>
<MenuId>525101944</MenuId>
</xml>

2016-09-28 15:32:57 params :
------------
Array:
rule : -2 ;
module :  ;
message : Array ;

2016-09-28 15:32:57 response :
------------

2016-09-28 15:33:27 trace :
------------
String:
<xml><ToUserName><![CDATA[gh_fbee6dda34f1]]></ToUserName>
<FromUserName><![CDATA[o1Sf9wioAX5z70vJgOkEkckdWi6M]]></FromUserName>
<CreateTime>1475048215</CreateTime>
<MsgType><![CDATA[event]]></MsgType>
<Event><![CDATA[VIEW]]></Event>
<EventKey><![CDATA[http://mp.angelbeautyinc.com/app/aboutus.html#brand]]></EventKey>
<MenuId>525101944</MenuId>
</xml>

2016-09-28 15:33:27 params :
------------
Array:
rule : -2 ;
module :  ;
message : Array ;

2016-09-28 15:33:27 response :
------------

2016-09-28 16:12:11 trace :
------------
String:
<xml><ToUserName><![CDATA[gh_fbee6dda34f1]]></ToUserName>
<FromUserName><![CDATA[o1Sf9wkKBQehW95uXJpMpNu1EkCg]]></FromUserName>
<CreateTime>1475050540</CreateTime>
<MsgType><![CDATA[event]]></MsgType>
<Event><![CDATA[VIEW]]></Event>
<EventKey><![CDATA[http://mp.angelbeautyinc.com/app/index.php?i=8&c=entry&do=shop&m=ewei_shop]]></EventKey>
<MenuId>525101944</MenuId>
</xml>

2016-09-28 16:12:11 params :
------------
Array:
rule : -2 ;
module :  ;
message : Array ;

2016-09-28 16:12:11 response :
------------

2016-09-28 16:13:14 trace :
------------
String:
<xml><ToUserName><![CDATA[gh_fbee6dda34f1]]></ToUserName>
<FromUserName><![CDATA[o1Sf9wkKBQehW95uXJpMpNu1EkCg]]></FromUserName>
<CreateTime>1475050603</CreateTime>
<MsgType><![CDATA[event]]></MsgType>
<Event><![CDATA[VIEW]]></Event>
<EventKey><![CDATA[http://mp.angelbeautyinc.com/app/index.php?i=8&c=entry&do=shop&m=ewei_shop]]></EventKey>
<MenuId>525101944</MenuId>
</xml>

2016-09-28 16:13:14 params :
------------
Array:
rule : -2 ;
module :  ;
message : Array ;

2016-09-28 16:13:14 response :
------------

2016-09-28 16:17:30 trace :
------------
String:
<xml><ToUserName><![CDATA[gh_fbee6dda34f1]]></ToUserName>
<FromUserName><![CDATA[o1Sf9wkKBQehW95uXJpMpNu1EkCg]]></FromUserName>
<CreateTime>1475050858</CreateTime>
<MsgType><![CDATA[event]]></MsgType>
<Event><![CDATA[VIEW]]></Event>
<EventKey><![CDATA[http://mp.angelbeautyinc.com/app/index.php?i=8&c=entry&do=member&m=ewei_shop]]></EventKey>
<MenuId>525101944</MenuId>
</xml>

2016-09-28 16:17:30 params :
------------
Array:
rule : -2 ;
module :  ;
message : Array ;

2016-09-28 16:17:30 response :
------------

2016-09-28 16:19:59 trace :
------------
String:
<xml><ToUserName><![CDATA[gh_fbee6dda34f1]]></ToUserName>
<FromUserName><![CDATA[o1Sf9wsrOcd0En-jeTZ27YHvFfBI]]></FromUserName>
<CreateTime>1475051008</CreateTime>
<MsgType><![CDATA[event]]></MsgType>
<Event><![CDATA[VIEW]]></Event>
<EventKey><![CDATA[http://mp.angelbeautyinc.com/app/index.php?i=8&c=entry&do=shop&m=ewei_shop]]></EventKey>
<MenuId>525101944</MenuId>
</xml>

2016-09-28 16:19:59 params :
------------
Array:
rule : -2 ;
module :  ;
message : Array ;

2016-09-28 16:19:59 response :
------------

2016-09-28 16:24:14 trace :
------------
String:
<xml><ToUserName><![CDATA[gh_fbee6dda34f1]]></ToUserName>
<FromUserName><![CDATA[o1Sf9wh6vHNzBtcODxBVyLMnuXAA]]></FromUserName>
<CreateTime>1475051259</CreateTime>
<MsgType><![CDATA[event]]></MsgType>
<Event><![CDATA[VIEW]]></Event>
<EventKey><![CDATA[http://mp.angelbeautyinc.com/app/index.php?i=8&c=entry&do=member&m=ewei_shop]]></EventKey>
<MenuId>525101944</MenuId>
</xml>

2016-09-28 16:24:14 params :
------------
Array:
rule : -2 ;
module :  ;
message : Array ;

2016-09-28 16:24:14 response :
------------

2016-09-28 19:07:25 trace :
------------
String:
<xml><ToUserName><![CDATA[gh_fbee6dda34f1]]></ToUserName>
<FromUserName><![CDATA[o1Sf9wv9MWz8rOgB8rO5Xd98i9JI]]></FromUserName>
<CreateTime>1475061053</CreateTime>
<MsgType><![CDATA[event]]></MsgType>
<Event><![CDATA[VIEW]]></Event>
<EventKey><![CDATA[http://mp.angelbeautyinc.com/app/aboutus.html#enterprise]]></EventKey>
<MenuId>525101944</MenuId>
</xml>

2016-09-28 19:07:25 params :
------------
Array:
rule : -2 ;
module :  ;
message : Array ;

2016-09-28 19:07:25 response :
------------

