2016-02-18 08:38:56 trace :
------------
Array:
from : oqCObuCkHHNE8gRdIBme5NYKkOdg ;
to : gh_5013f37369ce ;
time : 1455755942 ;
type : event ;
event : VIEW ;
tousername : gh_5013f37369ce ;
fromusername : oqCObuCkHHNE8gRdIBme5NYKkOdg ;
createtime : 1455755942 ;
msgtype : event ;
eventkey : http://mp.weixin.qq.com/s?__biz=MzA5MzE5NzExNw==&mid=10001097&idx=1&sn=8338ffe385dcd8dd1f376fc1a2fd50ff&scene=18#rd ;
menuid : 208007648 ;

2016-02-18 08:38:56 params :
------------
Array:
rule : -2 ;
module :  ;
message : Array ;

2016-02-18 08:38:56 response :
------------

2016-02-18 08:40:38 trace :
------------
Array:
from : oqCObuIpo0LHsjkJ6XUuvxMcIMek ;
to : gh_5013f37369ce ;
time : 1455756044 ;
type : event ;
event : VIEW ;
tousername : gh_5013f37369ce ;
fromusername : oqCObuIpo0LHsjkJ6XUuvxMcIMek ;
createtime : 1455756044 ;
msgtype : event ;
eventkey : http://mp.weixin.qq.com/s?__biz=MzA5MzE5NzExNw==&mid=10001097&idx=1&sn=8338ffe385dcd8dd1f376fc1a2fd50ff&scene=18#rd ;
menuid : 208007648 ;

2016-02-18 08:40:38 params :
------------
Array:
rule : -2 ;
module :  ;
message : Array ;

2016-02-18 08:40:38 response :
------------

2016-02-18 10:16:12 trace :
------------
Array:
from : oqCObuCKUazduyT9XCldR0orv7dY ;
to : gh_5013f37369ce ;
time : 1455761778 ;
type : event ;
event : VIEW ;
tousername : gh_5013f37369ce ;
fromusername : oqCObuCKUazduyT9XCldR0orv7dY ;
createtime : 1455761778 ;
msgtype : event ;
eventkey : http://mp.weixin.qq.com/s?__biz=MzA5MzE5NzExNw==&mid=10001097&idx=1&sn=8338ffe385dcd8dd1f376fc1a2fd50ff&scene=18#rd ;
menuid : 208007648 ;

2016-02-18 10:16:12 params :
------------
Array:
rule : -2 ;
module :  ;
message : Array ;

2016-02-18 10:16:12 response :
------------

2016-02-18 10:16:50 trace :
------------
Array:
from : oqCObuCKUazduyT9XCldR0orv7dY ;
to : gh_5013f37369ce ;
time : 1455761817 ;
type : event ;
event : VIEW ;
tousername : gh_5013f37369ce ;
fromusername : oqCObuCKUazduyT9XCldR0orv7dY ;
createtime : 1455761817 ;
msgtype : event ;
eventkey : http://mp.weixin.qq.com/s?__biz=MzA5MzE5NzExNw==&mid=10001097&idx=1&sn=8338ffe385dcd8dd1f376fc1a2fd50ff&scene=18#rd ;
menuid : 208007648 ;

2016-02-18 10:16:50 params :
------------
Array:
rule : -2 ;
module :  ;
message : Array ;

2016-02-18 10:16:50 response :
------------

2016-02-18 10:16:59 trace :
------------
Array:
from : oqCObuCKUazduyT9XCldR0orv7dY ;
to : gh_5013f37369ce ;
time : 1455761825 ;
type : event ;
event : VIEW ;
tousername : gh_5013f37369ce ;
fromusername : oqCObuCKUazduyT9XCldR0orv7dY ;
createtime : 1455761825 ;
msgtype : event ;
eventkey : http://mp.weixin.qq.com/s?__biz=MzA5MzE5NzExNw==&mid=10001097&idx=1&sn=8338ffe385dcd8dd1f376fc1a2fd50ff&scene=18#rd ;
menuid : 208007648 ;

2016-02-18 10:16:59 params :
------------
Array:
rule : -2 ;
module :  ;
message : Array ;

2016-02-18 10:16:59 response :
------------

2016-02-18 10:17:27 trace :
------------
Array:
from : oqCObuCKUazduyT9XCldR0orv7dY ;
to : gh_5013f37369ce ;
time : 1455761853 ;
type : event ;
event : VIEW ;
tousername : gh_5013f37369ce ;
fromusername : oqCObuCKUazduyT9XCldR0orv7dY ;
createtime : 1455761853 ;
msgtype : event ;
eventkey : http://mp.weixin.qq.com/s?__biz=MzA5MzE5NzExNw==&mid=10001097&idx=1&sn=8338ffe385dcd8dd1f376fc1a2fd50ff&scene=18#rd ;
menuid : 208007648 ;

2016-02-18 10:17:27 params :
------------
Array:
rule : -2 ;
module :  ;
message : Array ;

2016-02-18 10:17:27 response :
------------

2016-02-18 10:17:31 trace :
------------
Array:
from : oqCObuCKUazduyT9XCldR0orv7dY ;
to : gh_5013f37369ce ;
time : 1455761857 ;
type : event ;
event : VIEW ;
tousername : gh_5013f37369ce ;
fromusername : oqCObuCKUazduyT9XCldR0orv7dY ;
createtime : 1455761857 ;
msgtype : event ;
eventkey : http://mp.weixin.qq.com/s?__biz=MzA5MzE5NzExNw==&mid=10001097&idx=1&sn=8338ffe385dcd8dd1f376fc1a2fd50ff&scene=18#rd ;
menuid : 208007648 ;

2016-02-18 10:17:31 params :
------------
Array:
rule : -2 ;
module :  ;
message : Array ;

2016-02-18 10:17:31 response :
------------

2016-02-18 10:17:41 trace :
------------
Array:
from : oqCObuCKUazduyT9XCldR0orv7dY ;
to : gh_5013f37369ce ;
time : 1455761867 ;
type : event ;
event : VIEW ;
tousername : gh_5013f37369ce ;
fromusername : oqCObuCKUazduyT9XCldR0orv7dY ;
createtime : 1455761867 ;
msgtype : event ;
eventkey : http://mp.weixin.qq.com/s?__biz=MzA5MzE5NzExNw==&mid=10001097&idx=1&sn=8338ffe385dcd8dd1f376fc1a2fd50ff&scene=18#rd ;
menuid : 208007648 ;

2016-02-18 10:17:41 params :
------------
Array:
rule : -2 ;
module :  ;
message : Array ;

2016-02-18 10:17:41 response :
------------

2016-02-18 10:17:51 trace :
------------
Array:
from : oqCObuCKUazduyT9XCldR0orv7dY ;
to : gh_5013f37369ce ;
time : 1455761877 ;
type : event ;
event : VIEW ;
tousername : gh_5013f37369ce ;
fromusername : oqCObuCKUazduyT9XCldR0orv7dY ;
createtime : 1455761877 ;
msgtype : event ;
eventkey : http://mp.weixin.qq.com/s?__biz=MzA5MzE5NzExNw==&mid=10001097&idx=1&sn=8338ffe385dcd8dd1f376fc1a2fd50ff&scene=18#rd ;
menuid : 208007648 ;

2016-02-18 10:17:51 params :
------------
Array:
rule : -2 ;
module :  ;
message : Array ;

2016-02-18 10:17:51 response :
------------

2016-02-18 11:08:40 trace :
------------
Array:
from : oqCObuKQb3cgEnxxcutejpI8KftQ ;
to : gh_5013f37369ce ;
time : 1455764926 ;
type : event ;
event : subscribe ;
tousername : gh_5013f37369ce ;
fromusername : oqCObuKQb3cgEnxxcutejpI8KftQ ;
createtime : 1455764926 ;
msgtype : event ;
eventkey :  ;

2016-02-18 11:08:40 params :
------------
Array:
rule : -2 ;
module :  ;
message : Array ;

2016-02-18 11:08:40 response :
------------

2016-02-18 12:55:37 trace :
------------
Array:
from : oqCObuCKUazduyT9XCldR0orv7dY ;
to : gh_5013f37369ce ;
time : 1455771340 ;
type : event ;
event : VIEW ;
tousername : gh_5013f37369ce ;
fromusername : oqCObuCKUazduyT9XCldR0orv7dY ;
createtime : 1455771340 ;
msgtype : event ;
eventkey : http://mp.weixin.qq.com/s?__biz=MzA5MzE5NzExNw==&mid=10001097&idx=1&sn=8338ffe385dcd8dd1f376fc1a2fd50ff&scene=18#rd ;
menuid : 208007648 ;

2016-02-18 12:55:37 params :
------------
Array:
rule : -2 ;
module :  ;
message : Array ;

2016-02-18 12:55:37 response :
------------

2016-02-18 14:09:04 trace :
------------
Array:
from : oqCObuGRyzE0xsxkNnIsmqjrCtyo ;
to : gh_5013f37369ce ;
time : 1455775750 ;
type : event ;
event : VIEW ;
tousername : gh_5013f37369ce ;
fromusername : oqCObuGRyzE0xsxkNnIsmqjrCtyo ;
createtime : 1455775750 ;
msgtype : event ;
eventkey : http://mp.weixin.qq.com/s?__biz=MzA5MzE5NzExNw==&mid=10001097&idx=1&sn=8338ffe385dcd8dd1f376fc1a2fd50ff&scene=18#rd ;
menuid : 208007648 ;

2016-02-18 14:09:04 params :
------------
Array:
rule : -2 ;
module :  ;
message : Array ;

2016-02-18 14:09:04 response :
------------

2016-02-18 14:09:11 trace :
------------
Array:
from : oqCObuGRyzE0xsxkNnIsmqjrCtyo ;
to : gh_5013f37369ce ;
time : 1455775757 ;
type : event ;
event : VIEW ;
tousername : gh_5013f37369ce ;
fromusername : oqCObuGRyzE0xsxkNnIsmqjrCtyo ;
createtime : 1455775757 ;
msgtype : event ;
eventkey : http://mp.weixin.qq.com/s?__biz=MzA5MzE5NzExNw==&mid=10001097&idx=1&sn=8338ffe385dcd8dd1f376fc1a2fd50ff&scene=18#rd ;
menuid : 208007648 ;

2016-02-18 14:09:11 params :
------------
Array:
rule : -2 ;
module :  ;
message : Array ;

2016-02-18 14:09:11 response :
------------

2016-02-18 14:09:17 trace :
------------
Array:
from : oqCObuGRyzE0xsxkNnIsmqjrCtyo ;
to : gh_5013f37369ce ;
time : 1455775763 ;
type : event ;
event : VIEW ;
tousername : gh_5013f37369ce ;
fromusername : oqCObuGRyzE0xsxkNnIsmqjrCtyo ;
createtime : 1455775763 ;
msgtype : event ;
eventkey : http://mp.weixin.qq.com/s?__biz=MzA5MzE5NzExNw==&mid=10001097&idx=1&sn=8338ffe385dcd8dd1f376fc1a2fd50ff&scene=18#rd ;
menuid : 208007648 ;

2016-02-18 14:09:17 params :
------------
Array:
rule : -2 ;
module :  ;
message : Array ;

2016-02-18 14:09:17 response :
------------

2016-02-18 15:35:33 trace :
------------
Array:
from : oqCObuKHxmRskMk2nwAAieqhD7_Y ;
to : gh_5013f37369ce ;
time : 1455780936 ;
type : event ;
event : subscribe ;
tousername : gh_5013f37369ce ;
fromusername : oqCObuKHxmRskMk2nwAAieqhD7_Y ;
createtime : 1455780936 ;
msgtype : event ;
eventkey :  ;

2016-02-18 15:35:33 params :
------------
Array:
rule : -2 ;
module :  ;
message : Array ;

2016-02-18 15:35:33 response :
------------

2016-02-18 15:35:50 trace :
------------
Array:
from : oqCObuKHxmRskMk2nwAAieqhD7_Y ;
to : gh_5013f37369ce ;
time : 1455780956 ;
type : event ;
event : VIEW ;
tousername : gh_5013f37369ce ;
fromusername : oqCObuKHxmRskMk2nwAAieqhD7_Y ;
createtime : 1455780956 ;
msgtype : event ;
eventkey : http://mp.weixin.qq.com/s?__biz=MzA5MzE5NzExNw==&mid=10001097&idx=1&sn=8338ffe385dcd8dd1f376fc1a2fd50ff&scene=18#rd ;
menuid : 208007648 ;

2016-02-18 15:35:50 params :
------------
Array:
rule : -2 ;
module :  ;
message : Array ;

2016-02-18 15:35:50 response :
------------

2016-02-18 15:53:11 trace :
------------
Array:
from : oqCObuILXt2GP5p1R2X79OLXSv08 ;
to : gh_5013f37369ce ;
time : 1455781997 ;
type : event ;
event : VIEW ;
tousername : gh_5013f37369ce ;
fromusername : oqCObuILXt2GP5p1R2X79OLXSv08 ;
createtime : 1455781997 ;
msgtype : event ;
eventkey : http://mp.weixin.qq.com/s?__biz=MzA5MzE5NzExNw==&mid=10001097&idx=1&sn=8338ffe385dcd8dd1f376fc1a2fd50ff&scene=18#rd ;
menuid : 208007648 ;

2016-02-18 15:53:11 params :
------------
Array:
rule : -2 ;
module :  ;
message : Array ;

2016-02-18 15:53:11 response :
------------

2016-02-18 15:53:24 trace :
------------
Array:
from : oqCObuILXt2GP5p1R2X79OLXSv08 ;
to : gh_5013f37369ce ;
time : 1455782010 ;
type : event ;
event : VIEW ;
tousername : gh_5013f37369ce ;
fromusername : oqCObuILXt2GP5p1R2X79OLXSv08 ;
createtime : 1455782010 ;
msgtype : event ;
eventkey : http://mp.weixin.qq.com/s?__biz=MzA5MzE5NzExNw==&mid=10001097&idx=1&sn=8338ffe385dcd8dd1f376fc1a2fd50ff&scene=18#rd ;
menuid : 208007648 ;

2016-02-18 15:53:24 params :
------------
Array:
rule : -2 ;
module :  ;
message : Array ;

2016-02-18 15:53:24 response :
------------

2016-02-18 15:53:58 trace :
------------
Array:
from : oqCObuKSxv-Rev1yP7vZDcJFSLXk ;
to : gh_5013f37369ce ;
time : 1455782041 ;
type : event ;
event : VIEW ;
tousername : gh_5013f37369ce ;
fromusername : oqCObuKSxv-Rev1yP7vZDcJFSLXk ;
createtime : 1455782041 ;
msgtype : event ;
eventkey : http://mp.weixin.qq.com/s?__biz=MzA5MzE5NzExNw==&mid=10001097&idx=1&sn=8338ffe385dcd8dd1f376fc1a2fd50ff&scene=18#rd ;
menuid : 208007648 ;

2016-02-18 15:53:58 params :
------------
Array:
rule : -2 ;
module :  ;
message : Array ;

2016-02-18 15:53:58 response :
------------

2016-02-18 15:55:20 trace :
------------
Array:
from : oqCObuKSxv-Rev1yP7vZDcJFSLXk ;
to : gh_5013f37369ce ;
time : 1455782123 ;
type : event ;
event : VIEW ;
tousername : gh_5013f37369ce ;
fromusername : oqCObuKSxv-Rev1yP7vZDcJFSLXk ;
createtime : 1455782123 ;
msgtype : event ;
eventkey : http://mp.weixin.qq.com/s?__biz=MzA5MzE5NzExNw==&mid=10001097&idx=1&sn=8338ffe385dcd8dd1f376fc1a2fd50ff&scene=18#rd ;
menuid : 208007648 ;

2016-02-18 15:55:20 params :
------------
Array:
rule : -2 ;
module :  ;
message : Array ;

2016-02-18 15:55:20 response :
------------

2016-02-18 15:56:28 trace :
------------
Array:
from : oqCObuKSxv-Rev1yP7vZDcJFSLXk ;
to : gh_5013f37369ce ;
time : 1455782191 ;
type : event ;
event : VIEW ;
tousername : gh_5013f37369ce ;
fromusername : oqCObuKSxv-Rev1yP7vZDcJFSLXk ;
createtime : 1455782191 ;
msgtype : event ;
eventkey : http://mp.weixin.qq.com/s?__biz=MzA5MzE5NzExNw==&mid=10001097&idx=1&sn=8338ffe385dcd8dd1f376fc1a2fd50ff&scene=18#rd ;
menuid : 208007648 ;

2016-02-18 15:56:28 params :
------------
Array:
rule : -2 ;
module :  ;
message : Array ;

2016-02-18 15:56:28 response :
------------

2016-02-18 17:25:39 trace :
------------
Array:
from : oqCObuKHxmRskMk2nwAAieqhD7_Y ;
to : gh_5013f37369ce ;
time : 1455787545 ;
type : event ;
event : VIEW ;
tousername : gh_5013f37369ce ;
fromusername : oqCObuKHxmRskMk2nwAAieqhD7_Y ;
createtime : 1455787545 ;
msgtype : event ;
eventkey : http://mp.weixin.qq.com/s?__biz=MzA5MzE5NzExNw==&mid=10001097&idx=1&sn=8338ffe385dcd8dd1f376fc1a2fd50ff&scene=18#rd ;
menuid : 208007648 ;

2016-02-18 17:25:39 params :
------------
Array:
rule : -2 ;
module :  ;
message : Array ;

2016-02-18 17:25:39 response :
------------

2016-02-18 18:09:40 trace :
------------
Array:
from : oqCObuO21M_B6R99sX7kW-5_y5UY ;
to : gh_5013f37369ce ;
time : 1455790184 ;
type : event ;
event : VIEW ;
tousername : gh_5013f37369ce ;
fromusername : oqCObuO21M_B6R99sX7kW-5_y5UY ;
createtime : 1455790184 ;
msgtype : event ;
eventkey : http://mp.weixin.qq.com/s?__biz=MzA5MzE5NzExNw==&mid=10001097&idx=1&sn=8338ffe385dcd8dd1f376fc1a2fd50ff&scene=18#rd ;
menuid : 208007648 ;

2016-02-18 18:09:40 params :
------------
Array:
rule : -2 ;
module :  ;
message : Array ;

2016-02-18 18:09:40 response :
------------

2016-02-18 18:09:55 trace :
------------
Array:
from : oqCObuO21M_B6R99sX7kW-5_y5UY ;
to : gh_5013f37369ce ;
time : 1455790201 ;
type : event ;
event : VIEW ;
tousername : gh_5013f37369ce ;
fromusername : oqCObuO21M_B6R99sX7kW-5_y5UY ;
createtime : 1455790201 ;
msgtype : event ;
eventkey : http://mp.weixin.qq.com/s?__biz=MzA5MzE5NzExNw==&mid=10001097&idx=1&sn=8338ffe385dcd8dd1f376fc1a2fd50ff&scene=18#rd ;
menuid : 208007648 ;

2016-02-18 18:09:55 params :
------------
Array:
rule : -2 ;
module :  ;
message : Array ;

2016-02-18 18:09:55 response :
------------

2016-02-18 19:54:05 trace :
------------
Array:
from : oqCObuIZ2oEl-YxmDCPksdexh3dI ;
to : gh_5013f37369ce ;
time : 1455796451 ;
type : event ;
event : VIEW ;
tousername : gh_5013f37369ce ;
fromusername : oqCObuIZ2oEl-YxmDCPksdexh3dI ;
createtime : 1455796451 ;
msgtype : event ;
eventkey : http://mp.weixin.qq.com/s?__biz=MzA5MzE5NzExNw==&mid=10001097&idx=1&sn=8338ffe385dcd8dd1f376fc1a2fd50ff&scene=18#rd ;
menuid : 208007648 ;

2016-02-18 19:54:05 params :
------------
Array:
rule : -2 ;
module :  ;
message : Array ;

2016-02-18 19:54:05 response :
------------

2016-02-18 19:54:17 trace :
------------
Array:
from : oqCObuIZ2oEl-YxmDCPksdexh3dI ;
to : gh_5013f37369ce ;
time : 1455796464 ;
type : event ;
event : VIEW ;
tousername : gh_5013f37369ce ;
fromusername : oqCObuIZ2oEl-YxmDCPksdexh3dI ;
createtime : 1455796464 ;
msgtype : event ;
eventkey : http://mp.weixin.qq.com/s?__biz=MzA5MzE5NzExNw==&mid=10001097&idx=1&sn=8338ffe385dcd8dd1f376fc1a2fd50ff&scene=18#rd ;
menuid : 208007648 ;

2016-02-18 19:54:17 params :
------------
Array:
rule : -2 ;
module :  ;
message : Array ;

2016-02-18 19:54:17 response :
------------

2016-02-18 22:29:37 trace :
------------
Array:
from : oqCObuCGYe0R5t6BYHxQhCon4cXo ;
to : gh_5013f37369ce ;
time : 1455805783 ;
type : event ;
event : subscribe ;
tousername : gh_5013f37369ce ;
fromusername : oqCObuCGYe0R5t6BYHxQhCon4cXo ;
createtime : 1455805783 ;
msgtype : event ;
eventkey :  ;

2016-02-18 22:29:37 params :
------------
Array:
rule : -2 ;
module :  ;
message : Array ;

2016-02-18 22:29:37 response :
------------

2016-02-18 22:29:41 trace :
------------
Array:
from : oqCObuCGYe0R5t6BYHxQhCon4cXo ;
to : gh_5013f37369ce ;
time : 1455805787 ;
type : event ;
event : VIEW ;
tousername : gh_5013f37369ce ;
fromusername : oqCObuCGYe0R5t6BYHxQhCon4cXo ;
createtime : 1455805787 ;
msgtype : event ;
eventkey : http://mp.weixin.qq.com/s?__biz=MzA5MzE5NzExNw==&mid=10001097&idx=1&sn=8338ffe385dcd8dd1f376fc1a2fd50ff&scene=18#rd ;
menuid : 208007648 ;

2016-02-18 22:29:41 params :
------------
Array:
rule : -2 ;
module :  ;
message : Array ;

2016-02-18 22:29:41 response :
------------

2016-02-18 22:29:56 trace :
------------
Array:
from : oqCObuCGYe0R5t6BYHxQhCon4cXo ;
to : gh_5013f37369ce ;
time : 1455805802 ;
type : event ;
event : VIEW ;
tousername : gh_5013f37369ce ;
fromusername : oqCObuCGYe0R5t6BYHxQhCon4cXo ;
createtime : 1455805802 ;
msgtype : event ;
eventkey : http://mp.weixin.qq.com/s?__biz=MzA5MzE5NzExNw==&mid=10001097&idx=1&sn=8338ffe385dcd8dd1f376fc1a2fd50ff&scene=18#rd ;
menuid : 208007648 ;

2016-02-18 22:29:56 params :
------------
Array:
rule : -2 ;
module :  ;
message : Array ;

2016-02-18 22:29:56 response :
------------

2016-02-18 22:30:01 trace :
------------
Array:
from : oqCObuCGYe0R5t6BYHxQhCon4cXo ;
to : gh_5013f37369ce ;
time : 1455805807 ;
type : event ;
event : VIEW ;
tousername : gh_5013f37369ce ;
fromusername : oqCObuCGYe0R5t6BYHxQhCon4cXo ;
createtime : 1455805807 ;
msgtype : event ;
eventkey : http://mp.weixin.qq.com/s?__biz=MzA5MzE5NzExNw==&mid=10001097&idx=1&sn=8338ffe385dcd8dd1f376fc1a2fd50ff&scene=18#rd ;
menuid : 208007648 ;

2016-02-18 22:30:01 params :
------------
Array:
rule : -2 ;
module :  ;
message : Array ;

2016-02-18 22:30:01 response :
------------

