2016-11-28 13:59:32 trace :
------------
String:
<xml><ToUserName><![CDATA[gh_fbee6dda34f1]]></ToUserName>
<FromUserName><![CDATA[o1Sf9wkKBQehW95uXJpMpNu1EkCg]]></FromUserName>
<CreateTime>1480312991</CreateTime>
<MsgType><![CDATA[event]]></MsgType>
<Event><![CDATA[VIEW]]></Event>
<EventKey><![CDATA[http://mp.angelbeautyinc.com/app/index.php?i=8&c=entry&do=shop&m=ewei_shop]]></EventKey>
<MenuId>526570231</MenuId>
</xml>

2016-11-28 13:59:32 params :
------------
Array:
rule : -2 ;
module :  ;
message : Array ;

2016-11-28 13:59:32 response :
------------

2016-11-28 14:00:11 trace :
------------
String:
<xml><ToUserName><![CDATA[gh_fbee6dda34f1]]></ToUserName>
<FromUserName><![CDATA[o1Sf9wkKBQehW95uXJpMpNu1EkCg]]></FromUserName>
<CreateTime>1480313029</CreateTime>
<MsgType><![CDATA[event]]></MsgType>
<Event><![CDATA[VIEW]]></Event>
<EventKey><![CDATA[http://mp.angelbeautyinc.com/app/index.php?i=8&c=entry&do=shop&m=ewei_shop]]></EventKey>
<MenuId>526570231</MenuId>
</xml>

2016-11-28 14:00:11 params :
------------
Array:
rule : -2 ;
module :  ;
message : Array ;

2016-11-28 14:00:11 response :
------------

2016-11-28 14:10:19 trace :
------------
String:
<xml><ToUserName><![CDATA[gh_fbee6dda34f1]]></ToUserName>
<FromUserName><![CDATA[o1Sf9wiVbAE8eTBHl_teVBY0UTOU]]></FromUserName>
<CreateTime>1480313637</CreateTime>
<MsgType><![CDATA[event]]></MsgType>
<Event><![CDATA[VIEW]]></Event>
<EventKey><![CDATA[http://mp.angelbeautyinc.com/app/index.php?i=8&c=entry&do=selfinspection&m=lrj_guide]]></EventKey>
<MenuId>526570231</MenuId>
</xml>

2016-11-28 14:10:19 params :
------------
Array:
rule : -2 ;
module :  ;
message : Array ;

2016-11-28 14:10:19 response :
------------

2016-11-28 14:14:34 trace :
------------
String:
<xml><ToUserName><![CDATA[gh_fbee6dda34f1]]></ToUserName>
<FromUserName><![CDATA[o1Sf9wuUDDS_BM0G-CbKx2umOImU]]></FromUserName>
<CreateTime>1480313892</CreateTime>
<MsgType><![CDATA[event]]></MsgType>
<Event><![CDATA[VIEW]]></Event>
<EventKey><![CDATA[http://mp.angelbeautyinc.com/app/index.php?i=8&c=entry&do=shop&m=ewei_shop]]></EventKey>
<MenuId>526570231</MenuId>
</xml>

2016-11-28 14:14:34 params :
------------
Array:
rule : -2 ;
module :  ;
message : Array ;

2016-11-28 14:14:34 response :
------------

2016-11-28 14:16:37 trace :
------------
String:
<xml><ToUserName><![CDATA[gh_fbee6dda34f1]]></ToUserName>
<FromUserName><![CDATA[o1Sf9wiVbAE8eTBHl_teVBY0UTOU]]></FromUserName>
<CreateTime>1480314016</CreateTime>
<MsgType><![CDATA[event]]></MsgType>
<Event><![CDATA[VIEW]]></Event>
<EventKey><![CDATA[http://mp.angelbeautyinc.com/app/index.php?i=8&c=entry&do=member&m=ewei_shop]]></EventKey>
<MenuId>526570231</MenuId>
</xml>

2016-11-28 14:16:37 params :
------------
Array:
rule : -2 ;
module :  ;
message : Array ;

2016-11-28 14:16:37 response :
------------

2016-11-28 14:19:53 trace :
------------
String:
<xml><ToUserName><![CDATA[gh_fbee6dda34f1]]></ToUserName>
<FromUserName><![CDATA[o1Sf9wkKBQehW95uXJpMpNu1EkCg]]></FromUserName>
<CreateTime>1480314211</CreateTime>
<MsgType><![CDATA[event]]></MsgType>
<Event><![CDATA[VIEW]]></Event>
<EventKey><![CDATA[http://mp.angelbeautyinc.com/app/index.php?i=8&c=entry&do=member&m=ewei_shop]]></EventKey>
<MenuId>526570231</MenuId>
</xml>

2016-11-28 14:19:53 params :
------------
Array:
rule : -2 ;
module :  ;
message : Array ;

2016-11-28 14:19:53 response :
------------

2016-11-28 14:20:44 trace :
------------
String:
<xml><ToUserName><![CDATA[gh_fbee6dda34f1]]></ToUserName>
<FromUserName><![CDATA[o1Sf9wkKBQehW95uXJpMpNu1EkCg]]></FromUserName>
<CreateTime>1480314262</CreateTime>
<MsgType><![CDATA[event]]></MsgType>
<Event><![CDATA[VIEW]]></Event>
<EventKey><![CDATA[http://mp.angelbeautyinc.com/app/index.php?i=8&c=entry&do=member&m=ewei_shop]]></EventKey>
<MenuId>526570231</MenuId>
</xml>

2016-11-28 14:20:44 params :
------------
Array:
rule : -2 ;
module :  ;
message : Array ;

2016-11-28 14:20:44 response :
------------

2016-11-28 15:22:59 trace :
------------
String:
<xml><ToUserName><![CDATA[gh_fbee6dda34f1]]></ToUserName>
<FromUserName><![CDATA[o1Sf9wuUDDS_BM0G-CbKx2umOImU]]></FromUserName>
<CreateTime>1480317997</CreateTime>
<MsgType><![CDATA[event]]></MsgType>
<Event><![CDATA[VIEW]]></Event>
<EventKey><![CDATA[http://mp.angelbeautyinc.com/app/index.php?i=8&c=entry&do=shop&m=ewei_shop]]></EventKey>
<MenuId>526570231</MenuId>
</xml>

2016-11-28 15:22:59 params :
------------
Array:
rule : -2 ;
module :  ;
message : Array ;

2016-11-28 15:22:59 response :
------------

2016-11-28 15:36:50 trace :
------------
String:
<xml><ToUserName><![CDATA[gh_fbee6dda34f1]]></ToUserName>
<FromUserName><![CDATA[o1Sf9wmAIdi9SzFJrwhBoYVmfx7w]]></FromUserName>
<CreateTime>1480318825</CreateTime>
<MsgType><![CDATA[event]]></MsgType>
<Event><![CDATA[subscribe]]></Event>
<EventKey><![CDATA[]]></EventKey>
</xml>

2016-11-28 15:36:50 params :
------------
Array:
message : Array ;
module : news ;
rule : 26 ;
priority : 0 ;
keyword : Array ;

2016-11-28 15:36:50 response :
------------
Array:
FromUserName : gh_fbee6dda34f1 ;
ToUserName : o1Sf9wmAIdi9SzFJrwhBoYVmfx7w ;
MsgType : news ;
ArticleCount : 1 ;
Articles : Array ;

2016-11-28 15:36:55 trace :
------------
String:
<xml><ToUserName><![CDATA[gh_fbee6dda34f1]]></ToUserName>
<FromUserName><![CDATA[o1Sf9wmAIdi9SzFJrwhBoYVmfx7w]]></FromUserName>
<CreateTime>1480318833</CreateTime>
<MsgType><![CDATA[event]]></MsgType>
<Event><![CDATA[VIEW]]></Event>
<EventKey><![CDATA[http://mp.angelbeautyinc.com/app/index.php?i=8&c=entry&do=selfinspection&m=lrj_guide]]></EventKey>
<MenuId>526570231</MenuId>
</xml>

2016-11-28 15:36:55 params :
------------
Array:
rule : -2 ;
module :  ;
message : Array ;

2016-11-28 15:36:55 response :
------------

2016-11-28 15:37:09 trace :
------------
String:
<xml><ToUserName><![CDATA[gh_fbee6dda34f1]]></ToUserName>
<FromUserName><![CDATA[o1Sf9wmAIdi9SzFJrwhBoYVmfx7w]]></FromUserName>
<CreateTime>1480318847</CreateTime>
<MsgType><![CDATA[event]]></MsgType>
<Event><![CDATA[VIEW]]></Event>
<EventKey><![CDATA[http://mp.angelbeautyinc.com/app/index.php?i=8&c=entry&do=selfinspection&m=lrj_guide]]></EventKey>
<MenuId>526570231</MenuId>
</xml>

2016-11-28 15:37:09 params :
------------
Array:
rule : -2 ;
module :  ;
message : Array ;

2016-11-28 15:37:09 response :
------------

2016-11-28 15:37:19 trace :
------------
String:
<xml><ToUserName><![CDATA[gh_fbee6dda34f1]]></ToUserName>
<FromUserName><![CDATA[o1Sf9wmAIdi9SzFJrwhBoYVmfx7w]]></FromUserName>
<CreateTime>1480318858</CreateTime>
<MsgType><![CDATA[event]]></MsgType>
<Event><![CDATA[VIEW]]></Event>
<EventKey><![CDATA[http://mp.angelbeautyinc.com/app/index.php?i=8&c=entry&do=associate&m=lrj_guide]]></EventKey>
<MenuId>526570231</MenuId>
</xml>

2016-11-28 15:37:19 params :
------------
Array:
rule : -2 ;
module :  ;
message : Array ;

2016-11-28 15:37:19 response :
------------

2016-11-28 15:37:47 trace :
------------
String:
<xml><ToUserName><![CDATA[gh_fbee6dda34f1]]></ToUserName>
<FromUserName><![CDATA[o1Sf9wmAIdi9SzFJrwhBoYVmfx7w]]></FromUserName>
<CreateTime>1480318885</CreateTime>
<MsgType><![CDATA[event]]></MsgType>
<Event><![CDATA[VIEW]]></Event>
<EventKey><![CDATA[http://mp.angelbeautyinc.com/app/index.php?i=8&c=entry&do=associate&m=lrj_guide]]></EventKey>
<MenuId>526570231</MenuId>
</xml>

2016-11-28 15:37:47 params :
------------
Array:
rule : -2 ;
module :  ;
message : Array ;

2016-11-28 15:37:47 response :
------------

2016-11-28 15:39:07 trace :
------------
String:
<xml><ToUserName><![CDATA[gh_fbee6dda34f1]]></ToUserName>
<FromUserName><![CDATA[o1Sf9wmAIdi9SzFJrwhBoYVmfx7w]]></FromUserName>
<CreateTime>1480318965</CreateTime>
<MsgType><![CDATA[event]]></MsgType>
<Event><![CDATA[VIEW]]></Event>
<EventKey><![CDATA[http://mp.angelbeautyinc.com/app/index.php?i=8&c=entry&do=selfinspection&m=lrj_guide]]></EventKey>
<MenuId>526570231</MenuId>
</xml>

2016-11-28 15:39:07 params :
------------
Array:
rule : -2 ;
module :  ;
message : Array ;

2016-11-28 15:39:07 response :
------------

2016-11-28 15:40:30 trace :
------------
String:
<xml><ToUserName><![CDATA[gh_fbee6dda34f1]]></ToUserName>
<FromUserName><![CDATA[o1Sf9wmAIdi9SzFJrwhBoYVmfx7w]]></FromUserName>
<CreateTime>1480319049</CreateTime>
<MsgType><![CDATA[event]]></MsgType>
<Event><![CDATA[VIEW]]></Event>
<EventKey><![CDATA[http://mp.angelbeautyinc.com/app/index.php?i=8&c=entry&do=shop&m=ewei_shop]]></EventKey>
<MenuId>526570231</MenuId>
</xml>

2016-11-28 15:40:30 params :
------------
Array:
rule : -2 ;
module :  ;
message : Array ;

2016-11-28 15:40:30 response :
------------

2016-11-28 16:07:12 trace :
------------
String:
<xml><ToUserName><![CDATA[gh_fbee6dda34f1]]></ToUserName>
<FromUserName><![CDATA[o1Sf9wuUDDS_BM0G-CbKx2umOImU]]></FromUserName>
<CreateTime>1480320651</CreateTime>
<MsgType><![CDATA[event]]></MsgType>
<Event><![CDATA[VIEW]]></Event>
<EventKey><![CDATA[http://mp.angelbeautyinc.com/app/index.php?i=8&c=entry&do=shop&m=ewei_shop]]></EventKey>
<MenuId>526570231</MenuId>
</xml>

2016-11-28 16:07:12 params :
------------
Array:
rule : -2 ;
module :  ;
message : Array ;

2016-11-28 16:07:12 response :
------------

2016-11-28 16:34:59 trace :
------------
String:
<xml><ToUserName><![CDATA[gh_fbee6dda34f1]]></ToUserName>
<FromUserName><![CDATA[o1Sf9wuUDDS_BM0G-CbKx2umOImU]]></FromUserName>
<CreateTime>1480322315</CreateTime>
<MsgType><![CDATA[event]]></MsgType>
<Event><![CDATA[VIEW]]></Event>
<EventKey><![CDATA[http://mp.angelbeautyinc.com/app/index.php?i=8&c=entry&do=shop&m=ewei_shop]]></EventKey>
<MenuId>526570231</MenuId>
</xml>

2016-11-28 16:34:59 params :
------------
Array:
rule : -2 ;
module :  ;
message : Array ;

2016-11-28 16:34:59 response :
------------

2016-11-28 17:00:41 trace :
------------
String:
<xml><ToUserName><![CDATA[gh_fbee6dda34f1]]></ToUserName>
<FromUserName><![CDATA[o1Sf9wuUDDS_BM0G-CbKx2umOImU]]></FromUserName>
<CreateTime>1480323859</CreateTime>
<MsgType><![CDATA[event]]></MsgType>
<Event><![CDATA[VIEW]]></Event>
<EventKey><![CDATA[http://mp.angelbeautyinc.com/app/index.php?i=8&c=entry&do=shop&m=ewei_shop]]></EventKey>
<MenuId>526570231</MenuId>
</xml>

2016-11-28 17:00:41 params :
------------
Array:
rule : -2 ;
module :  ;
message : Array ;

2016-11-28 17:00:41 response :
------------

2016-11-28 17:00:56 trace :
------------
String:
<xml><ToUserName><![CDATA[gh_fbee6dda34f1]]></ToUserName>
<FromUserName><![CDATA[o1Sf9wuUDDS_BM0G-CbKx2umOImU]]></FromUserName>
<CreateTime>1480323874</CreateTime>
<MsgType><![CDATA[event]]></MsgType>
<Event><![CDATA[VIEW]]></Event>
<EventKey><![CDATA[http://mp.angelbeautyinc.com/app/index.php?i=8&c=entry&do=shop&m=ewei_shop]]></EventKey>
<MenuId>526570231</MenuId>
</xml>

2016-11-28 17:00:56 params :
------------
Array:
rule : -2 ;
module :  ;
message : Array ;

2016-11-28 17:00:56 response :
------------

2016-11-28 17:03:37 trace :
------------
String:
<xml><ToUserName><![CDATA[gh_fbee6dda34f1]]></ToUserName>
<FromUserName><![CDATA[o1Sf9wkKBQehW95uXJpMpNu1EkCg]]></FromUserName>
<CreateTime>1480324035</CreateTime>
<MsgType><![CDATA[event]]></MsgType>
<Event><![CDATA[VIEW]]></Event>
<EventKey><![CDATA[http://mp.angelbeautyinc.com/app/index.php?i=8&c=entry&do=member&m=ewei_shop]]></EventKey>
<MenuId>526570231</MenuId>
</xml>

2016-11-28 17:03:37 params :
------------
Array:
rule : -2 ;
module :  ;
message : Array ;

2016-11-28 17:03:37 response :
------------

2016-11-28 17:03:37 trace :
------------
String:
<xml><ToUserName><![CDATA[gh_fbee6dda34f1]]></ToUserName>
<FromUserName><![CDATA[o1Sf9wkKBQehW95uXJpMpNu1EkCg]]></FromUserName>
<CreateTime>1480324035</CreateTime>
<MsgType><![CDATA[event]]></MsgType>
<Event><![CDATA[VIEW]]></Event>
<EventKey><![CDATA[http://mp.angelbeautyinc.com/app/index.php?i=8&c=entry&do=shop&m=ewei_shop]]></EventKey>
<MenuId>526570231</MenuId>
</xml>

2016-11-28 17:03:37 params :
------------
Array:
rule : -2 ;
module :  ;
message : Array ;

2016-11-28 17:03:37 response :
------------

2016-11-28 17:03:39 trace :
------------
String:
<xml><ToUserName><![CDATA[gh_fbee6dda34f1]]></ToUserName>
<FromUserName><![CDATA[o1Sf9wkKBQehW95uXJpMpNu1EkCg]]></FromUserName>
<CreateTime>1480324037</CreateTime>
<MsgType><![CDATA[event]]></MsgType>
<Event><![CDATA[VIEW]]></Event>
<EventKey><![CDATA[http://mp.angelbeautyinc.com/app/index.php?i=8&c=entry&do=shop&m=ewei_shop]]></EventKey>
<MenuId>526570231</MenuId>
</xml>

2016-11-28 17:03:39 params :
------------
Array:
rule : -2 ;
module :  ;
message : Array ;

2016-11-28 17:03:39 response :
------------

2016-11-28 17:43:01 trace :
------------
String:
<xml><ToUserName><![CDATA[gh_fbee6dda34f1]]></ToUserName>
<FromUserName><![CDATA[o1Sf9wuUDDS_BM0G-CbKx2umOImU]]></FromUserName>
<CreateTime>1480326400</CreateTime>
<MsgType><![CDATA[event]]></MsgType>
<Event><![CDATA[VIEW]]></Event>
<EventKey><![CDATA[http://mp.angelbeautyinc.com/app/index.php?i=8&c=entry&do=shop&m=ewei_shop]]></EventKey>
<MenuId>526570231</MenuId>
</xml>

2016-11-28 17:43:01 params :
------------
Array:
rule : -2 ;
module :  ;
message : Array ;

2016-11-28 17:43:01 response :
------------

