2016-01-15 08:52:30 trace :
------------
Array:
from : oqCObuIG4sEs_PsSGmM5I-pUOIWY ;
to : gh_5013f37369ce ;
time : 1452819156 ;
type : event ;
event : VIEW ;
tousername : gh_5013f37369ce ;
fromusername : oqCObuIG4sEs_PsSGmM5I-pUOIWY ;
createtime : 1452819156 ;
msgtype : event ;
eventkey : http://mp.weixin.qq.com/s?__biz=MzA5MzE5NzExNw==&mid=10001097&idx=1&sn=8338ffe385dcd8dd1f376fc1a2fd50ff&scene=18#rd ;
menuid : 208007648 ;

2016-01-15 08:52:30 params :
------------
Array:
rule : -2 ;
module :  ;
message : Array ;

2016-01-15 08:52:30 response :
------------

2016-01-15 09:48:17 trace :
------------
Array:
from : oqCObuP8T-C_bnX41pgTtOkrYIbI ;
to : gh_5013f37369ce ;
time : 1452822503 ;
type : event ;
event : VIEW ;
tousername : gh_5013f37369ce ;
fromusername : oqCObuP8T-C_bnX41pgTtOkrYIbI ;
createtime : 1452822503 ;
msgtype : event ;
eventkey : http://mp.weixin.qq.com/s?__biz=MzA5MzE5NzExNw==&mid=10001097&idx=1&sn=8338ffe385dcd8dd1f376fc1a2fd50ff&scene=18#rd ;
menuid : 208007648 ;

2016-01-15 09:48:17 params :
------------
Array:
rule : -2 ;
module :  ;
message : Array ;

2016-01-15 09:48:17 response :
------------

2016-01-15 10:21:19 trace :
------------
Array:
from : oqCObuA7lxvv5VjE5wW6cNIRcRis ;
to : gh_5013f37369ce ;
time : 1452824485 ;
type : event ;
event : VIEW ;
tousername : gh_5013f37369ce ;
fromusername : oqCObuA7lxvv5VjE5wW6cNIRcRis ;
createtime : 1452824485 ;
msgtype : event ;
eventkey : http://mp.weixin.qq.com/s?__biz=MzA5MzE5NzExNw==&mid=10001097&idx=1&sn=8338ffe385dcd8dd1f376fc1a2fd50ff&scene=18#rd ;
menuid : 208007648 ;

2016-01-15 10:21:19 params :
------------
Array:
rule : -2 ;
module :  ;
message : Array ;

2016-01-15 10:21:19 response :
------------

2016-01-15 12:04:35 trace :
------------
Array:
from : oqCObuFEw8i_zYNpTplN7fRhHPAQ ;
to : gh_5013f37369ce ;
time : 1452830681 ;
type : event ;
event : VIEW ;
tousername : gh_5013f37369ce ;
fromusername : oqCObuFEw8i_zYNpTplN7fRhHPAQ ;
createtime : 1452830681 ;
msgtype : event ;
eventkey : http://mp.weixin.qq.com/s?__biz=MzA5MzE5NzExNw==&mid=10001097&idx=1&sn=8338ffe385dcd8dd1f376fc1a2fd50ff&scene=18#rd ;
menuid : 208007648 ;

2016-01-15 12:04:35 params :
------------
Array:
rule : -2 ;
module :  ;
message : Array ;

2016-01-15 12:04:35 response :
------------

2016-01-15 12:10:46 trace :
------------
Array:
from : oqCObuFEw8i_zYNpTplN7fRhHPAQ ;
to : gh_5013f37369ce ;
time : 1452831052 ;
type : event ;
event : VIEW ;
tousername : gh_5013f37369ce ;
fromusername : oqCObuFEw8i_zYNpTplN7fRhHPAQ ;
createtime : 1452831052 ;
msgtype : event ;
eventkey : http://mp.weixin.qq.com/s?__biz=MzA5MzE5NzExNw==&mid=10001097&idx=1&sn=8338ffe385dcd8dd1f376fc1a2fd50ff&scene=18#rd ;
menuid : 208007648 ;

2016-01-15 12:10:46 params :
------------
Array:
rule : -2 ;
module :  ;
message : Array ;

2016-01-15 12:10:46 response :
------------

2016-01-15 12:53:34 trace :
------------
Array:
from : oqCObuPQM6IVAlidsXV2U88NPVDY ;
to : gh_5013f37369ce ;
time : 1452833617 ;
type : event ;
event : VIEW ;
tousername : gh_5013f37369ce ;
fromusername : oqCObuPQM6IVAlidsXV2U88NPVDY ;
createtime : 1452833617 ;
msgtype : event ;
eventkey : http://mp.weixin.qq.com/s?__biz=MzA5MzE5NzExNw==&mid=10001097&idx=1&sn=8338ffe385dcd8dd1f376fc1a2fd50ff&scene=18#rd ;
menuid : 208007648 ;

2016-01-15 12:53:34 params :
------------
Array:
rule : -2 ;
module :  ;
message : Array ;

2016-01-15 12:53:34 response :
------------

2016-01-15 12:53:40 trace :
------------
Array:
from : oqCObuPQM6IVAlidsXV2U88NPVDY ;
to : gh_5013f37369ce ;
time : 1452833627 ;
type : event ;
event : VIEW ;
tousername : gh_5013f37369ce ;
fromusername : oqCObuPQM6IVAlidsXV2U88NPVDY ;
createtime : 1452833627 ;
msgtype : event ;
eventkey : http://mp.weixin.qq.com/s?__biz=MzA5MzE5NzExNw==&mid=10001097&idx=1&sn=8338ffe385dcd8dd1f376fc1a2fd50ff&scene=18#rd ;
menuid : 208007648 ;

2016-01-15 12:53:40 params :
------------
Array:
rule : -2 ;
module :  ;
message : Array ;

2016-01-15 12:53:40 response :
------------

2016-01-15 12:53:48 trace :
------------
Array:
from : oqCObuPQM6IVAlidsXV2U88NPVDY ;
to : gh_5013f37369ce ;
time : 1452833634 ;
type : event ;
event : VIEW ;
tousername : gh_5013f37369ce ;
fromusername : oqCObuPQM6IVAlidsXV2U88NPVDY ;
createtime : 1452833634 ;
msgtype : event ;
eventkey : http://mp.weixin.qq.com/s?__biz=MzA5MzE5NzExNw==&mid=10001097&idx=1&sn=8338ffe385dcd8dd1f376fc1a2fd50ff&scene=18#rd ;
menuid : 208007648 ;

2016-01-15 12:53:48 params :
------------
Array:
rule : -2 ;
module :  ;
message : Array ;

2016-01-15 12:53:48 response :
------------

2016-01-15 14:11:08 trace :
------------
Array:
from : oqCObuAVL64rjQqs6uIOJBQ-7jEw ;
to : gh_5013f37369ce ;
time : 1452838274 ;
type : event ;
event : subscribe ;
tousername : gh_5013f37369ce ;
fromusername : oqCObuAVL64rjQqs6uIOJBQ-7jEw ;
createtime : 1452838274 ;
msgtype : event ;
eventkey :  ;

2016-01-15 14:11:08 params :
------------
Array:
rule : -2 ;
module :  ;
message : Array ;

2016-01-15 14:11:08 response :
------------

2016-01-15 14:11:24 trace :
------------
Array:
from : oqCObuAVL64rjQqs6uIOJBQ-7jEw ;
to : gh_5013f37369ce ;
time : 1452838290 ;
type : event ;
event : VIEW ;
tousername : gh_5013f37369ce ;
fromusername : oqCObuAVL64rjQqs6uIOJBQ-7jEw ;
createtime : 1452838290 ;
msgtype : event ;
eventkey : http://mp.weixin.qq.com/s?__biz=MzA5MzE5NzExNw==&mid=10001097&idx=1&sn=8338ffe385dcd8dd1f376fc1a2fd50ff&scene=18#rd ;
menuid : 208007648 ;

2016-01-15 14:11:24 params :
------------
Array:
rule : -2 ;
module :  ;
message : Array ;

2016-01-15 14:11:24 response :
------------

2016-01-15 14:12:17 trace :
------------
Array:
from : oqCObuAVL64rjQqs6uIOJBQ-7jEw ;
to : gh_5013f37369ce ;
time : 1452838344 ;
type : event ;
event : VIEW ;
tousername : gh_5013f37369ce ;
fromusername : oqCObuAVL64rjQqs6uIOJBQ-7jEw ;
createtime : 1452838344 ;
msgtype : event ;
eventkey : http://mp.weixin.qq.com/s?__biz=MzA5MzE5NzExNw==&mid=10001097&idx=1&sn=8338ffe385dcd8dd1f376fc1a2fd50ff&scene=18#rd ;
menuid : 208007648 ;

2016-01-15 14:12:17 params :
------------
Array:
rule : -2 ;
module :  ;
message : Array ;

2016-01-15 14:12:17 response :
------------

2016-01-15 14:13:18 trace :
------------
Array:
from : oqCObuAVL64rjQqs6uIOJBQ-7jEw ;
to : gh_5013f37369ce ;
time : 1452838405 ;
type : event ;
event : VIEW ;
tousername : gh_5013f37369ce ;
fromusername : oqCObuAVL64rjQqs6uIOJBQ-7jEw ;
createtime : 1452838405 ;
msgtype : event ;
eventkey : http://mp.weixin.qq.com/s?__biz=MzA5MzE5NzExNw==&mid=10001097&idx=1&sn=8338ffe385dcd8dd1f376fc1a2fd50ff&scene=18#rd ;
menuid : 208007648 ;

2016-01-15 14:13:18 params :
------------
Array:
rule : -2 ;
module :  ;
message : Array ;

2016-01-15 14:13:18 response :
------------

2016-01-15 15:49:44 trace :
------------
Array:
from : oqCObuLR3ojGGWm6zn_o5pzQ49NQ ;
to : gh_5013f37369ce ;
time : 1452844190 ;
type : event ;
event : subscribe ;
tousername : gh_5013f37369ce ;
fromusername : oqCObuLR3ojGGWm6zn_o5pzQ49NQ ;
createtime : 1452844190 ;
msgtype : event ;
eventkey :  ;

2016-01-15 15:49:44 params :
------------
Array:
rule : -2 ;
module :  ;
message : Array ;

2016-01-15 15:49:44 response :
------------

2016-01-15 16:28:13 trace :
------------
Array:
from : oqCObuOU1yoga7pw0h1NZhKIELB8 ;
to : gh_5013f37369ce ;
time : 1452846498 ;
type : event ;
event : subscribe ;
tousername : gh_5013f37369ce ;
fromusername : oqCObuOU1yoga7pw0h1NZhKIELB8 ;
createtime : 1452846498 ;
msgtype : event ;
eventkey :  ;

2016-01-15 16:28:13 params :
------------
Array:
rule : -2 ;
module :  ;
message : Array ;

2016-01-15 16:28:13 response :
------------

2016-01-15 17:35:39 trace :
------------
Array:
from : oqCObuGf_uROxNdnaNufFVh4MrzA ;
to : gh_5013f37369ce ;
time : 1452850545 ;
type : event ;
event : subscribe ;
tousername : gh_5013f37369ce ;
fromusername : oqCObuGf_uROxNdnaNufFVh4MrzA ;
createtime : 1452850545 ;
msgtype : event ;
eventkey :  ;

2016-01-15 17:35:39 params :
------------
Array:
rule : -2 ;
module :  ;
message : Array ;

2016-01-15 17:35:39 response :
------------

2016-01-15 17:35:58 trace :
------------
Array:
from : oqCObuGf_uROxNdnaNufFVh4MrzA ;
to : gh_5013f37369ce ;
time : 1452850564 ;
type : event ;
event : VIEW ;
tousername : gh_5013f37369ce ;
fromusername : oqCObuGf_uROxNdnaNufFVh4MrzA ;
createtime : 1452850564 ;
msgtype : event ;
eventkey : http://mp.weixin.qq.com/s?__biz=MzA5MzE5NzExNw==&mid=10001097&idx=1&sn=8338ffe385dcd8dd1f376fc1a2fd50ff&scene=18#rd ;
menuid : 208007648 ;

2016-01-15 17:35:58 params :
------------
Array:
rule : -2 ;
module :  ;
message : Array ;

2016-01-15 17:35:58 response :
------------

2016-01-15 17:36:12 trace :
------------
Array:
from : oqCObuGf_uROxNdnaNufFVh4MrzA ;
to : gh_5013f37369ce ;
time : 1452850578 ;
type : event ;
event : VIEW ;
tousername : gh_5013f37369ce ;
fromusername : oqCObuGf_uROxNdnaNufFVh4MrzA ;
createtime : 1452850578 ;
msgtype : event ;
eventkey : http://mp.weixin.qq.com/s?__biz=MzA5MzE5NzExNw==&mid=10001097&idx=1&sn=8338ffe385dcd8dd1f376fc1a2fd50ff&scene=18#rd ;
menuid : 208007648 ;

2016-01-15 17:36:12 params :
------------
Array:
rule : -2 ;
module :  ;
message : Array ;

2016-01-15 17:36:12 response :
------------

2016-01-15 17:36:14 trace :
------------
Array:
from : oqCObuGf_uROxNdnaNufFVh4MrzA ;
to : gh_5013f37369ce ;
time : 1452850581 ;
type : event ;
event : VIEW ;
tousername : gh_5013f37369ce ;
fromusername : oqCObuGf_uROxNdnaNufFVh4MrzA ;
createtime : 1452850581 ;
msgtype : event ;
eventkey : http://mp.weixin.qq.com/s?__biz=MzA5MzE5NzExNw==&mid=10001097&idx=1&sn=8338ffe385dcd8dd1f376fc1a2fd50ff&scene=18#rd ;
menuid : 208007648 ;

2016-01-15 17:36:14 params :
------------
Array:
rule : -2 ;
module :  ;
message : Array ;

2016-01-15 17:36:14 response :
------------

2016-01-15 17:51:17 trace :
------------
Array:
from : oqCObuGl6kb-SI_YC1x9Nq_wC-ac ;
to : gh_5013f37369ce ;
time : 1452851484 ;
type : event ;
event : subscribe ;
tousername : gh_5013f37369ce ;
fromusername : oqCObuGl6kb-SI_YC1x9Nq_wC-ac ;
createtime : 1452851484 ;
msgtype : event ;
eventkey :  ;

2016-01-15 17:51:17 params :
------------
Array:
rule : -2 ;
module :  ;
message : Array ;

2016-01-15 17:51:17 response :
------------

2016-01-15 17:51:41 trace :
------------
Array:
from : oqCObuGl6kb-SI_YC1x9Nq_wC-ac ;
to : gh_5013f37369ce ;
time : 1452851508 ;
type : event ;
event : VIEW ;
tousername : gh_5013f37369ce ;
fromusername : oqCObuGl6kb-SI_YC1x9Nq_wC-ac ;
createtime : 1452851508 ;
msgtype : event ;
eventkey : http://mp.weixin.qq.com/s?__biz=MzA5MzE5NzExNw==&mid=10001097&idx=1&sn=8338ffe385dcd8dd1f376fc1a2fd50ff&scene=18#rd ;
menuid : 208007648 ;

2016-01-15 17:51:41 params :
------------
Array:
rule : -2 ;
module :  ;
message : Array ;

2016-01-15 17:51:41 response :
------------

2016-01-15 18:14:09 trace :
------------
Array:
from : oqCObuEeNJTYXCoxpi2Uath7eDww ;
to : gh_5013f37369ce ;
time : 1452852855 ;
type : event ;
event : subscribe ;
tousername : gh_5013f37369ce ;
fromusername : oqCObuEeNJTYXCoxpi2Uath7eDww ;
createtime : 1452852855 ;
msgtype : event ;
eventkey :  ;

2016-01-15 18:14:09 params :
------------
Array:
rule : -2 ;
module :  ;
message : Array ;

2016-01-15 18:14:09 response :
------------

2016-01-15 18:24:55 trace :
------------
Array:
from : oqCObuGl6kb-SI_YC1x9Nq_wC-ac ;
to : gh_5013f37369ce ;
time : 1452853501 ;
type : text ;
event :  ;
tousername : gh_5013f37369ce ;
fromusername : oqCObuGl6kb-SI_YC1x9Nq_wC-ac ;
createtime : 1452853501 ;
msgtype : text ;
content : 男士护肤品 ;
msgid : 6239958273075844994 ;
redirection :  ;
source :  ;

2016-01-15 18:24:55 params :
------------
Array:
rule : -2 ;
module :  ;
message : Array ;

2016-01-15 18:24:55 response :
------------

2016-01-15 18:25:13 trace :
------------
Array:
from : oqCObuGl6kb-SI_YC1x9Nq_wC-ac ;
to : gh_5013f37369ce ;
time : 1452853519 ;
type : event ;
event : VIEW ;
tousername : gh_5013f37369ce ;
fromusername : oqCObuGl6kb-SI_YC1x9Nq_wC-ac ;
createtime : 1452853519 ;
msgtype : event ;
eventkey : http://mp.weixin.qq.com/s?__biz=MzA5MzE5NzExNw==&mid=10001097&idx=1&sn=8338ffe385dcd8dd1f376fc1a2fd50ff&scene=18#rd ;
menuid : 208007648 ;

2016-01-15 18:25:13 params :
------------
Array:
rule : -2 ;
module :  ;
message : Array ;

2016-01-15 18:25:13 response :
------------

2016-01-15 18:25:48 trace :
------------
Array:
from : oqCObuGl6kb-SI_YC1x9Nq_wC-ac ;
to : gh_5013f37369ce ;
time : 1452853555 ;
type : text ;
event :  ;
tousername : gh_5013f37369ce ;
fromusername : oqCObuGl6kb-SI_YC1x9Nq_wC-ac ;
createtime : 1452853555 ;
msgtype : text ;
content : 在， ;
msgid : 6239958505004078985 ;
redirection :  ;
source :  ;

2016-01-15 18:25:48 params :
------------
Array:
rule : -2 ;
module :  ;
message : Array ;

2016-01-15 18:25:48 response :
------------

2016-01-15 20:16:48 trace :
------------
Array:
from : oqCObuDGrJPlRhfxUlqj4_nJbyyY ;
to : gh_5013f37369ce ;
time : 1452860214 ;
type : event ;
event : VIEW ;
tousername : gh_5013f37369ce ;
fromusername : oqCObuDGrJPlRhfxUlqj4_nJbyyY ;
createtime : 1452860214 ;
msgtype : event ;
eventkey : http://mp.weixin.qq.com/s?__biz=MzA5MzE5NzExNw==&mid=10001097&idx=1&sn=8338ffe385dcd8dd1f376fc1a2fd50ff&scene=18#rd ;
menuid : 208007648 ;

2016-01-15 20:16:48 params :
------------
Array:
rule : -2 ;
module :  ;
message : Array ;

2016-01-15 20:16:48 response :
------------

2016-01-15 20:16:59 trace :
------------
Array:
from : oqCObuDGrJPlRhfxUlqj4_nJbyyY ;
to : gh_5013f37369ce ;
time : 1452860225 ;
type : event ;
event : VIEW ;
tousername : gh_5013f37369ce ;
fromusername : oqCObuDGrJPlRhfxUlqj4_nJbyyY ;
createtime : 1452860225 ;
msgtype : event ;
eventkey : http://mp.weixin.qq.com/s?__biz=MzA5MzE5NzExNw==&mid=10001097&idx=1&sn=8338ffe385dcd8dd1f376fc1a2fd50ff&scene=18#rd ;
menuid : 208007648 ;

2016-01-15 20:16:59 params :
------------
Array:
rule : -2 ;
module :  ;
message : Array ;

2016-01-15 20:16:59 response :
------------

2016-01-15 20:17:34 trace :
------------
Array:
from : oqCObuDGrJPlRhfxUlqj4_nJbyyY ;
to : gh_5013f37369ce ;
time : 1452860261 ;
type : event ;
event : VIEW ;
tousername : gh_5013f37369ce ;
fromusername : oqCObuDGrJPlRhfxUlqj4_nJbyyY ;
createtime : 1452860261 ;
msgtype : event ;
eventkey : http://mp.weixin.qq.com/s?__biz=MzA5MzE5NzExNw==&mid=10001097&idx=1&sn=8338ffe385dcd8dd1f376fc1a2fd50ff&scene=18#rd ;
menuid : 208007648 ;

2016-01-15 20:17:35 params :
------------
Array:
rule : -2 ;
module :  ;
message : Array ;

2016-01-15 20:17:35 response :
------------

2016-01-15 22:53:12 trace :
------------
Array:
from : oqCObuB9HAcFmiSS5vu_eEne2ebA ;
to : gh_5013f37369ce ;
time : 1452869595 ;
type : event ;
event : VIEW ;
tousername : gh_5013f37369ce ;
fromusername : oqCObuB9HAcFmiSS5vu_eEne2ebA ;
createtime : 1452869595 ;
msgtype : event ;
eventkey : http://mp.weixin.qq.com/s?__biz=MzA5MzE5NzExNw==&mid=10001097&idx=1&sn=8338ffe385dcd8dd1f376fc1a2fd50ff&scene=18#rd ;
menuid : 208007648 ;

2016-01-15 22:53:12 params :
------------
Array:
rule : -2 ;
module :  ;
message : Array ;

2016-01-15 22:53:12 response :
------------

2016-01-15 22:53:15 trace :
------------
Array:
from : oqCObuB9HAcFmiSS5vu_eEne2ebA ;
to : gh_5013f37369ce ;
time : 1452869602 ;
type : event ;
event : VIEW ;
tousername : gh_5013f37369ce ;
fromusername : oqCObuB9HAcFmiSS5vu_eEne2ebA ;
createtime : 1452869602 ;
msgtype : event ;
eventkey : http://mp.weixin.qq.com/s?__biz=MzA5MzE5NzExNw==&mid=10001097&idx=1&sn=8338ffe385dcd8dd1f376fc1a2fd50ff&scene=18#rd ;
menuid : 208007648 ;

2016-01-15 22:53:15 params :
------------
Array:
rule : -2 ;
module :  ;
message : Array ;

2016-01-15 22:53:15 response :
------------

