2016-12-31 10:41:25 trace :
------------
String:
<xml><ToUserName><![CDATA[gh_fbee6dda34f1]]></ToUserName>
<FromUserName><![CDATA[o1Sf9wkKBQehW95uXJpMpNu1EkCg]]></FromUserName>
<CreateTime>1483152041</CreateTime>
<MsgType><![CDATA[event]]></MsgType>
<Event><![CDATA[VIEW]]></Event>
<EventKey><![CDATA[http://mp.angelbeautyinc.com/app/index.php?i=8&c=mc&a=bond&do=card&]]></EventKey>
<MenuId>529009798</MenuId>
</xml>

2016-12-31 10:41:25 params :
------------
Array:
rule : -2 ;
module :  ;
message : Array ;

2016-12-31 10:41:25 response :
------------

2016-12-31 10:41:33 trace :
------------
String:
<xml><ToUserName><![CDATA[gh_fbee6dda34f1]]></ToUserName>
<FromUserName><![CDATA[o1Sf9wkKBQehW95uXJpMpNu1EkCg]]></FromUserName>
<CreateTime>1483152049</CreateTime>
<MsgType><![CDATA[event]]></MsgType>
<Event><![CDATA[VIEW]]></Event>
<EventKey><![CDATA[http://mp.angelbeautyinc.com/app/index.php?i=8&c=entry&do=shop&m=ewei_shop]]></EventKey>
<MenuId>529009798</MenuId>
</xml>

2016-12-31 10:41:33 params :
------------
Array:
rule : -2 ;
module :  ;
message : Array ;

2016-12-31 10:41:33 response :
------------

