2016-03-04 07:07:00 trace :
------------
Array:
from : oqCObuJN5CevuyZXsNtVfx6PNaxw ;
to : gh_5013f37369ce ;
time : 1457046429 ;
type : event ;
event : VIEW ;
tousername : gh_5013f37369ce ;
fromusername : oqCObuJN5CevuyZXsNtVfx6PNaxw ;
createtime : 1457046429 ;
msgtype : event ;
eventkey : http://mp.weixin.qq.com/s?__biz=MzA5MzE5NzExNw==&mid=10001097&idx=1&sn=8338ffe385dcd8dd1f376fc1a2fd50ff&scene=18#rd ;
menuid : 208007648 ;

2016-03-04 07:07:00 params :
------------
Array:
rule : -2 ;
module :  ;
message : Array ;

2016-03-04 07:07:00 response :
------------

2016-03-04 07:07:08 trace :
------------
Array:
from : oqCObuJN5CevuyZXsNtVfx6PNaxw ;
to : gh_5013f37369ce ;
time : 1457046438 ;
type : event ;
event : VIEW ;
tousername : gh_5013f37369ce ;
fromusername : oqCObuJN5CevuyZXsNtVfx6PNaxw ;
createtime : 1457046438 ;
msgtype : event ;
eventkey : http://mp.weixin.qq.com/s?__biz=MzA5MzE5NzExNw==&mid=10001097&idx=1&sn=8338ffe385dcd8dd1f376fc1a2fd50ff&scene=18#rd ;
menuid : 208007648 ;

2016-03-04 07:07:08 params :
------------
Array:
rule : -2 ;
module :  ;
message : Array ;

2016-03-04 07:07:08 response :
------------

2016-03-04 09:24:39 trace :
------------
Array:
from : oqCObuBO9l5LQCfsg3OsfdVPMmMQ ;
to : gh_5013f37369ce ;
time : 1457054689 ;
type : event ;
event : VIEW ;
tousername : gh_5013f37369ce ;
fromusername : oqCObuBO9l5LQCfsg3OsfdVPMmMQ ;
createtime : 1457054689 ;
msgtype : event ;
eventkey : http://mp.weixin.qq.com/s?__biz=MzA5MzE5NzExNw==&mid=10001097&idx=1&sn=8338ffe385dcd8dd1f376fc1a2fd50ff&scene=18#rd ;
menuid : 208007648 ;

2016-03-04 09:24:39 params :
------------
Array:
rule : -2 ;
module :  ;
message : Array ;

2016-03-04 09:24:39 response :
------------

2016-03-04 09:24:45 trace :
------------
Array:
from : oqCObuBO9l5LQCfsg3OsfdVPMmMQ ;
to : gh_5013f37369ce ;
time : 1457054695 ;
type : event ;
event : VIEW ;
tousername : gh_5013f37369ce ;
fromusername : oqCObuBO9l5LQCfsg3OsfdVPMmMQ ;
createtime : 1457054695 ;
msgtype : event ;
eventkey : http://mp.weixin.qq.com/s?__biz=MzA5MzE5NzExNw==&mid=10001097&idx=1&sn=8338ffe385dcd8dd1f376fc1a2fd50ff&scene=18#rd ;
menuid : 208007648 ;

2016-03-04 09:24:45 params :
------------
Array:
rule : -2 ;
module :  ;
message : Array ;

2016-03-04 09:24:45 response :
------------

2016-03-04 09:28:25 trace :
------------
Array:
from : oqCObuNUv7mTc-xpYrba94jVHRt4 ;
to : gh_5013f37369ce ;
time : 1457054915 ;
type : event ;
event : VIEW ;
tousername : gh_5013f37369ce ;
fromusername : oqCObuNUv7mTc-xpYrba94jVHRt4 ;
createtime : 1457054915 ;
msgtype : event ;
eventkey : http://mp.weixin.qq.com/s?__biz=MzA5MzE5NzExNw==&mid=10001097&idx=1&sn=8338ffe385dcd8dd1f376fc1a2fd50ff&scene=18#rd ;
menuid : 208007648 ;

2016-03-04 09:28:25 params :
------------
Array:
rule : -2 ;
module :  ;
message : Array ;

2016-03-04 09:28:25 response :
------------

2016-03-04 09:28:32 trace :
------------
Array:
from : oqCObuNUv7mTc-xpYrba94jVHRt4 ;
to : gh_5013f37369ce ;
time : 1457054923 ;
type : event ;
event : VIEW ;
tousername : gh_5013f37369ce ;
fromusername : oqCObuNUv7mTc-xpYrba94jVHRt4 ;
createtime : 1457054923 ;
msgtype : event ;
eventkey : http://mp.weixin.qq.com/s?__biz=MzA5MzE5NzExNw==&mid=10001097&idx=1&sn=8338ffe385dcd8dd1f376fc1a2fd50ff&scene=18#rd ;
menuid : 208007648 ;

2016-03-04 09:28:32 params :
------------
Array:
rule : -2 ;
module :  ;
message : Array ;

2016-03-04 09:28:32 response :
------------

2016-03-04 10:25:02 trace :
------------
Array:
from : oqCObuBj0uBAvmwz2rVnhXjDum1k ;
to : gh_5013f37369ce ;
time : 1457058312 ;
type : event ;
event : subscribe ;
tousername : gh_5013f37369ce ;
fromusername : oqCObuBj0uBAvmwz2rVnhXjDum1k ;
createtime : 1457058312 ;
msgtype : event ;
eventkey :  ;

2016-03-04 10:25:02 params :
------------
Array:
rule : -2 ;
module :  ;
message : Array ;

2016-03-04 10:25:02 response :
------------

2016-03-04 10:25:05 trace :
------------
Array:
from : oqCObuBj0uBAvmwz2rVnhXjDum1k ;
to : gh_5013f37369ce ;
time : 1457058315 ;
type : event ;
event : VIEW ;
tousername : gh_5013f37369ce ;
fromusername : oqCObuBj0uBAvmwz2rVnhXjDum1k ;
createtime : 1457058315 ;
msgtype : event ;
eventkey : http://mp.weixin.qq.com/s?__biz=MzA5MzE5NzExNw==&mid=10001097&idx=1&sn=8338ffe385dcd8dd1f376fc1a2fd50ff&scene=18#rd ;
menuid : 208007648 ;

2016-03-04 10:25:05 params :
------------
Array:
rule : -2 ;
module :  ;
message : Array ;

2016-03-04 10:25:05 response :
------------

2016-03-04 10:50:24 trace :
------------
Array:
from : oqCObuBO9l5LQCfsg3OsfdVPMmMQ ;
to : gh_5013f37369ce ;
time : 1457059834 ;
type : event ;
event : VIEW ;
tousername : gh_5013f37369ce ;
fromusername : oqCObuBO9l5LQCfsg3OsfdVPMmMQ ;
createtime : 1457059834 ;
msgtype : event ;
eventkey : http://mp.weixin.qq.com/s?__biz=MzA5MzE5NzExNw==&mid=10001097&idx=1&sn=8338ffe385dcd8dd1f376fc1a2fd50ff&scene=18#rd ;
menuid : 208007648 ;

2016-03-04 10:50:24 params :
------------
Array:
rule : -2 ;
module :  ;
message : Array ;

2016-03-04 10:50:24 response :
------------

2016-03-04 10:50:30 trace :
------------
Array:
from : oqCObuBO9l5LQCfsg3OsfdVPMmMQ ;
to : gh_5013f37369ce ;
time : 1457059840 ;
type : event ;
event : VIEW ;
tousername : gh_5013f37369ce ;
fromusername : oqCObuBO9l5LQCfsg3OsfdVPMmMQ ;
createtime : 1457059840 ;
msgtype : event ;
eventkey : http://mp.weixin.qq.com/s?__biz=MzA5MzE5NzExNw==&mid=10001097&idx=1&sn=8338ffe385dcd8dd1f376fc1a2fd50ff&scene=18#rd ;
menuid : 208007648 ;

2016-03-04 10:50:30 params :
------------
Array:
rule : -2 ;
module :  ;
message : Array ;

2016-03-04 10:50:30 response :
------------

2016-03-04 10:53:00 trace :
------------
Array:
from : oqCObuBO9l5LQCfsg3OsfdVPMmMQ ;
to : gh_5013f37369ce ;
time : 1457059991 ;
type : event ;
event : VIEW ;
tousername : gh_5013f37369ce ;
fromusername : oqCObuBO9l5LQCfsg3OsfdVPMmMQ ;
createtime : 1457059991 ;
msgtype : event ;
eventkey : http://mp.weixin.qq.com/s?__biz=MzA5MzE5NzExNw==&mid=10001097&idx=1&sn=8338ffe385dcd8dd1f376fc1a2fd50ff&scene=18#rd ;
menuid : 208007648 ;

2016-03-04 10:53:00 params :
------------
Array:
rule : -2 ;
module :  ;
message : Array ;

2016-03-04 10:53:00 response :
------------

2016-03-04 10:53:14 trace :
------------
Array:
from : oqCObuBO9l5LQCfsg3OsfdVPMmMQ ;
to : gh_5013f37369ce ;
time : 1457060001 ;
type : event ;
event : VIEW ;
tousername : gh_5013f37369ce ;
fromusername : oqCObuBO9l5LQCfsg3OsfdVPMmMQ ;
createtime : 1457060001 ;
msgtype : event ;
eventkey : http://mp.weixin.qq.com/s?__biz=MzA5MzE5NzExNw==&mid=10001097&idx=1&sn=8338ffe385dcd8dd1f376fc1a2fd50ff&scene=18#rd ;
menuid : 208007648 ;

2016-03-04 10:53:14 params :
------------
Array:
rule : -2 ;
module :  ;
message : Array ;

2016-03-04 10:53:14 response :
------------

2016-03-04 11:47:44 trace :
------------
Array:
from : oqCObuJQgXZ0PSbfTfH52o-bqCpA ;
to : gh_5013f37369ce ;
time : 1457063274 ;
type : event ;
event : subscribe ;
tousername : gh_5013f37369ce ;
fromusername : oqCObuJQgXZ0PSbfTfH52o-bqCpA ;
createtime : 1457063274 ;
msgtype : event ;
eventkey :  ;

2016-03-04 11:47:44 params :
------------
Array:
rule : -2 ;
module :  ;
message : Array ;

2016-03-04 11:47:44 response :
------------

2016-03-04 11:51:36 trace :
------------
Array:
from : oqCObuJefEZ7WvtYKeOn_9pA81bo ;
to : gh_5013f37369ce ;
time : 1457063506 ;
type : event ;
event : subscribe ;
tousername : gh_5013f37369ce ;
fromusername : oqCObuJefEZ7WvtYKeOn_9pA81bo ;
createtime : 1457063506 ;
msgtype : event ;
eventkey :  ;

2016-03-04 11:51:36 params :
------------
Array:
rule : -2 ;
module :  ;
message : Array ;

2016-03-04 11:51:36 response :
------------

2016-03-04 11:51:48 trace :
------------
Array:
from : oqCObuJefEZ7WvtYKeOn_9pA81bo ;
to : gh_5013f37369ce ;
time : 1457063518 ;
type : event ;
event : VIEW ;
tousername : gh_5013f37369ce ;
fromusername : oqCObuJefEZ7WvtYKeOn_9pA81bo ;
createtime : 1457063518 ;
msgtype : event ;
eventkey : http://mp.weixin.qq.com/s?__biz=MzA5MzE5NzExNw==&mid=10001097&idx=1&sn=8338ffe385dcd8dd1f376fc1a2fd50ff&scene=18#rd ;
menuid : 208007648 ;

2016-03-04 11:51:48 params :
------------
Array:
rule : -2 ;
module :  ;
message : Array ;

2016-03-04 11:51:48 response :
------------

2016-03-04 11:51:48 trace :
------------
Array:
from : oqCObuJefEZ7WvtYKeOn_9pA81bo ;
to : gh_5013f37369ce ;
time : 1457063519 ;
type : event ;
event : VIEW ;
tousername : gh_5013f37369ce ;
fromusername : oqCObuJefEZ7WvtYKeOn_9pA81bo ;
createtime : 1457063519 ;
msgtype : event ;
eventkey : http://mp.weixin.qq.com/s?__biz=MzA5MzE5NzExNw==&mid=10001097&idx=1&sn=8338ffe385dcd8dd1f376fc1a2fd50ff&scene=18#rd ;
menuid : 208007648 ;

2016-03-04 11:51:48 params :
------------
Array:
rule : -2 ;
module :  ;
message : Array ;

2016-03-04 11:51:48 response :
------------

2016-03-04 11:52:04 trace :
------------
Array:
from : oqCObuJefEZ7WvtYKeOn_9pA81bo ;
to : gh_5013f37369ce ;
time : 1457063531 ;
type : event ;
event : VIEW ;
tousername : gh_5013f37369ce ;
fromusername : oqCObuJefEZ7WvtYKeOn_9pA81bo ;
createtime : 1457063531 ;
msgtype : event ;
eventkey : http://mp.weixin.qq.com/s?__biz=MzA5MzE5NzExNw==&mid=10001097&idx=1&sn=8338ffe385dcd8dd1f376fc1a2fd50ff&scene=18#rd ;
menuid : 208007648 ;

2016-03-04 11:52:04 params :
------------
Array:
rule : -2 ;
module :  ;
message : Array ;

2016-03-04 11:52:04 response :
------------

2016-03-04 11:52:08 trace :
------------
Array:
from : oqCObuJefEZ7WvtYKeOn_9pA81bo ;
to : gh_5013f37369ce ;
time : 1457063538 ;
type : event ;
event : VIEW ;
tousername : gh_5013f37369ce ;
fromusername : oqCObuJefEZ7WvtYKeOn_9pA81bo ;
createtime : 1457063538 ;
msgtype : event ;
eventkey : http://mp.weixin.qq.com/s?__biz=MzA5MzE5NzExNw==&mid=10001097&idx=1&sn=8338ffe385dcd8dd1f376fc1a2fd50ff&scene=18#rd ;
menuid : 208007648 ;

2016-03-04 11:52:08 params :
------------
Array:
rule : -2 ;
module :  ;
message : Array ;

2016-03-04 11:52:08 response :
------------

2016-03-04 12:04:47 trace :
------------
Array:
from : oqCObuLpHB5VfmvVlHbFl6QbpM4I ;
to : gh_5013f37369ce ;
time : 1457064297 ;
type : event ;
event : subscribe ;
tousername : gh_5013f37369ce ;
fromusername : oqCObuLpHB5VfmvVlHbFl6QbpM4I ;
createtime : 1457064297 ;
msgtype : event ;
eventkey :  ;

2016-03-04 12:04:47 params :
------------
Array:
rule : -2 ;
module :  ;
message : Array ;

2016-03-04 12:04:47 response :
------------

2016-03-04 12:04:51 trace :
------------
Array:
from : oqCObuLpHB5VfmvVlHbFl6QbpM4I ;
to : gh_5013f37369ce ;
time : 1457064301 ;
type : event ;
event : VIEW ;
tousername : gh_5013f37369ce ;
fromusername : oqCObuLpHB5VfmvVlHbFl6QbpM4I ;
createtime : 1457064301 ;
msgtype : event ;
eventkey : http://mp.weixin.qq.com/s?__biz=MzA5MzE5NzExNw==&mid=10001097&idx=1&sn=8338ffe385dcd8dd1f376fc1a2fd50ff&scene=18#rd ;
menuid : 208007648 ;

2016-03-04 12:04:51 params :
------------
Array:
rule : -2 ;
module :  ;
message : Array ;

2016-03-04 12:04:51 response :
------------

2016-03-04 12:04:58 trace :
------------
Array:
from : oqCObuLpHB5VfmvVlHbFl6QbpM4I ;
to : gh_5013f37369ce ;
time : 1457064309 ;
type : event ;
event : VIEW ;
tousername : gh_5013f37369ce ;
fromusername : oqCObuLpHB5VfmvVlHbFl6QbpM4I ;
createtime : 1457064309 ;
msgtype : event ;
eventkey : http://mp.weixin.qq.com/s?__biz=MzA5MzE5NzExNw==&mid=10001097&idx=1&sn=8338ffe385dcd8dd1f376fc1a2fd50ff&scene=18#rd ;
menuid : 208007648 ;

2016-03-04 12:04:58 params :
------------
Array:
rule : -2 ;
module :  ;
message : Array ;

2016-03-04 12:04:58 response :
------------

2016-03-04 12:05:16 trace :
------------
Array:
from : oqCObuLpHB5VfmvVlHbFl6QbpM4I ;
to : gh_5013f37369ce ;
time : 1457064326 ;
type : event ;
event : VIEW ;
tousername : gh_5013f37369ce ;
fromusername : oqCObuLpHB5VfmvVlHbFl6QbpM4I ;
createtime : 1457064326 ;
msgtype : event ;
eventkey : http://mp.weixin.qq.com/s?__biz=MzA5MzE5NzExNw==&mid=10001097&idx=1&sn=8338ffe385dcd8dd1f376fc1a2fd50ff&scene=18#rd ;
menuid : 208007648 ;

2016-03-04 12:05:16 params :
------------
Array:
rule : -2 ;
module :  ;
message : Array ;

2016-03-04 12:05:16 response :
------------

2016-03-04 12:59:01 trace :
------------
Array:
from : oqCObuHykOzKHrXI2GHXekIh9fjU ;
to : gh_5013f37369ce ;
time : 1457067551 ;
type : event ;
event : VIEW ;
tousername : gh_5013f37369ce ;
fromusername : oqCObuHykOzKHrXI2GHXekIh9fjU ;
createtime : 1457067551 ;
msgtype : event ;
eventkey : http://mp.weixin.qq.com/s?__biz=MzA5MzE5NzExNw==&mid=10001097&idx=1&sn=8338ffe385dcd8dd1f376fc1a2fd50ff&scene=18#rd ;
menuid : 208007648 ;

2016-03-04 12:59:01 params :
------------
Array:
rule : -2 ;
module :  ;
message : Array ;

2016-03-04 12:59:01 response :
------------

2016-03-04 12:59:06 trace :
------------
Array:
from : oqCObuHykOzKHrXI2GHXekIh9fjU ;
to : gh_5013f37369ce ;
time : 1457067556 ;
type : event ;
event : VIEW ;
tousername : gh_5013f37369ce ;
fromusername : oqCObuHykOzKHrXI2GHXekIh9fjU ;
createtime : 1457067556 ;
msgtype : event ;
eventkey : http://mp.weixin.qq.com/s?__biz=MzA5MzE5NzExNw==&mid=10001097&idx=1&sn=8338ffe385dcd8dd1f376fc1a2fd50ff&scene=18#rd ;
menuid : 208007648 ;

2016-03-04 12:59:06 params :
------------
Array:
rule : -2 ;
module :  ;
message : Array ;

2016-03-04 12:59:06 response :
------------

2016-03-04 13:04:19 trace :
------------
Array:
from : oqCObuKLRW1hOmBziSC_ffENowTY ;
to : gh_5013f37369ce ;
time : 1457067870 ;
type : event ;
event : VIEW ;
tousername : gh_5013f37369ce ;
fromusername : oqCObuKLRW1hOmBziSC_ffENowTY ;
createtime : 1457067870 ;
msgtype : event ;
eventkey : http://mp.weixin.qq.com/s?__biz=MzA5MzE5NzExNw==&mid=10001097&idx=1&sn=8338ffe385dcd8dd1f376fc1a2fd50ff&scene=18#rd ;
menuid : 208007648 ;

2016-03-04 13:04:19 params :
------------
Array:
rule : -2 ;
module :  ;
message : Array ;

2016-03-04 13:04:19 response :
------------

2016-03-04 13:04:58 trace :
------------
Array:
from : oqCObuKLRW1hOmBziSC_ffENowTY ;
to : gh_5013f37369ce ;
time : 1457067908 ;
type : event ;
event : VIEW ;
tousername : gh_5013f37369ce ;
fromusername : oqCObuKLRW1hOmBziSC_ffENowTY ;
createtime : 1457067908 ;
msgtype : event ;
eventkey : http://mp.weixin.qq.com/s?__biz=MzA5MzE5NzExNw==&mid=10001097&idx=1&sn=8338ffe385dcd8dd1f376fc1a2fd50ff&scene=18#rd ;
menuid : 208007648 ;

2016-03-04 13:04:58 params :
------------
Array:
rule : -2 ;
module :  ;
message : Array ;

2016-03-04 13:04:58 response :
------------

2016-03-04 13:05:20 trace :
------------
Array:
from : oqCObuKLRW1hOmBziSC_ffENowTY ;
to : gh_5013f37369ce ;
time : 1457067930 ;
type : event ;
event : VIEW ;
tousername : gh_5013f37369ce ;
fromusername : oqCObuKLRW1hOmBziSC_ffENowTY ;
createtime : 1457067930 ;
msgtype : event ;
eventkey : http://mp.weixin.qq.com/s?__biz=MzA5MzE5NzExNw==&mid=10001097&idx=1&sn=8338ffe385dcd8dd1f376fc1a2fd50ff&scene=18#rd ;
menuid : 208007648 ;

2016-03-04 13:05:20 params :
------------
Array:
rule : -2 ;
module :  ;
message : Array ;

2016-03-04 13:05:20 response :
------------

2016-03-04 13:07:05 trace :
------------
Array:
from : oqCObuKLRW1hOmBziSC_ffENowTY ;
to : gh_5013f37369ce ;
time : 1457068035 ;
type : event ;
event : VIEW ;
tousername : gh_5013f37369ce ;
fromusername : oqCObuKLRW1hOmBziSC_ffENowTY ;
createtime : 1457068035 ;
msgtype : event ;
eventkey : http://mp.weixin.qq.com/s?__biz=MzA5MzE5NzExNw==&mid=10001097&idx=1&sn=8338ffe385dcd8dd1f376fc1a2fd50ff&scene=18#rd ;
menuid : 208007648 ;

2016-03-04 13:07:05 params :
------------
Array:
rule : -2 ;
module :  ;
message : Array ;

2016-03-04 13:07:05 response :
------------

2016-03-04 13:30:52 trace :
------------
Array:
from : oqCObuKLRW1hOmBziSC_ffENowTY ;
to : gh_5013f37369ce ;
time : 1457069462 ;
type : event ;
event : VIEW ;
tousername : gh_5013f37369ce ;
fromusername : oqCObuKLRW1hOmBziSC_ffENowTY ;
createtime : 1457069462 ;
msgtype : event ;
eventkey : http://mp.weixin.qq.com/s?__biz=MzA5MzE5NzExNw==&mid=10001097&idx=1&sn=8338ffe385dcd8dd1f376fc1a2fd50ff&scene=18#rd ;
menuid : 208007648 ;

2016-03-04 13:30:52 params :
------------
Array:
rule : -2 ;
module :  ;
message : Array ;

2016-03-04 13:30:52 response :
------------

2016-03-04 13:30:58 trace :
------------
Array:
from : oqCObuKLRW1hOmBziSC_ffENowTY ;
to : gh_5013f37369ce ;
time : 1457069468 ;
type : event ;
event : VIEW ;
tousername : gh_5013f37369ce ;
fromusername : oqCObuKLRW1hOmBziSC_ffENowTY ;
createtime : 1457069468 ;
msgtype : event ;
eventkey : http://mp.weixin.qq.com/s?__biz=MzA5MzE5NzExNw==&mid=10001097&idx=1&sn=8338ffe385dcd8dd1f376fc1a2fd50ff&scene=18#rd ;
menuid : 208007648 ;

2016-03-04 13:30:58 params :
------------
Array:
rule : -2 ;
module :  ;
message : Array ;

2016-03-04 13:30:58 response :
------------

2016-03-04 13:31:02 trace :
------------
Array:
from : oqCObuKLRW1hOmBziSC_ffENowTY ;
to : gh_5013f37369ce ;
time : 1457069472 ;
type : event ;
event : VIEW ;
tousername : gh_5013f37369ce ;
fromusername : oqCObuKLRW1hOmBziSC_ffENowTY ;
createtime : 1457069472 ;
msgtype : event ;
eventkey : http://mp.weixin.qq.com/s?__biz=MzA5MzE5NzExNw==&mid=10001097&idx=1&sn=8338ffe385dcd8dd1f376fc1a2fd50ff&scene=18#rd ;
menuid : 208007648 ;

2016-03-04 13:31:02 params :
------------
Array:
rule : -2 ;
module :  ;
message : Array ;

2016-03-04 13:31:02 response :
------------

2016-03-04 14:43:14 trace :
------------
Array:
from : oqCObuHEs2MAAwy3bkmlyor7lTsU ;
to : gh_5013f37369ce ;
time : 1457073804 ;
type : event ;
event : VIEW ;
tousername : gh_5013f37369ce ;
fromusername : oqCObuHEs2MAAwy3bkmlyor7lTsU ;
createtime : 1457073804 ;
msgtype : event ;
eventkey : http://mp.weixin.qq.com/s?__biz=MzA5MzE5NzExNw==&mid=10001097&idx=1&sn=8338ffe385dcd8dd1f376fc1a2fd50ff&scene=18#rd ;
menuid : 208007648 ;

2016-03-04 14:43:14 params :
------------
Array:
rule : -2 ;
module :  ;
message : Array ;

2016-03-04 14:43:14 response :
------------

2016-03-04 15:00:24 trace :
------------
Array:
from : oqCObuLkqsFeg7QNlneWcemR3hTY ;
to : gh_5013f37369ce ;
time : 1457074835 ;
type : event ;
event : VIEW ;
tousername : gh_5013f37369ce ;
fromusername : oqCObuLkqsFeg7QNlneWcemR3hTY ;
createtime : 1457074835 ;
msgtype : event ;
eventkey : http://mp.weixin.qq.com/s?__biz=MzA5MzE5NzExNw==&mid=10001097&idx=1&sn=8338ffe385dcd8dd1f376fc1a2fd50ff&scene=18#rd ;
menuid : 208007648 ;

2016-03-04 15:00:24 params :
------------
Array:
rule : -2 ;
module :  ;
message : Array ;

2016-03-04 15:00:24 response :
------------

2016-03-04 15:00:35 trace :
------------
Array:
from : oqCObuLkqsFeg7QNlneWcemR3hTY ;
to : gh_5013f37369ce ;
time : 1457074846 ;
type : event ;
event : VIEW ;
tousername : gh_5013f37369ce ;
fromusername : oqCObuLkqsFeg7QNlneWcemR3hTY ;
createtime : 1457074846 ;
msgtype : event ;
eventkey : http://mp.weixin.qq.com/s?__biz=MzA5MzE5NzExNw==&mid=10001097&idx=1&sn=8338ffe385dcd8dd1f376fc1a2fd50ff&scene=18#rd ;
menuid : 208007648 ;

2016-03-04 15:00:35 params :
------------
Array:
rule : -2 ;
module :  ;
message : Array ;

2016-03-04 15:00:35 response :
------------

2016-03-04 15:00:47 trace :
------------
Array:
from : oqCObuLkqsFeg7QNlneWcemR3hTY ;
to : gh_5013f37369ce ;
time : 1457074857 ;
type : event ;
event : VIEW ;
tousername : gh_5013f37369ce ;
fromusername : oqCObuLkqsFeg7QNlneWcemR3hTY ;
createtime : 1457074857 ;
msgtype : event ;
eventkey : http://mp.weixin.qq.com/s?__biz=MzA5MzE5NzExNw==&mid=10001097&idx=1&sn=8338ffe385dcd8dd1f376fc1a2fd50ff&scene=18#rd ;
menuid : 208007648 ;

2016-03-04 15:00:47 params :
------------
Array:
rule : -2 ;
module :  ;
message : Array ;

2016-03-04 15:00:47 response :
------------

2016-03-04 15:14:37 trace :
------------
Array:
from : oqCObuH8k4DlWi3QG63s-W6JDSsw ;
to : gh_5013f37369ce ;
time : 1457075687 ;
type : event ;
event : subscribe ;
tousername : gh_5013f37369ce ;
fromusername : oqCObuH8k4DlWi3QG63s-W6JDSsw ;
createtime : 1457075687 ;
msgtype : event ;
eventkey :  ;

2016-03-04 15:14:37 params :
------------
Array:
rule : -2 ;
module :  ;
message : Array ;

2016-03-04 15:14:37 response :
------------

2016-03-04 15:26:25 trace :
------------
Array:
from : oqCObuJtwfKB44sz2b9MU7dPOFfQ ;
to : gh_5013f37369ce ;
time : 1457076395 ;
type : event ;
event : subscribe ;
tousername : gh_5013f37369ce ;
fromusername : oqCObuJtwfKB44sz2b9MU7dPOFfQ ;
createtime : 1457076395 ;
msgtype : event ;
eventkey :  ;

2016-03-04 15:26:25 params :
------------
Array:
rule : -2 ;
module :  ;
message : Array ;

2016-03-04 15:26:25 response :
------------

2016-03-04 15:26:35 trace :
------------
Array:
from : oqCObuHwE-vRdA8Bg3A0vpYJkxSU ;
to : gh_5013f37369ce ;
time : 1457076405 ;
type : event ;
event : VIEW ;
tousername : gh_5013f37369ce ;
fromusername : oqCObuHwE-vRdA8Bg3A0vpYJkxSU ;
createtime : 1457076405 ;
msgtype : event ;
eventkey : http://mp.weixin.qq.com/s?__biz=MzA5MzE5NzExNw==&mid=10001097&idx=1&sn=8338ffe385dcd8dd1f376fc1a2fd50ff&scene=18#rd ;
menuid : 208007648 ;

2016-03-04 15:26:35 params :
------------
Array:
rule : -2 ;
module :  ;
message : Array ;

2016-03-04 15:26:35 response :
------------

2016-03-04 15:26:41 trace :
------------
Array:
from : oqCObuHwE-vRdA8Bg3A0vpYJkxSU ;
to : gh_5013f37369ce ;
time : 1457076412 ;
type : event ;
event : VIEW ;
tousername : gh_5013f37369ce ;
fromusername : oqCObuHwE-vRdA8Bg3A0vpYJkxSU ;
createtime : 1457076412 ;
msgtype : event ;
eventkey : http://mp.weixin.qq.com/s?__biz=MzA5MzE5NzExNw==&mid=10001097&idx=1&sn=8338ffe385dcd8dd1f376fc1a2fd50ff&scene=18#rd ;
menuid : 208007648 ;

2016-03-04 15:26:41 params :
------------
Array:
rule : -2 ;
module :  ;
message : Array ;

2016-03-04 15:26:41 response :
------------

2016-03-04 15:27:08 trace :
------------
Array:
from : oqCObuONDzUESCQLnR79ZgOyw98M ;
to : gh_5013f37369ce ;
time : 1457076439 ;
type : event ;
event : subscribe ;
tousername : gh_5013f37369ce ;
fromusername : oqCObuONDzUESCQLnR79ZgOyw98M ;
createtime : 1457076439 ;
msgtype : event ;
eventkey :  ;

2016-03-04 15:27:08 params :
------------
Array:
rule : -2 ;
module :  ;
message : Array ;

2016-03-04 15:27:08 response :
------------

2016-03-04 15:27:12 trace :
------------
Array:
from : oqCObuJtwfKB44sz2b9MU7dPOFfQ ;
to : gh_5013f37369ce ;
time : 1457076442 ;
type : event ;
event : VIEW ;
tousername : gh_5013f37369ce ;
fromusername : oqCObuJtwfKB44sz2b9MU7dPOFfQ ;
createtime : 1457076442 ;
msgtype : event ;
eventkey : http://mp.weixin.qq.com/s?__biz=MzA5MzE5NzExNw==&mid=10001097&idx=1&sn=8338ffe385dcd8dd1f376fc1a2fd50ff&scene=18#rd ;
menuid : 208007648 ;

2016-03-04 15:27:12 params :
------------
Array:
rule : -2 ;
module :  ;
message : Array ;

2016-03-04 15:27:12 response :
------------

2016-03-04 15:27:13 trace :
------------
Array:
from : oqCObuONDzUESCQLnR79ZgOyw98M ;
to : gh_5013f37369ce ;
time : 1457076443 ;
type : event ;
event : VIEW ;
tousername : gh_5013f37369ce ;
fromusername : oqCObuONDzUESCQLnR79ZgOyw98M ;
createtime : 1457076443 ;
msgtype : event ;
eventkey : http://mp.weixin.qq.com/s?__biz=MzA5MzE5NzExNw==&mid=10001097&idx=1&sn=8338ffe385dcd8dd1f376fc1a2fd50ff&scene=18#rd ;
menuid : 208007648 ;

2016-03-04 15:27:13 params :
------------
Array:
rule : -2 ;
module :  ;
message : Array ;

2016-03-04 15:27:13 response :
------------

2016-03-04 15:27:24 trace :
------------
Array:
from : oqCObuJtwfKB44sz2b9MU7dPOFfQ ;
to : gh_5013f37369ce ;
time : 1457076455 ;
type : event ;
event : VIEW ;
tousername : gh_5013f37369ce ;
fromusername : oqCObuJtwfKB44sz2b9MU7dPOFfQ ;
createtime : 1457076455 ;
msgtype : event ;
eventkey : http://mp.weixin.qq.com/s?__biz=MzA5MzE5NzExNw==&mid=10001097&idx=1&sn=8338ffe385dcd8dd1f376fc1a2fd50ff&scene=18#rd ;
menuid : 208007648 ;

2016-03-04 15:27:24 params :
------------
Array:
rule : -2 ;
module :  ;
message : Array ;

2016-03-04 15:27:24 response :
------------

2016-03-04 15:27:31 trace :
------------
Array:
from : oqCObuJtwfKB44sz2b9MU7dPOFfQ ;
to : gh_5013f37369ce ;
time : 1457076461 ;
type : event ;
event : VIEW ;
tousername : gh_5013f37369ce ;
fromusername : oqCObuJtwfKB44sz2b9MU7dPOFfQ ;
createtime : 1457076461 ;
msgtype : event ;
eventkey : http://mp.weixin.qq.com/s?__biz=MzA5MzE5NzExNw==&mid=10001097&idx=1&sn=8338ffe385dcd8dd1f376fc1a2fd50ff&scene=18#rd ;
menuid : 208007648 ;

2016-03-04 15:27:31 params :
------------
Array:
rule : -2 ;
module :  ;
message : Array ;

2016-03-04 15:27:31 response :
------------

2016-03-04 15:29:29 trace :
------------
Array:
from : oqCObuJtwfKB44sz2b9MU7dPOFfQ ;
to : gh_5013f37369ce ;
time : 1457076579 ;
type : event ;
event : VIEW ;
tousername : gh_5013f37369ce ;
fromusername : oqCObuJtwfKB44sz2b9MU7dPOFfQ ;
createtime : 1457076579 ;
msgtype : event ;
eventkey : http://mp.weixin.qq.com/s?__biz=MzA5MzE5NzExNw==&mid=10001097&idx=1&sn=8338ffe385dcd8dd1f376fc1a2fd50ff&scene=18#rd ;
menuid : 208007648 ;

2016-03-04 15:29:29 params :
------------
Array:
rule : -2 ;
module :  ;
message : Array ;

2016-03-04 15:29:29 response :
------------

2016-03-04 16:21:58 trace :
------------
Array:
from : oqCObuKLRW1hOmBziSC_ffENowTY ;
to : gh_5013f37369ce ;
time : 1457079728 ;
type : event ;
event : VIEW ;
tousername : gh_5013f37369ce ;
fromusername : oqCObuKLRW1hOmBziSC_ffENowTY ;
createtime : 1457079728 ;
msgtype : event ;
eventkey : http://mp.weixin.qq.com/s?__biz=MzA5MzE5NzExNw==&mid=10001097&idx=1&sn=8338ffe385dcd8dd1f376fc1a2fd50ff&scene=18#rd ;
menuid : 208007648 ;

2016-03-04 16:21:58 params :
------------
Array:
rule : -2 ;
module :  ;
message : Array ;

2016-03-04 16:21:58 response :
------------

2016-03-04 16:22:20 trace :
------------
Array:
from : oqCObuKLRW1hOmBziSC_ffENowTY ;
to : gh_5013f37369ce ;
time : 1457079750 ;
type : event ;
event : VIEW ;
tousername : gh_5013f37369ce ;
fromusername : oqCObuKLRW1hOmBziSC_ffENowTY ;
createtime : 1457079750 ;
msgtype : event ;
eventkey : http://mp.weixin.qq.com/s?__biz=MzA5MzE5NzExNw==&mid=10001097&idx=1&sn=8338ffe385dcd8dd1f376fc1a2fd50ff&scene=18#rd ;
menuid : 208007648 ;

2016-03-04 16:22:20 params :
------------
Array:
rule : -2 ;
module :  ;
message : Array ;

2016-03-04 16:22:20 response :
------------

2016-03-04 16:22:56 trace :
------------
Array:
from : oqCObuKLRW1hOmBziSC_ffENowTY ;
to : gh_5013f37369ce ;
time : 1457079787 ;
type : event ;
event : VIEW ;
tousername : gh_5013f37369ce ;
fromusername : oqCObuKLRW1hOmBziSC_ffENowTY ;
createtime : 1457079787 ;
msgtype : event ;
eventkey : http://mp.weixin.qq.com/s?__biz=MzA5MzE5NzExNw==&mid=10001097&idx=1&sn=8338ffe385dcd8dd1f376fc1a2fd50ff&scene=18#rd ;
menuid : 208007648 ;

2016-03-04 16:22:56 params :
------------
Array:
rule : -2 ;
module :  ;
message : Array ;

2016-03-04 16:22:56 response :
------------

2016-03-04 16:23:11 trace :
------------
Array:
from : oqCObuKLRW1hOmBziSC_ffENowTY ;
to : gh_5013f37369ce ;
time : 1457079801 ;
type : event ;
event : VIEW ;
tousername : gh_5013f37369ce ;
fromusername : oqCObuKLRW1hOmBziSC_ffENowTY ;
createtime : 1457079801 ;
msgtype : event ;
eventkey : http://mp.weixin.qq.com/s?__biz=MzA5MzE5NzExNw==&mid=10001097&idx=1&sn=8338ffe385dcd8dd1f376fc1a2fd50ff&scene=18#rd ;
menuid : 208007648 ;

2016-03-04 16:23:11 params :
------------
Array:
rule : -2 ;
module :  ;
message : Array ;

2016-03-04 16:23:11 response :
------------

2016-03-04 17:53:34 trace :
------------
Array:
from : oqCObuEDDGA8v3rRAQLpEaHesccg ;
to : gh_5013f37369ce ;
time : 1457085224 ;
type : event ;
event : subscribe ;
tousername : gh_5013f37369ce ;
fromusername : oqCObuEDDGA8v3rRAQLpEaHesccg ;
createtime : 1457085224 ;
msgtype : event ;
eventkey :  ;

2016-03-04 17:53:34 params :
------------
Array:
rule : -2 ;
module :  ;
message : Array ;

2016-03-04 17:53:34 response :
------------

2016-03-04 18:04:17 trace :
------------
Array:
from : oqCObuAS1Yga5dgmCTH2ME84yAZY ;
to : gh_5013f37369ce ;
time : 1457085867 ;
type : event ;
event : VIEW ;
tousername : gh_5013f37369ce ;
fromusername : oqCObuAS1Yga5dgmCTH2ME84yAZY ;
createtime : 1457085867 ;
msgtype : event ;
eventkey : http://mp.weixin.qq.com/s?__biz=MzA5MzE5NzExNw==&mid=10001097&idx=1&sn=8338ffe385dcd8dd1f376fc1a2fd50ff&scene=18#rd ;
menuid : 208007648 ;

2016-03-04 18:04:17 params :
------------
Array:
rule : -2 ;
module :  ;
message : Array ;

2016-03-04 18:04:17 response :
------------

2016-03-04 18:13:13 trace :
------------
Array:
from : oqCObuH9QE5OIwgJ4SzKaU5hrHcM ;
to : gh_5013f37369ce ;
time : 1457086403 ;
type : event ;
event : VIEW ;
tousername : gh_5013f37369ce ;
fromusername : oqCObuH9QE5OIwgJ4SzKaU5hrHcM ;
createtime : 1457086403 ;
msgtype : event ;
eventkey : http://mp.weixin.qq.com/s?__biz=MzA5MzE5NzExNw==&mid=10001097&idx=1&sn=8338ffe385dcd8dd1f376fc1a2fd50ff&scene=18#rd ;
menuid : 208007648 ;

2016-03-04 18:13:13 params :
------------
Array:
rule : -2 ;
module :  ;
message : Array ;

2016-03-04 18:13:13 response :
------------

2016-03-04 18:13:27 trace :
------------
Array:
from : oqCObuH9QE5OIwgJ4SzKaU5hrHcM ;
to : gh_5013f37369ce ;
time : 1457086417 ;
type : event ;
event : VIEW ;
tousername : gh_5013f37369ce ;
fromusername : oqCObuH9QE5OIwgJ4SzKaU5hrHcM ;
createtime : 1457086417 ;
msgtype : event ;
eventkey : http://mp.weixin.qq.com/s?__biz=MzA5MzE5NzExNw==&mid=10001097&idx=1&sn=8338ffe385dcd8dd1f376fc1a2fd50ff&scene=18#rd ;
menuid : 208007648 ;

2016-03-04 18:13:27 params :
------------
Array:
rule : -2 ;
module :  ;
message : Array ;

2016-03-04 18:13:27 response :
------------

2016-03-04 18:13:31 trace :
------------
Array:
from : oqCObuH9QE5OIwgJ4SzKaU5hrHcM ;
to : gh_5013f37369ce ;
time : 1457086421 ;
type : event ;
event : VIEW ;
tousername : gh_5013f37369ce ;
fromusername : oqCObuH9QE5OIwgJ4SzKaU5hrHcM ;
createtime : 1457086421 ;
msgtype : event ;
eventkey : http://mp.weixin.qq.com/s?__biz=MzA5MzE5NzExNw==&mid=10001097&idx=1&sn=8338ffe385dcd8dd1f376fc1a2fd50ff&scene=18#rd ;
menuid : 208007648 ;

2016-03-04 18:13:31 params :
------------
Array:
rule : -2 ;
module :  ;
message : Array ;

2016-03-04 18:13:31 response :
------------

2016-03-04 18:13:43 trace :
------------
Array:
from : oqCObuH9QE5OIwgJ4SzKaU5hrHcM ;
to : gh_5013f37369ce ;
time : 1457086433 ;
type : event ;
event : VIEW ;
tousername : gh_5013f37369ce ;
fromusername : oqCObuH9QE5OIwgJ4SzKaU5hrHcM ;
createtime : 1457086433 ;
msgtype : event ;
eventkey : http://mp.weixin.qq.com/s?__biz=MzA5MzE5NzExNw==&mid=10001097&idx=1&sn=8338ffe385dcd8dd1f376fc1a2fd50ff&scene=18#rd ;
menuid : 208007648 ;

2016-03-04 18:13:43 params :
------------
Array:
rule : -2 ;
module :  ;
message : Array ;

2016-03-04 18:13:43 response :
------------

2016-03-04 18:13:48 trace :
------------
Array:
from : oqCObuH9QE5OIwgJ4SzKaU5hrHcM ;
to : gh_5013f37369ce ;
time : 1457086439 ;
type : event ;
event : VIEW ;
tousername : gh_5013f37369ce ;
fromusername : oqCObuH9QE5OIwgJ4SzKaU5hrHcM ;
createtime : 1457086439 ;
msgtype : event ;
eventkey : http://mp.weixin.qq.com/s?__biz=MzA5MzE5NzExNw==&mid=10001097&idx=1&sn=8338ffe385dcd8dd1f376fc1a2fd50ff&scene=18#rd ;
menuid : 208007648 ;

2016-03-04 18:13:48 params :
------------
Array:
rule : -2 ;
module :  ;
message : Array ;

2016-03-04 18:13:48 response :
------------

2016-03-04 18:13:55 trace :
------------
Array:
from : oqCObuH9QE5OIwgJ4SzKaU5hrHcM ;
to : gh_5013f37369ce ;
time : 1457086445 ;
type : event ;
event : VIEW ;
tousername : gh_5013f37369ce ;
fromusername : oqCObuH9QE5OIwgJ4SzKaU5hrHcM ;
createtime : 1457086445 ;
msgtype : event ;
eventkey : http://mp.weixin.qq.com/s?__biz=MzA5MzE5NzExNw==&mid=10001097&idx=1&sn=8338ffe385dcd8dd1f376fc1a2fd50ff&scene=18#rd ;
menuid : 208007648 ;

2016-03-04 18:13:55 params :
------------
Array:
rule : -2 ;
module :  ;
message : Array ;

2016-03-04 18:13:55 response :
------------

2016-03-04 18:51:56 trace :
------------
Array:
from : oqCObuISo5e-ONS-l3fxuY-fNoSQ ;
to : gh_5013f37369ce ;
time : 1457088727 ;
type : event ;
event : subscribe ;
tousername : gh_5013f37369ce ;
fromusername : oqCObuISo5e-ONS-l3fxuY-fNoSQ ;
createtime : 1457088727 ;
msgtype : event ;
eventkey :  ;

2016-03-04 18:51:56 params :
------------
Array:
rule : -2 ;
module :  ;
message : Array ;

2016-03-04 18:51:56 response :
------------

2016-03-04 19:01:13 trace :
------------
Array:
from : oqCObuIPFoHRbu9kfWAnc3CAFVLQ ;
to : gh_5013f37369ce ;
time : 1457089283 ;
type : event ;
event : subscribe ;
tousername : gh_5013f37369ce ;
fromusername : oqCObuIPFoHRbu9kfWAnc3CAFVLQ ;
createtime : 1457089283 ;
msgtype : event ;
eventkey :  ;

2016-03-04 19:01:13 params :
------------
Array:
rule : -2 ;
module :  ;
message : Array ;

2016-03-04 19:01:13 response :
------------

2016-03-04 19:01:19 trace :
------------
Array:
from : oqCObuIPFoHRbu9kfWAnc3CAFVLQ ;
to : gh_5013f37369ce ;
time : 1457089289 ;
type : event ;
event : VIEW ;
tousername : gh_5013f37369ce ;
fromusername : oqCObuIPFoHRbu9kfWAnc3CAFVLQ ;
createtime : 1457089289 ;
msgtype : event ;
eventkey : http://mp.weixin.qq.com/s?__biz=MzA5MzE5NzExNw==&mid=10001097&idx=1&sn=8338ffe385dcd8dd1f376fc1a2fd50ff&scene=18#rd ;
menuid : 208007648 ;

2016-03-04 19:01:19 params :
------------
Array:
rule : -2 ;
module :  ;
message : Array ;

2016-03-04 19:01:19 response :
------------

2016-03-04 19:02:10 trace :
------------
Array:
from : oqCObuIPFoHRbu9kfWAnc3CAFVLQ ;
to : gh_5013f37369ce ;
time : 1457089340 ;
type : event ;
event : VIEW ;
tousername : gh_5013f37369ce ;
fromusername : oqCObuIPFoHRbu9kfWAnc3CAFVLQ ;
createtime : 1457089340 ;
msgtype : event ;
eventkey : http://mp.weixin.qq.com/s?__biz=MzA5MzE5NzExNw==&mid=10001097&idx=1&sn=8338ffe385dcd8dd1f376fc1a2fd50ff&scene=18#rd ;
menuid : 208007648 ;

2016-03-04 19:02:10 params :
------------
Array:
rule : -2 ;
module :  ;
message : Array ;

2016-03-04 19:02:10 response :
------------

2016-03-04 21:35:13 trace :
------------
Array:
from : oqCObuONDzUESCQLnR79ZgOyw98M ;
to : gh_5013f37369ce ;
time : 1457098520 ;
type : event ;
event : VIEW ;
tousername : gh_5013f37369ce ;
fromusername : oqCObuONDzUESCQLnR79ZgOyw98M ;
createtime : 1457098520 ;
msgtype : event ;
eventkey : http://mp.weixin.qq.com/s?__biz=MzA5MzE5NzExNw==&mid=10001097&idx=1&sn=8338ffe385dcd8dd1f376fc1a2fd50ff&scene=18#rd ;
menuid : 208007648 ;

2016-03-04 21:35:13 params :
------------
Array:
rule : -2 ;
module :  ;
message : Array ;

2016-03-04 21:35:13 response :
------------

2016-03-04 22:39:29 trace :
------------
Array:
from : oqCObuL_lBh7ygxyA9ksdBHPCvMc ;
to : gh_5013f37369ce ;
time : 1457102380 ;
type : event ;
event : subscribe ;
tousername : gh_5013f37369ce ;
fromusername : oqCObuL_lBh7ygxyA9ksdBHPCvMc ;
createtime : 1457102380 ;
msgtype : event ;
eventkey :  ;

2016-03-04 22:39:29 params :
------------
Array:
rule : -2 ;
module :  ;
message : Array ;

2016-03-04 22:39:29 response :
------------

2016-03-04 22:39:38 trace :
------------
Array:
from : oqCObuL_lBh7ygxyA9ksdBHPCvMc ;
to : gh_5013f37369ce ;
time : 1457102389 ;
type : event ;
event : VIEW ;
tousername : gh_5013f37369ce ;
fromusername : oqCObuL_lBh7ygxyA9ksdBHPCvMc ;
createtime : 1457102389 ;
msgtype : event ;
eventkey : http://mp.weixin.qq.com/s?__biz=MzA5MzE5NzExNw==&mid=10001097&idx=1&sn=8338ffe385dcd8dd1f376fc1a2fd50ff&scene=18#rd ;
menuid : 208007648 ;

2016-03-04 22:39:38 params :
------------
Array:
rule : -2 ;
module :  ;
message : Array ;

2016-03-04 22:39:38 response :
------------

2016-03-04 22:40:07 trace :
------------
Array:
from : oqCObuL_lBh7ygxyA9ksdBHPCvMc ;
to : gh_5013f37369ce ;
time : 1457102417 ;
type : event ;
event : VIEW ;
tousername : gh_5013f37369ce ;
fromusername : oqCObuL_lBh7ygxyA9ksdBHPCvMc ;
createtime : 1457102417 ;
msgtype : event ;
eventkey : http://mp.weixin.qq.com/s?__biz=MzA5MzE5NzExNw==&mid=10001097&idx=1&sn=8338ffe385dcd8dd1f376fc1a2fd50ff&scene=18#rd ;
menuid : 208007648 ;

2016-03-04 22:40:07 params :
------------
Array:
rule : -2 ;
module :  ;
message : Array ;

2016-03-04 22:40:07 response :
------------

2016-03-04 22:40:20 trace :
------------
Array:
from : oqCObuL_lBh7ygxyA9ksdBHPCvMc ;
to : gh_5013f37369ce ;
time : 1457102430 ;
type : event ;
event : VIEW ;
tousername : gh_5013f37369ce ;
fromusername : oqCObuL_lBh7ygxyA9ksdBHPCvMc ;
createtime : 1457102430 ;
msgtype : event ;
eventkey : http://mp.weixin.qq.com/s?__biz=MzA5MzE5NzExNw==&mid=10001097&idx=1&sn=8338ffe385dcd8dd1f376fc1a2fd50ff&scene=18#rd ;
menuid : 208007648 ;

2016-03-04 22:40:20 params :
------------
Array:
rule : -2 ;
module :  ;
message : Array ;

2016-03-04 22:40:20 response :
------------

2016-03-04 22:40:39 trace :
------------
Array:
from : oqCObuL_lBh7ygxyA9ksdBHPCvMc ;
to : gh_5013f37369ce ;
time : 1457102449 ;
type : event ;
event : VIEW ;
tousername : gh_5013f37369ce ;
fromusername : oqCObuL_lBh7ygxyA9ksdBHPCvMc ;
createtime : 1457102449 ;
msgtype : event ;
eventkey : http://mp.weixin.qq.com/s?__biz=MzA5MzE5NzExNw==&mid=10001097&idx=1&sn=8338ffe385dcd8dd1f376fc1a2fd50ff&scene=18#rd ;
menuid : 208007648 ;

2016-03-04 22:40:39 params :
------------
Array:
rule : -2 ;
module :  ;
message : Array ;

2016-03-04 22:40:39 response :
------------

