2016-07-02 13:12:18 trace :
------------
String:
<xml><ToUserName><![CDATA[gh_5013f37369ce]]></ToUserName>
<FromUserName><![CDATA[oqCObuCgUkfM42ii8UqDU8X_etE0]]></FromUserName>
<CreateTime>1467436472</CreateTime>
<MsgType><![CDATA[event]]></MsgType>
<Event><![CDATA[unsubscribe]]></Event>
<EventKey><![CDATA[]]></EventKey>
</xml>

2016-07-02 13:23:26 trace :
------------
String:
<xml><ToUserName><![CDATA[gh_5013f37369ce]]></ToUserName>
<FromUserName><![CDATA[oqCObuD3yb9g0jlPJXZ8gWRfp8bQ]]></FromUserName>
<CreateTime>1467437141</CreateTime>
<MsgType><![CDATA[event]]></MsgType>
<Event><![CDATA[VIEW]]></Event>
<EventKey><![CDATA[http://mp.weixin.qq.com/s?__biz=MzA5MzE5NzExNw==&mid=10001097&idx=1&sn=8338ffe385dcd8dd1f376fc1a2fd50ff&scene=18#rd]]></EventKey>
<MenuId>208007648</MenuId>
</xml>

2016-07-02 13:23:27 params :
------------
Array:
rule : -2 ;
module :  ;
message : Array ;

2016-07-02 13:23:27 response :
------------

2016-07-02 13:23:35 trace :
------------
String:
<xml><ToUserName><![CDATA[gh_5013f37369ce]]></ToUserName>
<FromUserName><![CDATA[oqCObuD3yb9g0jlPJXZ8gWRfp8bQ]]></FromUserName>
<CreateTime>1467437150</CreateTime>
<MsgType><![CDATA[event]]></MsgType>
<Event><![CDATA[VIEW]]></Event>
<EventKey><![CDATA[http://mp.weixin.qq.com/s?__biz=MzA5MzE5NzExNw==&mid=10001097&idx=1&sn=8338ffe385dcd8dd1f376fc1a2fd50ff&scene=18#rd]]></EventKey>
<MenuId>208007648</MenuId>
</xml>

2016-07-02 13:23:35 params :
------------
Array:
rule : -2 ;
module :  ;
message : Array ;

2016-07-02 13:23:35 response :
------------

2016-07-02 19:39:32 trace :
------------
String:
<xml><ToUserName><![CDATA[gh_5013f37369ce]]></ToUserName>
<FromUserName><![CDATA[oqCObuL1kpKgNCxIKI_6HB-szbZ0]]></FromUserName>
<CreateTime>1467459707</CreateTime>
<MsgType><![CDATA[event]]></MsgType>
<Event><![CDATA[subscribe]]></Event>
<EventKey><![CDATA[]]></EventKey>
</xml>

2016-07-02 19:39:32 params :
------------
Array:
rule : -2 ;
module :  ;
message : Array ;

2016-07-02 19:39:32 response :
------------

2016-07-02 19:39:37 trace :
------------
String:
<xml><ToUserName><![CDATA[gh_5013f37369ce]]></ToUserName>
<FromUserName><![CDATA[oqCObuL1kpKgNCxIKI_6HB-szbZ0]]></FromUserName>
<CreateTime>1467459711</CreateTime>
<MsgType><![CDATA[event]]></MsgType>
<Event><![CDATA[VIEW]]></Event>
<EventKey><![CDATA[http://mp.weixin.qq.com/s?__biz=MzA5MzE5NzExNw==&mid=10001097&idx=1&sn=8338ffe385dcd8dd1f376fc1a2fd50ff&scene=18#rd]]></EventKey>
<MenuId>208007648</MenuId>
</xml>

2016-07-02 19:39:37 params :
------------
Array:
rule : -2 ;
module :  ;
message : Array ;

2016-07-02 19:39:37 response :
------------

