2017-03-16 09:45:32 trace :
------------
String:
<xml><ToUserName><![CDATA[gh_fbee6dda34f1]]></ToUserName>
<FromUserName><![CDATA[o1Sf9wh6vHNzBtcODxBVyLMnuXAA]]></FromUserName>
<CreateTime>1489629155</CreateTime>
<MsgType><![CDATA[event]]></MsgType>
<Event><![CDATA[VIEW]]></Event>
<EventKey><![CDATA[http://mp.angelbeautyinc.com/app/index.php?i=8&c=entry&do=shop&m=ewei_shop]]></EventKey>
<MenuId>532312285</MenuId>
</xml>

2017-03-16 09:45:32 params :
------------
Array:
message : Array ;
module : basic ;
rule : 29 ;
priority : 0 ;
keyword : Array ;

2017-03-16 09:45:32 response :
------------
Array:
FromUserName : gh_fbee6dda34f1 ;
ToUserName : o1Sf9wh6vHNzBtcODxBVyLMnuXAA ;
MsgType : text ;
Content : 您是想咨询以下问题吗，请点击进入：
<a href="http://mp.angelbeautyinc.com/app/aboutus.html">1、了解公司的历史背景/专业度/企业文化</a>👈

<a href="http://mp.angelbeautyinc.com/app/index.php?i=8&c=entry&do=associate&m=lrj_guide">2、了解自己的亚健康情况</a>👈

<a href="http://mp.angelbeautyinc.com/app/index.php?i=8&c=entry&do=selfinspection&m=lrj_guide">3、全面掌握自己的健康状况，选择最适合自己的酵果菜谱</a>👈

<a href="http://mp.angelbeautyinc.com/app/index.php?i=8&c=entry&do=shop&m=ewei_shop">4、了解产品的成分、功能、适用症状、使用方法、注意事项，看看使用者的案例</a>👈

<a href="http://mp.angelbeautyinc.com/question2/index.html">5、查询产品的材料、制作、食用问题、效果等</a>👈

<a href="http://mp.angelbeautyinc.com/app/index.php?i=8&c=entry&do=member&m=ewei_shop">6、了解个人购买记录，产品物流状态等</a>👈

<a href="http://mp.angelbeautyinc.com/test.html">7、其它问题（咨询客服）</a>👈 ;

2017-03-16 10:27:54 trace :
------------
String:
<xml><ToUserName><![CDATA[gh_fbee6dda34f1]]></ToUserName>
<FromUserName><![CDATA[o1Sf9wkKBQehW95uXJpMpNu1EkCg]]></FromUserName>
<CreateTime>1489631697</CreateTime>
<MsgType><![CDATA[event]]></MsgType>
<Event><![CDATA[VIEW]]></Event>
<EventKey><![CDATA[http://mp.angelbeautyinc.com/app/index.php?i=8&c=entry&do=shop&m=ewei_shop]]></EventKey>
<MenuId>532312285</MenuId>
</xml>

2017-03-16 10:27:54 params :
------------
Array:
message : Array ;
module : basic ;
rule : 29 ;
priority : 0 ;
keyword : Array ;

2017-03-16 10:27:54 response :
------------
Array:
FromUserName : gh_fbee6dda34f1 ;
ToUserName : o1Sf9wkKBQehW95uXJpMpNu1EkCg ;
MsgType : text ;
Content : 您是想咨询以下问题吗，请点击进入：
<a href="http://mp.angelbeautyinc.com/app/aboutus.html">1、了解公司的历史背景/专业度/企业文化</a>👈

<a href="http://mp.angelbeautyinc.com/app/index.php?i=8&c=entry&do=associate&m=lrj_guide">2、了解自己的亚健康情况</a>👈

<a href="http://mp.angelbeautyinc.com/app/index.php?i=8&c=entry&do=selfinspection&m=lrj_guide">3、全面掌握自己的健康状况，选择最适合自己的酵果菜谱</a>👈

<a href="http://mp.angelbeautyinc.com/app/index.php?i=8&c=entry&do=shop&m=ewei_shop">4、了解产品的成分、功能、适用症状、使用方法、注意事项，看看使用者的案例</a>👈

<a href="http://mp.angelbeautyinc.com/question2/index.html">5、查询产品的材料、制作、食用问题、效果等</a>👈

<a href="http://mp.angelbeautyinc.com/app/index.php?i=8&c=entry&do=member&m=ewei_shop">6、了解个人购买记录，产品物流状态等</a>👈

<a href="http://mp.angelbeautyinc.com/test.html">7、其它问题（咨询客服）</a>👈 ;

2017-03-16 11:08:12 trace :
------------
String:
<xml><ToUserName><![CDATA[gh_fbee6dda34f1]]></ToUserName>
<FromUserName><![CDATA[o1Sf9wkKBQehW95uXJpMpNu1EkCg]]></FromUserName>
<CreateTime>1489634115</CreateTime>
<MsgType><![CDATA[event]]></MsgType>
<Event><![CDATA[VIEW]]></Event>
<EventKey><![CDATA[http://mp.angelbeautyinc.com/app/index.php?i=8&c=entry&do=shop&m=ewei_shop]]></EventKey>
<MenuId>532312285</MenuId>
</xml>

2017-03-16 11:08:12 params :
------------
Array:
message : Array ;
module : basic ;
rule : 29 ;
priority : 0 ;
keyword : Array ;

2017-03-16 11:08:12 response :
------------
Array:
FromUserName : gh_fbee6dda34f1 ;
ToUserName : o1Sf9wkKBQehW95uXJpMpNu1EkCg ;
MsgType : text ;
Content : 您是想咨询以下问题吗，请点击进入：
<a href="http://mp.angelbeautyinc.com/app/aboutus.html">1、了解公司的历史背景/专业度/企业文化</a>👈

<a href="http://mp.angelbeautyinc.com/app/index.php?i=8&c=entry&do=associate&m=lrj_guide">2、了解自己的亚健康情况</a>👈

<a href="http://mp.angelbeautyinc.com/app/index.php?i=8&c=entry&do=selfinspection&m=lrj_guide">3、全面掌握自己的健康状况，选择最适合自己的酵果菜谱</a>👈

<a href="http://mp.angelbeautyinc.com/app/index.php?i=8&c=entry&do=shop&m=ewei_shop">4、了解产品的成分、功能、适用症状、使用方法、注意事项，看看使用者的案例</a>👈

<a href="http://mp.angelbeautyinc.com/question2/index.html">5、查询产品的材料、制作、食用问题、效果等</a>👈

<a href="http://mp.angelbeautyinc.com/app/index.php?i=8&c=entry&do=member&m=ewei_shop">6、了解个人购买记录，产品物流状态等</a>👈

<a href="http://mp.angelbeautyinc.com/test.html">7、其它问题（咨询客服）</a>👈 ;

2017-03-16 11:08:46 trace :
------------
String:
<xml><ToUserName><![CDATA[gh_fbee6dda34f1]]></ToUserName>
<FromUserName><![CDATA[o1Sf9wh6vHNzBtcODxBVyLMnuXAA]]></FromUserName>
<CreateTime>1489634149</CreateTime>
<MsgType><![CDATA[event]]></MsgType>
<Event><![CDATA[VIEW]]></Event>
<EventKey><![CDATA[http://mp.angelbeautyinc.com/app/index.php?i=8&c=entry&do=shop&m=ewei_shop]]></EventKey>
<MenuId>532312285</MenuId>
</xml>

2017-03-16 11:08:46 params :
------------
Array:
message : Array ;
module : basic ;
rule : 29 ;
priority : 0 ;
keyword : Array ;

2017-03-16 11:08:46 response :
------------
Array:
FromUserName : gh_fbee6dda34f1 ;
ToUserName : o1Sf9wh6vHNzBtcODxBVyLMnuXAA ;
MsgType : text ;
Content : 您是想咨询以下问题吗，请点击进入：
<a href="http://mp.angelbeautyinc.com/app/aboutus.html">1、了解公司的历史背景/专业度/企业文化</a>👈

<a href="http://mp.angelbeautyinc.com/app/index.php?i=8&c=entry&do=associate&m=lrj_guide">2、了解自己的亚健康情况</a>👈

<a href="http://mp.angelbeautyinc.com/app/index.php?i=8&c=entry&do=selfinspection&m=lrj_guide">3、全面掌握自己的健康状况，选择最适合自己的酵果菜谱</a>👈

<a href="http://mp.angelbeautyinc.com/app/index.php?i=8&c=entry&do=shop&m=ewei_shop">4、了解产品的成分、功能、适用症状、使用方法、注意事项，看看使用者的案例</a>👈

<a href="http://mp.angelbeautyinc.com/question2/index.html">5、查询产品的材料、制作、食用问题、效果等</a>👈

<a href="http://mp.angelbeautyinc.com/app/index.php?i=8&c=entry&do=member&m=ewei_shop">6、了解个人购买记录，产品物流状态等</a>👈

<a href="http://mp.angelbeautyinc.com/test.html">7、其它问题（咨询客服）</a>👈 ;

2017-03-16 11:12:50 trace :
------------
String:
<xml><ToUserName><![CDATA[gh_fbee6dda34f1]]></ToUserName>
<FromUserName><![CDATA[o1Sf9wh6vHNzBtcODxBVyLMnuXAA]]></FromUserName>
<CreateTime>1489634393</CreateTime>
<MsgType><![CDATA[event]]></MsgType>
<Event><![CDATA[VIEW]]></Event>
<EventKey><![CDATA[http://mp.angelbeautyinc.com/app/index.php?i=8&c=entry&do=shop&m=ewei_shop]]></EventKey>
<MenuId>532312285</MenuId>
</xml>

2017-03-16 11:12:50 params :
------------
Array:
message : Array ;
module : basic ;
rule : 29 ;
priority : 0 ;
keyword : Array ;

2017-03-16 11:12:50 response :
------------
Array:
FromUserName : gh_fbee6dda34f1 ;
ToUserName : o1Sf9wh6vHNzBtcODxBVyLMnuXAA ;
MsgType : text ;
Content : 您是想咨询以下问题吗，请点击进入：
<a href="http://mp.angelbeautyinc.com/app/aboutus.html">1、了解公司的历史背景/专业度/企业文化</a>👈

<a href="http://mp.angelbeautyinc.com/app/index.php?i=8&c=entry&do=associate&m=lrj_guide">2、了解自己的亚健康情况</a>👈

<a href="http://mp.angelbeautyinc.com/app/index.php?i=8&c=entry&do=selfinspection&m=lrj_guide">3、全面掌握自己的健康状况，选择最适合自己的酵果菜谱</a>👈

<a href="http://mp.angelbeautyinc.com/app/index.php?i=8&c=entry&do=shop&m=ewei_shop">4、了解产品的成分、功能、适用症状、使用方法、注意事项，看看使用者的案例</a>👈

<a href="http://mp.angelbeautyinc.com/question2/index.html">5、查询产品的材料、制作、食用问题、效果等</a>👈

<a href="http://mp.angelbeautyinc.com/app/index.php?i=8&c=entry&do=member&m=ewei_shop">6、了解个人购买记录，产品物流状态等</a>👈

<a href="http://mp.angelbeautyinc.com/test.html">7、其它问题（咨询客服）</a>👈 ;

2017-03-16 11:30:35 trace :
------------
String:
<xml><ToUserName><![CDATA[gh_fbee6dda34f1]]></ToUserName>
<FromUserName><![CDATA[o1Sf9wkKBQehW95uXJpMpNu1EkCg]]></FromUserName>
<CreateTime>1489635458</CreateTime>
<MsgType><![CDATA[event]]></MsgType>
<Event><![CDATA[VIEW]]></Event>
<EventKey><![CDATA[http://mp.angelbeautyinc.com/app/index.php?i=8&c=entry&do=shop&m=ewei_shop]]></EventKey>
<MenuId>532312285</MenuId>
</xml>

2017-03-16 11:30:35 params :
------------
Array:
message : Array ;
module : basic ;
rule : 29 ;
priority : 0 ;
keyword : Array ;

2017-03-16 11:30:35 response :
------------
Array:
FromUserName : gh_fbee6dda34f1 ;
ToUserName : o1Sf9wkKBQehW95uXJpMpNu1EkCg ;
MsgType : text ;
Content : 您是想咨询以下问题吗，请点击进入：
<a href="http://mp.angelbeautyinc.com/app/aboutus.html">1、了解公司的历史背景/专业度/企业文化</a>👈

<a href="http://mp.angelbeautyinc.com/app/index.php?i=8&c=entry&do=associate&m=lrj_guide">2、了解自己的亚健康情况</a>👈

<a href="http://mp.angelbeautyinc.com/app/index.php?i=8&c=entry&do=selfinspection&m=lrj_guide">3、全面掌握自己的健康状况，选择最适合自己的酵果菜谱</a>👈

<a href="http://mp.angelbeautyinc.com/app/index.php?i=8&c=entry&do=shop&m=ewei_shop">4、了解产品的成分、功能、适用症状、使用方法、注意事项，看看使用者的案例</a>👈

<a href="http://mp.angelbeautyinc.com/question2/index.html">5、查询产品的材料、制作、食用问题、效果等</a>👈

<a href="http://mp.angelbeautyinc.com/app/index.php?i=8&c=entry&do=member&m=ewei_shop">6、了解个人购买记录，产品物流状态等</a>👈

<a href="http://mp.angelbeautyinc.com/test.html">7、其它问题（咨询客服）</a>👈 ;

2017-03-16 11:34:58 trace :
------------
String:
<xml><ToUserName><![CDATA[gh_fbee6dda34f1]]></ToUserName>
<FromUserName><![CDATA[o1Sf9wkKBQehW95uXJpMpNu1EkCg]]></FromUserName>
<CreateTime>1489635720</CreateTime>
<MsgType><![CDATA[event]]></MsgType>
<Event><![CDATA[VIEW]]></Event>
<EventKey><![CDATA[http://mp.angelbeautyinc.com/app/index.php?i=8&c=entry&do=shop&m=ewei_shop]]></EventKey>
<MenuId>532312285</MenuId>
</xml>

2017-03-16 11:34:58 params :
------------
Array:
message : Array ;
module : basic ;
rule : 29 ;
priority : 0 ;
keyword : Array ;

2017-03-16 11:34:58 response :
------------
Array:
FromUserName : gh_fbee6dda34f1 ;
ToUserName : o1Sf9wkKBQehW95uXJpMpNu1EkCg ;
MsgType : text ;
Content : 您是想咨询以下问题吗，请点击进入：
<a href="http://mp.angelbeautyinc.com/app/aboutus.html">1、了解公司的历史背景/专业度/企业文化</a>👈

<a href="http://mp.angelbeautyinc.com/app/index.php?i=8&c=entry&do=associate&m=lrj_guide">2、了解自己的亚健康情况</a>👈

<a href="http://mp.angelbeautyinc.com/app/index.php?i=8&c=entry&do=selfinspection&m=lrj_guide">3、全面掌握自己的健康状况，选择最适合自己的酵果菜谱</a>👈

<a href="http://mp.angelbeautyinc.com/app/index.php?i=8&c=entry&do=shop&m=ewei_shop">4、了解产品的成分、功能、适用症状、使用方法、注意事项，看看使用者的案例</a>👈

<a href="http://mp.angelbeautyinc.com/question2/index.html">5、查询产品的材料、制作、食用问题、效果等</a>👈

<a href="http://mp.angelbeautyinc.com/app/index.php?i=8&c=entry&do=member&m=ewei_shop">6、了解个人购买记录，产品物流状态等</a>👈

<a href="http://mp.angelbeautyinc.com/test.html">7、其它问题（咨询客服）</a>👈 ;

2017-03-16 11:49:37 trace :
------------
String:
<xml><ToUserName><![CDATA[gh_fbee6dda34f1]]></ToUserName>
<FromUserName><![CDATA[o1Sf9wkKBQehW95uXJpMpNu1EkCg]]></FromUserName>
<CreateTime>1489636599</CreateTime>
<MsgType><![CDATA[event]]></MsgType>
<Event><![CDATA[VIEW]]></Event>
<EventKey><![CDATA[http://mp.angelbeautyinc.com/app/index.php?i=8&c=entry&do=shop&m=ewei_shop]]></EventKey>
<MenuId>532312285</MenuId>
</xml>

2017-03-16 11:49:37 params :
------------
Array:
message : Array ;
module : basic ;
rule : 29 ;
priority : 0 ;
keyword : Array ;

2017-03-16 11:49:37 response :
------------
Array:
FromUserName : gh_fbee6dda34f1 ;
ToUserName : o1Sf9wkKBQehW95uXJpMpNu1EkCg ;
MsgType : text ;
Content : 您是想咨询以下问题吗，请点击进入：
<a href="http://mp.angelbeautyinc.com/app/aboutus.html">1、了解公司的历史背景/专业度/企业文化</a>👈

<a href="http://mp.angelbeautyinc.com/app/index.php?i=8&c=entry&do=associate&m=lrj_guide">2、了解自己的亚健康情况</a>👈

<a href="http://mp.angelbeautyinc.com/app/index.php?i=8&c=entry&do=selfinspection&m=lrj_guide">3、全面掌握自己的健康状况，选择最适合自己的酵果菜谱</a>👈

<a href="http://mp.angelbeautyinc.com/app/index.php?i=8&c=entry&do=shop&m=ewei_shop">4、了解产品的成分、功能、适用症状、使用方法、注意事项，看看使用者的案例</a>👈

<a href="http://mp.angelbeautyinc.com/question2/index.html">5、查询产品的材料、制作、食用问题、效果等</a>👈

<a href="http://mp.angelbeautyinc.com/app/index.php?i=8&c=entry&do=member&m=ewei_shop">6、了解个人购买记录，产品物流状态等</a>👈

<a href="http://mp.angelbeautyinc.com/test.html">7、其它问题（咨询客服）</a>👈 ;

2017-03-16 11:56:09 trace :
------------
String:
<xml><ToUserName><![CDATA[gh_fbee6dda34f1]]></ToUserName>
<FromUserName><![CDATA[o1Sf9wkKBQehW95uXJpMpNu1EkCg]]></FromUserName>
<CreateTime>1489636991</CreateTime>
<MsgType><![CDATA[event]]></MsgType>
<Event><![CDATA[VIEW]]></Event>
<EventKey><![CDATA[http://mp.angelbeautyinc.com/app/index.php?i=8&c=entry&do=shop&m=ewei_shop]]></EventKey>
<MenuId>532312285</MenuId>
</xml>

2017-03-16 11:56:09 params :
------------
Array:
message : Array ;
module : basic ;
rule : 29 ;
priority : 0 ;
keyword : Array ;

2017-03-16 11:56:09 response :
------------
Array:
FromUserName : gh_fbee6dda34f1 ;
ToUserName : o1Sf9wkKBQehW95uXJpMpNu1EkCg ;
MsgType : text ;
Content : 您是想咨询以下问题吗，请点击进入：
<a href="http://mp.angelbeautyinc.com/app/aboutus.html">1、了解公司的历史背景/专业度/企业文化</a>👈

<a href="http://mp.angelbeautyinc.com/app/index.php?i=8&c=entry&do=associate&m=lrj_guide">2、了解自己的亚健康情况</a>👈

<a href="http://mp.angelbeautyinc.com/app/index.php?i=8&c=entry&do=selfinspection&m=lrj_guide">3、全面掌握自己的健康状况，选择最适合自己的酵果菜谱</a>👈

<a href="http://mp.angelbeautyinc.com/app/index.php?i=8&c=entry&do=shop&m=ewei_shop">4、了解产品的成分、功能、适用症状、使用方法、注意事项，看看使用者的案例</a>👈

<a href="http://mp.angelbeautyinc.com/question2/index.html">5、查询产品的材料、制作、食用问题、效果等</a>👈

<a href="http://mp.angelbeautyinc.com/app/index.php?i=8&c=entry&do=member&m=ewei_shop">6、了解个人购买记录，产品物流状态等</a>👈

<a href="http://mp.angelbeautyinc.com/test.html">7、其它问题（咨询客服）</a>👈 ;

2017-03-16 11:59:22 trace :
------------
String:
<xml><ToUserName><![CDATA[gh_fbee6dda34f1]]></ToUserName>
<FromUserName><![CDATA[o1Sf9wkKBQehW95uXJpMpNu1EkCg]]></FromUserName>
<CreateTime>1489637185</CreateTime>
<MsgType><![CDATA[event]]></MsgType>
<Event><![CDATA[VIEW]]></Event>
<EventKey><![CDATA[http://mp.angelbeautyinc.com/app/index.php?i=8&c=entry&do=shop&m=ewei_shop]]></EventKey>
<MenuId>532312285</MenuId>
</xml>

2017-03-16 11:59:22 params :
------------
Array:
message : Array ;
module : basic ;
rule : 29 ;
priority : 0 ;
keyword : Array ;

2017-03-16 11:59:22 response :
------------
Array:
FromUserName : gh_fbee6dda34f1 ;
ToUserName : o1Sf9wkKBQehW95uXJpMpNu1EkCg ;
MsgType : text ;
Content : 您是想咨询以下问题吗，请点击进入：
<a href="http://mp.angelbeautyinc.com/app/aboutus.html">1、了解公司的历史背景/专业度/企业文化</a>👈

<a href="http://mp.angelbeautyinc.com/app/index.php?i=8&c=entry&do=associate&m=lrj_guide">2、了解自己的亚健康情况</a>👈

<a href="http://mp.angelbeautyinc.com/app/index.php?i=8&c=entry&do=selfinspection&m=lrj_guide">3、全面掌握自己的健康状况，选择最适合自己的酵果菜谱</a>👈

<a href="http://mp.angelbeautyinc.com/app/index.php?i=8&c=entry&do=shop&m=ewei_shop">4、了解产品的成分、功能、适用症状、使用方法、注意事项，看看使用者的案例</a>👈

<a href="http://mp.angelbeautyinc.com/question2/index.html">5、查询产品的材料、制作、食用问题、效果等</a>👈

<a href="http://mp.angelbeautyinc.com/app/index.php?i=8&c=entry&do=member&m=ewei_shop">6、了解个人购买记录，产品物流状态等</a>👈

<a href="http://mp.angelbeautyinc.com/test.html">7、其它问题（咨询客服）</a>👈 ;

2017-03-16 12:07:00 trace :
------------
String:
<xml><ToUserName><![CDATA[gh_fbee6dda34f1]]></ToUserName>
<FromUserName><![CDATA[o1Sf9wkKBQehW95uXJpMpNu1EkCg]]></FromUserName>
<CreateTime>1489637643</CreateTime>
<MsgType><![CDATA[event]]></MsgType>
<Event><![CDATA[VIEW]]></Event>
<EventKey><![CDATA[http://mp.angelbeautyinc.com/app/index.php?i=8&c=entry&do=shop&m=ewei_shop]]></EventKey>
<MenuId>532312285</MenuId>
</xml>

2017-03-16 12:07:00 params :
------------
Array:
message : Array ;
module : basic ;
rule : 29 ;
priority : 0 ;
keyword : Array ;

2017-03-16 12:07:00 response :
------------
Array:
FromUserName : gh_fbee6dda34f1 ;
ToUserName : o1Sf9wkKBQehW95uXJpMpNu1EkCg ;
MsgType : text ;
Content : 您是想咨询以下问题吗，请点击进入：
<a href="http://mp.angelbeautyinc.com/app/aboutus.html">1、了解公司的历史背景/专业度/企业文化</a>👈

<a href="http://mp.angelbeautyinc.com/app/index.php?i=8&c=entry&do=associate&m=lrj_guide">2、了解自己的亚健康情况</a>👈

<a href="http://mp.angelbeautyinc.com/app/index.php?i=8&c=entry&do=selfinspection&m=lrj_guide">3、全面掌握自己的健康状况，选择最适合自己的酵果菜谱</a>👈

<a href="http://mp.angelbeautyinc.com/app/index.php?i=8&c=entry&do=shop&m=ewei_shop">4、了解产品的成分、功能、适用症状、使用方法、注意事项，看看使用者的案例</a>👈

<a href="http://mp.angelbeautyinc.com/question2/index.html">5、查询产品的材料、制作、食用问题、效果等</a>👈

<a href="http://mp.angelbeautyinc.com/app/index.php?i=8&c=entry&do=member&m=ewei_shop">6、了解个人购买记录，产品物流状态等</a>👈

<a href="http://mp.angelbeautyinc.com/test.html">7、其它问题（咨询客服）</a>👈 ;

2017-03-16 13:25:17 trace :
------------
String:
<xml><ToUserName><![CDATA[gh_fbee6dda34f1]]></ToUserName>
<FromUserName><![CDATA[o1Sf9wunLYX1m6GeqMt3sBUme_iI]]></FromUserName>
<CreateTime>1489642339</CreateTime>
<MsgType><![CDATA[event]]></MsgType>
<Event><![CDATA[VIEW]]></Event>
<EventKey><![CDATA[http://mp.angelbeautyinc.com/app/aboutus.html#enterprise]]></EventKey>
<MenuId>532312285</MenuId>
</xml>

2017-03-16 13:25:17 params :
------------
Array:
message : Array ;
module : basic ;
rule : 29 ;
priority : 0 ;
keyword : Array ;

2017-03-16 13:25:17 response :
------------
Array:
FromUserName : gh_fbee6dda34f1 ;
ToUserName : o1Sf9wunLYX1m6GeqMt3sBUme_iI ;
MsgType : text ;
Content : 您是想咨询以下问题吗，请点击进入：
<a href="http://mp.angelbeautyinc.com/app/aboutus.html">1、了解公司的历史背景/专业度/企业文化</a>👈

<a href="http://mp.angelbeautyinc.com/app/index.php?i=8&c=entry&do=associate&m=lrj_guide">2、了解自己的亚健康情况</a>👈

<a href="http://mp.angelbeautyinc.com/app/index.php?i=8&c=entry&do=selfinspection&m=lrj_guide">3、全面掌握自己的健康状况，选择最适合自己的酵果菜谱</a>👈

<a href="http://mp.angelbeautyinc.com/app/index.php?i=8&c=entry&do=shop&m=ewei_shop">4、了解产品的成分、功能、适用症状、使用方法、注意事项，看看使用者的案例</a>👈

<a href="http://mp.angelbeautyinc.com/question2/index.html">5、查询产品的材料、制作、食用问题、效果等</a>👈

<a href="http://mp.angelbeautyinc.com/app/index.php?i=8&c=entry&do=member&m=ewei_shop">6、了解个人购买记录，产品物流状态等</a>👈

<a href="http://mp.angelbeautyinc.com/test.html">7、其它问题（咨询客服）</a>👈 ;

2017-03-16 13:35:08 trace :
------------
String:
<xml><ToUserName><![CDATA[gh_fbee6dda34f1]]></ToUserName>
<FromUserName><![CDATA[o1Sf9wqTVQi62YhMWkM6JDQnNmBU]]></FromUserName>
<CreateTime>1489642930</CreateTime>
<MsgType><![CDATA[event]]></MsgType>
<Event><![CDATA[VIEW]]></Event>
<EventKey><![CDATA[http://mp.angelbeautyinc.com/app/index.php?i=8&c=entry&do=member&m=ewei_shop]]></EventKey>
<MenuId>532312285</MenuId>
</xml>

2017-03-16 13:35:08 params :
------------
Array:
message : Array ;
module : basic ;
rule : 29 ;
priority : 0 ;
keyword : Array ;

2017-03-16 13:35:08 response :
------------
Array:
FromUserName : gh_fbee6dda34f1 ;
ToUserName : o1Sf9wqTVQi62YhMWkM6JDQnNmBU ;
MsgType : text ;
Content : 您是想咨询以下问题吗，请点击进入：
<a href="http://mp.angelbeautyinc.com/app/aboutus.html">1、了解公司的历史背景/专业度/企业文化</a>👈

<a href="http://mp.angelbeautyinc.com/app/index.php?i=8&c=entry&do=associate&m=lrj_guide">2、了解自己的亚健康情况</a>👈

<a href="http://mp.angelbeautyinc.com/app/index.php?i=8&c=entry&do=selfinspection&m=lrj_guide">3、全面掌握自己的健康状况，选择最适合自己的酵果菜谱</a>👈

<a href="http://mp.angelbeautyinc.com/app/index.php?i=8&c=entry&do=shop&m=ewei_shop">4、了解产品的成分、功能、适用症状、使用方法、注意事项，看看使用者的案例</a>👈

<a href="http://mp.angelbeautyinc.com/question2/index.html">5、查询产品的材料、制作、食用问题、效果等</a>👈

<a href="http://mp.angelbeautyinc.com/app/index.php?i=8&c=entry&do=member&m=ewei_shop">6、了解个人购买记录，产品物流状态等</a>👈

<a href="http://mp.angelbeautyinc.com/test.html">7、其它问题（咨询客服）</a>👈 ;

2017-03-16 14:07:58 trace :
------------
String:
<xml><ToUserName><![CDATA[gh_fbee6dda34f1]]></ToUserName>
<FromUserName><![CDATA[o1Sf9wkKBQehW95uXJpMpNu1EkCg]]></FromUserName>
<CreateTime>1489644899</CreateTime>
<MsgType><![CDATA[event]]></MsgType>
<Event><![CDATA[VIEW]]></Event>
<EventKey><![CDATA[http://mp.angelbeautyinc.com/app/index.php?i=8&c=entry&do=shop&m=ewei_shop]]></EventKey>
<MenuId>532312285</MenuId>
</xml>

2017-03-16 14:07:58 params :
------------
Array:
message : Array ;
module : basic ;
rule : 29 ;
priority : 0 ;
keyword : Array ;

2017-03-16 14:07:58 response :
------------
Array:
FromUserName : gh_fbee6dda34f1 ;
ToUserName : o1Sf9wkKBQehW95uXJpMpNu1EkCg ;
MsgType : text ;
Content : 您是想咨询以下问题吗，请点击进入：
<a href="http://mp.angelbeautyinc.com/app/aboutus.html">1、了解公司的历史背景/专业度/企业文化</a>👈

<a href="http://mp.angelbeautyinc.com/app/index.php?i=8&c=entry&do=associate&m=lrj_guide">2、了解自己的亚健康情况</a>👈

<a href="http://mp.angelbeautyinc.com/app/index.php?i=8&c=entry&do=selfinspection&m=lrj_guide">3、全面掌握自己的健康状况，选择最适合自己的酵果菜谱</a>👈

<a href="http://mp.angelbeautyinc.com/app/index.php?i=8&c=entry&do=shop&m=ewei_shop">4、了解产品的成分、功能、适用症状、使用方法、注意事项，看看使用者的案例</a>👈

<a href="http://mp.angelbeautyinc.com/question2/index.html">5、查询产品的材料、制作、食用问题、效果等</a>👈

<a href="http://mp.angelbeautyinc.com/app/index.php?i=8&c=entry&do=member&m=ewei_shop">6、了解个人购买记录，产品物流状态等</a>👈

<a href="http://mp.angelbeautyinc.com/test.html">7、其它问题（咨询客服）</a>👈 ;

2017-03-16 14:07:58 trace :
------------
String:
<xml><ToUserName><![CDATA[gh_fbee6dda34f1]]></ToUserName>
<FromUserName><![CDATA[o1Sf9wh6vHNzBtcODxBVyLMnuXAA]]></FromUserName>
<CreateTime>1489644899</CreateTime>
<MsgType><![CDATA[event]]></MsgType>
<Event><![CDATA[VIEW]]></Event>
<EventKey><![CDATA[http://mp.angelbeautyinc.com/app/index.php?i=8&c=entry&do=shop&m=ewei_shop]]></EventKey>
<MenuId>532312285</MenuId>
</xml>

2017-03-16 14:07:58 params :
------------
Array:
message : Array ;
module : basic ;
rule : 29 ;
priority : 0 ;
keyword : Array ;

2017-03-16 14:07:58 response :
------------
Array:
FromUserName : gh_fbee6dda34f1 ;
ToUserName : o1Sf9wh6vHNzBtcODxBVyLMnuXAA ;
MsgType : text ;
Content : 您是想咨询以下问题吗，请点击进入：
<a href="http://mp.angelbeautyinc.com/app/aboutus.html">1、了解公司的历史背景/专业度/企业文化</a>👈

<a href="http://mp.angelbeautyinc.com/app/index.php?i=8&c=entry&do=associate&m=lrj_guide">2、了解自己的亚健康情况</a>👈

<a href="http://mp.angelbeautyinc.com/app/index.php?i=8&c=entry&do=selfinspection&m=lrj_guide">3、全面掌握自己的健康状况，选择最适合自己的酵果菜谱</a>👈

<a href="http://mp.angelbeautyinc.com/app/index.php?i=8&c=entry&do=shop&m=ewei_shop">4、了解产品的成分、功能、适用症状、使用方法、注意事项，看看使用者的案例</a>👈

<a href="http://mp.angelbeautyinc.com/question2/index.html">5、查询产品的材料、制作、食用问题、效果等</a>👈

<a href="http://mp.angelbeautyinc.com/app/index.php?i=8&c=entry&do=member&m=ewei_shop">6、了解个人购买记录，产品物流状态等</a>👈

<a href="http://mp.angelbeautyinc.com/test.html">7、其它问题（咨询客服）</a>👈 ;

2017-03-16 14:25:25 trace :
------------
String:
<xml><ToUserName><![CDATA[gh_fbee6dda34f1]]></ToUserName>
<FromUserName><![CDATA[o1Sf9wkKBQehW95uXJpMpNu1EkCg]]></FromUserName>
<CreateTime>1489645946</CreateTime>
<MsgType><![CDATA[event]]></MsgType>
<Event><![CDATA[VIEW]]></Event>
<EventKey><![CDATA[http://mp.angelbeautyinc.com/app/index.php?i=8&c=entry&do=shop&m=ewei_shop]]></EventKey>
<MenuId>532312285</MenuId>
</xml>

2017-03-16 14:25:25 params :
------------
Array:
message : Array ;
module : basic ;
rule : 29 ;
priority : 0 ;
keyword : Array ;

2017-03-16 14:25:25 response :
------------
Array:
FromUserName : gh_fbee6dda34f1 ;
ToUserName : o1Sf9wkKBQehW95uXJpMpNu1EkCg ;
MsgType : text ;
Content : 您是想咨询以下问题吗，请点击进入：
<a href="http://mp.angelbeautyinc.com/app/aboutus.html">1、了解公司的历史背景/专业度/企业文化</a>👈

<a href="http://mp.angelbeautyinc.com/app/index.php?i=8&c=entry&do=associate&m=lrj_guide">2、了解自己的亚健康情况</a>👈

<a href="http://mp.angelbeautyinc.com/app/index.php?i=8&c=entry&do=selfinspection&m=lrj_guide">3、全面掌握自己的健康状况，选择最适合自己的酵果菜谱</a>👈

<a href="http://mp.angelbeautyinc.com/app/index.php?i=8&c=entry&do=shop&m=ewei_shop">4、了解产品的成分、功能、适用症状、使用方法、注意事项，看看使用者的案例</a>👈

<a href="http://mp.angelbeautyinc.com/question2/index.html">5、查询产品的材料、制作、食用问题、效果等</a>👈

<a href="http://mp.angelbeautyinc.com/app/index.php?i=8&c=entry&do=member&m=ewei_shop">6、了解个人购买记录，产品物流状态等</a>👈

<a href="http://mp.angelbeautyinc.com/test.html">7、其它问题（咨询客服）</a>👈 ;

2017-03-16 14:25:27 trace :
------------
String:
<xml><ToUserName><![CDATA[gh_fbee6dda34f1]]></ToUserName>
<FromUserName><![CDATA[o1Sf9wh6vHNzBtcODxBVyLMnuXAA]]></FromUserName>
<CreateTime>1489645948</CreateTime>
<MsgType><![CDATA[event]]></MsgType>
<Event><![CDATA[VIEW]]></Event>
<EventKey><![CDATA[http://mp.angelbeautyinc.com/app/index.php?i=8&c=entry&do=shop&m=ewei_shop]]></EventKey>
<MenuId>532312285</MenuId>
</xml>

2017-03-16 14:25:27 params :
------------
Array:
message : Array ;
module : basic ;
rule : 29 ;
priority : 0 ;
keyword : Array ;

2017-03-16 14:25:27 response :
------------
Array:
FromUserName : gh_fbee6dda34f1 ;
ToUserName : o1Sf9wh6vHNzBtcODxBVyLMnuXAA ;
MsgType : text ;
Content : 您是想咨询以下问题吗，请点击进入：
<a href="http://mp.angelbeautyinc.com/app/aboutus.html">1、了解公司的历史背景/专业度/企业文化</a>👈

<a href="http://mp.angelbeautyinc.com/app/index.php?i=8&c=entry&do=associate&m=lrj_guide">2、了解自己的亚健康情况</a>👈

<a href="http://mp.angelbeautyinc.com/app/index.php?i=8&c=entry&do=selfinspection&m=lrj_guide">3、全面掌握自己的健康状况，选择最适合自己的酵果菜谱</a>👈

<a href="http://mp.angelbeautyinc.com/app/index.php?i=8&c=entry&do=shop&m=ewei_shop">4、了解产品的成分、功能、适用症状、使用方法、注意事项，看看使用者的案例</a>👈

<a href="http://mp.angelbeautyinc.com/question2/index.html">5、查询产品的材料、制作、食用问题、效果等</a>👈

<a href="http://mp.angelbeautyinc.com/app/index.php?i=8&c=entry&do=member&m=ewei_shop">6、了解个人购买记录，产品物流状态等</a>👈

<a href="http://mp.angelbeautyinc.com/test.html">7、其它问题（咨询客服）</a>👈 ;

2017-03-16 14:46:05 trace :
------------
String:
<xml><ToUserName><![CDATA[gh_fbee6dda34f1]]></ToUserName>
<FromUserName><![CDATA[o1Sf9wh6vHNzBtcODxBVyLMnuXAA]]></FromUserName>
<CreateTime>1489647186</CreateTime>
<MsgType><![CDATA[event]]></MsgType>
<Event><![CDATA[VIEW]]></Event>
<EventKey><![CDATA[http://mp.angelbeautyinc.com/app/index.php?i=8&c=entry&do=shop&m=ewei_shop]]></EventKey>
<MenuId>532312285</MenuId>
</xml>

2017-03-16 14:46:05 params :
------------
Array:
message : Array ;
module : basic ;
rule : 29 ;
priority : 0 ;
keyword : Array ;

2017-03-16 14:46:05 response :
------------
Array:
FromUserName : gh_fbee6dda34f1 ;
ToUserName : o1Sf9wh6vHNzBtcODxBVyLMnuXAA ;
MsgType : text ;
Content : 您是想咨询以下问题吗，请点击进入：
<a href="http://mp.angelbeautyinc.com/app/aboutus.html">1、了解公司的历史背景/专业度/企业文化</a>👈

<a href="http://mp.angelbeautyinc.com/app/index.php?i=8&c=entry&do=associate&m=lrj_guide">2、了解自己的亚健康情况</a>👈

<a href="http://mp.angelbeautyinc.com/app/index.php?i=8&c=entry&do=selfinspection&m=lrj_guide">3、全面掌握自己的健康状况，选择最适合自己的酵果菜谱</a>👈

<a href="http://mp.angelbeautyinc.com/app/index.php?i=8&c=entry&do=shop&m=ewei_shop">4、了解产品的成分、功能、适用症状、使用方法、注意事项，看看使用者的案例</a>👈

<a href="http://mp.angelbeautyinc.com/question2/index.html">5、查询产品的材料、制作、食用问题、效果等</a>👈

<a href="http://mp.angelbeautyinc.com/app/index.php?i=8&c=entry&do=member&m=ewei_shop">6、了解个人购买记录，产品物流状态等</a>👈

<a href="http://mp.angelbeautyinc.com/test.html">7、其它问题（咨询客服）</a>👈 ;

2017-03-16 14:46:05 trace :
------------
String:
<xml><ToUserName><![CDATA[gh_fbee6dda34f1]]></ToUserName>
<FromUserName><![CDATA[o1Sf9wkKBQehW95uXJpMpNu1EkCg]]></FromUserName>
<CreateTime>1489647186</CreateTime>
<MsgType><![CDATA[event]]></MsgType>
<Event><![CDATA[VIEW]]></Event>
<EventKey><![CDATA[http://mp.angelbeautyinc.com/app/index.php?i=8&c=entry&do=shop&m=ewei_shop]]></EventKey>
<MenuId>532312285</MenuId>
</xml>

2017-03-16 14:46:05 params :
------------
Array:
message : Array ;
module : basic ;
rule : 29 ;
priority : 0 ;
keyword : Array ;

2017-03-16 14:46:05 response :
------------
Array:
FromUserName : gh_fbee6dda34f1 ;
ToUserName : o1Sf9wkKBQehW95uXJpMpNu1EkCg ;
MsgType : text ;
Content : 您是想咨询以下问题吗，请点击进入：
<a href="http://mp.angelbeautyinc.com/app/aboutus.html">1、了解公司的历史背景/专业度/企业文化</a>👈

<a href="http://mp.angelbeautyinc.com/app/index.php?i=8&c=entry&do=associate&m=lrj_guide">2、了解自己的亚健康情况</a>👈

<a href="http://mp.angelbeautyinc.com/app/index.php?i=8&c=entry&do=selfinspection&m=lrj_guide">3、全面掌握自己的健康状况，选择最适合自己的酵果菜谱</a>👈

<a href="http://mp.angelbeautyinc.com/app/index.php?i=8&c=entry&do=shop&m=ewei_shop">4、了解产品的成分、功能、适用症状、使用方法、注意事项，看看使用者的案例</a>👈

<a href="http://mp.angelbeautyinc.com/question2/index.html">5、查询产品的材料、制作、食用问题、效果等</a>👈

<a href="http://mp.angelbeautyinc.com/app/index.php?i=8&c=entry&do=member&m=ewei_shop">6、了解个人购买记录，产品物流状态等</a>👈

<a href="http://mp.angelbeautyinc.com/test.html">7、其它问题（咨询客服）</a>👈 ;

2017-03-16 14:55:23 trace :
------------
String:
<xml><ToUserName><![CDATA[gh_fbee6dda34f1]]></ToUserName>
<FromUserName><![CDATA[o1Sf9wkKBQehW95uXJpMpNu1EkCg]]></FromUserName>
<CreateTime>1489647744</CreateTime>
<MsgType><![CDATA[event]]></MsgType>
<Event><![CDATA[VIEW]]></Event>
<EventKey><![CDATA[http://mp.angelbeautyinc.com/app/index.php?i=8&c=entry&do=shop&m=ewei_shop]]></EventKey>
<MenuId>532312285</MenuId>
</xml>

2017-03-16 14:55:23 params :
------------
Array:
message : Array ;
module : basic ;
rule : 29 ;
priority : 0 ;
keyword : Array ;

2017-03-16 14:55:23 response :
------------
Array:
FromUserName : gh_fbee6dda34f1 ;
ToUserName : o1Sf9wkKBQehW95uXJpMpNu1EkCg ;
MsgType : text ;
Content : 您是想咨询以下问题吗，请点击进入：
<a href="http://mp.angelbeautyinc.com/app/aboutus.html">1、了解公司的历史背景/专业度/企业文化</a>👈

<a href="http://mp.angelbeautyinc.com/app/index.php?i=8&c=entry&do=associate&m=lrj_guide">2、了解自己的亚健康情况</a>👈

<a href="http://mp.angelbeautyinc.com/app/index.php?i=8&c=entry&do=selfinspection&m=lrj_guide">3、全面掌握自己的健康状况，选择最适合自己的酵果菜谱</a>👈

<a href="http://mp.angelbeautyinc.com/app/index.php?i=8&c=entry&do=shop&m=ewei_shop">4、了解产品的成分、功能、适用症状、使用方法、注意事项，看看使用者的案例</a>👈

<a href="http://mp.angelbeautyinc.com/question2/index.html">5、查询产品的材料、制作、食用问题、效果等</a>👈

<a href="http://mp.angelbeautyinc.com/app/index.php?i=8&c=entry&do=member&m=ewei_shop">6、了解个人购买记录，产品物流状态等</a>👈

<a href="http://mp.angelbeautyinc.com/test.html">7、其它问题（咨询客服）</a>👈 ;

2017-03-16 15:04:51 trace :
------------
String:
<xml><ToUserName><![CDATA[gh_fbee6dda34f1]]></ToUserName>
<FromUserName><![CDATA[o1Sf9wh6vHNzBtcODxBVyLMnuXAA]]></FromUserName>
<CreateTime>1489648312</CreateTime>
<MsgType><![CDATA[event]]></MsgType>
<Event><![CDATA[VIEW]]></Event>
<EventKey><![CDATA[http://mp.angelbeautyinc.com/app/index.php?i=8&c=entry&do=selfinspection&m=lrj_guide]]></EventKey>
<MenuId>532312285</MenuId>
</xml>

2017-03-16 15:04:51 params :
------------
Array:
message : Array ;
module : basic ;
rule : 29 ;
priority : 0 ;
keyword : Array ;

2017-03-16 15:04:51 response :
------------
Array:
FromUserName : gh_fbee6dda34f1 ;
ToUserName : o1Sf9wh6vHNzBtcODxBVyLMnuXAA ;
MsgType : text ;
Content : 您是想咨询以下问题吗，请点击进入：
<a href="http://mp.angelbeautyinc.com/app/aboutus.html">1、了解公司的历史背景/专业度/企业文化</a>👈

<a href="http://mp.angelbeautyinc.com/app/index.php?i=8&c=entry&do=associate&m=lrj_guide">2、了解自己的亚健康情况</a>👈

<a href="http://mp.angelbeautyinc.com/app/index.php?i=8&c=entry&do=selfinspection&m=lrj_guide">3、全面掌握自己的健康状况，选择最适合自己的酵果菜谱</a>👈

<a href="http://mp.angelbeautyinc.com/app/index.php?i=8&c=entry&do=shop&m=ewei_shop">4、了解产品的成分、功能、适用症状、使用方法、注意事项，看看使用者的案例</a>👈

<a href="http://mp.angelbeautyinc.com/question2/index.html">5、查询产品的材料、制作、食用问题、效果等</a>👈

<a href="http://mp.angelbeautyinc.com/app/index.php?i=8&c=entry&do=member&m=ewei_shop">6、了解个人购买记录，产品物流状态等</a>👈

<a href="http://mp.angelbeautyinc.com/test.html">7、其它问题（咨询客服）</a>👈 ;

2017-03-16 15:06:15 trace :
------------
String:
<xml><ToUserName><![CDATA[gh_fbee6dda34f1]]></ToUserName>
<FromUserName><![CDATA[o1Sf9wh6vHNzBtcODxBVyLMnuXAA]]></FromUserName>
<CreateTime>1489648396</CreateTime>
<MsgType><![CDATA[event]]></MsgType>
<Event><![CDATA[VIEW]]></Event>
<EventKey><![CDATA[http://mp.angelbeautyinc.com/app/index.php?i=8&c=entry&do=selfinspection&m=lrj_guide]]></EventKey>
<MenuId>532312285</MenuId>
</xml>

2017-03-16 15:06:15 params :
------------
Array:
message : Array ;
module : basic ;
rule : 29 ;
priority : 0 ;
keyword : Array ;

2017-03-16 15:06:15 response :
------------
Array:
FromUserName : gh_fbee6dda34f1 ;
ToUserName : o1Sf9wh6vHNzBtcODxBVyLMnuXAA ;
MsgType : text ;
Content : 您是想咨询以下问题吗，请点击进入：
<a href="http://mp.angelbeautyinc.com/app/aboutus.html">1、了解公司的历史背景/专业度/企业文化</a>👈

<a href="http://mp.angelbeautyinc.com/app/index.php?i=8&c=entry&do=associate&m=lrj_guide">2、了解自己的亚健康情况</a>👈

<a href="http://mp.angelbeautyinc.com/app/index.php?i=8&c=entry&do=selfinspection&m=lrj_guide">3、全面掌握自己的健康状况，选择最适合自己的酵果菜谱</a>👈

<a href="http://mp.angelbeautyinc.com/app/index.php?i=8&c=entry&do=shop&m=ewei_shop">4、了解产品的成分、功能、适用症状、使用方法、注意事项，看看使用者的案例</a>👈

<a href="http://mp.angelbeautyinc.com/question2/index.html">5、查询产品的材料、制作、食用问题、效果等</a>👈

<a href="http://mp.angelbeautyinc.com/app/index.php?i=8&c=entry&do=member&m=ewei_shop">6、了解个人购买记录，产品物流状态等</a>👈

<a href="http://mp.angelbeautyinc.com/test.html">7、其它问题（咨询客服）</a>👈 ;

2017-03-16 15:06:37 trace :
------------
String:
<xml><ToUserName><![CDATA[gh_fbee6dda34f1]]></ToUserName>
<FromUserName><![CDATA[o1Sf9wh6vHNzBtcODxBVyLMnuXAA]]></FromUserName>
<CreateTime>1489648418</CreateTime>
<MsgType><![CDATA[event]]></MsgType>
<Event><![CDATA[VIEW]]></Event>
<EventKey><![CDATA[http://mp.angelbeautyinc.com/app/index.php?i=8&c=entry&do=selfinspection&m=lrj_guide]]></EventKey>
<MenuId>532312285</MenuId>
</xml>

2017-03-16 15:06:37 params :
------------
Array:
message : Array ;
module : basic ;
rule : 29 ;
priority : 0 ;
keyword : Array ;

2017-03-16 15:06:37 response :
------------
Array:
FromUserName : gh_fbee6dda34f1 ;
ToUserName : o1Sf9wh6vHNzBtcODxBVyLMnuXAA ;
MsgType : text ;
Content : 您是想咨询以下问题吗，请点击进入：
<a href="http://mp.angelbeautyinc.com/app/aboutus.html">1、了解公司的历史背景/专业度/企业文化</a>👈

<a href="http://mp.angelbeautyinc.com/app/index.php?i=8&c=entry&do=associate&m=lrj_guide">2、了解自己的亚健康情况</a>👈

<a href="http://mp.angelbeautyinc.com/app/index.php?i=8&c=entry&do=selfinspection&m=lrj_guide">3、全面掌握自己的健康状况，选择最适合自己的酵果菜谱</a>👈

<a href="http://mp.angelbeautyinc.com/app/index.php?i=8&c=entry&do=shop&m=ewei_shop">4、了解产品的成分、功能、适用症状、使用方法、注意事项，看看使用者的案例</a>👈

<a href="http://mp.angelbeautyinc.com/question2/index.html">5、查询产品的材料、制作、食用问题、效果等</a>👈

<a href="http://mp.angelbeautyinc.com/app/index.php?i=8&c=entry&do=member&m=ewei_shop">6、了解个人购买记录，产品物流状态等</a>👈

<a href="http://mp.angelbeautyinc.com/test.html">7、其它问题（咨询客服）</a>👈 ;

2017-03-16 15:07:18 trace :
------------
String:
<xml><ToUserName><![CDATA[gh_fbee6dda34f1]]></ToUserName>
<FromUserName><![CDATA[o1Sf9wh6vHNzBtcODxBVyLMnuXAA]]></FromUserName>
<CreateTime>1489648458</CreateTime>
<MsgType><![CDATA[event]]></MsgType>
<Event><![CDATA[VIEW]]></Event>
<EventKey><![CDATA[http://mp.angelbeautyinc.com/app/index.php?i=8&c=entry&do=selfinspection&m=lrj_guide]]></EventKey>
<MenuId>532312285</MenuId>
</xml>

2017-03-16 15:07:18 params :
------------
Array:
message : Array ;
module : basic ;
rule : 29 ;
priority : 0 ;
keyword : Array ;

2017-03-16 15:07:18 response :
------------
Array:
FromUserName : gh_fbee6dda34f1 ;
ToUserName : o1Sf9wh6vHNzBtcODxBVyLMnuXAA ;
MsgType : text ;
Content : 您是想咨询以下问题吗，请点击进入：
<a href="http://mp.angelbeautyinc.com/app/aboutus.html">1、了解公司的历史背景/专业度/企业文化</a>👈

<a href="http://mp.angelbeautyinc.com/app/index.php?i=8&c=entry&do=associate&m=lrj_guide">2、了解自己的亚健康情况</a>👈

<a href="http://mp.angelbeautyinc.com/app/index.php?i=8&c=entry&do=selfinspection&m=lrj_guide">3、全面掌握自己的健康状况，选择最适合自己的酵果菜谱</a>👈

<a href="http://mp.angelbeautyinc.com/app/index.php?i=8&c=entry&do=shop&m=ewei_shop">4、了解产品的成分、功能、适用症状、使用方法、注意事项，看看使用者的案例</a>👈

<a href="http://mp.angelbeautyinc.com/question2/index.html">5、查询产品的材料、制作、食用问题、效果等</a>👈

<a href="http://mp.angelbeautyinc.com/app/index.php?i=8&c=entry&do=member&m=ewei_shop">6、了解个人购买记录，产品物流状态等</a>👈

<a href="http://mp.angelbeautyinc.com/test.html">7、其它问题（咨询客服）</a>👈 ;

2017-03-16 15:27:37 trace :
------------
String:
<xml><ToUserName><![CDATA[gh_fbee6dda34f1]]></ToUserName>
<FromUserName><![CDATA[o1Sf9wkKBQehW95uXJpMpNu1EkCg]]></FromUserName>
<CreateTime>1489649677</CreateTime>
<MsgType><![CDATA[event]]></MsgType>
<Event><![CDATA[VIEW]]></Event>
<EventKey><![CDATA[http://mp.angelbeautyinc.com/app/index.php?i=8&c=entry&do=shop&m=ewei_shop]]></EventKey>
<MenuId>532312285</MenuId>
</xml>

2017-03-16 15:27:37 params :
------------
Array:
message : Array ;
module : basic ;
rule : 29 ;
priority : 0 ;
keyword : Array ;

2017-03-16 15:27:37 response :
------------
Array:
FromUserName : gh_fbee6dda34f1 ;
ToUserName : o1Sf9wkKBQehW95uXJpMpNu1EkCg ;
MsgType : text ;
Content : 您是想咨询以下问题吗，请点击进入：
<a href="http://mp.angelbeautyinc.com/app/aboutus.html">1、了解公司的历史背景/专业度/企业文化</a>👈

<a href="http://mp.angelbeautyinc.com/app/index.php?i=8&c=entry&do=associate&m=lrj_guide">2、了解自己的亚健康情况</a>👈

<a href="http://mp.angelbeautyinc.com/app/index.php?i=8&c=entry&do=selfinspection&m=lrj_guide">3、全面掌握自己的健康状况，选择最适合自己的酵果菜谱</a>👈

<a href="http://mp.angelbeautyinc.com/app/index.php?i=8&c=entry&do=shop&m=ewei_shop">4、了解产品的成分、功能、适用症状、使用方法、注意事项，看看使用者的案例</a>👈

<a href="http://mp.angelbeautyinc.com/question2/index.html">5、查询产品的材料、制作、食用问题、效果等</a>👈

<a href="http://mp.angelbeautyinc.com/app/index.php?i=8&c=entry&do=member&m=ewei_shop">6、了解个人购买记录，产品物流状态等</a>👈

<a href="http://mp.angelbeautyinc.com/test.html">7、其它问题（咨询客服）</a>👈 ;

2017-03-16 16:07:22 trace :
------------
String:
<xml><ToUserName><![CDATA[gh_fbee6dda34f1]]></ToUserName>
<FromUserName><![CDATA[o1Sf9wh6vHNzBtcODxBVyLMnuXAA]]></FromUserName>
<CreateTime>1489652062</CreateTime>
<MsgType><![CDATA[event]]></MsgType>
<Event><![CDATA[VIEW]]></Event>
<EventKey><![CDATA[http://mp.angelbeautyinc.com/app/index.php?i=8&c=entry&do=shop&m=ewei_shop]]></EventKey>
<MenuId>532312285</MenuId>
</xml>

2017-03-16 16:07:22 params :
------------
Array:
message : Array ;
module : basic ;
rule : 29 ;
priority : 0 ;
keyword : Array ;

2017-03-16 16:07:22 response :
------------
Array:
FromUserName : gh_fbee6dda34f1 ;
ToUserName : o1Sf9wh6vHNzBtcODxBVyLMnuXAA ;
MsgType : text ;
Content : 您是想咨询以下问题吗，请点击进入：
<a href="http://mp.angelbeautyinc.com/app/aboutus.html">1、了解公司的历史背景/专业度/企业文化</a>👈

<a href="http://mp.angelbeautyinc.com/app/index.php?i=8&c=entry&do=associate&m=lrj_guide">2、了解自己的亚健康情况</a>👈

<a href="http://mp.angelbeautyinc.com/app/index.php?i=8&c=entry&do=selfinspection&m=lrj_guide">3、全面掌握自己的健康状况，选择最适合自己的酵果菜谱</a>👈

<a href="http://mp.angelbeautyinc.com/app/index.php?i=8&c=entry&do=shop&m=ewei_shop">4、了解产品的成分、功能、适用症状、使用方法、注意事项，看看使用者的案例</a>👈

<a href="http://mp.angelbeautyinc.com/question2/index.html">5、查询产品的材料、制作、食用问题、效果等</a>👈

<a href="http://mp.angelbeautyinc.com/app/index.php?i=8&c=entry&do=member&m=ewei_shop">6、了解个人购买记录，产品物流状态等</a>👈

<a href="http://mp.angelbeautyinc.com/test.html">7、其它问题（咨询客服）</a>👈 ;

2017-03-16 16:26:15 trace :
------------
String:
<xml><ToUserName><![CDATA[gh_fbee6dda34f1]]></ToUserName>
<FromUserName><![CDATA[o1Sf9wh6vHNzBtcODxBVyLMnuXAA]]></FromUserName>
<CreateTime>1489653195</CreateTime>
<MsgType><![CDATA[event]]></MsgType>
<Event><![CDATA[VIEW]]></Event>
<EventKey><![CDATA[http://mp.angelbeautyinc.com/app/index.php?i=8&c=entry&do=shop&m=ewei_shop]]></EventKey>
<MenuId>532312285</MenuId>
</xml>

2017-03-16 16:26:16 params :
------------
Array:
message : Array ;
module : basic ;
rule : 29 ;
priority : 0 ;
keyword : Array ;

2017-03-16 16:26:16 response :
------------
Array:
FromUserName : gh_fbee6dda34f1 ;
ToUserName : o1Sf9wh6vHNzBtcODxBVyLMnuXAA ;
MsgType : text ;
Content : 您是想咨询以下问题吗，请点击进入：
<a href="http://mp.angelbeautyinc.com/app/aboutus.html">1、了解公司的历史背景/专业度/企业文化</a>👈

<a href="http://mp.angelbeautyinc.com/app/index.php?i=8&c=entry&do=associate&m=lrj_guide">2、了解自己的亚健康情况</a>👈

<a href="http://mp.angelbeautyinc.com/app/index.php?i=8&c=entry&do=selfinspection&m=lrj_guide">3、全面掌握自己的健康状况，选择最适合自己的酵果菜谱</a>👈

<a href="http://mp.angelbeautyinc.com/app/index.php?i=8&c=entry&do=shop&m=ewei_shop">4、了解产品的成分、功能、适用症状、使用方法、注意事项，看看使用者的案例</a>👈

<a href="http://mp.angelbeautyinc.com/question2/index.html">5、查询产品的材料、制作、食用问题、效果等</a>👈

<a href="http://mp.angelbeautyinc.com/app/index.php?i=8&c=entry&do=member&m=ewei_shop">6、了解个人购买记录，产品物流状态等</a>👈

<a href="http://mp.angelbeautyinc.com/test.html">7、其它问题（咨询客服）</a>👈 ;

2017-03-16 16:39:29 trace :
------------
String:
<xml><ToUserName><![CDATA[gh_fbee6dda34f1]]></ToUserName>
<FromUserName><![CDATA[o1Sf9wh6vHNzBtcODxBVyLMnuXAA]]></FromUserName>
<CreateTime>1489653989</CreateTime>
<MsgType><![CDATA[event]]></MsgType>
<Event><![CDATA[VIEW]]></Event>
<EventKey><![CDATA[http://mp.angelbeautyinc.com/app/index.php?i=8&c=entry&do=shop&m=ewei_shop]]></EventKey>
<MenuId>532312285</MenuId>
</xml>

2017-03-16 16:39:29 params :
------------
Array:
message : Array ;
module : basic ;
rule : 29 ;
priority : 0 ;
keyword : Array ;

2017-03-16 16:39:29 response :
------------
Array:
FromUserName : gh_fbee6dda34f1 ;
ToUserName : o1Sf9wh6vHNzBtcODxBVyLMnuXAA ;
MsgType : text ;
Content : 您是想咨询以下问题吗，请点击进入：
<a href="http://mp.angelbeautyinc.com/app/aboutus.html">1、了解公司的历史背景/专业度/企业文化</a>👈

<a href="http://mp.angelbeautyinc.com/app/index.php?i=8&c=entry&do=associate&m=lrj_guide">2、了解自己的亚健康情况</a>👈

<a href="http://mp.angelbeautyinc.com/app/index.php?i=8&c=entry&do=selfinspection&m=lrj_guide">3、全面掌握自己的健康状况，选择最适合自己的酵果菜谱</a>👈

<a href="http://mp.angelbeautyinc.com/app/index.php?i=8&c=entry&do=shop&m=ewei_shop">4、了解产品的成分、功能、适用症状、使用方法、注意事项，看看使用者的案例</a>👈

<a href="http://mp.angelbeautyinc.com/question2/index.html">5、查询产品的材料、制作、食用问题、效果等</a>👈

<a href="http://mp.angelbeautyinc.com/app/index.php?i=8&c=entry&do=member&m=ewei_shop">6、了解个人购买记录，产品物流状态等</a>👈

<a href="http://mp.angelbeautyinc.com/test.html">7、其它问题（咨询客服）</a>👈 ;

2017-03-16 16:43:41 trace :
------------
String:
<xml><ToUserName><![CDATA[gh_fbee6dda34f1]]></ToUserName>
<FromUserName><![CDATA[o1Sf9wh6vHNzBtcODxBVyLMnuXAA]]></FromUserName>
<CreateTime>1489654241</CreateTime>
<MsgType><![CDATA[event]]></MsgType>
<Event><![CDATA[VIEW]]></Event>
<EventKey><![CDATA[http://mp.angelbeautyinc.com/app/index.php?i=8&c=entry&do=member&m=ewei_shop]]></EventKey>
<MenuId>532312285</MenuId>
</xml>

2017-03-16 16:43:41 params :
------------
Array:
message : Array ;
module : basic ;
rule : 29 ;
priority : 0 ;
keyword : Array ;

2017-03-16 16:43:41 response :
------------
Array:
FromUserName : gh_fbee6dda34f1 ;
ToUserName : o1Sf9wh6vHNzBtcODxBVyLMnuXAA ;
MsgType : text ;
Content : 您是想咨询以下问题吗，请点击进入：
<a href="http://mp.angelbeautyinc.com/app/aboutus.html">1、了解公司的历史背景/专业度/企业文化</a>👈

<a href="http://mp.angelbeautyinc.com/app/index.php?i=8&c=entry&do=associate&m=lrj_guide">2、了解自己的亚健康情况</a>👈

<a href="http://mp.angelbeautyinc.com/app/index.php?i=8&c=entry&do=selfinspection&m=lrj_guide">3、全面掌握自己的健康状况，选择最适合自己的酵果菜谱</a>👈

<a href="http://mp.angelbeautyinc.com/app/index.php?i=8&c=entry&do=shop&m=ewei_shop">4、了解产品的成分、功能、适用症状、使用方法、注意事项，看看使用者的案例</a>👈

<a href="http://mp.angelbeautyinc.com/question2/index.html">5、查询产品的材料、制作、食用问题、效果等</a>👈

<a href="http://mp.angelbeautyinc.com/app/index.php?i=8&c=entry&do=member&m=ewei_shop">6、了解个人购买记录，产品物流状态等</a>👈

<a href="http://mp.angelbeautyinc.com/test.html">7、其它问题（咨询客服）</a>👈 ;

2017-03-16 16:44:35 trace :
------------
String:
<xml><ToUserName><![CDATA[gh_fbee6dda34f1]]></ToUserName>
<FromUserName><![CDATA[o1Sf9wh6vHNzBtcODxBVyLMnuXAA]]></FromUserName>
<CreateTime>1489654295</CreateTime>
<MsgType><![CDATA[event]]></MsgType>
<Event><![CDATA[VIEW]]></Event>
<EventKey><![CDATA[http://mp.angelbeautyinc.com/app/index.php?i=8&c=entry&do=member&m=ewei_shop]]></EventKey>
<MenuId>532312285</MenuId>
</xml>

2017-03-16 16:44:35 params :
------------
Array:
message : Array ;
module : basic ;
rule : 29 ;
priority : 0 ;
keyword : Array ;

2017-03-16 16:44:35 response :
------------
Array:
FromUserName : gh_fbee6dda34f1 ;
ToUserName : o1Sf9wh6vHNzBtcODxBVyLMnuXAA ;
MsgType : text ;
Content : 您是想咨询以下问题吗，请点击进入：
<a href="http://mp.angelbeautyinc.com/app/aboutus.html">1、了解公司的历史背景/专业度/企业文化</a>👈

<a href="http://mp.angelbeautyinc.com/app/index.php?i=8&c=entry&do=associate&m=lrj_guide">2、了解自己的亚健康情况</a>👈

<a href="http://mp.angelbeautyinc.com/app/index.php?i=8&c=entry&do=selfinspection&m=lrj_guide">3、全面掌握自己的健康状况，选择最适合自己的酵果菜谱</a>👈

<a href="http://mp.angelbeautyinc.com/app/index.php?i=8&c=entry&do=shop&m=ewei_shop">4、了解产品的成分、功能、适用症状、使用方法、注意事项，看看使用者的案例</a>👈

<a href="http://mp.angelbeautyinc.com/question2/index.html">5、查询产品的材料、制作、食用问题、效果等</a>👈

<a href="http://mp.angelbeautyinc.com/app/index.php?i=8&c=entry&do=member&m=ewei_shop">6、了解个人购买记录，产品物流状态等</a>👈

<a href="http://mp.angelbeautyinc.com/test.html">7、其它问题（咨询客服）</a>👈 ;

2017-03-16 16:49:54 trace :
------------
String:
<xml><ToUserName><![CDATA[gh_fbee6dda34f1]]></ToUserName>
<FromUserName><![CDATA[o1Sf9wh6vHNzBtcODxBVyLMnuXAA]]></FromUserName>
<CreateTime>1489654614</CreateTime>
<MsgType><![CDATA[event]]></MsgType>
<Event><![CDATA[VIEW]]></Event>
<EventKey><![CDATA[http://mp.angelbeautyinc.com/app/index.php?i=8&c=entry&do=shop&m=ewei_shop]]></EventKey>
<MenuId>532312285</MenuId>
</xml>

2017-03-16 16:49:54 params :
------------
Array:
message : Array ;
module : basic ;
rule : 29 ;
priority : 0 ;
keyword : Array ;

2017-03-16 16:49:54 response :
------------
Array:
FromUserName : gh_fbee6dda34f1 ;
ToUserName : o1Sf9wh6vHNzBtcODxBVyLMnuXAA ;
MsgType : text ;
Content : 您是想咨询以下问题吗，请点击进入：
<a href="http://mp.angelbeautyinc.com/app/aboutus.html">1、了解公司的历史背景/专业度/企业文化</a>👈

<a href="http://mp.angelbeautyinc.com/app/index.php?i=8&c=entry&do=associate&m=lrj_guide">2、了解自己的亚健康情况</a>👈

<a href="http://mp.angelbeautyinc.com/app/index.php?i=8&c=entry&do=selfinspection&m=lrj_guide">3、全面掌握自己的健康状况，选择最适合自己的酵果菜谱</a>👈

<a href="http://mp.angelbeautyinc.com/app/index.php?i=8&c=entry&do=shop&m=ewei_shop">4、了解产品的成分、功能、适用症状、使用方法、注意事项，看看使用者的案例</a>👈

<a href="http://mp.angelbeautyinc.com/question2/index.html">5、查询产品的材料、制作、食用问题、效果等</a>👈

<a href="http://mp.angelbeautyinc.com/app/index.php?i=8&c=entry&do=member&m=ewei_shop">6、了解个人购买记录，产品物流状态等</a>👈

<a href="http://mp.angelbeautyinc.com/test.html">7、其它问题（咨询客服）</a>👈 ;

2017-03-16 16:50:13 trace :
------------
String:
<xml><ToUserName><![CDATA[gh_fbee6dda34f1]]></ToUserName>
<FromUserName><![CDATA[o1Sf9wh6vHNzBtcODxBVyLMnuXAA]]></FromUserName>
<CreateTime>1489654633</CreateTime>
<MsgType><![CDATA[event]]></MsgType>
<Event><![CDATA[VIEW]]></Event>
<EventKey><![CDATA[http://mp.angelbeautyinc.com/app/index.php?i=8&c=entry&do=member&m=ewei_shop]]></EventKey>
<MenuId>532312285</MenuId>
</xml>

2017-03-16 16:50:13 params :
------------
Array:
message : Array ;
module : basic ;
rule : 29 ;
priority : 0 ;
keyword : Array ;

2017-03-16 16:50:13 response :
------------
Array:
FromUserName : gh_fbee6dda34f1 ;
ToUserName : o1Sf9wh6vHNzBtcODxBVyLMnuXAA ;
MsgType : text ;
Content : 您是想咨询以下问题吗，请点击进入：
<a href="http://mp.angelbeautyinc.com/app/aboutus.html">1、了解公司的历史背景/专业度/企业文化</a>👈

<a href="http://mp.angelbeautyinc.com/app/index.php?i=8&c=entry&do=associate&m=lrj_guide">2、了解自己的亚健康情况</a>👈

<a href="http://mp.angelbeautyinc.com/app/index.php?i=8&c=entry&do=selfinspection&m=lrj_guide">3、全面掌握自己的健康状况，选择最适合自己的酵果菜谱</a>👈

<a href="http://mp.angelbeautyinc.com/app/index.php?i=8&c=entry&do=shop&m=ewei_shop">4、了解产品的成分、功能、适用症状、使用方法、注意事项，看看使用者的案例</a>👈

<a href="http://mp.angelbeautyinc.com/question2/index.html">5、查询产品的材料、制作、食用问题、效果等</a>👈

<a href="http://mp.angelbeautyinc.com/app/index.php?i=8&c=entry&do=member&m=ewei_shop">6、了解个人购买记录，产品物流状态等</a>👈

<a href="http://mp.angelbeautyinc.com/test.html">7、其它问题（咨询客服）</a>👈 ;

2017-03-16 16:51:09 trace :
------------
String:
<xml><ToUserName><![CDATA[gh_fbee6dda34f1]]></ToUserName>
<FromUserName><![CDATA[o1Sf9wh6vHNzBtcODxBVyLMnuXAA]]></FromUserName>
<CreateTime>1489654688</CreateTime>
<MsgType><![CDATA[event]]></MsgType>
<Event><![CDATA[VIEW]]></Event>
<EventKey><![CDATA[http://mp.angelbeautyinc.com/app/index.php?i=8&c=entry&do=member&m=ewei_shop]]></EventKey>
<MenuId>532312285</MenuId>
</xml>

2017-03-16 16:51:09 params :
------------
Array:
message : Array ;
module : basic ;
rule : 29 ;
priority : 0 ;
keyword : Array ;

2017-03-16 16:51:09 response :
------------
Array:
FromUserName : gh_fbee6dda34f1 ;
ToUserName : o1Sf9wh6vHNzBtcODxBVyLMnuXAA ;
MsgType : text ;
Content : 您是想咨询以下问题吗，请点击进入：
<a href="http://mp.angelbeautyinc.com/app/aboutus.html">1、了解公司的历史背景/专业度/企业文化</a>👈

<a href="http://mp.angelbeautyinc.com/app/index.php?i=8&c=entry&do=associate&m=lrj_guide">2、了解自己的亚健康情况</a>👈

<a href="http://mp.angelbeautyinc.com/app/index.php?i=8&c=entry&do=selfinspection&m=lrj_guide">3、全面掌握自己的健康状况，选择最适合自己的酵果菜谱</a>👈

<a href="http://mp.angelbeautyinc.com/app/index.php?i=8&c=entry&do=shop&m=ewei_shop">4、了解产品的成分、功能、适用症状、使用方法、注意事项，看看使用者的案例</a>👈

<a href="http://mp.angelbeautyinc.com/question2/index.html">5、查询产品的材料、制作、食用问题、效果等</a>👈

<a href="http://mp.angelbeautyinc.com/app/index.php?i=8&c=entry&do=member&m=ewei_shop">6、了解个人购买记录，产品物流状态等</a>👈

<a href="http://mp.angelbeautyinc.com/test.html">7、其它问题（咨询客服）</a>👈 ;

2017-03-16 17:02:34 trace :
------------
String:
<xml><ToUserName><![CDATA[gh_fbee6dda34f1]]></ToUserName>
<FromUserName><![CDATA[o1Sf9wh6vHNzBtcODxBVyLMnuXAA]]></FromUserName>
<CreateTime>1489655374</CreateTime>
<MsgType><![CDATA[event]]></MsgType>
<Event><![CDATA[VIEW]]></Event>
<EventKey><![CDATA[http://mp.angelbeautyinc.com/app/index.php?i=8&c=entry&do=member&m=ewei_shop]]></EventKey>
<MenuId>532312285</MenuId>
</xml>

2017-03-16 17:02:34 params :
------------
Array:
message : Array ;
module : basic ;
rule : 29 ;
priority : 0 ;
keyword : Array ;

2017-03-16 17:02:34 response :
------------
Array:
FromUserName : gh_fbee6dda34f1 ;
ToUserName : o1Sf9wh6vHNzBtcODxBVyLMnuXAA ;
MsgType : text ;
Content : 您是想咨询以下问题吗，请点击进入：
<a href="http://mp.angelbeautyinc.com/app/aboutus.html">1、了解公司的历史背景/专业度/企业文化</a>👈

<a href="http://mp.angelbeautyinc.com/app/index.php?i=8&c=entry&do=associate&m=lrj_guide">2、了解自己的亚健康情况</a>👈

<a href="http://mp.angelbeautyinc.com/app/index.php?i=8&c=entry&do=selfinspection&m=lrj_guide">3、全面掌握自己的健康状况，选择最适合自己的酵果菜谱</a>👈

<a href="http://mp.angelbeautyinc.com/app/index.php?i=8&c=entry&do=shop&m=ewei_shop">4、了解产品的成分、功能、适用症状、使用方法、注意事项，看看使用者的案例</a>👈

<a href="http://mp.angelbeautyinc.com/question2/index.html">5、查询产品的材料、制作、食用问题、效果等</a>👈

<a href="http://mp.angelbeautyinc.com/app/index.php?i=8&c=entry&do=member&m=ewei_shop">6、了解个人购买记录，产品物流状态等</a>👈

<a href="http://mp.angelbeautyinc.com/test.html">7、其它问题（咨询客服）</a>👈 ;

2017-03-16 17:03:08 trace :
------------
String:
<xml><ToUserName><![CDATA[gh_fbee6dda34f1]]></ToUserName>
<FromUserName><![CDATA[o1Sf9wh6vHNzBtcODxBVyLMnuXAA]]></FromUserName>
<CreateTime>1489655408</CreateTime>
<MsgType><![CDATA[event]]></MsgType>
<Event><![CDATA[VIEW]]></Event>
<EventKey><![CDATA[http://mp.angelbeautyinc.com/app/index.php?i=8&c=entry&do=member&m=ewei_shop]]></EventKey>
<MenuId>532312285</MenuId>
</xml>

2017-03-16 17:03:08 params :
------------
Array:
message : Array ;
module : basic ;
rule : 29 ;
priority : 0 ;
keyword : Array ;

2017-03-16 17:03:08 response :
------------
Array:
FromUserName : gh_fbee6dda34f1 ;
ToUserName : o1Sf9wh6vHNzBtcODxBVyLMnuXAA ;
MsgType : text ;
Content : 您是想咨询以下问题吗，请点击进入：
<a href="http://mp.angelbeautyinc.com/app/aboutus.html">1、了解公司的历史背景/专业度/企业文化</a>👈

<a href="http://mp.angelbeautyinc.com/app/index.php?i=8&c=entry&do=associate&m=lrj_guide">2、了解自己的亚健康情况</a>👈

<a href="http://mp.angelbeautyinc.com/app/index.php?i=8&c=entry&do=selfinspection&m=lrj_guide">3、全面掌握自己的健康状况，选择最适合自己的酵果菜谱</a>👈

<a href="http://mp.angelbeautyinc.com/app/index.php?i=8&c=entry&do=shop&m=ewei_shop">4、了解产品的成分、功能、适用症状、使用方法、注意事项，看看使用者的案例</a>👈

<a href="http://mp.angelbeautyinc.com/question2/index.html">5、查询产品的材料、制作、食用问题、效果等</a>👈

<a href="http://mp.angelbeautyinc.com/app/index.php?i=8&c=entry&do=member&m=ewei_shop">6、了解个人购买记录，产品物流状态等</a>👈

<a href="http://mp.angelbeautyinc.com/test.html">7、其它问题（咨询客服）</a>👈 ;

2017-03-16 17:30:21 trace :
------------
String:
<xml><ToUserName><![CDATA[gh_fbee6dda34f1]]></ToUserName>
<FromUserName><![CDATA[o1Sf9wh6vHNzBtcODxBVyLMnuXAA]]></FromUserName>
<CreateTime>1489657040</CreateTime>
<MsgType><![CDATA[event]]></MsgType>
<Event><![CDATA[VIEW]]></Event>
<EventKey><![CDATA[http://mp.angelbeautyinc.com/app/index.php?i=8&c=entry&do=shop&m=ewei_shop]]></EventKey>
<MenuId>532312285</MenuId>
</xml>

2017-03-16 17:30:21 params :
------------
Array:
message : Array ;
module : basic ;
rule : 29 ;
priority : 0 ;
keyword : Array ;

2017-03-16 17:30:21 response :
------------
Array:
FromUserName : gh_fbee6dda34f1 ;
ToUserName : o1Sf9wh6vHNzBtcODxBVyLMnuXAA ;
MsgType : text ;
Content : 您是想咨询以下问题吗，请点击进入：
<a href="http://mp.angelbeautyinc.com/app/aboutus.html">1、了解公司的历史背景/专业度/企业文化</a>👈

<a href="http://mp.angelbeautyinc.com/app/index.php?i=8&c=entry&do=associate&m=lrj_guide">2、了解自己的亚健康情况</a>👈

<a href="http://mp.angelbeautyinc.com/app/index.php?i=8&c=entry&do=selfinspection&m=lrj_guide">3、全面掌握自己的健康状况，选择最适合自己的酵果菜谱</a>👈

<a href="http://mp.angelbeautyinc.com/app/index.php?i=8&c=entry&do=shop&m=ewei_shop">4、了解产品的成分、功能、适用症状、使用方法、注意事项，看看使用者的案例</a>👈

<a href="http://mp.angelbeautyinc.com/question2/index.html">5、查询产品的材料、制作、食用问题、效果等</a>👈

<a href="http://mp.angelbeautyinc.com/app/index.php?i=8&c=entry&do=member&m=ewei_shop">6、了解个人购买记录，产品物流状态等</a>👈

<a href="http://mp.angelbeautyinc.com/test.html">7、其它问题（咨询客服）</a>👈 ;

2017-03-16 17:31:33 trace :
------------
String:
<xml><ToUserName><![CDATA[gh_fbee6dda34f1]]></ToUserName>
<FromUserName><![CDATA[o1Sf9wh6vHNzBtcODxBVyLMnuXAA]]></FromUserName>
<CreateTime>1489657112</CreateTime>
<MsgType><![CDATA[event]]></MsgType>
<Event><![CDATA[VIEW]]></Event>
<EventKey><![CDATA[http://mp.angelbeautyinc.com/app/index.php?i=8&c=entry&do=member&m=ewei_shop]]></EventKey>
<MenuId>532312285</MenuId>
</xml>

2017-03-16 17:31:33 params :
------------
Array:
message : Array ;
module : basic ;
rule : 29 ;
priority : 0 ;
keyword : Array ;

2017-03-16 17:31:33 response :
------------
Array:
FromUserName : gh_fbee6dda34f1 ;
ToUserName : o1Sf9wh6vHNzBtcODxBVyLMnuXAA ;
MsgType : text ;
Content : 您是想咨询以下问题吗，请点击进入：
<a href="http://mp.angelbeautyinc.com/app/aboutus.html">1、了解公司的历史背景/专业度/企业文化</a>👈

<a href="http://mp.angelbeautyinc.com/app/index.php?i=8&c=entry&do=associate&m=lrj_guide">2、了解自己的亚健康情况</a>👈

<a href="http://mp.angelbeautyinc.com/app/index.php?i=8&c=entry&do=selfinspection&m=lrj_guide">3、全面掌握自己的健康状况，选择最适合自己的酵果菜谱</a>👈

<a href="http://mp.angelbeautyinc.com/app/index.php?i=8&c=entry&do=shop&m=ewei_shop">4、了解产品的成分、功能、适用症状、使用方法、注意事项，看看使用者的案例</a>👈

<a href="http://mp.angelbeautyinc.com/question2/index.html">5、查询产品的材料、制作、食用问题、效果等</a>👈

<a href="http://mp.angelbeautyinc.com/app/index.php?i=8&c=entry&do=member&m=ewei_shop">6、了解个人购买记录，产品物流状态等</a>👈

<a href="http://mp.angelbeautyinc.com/test.html">7、其它问题（咨询客服）</a>👈 ;

2017-03-16 17:34:41 trace :
------------
String:
<xml><ToUserName><![CDATA[gh_fbee6dda34f1]]></ToUserName>
<FromUserName><![CDATA[o1Sf9wh6vHNzBtcODxBVyLMnuXAA]]></FromUserName>
<CreateTime>1489657300</CreateTime>
<MsgType><![CDATA[event]]></MsgType>
<Event><![CDATA[VIEW]]></Event>
<EventKey><![CDATA[http://mp.angelbeautyinc.com/app/index.php?i=8&c=entry&do=shop&m=ewei_shop]]></EventKey>
<MenuId>532312285</MenuId>
</xml>

2017-03-16 17:34:41 params :
------------
Array:
message : Array ;
module : basic ;
rule : 29 ;
priority : 0 ;
keyword : Array ;

2017-03-16 17:34:41 response :
------------
Array:
FromUserName : gh_fbee6dda34f1 ;
ToUserName : o1Sf9wh6vHNzBtcODxBVyLMnuXAA ;
MsgType : text ;
Content : 您是想咨询以下问题吗，请点击进入：
<a href="http://mp.angelbeautyinc.com/app/aboutus.html">1、了解公司的历史背景/专业度/企业文化</a>👈

<a href="http://mp.angelbeautyinc.com/app/index.php?i=8&c=entry&do=associate&m=lrj_guide">2、了解自己的亚健康情况</a>👈

<a href="http://mp.angelbeautyinc.com/app/index.php?i=8&c=entry&do=selfinspection&m=lrj_guide">3、全面掌握自己的健康状况，选择最适合自己的酵果菜谱</a>👈

<a href="http://mp.angelbeautyinc.com/app/index.php?i=8&c=entry&do=shop&m=ewei_shop">4、了解产品的成分、功能、适用症状、使用方法、注意事项，看看使用者的案例</a>👈

<a href="http://mp.angelbeautyinc.com/question2/index.html">5、查询产品的材料、制作、食用问题、效果等</a>👈

<a href="http://mp.angelbeautyinc.com/app/index.php?i=8&c=entry&do=member&m=ewei_shop">6、了解个人购买记录，产品物流状态等</a>👈

<a href="http://mp.angelbeautyinc.com/test.html">7、其它问题（咨询客服）</a>👈 ;

2017-03-16 17:44:27 trace :
------------
String:
<xml><ToUserName><![CDATA[gh_fbee6dda34f1]]></ToUserName>
<FromUserName><![CDATA[o1Sf9wh6vHNzBtcODxBVyLMnuXAA]]></FromUserName>
<CreateTime>1489657886</CreateTime>
<MsgType><![CDATA[event]]></MsgType>
<Event><![CDATA[VIEW]]></Event>
<EventKey><![CDATA[http://mp.angelbeautyinc.com/app/index.php?i=8&c=entry&do=member&m=ewei_shop]]></EventKey>
<MenuId>532312285</MenuId>
</xml>

2017-03-16 17:44:27 params :
------------
Array:
message : Array ;
module : basic ;
rule : 29 ;
priority : 0 ;
keyword : Array ;

2017-03-16 17:44:27 response :
------------
Array:
FromUserName : gh_fbee6dda34f1 ;
ToUserName : o1Sf9wh6vHNzBtcODxBVyLMnuXAA ;
MsgType : text ;
Content : 您是想咨询以下问题吗，请点击进入：
<a href="http://mp.angelbeautyinc.com/app/aboutus.html">1、了解公司的历史背景/专业度/企业文化</a>👈

<a href="http://mp.angelbeautyinc.com/app/index.php?i=8&c=entry&do=associate&m=lrj_guide">2、了解自己的亚健康情况</a>👈

<a href="http://mp.angelbeautyinc.com/app/index.php?i=8&c=entry&do=selfinspection&m=lrj_guide">3、全面掌握自己的健康状况，选择最适合自己的酵果菜谱</a>👈

<a href="http://mp.angelbeautyinc.com/app/index.php?i=8&c=entry&do=shop&m=ewei_shop">4、了解产品的成分、功能、适用症状、使用方法、注意事项，看看使用者的案例</a>👈

<a href="http://mp.angelbeautyinc.com/question2/index.html">5、查询产品的材料、制作、食用问题、效果等</a>👈

<a href="http://mp.angelbeautyinc.com/app/index.php?i=8&c=entry&do=member&m=ewei_shop">6、了解个人购买记录，产品物流状态等</a>👈

<a href="http://mp.angelbeautyinc.com/test.html">7、其它问题（咨询客服）</a>👈 ;

2017-03-16 17:45:03 trace :
------------
String:
<xml><ToUserName><![CDATA[gh_fbee6dda34f1]]></ToUserName>
<FromUserName><![CDATA[o1Sf9wh6vHNzBtcODxBVyLMnuXAA]]></FromUserName>
<CreateTime>1489657922</CreateTime>
<MsgType><![CDATA[event]]></MsgType>
<Event><![CDATA[VIEW]]></Event>
<EventKey><![CDATA[http://mp.angelbeautyinc.com/app/index.php?i=8&c=entry&do=member&m=ewei_shop]]></EventKey>
<MenuId>532312285</MenuId>
</xml>

2017-03-16 17:45:03 params :
------------
Array:
message : Array ;
module : basic ;
rule : 29 ;
priority : 0 ;
keyword : Array ;

2017-03-16 17:45:03 response :
------------
Array:
FromUserName : gh_fbee6dda34f1 ;
ToUserName : o1Sf9wh6vHNzBtcODxBVyLMnuXAA ;
MsgType : text ;
Content : 您是想咨询以下问题吗，请点击进入：
<a href="http://mp.angelbeautyinc.com/app/aboutus.html">1、了解公司的历史背景/专业度/企业文化</a>👈

<a href="http://mp.angelbeautyinc.com/app/index.php?i=8&c=entry&do=associate&m=lrj_guide">2、了解自己的亚健康情况</a>👈

<a href="http://mp.angelbeautyinc.com/app/index.php?i=8&c=entry&do=selfinspection&m=lrj_guide">3、全面掌握自己的健康状况，选择最适合自己的酵果菜谱</a>👈

<a href="http://mp.angelbeautyinc.com/app/index.php?i=8&c=entry&do=shop&m=ewei_shop">4、了解产品的成分、功能、适用症状、使用方法、注意事项，看看使用者的案例</a>👈

<a href="http://mp.angelbeautyinc.com/question2/index.html">5、查询产品的材料、制作、食用问题、效果等</a>👈

<a href="http://mp.angelbeautyinc.com/app/index.php?i=8&c=entry&do=member&m=ewei_shop">6、了解个人购买记录，产品物流状态等</a>👈

<a href="http://mp.angelbeautyinc.com/test.html">7、其它问题（咨询客服）</a>👈 ;

