2017-02-03 13:03:37 trace :
------------
String:
<xml><ToUserName><![CDATA[gh_fbee6dda34f1]]></ToUserName>
<FromUserName><![CDATA[o1Sf9wjvbVD-JkWjyOU_btqsmsoY]]></FromUserName>
<CreateTime>1486098577</CreateTime>
<MsgType><![CDATA[event]]></MsgType>
<Event><![CDATA[VIEW]]></Event>
<EventKey><![CDATA[http://mp.angelbeautyinc.com/app/aboutus.html#enterprise]]></EventKey>
<MenuId>530471859</MenuId>
</xml>

2017-02-03 13:03:37 params :
------------
Array:
rule : -2 ;
module :  ;
message : Array ;

2017-02-03 13:03:37 response :
------------

2017-02-03 13:03:57 trace :
------------
String:
<xml><ToUserName><![CDATA[gh_fbee6dda34f1]]></ToUserName>
<FromUserName><![CDATA[o1Sf9wjvbVD-JkWjyOU_btqsmsoY]]></FromUserName>
<CreateTime>1486098598</CreateTime>
<MsgType><![CDATA[event]]></MsgType>
<Event><![CDATA[unsubscribe]]></Event>
<EventKey><![CDATA[]]></EventKey>
</xml>

