2017-02-09 08:19:14 trace :
------------
String:
<xml><ToUserName><![CDATA[gh_fbee6dda34f1]]></ToUserName>
<FromUserName><![CDATA[o1Sf9whT-nDQ5vpYBKeTaqj4Fdkk]]></FromUserName>
<CreateTime>1486599898</CreateTime>
<MsgType><![CDATA[event]]></MsgType>
<Event><![CDATA[VIEW]]></Event>
<EventKey><![CDATA[http://mp.angelbeautyinc.com/app/aboutus.html#enterprise]]></EventKey>
<MenuId>530471859</MenuId>
</xml>

2017-02-09 08:19:14 params :
------------
Array:
rule : -2 ;
module :  ;
message : Array ;

2017-02-09 08:19:14 response :
------------

2017-02-09 08:20:02 trace :
------------
String:
<xml><ToUserName><![CDATA[gh_fbee6dda34f1]]></ToUserName>
<FromUserName><![CDATA[o1Sf9whT-nDQ5vpYBKeTaqj4Fdkk]]></FromUserName>
<CreateTime>1486599946</CreateTime>
<MsgType><![CDATA[event]]></MsgType>
<Event><![CDATA[VIEW]]></Event>
<EventKey><![CDATA[http://mp.angelbeautyinc.com/app/aboutus.html#culture]]></EventKey>
<MenuId>530471859</MenuId>
</xml>

2017-02-09 08:20:02 params :
------------
Array:
rule : -2 ;
module :  ;
message : Array ;

2017-02-09 08:20:02 response :
------------

2017-02-09 08:20:13 trace :
------------
String:
<xml><ToUserName><![CDATA[gh_fbee6dda34f1]]></ToUserName>
<FromUserName><![CDATA[o1Sf9whT-nDQ5vpYBKeTaqj4Fdkk]]></FromUserName>
<CreateTime>1486599958</CreateTime>
<MsgType><![CDATA[event]]></MsgType>
<Event><![CDATA[VIEW]]></Event>
<EventKey><![CDATA[http://mp.angelbeautyinc.com/app/index.php?i=8&c=entry&do=shop&m=ewei_shop]]></EventKey>
<MenuId>530471859</MenuId>
</xml>

2017-02-09 08:20:13 params :
------------
Array:
rule : -2 ;
module :  ;
message : Array ;

2017-02-09 08:20:13 response :
------------

2017-02-09 09:24:22 trace :
------------
String:
<xml><ToUserName><![CDATA[gh_fbee6dda34f1]]></ToUserName>
<FromUserName><![CDATA[o1Sf9wkKBQehW95uXJpMpNu1EkCg]]></FromUserName>
<CreateTime>1486603805</CreateTime>
<MsgType><![CDATA[event]]></MsgType>
<Event><![CDATA[VIEW]]></Event>
<EventKey><![CDATA[http://mp.angelbeautyinc.com/app/index.php?i=8&c=entry&do=shop&m=ewei_shop]]></EventKey>
<MenuId>530471859</MenuId>
</xml>

2017-02-09 09:24:22 params :
------------
Array:
rule : -2 ;
module :  ;
message : Array ;

2017-02-09 09:24:22 response :
------------

2017-02-09 10:06:44 trace :
------------
String:
<xml><ToUserName><![CDATA[gh_fbee6dda34f1]]></ToUserName>
<FromUserName><![CDATA[o1Sf9wiVbAE8eTBHl_teVBY0UTOU]]></FromUserName>
<CreateTime>1486606347</CreateTime>
<MsgType><![CDATA[event]]></MsgType>
<Event><![CDATA[VIEW]]></Event>
<EventKey><![CDATA[http://mp.angelbeautyinc.com/question2/index.html]]></EventKey>
<MenuId>530471859</MenuId>
</xml>

2017-02-09 10:06:44 params :
------------
Array:
rule : -2 ;
module :  ;
message : Array ;

2017-02-09 10:06:44 response :
------------

2017-02-09 10:07:08 trace :
------------
String:
<xml><ToUserName><![CDATA[gh_fbee6dda34f1]]></ToUserName>
<FromUserName><![CDATA[o1Sf9wiVbAE8eTBHl_teVBY0UTOU]]></FromUserName>
<CreateTime>1486606371</CreateTime>
<MsgType><![CDATA[event]]></MsgType>
<Event><![CDATA[VIEW]]></Event>
<EventKey><![CDATA[http://mp.angelbeautyinc.com/app/index.php?i=8&c=entry&do=associate&m=lrj_guide]]></EventKey>
<MenuId>530471859</MenuId>
</xml>

2017-02-09 10:07:08 params :
------------
Array:
rule : -2 ;
module :  ;
message : Array ;

2017-02-09 10:07:08 response :
------------

2017-02-09 10:07:20 trace :
------------
String:
<xml><ToUserName><![CDATA[gh_fbee6dda34f1]]></ToUserName>
<FromUserName><![CDATA[o1Sf9wiVbAE8eTBHl_teVBY0UTOU]]></FromUserName>
<CreateTime>1486606383</CreateTime>
<MsgType><![CDATA[event]]></MsgType>
<Event><![CDATA[VIEW]]></Event>
<EventKey><![CDATA[http://mp.angelbeautyinc.com/app/index.php?i=8&c=entry&do=member&m=ewei_shop]]></EventKey>
<MenuId>530471859</MenuId>
</xml>

2017-02-09 10:07:20 params :
------------
Array:
rule : -2 ;
module :  ;
message : Array ;

2017-02-09 10:07:20 response :
------------

2017-02-09 10:09:57 trace :
------------
String:
<xml><ToUserName><![CDATA[gh_fbee6dda34f1]]></ToUserName>
<FromUserName><![CDATA[o1Sf9wiVbAE8eTBHl_teVBY0UTOU]]></FromUserName>
<CreateTime>1486606540</CreateTime>
<MsgType><![CDATA[event]]></MsgType>
<Event><![CDATA[VIEW]]></Event>
<EventKey><![CDATA[http://mp.angelbeautyinc.com/app/index.php?i=8&c=entry&do=selfinspection&m=lrj_guide]]></EventKey>
<MenuId>530471859</MenuId>
</xml>

2017-02-09 10:09:57 params :
------------
Array:
rule : -2 ;
module :  ;
message : Array ;

2017-02-09 10:09:57 response :
------------

2017-02-09 11:02:28 trace :
------------
String:
<xml><ToUserName><![CDATA[gh_fbee6dda34f1]]></ToUserName>
<FromUserName><![CDATA[o1Sf9woqzYhUVaZpE513I7rm3GB4]]></FromUserName>
<CreateTime>1486609691</CreateTime>
<MsgType><![CDATA[event]]></MsgType>
<Event><![CDATA[subscribe]]></Event>
<EventKey><![CDATA[]]></EventKey>
</xml>

2017-02-09 11:02:28 params :
------------
Array:
message : Array ;
module : news ;
rule : 26 ;
priority : 0 ;
keyword : Array ;

2017-02-09 11:02:28 response :
------------
Array:
FromUserName : gh_fbee6dda34f1 ;
ToUserName : o1Sf9woqzYhUVaZpE513I7rm3GB4 ;
MsgType : news ;
ArticleCount : 1 ;
Articles : Array ;

2017-02-09 11:25:12 trace :
------------
String:
<xml><ToUserName><![CDATA[gh_fbee6dda34f1]]></ToUserName>
<FromUserName><![CDATA[o1Sf9wqkI_Yr_NhiFSd6rAcnS8WQ]]></FromUserName>
<CreateTime>1486611055</CreateTime>
<MsgType><![CDATA[event]]></MsgType>
<Event><![CDATA[subscribe]]></Event>
<EventKey><![CDATA[]]></EventKey>
</xml>

2017-02-09 11:25:13 params :
------------
Array:
message : Array ;
module : news ;
rule : 26 ;
priority : 0 ;
keyword : Array ;

2017-02-09 11:25:13 response :
------------
Array:
FromUserName : gh_fbee6dda34f1 ;
ToUserName : o1Sf9wqkI_Yr_NhiFSd6rAcnS8WQ ;
MsgType : news ;
ArticleCount : 1 ;
Articles : Array ;

2017-02-09 11:30:56 trace :
------------
String:
<xml><ToUserName><![CDATA[gh_fbee6dda34f1]]></ToUserName>
<FromUserName><![CDATA[o1Sf9wgQmRR3z-vMRgdAna6k58dQ]]></FromUserName>
<CreateTime>1486611398</CreateTime>
<MsgType><![CDATA[event]]></MsgType>
<Event><![CDATA[VIEW]]></Event>
<EventKey><![CDATA[http://mp.angelbeautyinc.com/app/index.php?i=8&c=entry&do=selfinspection&m=lrj_guide]]></EventKey>
<MenuId>530471859</MenuId>
</xml>

2017-02-09 11:30:56 params :
------------
Array:
rule : -2 ;
module :  ;
message : Array ;

2017-02-09 11:30:56 response :
------------

2017-02-09 11:31:28 trace :
------------
String:
<xml><ToUserName><![CDATA[gh_fbee6dda34f1]]></ToUserName>
<FromUserName><![CDATA[o1Sf9wgQmRR3z-vMRgdAna6k58dQ]]></FromUserName>
<CreateTime>1486611430</CreateTime>
<MsgType><![CDATA[event]]></MsgType>
<Event><![CDATA[unsubscribe]]></Event>
<EventKey><![CDATA[]]></EventKey>
</xml>

2017-02-09 11:59:28 trace :
------------
String:
<xml><ToUserName><![CDATA[gh_fbee6dda34f1]]></ToUserName>
<FromUserName><![CDATA[o1Sf9wqkI_Yr_NhiFSd6rAcnS8WQ]]></FromUserName>
<CreateTime>1486613110</CreateTime>
<MsgType><![CDATA[event]]></MsgType>
<Event><![CDATA[VIEW]]></Event>
<EventKey><![CDATA[http://mp.angelbeautyinc.com/app/index.php?i=8&c=entry&do=selfinspection&m=lrj_guide]]></EventKey>
<MenuId>530471859</MenuId>
</xml>

2017-02-09 11:59:28 params :
------------
Array:
rule : -2 ;
module :  ;
message : Array ;

2017-02-09 11:59:28 response :
------------

2017-02-09 12:00:02 trace :
------------
String:
<xml><ToUserName><![CDATA[gh_fbee6dda34f1]]></ToUserName>
<FromUserName><![CDATA[o1Sf9wqkI_Yr_NhiFSd6rAcnS8WQ]]></FromUserName>
<CreateTime>1486613144</CreateTime>
<MsgType><![CDATA[event]]></MsgType>
<Event><![CDATA[VIEW]]></Event>
<EventKey><![CDATA[http://mp.angelbeautyinc.com/app/index.php?i=8&c=entry&do=selfinspection&m=lrj_guide]]></EventKey>
<MenuId>530471859</MenuId>
</xml>

2017-02-09 12:00:02 params :
------------
Array:
rule : -2 ;
module :  ;
message : Array ;

2017-02-09 12:00:02 response :
------------

2017-02-09 12:05:28 trace :
------------
String:
<xml><ToUserName><![CDATA[gh_fbee6dda34f1]]></ToUserName>
<FromUserName><![CDATA[o1Sf9wqkI_Yr_NhiFSd6rAcnS8WQ]]></FromUserName>
<CreateTime>1486613471</CreateTime>
<MsgType><![CDATA[event]]></MsgType>
<Event><![CDATA[VIEW]]></Event>
<EventKey><![CDATA[http://mp.angelbeautyinc.com/app/index.php?i=8&c=entry&do=selfinspection&m=lrj_guide]]></EventKey>
<MenuId>530471859</MenuId>
</xml>

2017-02-09 12:05:28 params :
------------
Array:
rule : -2 ;
module :  ;
message : Array ;

2017-02-09 12:05:28 response :
------------

2017-02-09 12:05:35 trace :
------------
String:
<xml><ToUserName><![CDATA[gh_fbee6dda34f1]]></ToUserName>
<FromUserName><![CDATA[o1Sf9wqkI_Yr_NhiFSd6rAcnS8WQ]]></FromUserName>
<CreateTime>1486613477</CreateTime>
<MsgType><![CDATA[event]]></MsgType>
<Event><![CDATA[VIEW]]></Event>
<EventKey><![CDATA[http://mp.angelbeautyinc.com/app/index.php?i=8&c=entry&do=member&m=ewei_shop]]></EventKey>
<MenuId>530471859</MenuId>
</xml>

2017-02-09 12:05:35 params :
------------
Array:
rule : -2 ;
module :  ;
message : Array ;

2017-02-09 12:05:35 response :
------------

2017-02-09 12:07:30 trace :
------------
String:
<xml><ToUserName><![CDATA[gh_fbee6dda34f1]]></ToUserName>
<FromUserName><![CDATA[o1Sf9wkKBQehW95uXJpMpNu1EkCg]]></FromUserName>
<CreateTime>1486613592</CreateTime>
<MsgType><![CDATA[event]]></MsgType>
<Event><![CDATA[VIEW]]></Event>
<EventKey><![CDATA[http://mp.angelbeautyinc.com/app/index.php?i=8&c=entry&do=shop&m=ewei_shop]]></EventKey>
<MenuId>530471859</MenuId>
</xml>

2017-02-09 12:07:30 params :
------------
Array:
rule : -2 ;
module :  ;
message : Array ;

2017-02-09 12:07:30 response :
------------

2017-02-09 12:12:00 trace :
------------
String:
<xml><ToUserName><![CDATA[gh_fbee6dda34f1]]></ToUserName>
<FromUserName><![CDATA[o1Sf9wiVbAE8eTBHl_teVBY0UTOU]]></FromUserName>
<CreateTime>1486613862</CreateTime>
<MsgType><![CDATA[event]]></MsgType>
<Event><![CDATA[VIEW]]></Event>
<EventKey><![CDATA[http://mp.angelbeautyinc.com/app/index.php?i=8&c=entry&do=shop&m=ewei_shop]]></EventKey>
<MenuId>530471859</MenuId>
</xml>

2017-02-09 12:12:00 params :
------------
Array:
rule : -2 ;
module :  ;
message : Array ;

2017-02-09 12:12:00 response :
------------

2017-02-09 12:15:15 trace :
------------
String:
<xml><ToUserName><![CDATA[gh_fbee6dda34f1]]></ToUserName>
<FromUserName><![CDATA[o1Sf9wiVbAE8eTBHl_teVBY0UTOU]]></FromUserName>
<CreateTime>1486614057</CreateTime>
<MsgType><![CDATA[event]]></MsgType>
<Event><![CDATA[VIEW]]></Event>
<EventKey><![CDATA[http://mp.angelbeautyinc.com/app/aboutus.html#enterprise]]></EventKey>
<MenuId>530471859</MenuId>
</xml>

2017-02-09 12:15:15 params :
------------
Array:
rule : -2 ;
module :  ;
message : Array ;

2017-02-09 12:15:15 response :
------------

2017-02-09 12:42:49 trace :
------------
String:
<xml><ToUserName><![CDATA[gh_fbee6dda34f1]]></ToUserName>
<FromUserName><![CDATA[o1Sf9wtW9yGFuRRARPNRZvOp3S8k]]></FromUserName>
<CreateTime>1486615711</CreateTime>
<MsgType><![CDATA[event]]></MsgType>
<Event><![CDATA[VIEW]]></Event>
<EventKey><![CDATA[http://mp.angelbeautyinc.com/app/aboutus.html#enterprise]]></EventKey>
<MenuId>530471859</MenuId>
</xml>

2017-02-09 12:42:49 params :
------------
Array:
rule : -2 ;
module :  ;
message : Array ;

2017-02-09 12:42:49 response :
------------

2017-02-09 12:44:22 trace :
------------
String:
<xml><ToUserName><![CDATA[gh_fbee6dda34f1]]></ToUserName>
<FromUserName><![CDATA[o1Sf9wl6bh3tBhZCbM7k7i8k7GjA]]></FromUserName>
<CreateTime>1486615803</CreateTime>
<MsgType><![CDATA[event]]></MsgType>
<Event><![CDATA[VIEW]]></Event>
<EventKey><![CDATA[http://mp.angelbeautyinc.com/app/index.php?i=8&c=entry&do=shop&m=ewei_shop]]></EventKey>
<MenuId>530471859</MenuId>
</xml>

2017-02-09 12:44:22 params :
------------
Array:
rule : -2 ;
module :  ;
message : Array ;

2017-02-09 12:44:22 response :
------------

2017-02-09 12:44:25 trace :
------------
String:
<xml><ToUserName><![CDATA[gh_fbee6dda34f1]]></ToUserName>
<FromUserName><![CDATA[o1Sf9wtW9yGFuRRARPNRZvOp3S8k]]></FromUserName>
<CreateTime>1486615806</CreateTime>
<MsgType><![CDATA[event]]></MsgType>
<Event><![CDATA[VIEW]]></Event>
<EventKey><![CDATA[http://mp.angelbeautyinc.com/app/aboutus.html#culture]]></EventKey>
<MenuId>530471859</MenuId>
</xml>

2017-02-09 12:44:25 params :
------------
Array:
rule : -2 ;
module :  ;
message : Array ;

2017-02-09 12:44:25 response :
------------

2017-02-09 12:44:32 trace :
------------
String:
<xml><ToUserName><![CDATA[gh_fbee6dda34f1]]></ToUserName>
<FromUserName><![CDATA[o1Sf9wtW9yGFuRRARPNRZvOp3S8k]]></FromUserName>
<CreateTime>1486615813</CreateTime>
<MsgType><![CDATA[event]]></MsgType>
<Event><![CDATA[VIEW]]></Event>
<EventKey><![CDATA[http://mp.angelbeautyinc.com/app/aboutus.html#brand]]></EventKey>
<MenuId>530471859</MenuId>
</xml>

2017-02-09 12:44:32 params :
------------
Array:
rule : -2 ;
module :  ;
message : Array ;

2017-02-09 12:44:32 response :
------------

2017-02-09 12:44:38 trace :
------------
String:
<xml><ToUserName><![CDATA[gh_fbee6dda34f1]]></ToUserName>
<FromUserName><![CDATA[o1Sf9wtW9yGFuRRARPNRZvOp3S8k]]></FromUserName>
<CreateTime>1486615819</CreateTime>
<MsgType><![CDATA[event]]></MsgType>
<Event><![CDATA[VIEW]]></Event>
<EventKey><![CDATA[http://mp.angelbeautyinc.com/app/index.php?i=8&c=entry&do=shop&m=ewei_shop]]></EventKey>
<MenuId>530471859</MenuId>
</xml>

2017-02-09 12:44:38 params :
------------
Array:
rule : -2 ;
module :  ;
message : Array ;

2017-02-09 12:44:38 response :
------------

2017-02-09 12:45:30 trace :
------------
String:
<xml><ToUserName><![CDATA[gh_fbee6dda34f1]]></ToUserName>
<FromUserName><![CDATA[o1Sf9wl6bh3tBhZCbM7k7i8k7GjA]]></FromUserName>
<CreateTime>1486615872</CreateTime>
<MsgType><![CDATA[event]]></MsgType>
<Event><![CDATA[VIEW]]></Event>
<EventKey><![CDATA[http://mp.angelbeautyinc.com/app/aboutus.html#brand]]></EventKey>
<MenuId>530471859</MenuId>
</xml>

2017-02-09 12:45:30 params :
------------
Array:
rule : -2 ;
module :  ;
message : Array ;

2017-02-09 12:45:30 response :
------------

2017-02-09 12:45:37 trace :
------------
String:
<xml><ToUserName><![CDATA[gh_fbee6dda34f1]]></ToUserName>
<FromUserName><![CDATA[o1Sf9wtW9yGFuRRARPNRZvOp3S8k]]></FromUserName>
<CreateTime>1486615878</CreateTime>
<MsgType><![CDATA[event]]></MsgType>
<Event><![CDATA[VIEW]]></Event>
<EventKey><![CDATA[http://mp.angelbeautyinc.com/app/index.php?i=8&c=entry&do=member&m=ewei_shop]]></EventKey>
<MenuId>530471859</MenuId>
</xml>

2017-02-09 12:45:37 params :
------------
Array:
rule : -2 ;
module :  ;
message : Array ;

2017-02-09 12:45:37 response :
------------

2017-02-09 12:45:42 trace :
------------
String:
<xml><ToUserName><![CDATA[gh_fbee6dda34f1]]></ToUserName>
<FromUserName><![CDATA[o1Sf9wtW9yGFuRRARPNRZvOp3S8k]]></FromUserName>
<CreateTime>1486615884</CreateTime>
<MsgType><![CDATA[event]]></MsgType>
<Event><![CDATA[VIEW]]></Event>
<EventKey><![CDATA[http://mp.angelbeautyinc.com/app/index.php?i=8&c=entry&do=associate&m=lrj_guide]]></EventKey>
<MenuId>530471859</MenuId>
</xml>

2017-02-09 12:45:42 params :
------------
Array:
rule : -2 ;
module :  ;
message : Array ;

2017-02-09 12:45:42 response :
------------

2017-02-09 12:45:43 trace :
------------
String:
<xml><ToUserName><![CDATA[gh_fbee6dda34f1]]></ToUserName>
<FromUserName><![CDATA[o1Sf9wl6bh3tBhZCbM7k7i8k7GjA]]></FromUserName>
<CreateTime>1486615885</CreateTime>
<MsgType><![CDATA[event]]></MsgType>
<Event><![CDATA[VIEW]]></Event>
<EventKey><![CDATA[http://mp.angelbeautyinc.com/app/index.php?i=8&c=entry&do=associate&m=lrj_guide]]></EventKey>
<MenuId>530471859</MenuId>
</xml>

2017-02-09 12:45:43 params :
------------
Array:
rule : -2 ;
module :  ;
message : Array ;

2017-02-09 12:45:43 response :
------------

2017-02-09 13:02:37 trace :
------------
String:
<xml><ToUserName><![CDATA[gh_fbee6dda34f1]]></ToUserName>
<FromUserName><![CDATA[o1Sf9wkbZn-pODpDcFDgxVbTYKM0]]></FromUserName>
<CreateTime>1486616899</CreateTime>
<MsgType><![CDATA[event]]></MsgType>
<Event><![CDATA[unsubscribe]]></Event>
<EventKey><![CDATA[]]></EventKey>
</xml>

2017-02-09 13:18:37 trace :
------------
String:
<xml><ToUserName><![CDATA[gh_fbee6dda34f1]]></ToUserName>
<FromUserName><![CDATA[o1Sf9wkKBQehW95uXJpMpNu1EkCg]]></FromUserName>
<CreateTime>1486617858</CreateTime>
<MsgType><![CDATA[event]]></MsgType>
<Event><![CDATA[VIEW]]></Event>
<EventKey><![CDATA[http://mp.angelbeautyinc.com/app/index.php?i=8&c=entry&do=shop&m=ewei_shop]]></EventKey>
<MenuId>530471859</MenuId>
</xml>

2017-02-09 13:18:37 params :
------------
Array:
rule : -2 ;
module :  ;
message : Array ;

2017-02-09 13:18:37 response :
------------

2017-02-09 13:27:53 trace :
------------
String:
<xml><ToUserName><![CDATA[gh_fbee6dda34f1]]></ToUserName>
<FromUserName><![CDATA[o1Sf9wkKBQehW95uXJpMpNu1EkCg]]></FromUserName>
<CreateTime>1486618414</CreateTime>
<MsgType><![CDATA[event]]></MsgType>
<Event><![CDATA[VIEW]]></Event>
<EventKey><![CDATA[http://mp.angelbeautyinc.com/app/index.php?i=8&c=entry&do=shop&m=ewei_shop]]></EventKey>
<MenuId>530471859</MenuId>
</xml>

2017-02-09 13:27:53 params :
------------
Array:
rule : -2 ;
module :  ;
message : Array ;

2017-02-09 13:27:53 response :
------------

2017-02-09 13:29:57 trace :
------------
String:
<xml><ToUserName><![CDATA[gh_fbee6dda34f1]]></ToUserName>
<FromUserName><![CDATA[o1Sf9wkKBQehW95uXJpMpNu1EkCg]]></FromUserName>
<CreateTime>1486618539</CreateTime>
<MsgType><![CDATA[event]]></MsgType>
<Event><![CDATA[VIEW]]></Event>
<EventKey><![CDATA[http://mp.angelbeautyinc.com/app/aboutus.html#enterprise]]></EventKey>
<MenuId>530471859</MenuId>
</xml>

2017-02-09 13:29:57 params :
------------
Array:
rule : -2 ;
module :  ;
message : Array ;

2017-02-09 13:29:57 response :
------------

2017-02-09 13:31:04 trace :
------------
String:
<xml><ToUserName><![CDATA[gh_fbee6dda34f1]]></ToUserName>
<FromUserName><![CDATA[o1Sf9wkKBQehW95uXJpMpNu1EkCg]]></FromUserName>
<CreateTime>1486618606</CreateTime>
<MsgType><![CDATA[event]]></MsgType>
<Event><![CDATA[VIEW]]></Event>
<EventKey><![CDATA[http://mp.angelbeautyinc.com/app/index.php?i=8&c=entry&do=shop&m=ewei_shop]]></EventKey>
<MenuId>530471859</MenuId>
</xml>

2017-02-09 13:31:04 params :
------------
Array:
rule : -2 ;
module :  ;
message : Array ;

2017-02-09 13:31:04 response :
------------

2017-02-09 13:40:52 trace :
------------
String:
<xml><ToUserName><![CDATA[gh_fbee6dda34f1]]></ToUserName>
<FromUserName><![CDATA[o1Sf9wkKBQehW95uXJpMpNu1EkCg]]></FromUserName>
<CreateTime>1486619193</CreateTime>
<MsgType><![CDATA[event]]></MsgType>
<Event><![CDATA[unsubscribe]]></Event>
<EventKey><![CDATA[]]></EventKey>
</xml>

2017-02-09 13:41:20 trace :
------------
String:
<xml><ToUserName><![CDATA[gh_fbee6dda34f1]]></ToUserName>
<FromUserName><![CDATA[o1Sf9wkKBQehW95uXJpMpNu1EkCg]]></FromUserName>
<CreateTime>1486619221</CreateTime>
<MsgType><![CDATA[event]]></MsgType>
<Event><![CDATA[subscribe]]></Event>
<EventKey><![CDATA[]]></EventKey>
</xml>

2017-02-09 13:41:20 params :
------------
Array:
message : Array ;
module : news ;
rule : 26 ;
priority : 0 ;
keyword : Array ;

2017-02-09 13:41:20 response :
------------
Array:
FromUserName : gh_fbee6dda34f1 ;
ToUserName : o1Sf9wkKBQehW95uXJpMpNu1EkCg ;
MsgType : news ;
ArticleCount : 1 ;
Articles : Array ;

2017-02-09 14:45:20 trace :
------------
String:
<xml><ToUserName><![CDATA[gh_fbee6dda34f1]]></ToUserName>
<FromUserName><![CDATA[o1Sf9wkKBQehW95uXJpMpNu1EkCg]]></FromUserName>
<CreateTime>1486623061</CreateTime>
<MsgType><![CDATA[event]]></MsgType>
<Event><![CDATA[VIEW]]></Event>
<EventKey><![CDATA[http://mp.angelbeautyinc.com/app/index.php?i=8&c=entry&do=associate&m=lrj_guide]]></EventKey>
<MenuId>530471859</MenuId>
</xml>

2017-02-09 14:45:20 params :
------------
Array:
rule : -2 ;
module :  ;
message : Array ;

2017-02-09 14:45:20 response :
------------

2017-02-09 15:15:08 trace :
------------
String:
<xml><ToUserName><![CDATA[gh_fbee6dda34f1]]></ToUserName>
<FromUserName><![CDATA[o1Sf9wgmaqIL_VPFQSEHCTYz3YZ0]]></FromUserName>
<CreateTime>1486624848</CreateTime>
<MsgType><![CDATA[event]]></MsgType>
<Event><![CDATA[VIEW]]></Event>
<EventKey><![CDATA[http://mp.angelbeautyinc.com/app/index.php?i=8&c=entry&do=shop&m=ewei_shop]]></EventKey>
<MenuId>530471859</MenuId>
</xml>

2017-02-09 15:15:08 params :
------------
Array:
rule : -2 ;
module :  ;
message : Array ;

2017-02-09 15:15:08 response :
------------

2017-02-09 16:38:31 trace :
------------
String:
<xml><ToUserName><![CDATA[gh_fbee6dda34f1]]></ToUserName>
<FromUserName><![CDATA[o1Sf9wkiQ0-cN_0k4t5PzJ5KBBKA]]></FromUserName>
<CreateTime>1486629851</CreateTime>
<MsgType><![CDATA[event]]></MsgType>
<Event><![CDATA[VIEW]]></Event>
<EventKey><![CDATA[http://mp.angelbeautyinc.com/app/index.php?i=8&c=entry&do=shop&m=ewei_shop]]></EventKey>
<MenuId>530471859</MenuId>
</xml>

2017-02-09 16:38:31 params :
------------
Array:
rule : -2 ;
module :  ;
message : Array ;

2017-02-09 16:38:31 response :
------------

2017-02-09 22:01:19 trace :
------------
String:
<xml><ToUserName><![CDATA[gh_fbee6dda34f1]]></ToUserName>
<FromUserName><![CDATA[o1Sf9whT-nDQ5vpYBKeTaqj4Fdkk]]></FromUserName>
<CreateTime>1486649216</CreateTime>
<MsgType><![CDATA[event]]></MsgType>
<Event><![CDATA[VIEW]]></Event>
<EventKey><![CDATA[http://mp.angelbeautyinc.com/app/index.php?i=8&c=entry&do=member&m=ewei_shop]]></EventKey>
<MenuId>530471859</MenuId>
</xml>

2017-02-09 22:01:19 params :
------------
Array:
rule : -2 ;
module :  ;
message : Array ;

2017-02-09 22:01:19 response :
------------

2017-02-09 22:02:06 trace :
------------
String:
<xml><ToUserName><![CDATA[gh_fbee6dda34f1]]></ToUserName>
<FromUserName><![CDATA[o1Sf9whT-nDQ5vpYBKeTaqj4Fdkk]]></FromUserName>
<CreateTime>1486649263</CreateTime>
<MsgType><![CDATA[event]]></MsgType>
<Event><![CDATA[VIEW]]></Event>
<EventKey><![CDATA[http://mp.angelbeautyinc.com/app/index.php?i=8&c=entry&do=shop&m=ewei_shop]]></EventKey>
<MenuId>530471859</MenuId>
</xml>

2017-02-09 22:02:06 params :
------------
Array:
rule : -2 ;
module :  ;
message : Array ;

2017-02-09 22:02:06 response :
------------

2017-02-09 22:11:43 trace :
------------
String:
<xml><ToUserName><![CDATA[gh_fbee6dda34f1]]></ToUserName>
<FromUserName><![CDATA[o1Sf9whT-nDQ5vpYBKeTaqj4Fdkk]]></FromUserName>
<CreateTime>1486649839</CreateTime>
<MsgType><![CDATA[event]]></MsgType>
<Event><![CDATA[VIEW]]></Event>
<EventKey><![CDATA[http://mp.angelbeautyinc.com/app/index.php?i=8&c=entry&do=member&m=ewei_shop]]></EventKey>
<MenuId>530471859</MenuId>
</xml>

2017-02-09 22:11:43 params :
------------
Array:
rule : -2 ;
module :  ;
message : Array ;

2017-02-09 22:11:43 response :
------------

2017-02-09 22:11:47 trace :
------------
String:
<xml><ToUserName><![CDATA[gh_fbee6dda34f1]]></ToUserName>
<FromUserName><![CDATA[o1Sf9whT-nDQ5vpYBKeTaqj4Fdkk]]></FromUserName>
<CreateTime>1486649844</CreateTime>
<MsgType><![CDATA[event]]></MsgType>
<Event><![CDATA[VIEW]]></Event>
<EventKey><![CDATA[http://mp.angelbeautyinc.com/app/index.php?i=8&c=entry&do=shop&m=ewei_shop]]></EventKey>
<MenuId>530471859</MenuId>
</xml>

2017-02-09 22:11:47 params :
------------
Array:
rule : -2 ;
module :  ;
message : Array ;

2017-02-09 22:11:47 response :
------------

