2017-03-28 07:53:02 trace :
------------
String:
<xml><ToUserName><![CDATA[gh_fbee6dda34f1]]></ToUserName>
<FromUserName><![CDATA[o1Sf9wjKCr8ZiN1FZC5__DsEGpdg]]></FromUserName>
<CreateTime>1490659229</CreateTime>
<MsgType><![CDATA[event]]></MsgType>
<Event><![CDATA[subscribe]]></Event>
<EventKey><![CDATA[]]></EventKey>
</xml>

2017-03-28 07:53:02 params :
------------
Array:
message : Array ;
module : news ;
rule : 26 ;
priority : 0 ;
keyword : Array ;

2017-03-28 07:53:02 response :
------------
Array:
FromUserName : gh_fbee6dda34f1 ;
ToUserName : o1Sf9wjKCr8ZiN1FZC5__DsEGpdg ;
MsgType : news ;
ArticleCount : 1 ;
Articles : Array ;

2017-03-28 07:58:06 trace :
------------
String:
<xml><ToUserName><![CDATA[gh_fbee6dda34f1]]></ToUserName>
<FromUserName><![CDATA[o1Sf9wjKCr8ZiN1FZC5__DsEGpdg]]></FromUserName>
<CreateTime>1490659533</CreateTime>
<MsgType><![CDATA[event]]></MsgType>
<Event><![CDATA[VIEW]]></Event>
<EventKey><![CDATA[http://mp.angelbeautyinc.com/app/index.php?i=8&c=entry&do=selfinspectionguide&m=lrj_guide]]></EventKey>
<MenuId>533020806</MenuId>
</xml>

2017-03-28 07:58:06 params :
------------
Array:
message : Array ;
module : basic ;
rule : 29 ;
priority : 0 ;
keyword : Array ;

2017-03-28 07:58:06 response :
------------
Array:
FromUserName : gh_fbee6dda34f1 ;
ToUserName : o1Sf9wjKCr8ZiN1FZC5__DsEGpdg ;
MsgType : text ;
Content : 您是想咨询以下问题吗，请点击进入：
<a href="http://mp.angelbeautyinc.com/app/aboutus.html">1、了解公司的历史背景/专业度/企业文化</a>👈

<a href="http://mp.angelbeautyinc.com/app/index.php?i=8&c=entry&do=associate&m=lrj_guide">2、了解自己的亚健康情况</a>👈

<a href="http://mp.angelbeautyinc.com/app/index.php?i=8&c=entry&do=selfinspection&m=lrj_guide">3、全面掌握自己的健康状况，选择最适合自己的酵果菜谱</a>👈

<a href="http://mp.angelbeautyinc.com/app/index.php?i=8&c=entry&do=shop&m=ewei_shop">4、了解产品的成分、功能、适用症状、使用方法、注意事项，看看使用者的案例</a>👈

<a href="http://mp.angelbeautyinc.com/question2/index.html">5、查询产品的材料、制作、食用问题、效果等</a>👈

<a href="http://mp.angelbeautyinc.com/app/index.php?i=8&c=entry&do=member&m=ewei_shop">6、了解个人购买记录，产品物流状态等</a>👈

<a href="http://mp.angelbeautyinc.com/test.html">7、其它问题（咨询客服）</a>👈 ;

2017-03-28 10:58:07 trace :
------------
String:
<xml><ToUserName><![CDATA[gh_fbee6dda34f1]]></ToUserName>
<FromUserName><![CDATA[o1Sf9wunLYX1m6GeqMt3sBUme_iI]]></FromUserName>
<CreateTime>1490670333</CreateTime>
<MsgType><![CDATA[event]]></MsgType>
<Event><![CDATA[VIEW]]></Event>
<EventKey><![CDATA[http://mp.angelbeautyinc.com/app/index.php?i=8&c=entry&do=shop&m=ewei_shop]]></EventKey>
<MenuId>533020806</MenuId>
</xml>

2017-03-28 10:58:07 params :
------------
Array:
message : Array ;
module : basic ;
rule : 29 ;
priority : 0 ;
keyword : Array ;

2017-03-28 10:58:07 response :
------------
Array:
FromUserName : gh_fbee6dda34f1 ;
ToUserName : o1Sf9wunLYX1m6GeqMt3sBUme_iI ;
MsgType : text ;
Content : 您是想咨询以下问题吗，请点击进入：
<a href="http://mp.angelbeautyinc.com/app/aboutus.html">1、了解公司的历史背景/专业度/企业文化</a>👈

<a href="http://mp.angelbeautyinc.com/app/index.php?i=8&c=entry&do=associate&m=lrj_guide">2、了解自己的亚健康情况</a>👈

<a href="http://mp.angelbeautyinc.com/app/index.php?i=8&c=entry&do=selfinspection&m=lrj_guide">3、全面掌握自己的健康状况，选择最适合自己的酵果菜谱</a>👈

<a href="http://mp.angelbeautyinc.com/app/index.php?i=8&c=entry&do=shop&m=ewei_shop">4、了解产品的成分、功能、适用症状、使用方法、注意事项，看看使用者的案例</a>👈

<a href="http://mp.angelbeautyinc.com/question2/index.html">5、查询产品的材料、制作、食用问题、效果等</a>👈

<a href="http://mp.angelbeautyinc.com/app/index.php?i=8&c=entry&do=member&m=ewei_shop">6、了解个人购买记录，产品物流状态等</a>👈

<a href="http://mp.angelbeautyinc.com/test.html">7、其它问题（咨询客服）</a>👈 ;

2017-03-28 10:58:16 trace :
------------
String:
<xml><ToUserName><![CDATA[gh_fbee6dda34f1]]></ToUserName>
<FromUserName><![CDATA[o1Sf9wunLYX1m6GeqMt3sBUme_iI]]></FromUserName>
<CreateTime>1490670342</CreateTime>
<MsgType><![CDATA[event]]></MsgType>
<Event><![CDATA[VIEW]]></Event>
<EventKey><![CDATA[http://mp.angelbeautyinc.com/app/index.php?i=8&c=entry&do=selfinspectionguide&m=lrj_guide]]></EventKey>
<MenuId>533020806</MenuId>
</xml>

2017-03-28 10:58:16 params :
------------
Array:
message : Array ;
module : basic ;
rule : 29 ;
priority : 0 ;
keyword : Array ;

2017-03-28 10:58:16 response :
------------
Array:
FromUserName : gh_fbee6dda34f1 ;
ToUserName : o1Sf9wunLYX1m6GeqMt3sBUme_iI ;
MsgType : text ;
Content : 您是想咨询以下问题吗，请点击进入：
<a href="http://mp.angelbeautyinc.com/app/aboutus.html">1、了解公司的历史背景/专业度/企业文化</a>👈

<a href="http://mp.angelbeautyinc.com/app/index.php?i=8&c=entry&do=associate&m=lrj_guide">2、了解自己的亚健康情况</a>👈

<a href="http://mp.angelbeautyinc.com/app/index.php?i=8&c=entry&do=selfinspection&m=lrj_guide">3、全面掌握自己的健康状况，选择最适合自己的酵果菜谱</a>👈

<a href="http://mp.angelbeautyinc.com/app/index.php?i=8&c=entry&do=shop&m=ewei_shop">4、了解产品的成分、功能、适用症状、使用方法、注意事项，看看使用者的案例</a>👈

<a href="http://mp.angelbeautyinc.com/question2/index.html">5、查询产品的材料、制作、食用问题、效果等</a>👈

<a href="http://mp.angelbeautyinc.com/app/index.php?i=8&c=entry&do=member&m=ewei_shop">6、了解个人购买记录，产品物流状态等</a>👈

<a href="http://mp.angelbeautyinc.com/test.html">7、其它问题（咨询客服）</a>👈 ;

2017-03-28 11:55:55 trace :
------------
String:
<xml><ToUserName><![CDATA[gh_fbee6dda34f1]]></ToUserName>
<FromUserName><![CDATA[o1Sf9wh6vHNzBtcODxBVyLMnuXAA]]></FromUserName>
<CreateTime>1490673796</CreateTime>
<MsgType><![CDATA[event]]></MsgType>
<Event><![CDATA[VIEW]]></Event>
<EventKey><![CDATA[http://mp.angelbeautyinc.com/app/index.php?i=8&c=entry&do=shop&m=ewei_shop]]></EventKey>
<MenuId>533020806</MenuId>
</xml>

2017-03-28 11:55:55 params :
------------
Array:
message : Array ;
module : basic ;
rule : 29 ;
priority : 0 ;
keyword : Array ;

2017-03-28 11:55:55 response :
------------
Array:
FromUserName : gh_fbee6dda34f1 ;
ToUserName : o1Sf9wh6vHNzBtcODxBVyLMnuXAA ;
MsgType : text ;
Content : 您是想咨询以下问题吗，请点击进入：
<a href="http://mp.angelbeautyinc.com/app/aboutus.html">1、了解公司的历史背景/专业度/企业文化</a>👈

<a href="http://mp.angelbeautyinc.com/app/index.php?i=8&c=entry&do=associate&m=lrj_guide">2、了解自己的亚健康情况</a>👈

<a href="http://mp.angelbeautyinc.com/app/index.php?i=8&c=entry&do=selfinspection&m=lrj_guide">3、全面掌握自己的健康状况，选择最适合自己的酵果菜谱</a>👈

<a href="http://mp.angelbeautyinc.com/app/index.php?i=8&c=entry&do=shop&m=ewei_shop">4、了解产品的成分、功能、适用症状、使用方法、注意事项，看看使用者的案例</a>👈

<a href="http://mp.angelbeautyinc.com/question2/index.html">5、查询产品的材料、制作、食用问题、效果等</a>👈

<a href="http://mp.angelbeautyinc.com/app/index.php?i=8&c=entry&do=member&m=ewei_shop">6、了解个人购买记录，产品物流状态等</a>👈

<a href="http://mp.angelbeautyinc.com/test.html">7、其它问题（咨询客服）</a>👈 ;

2017-03-28 11:57:43 trace :
------------
String:
<xml><ToUserName><![CDATA[gh_fbee6dda34f1]]></ToUserName>
<FromUserName><![CDATA[o1Sf9wh6vHNzBtcODxBVyLMnuXAA]]></FromUserName>
<CreateTime>1490673907</CreateTime>
<MsgType><![CDATA[event]]></MsgType>
<Event><![CDATA[VIEW]]></Event>
<EventKey><![CDATA[http://mp.angelbeautyinc.com/app/index.php?i=8&c=entry&do=member&m=ewei_shop]]></EventKey>
<MenuId>533020806</MenuId>
</xml>

2017-03-28 11:57:43 params :
------------
Array:
message : Array ;
module : basic ;
rule : 29 ;
priority : 0 ;
keyword : Array ;

2017-03-28 11:57:43 response :
------------
Array:
FromUserName : gh_fbee6dda34f1 ;
ToUserName : o1Sf9wh6vHNzBtcODxBVyLMnuXAA ;
MsgType : text ;
Content : 您是想咨询以下问题吗，请点击进入：
<a href="http://mp.angelbeautyinc.com/app/aboutus.html">1、了解公司的历史背景/专业度/企业文化</a>👈

<a href="http://mp.angelbeautyinc.com/app/index.php?i=8&c=entry&do=associate&m=lrj_guide">2、了解自己的亚健康情况</a>👈

<a href="http://mp.angelbeautyinc.com/app/index.php?i=8&c=entry&do=selfinspection&m=lrj_guide">3、全面掌握自己的健康状况，选择最适合自己的酵果菜谱</a>👈

<a href="http://mp.angelbeautyinc.com/app/index.php?i=8&c=entry&do=shop&m=ewei_shop">4、了解产品的成分、功能、适用症状、使用方法、注意事项，看看使用者的案例</a>👈

<a href="http://mp.angelbeautyinc.com/question2/index.html">5、查询产品的材料、制作、食用问题、效果等</a>👈

<a href="http://mp.angelbeautyinc.com/app/index.php?i=8&c=entry&do=member&m=ewei_shop">6、了解个人购买记录，产品物流状态等</a>👈

<a href="http://mp.angelbeautyinc.com/test.html">7、其它问题（咨询客服）</a>👈 ;

2017-03-28 15:30:55 trace :
------------
String:
<xml><ToUserName><![CDATA[gh_fbee6dda34f1]]></ToUserName>
<FromUserName><![CDATA[o1Sf9wh6vHNzBtcODxBVyLMnuXAA]]></FromUserName>
<CreateTime>1490686698</CreateTime>
<MsgType><![CDATA[event]]></MsgType>
<Event><![CDATA[VIEW]]></Event>
<EventKey><![CDATA[http://mp.angelbeautyinc.com/app/index.php?i=8&c=entry&do=shop&m=ewei_shop]]></EventKey>
<MenuId>533020806</MenuId>
</xml>

2017-03-28 15:30:55 params :
------------
Array:
message : Array ;
module : basic ;
rule : 29 ;
priority : 0 ;
keyword : Array ;

2017-03-28 15:30:55 response :
------------
Array:
FromUserName : gh_fbee6dda34f1 ;
ToUserName : o1Sf9wh6vHNzBtcODxBVyLMnuXAA ;
MsgType : text ;
Content : 您是想咨询以下问题吗，请点击进入：
<a href="http://mp.angelbeautyinc.com/app/aboutus.html">1、了解公司的历史背景/专业度/企业文化</a>👈

<a href="http://mp.angelbeautyinc.com/app/index.php?i=8&c=entry&do=associate&m=lrj_guide">2、了解自己的亚健康情况</a>👈

<a href="http://mp.angelbeautyinc.com/app/index.php?i=8&c=entry&do=selfinspection&m=lrj_guide">3、全面掌握自己的健康状况，选择最适合自己的酵果菜谱</a>👈

<a href="http://mp.angelbeautyinc.com/app/index.php?i=8&c=entry&do=shop&m=ewei_shop">4、了解产品的成分、功能、适用症状、使用方法、注意事项，看看使用者的案例</a>👈

<a href="http://mp.angelbeautyinc.com/question2/index.html">5、查询产品的材料、制作、食用问题、效果等</a>👈

<a href="http://mp.angelbeautyinc.com/app/index.php?i=8&c=entry&do=member&m=ewei_shop">6、了解个人购买记录，产品物流状态等</a>👈

<a href="http://mp.angelbeautyinc.com/test.html">7、其它问题（咨询客服）</a>👈 ;

2017-03-28 16:08:04 trace :
------------
String:
<xml><ToUserName><![CDATA[gh_fbee6dda34f1]]></ToUserName>
<FromUserName><![CDATA[o1Sf9wunLYX1m6GeqMt3sBUme_iI]]></FromUserName>
<CreateTime>1490688926</CreateTime>
<MsgType><![CDATA[event]]></MsgType>
<Event><![CDATA[VIEW]]></Event>
<EventKey><![CDATA[http://mp.angelbeautyinc.com/app/index.php?i=8&c=entry&do=shop&m=ewei_shop]]></EventKey>
<MenuId>533020806</MenuId>
</xml>

2017-03-28 16:08:04 params :
------------
Array:
message : Array ;
module : basic ;
rule : 29 ;
priority : 0 ;
keyword : Array ;

2017-03-28 16:08:04 response :
------------
Array:
FromUserName : gh_fbee6dda34f1 ;
ToUserName : o1Sf9wunLYX1m6GeqMt3sBUme_iI ;
MsgType : text ;
Content : 您是想咨询以下问题吗，请点击进入：
<a href="http://mp.angelbeautyinc.com/app/aboutus.html">1、了解公司的历史背景/专业度/企业文化</a>👈

<a href="http://mp.angelbeautyinc.com/app/index.php?i=8&c=entry&do=associate&m=lrj_guide">2、了解自己的亚健康情况</a>👈

<a href="http://mp.angelbeautyinc.com/app/index.php?i=8&c=entry&do=selfinspection&m=lrj_guide">3、全面掌握自己的健康状况，选择最适合自己的酵果菜谱</a>👈

<a href="http://mp.angelbeautyinc.com/app/index.php?i=8&c=entry&do=shop&m=ewei_shop">4、了解产品的成分、功能、适用症状、使用方法、注意事项，看看使用者的案例</a>👈

<a href="http://mp.angelbeautyinc.com/question2/index.html">5、查询产品的材料、制作、食用问题、效果等</a>👈

<a href="http://mp.angelbeautyinc.com/app/index.php?i=8&c=entry&do=member&m=ewei_shop">6、了解个人购买记录，产品物流状态等</a>👈

<a href="http://mp.angelbeautyinc.com/test.html">7、其它问题（咨询客服）</a>👈 ;

2017-03-28 17:13:28 trace :
------------
String:
<xml><ToUserName><![CDATA[gh_fbee6dda34f1]]></ToUserName>
<FromUserName><![CDATA[o1Sf9wh6vHNzBtcODxBVyLMnuXAA]]></FromUserName>
<CreateTime>1490692850</CreateTime>
<MsgType><![CDATA[event]]></MsgType>
<Event><![CDATA[VIEW]]></Event>
<EventKey><![CDATA[http://mp.angelbeautyinc.com/app/index.php?i=8&c=entry&do=shop&m=ewei_shop]]></EventKey>
<MenuId>533020806</MenuId>
</xml>

2017-03-28 17:13:28 params :
------------
Array:
message : Array ;
module : basic ;
rule : 29 ;
priority : 0 ;
keyword : Array ;

2017-03-28 17:13:28 response :
------------
Array:
FromUserName : gh_fbee6dda34f1 ;
ToUserName : o1Sf9wh6vHNzBtcODxBVyLMnuXAA ;
MsgType : text ;
Content : 您是想咨询以下问题吗，请点击进入：
<a href="http://mp.angelbeautyinc.com/app/aboutus.html">1、了解公司的历史背景/专业度/企业文化</a>👈

<a href="http://mp.angelbeautyinc.com/app/index.php?i=8&c=entry&do=associate&m=lrj_guide">2、了解自己的亚健康情况</a>👈

<a href="http://mp.angelbeautyinc.com/app/index.php?i=8&c=entry&do=selfinspection&m=lrj_guide">3、全面掌握自己的健康状况，选择最适合自己的酵果菜谱</a>👈

<a href="http://mp.angelbeautyinc.com/app/index.php?i=8&c=entry&do=shop&m=ewei_shop">4、了解产品的成分、功能、适用症状、使用方法、注意事项，看看使用者的案例</a>👈

<a href="http://mp.angelbeautyinc.com/question2/index.html">5、查询产品的材料、制作、食用问题、效果等</a>👈

<a href="http://mp.angelbeautyinc.com/app/index.php?i=8&c=entry&do=member&m=ewei_shop">6、了解个人购买记录，产品物流状态等</a>👈

<a href="http://mp.angelbeautyinc.com/test.html">7、其它问题（咨询客服）</a>👈 ;

