2017-02-22 09:43:53 trace :
------------
String:
<xml><ToUserName><![CDATA[gh_fbee6dda34f1]]></ToUserName>
<FromUserName><![CDATA[o1Sf9wnwKARxWwEzTZNiD-s6yh04]]></FromUserName>
<CreateTime>1487728246</CreateTime>
<MsgType><![CDATA[event]]></MsgType>
<Event><![CDATA[VIEW]]></Event>
<EventKey><![CDATA[http://mp.angelbeautyinc.com/app/aboutus.html#enterprise]]></EventKey>
<MenuId>531616452</MenuId>
</xml>

2017-02-22 09:43:53 params :
------------
Array:
message : Array ;
module : basic ;
rule : 29 ;
priority : 0 ;
keyword : Array ;

2017-02-22 09:43:53 response :
------------
Array:
FromUserName : gh_fbee6dda34f1 ;
ToUserName : o1Sf9wnwKARxWwEzTZNiD-s6yh04 ;
MsgType : text ;
Content : 您是想咨询以下问题吗，请点击进入：
<a href="http://mp.angelbeautyinc.com/app/aboutus.html">1、了解公司的历史背景/专业度/企业文化</a>👈

<a href="http://mp.angelbeautyinc.com/app/index.php?i=8&c=entry&do=associate&m=lrj_guide">2、了解自己的亚健康情况</a>👈

<a href="http://mp.angelbeautyinc.com/app/index.php?i=8&c=entry&do=selfinspection&m=lrj_guide">3、全面掌握自己的健康状况，选择最适合自己的酵果菜谱</a>👈

<a href="http://mp.angelbeautyinc.com/app/index.php?i=8&c=entry&do=shop&m=ewei_shop">4、了解产品的成分、功能、适用症状、使用方法、注意事项，看看使用者的案例</a>👈

<a href="http://mp.angelbeautyinc.com/question2/index.html">5、查询产品的材料、制作、食用问题、效果等</a>👈

<a href="http://mp.angelbeautyinc.com/app/index.php?i=8&c=entry&do=member&m=ewei_shop">6、了解个人购买记录，产品物流状态等</a>👈

<a href="http://mp.angelbeautyinc.com/test.html">7、其它问题（咨询客服）</a>👈 ;

2017-02-22 09:44:31 trace :
------------
String:
<xml><ToUserName><![CDATA[gh_fbee6dda34f1]]></ToUserName>
<FromUserName><![CDATA[o1Sf9wnwKARxWwEzTZNiD-s6yh04]]></FromUserName>
<CreateTime>1487728285</CreateTime>
<MsgType><![CDATA[event]]></MsgType>
<Event><![CDATA[VIEW]]></Event>
<EventKey><![CDATA[http://mp.angelbeautyinc.com/app/index.php?i=8&c=entry&do=shop&m=ewei_shop]]></EventKey>
<MenuId>531616452</MenuId>
</xml>

2017-02-22 09:44:32 params :
------------
Array:
message : Array ;
module : basic ;
rule : 29 ;
priority : 0 ;
keyword : Array ;

2017-02-22 09:44:32 response :
------------
Array:
FromUserName : gh_fbee6dda34f1 ;
ToUserName : o1Sf9wnwKARxWwEzTZNiD-s6yh04 ;
MsgType : text ;
Content : 您是想咨询以下问题吗，请点击进入：
<a href="http://mp.angelbeautyinc.com/app/aboutus.html">1、了解公司的历史背景/专业度/企业文化</a>👈

<a href="http://mp.angelbeautyinc.com/app/index.php?i=8&c=entry&do=associate&m=lrj_guide">2、了解自己的亚健康情况</a>👈

<a href="http://mp.angelbeautyinc.com/app/index.php?i=8&c=entry&do=selfinspection&m=lrj_guide">3、全面掌握自己的健康状况，选择最适合自己的酵果菜谱</a>👈

<a href="http://mp.angelbeautyinc.com/app/index.php?i=8&c=entry&do=shop&m=ewei_shop">4、了解产品的成分、功能、适用症状、使用方法、注意事项，看看使用者的案例</a>👈

<a href="http://mp.angelbeautyinc.com/question2/index.html">5、查询产品的材料、制作、食用问题、效果等</a>👈

<a href="http://mp.angelbeautyinc.com/app/index.php?i=8&c=entry&do=member&m=ewei_shop">6、了解个人购买记录，产品物流状态等</a>👈

<a href="http://mp.angelbeautyinc.com/test.html">7、其它问题（咨询客服）</a>👈 ;

2017-02-22 09:46:22 trace :
------------
String:
<xml><ToUserName><![CDATA[gh_fbee6dda34f1]]></ToUserName>
<FromUserName><![CDATA[o1Sf9wnwKARxWwEzTZNiD-s6yh04]]></FromUserName>
<CreateTime>1487728395</CreateTime>
<MsgType><![CDATA[event]]></MsgType>
<Event><![CDATA[VIEW]]></Event>
<EventKey><![CDATA[http://mp.angelbeautyinc.com/app/index.php?i=8&c=entry&do=associate&m=lrj_guide]]></EventKey>
<MenuId>531616452</MenuId>
</xml>

2017-02-22 09:46:22 params :
------------
Array:
message : Array ;
module : basic ;
rule : 29 ;
priority : 0 ;
keyword : Array ;

2017-02-22 09:46:22 response :
------------
Array:
FromUserName : gh_fbee6dda34f1 ;
ToUserName : o1Sf9wnwKARxWwEzTZNiD-s6yh04 ;
MsgType : text ;
Content : 您是想咨询以下问题吗，请点击进入：
<a href="http://mp.angelbeautyinc.com/app/aboutus.html">1、了解公司的历史背景/专业度/企业文化</a>👈

<a href="http://mp.angelbeautyinc.com/app/index.php?i=8&c=entry&do=associate&m=lrj_guide">2、了解自己的亚健康情况</a>👈

<a href="http://mp.angelbeautyinc.com/app/index.php?i=8&c=entry&do=selfinspection&m=lrj_guide">3、全面掌握自己的健康状况，选择最适合自己的酵果菜谱</a>👈

<a href="http://mp.angelbeautyinc.com/app/index.php?i=8&c=entry&do=shop&m=ewei_shop">4、了解产品的成分、功能、适用症状、使用方法、注意事项，看看使用者的案例</a>👈

<a href="http://mp.angelbeautyinc.com/question2/index.html">5、查询产品的材料、制作、食用问题、效果等</a>👈

<a href="http://mp.angelbeautyinc.com/app/index.php?i=8&c=entry&do=member&m=ewei_shop">6、了解个人购买记录，产品物流状态等</a>👈

<a href="http://mp.angelbeautyinc.com/test.html">7、其它问题（咨询客服）</a>👈 ;

2017-02-22 09:46:29 trace :
------------
String:
<xml><ToUserName><![CDATA[gh_fbee6dda34f1]]></ToUserName>
<FromUserName><![CDATA[o1Sf9wnwKARxWwEzTZNiD-s6yh04]]></FromUserName>
<CreateTime>1487728402</CreateTime>
<MsgType><![CDATA[event]]></MsgType>
<Event><![CDATA[VIEW]]></Event>
<EventKey><![CDATA[http://mp.angelbeautyinc.com/app/index.php?i=8&c=entry&do=associate&m=lrj_guide]]></EventKey>
<MenuId>531616452</MenuId>
</xml>

2017-02-22 09:46:29 params :
------------
Array:
message : Array ;
module : basic ;
rule : 29 ;
priority : 0 ;
keyword : Array ;

2017-02-22 09:46:29 response :
------------
Array:
FromUserName : gh_fbee6dda34f1 ;
ToUserName : o1Sf9wnwKARxWwEzTZNiD-s6yh04 ;
MsgType : text ;
Content : 您是想咨询以下问题吗，请点击进入：
<a href="http://mp.angelbeautyinc.com/app/aboutus.html">1、了解公司的历史背景/专业度/企业文化</a>👈

<a href="http://mp.angelbeautyinc.com/app/index.php?i=8&c=entry&do=associate&m=lrj_guide">2、了解自己的亚健康情况</a>👈

<a href="http://mp.angelbeautyinc.com/app/index.php?i=8&c=entry&do=selfinspection&m=lrj_guide">3、全面掌握自己的健康状况，选择最适合自己的酵果菜谱</a>👈

<a href="http://mp.angelbeautyinc.com/app/index.php?i=8&c=entry&do=shop&m=ewei_shop">4、了解产品的成分、功能、适用症状、使用方法、注意事项，看看使用者的案例</a>👈

<a href="http://mp.angelbeautyinc.com/question2/index.html">5、查询产品的材料、制作、食用问题、效果等</a>👈

<a href="http://mp.angelbeautyinc.com/app/index.php?i=8&c=entry&do=member&m=ewei_shop">6、了解个人购买记录，产品物流状态等</a>👈

<a href="http://mp.angelbeautyinc.com/test.html">7、其它问题（咨询客服）</a>👈 ;

2017-02-22 09:47:29 trace :
------------
String:
<xml><ToUserName><![CDATA[gh_fbee6dda34f1]]></ToUserName>
<FromUserName><![CDATA[o1Sf9wnwKARxWwEzTZNiD-s6yh04]]></FromUserName>
<CreateTime>1487728463</CreateTime>
<MsgType><![CDATA[event]]></MsgType>
<Event><![CDATA[VIEW]]></Event>
<EventKey><![CDATA[http://mp.angelbeautyinc.com/app/index.php?i=8&c=entry&do=shop&m=ewei_shop]]></EventKey>
<MenuId>531616452</MenuId>
</xml>

2017-02-22 09:47:30 params :
------------
Array:
message : Array ;
module : basic ;
rule : 29 ;
priority : 0 ;
keyword : Array ;

2017-02-22 09:47:30 response :
------------
Array:
FromUserName : gh_fbee6dda34f1 ;
ToUserName : o1Sf9wnwKARxWwEzTZNiD-s6yh04 ;
MsgType : text ;
Content : 您是想咨询以下问题吗，请点击进入：
<a href="http://mp.angelbeautyinc.com/app/aboutus.html">1、了解公司的历史背景/专业度/企业文化</a>👈

<a href="http://mp.angelbeautyinc.com/app/index.php?i=8&c=entry&do=associate&m=lrj_guide">2、了解自己的亚健康情况</a>👈

<a href="http://mp.angelbeautyinc.com/app/index.php?i=8&c=entry&do=selfinspection&m=lrj_guide">3、全面掌握自己的健康状况，选择最适合自己的酵果菜谱</a>👈

<a href="http://mp.angelbeautyinc.com/app/index.php?i=8&c=entry&do=shop&m=ewei_shop">4、了解产品的成分、功能、适用症状、使用方法、注意事项，看看使用者的案例</a>👈

<a href="http://mp.angelbeautyinc.com/question2/index.html">5、查询产品的材料、制作、食用问题、效果等</a>👈

<a href="http://mp.angelbeautyinc.com/app/index.php?i=8&c=entry&do=member&m=ewei_shop">6、了解个人购买记录，产品物流状态等</a>👈

<a href="http://mp.angelbeautyinc.com/test.html">7、其它问题（咨询客服）</a>👈 ;

2017-02-22 13:02:47 trace :
------------
String:
<xml><ToUserName><![CDATA[gh_fbee6dda34f1]]></ToUserName>
<FromUserName><![CDATA[o1Sf9wh6vHNzBtcODxBVyLMnuXAA]]></FromUserName>
<CreateTime>1487740175</CreateTime>
<MsgType><![CDATA[event]]></MsgType>
<Event><![CDATA[VIEW]]></Event>
<EventKey><![CDATA[http://mp.angelbeautyinc.com/app/index.php?i=8&c=entry&do=selfinspection&m=lrj_guide]]></EventKey>
<MenuId>531616452</MenuId>
</xml>

2017-02-22 13:02:47 params :
------------
Array:
message : Array ;
module : basic ;
rule : 29 ;
priority : 0 ;
keyword : Array ;

2017-02-22 13:02:47 response :
------------
Array:
FromUserName : gh_fbee6dda34f1 ;
ToUserName : o1Sf9wh6vHNzBtcODxBVyLMnuXAA ;
MsgType : text ;
Content : 您是想咨询以下问题吗，请点击进入：
<a href="http://mp.angelbeautyinc.com/app/aboutus.html">1、了解公司的历史背景/专业度/企业文化</a>👈

<a href="http://mp.angelbeautyinc.com/app/index.php?i=8&c=entry&do=associate&m=lrj_guide">2、了解自己的亚健康情况</a>👈

<a href="http://mp.angelbeautyinc.com/app/index.php?i=8&c=entry&do=selfinspection&m=lrj_guide">3、全面掌握自己的健康状况，选择最适合自己的酵果菜谱</a>👈

<a href="http://mp.angelbeautyinc.com/app/index.php?i=8&c=entry&do=shop&m=ewei_shop">4、了解产品的成分、功能、适用症状、使用方法、注意事项，看看使用者的案例</a>👈

<a href="http://mp.angelbeautyinc.com/question2/index.html">5、查询产品的材料、制作、食用问题、效果等</a>👈

<a href="http://mp.angelbeautyinc.com/app/index.php?i=8&c=entry&do=member&m=ewei_shop">6、了解个人购买记录，产品物流状态等</a>👈

<a href="http://mp.angelbeautyinc.com/test.html">7、其它问题（咨询客服）</a>👈 ;

2017-02-22 13:02:47 trace :
------------
String:
<xml><ToUserName><![CDATA[gh_fbee6dda34f1]]></ToUserName>
<FromUserName><![CDATA[o1Sf9wh6vHNzBtcODxBVyLMnuXAA]]></FromUserName>
<CreateTime>1487740172</CreateTime>
<MsgType><![CDATA[event]]></MsgType>
<Event><![CDATA[VIEW]]></Event>
<EventKey><![CDATA[http://mp.angelbeautyinc.com/app/index.php?i=8&c=entry&do=shop&m=ewei_shop]]></EventKey>
<MenuId>531616452</MenuId>
</xml>

2017-02-22 13:02:47 params :
------------
Array:
message : Array ;
module : basic ;
rule : 29 ;
priority : 0 ;
keyword : Array ;

2017-02-22 13:02:47 response :
------------
Array:
FromUserName : gh_fbee6dda34f1 ;
ToUserName : o1Sf9wh6vHNzBtcODxBVyLMnuXAA ;
MsgType : text ;
Content : 您是想咨询以下问题吗，请点击进入：
<a href="http://mp.angelbeautyinc.com/app/aboutus.html">1、了解公司的历史背景/专业度/企业文化</a>👈

<a href="http://mp.angelbeautyinc.com/app/index.php?i=8&c=entry&do=associate&m=lrj_guide">2、了解自己的亚健康情况</a>👈

<a href="http://mp.angelbeautyinc.com/app/index.php?i=8&c=entry&do=selfinspection&m=lrj_guide">3、全面掌握自己的健康状况，选择最适合自己的酵果菜谱</a>👈

<a href="http://mp.angelbeautyinc.com/app/index.php?i=8&c=entry&do=shop&m=ewei_shop">4、了解产品的成分、功能、适用症状、使用方法、注意事项，看看使用者的案例</a>👈

<a href="http://mp.angelbeautyinc.com/question2/index.html">5、查询产品的材料、制作、食用问题、效果等</a>👈

<a href="http://mp.angelbeautyinc.com/app/index.php?i=8&c=entry&do=member&m=ewei_shop">6、了解个人购买记录，产品物流状态等</a>👈

<a href="http://mp.angelbeautyinc.com/test.html">7、其它问题（咨询客服）</a>👈 ;

2017-02-22 13:03:47 trace :
------------
String:
<xml><ToUserName><![CDATA[gh_fbee6dda34f1]]></ToUserName>
<FromUserName><![CDATA[o1Sf9wh6vHNzBtcODxBVyLMnuXAA]]></FromUserName>
<CreateTime>1487740238</CreateTime>
<MsgType><![CDATA[event]]></MsgType>
<Event><![CDATA[VIEW]]></Event>
<EventKey><![CDATA[http://mp.angelbeautyinc.com/app/index.php?i=8&c=entry&do=selfinspection&m=lrj_guide]]></EventKey>
<MenuId>531616452</MenuId>
</xml>

2017-02-22 13:03:47 params :
------------
Array:
message : Array ;
module : basic ;
rule : 29 ;
priority : 0 ;
keyword : Array ;

2017-02-22 13:03:47 response :
------------
Array:
FromUserName : gh_fbee6dda34f1 ;
ToUserName : o1Sf9wh6vHNzBtcODxBVyLMnuXAA ;
MsgType : text ;
Content : 您是想咨询以下问题吗，请点击进入：
<a href="http://mp.angelbeautyinc.com/app/aboutus.html">1、了解公司的历史背景/专业度/企业文化</a>👈

<a href="http://mp.angelbeautyinc.com/app/index.php?i=8&c=entry&do=associate&m=lrj_guide">2、了解自己的亚健康情况</a>👈

<a href="http://mp.angelbeautyinc.com/app/index.php?i=8&c=entry&do=selfinspection&m=lrj_guide">3、全面掌握自己的健康状况，选择最适合自己的酵果菜谱</a>👈

<a href="http://mp.angelbeautyinc.com/app/index.php?i=8&c=entry&do=shop&m=ewei_shop">4、了解产品的成分、功能、适用症状、使用方法、注意事项，看看使用者的案例</a>👈

<a href="http://mp.angelbeautyinc.com/question2/index.html">5、查询产品的材料、制作、食用问题、效果等</a>👈

<a href="http://mp.angelbeautyinc.com/app/index.php?i=8&c=entry&do=member&m=ewei_shop">6、了解个人购买记录，产品物流状态等</a>👈

<a href="http://mp.angelbeautyinc.com/test.html">7、其它问题（咨询客服）</a>👈 ;

2017-02-22 13:03:59 trace :
------------
String:
<xml><ToUserName><![CDATA[gh_fbee6dda34f1]]></ToUserName>
<FromUserName><![CDATA[o1Sf9wh6vHNzBtcODxBVyLMnuXAA]]></FromUserName>
<CreateTime>1487740250</CreateTime>
<MsgType><![CDATA[event]]></MsgType>
<Event><![CDATA[VIEW]]></Event>
<EventKey><![CDATA[http://mp.angelbeautyinc.com/app/index.php?i=8&c=entry&do=selfinspection&m=lrj_guide]]></EventKey>
<MenuId>531616452</MenuId>
</xml>

2017-02-22 13:03:59 params :
------------
Array:
message : Array ;
module : basic ;
rule : 29 ;
priority : 0 ;
keyword : Array ;

2017-02-22 13:03:59 response :
------------
Array:
FromUserName : gh_fbee6dda34f1 ;
ToUserName : o1Sf9wh6vHNzBtcODxBVyLMnuXAA ;
MsgType : text ;
Content : 您是想咨询以下问题吗，请点击进入：
<a href="http://mp.angelbeautyinc.com/app/aboutus.html">1、了解公司的历史背景/专业度/企业文化</a>👈

<a href="http://mp.angelbeautyinc.com/app/index.php?i=8&c=entry&do=associate&m=lrj_guide">2、了解自己的亚健康情况</a>👈

<a href="http://mp.angelbeautyinc.com/app/index.php?i=8&c=entry&do=selfinspection&m=lrj_guide">3、全面掌握自己的健康状况，选择最适合自己的酵果菜谱</a>👈

<a href="http://mp.angelbeautyinc.com/app/index.php?i=8&c=entry&do=shop&m=ewei_shop">4、了解产品的成分、功能、适用症状、使用方法、注意事项，看看使用者的案例</a>👈

<a href="http://mp.angelbeautyinc.com/question2/index.html">5、查询产品的材料、制作、食用问题、效果等</a>👈

<a href="http://mp.angelbeautyinc.com/app/index.php?i=8&c=entry&do=member&m=ewei_shop">6、了解个人购买记录，产品物流状态等</a>👈

<a href="http://mp.angelbeautyinc.com/test.html">7、其它问题（咨询客服）</a>👈 ;

2017-02-22 13:09:47 trace :
------------
String:
<xml><ToUserName><![CDATA[gh_fbee6dda34f1]]></ToUserName>
<FromUserName><![CDATA[o1Sf9wh6vHNzBtcODxBVyLMnuXAA]]></FromUserName>
<CreateTime>1487740598</CreateTime>
<MsgType><![CDATA[event]]></MsgType>
<Event><![CDATA[VIEW]]></Event>
<EventKey><![CDATA[http://mp.angelbeautyinc.com/app/index.php?i=8&c=entry&do=selfinspection&m=lrj_guide]]></EventKey>
<MenuId>531616452</MenuId>
</xml>

2017-02-22 13:09:47 params :
------------
Array:
message : Array ;
module : basic ;
rule : 29 ;
priority : 0 ;
keyword : Array ;

2017-02-22 13:09:47 response :
------------
Array:
FromUserName : gh_fbee6dda34f1 ;
ToUserName : o1Sf9wh6vHNzBtcODxBVyLMnuXAA ;
MsgType : text ;
Content : 您是想咨询以下问题吗，请点击进入：
<a href="http://mp.angelbeautyinc.com/app/aboutus.html">1、了解公司的历史背景/专业度/企业文化</a>👈

<a href="http://mp.angelbeautyinc.com/app/index.php?i=8&c=entry&do=associate&m=lrj_guide">2、了解自己的亚健康情况</a>👈

<a href="http://mp.angelbeautyinc.com/app/index.php?i=8&c=entry&do=selfinspection&m=lrj_guide">3、全面掌握自己的健康状况，选择最适合自己的酵果菜谱</a>👈

<a href="http://mp.angelbeautyinc.com/app/index.php?i=8&c=entry&do=shop&m=ewei_shop">4、了解产品的成分、功能、适用症状、使用方法、注意事项，看看使用者的案例</a>👈

<a href="http://mp.angelbeautyinc.com/question2/index.html">5、查询产品的材料、制作、食用问题、效果等</a>👈

<a href="http://mp.angelbeautyinc.com/app/index.php?i=8&c=entry&do=member&m=ewei_shop">6、了解个人购买记录，产品物流状态等</a>👈

<a href="http://mp.angelbeautyinc.com/test.html">7、其它问题（咨询客服）</a>👈 ;

2017-02-22 13:19:29 trace :
------------
String:
<xml><ToUserName><![CDATA[gh_fbee6dda34f1]]></ToUserName>
<FromUserName><![CDATA[o1Sf9wh6vHNzBtcODxBVyLMnuXAA]]></FromUserName>
<CreateTime>1487741180</CreateTime>
<MsgType><![CDATA[event]]></MsgType>
<Event><![CDATA[VIEW]]></Event>
<EventKey><![CDATA[http://mp.angelbeautyinc.com/app/index.php?i=8&c=entry&do=shop&m=ewei_shop]]></EventKey>
<MenuId>531616452</MenuId>
</xml>

2017-02-22 13:19:29 params :
------------
Array:
message : Array ;
module : basic ;
rule : 29 ;
priority : 0 ;
keyword : Array ;

2017-02-22 13:19:29 response :
------------
Array:
FromUserName : gh_fbee6dda34f1 ;
ToUserName : o1Sf9wh6vHNzBtcODxBVyLMnuXAA ;
MsgType : text ;
Content : 您是想咨询以下问题吗，请点击进入：
<a href="http://mp.angelbeautyinc.com/app/aboutus.html">1、了解公司的历史背景/专业度/企业文化</a>👈

<a href="http://mp.angelbeautyinc.com/app/index.php?i=8&c=entry&do=associate&m=lrj_guide">2、了解自己的亚健康情况</a>👈

<a href="http://mp.angelbeautyinc.com/app/index.php?i=8&c=entry&do=selfinspection&m=lrj_guide">3、全面掌握自己的健康状况，选择最适合自己的酵果菜谱</a>👈

<a href="http://mp.angelbeautyinc.com/app/index.php?i=8&c=entry&do=shop&m=ewei_shop">4、了解产品的成分、功能、适用症状、使用方法、注意事项，看看使用者的案例</a>👈

<a href="http://mp.angelbeautyinc.com/question2/index.html">5、查询产品的材料、制作、食用问题、效果等</a>👈

<a href="http://mp.angelbeautyinc.com/app/index.php?i=8&c=entry&do=member&m=ewei_shop">6、了解个人购买记录，产品物流状态等</a>👈

<a href="http://mp.angelbeautyinc.com/test.html">7、其它问题（咨询客服）</a>👈 ;

2017-02-22 13:25:41 trace :
------------
String:
<xml><ToUserName><![CDATA[gh_fbee6dda34f1]]></ToUserName>
<FromUserName><![CDATA[o1Sf9wh6vHNzBtcODxBVyLMnuXAA]]></FromUserName>
<CreateTime>1487741553</CreateTime>
<MsgType><![CDATA[event]]></MsgType>
<Event><![CDATA[VIEW]]></Event>
<EventKey><![CDATA[http://mp.angelbeautyinc.com/app/index.php?i=8&c=entry&do=shop&m=ewei_shop]]></EventKey>
<MenuId>531616452</MenuId>
</xml>

2017-02-22 13:25:41 params :
------------
Array:
message : Array ;
module : basic ;
rule : 29 ;
priority : 0 ;
keyword : Array ;

2017-02-22 13:25:41 response :
------------
Array:
FromUserName : gh_fbee6dda34f1 ;
ToUserName : o1Sf9wh6vHNzBtcODxBVyLMnuXAA ;
MsgType : text ;
Content : 您是想咨询以下问题吗，请点击进入：
<a href="http://mp.angelbeautyinc.com/app/aboutus.html">1、了解公司的历史背景/专业度/企业文化</a>👈

<a href="http://mp.angelbeautyinc.com/app/index.php?i=8&c=entry&do=associate&m=lrj_guide">2、了解自己的亚健康情况</a>👈

<a href="http://mp.angelbeautyinc.com/app/index.php?i=8&c=entry&do=selfinspection&m=lrj_guide">3、全面掌握自己的健康状况，选择最适合自己的酵果菜谱</a>👈

<a href="http://mp.angelbeautyinc.com/app/index.php?i=8&c=entry&do=shop&m=ewei_shop">4、了解产品的成分、功能、适用症状、使用方法、注意事项，看看使用者的案例</a>👈

<a href="http://mp.angelbeautyinc.com/question2/index.html">5、查询产品的材料、制作、食用问题、效果等</a>👈

<a href="http://mp.angelbeautyinc.com/app/index.php?i=8&c=entry&do=member&m=ewei_shop">6、了解个人购买记录，产品物流状态等</a>👈

<a href="http://mp.angelbeautyinc.com/test.html">7、其它问题（咨询客服）</a>👈 ;

2017-02-22 13:28:48 trace :
------------
String:
<xml><ToUserName><![CDATA[gh_fbee6dda34f1]]></ToUserName>
<FromUserName><![CDATA[o1Sf9wh6vHNzBtcODxBVyLMnuXAA]]></FromUserName>
<CreateTime>1487741740</CreateTime>
<MsgType><![CDATA[event]]></MsgType>
<Event><![CDATA[VIEW]]></Event>
<EventKey><![CDATA[http://mp.angelbeautyinc.com/app/index.php?i=8&c=entry&do=shop&m=ewei_shop]]></EventKey>
<MenuId>531616452</MenuId>
</xml>

2017-02-22 13:28:49 params :
------------
Array:
message : Array ;
module : basic ;
rule : 29 ;
priority : 0 ;
keyword : Array ;

2017-02-22 13:28:49 response :
------------
Array:
FromUserName : gh_fbee6dda34f1 ;
ToUserName : o1Sf9wh6vHNzBtcODxBVyLMnuXAA ;
MsgType : text ;
Content : 您是想咨询以下问题吗，请点击进入：
<a href="http://mp.angelbeautyinc.com/app/aboutus.html">1、了解公司的历史背景/专业度/企业文化</a>👈

<a href="http://mp.angelbeautyinc.com/app/index.php?i=8&c=entry&do=associate&m=lrj_guide">2、了解自己的亚健康情况</a>👈

<a href="http://mp.angelbeautyinc.com/app/index.php?i=8&c=entry&do=selfinspection&m=lrj_guide">3、全面掌握自己的健康状况，选择最适合自己的酵果菜谱</a>👈

<a href="http://mp.angelbeautyinc.com/app/index.php?i=8&c=entry&do=shop&m=ewei_shop">4、了解产品的成分、功能、适用症状、使用方法、注意事项，看看使用者的案例</a>👈

<a href="http://mp.angelbeautyinc.com/question2/index.html">5、查询产品的材料、制作、食用问题、效果等</a>👈

<a href="http://mp.angelbeautyinc.com/app/index.php?i=8&c=entry&do=member&m=ewei_shop">6、了解个人购买记录，产品物流状态等</a>👈

<a href="http://mp.angelbeautyinc.com/test.html">7、其它问题（咨询客服）</a>👈 ;

2017-02-22 13:29:47 trace :
------------
String:
<xml><ToUserName><![CDATA[gh_fbee6dda34f1]]></ToUserName>
<FromUserName><![CDATA[o1Sf9wh6vHNzBtcODxBVyLMnuXAA]]></FromUserName>
<CreateTime>1487741798</CreateTime>
<MsgType><![CDATA[event]]></MsgType>
<Event><![CDATA[VIEW]]></Event>
<EventKey><![CDATA[http://mp.angelbeautyinc.com/app/index.php?i=8&c=entry&do=shop&m=ewei_shop]]></EventKey>
<MenuId>531616452</MenuId>
</xml>

2017-02-22 13:29:47 params :
------------
Array:
message : Array ;
module : basic ;
rule : 29 ;
priority : 0 ;
keyword : Array ;

2017-02-22 13:29:47 response :
------------
Array:
FromUserName : gh_fbee6dda34f1 ;
ToUserName : o1Sf9wh6vHNzBtcODxBVyLMnuXAA ;
MsgType : text ;
Content : 您是想咨询以下问题吗，请点击进入：
<a href="http://mp.angelbeautyinc.com/app/aboutus.html">1、了解公司的历史背景/专业度/企业文化</a>👈

<a href="http://mp.angelbeautyinc.com/app/index.php?i=8&c=entry&do=associate&m=lrj_guide">2、了解自己的亚健康情况</a>👈

<a href="http://mp.angelbeautyinc.com/app/index.php?i=8&c=entry&do=selfinspection&m=lrj_guide">3、全面掌握自己的健康状况，选择最适合自己的酵果菜谱</a>👈

<a href="http://mp.angelbeautyinc.com/app/index.php?i=8&c=entry&do=shop&m=ewei_shop">4、了解产品的成分、功能、适用症状、使用方法、注意事项，看看使用者的案例</a>👈

<a href="http://mp.angelbeautyinc.com/question2/index.html">5、查询产品的材料、制作、食用问题、效果等</a>👈

<a href="http://mp.angelbeautyinc.com/app/index.php?i=8&c=entry&do=member&m=ewei_shop">6、了解个人购买记录，产品物流状态等</a>👈

<a href="http://mp.angelbeautyinc.com/test.html">7、其它问题（咨询客服）</a>👈 ;

2017-02-22 14:09:22 trace :
------------
String:
<xml><ToUserName><![CDATA[gh_fbee6dda34f1]]></ToUserName>
<FromUserName><![CDATA[o1Sf9wh6vHNzBtcODxBVyLMnuXAA]]></FromUserName>
<CreateTime>1487744173</CreateTime>
<MsgType><![CDATA[event]]></MsgType>
<Event><![CDATA[VIEW]]></Event>
<EventKey><![CDATA[http://mp.angelbeautyinc.com/app/index.php?i=8&c=entry&do=selfinspection&m=lrj_guide]]></EventKey>
<MenuId>531616452</MenuId>
</xml>

2017-02-22 14:09:22 params :
------------
Array:
message : Array ;
module : basic ;
rule : 29 ;
priority : 0 ;
keyword : Array ;

2017-02-22 14:09:22 response :
------------
Array:
FromUserName : gh_fbee6dda34f1 ;
ToUserName : o1Sf9wh6vHNzBtcODxBVyLMnuXAA ;
MsgType : text ;
Content : 您是想咨询以下问题吗，请点击进入：
<a href="http://mp.angelbeautyinc.com/app/aboutus.html">1、了解公司的历史背景/专业度/企业文化</a>👈

<a href="http://mp.angelbeautyinc.com/app/index.php?i=8&c=entry&do=associate&m=lrj_guide">2、了解自己的亚健康情况</a>👈

<a href="http://mp.angelbeautyinc.com/app/index.php?i=8&c=entry&do=selfinspection&m=lrj_guide">3、全面掌握自己的健康状况，选择最适合自己的酵果菜谱</a>👈

<a href="http://mp.angelbeautyinc.com/app/index.php?i=8&c=entry&do=shop&m=ewei_shop">4、了解产品的成分、功能、适用症状、使用方法、注意事项，看看使用者的案例</a>👈

<a href="http://mp.angelbeautyinc.com/question2/index.html">5、查询产品的材料、制作、食用问题、效果等</a>👈

<a href="http://mp.angelbeautyinc.com/app/index.php?i=8&c=entry&do=member&m=ewei_shop">6、了解个人购买记录，产品物流状态等</a>👈

<a href="http://mp.angelbeautyinc.com/test.html">7、其它问题（咨询客服）</a>👈 ;

2017-02-22 14:16:13 trace :
------------
String:
<xml><ToUserName><![CDATA[gh_fbee6dda34f1]]></ToUserName>
<FromUserName><![CDATA[o1Sf9wkKBQehW95uXJpMpNu1EkCg]]></FromUserName>
<CreateTime>1487744584</CreateTime>
<MsgType><![CDATA[event]]></MsgType>
<Event><![CDATA[VIEW]]></Event>
<EventKey><![CDATA[http://mp.angelbeautyinc.com/app/index.php?i=8&c=entry&do=selfinspection&m=lrj_guide]]></EventKey>
<MenuId>531616452</MenuId>
</xml>

2017-02-22 14:16:13 params :
------------
Array:
message : Array ;
module : basic ;
rule : 29 ;
priority : 0 ;
keyword : Array ;

2017-02-22 14:16:13 response :
------------
Array:
FromUserName : gh_fbee6dda34f1 ;
ToUserName : o1Sf9wkKBQehW95uXJpMpNu1EkCg ;
MsgType : text ;
Content : 您是想咨询以下问题吗，请点击进入：
<a href="http://mp.angelbeautyinc.com/app/aboutus.html">1、了解公司的历史背景/专业度/企业文化</a>👈

<a href="http://mp.angelbeautyinc.com/app/index.php?i=8&c=entry&do=associate&m=lrj_guide">2、了解自己的亚健康情况</a>👈

<a href="http://mp.angelbeautyinc.com/app/index.php?i=8&c=entry&do=selfinspection&m=lrj_guide">3、全面掌握自己的健康状况，选择最适合自己的酵果菜谱</a>👈

<a href="http://mp.angelbeautyinc.com/app/index.php?i=8&c=entry&do=shop&m=ewei_shop">4、了解产品的成分、功能、适用症状、使用方法、注意事项，看看使用者的案例</a>👈

<a href="http://mp.angelbeautyinc.com/question2/index.html">5、查询产品的材料、制作、食用问题、效果等</a>👈

<a href="http://mp.angelbeautyinc.com/app/index.php?i=8&c=entry&do=member&m=ewei_shop">6、了解个人购买记录，产品物流状态等</a>👈

<a href="http://mp.angelbeautyinc.com/test.html">7、其它问题（咨询客服）</a>👈 ;

2017-02-22 14:55:04 trace :
------------
String:
<xml><ToUserName><![CDATA[gh_fbee6dda34f1]]></ToUserName>
<FromUserName><![CDATA[o1Sf9wh6vHNzBtcODxBVyLMnuXAA]]></FromUserName>
<CreateTime>1487746914</CreateTime>
<MsgType><![CDATA[event]]></MsgType>
<Event><![CDATA[VIEW]]></Event>
<EventKey><![CDATA[http://mp.angelbeautyinc.com/app/index.php?i=8&c=entry&do=shop&m=ewei_shop]]></EventKey>
<MenuId>531616452</MenuId>
</xml>

2017-02-22 14:55:04 params :
------------
Array:
message : Array ;
module : basic ;
rule : 29 ;
priority : 0 ;
keyword : Array ;

2017-02-22 14:55:04 response :
------------
Array:
FromUserName : gh_fbee6dda34f1 ;
ToUserName : o1Sf9wh6vHNzBtcODxBVyLMnuXAA ;
MsgType : text ;
Content : 您是想咨询以下问题吗，请点击进入：
<a href="http://mp.angelbeautyinc.com/app/aboutus.html">1、了解公司的历史背景/专业度/企业文化</a>👈

<a href="http://mp.angelbeautyinc.com/app/index.php?i=8&c=entry&do=associate&m=lrj_guide">2、了解自己的亚健康情况</a>👈

<a href="http://mp.angelbeautyinc.com/app/index.php?i=8&c=entry&do=selfinspection&m=lrj_guide">3、全面掌握自己的健康状况，选择最适合自己的酵果菜谱</a>👈

<a href="http://mp.angelbeautyinc.com/app/index.php?i=8&c=entry&do=shop&m=ewei_shop">4、了解产品的成分、功能、适用症状、使用方法、注意事项，看看使用者的案例</a>👈

<a href="http://mp.angelbeautyinc.com/question2/index.html">5、查询产品的材料、制作、食用问题、效果等</a>👈

<a href="http://mp.angelbeautyinc.com/app/index.php?i=8&c=entry&do=member&m=ewei_shop">6、了解个人购买记录，产品物流状态等</a>👈

<a href="http://mp.angelbeautyinc.com/test.html">7、其它问题（咨询客服）</a>👈 ;

2017-02-22 15:04:29 trace :
------------
String:
<xml><ToUserName><![CDATA[gh_fbee6dda34f1]]></ToUserName>
<FromUserName><![CDATA[o1Sf9wh6vHNzBtcODxBVyLMnuXAA]]></FromUserName>
<CreateTime>1487747479</CreateTime>
<MsgType><![CDATA[event]]></MsgType>
<Event><![CDATA[VIEW]]></Event>
<EventKey><![CDATA[http://mp.angelbeautyinc.com/app/index.php?i=8&c=entry&do=shop&m=ewei_shop]]></EventKey>
<MenuId>531616452</MenuId>
</xml>

2017-02-22 15:04:29 params :
------------
Array:
message : Array ;
module : basic ;
rule : 29 ;
priority : 0 ;
keyword : Array ;

2017-02-22 15:04:29 response :
------------
Array:
FromUserName : gh_fbee6dda34f1 ;
ToUserName : o1Sf9wh6vHNzBtcODxBVyLMnuXAA ;
MsgType : text ;
Content : 您是想咨询以下问题吗，请点击进入：
<a href="http://mp.angelbeautyinc.com/app/aboutus.html">1、了解公司的历史背景/专业度/企业文化</a>👈

<a href="http://mp.angelbeautyinc.com/app/index.php?i=8&c=entry&do=associate&m=lrj_guide">2、了解自己的亚健康情况</a>👈

<a href="http://mp.angelbeautyinc.com/app/index.php?i=8&c=entry&do=selfinspection&m=lrj_guide">3、全面掌握自己的健康状况，选择最适合自己的酵果菜谱</a>👈

<a href="http://mp.angelbeautyinc.com/app/index.php?i=8&c=entry&do=shop&m=ewei_shop">4、了解产品的成分、功能、适用症状、使用方法、注意事项，看看使用者的案例</a>👈

<a href="http://mp.angelbeautyinc.com/question2/index.html">5、查询产品的材料、制作、食用问题、效果等</a>👈

<a href="http://mp.angelbeautyinc.com/app/index.php?i=8&c=entry&do=member&m=ewei_shop">6、了解个人购买记录，产品物流状态等</a>👈

<a href="http://mp.angelbeautyinc.com/test.html">7、其它问题（咨询客服）</a>👈 ;

2017-02-22 15:11:44 trace :
------------
String:
<xml><ToUserName><![CDATA[gh_fbee6dda34f1]]></ToUserName>
<FromUserName><![CDATA[o1Sf9wkKBQehW95uXJpMpNu1EkCg]]></FromUserName>
<CreateTime>1487747914</CreateTime>
<MsgType><![CDATA[event]]></MsgType>
<Event><![CDATA[VIEW]]></Event>
<EventKey><![CDATA[http://mp.angelbeautyinc.com/app/index.php?i=8&c=entry&do=shop&m=ewei_shop]]></EventKey>
<MenuId>531616452</MenuId>
</xml>

2017-02-22 15:11:44 params :
------------
Array:
message : Array ;
module : basic ;
rule : 29 ;
priority : 0 ;
keyword : Array ;

2017-02-22 15:11:44 response :
------------
Array:
FromUserName : gh_fbee6dda34f1 ;
ToUserName : o1Sf9wkKBQehW95uXJpMpNu1EkCg ;
MsgType : text ;
Content : 您是想咨询以下问题吗，请点击进入：
<a href="http://mp.angelbeautyinc.com/app/aboutus.html">1、了解公司的历史背景/专业度/企业文化</a>👈

<a href="http://mp.angelbeautyinc.com/app/index.php?i=8&c=entry&do=associate&m=lrj_guide">2、了解自己的亚健康情况</a>👈

<a href="http://mp.angelbeautyinc.com/app/index.php?i=8&c=entry&do=selfinspection&m=lrj_guide">3、全面掌握自己的健康状况，选择最适合自己的酵果菜谱</a>👈

<a href="http://mp.angelbeautyinc.com/app/index.php?i=8&c=entry&do=shop&m=ewei_shop">4、了解产品的成分、功能、适用症状、使用方法、注意事项，看看使用者的案例</a>👈

<a href="http://mp.angelbeautyinc.com/question2/index.html">5、查询产品的材料、制作、食用问题、效果等</a>👈

<a href="http://mp.angelbeautyinc.com/app/index.php?i=8&c=entry&do=member&m=ewei_shop">6、了解个人购买记录，产品物流状态等</a>👈

<a href="http://mp.angelbeautyinc.com/test.html">7、其它问题（咨询客服）</a>👈 ;

2017-02-22 15:16:25 trace :
------------
String:
<xml><ToUserName><![CDATA[gh_fbee6dda34f1]]></ToUserName>
<FromUserName><![CDATA[o1Sf9wkKBQehW95uXJpMpNu1EkCg]]></FromUserName>
<CreateTime>1487748195</CreateTime>
<MsgType><![CDATA[event]]></MsgType>
<Event><![CDATA[VIEW]]></Event>
<EventKey><![CDATA[http://mp.angelbeautyinc.com/app/index.php?i=8&c=entry&do=shop&m=ewei_shop]]></EventKey>
<MenuId>531616452</MenuId>
</xml>

2017-02-22 15:16:25 params :
------------
Array:
message : Array ;
module : basic ;
rule : 29 ;
priority : 0 ;
keyword : Array ;

2017-02-22 15:16:25 response :
------------
Array:
FromUserName : gh_fbee6dda34f1 ;
ToUserName : o1Sf9wkKBQehW95uXJpMpNu1EkCg ;
MsgType : text ;
Content : 您是想咨询以下问题吗，请点击进入：
<a href="http://mp.angelbeautyinc.com/app/aboutus.html">1、了解公司的历史背景/专业度/企业文化</a>👈

<a href="http://mp.angelbeautyinc.com/app/index.php?i=8&c=entry&do=associate&m=lrj_guide">2、了解自己的亚健康情况</a>👈

<a href="http://mp.angelbeautyinc.com/app/index.php?i=8&c=entry&do=selfinspection&m=lrj_guide">3、全面掌握自己的健康状况，选择最适合自己的酵果菜谱</a>👈

<a href="http://mp.angelbeautyinc.com/app/index.php?i=8&c=entry&do=shop&m=ewei_shop">4、了解产品的成分、功能、适用症状、使用方法、注意事项，看看使用者的案例</a>👈

<a href="http://mp.angelbeautyinc.com/question2/index.html">5、查询产品的材料、制作、食用问题、效果等</a>👈

<a href="http://mp.angelbeautyinc.com/app/index.php?i=8&c=entry&do=member&m=ewei_shop">6、了解个人购买记录，产品物流状态等</a>👈

<a href="http://mp.angelbeautyinc.com/test.html">7、其它问题（咨询客服）</a>👈 ;

2017-02-22 15:34:30 trace :
------------
String:
<xml><ToUserName><![CDATA[gh_fbee6dda34f1]]></ToUserName>
<FromUserName><![CDATA[o1Sf9wh6vHNzBtcODxBVyLMnuXAA]]></FromUserName>
<CreateTime>1487749277</CreateTime>
<MsgType><![CDATA[event]]></MsgType>
<Event><![CDATA[VIEW]]></Event>
<EventKey><![CDATA[http://mp.angelbeautyinc.com/app/index.php?i=8&c=entry&do=shop&m=ewei_shop]]></EventKey>
<MenuId>531616452</MenuId>
</xml>

2017-02-22 15:34:30 params :
------------
Array:
message : Array ;
module : basic ;
rule : 29 ;
priority : 0 ;
keyword : Array ;

2017-02-22 15:34:30 response :
------------
Array:
FromUserName : gh_fbee6dda34f1 ;
ToUserName : o1Sf9wh6vHNzBtcODxBVyLMnuXAA ;
MsgType : text ;
Content : 您是想咨询以下问题吗，请点击进入：
<a href="http://mp.angelbeautyinc.com/app/aboutus.html">1、了解公司的历史背景/专业度/企业文化</a>👈

<a href="http://mp.angelbeautyinc.com/app/index.php?i=8&c=entry&do=associate&m=lrj_guide">2、了解自己的亚健康情况</a>👈

<a href="http://mp.angelbeautyinc.com/app/index.php?i=8&c=entry&do=selfinspection&m=lrj_guide">3、全面掌握自己的健康状况，选择最适合自己的酵果菜谱</a>👈

<a href="http://mp.angelbeautyinc.com/app/index.php?i=8&c=entry&do=shop&m=ewei_shop">4、了解产品的成分、功能、适用症状、使用方法、注意事项，看看使用者的案例</a>👈

<a href="http://mp.angelbeautyinc.com/question2/index.html">5、查询产品的材料、制作、食用问题、效果等</a>👈

<a href="http://mp.angelbeautyinc.com/app/index.php?i=8&c=entry&do=member&m=ewei_shop">6、了解个人购买记录，产品物流状态等</a>👈

<a href="http://mp.angelbeautyinc.com/test.html">7、其它问题（咨询客服）</a>👈 ;

2017-02-22 16:01:01 trace :
------------
String:
<xml><ToUserName><![CDATA[gh_fbee6dda34f1]]></ToUserName>
<FromUserName><![CDATA[o1Sf9wkKBQehW95uXJpMpNu1EkCg]]></FromUserName>
<CreateTime>1487750871</CreateTime>
<MsgType><![CDATA[event]]></MsgType>
<Event><![CDATA[VIEW]]></Event>
<EventKey><![CDATA[http://mp.angelbeautyinc.com/app/index.php?i=8&c=entry&do=shop&m=ewei_shop]]></EventKey>
<MenuId>531616452</MenuId>
</xml>

2017-02-22 16:01:01 params :
------------
Array:
message : Array ;
module : basic ;
rule : 29 ;
priority : 0 ;
keyword : Array ;

2017-02-22 16:01:01 response :
------------
Array:
FromUserName : gh_fbee6dda34f1 ;
ToUserName : o1Sf9wkKBQehW95uXJpMpNu1EkCg ;
MsgType : text ;
Content : 您是想咨询以下问题吗，请点击进入：
<a href="http://mp.angelbeautyinc.com/app/aboutus.html">1、了解公司的历史背景/专业度/企业文化</a>👈

<a href="http://mp.angelbeautyinc.com/app/index.php?i=8&c=entry&do=associate&m=lrj_guide">2、了解自己的亚健康情况</a>👈

<a href="http://mp.angelbeautyinc.com/app/index.php?i=8&c=entry&do=selfinspection&m=lrj_guide">3、全面掌握自己的健康状况，选择最适合自己的酵果菜谱</a>👈

<a href="http://mp.angelbeautyinc.com/app/index.php?i=8&c=entry&do=shop&m=ewei_shop">4、了解产品的成分、功能、适用症状、使用方法、注意事项，看看使用者的案例</a>👈

<a href="http://mp.angelbeautyinc.com/question2/index.html">5、查询产品的材料、制作、食用问题、效果等</a>👈

<a href="http://mp.angelbeautyinc.com/app/index.php?i=8&c=entry&do=member&m=ewei_shop">6、了解个人购买记录，产品物流状态等</a>👈

<a href="http://mp.angelbeautyinc.com/test.html">7、其它问题（咨询客服）</a>👈 ;

2017-02-22 16:38:12 trace :
------------
String:
<xml><ToUserName><![CDATA[gh_fbee6dda34f1]]></ToUserName>
<FromUserName><![CDATA[o1Sf9wh6vHNzBtcODxBVyLMnuXAA]]></FromUserName>
<CreateTime>1487753101</CreateTime>
<MsgType><![CDATA[event]]></MsgType>
<Event><![CDATA[VIEW]]></Event>
<EventKey><![CDATA[http://mp.angelbeautyinc.com/app/index.php?i=8&c=entry&do=shop&m=ewei_shop]]></EventKey>
<MenuId>531616452</MenuId>
</xml>

2017-02-22 16:38:12 params :
------------
Array:
message : Array ;
module : basic ;
rule : 29 ;
priority : 0 ;
keyword : Array ;

2017-02-22 16:38:12 response :
------------
Array:
FromUserName : gh_fbee6dda34f1 ;
ToUserName : o1Sf9wh6vHNzBtcODxBVyLMnuXAA ;
MsgType : text ;
Content : 您是想咨询以下问题吗，请点击进入：
<a href="http://mp.angelbeautyinc.com/app/aboutus.html">1、了解公司的历史背景/专业度/企业文化</a>👈

<a href="http://mp.angelbeautyinc.com/app/index.php?i=8&c=entry&do=associate&m=lrj_guide">2、了解自己的亚健康情况</a>👈

<a href="http://mp.angelbeautyinc.com/app/index.php?i=8&c=entry&do=selfinspection&m=lrj_guide">3、全面掌握自己的健康状况，选择最适合自己的酵果菜谱</a>👈

<a href="http://mp.angelbeautyinc.com/app/index.php?i=8&c=entry&do=shop&m=ewei_shop">4、了解产品的成分、功能、适用症状、使用方法、注意事项，看看使用者的案例</a>👈

<a href="http://mp.angelbeautyinc.com/question2/index.html">5、查询产品的材料、制作、食用问题、效果等</a>👈

<a href="http://mp.angelbeautyinc.com/app/index.php?i=8&c=entry&do=member&m=ewei_shop">6、了解个人购买记录，产品物流状态等</a>👈

<a href="http://mp.angelbeautyinc.com/test.html">7、其它问题（咨询客服）</a>👈 ;

2017-02-22 16:38:59 trace :
------------
String:
<xml><ToUserName><![CDATA[gh_fbee6dda34f1]]></ToUserName>
<FromUserName><![CDATA[o1Sf9wh6vHNzBtcODxBVyLMnuXAA]]></FromUserName>
<CreateTime>1487753148</CreateTime>
<MsgType><![CDATA[text]]></MsgType>
<Content><![CDATA[。]]></Content>
<MsgId>6389851115712819304</MsgId>
</xml>

2017-02-22 16:38:59 params :
------------
Array:
message : Array ;
module : basic ;
rule : 29 ;
priority : 0 ;
keyword : Array ;

2017-02-22 16:38:59 response :
------------
Array:
FromUserName : gh_fbee6dda34f1 ;
ToUserName : o1Sf9wh6vHNzBtcODxBVyLMnuXAA ;
MsgType : text ;
Content : 您是想咨询以下问题吗，请点击进入：
<a href="http://mp.angelbeautyinc.com/app/aboutus.html">1、了解公司的历史背景/专业度/企业文化</a>👈

<a href="http://mp.angelbeautyinc.com/app/index.php?i=8&c=entry&do=associate&m=lrj_guide">2、了解自己的亚健康情况</a>👈

<a href="http://mp.angelbeautyinc.com/app/index.php?i=8&c=entry&do=selfinspection&m=lrj_guide">3、全面掌握自己的健康状况，选择最适合自己的酵果菜谱</a>👈

<a href="http://mp.angelbeautyinc.com/app/index.php?i=8&c=entry&do=shop&m=ewei_shop">4、了解产品的成分、功能、适用症状、使用方法、注意事项，看看使用者的案例</a>👈

<a href="http://mp.angelbeautyinc.com/question2/index.html">5、查询产品的材料、制作、食用问题、效果等</a>👈

<a href="http://mp.angelbeautyinc.com/app/index.php?i=8&c=entry&do=member&m=ewei_shop">6、了解个人购买记录，产品物流状态等</a>👈

<a href="http://mp.angelbeautyinc.com/test.html">7、其它问题（咨询客服）</a>👈 ;

2017-02-22 16:46:01 trace :
------------
String:
<xml><ToUserName><![CDATA[gh_fbee6dda34f1]]></ToUserName>
<FromUserName><![CDATA[o1Sf9wkKBQehW95uXJpMpNu1EkCg]]></FromUserName>
<CreateTime>1487753571</CreateTime>
<MsgType><![CDATA[event]]></MsgType>
<Event><![CDATA[VIEW]]></Event>
<EventKey><![CDATA[http://mp.angelbeautyinc.com/app/index.php?i=8&c=entry&do=shop&m=ewei_shop]]></EventKey>
<MenuId>531616452</MenuId>
</xml>

2017-02-22 16:46:02 params :
------------
Array:
message : Array ;
module : basic ;
rule : 29 ;
priority : 0 ;
keyword : Array ;

2017-02-22 16:46:02 response :
------------
Array:
FromUserName : gh_fbee6dda34f1 ;
ToUserName : o1Sf9wkKBQehW95uXJpMpNu1EkCg ;
MsgType : text ;
Content : 您是想咨询以下问题吗，请点击进入：
<a href="http://mp.angelbeautyinc.com/app/aboutus.html">1、了解公司的历史背景/专业度/企业文化</a>👈

<a href="http://mp.angelbeautyinc.com/app/index.php?i=8&c=entry&do=associate&m=lrj_guide">2、了解自己的亚健康情况</a>👈

<a href="http://mp.angelbeautyinc.com/app/index.php?i=8&c=entry&do=selfinspection&m=lrj_guide">3、全面掌握自己的健康状况，选择最适合自己的酵果菜谱</a>👈

<a href="http://mp.angelbeautyinc.com/app/index.php?i=8&c=entry&do=shop&m=ewei_shop">4、了解产品的成分、功能、适用症状、使用方法、注意事项，看看使用者的案例</a>👈

<a href="http://mp.angelbeautyinc.com/question2/index.html">5、查询产品的材料、制作、食用问题、效果等</a>👈

<a href="http://mp.angelbeautyinc.com/app/index.php?i=8&c=entry&do=member&m=ewei_shop">6、了解个人购买记录，产品物流状态等</a>👈

<a href="http://mp.angelbeautyinc.com/test.html">7、其它问题（咨询客服）</a>👈 ;

2017-02-22 16:52:28 trace :
------------
String:
<xml><ToUserName><![CDATA[gh_fbee6dda34f1]]></ToUserName>
<FromUserName><![CDATA[o1Sf9wkKBQehW95uXJpMpNu1EkCg]]></FromUserName>
<CreateTime>1487753957</CreateTime>
<MsgType><![CDATA[event]]></MsgType>
<Event><![CDATA[VIEW]]></Event>
<EventKey><![CDATA[http://mp.angelbeautyinc.com/app/index.php?i=8&c=entry&do=selfinspection&m=lrj_guide]]></EventKey>
<MenuId>531616452</MenuId>
</xml>

2017-02-22 16:52:28 params :
------------
Array:
message : Array ;
module : basic ;
rule : 29 ;
priority : 0 ;
keyword : Array ;

2017-02-22 16:52:28 response :
------------
Array:
FromUserName : gh_fbee6dda34f1 ;
ToUserName : o1Sf9wkKBQehW95uXJpMpNu1EkCg ;
MsgType : text ;
Content : 您是想咨询以下问题吗，请点击进入：
<a href="http://mp.angelbeautyinc.com/app/aboutus.html">1、了解公司的历史背景/专业度/企业文化</a>👈

<a href="http://mp.angelbeautyinc.com/app/index.php?i=8&c=entry&do=associate&m=lrj_guide">2、了解自己的亚健康情况</a>👈

<a href="http://mp.angelbeautyinc.com/app/index.php?i=8&c=entry&do=selfinspection&m=lrj_guide">3、全面掌握自己的健康状况，选择最适合自己的酵果菜谱</a>👈

<a href="http://mp.angelbeautyinc.com/app/index.php?i=8&c=entry&do=shop&m=ewei_shop">4、了解产品的成分、功能、适用症状、使用方法、注意事项，看看使用者的案例</a>👈

<a href="http://mp.angelbeautyinc.com/question2/index.html">5、查询产品的材料、制作、食用问题、效果等</a>👈

<a href="http://mp.angelbeautyinc.com/app/index.php?i=8&c=entry&do=member&m=ewei_shop">6、了解个人购买记录，产品物流状态等</a>👈

<a href="http://mp.angelbeautyinc.com/test.html">7、其它问题（咨询客服）</a>👈 ;

2017-02-22 16:59:38 trace :
------------
String:
<xml><ToUserName><![CDATA[gh_fbee6dda34f1]]></ToUserName>
<FromUserName><![CDATA[o1Sf9wkKBQehW95uXJpMpNu1EkCg]]></FromUserName>
<CreateTime>1487754388</CreateTime>
<MsgType><![CDATA[event]]></MsgType>
<Event><![CDATA[VIEW]]></Event>
<EventKey><![CDATA[http://mp.angelbeautyinc.com/app/index.php?i=8&c=entry&do=shop&m=ewei_shop]]></EventKey>
<MenuId>531616452</MenuId>
</xml>

2017-02-22 16:59:38 params :
------------
Array:
message : Array ;
module : basic ;
rule : 29 ;
priority : 0 ;
keyword : Array ;

2017-02-22 16:59:38 response :
------------
Array:
FromUserName : gh_fbee6dda34f1 ;
ToUserName : o1Sf9wkKBQehW95uXJpMpNu1EkCg ;
MsgType : text ;
Content : 您是想咨询以下问题吗，请点击进入：
<a href="http://mp.angelbeautyinc.com/app/aboutus.html">1、了解公司的历史背景/专业度/企业文化</a>👈

<a href="http://mp.angelbeautyinc.com/app/index.php?i=8&c=entry&do=associate&m=lrj_guide">2、了解自己的亚健康情况</a>👈

<a href="http://mp.angelbeautyinc.com/app/index.php?i=8&c=entry&do=selfinspection&m=lrj_guide">3、全面掌握自己的健康状况，选择最适合自己的酵果菜谱</a>👈

<a href="http://mp.angelbeautyinc.com/app/index.php?i=8&c=entry&do=shop&m=ewei_shop">4、了解产品的成分、功能、适用症状、使用方法、注意事项，看看使用者的案例</a>👈

<a href="http://mp.angelbeautyinc.com/question2/index.html">5、查询产品的材料、制作、食用问题、效果等</a>👈

<a href="http://mp.angelbeautyinc.com/app/index.php?i=8&c=entry&do=member&m=ewei_shop">6、了解个人购买记录，产品物流状态等</a>👈

<a href="http://mp.angelbeautyinc.com/test.html">7、其它问题（咨询客服）</a>👈 ;

2017-02-22 17:16:28 trace :
------------
String:
<xml><ToUserName><![CDATA[gh_fbee6dda34f1]]></ToUserName>
<FromUserName><![CDATA[o1Sf9wkKBQehW95uXJpMpNu1EkCg]]></FromUserName>
<CreateTime>1487755396</CreateTime>
<MsgType><![CDATA[event]]></MsgType>
<Event><![CDATA[VIEW]]></Event>
<EventKey><![CDATA[http://mp.angelbeautyinc.com/app/index.php?i=8&c=entry&do=shop&m=ewei_shop]]></EventKey>
<MenuId>531616452</MenuId>
</xml>

2017-02-22 17:16:28 params :
------------
Array:
message : Array ;
module : basic ;
rule : 29 ;
priority : 0 ;
keyword : Array ;

2017-02-22 17:16:28 response :
------------
Array:
FromUserName : gh_fbee6dda34f1 ;
ToUserName : o1Sf9wkKBQehW95uXJpMpNu1EkCg ;
MsgType : text ;
Content : 您是想咨询以下问题吗，请点击进入：
<a href="http://mp.angelbeautyinc.com/app/aboutus.html">1、了解公司的历史背景/专业度/企业文化</a>👈

<a href="http://mp.angelbeautyinc.com/app/index.php?i=8&c=entry&do=associate&m=lrj_guide">2、了解自己的亚健康情况</a>👈

<a href="http://mp.angelbeautyinc.com/app/index.php?i=8&c=entry&do=selfinspection&m=lrj_guide">3、全面掌握自己的健康状况，选择最适合自己的酵果菜谱</a>👈

<a href="http://mp.angelbeautyinc.com/app/index.php?i=8&c=entry&do=shop&m=ewei_shop">4、了解产品的成分、功能、适用症状、使用方法、注意事项，看看使用者的案例</a>👈

<a href="http://mp.angelbeautyinc.com/question2/index.html">5、查询产品的材料、制作、食用问题、效果等</a>👈

<a href="http://mp.angelbeautyinc.com/app/index.php?i=8&c=entry&do=member&m=ewei_shop">6、了解个人购买记录，产品物流状态等</a>👈

<a href="http://mp.angelbeautyinc.com/test.html">7、其它问题（咨询客服）</a>👈 ;

2017-02-22 17:23:04 trace :
------------
String:
<xml><ToUserName><![CDATA[gh_fbee6dda34f1]]></ToUserName>
<FromUserName><![CDATA[o1Sf9wkKBQehW95uXJpMpNu1EkCg]]></FromUserName>
<CreateTime>1487755793</CreateTime>
<MsgType><![CDATA[event]]></MsgType>
<Event><![CDATA[VIEW]]></Event>
<EventKey><![CDATA[http://mp.angelbeautyinc.com/app/index.php?i=8&c=entry&do=shop&m=ewei_shop]]></EventKey>
<MenuId>531616452</MenuId>
</xml>

2017-02-22 17:23:04 params :
------------
Array:
message : Array ;
module : basic ;
rule : 29 ;
priority : 0 ;
keyword : Array ;

2017-02-22 17:23:04 response :
------------
Array:
FromUserName : gh_fbee6dda34f1 ;
ToUserName : o1Sf9wkKBQehW95uXJpMpNu1EkCg ;
MsgType : text ;
Content : 您是想咨询以下问题吗，请点击进入：
<a href="http://mp.angelbeautyinc.com/app/aboutus.html">1、了解公司的历史背景/专业度/企业文化</a>👈

<a href="http://mp.angelbeautyinc.com/app/index.php?i=8&c=entry&do=associate&m=lrj_guide">2、了解自己的亚健康情况</a>👈

<a href="http://mp.angelbeautyinc.com/app/index.php?i=8&c=entry&do=selfinspection&m=lrj_guide">3、全面掌握自己的健康状况，选择最适合自己的酵果菜谱</a>👈

<a href="http://mp.angelbeautyinc.com/app/index.php?i=8&c=entry&do=shop&m=ewei_shop">4、了解产品的成分、功能、适用症状、使用方法、注意事项，看看使用者的案例</a>👈

<a href="http://mp.angelbeautyinc.com/question2/index.html">5、查询产品的材料、制作、食用问题、效果等</a>👈

<a href="http://mp.angelbeautyinc.com/app/index.php?i=8&c=entry&do=member&m=ewei_shop">6、了解个人购买记录，产品物流状态等</a>👈

<a href="http://mp.angelbeautyinc.com/test.html">7、其它问题（咨询客服）</a>👈 ;

2017-02-22 17:34:43 trace :
------------
String:
<xml><ToUserName><![CDATA[gh_fbee6dda34f1]]></ToUserName>
<FromUserName><![CDATA[o1Sf9wkKBQehW95uXJpMpNu1EkCg]]></FromUserName>
<CreateTime>1487756491</CreateTime>
<MsgType><![CDATA[event]]></MsgType>
<Event><![CDATA[VIEW]]></Event>
<EventKey><![CDATA[http://mp.angelbeautyinc.com/app/index.php?i=8&c=entry&do=selfinspection&m=lrj_guide]]></EventKey>
<MenuId>531616452</MenuId>
</xml>

2017-02-22 17:34:43 params :
------------
Array:
message : Array ;
module : basic ;
rule : 29 ;
priority : 0 ;
keyword : Array ;

2017-02-22 17:34:43 response :
------------
Array:
FromUserName : gh_fbee6dda34f1 ;
ToUserName : o1Sf9wkKBQehW95uXJpMpNu1EkCg ;
MsgType : text ;
Content : 您是想咨询以下问题吗，请点击进入：
<a href="http://mp.angelbeautyinc.com/app/aboutus.html">1、了解公司的历史背景/专业度/企业文化</a>👈

<a href="http://mp.angelbeautyinc.com/app/index.php?i=8&c=entry&do=associate&m=lrj_guide">2、了解自己的亚健康情况</a>👈

<a href="http://mp.angelbeautyinc.com/app/index.php?i=8&c=entry&do=selfinspection&m=lrj_guide">3、全面掌握自己的健康状况，选择最适合自己的酵果菜谱</a>👈

<a href="http://mp.angelbeautyinc.com/app/index.php?i=8&c=entry&do=shop&m=ewei_shop">4、了解产品的成分、功能、适用症状、使用方法、注意事项，看看使用者的案例</a>👈

<a href="http://mp.angelbeautyinc.com/question2/index.html">5、查询产品的材料、制作、食用问题、效果等</a>👈

<a href="http://mp.angelbeautyinc.com/app/index.php?i=8&c=entry&do=member&m=ewei_shop">6、了解个人购买记录，产品物流状态等</a>👈

<a href="http://mp.angelbeautyinc.com/test.html">7、其它问题（咨询客服）</a>👈 ;

2017-02-22 17:36:38 trace :
------------
String:
<xml><ToUserName><![CDATA[gh_fbee6dda34f1]]></ToUserName>
<FromUserName><![CDATA[o1Sf9wkKBQehW95uXJpMpNu1EkCg]]></FromUserName>
<CreateTime>1487756607</CreateTime>
<MsgType><![CDATA[event]]></MsgType>
<Event><![CDATA[VIEW]]></Event>
<EventKey><![CDATA[http://mp.angelbeautyinc.com/app/index.php?i=8&c=entry&do=shop&m=ewei_shop]]></EventKey>
<MenuId>531616452</MenuId>
</xml>

2017-02-22 17:36:38 params :
------------
Array:
message : Array ;
module : basic ;
rule : 29 ;
priority : 0 ;
keyword : Array ;

2017-02-22 17:36:38 response :
------------
Array:
FromUserName : gh_fbee6dda34f1 ;
ToUserName : o1Sf9wkKBQehW95uXJpMpNu1EkCg ;
MsgType : text ;
Content : 您是想咨询以下问题吗，请点击进入：
<a href="http://mp.angelbeautyinc.com/app/aboutus.html">1、了解公司的历史背景/专业度/企业文化</a>👈

<a href="http://mp.angelbeautyinc.com/app/index.php?i=8&c=entry&do=associate&m=lrj_guide">2、了解自己的亚健康情况</a>👈

<a href="http://mp.angelbeautyinc.com/app/index.php?i=8&c=entry&do=selfinspection&m=lrj_guide">3、全面掌握自己的健康状况，选择最适合自己的酵果菜谱</a>👈

<a href="http://mp.angelbeautyinc.com/app/index.php?i=8&c=entry&do=shop&m=ewei_shop">4、了解产品的成分、功能、适用症状、使用方法、注意事项，看看使用者的案例</a>👈

<a href="http://mp.angelbeautyinc.com/question2/index.html">5、查询产品的材料、制作、食用问题、效果等</a>👈

<a href="http://mp.angelbeautyinc.com/app/index.php?i=8&c=entry&do=member&m=ewei_shop">6、了解个人购买记录，产品物流状态等</a>👈

<a href="http://mp.angelbeautyinc.com/test.html">7、其它问题（咨询客服）</a>👈 ;

2017-02-22 17:46:17 trace :
------------
String:
<xml><ToUserName><![CDATA[gh_fbee6dda34f1]]></ToUserName>
<FromUserName><![CDATA[o1Sf9wkKBQehW95uXJpMpNu1EkCg]]></FromUserName>
<CreateTime>1487757185</CreateTime>
<MsgType><![CDATA[event]]></MsgType>
<Event><![CDATA[VIEW]]></Event>
<EventKey><![CDATA[http://mp.angelbeautyinc.com/app/index.php?i=8&c=entry&do=selfinspection&m=lrj_guide]]></EventKey>
<MenuId>531616452</MenuId>
</xml>

2017-02-22 17:46:17 params :
------------
Array:
message : Array ;
module : basic ;
rule : 29 ;
priority : 0 ;
keyword : Array ;

2017-02-22 17:46:17 response :
------------
Array:
FromUserName : gh_fbee6dda34f1 ;
ToUserName : o1Sf9wkKBQehW95uXJpMpNu1EkCg ;
MsgType : text ;
Content : 您是想咨询以下问题吗，请点击进入：
<a href="http://mp.angelbeautyinc.com/app/aboutus.html">1、了解公司的历史背景/专业度/企业文化</a>👈

<a href="http://mp.angelbeautyinc.com/app/index.php?i=8&c=entry&do=associate&m=lrj_guide">2、了解自己的亚健康情况</a>👈

<a href="http://mp.angelbeautyinc.com/app/index.php?i=8&c=entry&do=selfinspection&m=lrj_guide">3、全面掌握自己的健康状况，选择最适合自己的酵果菜谱</a>👈

<a href="http://mp.angelbeautyinc.com/app/index.php?i=8&c=entry&do=shop&m=ewei_shop">4、了解产品的成分、功能、适用症状、使用方法、注意事项，看看使用者的案例</a>👈

<a href="http://mp.angelbeautyinc.com/question2/index.html">5、查询产品的材料、制作、食用问题、效果等</a>👈

<a href="http://mp.angelbeautyinc.com/app/index.php?i=8&c=entry&do=member&m=ewei_shop">6、了解个人购买记录，产品物流状态等</a>👈

<a href="http://mp.angelbeautyinc.com/test.html">7、其它问题（咨询客服）</a>👈 ;

