2017-02-06 09:39:27 trace :
------------
String:
<xml><ToUserName><![CDATA[gh_fbee6dda34f1]]></ToUserName>
<FromUserName><![CDATA[o1Sf9wiVbAE8eTBHl_teVBY0UTOU]]></FromUserName>
<CreateTime>1486345550</CreateTime>
<MsgType><![CDATA[event]]></MsgType>
<Event><![CDATA[VIEW]]></Event>
<EventKey><![CDATA[http://mp.angelbeautyinc.com/app/aboutus.html#brand]]></EventKey>
<MenuId>530471859</MenuId>
</xml>

2017-02-06 09:39:27 params :
------------
Array:
rule : -2 ;
module :  ;
message : Array ;

2017-02-06 09:39:27 response :
------------

2017-02-06 09:40:33 trace :
------------
String:
<xml><ToUserName><![CDATA[gh_fbee6dda34f1]]></ToUserName>
<FromUserName><![CDATA[o1Sf9wiVbAE8eTBHl_teVBY0UTOU]]></FromUserName>
<CreateTime>1486345616</CreateTime>
<MsgType><![CDATA[event]]></MsgType>
<Event><![CDATA[unsubscribe]]></Event>
<EventKey><![CDATA[]]></EventKey>
</xml>

2017-02-06 11:19:52 trace :
------------
String:
<xml><ToUserName><![CDATA[gh_fbee6dda34f1]]></ToUserName>
<FromUserName><![CDATA[o1Sf9wq9-7s7877JgAN7ZfKiCUC0]]></FromUserName>
<CreateTime>1486351575</CreateTime>
<MsgType><![CDATA[event]]></MsgType>
<Event><![CDATA[subscribe]]></Event>
<EventKey><![CDATA[]]></EventKey>
</xml>

2017-02-06 11:19:53 params :
------------
Array:
message : Array ;
module : news ;
rule : 26 ;
priority : 0 ;
keyword : Array ;

2017-02-06 11:19:53 response :
------------
Array:
FromUserName : gh_fbee6dda34f1 ;
ToUserName : o1Sf9wq9-7s7877JgAN7ZfKiCUC0 ;
MsgType : news ;
ArticleCount : 1 ;
Articles : Array ;

2017-02-06 11:23:12 trace :
------------
String:
<xml><ToUserName><![CDATA[gh_fbee6dda34f1]]></ToUserName>
<FromUserName><![CDATA[o1Sf9wgmaqIL_VPFQSEHCTYz3YZ0]]></FromUserName>
<CreateTime>1486351775</CreateTime>
<MsgType><![CDATA[event]]></MsgType>
<Event><![CDATA[VIEW]]></Event>
<EventKey><![CDATA[http://mp.angelbeautyinc.com/app/index.php?i=8&c=entry&do=member&m=ewei_shop]]></EventKey>
<MenuId>530471859</MenuId>
</xml>

2017-02-06 11:23:12 params :
------------
Array:
rule : -2 ;
module :  ;
message : Array ;

2017-02-06 11:23:12 response :
------------

2017-02-06 11:26:50 trace :
------------
String:
<xml><ToUserName><![CDATA[gh_fbee6dda34f1]]></ToUserName>
<FromUserName><![CDATA[o1Sf9wkvv4eVDCD0oVQvAv2bfU7M]]></FromUserName>
<CreateTime>1486351993</CreateTime>
<MsgType><![CDATA[event]]></MsgType>
<Event><![CDATA[VIEW]]></Event>
<EventKey><![CDATA[http://mp.angelbeautyinc.com/app/index.php?i=8&c=entry&do=associate&m=lrj_guide]]></EventKey>
<MenuId>530471859</MenuId>
</xml>

2017-02-06 11:26:50 params :
------------
Array:
rule : -2 ;
module :  ;
message : Array ;

2017-02-06 11:26:50 response :
------------

2017-02-06 11:28:14 trace :
------------
String:
<xml><ToUserName><![CDATA[gh_fbee6dda34f1]]></ToUserName>
<FromUserName><![CDATA[o1Sf9wgmaqIL_VPFQSEHCTYz3YZ0]]></FromUserName>
<CreateTime>1486352076</CreateTime>
<MsgType><![CDATA[event]]></MsgType>
<Event><![CDATA[unsubscribe]]></Event>
<EventKey><![CDATA[]]></EventKey>
</xml>

2017-02-06 11:28:38 trace :
------------
String:
<xml><ToUserName><![CDATA[gh_fbee6dda34f1]]></ToUserName>
<FromUserName><![CDATA[o1Sf9wgmaqIL_VPFQSEHCTYz3YZ0]]></FromUserName>
<CreateTime>1486352100</CreateTime>
<MsgType><![CDATA[event]]></MsgType>
<Event><![CDATA[subscribe]]></Event>
<EventKey><![CDATA[]]></EventKey>
</xml>

2017-02-06 11:28:38 params :
------------
Array:
message : Array ;
module : news ;
rule : 26 ;
priority : 0 ;
keyword : Array ;

2017-02-06 11:28:38 response :
------------
Array:
FromUserName : gh_fbee6dda34f1 ;
ToUserName : o1Sf9wgmaqIL_VPFQSEHCTYz3YZ0 ;
MsgType : news ;
ArticleCount : 1 ;
Articles : Array ;

2017-02-06 11:28:54 trace :
------------
String:
<xml><ToUserName><![CDATA[gh_fbee6dda34f1]]></ToUserName>
<FromUserName><![CDATA[o1Sf9wm6PsrvETtINfvs_UYkQwKc]]></FromUserName>
<CreateTime>1486352116</CreateTime>
<MsgType><![CDATA[event]]></MsgType>
<Event><![CDATA[subscribe]]></Event>
<EventKey><![CDATA[]]></EventKey>
</xml>

2017-02-06 11:28:54 params :
------------
Array:
message : Array ;
module : news ;
rule : 26 ;
priority : 0 ;
keyword : Array ;

2017-02-06 11:28:54 response :
------------
Array:
FromUserName : gh_fbee6dda34f1 ;
ToUserName : o1Sf9wm6PsrvETtINfvs_UYkQwKc ;
MsgType : news ;
ArticleCount : 1 ;
Articles : Array ;

2017-02-06 11:29:04 trace :
------------
String:
<xml><ToUserName><![CDATA[gh_fbee6dda34f1]]></ToUserName>
<FromUserName><![CDATA[o1Sf9wgmaqIL_VPFQSEHCTYz3YZ0]]></FromUserName>
<CreateTime>1486352126</CreateTime>
<MsgType><![CDATA[event]]></MsgType>
<Event><![CDATA[unsubscribe]]></Event>
<EventKey><![CDATA[]]></EventKey>
</xml>

2017-02-06 11:30:37 trace :
------------
String:
<xml><ToUserName><![CDATA[gh_fbee6dda34f1]]></ToUserName>
<FromUserName><![CDATA[o1Sf9wgmaqIL_VPFQSEHCTYz3YZ0]]></FromUserName>
<CreateTime>1486352219</CreateTime>
<MsgType><![CDATA[event]]></MsgType>
<Event><![CDATA[subscribe]]></Event>
<EventKey><![CDATA[]]></EventKey>
</xml>

2017-02-06 11:30:37 params :
------------
Array:
message : Array ;
module : news ;
rule : 26 ;
priority : 0 ;
keyword : Array ;

2017-02-06 11:30:37 response :
------------
Array:
FromUserName : gh_fbee6dda34f1 ;
ToUserName : o1Sf9wgmaqIL_VPFQSEHCTYz3YZ0 ;
MsgType : news ;
ArticleCount : 1 ;
Articles : Array ;

2017-02-06 11:37:23 trace :
------------
String:
<xml><ToUserName><![CDATA[gh_fbee6dda34f1]]></ToUserName>
<FromUserName><![CDATA[o1Sf9wq9-7s7877JgAN7ZfKiCUC0]]></FromUserName>
<CreateTime>1486352625</CreateTime>
<MsgType><![CDATA[event]]></MsgType>
<Event><![CDATA[VIEW]]></Event>
<EventKey><![CDATA[http://mp.angelbeautyinc.com/app/aboutus.html#enterprise]]></EventKey>
<MenuId>530471859</MenuId>
</xml>

2017-02-06 11:37:23 params :
------------
Array:
rule : -2 ;
module :  ;
message : Array ;

2017-02-06 11:37:23 response :
------------

2017-02-06 11:37:56 trace :
------------
String:
<xml><ToUserName><![CDATA[gh_fbee6dda34f1]]></ToUserName>
<FromUserName><![CDATA[o1Sf9wq9-7s7877JgAN7ZfKiCUC0]]></FromUserName>
<CreateTime>1486352659</CreateTime>
<MsgType><![CDATA[event]]></MsgType>
<Event><![CDATA[VIEW]]></Event>
<EventKey><![CDATA[http://mp.angelbeautyinc.com/app/aboutus.html#culture]]></EventKey>
<MenuId>530471859</MenuId>
</xml>

2017-02-06 11:37:56 params :
------------
Array:
rule : -2 ;
module :  ;
message : Array ;

2017-02-06 11:37:56 response :
------------

2017-02-06 11:40:22 trace :
------------
String:
<xml><ToUserName><![CDATA[gh_fbee6dda34f1]]></ToUserName>
<FromUserName><![CDATA[o1Sf9wgmaqIL_VPFQSEHCTYz3YZ0]]></FromUserName>
<CreateTime>1486352801</CreateTime>
<MsgType><![CDATA[event]]></MsgType>
<Event><![CDATA[VIEW]]></Event>
<EventKey><![CDATA[http://mp.angelbeautyinc.com/app/aboutus.html#enterprise]]></EventKey>
<MenuId>530471859</MenuId>
</xml>

2017-02-06 11:40:22 params :
------------
Array:
rule : -2 ;
module :  ;
message : Array ;

2017-02-06 11:40:22 response :
------------

2017-02-06 11:40:28 trace :
------------
String:
<xml><ToUserName><![CDATA[gh_fbee6dda34f1]]></ToUserName>
<FromUserName><![CDATA[o1Sf9wgmaqIL_VPFQSEHCTYz3YZ0]]></FromUserName>
<CreateTime>1486352810</CreateTime>
<MsgType><![CDATA[event]]></MsgType>
<Event><![CDATA[VIEW]]></Event>
<EventKey><![CDATA[http://mp.angelbeautyinc.com/app/index.php?i=8&c=entry&do=shop&m=ewei_shop]]></EventKey>
<MenuId>530471859</MenuId>
</xml>

2017-02-06 11:40:28 params :
------------
Array:
rule : -2 ;
module :  ;
message : Array ;

2017-02-06 11:40:28 response :
------------

2017-02-06 11:40:28 trace :
------------
String:
<xml><ToUserName><![CDATA[gh_fbee6dda34f1]]></ToUserName>
<FromUserName><![CDATA[o1Sf9wq9-7s7877JgAN7ZfKiCUC0]]></FromUserName>
<CreateTime>1486352811</CreateTime>
<MsgType><![CDATA[event]]></MsgType>
<Event><![CDATA[VIEW]]></Event>
<EventKey><![CDATA[http://mp.angelbeautyinc.com/app/aboutus.html#enterprise]]></EventKey>
<MenuId>530471859</MenuId>
</xml>

2017-02-06 11:40:28 params :
------------
Array:
rule : -2 ;
module :  ;
message : Array ;

2017-02-06 11:40:28 response :
------------

2017-02-06 11:40:45 trace :
------------
String:
<xml><ToUserName><![CDATA[gh_fbee6dda34f1]]></ToUserName>
<FromUserName><![CDATA[o1Sf9wq9-7s7877JgAN7ZfKiCUC0]]></FromUserName>
<CreateTime>1486352827</CreateTime>
<MsgType><![CDATA[event]]></MsgType>
<Event><![CDATA[VIEW]]></Event>
<EventKey><![CDATA[http://mp.angelbeautyinc.com/app/aboutus.html#enterprise]]></EventKey>
<MenuId>530471859</MenuId>
</xml>

2017-02-06 11:40:45 params :
------------
Array:
rule : -2 ;
module :  ;
message : Array ;

2017-02-06 11:40:45 response :
------------

2017-02-06 11:41:32 trace :
------------
String:
<xml><ToUserName><![CDATA[gh_fbee6dda34f1]]></ToUserName>
<FromUserName><![CDATA[o1Sf9wq9-7s7877JgAN7ZfKiCUC0]]></FromUserName>
<CreateTime>1486352874</CreateTime>
<MsgType><![CDATA[event]]></MsgType>
<Event><![CDATA[VIEW]]></Event>
<EventKey><![CDATA[http://mp.angelbeautyinc.com/app/aboutus.html#culture]]></EventKey>
<MenuId>530471859</MenuId>
</xml>

2017-02-06 11:41:32 params :
------------
Array:
rule : -2 ;
module :  ;
message : Array ;

2017-02-06 11:41:32 response :
------------

2017-02-06 11:41:38 trace :
------------
String:
<xml><ToUserName><![CDATA[gh_fbee6dda34f1]]></ToUserName>
<FromUserName><![CDATA[o1Sf9wq9-7s7877JgAN7ZfKiCUC0]]></FromUserName>
<CreateTime>1486352880</CreateTime>
<MsgType><![CDATA[event]]></MsgType>
<Event><![CDATA[VIEW]]></Event>
<EventKey><![CDATA[http://mp.angelbeautyinc.com/app/aboutus.html#enterprise]]></EventKey>
<MenuId>530471859</MenuId>
</xml>

2017-02-06 11:41:38 params :
------------
Array:
rule : -2 ;
module :  ;
message : Array ;

2017-02-06 11:41:38 response :
------------

2017-02-06 11:41:44 trace :
------------
String:
<xml><ToUserName><![CDATA[gh_fbee6dda34f1]]></ToUserName>
<FromUserName><![CDATA[o1Sf9wq9-7s7877JgAN7ZfKiCUC0]]></FromUserName>
<CreateTime>1486352886</CreateTime>
<MsgType><![CDATA[event]]></MsgType>
<Event><![CDATA[VIEW]]></Event>
<EventKey><![CDATA[http://mp.angelbeautyinc.com/app/index.php?i=8&c=entry&do=shop&m=ewei_shop]]></EventKey>
<MenuId>530471859</MenuId>
</xml>

2017-02-06 11:41:44 params :
------------
Array:
rule : -2 ;
module :  ;
message : Array ;

2017-02-06 11:41:44 response :
------------

2017-02-06 11:48:15 trace :
------------
String:
<xml><ToUserName><![CDATA[gh_fbee6dda34f1]]></ToUserName>
<FromUserName><![CDATA[o1Sf9wq9-7s7877JgAN7ZfKiCUC0]]></FromUserName>
<CreateTime>1486353277</CreateTime>
<MsgType><![CDATA[event]]></MsgType>
<Event><![CDATA[VIEW]]></Event>
<EventKey><![CDATA[http://mp.angelbeautyinc.com/app/aboutus.html#enterprise]]></EventKey>
<MenuId>530471859</MenuId>
</xml>

2017-02-06 11:48:15 params :
------------
Array:
rule : -2 ;
module :  ;
message : Array ;

2017-02-06 11:48:15 response :
------------

2017-02-06 11:48:19 trace :
------------
String:
<xml><ToUserName><![CDATA[gh_fbee6dda34f1]]></ToUserName>
<FromUserName><![CDATA[o1Sf9wq9-7s7877JgAN7ZfKiCUC0]]></FromUserName>
<CreateTime>1486353281</CreateTime>
<MsgType><![CDATA[event]]></MsgType>
<Event><![CDATA[VIEW]]></Event>
<EventKey><![CDATA[http://mp.angelbeautyinc.com/app/aboutus.html#culture]]></EventKey>
<MenuId>530471859</MenuId>
</xml>

2017-02-06 11:48:19 params :
------------
Array:
rule : -2 ;
module :  ;
message : Array ;

2017-02-06 11:48:19 response :
------------

2017-02-06 11:48:30 trace :
------------
String:
<xml><ToUserName><![CDATA[gh_fbee6dda34f1]]></ToUserName>
<FromUserName><![CDATA[o1Sf9wq9-7s7877JgAN7ZfKiCUC0]]></FromUserName>
<CreateTime>1486353292</CreateTime>
<MsgType><![CDATA[event]]></MsgType>
<Event><![CDATA[VIEW]]></Event>
<EventKey><![CDATA[http://mp.angelbeautyinc.com/app/aboutus.html#brand]]></EventKey>
<MenuId>530471859</MenuId>
</xml>

2017-02-06 11:48:30 params :
------------
Array:
rule : -2 ;
module :  ;
message : Array ;

2017-02-06 11:48:30 response :
------------

2017-02-06 11:48:37 trace :
------------
String:
<xml><ToUserName><![CDATA[gh_fbee6dda34f1]]></ToUserName>
<FromUserName><![CDATA[o1Sf9wq9-7s7877JgAN7ZfKiCUC0]]></FromUserName>
<CreateTime>1486353300</CreateTime>
<MsgType><![CDATA[event]]></MsgType>
<Event><![CDATA[VIEW]]></Event>
<EventKey><![CDATA[http://mp.angelbeautyinc.com/app/index.php?i=8&c=entry&do=shop&m=ewei_shop]]></EventKey>
<MenuId>530471859</MenuId>
</xml>

2017-02-06 11:48:37 params :
------------
Array:
rule : -2 ;
module :  ;
message : Array ;

2017-02-06 11:48:37 response :
------------

2017-02-06 11:51:29 trace :
------------
String:
<xml><ToUserName><![CDATA[gh_fbee6dda34f1]]></ToUserName>
<FromUserName><![CDATA[o1Sf9wgmaqIL_VPFQSEHCTYz3YZ0]]></FromUserName>
<CreateTime>1486353472</CreateTime>
<MsgType><![CDATA[event]]></MsgType>
<Event><![CDATA[VIEW]]></Event>
<EventKey><![CDATA[http://mp.angelbeautyinc.com/app/index.php?i=8&c=entry&do=member&m=ewei_shop]]></EventKey>
<MenuId>530471859</MenuId>
</xml>

2017-02-06 11:51:29 params :
------------
Array:
rule : -2 ;
module :  ;
message : Array ;

2017-02-06 11:51:29 response :
------------

2017-02-06 11:58:16 trace :
------------
String:
<xml><ToUserName><![CDATA[gh_fbee6dda34f1]]></ToUserName>
<FromUserName><![CDATA[o1Sf9wiKkeAff0KuewGj2TIHWHNE]]></FromUserName>
<CreateTime>1486353875</CreateTime>
<MsgType><![CDATA[event]]></MsgType>
<Event><![CDATA[unsubscribe]]></Event>
<EventKey><![CDATA[]]></EventKey>
</xml>

2017-02-06 12:02:36 trace :
------------
String:
<xml><ToUserName><![CDATA[gh_fbee6dda34f1]]></ToUserName>
<FromUserName><![CDATA[o1Sf9wi7Nh8nfmmII6AGL0PzzeAo]]></FromUserName>
<CreateTime>1486354138</CreateTime>
<MsgType><![CDATA[event]]></MsgType>
<Event><![CDATA[subscribe]]></Event>
<EventKey><![CDATA[]]></EventKey>
</xml>

2017-02-06 12:02:36 params :
------------
Array:
message : Array ;
module : news ;
rule : 26 ;
priority : 0 ;
keyword : Array ;

2017-02-06 12:02:36 response :
------------
Array:
FromUserName : gh_fbee6dda34f1 ;
ToUserName : o1Sf9wi7Nh8nfmmII6AGL0PzzeAo ;
MsgType : news ;
ArticleCount : 1 ;
Articles : Array ;

2017-02-06 12:02:53 trace :
------------
String:
<xml><ToUserName><![CDATA[gh_fbee6dda34f1]]></ToUserName>
<FromUserName><![CDATA[o1Sf9wi7Nh8nfmmII6AGL0PzzeAo]]></FromUserName>
<CreateTime>1486354155</CreateTime>
<MsgType><![CDATA[event]]></MsgType>
<Event><![CDATA[VIEW]]></Event>
<EventKey><![CDATA[http://mp.angelbeautyinc.com/app/index.php?i=8&c=entry&do=shop&m=ewei_shop]]></EventKey>
<MenuId>530471859</MenuId>
</xml>

2017-02-06 12:02:53 params :
------------
Array:
rule : -2 ;
module :  ;
message : Array ;

2017-02-06 12:02:53 response :
------------

2017-02-06 12:03:21 trace :
------------
String:
<xml><ToUserName><![CDATA[gh_fbee6dda34f1]]></ToUserName>
<FromUserName><![CDATA[o1Sf9wiKkeAff0KuewGj2TIHWHNE]]></FromUserName>
<CreateTime>1486354183</CreateTime>
<MsgType><![CDATA[event]]></MsgType>
<Event><![CDATA[subscribe]]></Event>
<EventKey><![CDATA[]]></EventKey>
</xml>

2017-02-06 12:03:21 params :
------------
Array:
message : Array ;
module : news ;
rule : 26 ;
priority : 0 ;
keyword : Array ;

2017-02-06 12:03:21 response :
------------
Array:
FromUserName : gh_fbee6dda34f1 ;
ToUserName : o1Sf9wiKkeAff0KuewGj2TIHWHNE ;
MsgType : news ;
ArticleCount : 1 ;
Articles : Array ;

2017-02-06 12:17:38 trace :
------------
String:
<xml><ToUserName><![CDATA[gh_fbee6dda34f1]]></ToUserName>
<FromUserName><![CDATA[o1Sf9wq9-7s7877JgAN7ZfKiCUC0]]></FromUserName>
<CreateTime>1486355040</CreateTime>
<MsgType><![CDATA[event]]></MsgType>
<Event><![CDATA[VIEW]]></Event>
<EventKey><![CDATA[http://mp.angelbeautyinc.com/app/index.php?i=8&c=entry&do=shop&m=ewei_shop]]></EventKey>
<MenuId>530471859</MenuId>
</xml>

2017-02-06 12:17:38 params :
------------
Array:
rule : -2 ;
module :  ;
message : Array ;

2017-02-06 12:17:38 response :
------------

2017-02-06 12:18:59 trace :
------------
String:
<xml><ToUserName><![CDATA[gh_fbee6dda34f1]]></ToUserName>
<FromUserName><![CDATA[o1Sf9wgmaqIL_VPFQSEHCTYz3YZ0]]></FromUserName>
<CreateTime>1486355121</CreateTime>
<MsgType><![CDATA[event]]></MsgType>
<Event><![CDATA[VIEW]]></Event>
<EventKey><![CDATA[http://mp.angelbeautyinc.com/app/index.php?i=8&c=entry&do=member&m=ewei_shop]]></EventKey>
<MenuId>530471859</MenuId>
</xml>

2017-02-06 12:18:59 params :
------------
Array:
rule : -2 ;
module :  ;
message : Array ;

2017-02-06 12:18:59 response :
------------

2017-02-06 12:32:57 trace :
------------
String:
<xml><ToUserName><![CDATA[gh_fbee6dda34f1]]></ToUserName>
<FromUserName><![CDATA[o1Sf9wtbTBb-jNkWhU9Ee_GhWlqM]]></FromUserName>
<CreateTime>1486355959</CreateTime>
<MsgType><![CDATA[event]]></MsgType>
<Event><![CDATA[subscribe]]></Event>
<EventKey><![CDATA[]]></EventKey>
</xml>

2017-02-06 12:32:57 params :
------------
Array:
message : Array ;
module : news ;
rule : 26 ;
priority : 0 ;
keyword : Array ;

2017-02-06 12:32:57 response :
------------
Array:
FromUserName : gh_fbee6dda34f1 ;
ToUserName : o1Sf9wtbTBb-jNkWhU9Ee_GhWlqM ;
MsgType : news ;
ArticleCount : 1 ;
Articles : Array ;

2017-02-06 13:14:13 trace :
------------
String:
<xml><ToUserName><![CDATA[gh_fbee6dda34f1]]></ToUserName>
<FromUserName><![CDATA[o1Sf9wmzrMZ8_nJzvf3EmosxEa78]]></FromUserName>
<CreateTime>1486358435</CreateTime>
<MsgType><![CDATA[event]]></MsgType>
<Event><![CDATA[subscribe]]></Event>
<EventKey><![CDATA[]]></EventKey>
</xml>

2017-02-06 13:14:13 params :
------------
Array:
message : Array ;
module : news ;
rule : 26 ;
priority : 0 ;
keyword : Array ;

2017-02-06 13:14:13 response :
------------
Array:
FromUserName : gh_fbee6dda34f1 ;
ToUserName : o1Sf9wmzrMZ8_nJzvf3EmosxEa78 ;
MsgType : news ;
ArticleCount : 1 ;
Articles : Array ;

2017-02-06 13:14:22 trace :
------------
String:
<xml><ToUserName><![CDATA[gh_fbee6dda34f1]]></ToUserName>
<FromUserName><![CDATA[o1Sf9wmzrMZ8_nJzvf3EmosxEa78]]></FromUserName>
<CreateTime>1486358443</CreateTime>
<MsgType><![CDATA[event]]></MsgType>
<Event><![CDATA[VIEW]]></Event>
<EventKey><![CDATA[http://mp.angelbeautyinc.com/app/aboutus.html#enterprise]]></EventKey>
<MenuId>530471859</MenuId>
</xml>

2017-02-06 13:14:22 params :
------------
Array:
rule : -2 ;
module :  ;
message : Array ;

2017-02-06 13:14:22 response :
------------

2017-02-06 13:14:26 trace :
------------
String:
<xml><ToUserName><![CDATA[gh_fbee6dda34f1]]></ToUserName>
<FromUserName><![CDATA[o1Sf9whtRSbTfPG5uol1eA-qjklE]]></FromUserName>
<CreateTime>1486358448</CreateTime>
<MsgType><![CDATA[event]]></MsgType>
<Event><![CDATA[subscribe]]></Event>
<EventKey><![CDATA[]]></EventKey>
</xml>

2017-02-06 13:14:26 params :
------------
Array:
message : Array ;
module : news ;
rule : 26 ;
priority : 0 ;
keyword : Array ;

2017-02-06 13:14:26 response :
------------
Array:
FromUserName : gh_fbee6dda34f1 ;
ToUserName : o1Sf9whtRSbTfPG5uol1eA-qjklE ;
MsgType : news ;
ArticleCount : 1 ;
Articles : Array ;

2017-02-06 13:14:33 trace :
------------
String:
<xml><ToUserName><![CDATA[gh_fbee6dda34f1]]></ToUserName>
<FromUserName><![CDATA[o1Sf9whtRSbTfPG5uol1eA-qjklE]]></FromUserName>
<CreateTime>1486358455</CreateTime>
<MsgType><![CDATA[event]]></MsgType>
<Event><![CDATA[VIEW]]></Event>
<EventKey><![CDATA[http://mp.angelbeautyinc.com/app/index.php?i=8&c=entry&do=associate&m=lrj_guide]]></EventKey>
<MenuId>530471859</MenuId>
</xml>

2017-02-06 13:14:33 params :
------------
Array:
rule : -2 ;
module :  ;
message : Array ;

2017-02-06 13:14:33 response :
------------

2017-02-06 13:14:48 trace :
------------
String:
<xml><ToUserName><![CDATA[gh_fbee6dda34f1]]></ToUserName>
<FromUserName><![CDATA[o1Sf9wmzrMZ8_nJzvf3EmosxEa78]]></FromUserName>
<CreateTime>1486358470</CreateTime>
<MsgType><![CDATA[event]]></MsgType>
<Event><![CDATA[VIEW]]></Event>
<EventKey><![CDATA[http://mp.angelbeautyinc.com/app/aboutus.html#culture]]></EventKey>
<MenuId>530471859</MenuId>
</xml>

2017-02-06 13:14:48 params :
------------
Array:
rule : -2 ;
module :  ;
message : Array ;

2017-02-06 13:14:48 response :
------------

2017-02-06 13:14:54 trace :
------------
String:
<xml><ToUserName><![CDATA[gh_fbee6dda34f1]]></ToUserName>
<FromUserName><![CDATA[o1Sf9wmzrMZ8_nJzvf3EmosxEa78]]></FromUserName>
<CreateTime>1486358476</CreateTime>
<MsgType><![CDATA[event]]></MsgType>
<Event><![CDATA[VIEW]]></Event>
<EventKey><![CDATA[http://mp.angelbeautyinc.com/app/aboutus.html#brand]]></EventKey>
<MenuId>530471859</MenuId>
</xml>

2017-02-06 13:14:54 params :
------------
Array:
rule : -2 ;
module :  ;
message : Array ;

2017-02-06 13:14:54 response :
------------

2017-02-06 13:15:17 trace :
------------
String:
<xml><ToUserName><![CDATA[gh_fbee6dda34f1]]></ToUserName>
<FromUserName><![CDATA[o1Sf9wmzrMZ8_nJzvf3EmosxEa78]]></FromUserName>
<CreateTime>1486358498</CreateTime>
<MsgType><![CDATA[event]]></MsgType>
<Event><![CDATA[VIEW]]></Event>
<EventKey><![CDATA[http://mp.angelbeautyinc.com/app/index.php?i=8&c=entry&do=shop&m=ewei_shop]]></EventKey>
<MenuId>530471859</MenuId>
</xml>

2017-02-06 13:15:17 params :
------------
Array:
rule : -2 ;
module :  ;
message : Array ;

2017-02-06 13:15:17 response :
------------

2017-02-06 13:15:34 trace :
------------
String:
<xml><ToUserName><![CDATA[gh_fbee6dda34f1]]></ToUserName>
<FromUserName><![CDATA[o1Sf9wmzrMZ8_nJzvf3EmosxEa78]]></FromUserName>
<CreateTime>1486358516</CreateTime>
<MsgType><![CDATA[event]]></MsgType>
<Event><![CDATA[VIEW]]></Event>
<EventKey><![CDATA[http://mp.angelbeautyinc.com/app/index.php?i=8&c=entry&do=member&m=ewei_shop]]></EventKey>
<MenuId>530471859</MenuId>
</xml>

2017-02-06 13:15:34 params :
------------
Array:
rule : -2 ;
module :  ;
message : Array ;

2017-02-06 13:15:34 response :
------------

2017-02-06 13:15:40 trace :
------------
String:
<xml><ToUserName><![CDATA[gh_fbee6dda34f1]]></ToUserName>
<FromUserName><![CDATA[o1Sf9wmzrMZ8_nJzvf3EmosxEa78]]></FromUserName>
<CreateTime>1486358522</CreateTime>
<MsgType><![CDATA[event]]></MsgType>
<Event><![CDATA[VIEW]]></Event>
<EventKey><![CDATA[http://mp.angelbeautyinc.com/app/index.php?i=8&c=entry&do=associate&m=lrj_guide]]></EventKey>
<MenuId>530471859</MenuId>
</xml>

2017-02-06 13:15:40 params :
------------
Array:
rule : -2 ;
module :  ;
message : Array ;

2017-02-06 13:15:40 response :
------------

2017-02-06 13:15:48 trace :
------------
String:
<xml><ToUserName><![CDATA[gh_fbee6dda34f1]]></ToUserName>
<FromUserName><![CDATA[o1Sf9wmzrMZ8_nJzvf3EmosxEa78]]></FromUserName>
<CreateTime>1486358529</CreateTime>
<MsgType><![CDATA[event]]></MsgType>
<Event><![CDATA[VIEW]]></Event>
<EventKey><![CDATA[http://mp.angelbeautyinc.com/app/index.php?i=8&c=entry&do=selfinspection&m=lrj_guide]]></EventKey>
<MenuId>530471859</MenuId>
</xml>

2017-02-06 13:15:48 params :
------------
Array:
rule : -2 ;
module :  ;
message : Array ;

2017-02-06 13:15:48 response :
------------

2017-02-06 13:15:54 trace :
------------
String:
<xml><ToUserName><![CDATA[gh_fbee6dda34f1]]></ToUserName>
<FromUserName><![CDATA[o1Sf9wmzrMZ8_nJzvf3EmosxEa78]]></FromUserName>
<CreateTime>1486358536</CreateTime>
<MsgType><![CDATA[event]]></MsgType>
<Event><![CDATA[VIEW]]></Event>
<EventKey><![CDATA[http://mp.angelbeautyinc.com/question2/index.html]]></EventKey>
<MenuId>530471859</MenuId>
</xml>

2017-02-06 13:15:54 params :
------------
Array:
rule : -2 ;
module :  ;
message : Array ;

2017-02-06 13:15:54 response :
------------

2017-02-06 13:22:43 trace :
------------
String:
<xml><ToUserName><![CDATA[gh_fbee6dda34f1]]></ToUserName>
<FromUserName><![CDATA[o1Sf9whtRSbTfPG5uol1eA-qjklE]]></FromUserName>
<CreateTime>1486358944</CreateTime>
<MsgType><![CDATA[event]]></MsgType>
<Event><![CDATA[VIEW]]></Event>
<EventKey><![CDATA[http://mp.angelbeautyinc.com/app/aboutus.html#enterprise]]></EventKey>
<MenuId>530471859</MenuId>
</xml>

2017-02-06 13:22:43 params :
------------
Array:
rule : -2 ;
module :  ;
message : Array ;

2017-02-06 13:22:43 response :
------------

2017-02-06 13:23:03 trace :
------------
String:
<xml><ToUserName><![CDATA[gh_fbee6dda34f1]]></ToUserName>
<FromUserName><![CDATA[o1Sf9whtRSbTfPG5uol1eA-qjklE]]></FromUserName>
<CreateTime>1486358965</CreateTime>
<MsgType><![CDATA[event]]></MsgType>
<Event><![CDATA[VIEW]]></Event>
<EventKey><![CDATA[http://mp.angelbeautyinc.com/app/index.php?i=8&c=entry&do=shop&m=ewei_shop]]></EventKey>
<MenuId>530471859</MenuId>
</xml>

2017-02-06 13:23:03 params :
------------
Array:
rule : -2 ;
module :  ;
message : Array ;

2017-02-06 13:23:03 response :
------------

2017-02-06 13:24:14 trace :
------------
String:
<xml><ToUserName><![CDATA[gh_fbee6dda34f1]]></ToUserName>
<FromUserName><![CDATA[o1Sf9whtRSbTfPG5uol1eA-qjklE]]></FromUserName>
<CreateTime>1486359036</CreateTime>
<MsgType><![CDATA[event]]></MsgType>
<Event><![CDATA[VIEW]]></Event>
<EventKey><![CDATA[http://mp.angelbeautyinc.com/question2/index.html]]></EventKey>
<MenuId>530471859</MenuId>
</xml>

2017-02-06 13:24:14 params :
------------
Array:
rule : -2 ;
module :  ;
message : Array ;

2017-02-06 13:24:14 response :
------------

2017-02-06 13:24:41 trace :
------------
String:
<xml><ToUserName><![CDATA[gh_fbee6dda34f1]]></ToUserName>
<FromUserName><![CDATA[o1Sf9whtRSbTfPG5uol1eA-qjklE]]></FromUserName>
<CreateTime>1486359063</CreateTime>
<MsgType><![CDATA[event]]></MsgType>
<Event><![CDATA[VIEW]]></Event>
<EventKey><![CDATA[http://mp.angelbeautyinc.com/app/aboutus.html#brand]]></EventKey>
<MenuId>530471859</MenuId>
</xml>

2017-02-06 13:24:41 params :
------------
Array:
rule : -2 ;
module :  ;
message : Array ;

2017-02-06 13:24:41 response :
------------

2017-02-06 13:25:11 trace :
------------
String:
<xml><ToUserName><![CDATA[gh_fbee6dda34f1]]></ToUserName>
<FromUserName><![CDATA[o1Sf9whtRSbTfPG5uol1eA-qjklE]]></FromUserName>
<CreateTime>1486359093</CreateTime>
<MsgType><![CDATA[text]]></MsgType>
<Content><![CDATA[1]]></Content>
<MsgId>6383863695078478816</MsgId>
</xml>

2017-02-06 13:25:11 params :
------------
Array:
rule : -2 ;
module :  ;
message : Array ;

2017-02-06 13:25:11 response :
------------

2017-02-06 13:34:01 trace :
------------
String:
<xml><ToUserName><![CDATA[gh_fbee6dda34f1]]></ToUserName>
<FromUserName><![CDATA[o1Sf9wiKkeAff0KuewGj2TIHWHNE]]></FromUserName>
<CreateTime>1486359622</CreateTime>
<MsgType><![CDATA[event]]></MsgType>
<Event><![CDATA[VIEW]]></Event>
<EventKey><![CDATA[http://mp.angelbeautyinc.com/app/aboutus.html#enterprise]]></EventKey>
<MenuId>530471859</MenuId>
</xml>

2017-02-06 13:34:01 params :
------------
Array:
rule : -2 ;
module :  ;
message : Array ;

2017-02-06 13:34:01 response :
------------

2017-02-06 13:35:36 trace :
------------
String:
<xml><ToUserName><![CDATA[gh_fbee6dda34f1]]></ToUserName>
<FromUserName><![CDATA[o1Sf9wknmUud3DzL5AJjb6wYVMdI]]></FromUserName>
<CreateTime>1486359717</CreateTime>
<MsgType><![CDATA[event]]></MsgType>
<Event><![CDATA[VIEW]]></Event>
<EventKey><![CDATA[http://mp.angelbeautyinc.com/app/index.php?i=8&c=entry&do=shop&m=ewei_shop]]></EventKey>
<MenuId>530471859</MenuId>
</xml>

2017-02-06 13:35:36 params :
------------
Array:
rule : -2 ;
module :  ;
message : Array ;

2017-02-06 13:35:36 response :
------------

2017-02-06 13:49:37 trace :
------------
String:
<xml><ToUserName><![CDATA[gh_fbee6dda34f1]]></ToUserName>
<FromUserName><![CDATA[o1Sf9wish06S-0w-LhgZ32ODi8kc]]></FromUserName>
<CreateTime>1486360558</CreateTime>
<MsgType><![CDATA[event]]></MsgType>
<Event><![CDATA[subscribe]]></Event>
<EventKey><![CDATA[]]></EventKey>
</xml>

2017-02-06 13:49:37 params :
------------
Array:
message : Array ;
module : news ;
rule : 26 ;
priority : 0 ;
keyword : Array ;

2017-02-06 13:49:37 response :
------------
Array:
FromUserName : gh_fbee6dda34f1 ;
ToUserName : o1Sf9wish06S-0w-LhgZ32ODi8kc ;
MsgType : news ;
ArticleCount : 1 ;
Articles : Array ;

2017-02-06 13:52:47 trace :
------------
String:
<xml><ToUserName><![CDATA[gh_fbee6dda34f1]]></ToUserName>
<FromUserName><![CDATA[o1Sf9wish06S-0w-LhgZ32ODi8kc]]></FromUserName>
<CreateTime>1486360748</CreateTime>
<MsgType><![CDATA[event]]></MsgType>
<Event><![CDATA[VIEW]]></Event>
<EventKey><![CDATA[http://mp.angelbeautyinc.com/app/index.php?i=8&c=entry&do=shop&m=ewei_shop]]></EventKey>
<MenuId>530471859</MenuId>
</xml>

2017-02-06 13:52:47 params :
------------
Array:
rule : -2 ;
module :  ;
message : Array ;

2017-02-06 13:52:47 response :
------------

2017-02-06 13:53:55 trace :
------------
String:
<xml><ToUserName><![CDATA[gh_fbee6dda34f1]]></ToUserName>
<FromUserName><![CDATA[o1Sf9wish06S-0w-LhgZ32ODi8kc]]></FromUserName>
<CreateTime>1486360816</CreateTime>
<MsgType><![CDATA[event]]></MsgType>
<Event><![CDATA[VIEW]]></Event>
<EventKey><![CDATA[http://mp.angelbeautyinc.com/app/index.php?i=8&c=entry&do=member&m=ewei_shop]]></EventKey>
<MenuId>530471859</MenuId>
</xml>

2017-02-06 13:53:55 params :
------------
Array:
rule : -2 ;
module :  ;
message : Array ;

2017-02-06 13:53:55 response :
------------

2017-02-06 13:54:16 trace :
------------
String:
<xml><ToUserName><![CDATA[gh_fbee6dda34f1]]></ToUserName>
<FromUserName><![CDATA[o1Sf9wish06S-0w-LhgZ32ODi8kc]]></FromUserName>
<CreateTime>1486360837</CreateTime>
<MsgType><![CDATA[event]]></MsgType>
<Event><![CDATA[VIEW]]></Event>
<EventKey><![CDATA[http://mp.angelbeautyinc.com/app/index.php?i=8&c=entry&do=member&m=ewei_shop]]></EventKey>
<MenuId>530471859</MenuId>
</xml>

2017-02-06 13:54:16 params :
------------
Array:
rule : -2 ;
module :  ;
message : Array ;

2017-02-06 13:54:16 response :
------------

2017-02-06 13:55:09 trace :
------------
String:
<xml><ToUserName><![CDATA[gh_fbee6dda34f1]]></ToUserName>
<FromUserName><![CDATA[o1Sf9wish06S-0w-LhgZ32ODi8kc]]></FromUserName>
<CreateTime>1486360890</CreateTime>
<MsgType><![CDATA[event]]></MsgType>
<Event><![CDATA[VIEW]]></Event>
<EventKey><![CDATA[http://mp.angelbeautyinc.com/app/aboutus.html#brand]]></EventKey>
<MenuId>530471859</MenuId>
</xml>

2017-02-06 13:55:09 params :
------------
Array:
rule : -2 ;
module :  ;
message : Array ;

2017-02-06 13:55:09 response :
------------

2017-02-06 13:55:24 trace :
------------
String:
<xml><ToUserName><![CDATA[gh_fbee6dda34f1]]></ToUserName>
<FromUserName><![CDATA[o1Sf9wish06S-0w-LhgZ32ODi8kc]]></FromUserName>
<CreateTime>1486360905</CreateTime>
<MsgType><![CDATA[event]]></MsgType>
<Event><![CDATA[VIEW]]></Event>
<EventKey><![CDATA[http://mp.angelbeautyinc.com/app/index.php?i=8&c=entry&do=associate&m=lrj_guide]]></EventKey>
<MenuId>530471859</MenuId>
</xml>

2017-02-06 13:55:24 params :
------------
Array:
rule : -2 ;
module :  ;
message : Array ;

2017-02-06 13:55:24 response :
------------

2017-02-06 13:56:33 trace :
------------
String:
<xml><ToUserName><![CDATA[gh_fbee6dda34f1]]></ToUserName>
<FromUserName><![CDATA[o1Sf9wish06S-0w-LhgZ32ODi8kc]]></FromUserName>
<CreateTime>1486360974</CreateTime>
<MsgType><![CDATA[event]]></MsgType>
<Event><![CDATA[VIEW]]></Event>
<EventKey><![CDATA[http://mp.angelbeautyinc.com/app/index.php?i=8&c=entry&do=selfinspection&m=lrj_guide]]></EventKey>
<MenuId>530471859</MenuId>
</xml>

2017-02-06 13:56:33 params :
------------
Array:
rule : -2 ;
module :  ;
message : Array ;

2017-02-06 13:56:33 response :
------------

2017-02-06 13:58:11 trace :
------------
String:
<xml><ToUserName><![CDATA[gh_fbee6dda34f1]]></ToUserName>
<FromUserName><![CDATA[o1Sf9wish06S-0w-LhgZ32ODi8kc]]></FromUserName>
<CreateTime>1486361072</CreateTime>
<MsgType><![CDATA[event]]></MsgType>
<Event><![CDATA[VIEW]]></Event>
<EventKey><![CDATA[http://mp.angelbeautyinc.com/question2/index.html]]></EventKey>
<MenuId>530471859</MenuId>
</xml>

2017-02-06 13:58:11 params :
------------
Array:
rule : -2 ;
module :  ;
message : Array ;

2017-02-06 13:58:11 response :
------------

2017-02-06 14:14:57 trace :
------------
String:
<xml><ToUserName><![CDATA[gh_fbee6dda34f1]]></ToUserName>
<FromUserName><![CDATA[o1Sf9wish06S-0w-LhgZ32ODi8kc]]></FromUserName>
<CreateTime>1486362077</CreateTime>
<MsgType><![CDATA[event]]></MsgType>
<Event><![CDATA[VIEW]]></Event>
<EventKey><![CDATA[http://mp.angelbeautyinc.com/app/index.php?i=8&c=entry&do=selfinspection&m=lrj_guide]]></EventKey>
<MenuId>530471859</MenuId>
</xml>

2017-02-06 14:14:57 params :
------------
Array:
rule : -2 ;
module :  ;
message : Array ;

2017-02-06 14:14:57 response :
------------

2017-02-06 14:16:17 trace :
------------
String:
<xml><ToUserName><![CDATA[gh_fbee6dda34f1]]></ToUserName>
<FromUserName><![CDATA[o1Sf9wish06S-0w-LhgZ32ODi8kc]]></FromUserName>
<CreateTime>1486362157</CreateTime>
<MsgType><![CDATA[event]]></MsgType>
<Event><![CDATA[VIEW]]></Event>
<EventKey><![CDATA[http://mp.angelbeautyinc.com/app/index.php?i=8&c=entry&do=associate&m=lrj_guide]]></EventKey>
<MenuId>530471859</MenuId>
</xml>

2017-02-06 14:16:17 params :
------------
Array:
rule : -2 ;
module :  ;
message : Array ;

2017-02-06 14:16:17 response :
------------

2017-02-06 14:18:12 trace :
------------
String:
<xml><ToUserName><![CDATA[gh_fbee6dda34f1]]></ToUserName>
<FromUserName><![CDATA[o1Sf9ws5ZVNDzdvmiAliTbEC6D5M]]></FromUserName>
<CreateTime>1486362273</CreateTime>
<MsgType><![CDATA[event]]></MsgType>
<Event><![CDATA[subscribe]]></Event>
<EventKey><![CDATA[]]></EventKey>
</xml>

2017-02-06 14:18:12 params :
------------
Array:
message : Array ;
module : news ;
rule : 26 ;
priority : 0 ;
keyword : Array ;

2017-02-06 14:18:12 response :
------------
Array:
FromUserName : gh_fbee6dda34f1 ;
ToUserName : o1Sf9ws5ZVNDzdvmiAliTbEC6D5M ;
MsgType : news ;
ArticleCount : 1 ;
Articles : Array ;

2017-02-06 14:18:18 trace :
------------
String:
<xml><ToUserName><![CDATA[gh_fbee6dda34f1]]></ToUserName>
<FromUserName><![CDATA[o1Sf9ws5ZVNDzdvmiAliTbEC6D5M]]></FromUserName>
<CreateTime>1486362273</CreateTime>
<MsgType><![CDATA[event]]></MsgType>
<Event><![CDATA[subscribe]]></Event>
<EventKey><![CDATA[]]></EventKey>
</xml>

2017-02-06 14:18:18 params :
------------
Array:
message : Array ;
module : news ;
rule : 26 ;
priority : 0 ;
keyword : Array ;

2017-02-06 14:18:18 response :
------------
Array:
FromUserName : gh_fbee6dda34f1 ;
ToUserName : o1Sf9ws5ZVNDzdvmiAliTbEC6D5M ;
MsgType : news ;
ArticleCount : 1 ;
Articles : Array ;

2017-02-06 14:18:24 trace :
------------
String:
<xml><ToUserName><![CDATA[gh_fbee6dda34f1]]></ToUserName>
<FromUserName><![CDATA[o1Sf9ws5ZVNDzdvmiAliTbEC6D5M]]></FromUserName>
<CreateTime>1486362273</CreateTime>
<MsgType><![CDATA[event]]></MsgType>
<Event><![CDATA[subscribe]]></Event>
<EventKey><![CDATA[]]></EventKey>
</xml>

2017-02-06 14:18:25 params :
------------
Array:
message : Array ;
module : news ;
rule : 26 ;
priority : 0 ;
keyword : Array ;

2017-02-06 14:18:25 response :
------------
Array:
FromUserName : gh_fbee6dda34f1 ;
ToUserName : o1Sf9ws5ZVNDzdvmiAliTbEC6D5M ;
MsgType : news ;
ArticleCount : 1 ;
Articles : Array ;

2017-02-06 14:19:09 trace :
------------
String:
<xml><ToUserName><![CDATA[gh_fbee6dda34f1]]></ToUserName>
<FromUserName><![CDATA[o1Sf9ws5ZVNDzdvmiAliTbEC6D5M]]></FromUserName>
<CreateTime>1486362330</CreateTime>
<MsgType><![CDATA[event]]></MsgType>
<Event><![CDATA[VIEW]]></Event>
<EventKey><![CDATA[http://mp.angelbeautyinc.com/app/index.php?i=8&c=entry&do=shop&m=ewei_shop]]></EventKey>
<MenuId>530471859</MenuId>
</xml>

2017-02-06 14:19:09 params :
------------
Array:
rule : -2 ;
module :  ;
message : Array ;

2017-02-06 14:19:09 response :
------------

2017-02-06 14:30:39 trace :
------------
String:
<xml><ToUserName><![CDATA[gh_fbee6dda34f1]]></ToUserName>
<FromUserName><![CDATA[o1Sf9wgmaqIL_VPFQSEHCTYz3YZ0]]></FromUserName>
<CreateTime>1486363019</CreateTime>
<MsgType><![CDATA[event]]></MsgType>
<Event><![CDATA[VIEW]]></Event>
<EventKey><![CDATA[http://mp.angelbeautyinc.com/app/index.php?i=8&c=entry&do=shop&m=ewei_shop]]></EventKey>
<MenuId>530471859</MenuId>
</xml>

2017-02-06 14:30:39 params :
------------
Array:
rule : -2 ;
module :  ;
message : Array ;

2017-02-06 14:30:39 response :
------------

2017-02-06 14:32:31 trace :
------------
String:
<xml><ToUserName><![CDATA[gh_fbee6dda34f1]]></ToUserName>
<FromUserName><![CDATA[o1Sf9ws5ZVNDzdvmiAliTbEC6D5M]]></FromUserName>
<CreateTime>1486363131</CreateTime>
<MsgType><![CDATA[event]]></MsgType>
<Event><![CDATA[VIEW]]></Event>
<EventKey><![CDATA[http://mp.angelbeautyinc.com/app/index.php?i=8&c=entry&do=shop&m=ewei_shop]]></EventKey>
<MenuId>530471859</MenuId>
</xml>

2017-02-06 14:32:31 params :
------------
Array:
rule : -2 ;
module :  ;
message : Array ;

2017-02-06 14:32:31 response :
------------

2017-02-06 14:42:15 trace :
------------
String:
<xml><ToUserName><![CDATA[gh_fbee6dda34f1]]></ToUserName>
<FromUserName><![CDATA[o1Sf9ws5ZVNDzdvmiAliTbEC6D5M]]></FromUserName>
<CreateTime>1486363716</CreateTime>
<MsgType><![CDATA[event]]></MsgType>
<Event><![CDATA[VIEW]]></Event>
<EventKey><![CDATA[http://mp.angelbeautyinc.com/app/aboutus.html#culture]]></EventKey>
<MenuId>530471859</MenuId>
</xml>

2017-02-06 14:42:15 params :
------------
Array:
rule : -2 ;
module :  ;
message : Array ;

2017-02-06 14:42:15 response :
------------

2017-02-06 14:43:01 trace :
------------
String:
<xml><ToUserName><![CDATA[gh_fbee6dda34f1]]></ToUserName>
<FromUserName><![CDATA[o1Sf9ws5ZVNDzdvmiAliTbEC6D5M]]></FromUserName>
<CreateTime>1486363761</CreateTime>
<MsgType><![CDATA[event]]></MsgType>
<Event><![CDATA[VIEW]]></Event>
<EventKey><![CDATA[http://mp.angelbeautyinc.com/app/aboutus.html#brand]]></EventKey>
<MenuId>530471859</MenuId>
</xml>

2017-02-06 14:43:01 params :
------------
Array:
rule : -2 ;
module :  ;
message : Array ;

2017-02-06 14:43:01 response :
------------

2017-02-06 14:43:25 trace :
------------
String:
<xml><ToUserName><![CDATA[gh_fbee6dda34f1]]></ToUserName>
<FromUserName><![CDATA[o1Sf9ws5ZVNDzdvmiAliTbEC6D5M]]></FromUserName>
<CreateTime>1486363785</CreateTime>
<MsgType><![CDATA[event]]></MsgType>
<Event><![CDATA[VIEW]]></Event>
<EventKey><![CDATA[http://mp.angelbeautyinc.com/app/index.php?i=8&c=entry&do=member&m=ewei_shop]]></EventKey>
<MenuId>530471859</MenuId>
</xml>

2017-02-06 14:43:25 params :
------------
Array:
rule : -2 ;
module :  ;
message : Array ;

2017-02-06 14:43:25 response :
------------

2017-02-06 14:43:38 trace :
------------
String:
<xml><ToUserName><![CDATA[gh_fbee6dda34f1]]></ToUserName>
<FromUserName><![CDATA[o1Sf9ws5ZVNDzdvmiAliTbEC6D5M]]></FromUserName>
<CreateTime>1486363798</CreateTime>
<MsgType><![CDATA[event]]></MsgType>
<Event><![CDATA[VIEW]]></Event>
<EventKey><![CDATA[http://mp.angelbeautyinc.com/app/index.php?i=8&c=entry&do=associate&m=lrj_guide]]></EventKey>
<MenuId>530471859</MenuId>
</xml>

2017-02-06 14:43:38 params :
------------
Array:
rule : -2 ;
module :  ;
message : Array ;

2017-02-06 14:43:38 response :
------------

2017-02-06 14:46:51 trace :
------------
String:
<xml><ToUserName><![CDATA[gh_fbee6dda34f1]]></ToUserName>
<FromUserName><![CDATA[o1Sf9ws5ZVNDzdvmiAliTbEC6D5M]]></FromUserName>
<CreateTime>1486363991</CreateTime>
<MsgType><![CDATA[event]]></MsgType>
<Event><![CDATA[VIEW]]></Event>
<EventKey><![CDATA[http://mp.angelbeautyinc.com/app/index.php?i=8&c=entry&do=selfinspection&m=lrj_guide]]></EventKey>
<MenuId>530471859</MenuId>
</xml>

2017-02-06 14:46:51 params :
------------
Array:
rule : -2 ;
module :  ;
message : Array ;

2017-02-06 14:46:51 response :
------------

2017-02-06 14:47:03 trace :
------------
String:
<xml><ToUserName><![CDATA[gh_fbee6dda34f1]]></ToUserName>
<FromUserName><![CDATA[o1Sf9ws5ZVNDzdvmiAliTbEC6D5M]]></FromUserName>
<CreateTime>1486364004</CreateTime>
<MsgType><![CDATA[event]]></MsgType>
<Event><![CDATA[VIEW]]></Event>
<EventKey><![CDATA[http://mp.angelbeautyinc.com/question2/index.html]]></EventKey>
<MenuId>530471859</MenuId>
</xml>

2017-02-06 14:47:03 params :
------------
Array:
rule : -2 ;
module :  ;
message : Array ;

2017-02-06 14:47:03 response :
------------

2017-02-06 15:35:53 trace :
------------
String:
<xml><ToUserName><![CDATA[gh_fbee6dda34f1]]></ToUserName>
<FromUserName><![CDATA[o1Sf9wtW9yGFuRRARPNRZvOp3S8k]]></FromUserName>
<CreateTime>1486366933</CreateTime>
<MsgType><![CDATA[event]]></MsgType>
<Event><![CDATA[unsubscribe]]></Event>
<EventKey><![CDATA[]]></EventKey>
</xml>

2017-02-06 15:43:58 trace :
------------
String:
<xml><ToUserName><![CDATA[gh_fbee6dda34f1]]></ToUserName>
<FromUserName><![CDATA[o1Sf9wtW9yGFuRRARPNRZvOp3S8k]]></FromUserName>
<CreateTime>1486367418</CreateTime>
<MsgType><![CDATA[event]]></MsgType>
<Event><![CDATA[subscribe]]></Event>
<EventKey><![CDATA[]]></EventKey>
</xml>

2017-02-06 15:43:58 params :
------------
Array:
message : Array ;
module : news ;
rule : 26 ;
priority : 0 ;
keyword : Array ;

2017-02-06 15:43:58 response :
------------
Array:
FromUserName : gh_fbee6dda34f1 ;
ToUserName : o1Sf9wtW9yGFuRRARPNRZvOp3S8k ;
MsgType : news ;
ArticleCount : 1 ;
Articles : Array ;

2017-02-06 15:44:01 trace :
------------
String:
<xml><ToUserName><![CDATA[gh_fbee6dda34f1]]></ToUserName>
<FromUserName><![CDATA[o1Sf9wtW9yGFuRRARPNRZvOp3S8k]]></FromUserName>
<CreateTime>1486367421</CreateTime>
<MsgType><![CDATA[event]]></MsgType>
<Event><![CDATA[VIEW]]></Event>
<EventKey><![CDATA[http://mp.angelbeautyinc.com/app/aboutus.html#enterprise]]></EventKey>
<MenuId>530471859</MenuId>
</xml>

2017-02-06 15:44:01 params :
------------
Array:
rule : -2 ;
module :  ;
message : Array ;

2017-02-06 15:44:01 response :
------------

2017-02-06 15:44:03 trace :
------------
String:
<xml><ToUserName><![CDATA[gh_fbee6dda34f1]]></ToUserName>
<FromUserName><![CDATA[o1Sf9wtW9yGFuRRARPNRZvOp3S8k]]></FromUserName>
<CreateTime>1486367418</CreateTime>
<MsgType><![CDATA[event]]></MsgType>
<Event><![CDATA[subscribe]]></Event>
<EventKey><![CDATA[]]></EventKey>
</xml>

2017-02-06 15:44:03 params :
------------
Array:
message : Array ;
module : news ;
rule : 26 ;
priority : 0 ;
keyword : Array ;

2017-02-06 15:44:03 response :
------------
Array:
FromUserName : gh_fbee6dda34f1 ;
ToUserName : o1Sf9wtW9yGFuRRARPNRZvOp3S8k ;
MsgType : news ;
ArticleCount : 1 ;
Articles : Array ;

2017-02-06 15:56:29 trace :
------------
String:
<xml><ToUserName><![CDATA[gh_fbee6dda34f1]]></ToUserName>
<FromUserName><![CDATA[o1Sf9wnwKARxWwEzTZNiD-s6yh04]]></FromUserName>
<CreateTime>1486368169</CreateTime>
<MsgType><![CDATA[event]]></MsgType>
<Event><![CDATA[VIEW]]></Event>
<EventKey><![CDATA[http://mp.angelbeautyinc.com/app/index.php?i=8&c=entry&do=shop&m=ewei_shop]]></EventKey>
<MenuId>530471859</MenuId>
</xml>

2017-02-06 15:56:29 params :
------------
Array:
rule : -2 ;
module :  ;
message : Array ;

2017-02-06 15:56:29 response :
------------

2017-02-06 16:25:19 trace :
------------
String:
<xml><ToUserName><![CDATA[gh_fbee6dda34f1]]></ToUserName>
<FromUserName><![CDATA[o1Sf9wiVbAE8eTBHl_teVBY0UTOU]]></FromUserName>
<CreateTime>1486369899</CreateTime>
<MsgType><![CDATA[event]]></MsgType>
<Event><![CDATA[subscribe]]></Event>
<EventKey><![CDATA[]]></EventKey>
</xml>

2017-02-06 16:25:19 params :
------------
Array:
message : Array ;
module : news ;
rule : 26 ;
priority : 0 ;
keyword : Array ;

2017-02-06 16:25:19 response :
------------
Array:
FromUserName : gh_fbee6dda34f1 ;
ToUserName : o1Sf9wiVbAE8eTBHl_teVBY0UTOU ;
MsgType : news ;
ArticleCount : 1 ;
Articles : Array ;

2017-02-06 16:39:43 trace :
------------
String:
<xml><ToUserName><![CDATA[gh_fbee6dda34f1]]></ToUserName>
<FromUserName><![CDATA[o1Sf9wiVbAE8eTBHl_teVBY0UTOU]]></FromUserName>
<CreateTime>1486370763</CreateTime>
<MsgType><![CDATA[event]]></MsgType>
<Event><![CDATA[VIEW]]></Event>
<EventKey><![CDATA[http://mp.angelbeautyinc.com/app/aboutus.html#enterprise]]></EventKey>
<MenuId>530471859</MenuId>
</xml>

2017-02-06 16:39:43 params :
------------
Array:
rule : -2 ;
module :  ;
message : Array ;

2017-02-06 16:39:43 response :
------------

2017-02-06 18:23:51 trace :
------------
String:
<xml><ToUserName><![CDATA[gh_fbee6dda34f1]]></ToUserName>
<FromUserName><![CDATA[o1Sf9wsrOcd0En-jeTZ27YHvFfBI]]></FromUserName>
<CreateTime>1486377009</CreateTime>
<MsgType><![CDATA[event]]></MsgType>
<Event><![CDATA[VIEW]]></Event>
<EventKey><![CDATA[http://mp.angelbeautyinc.com/app/index.php?i=8&c=entry&do=shop&m=ewei_shop]]></EventKey>
<MenuId>530471859</MenuId>
</xml>

2017-02-06 18:23:51 params :
------------
Array:
rule : -2 ;
module :  ;
message : Array ;

2017-02-06 18:23:51 response :
------------

2017-02-06 18:26:15 trace :
------------
String:
<xml><ToUserName><![CDATA[gh_fbee6dda34f1]]></ToUserName>
<FromUserName><![CDATA[o1Sf9wsrOcd0En-jeTZ27YHvFfBI]]></FromUserName>
<CreateTime>1486377153</CreateTime>
<MsgType><![CDATA[event]]></MsgType>
<Event><![CDATA[VIEW]]></Event>
<EventKey><![CDATA[http://mp.angelbeautyinc.com/app/index.php?i=8&c=entry&do=selfinspection&m=lrj_guide]]></EventKey>
<MenuId>530471859</MenuId>
</xml>

2017-02-06 18:26:15 params :
------------
Array:
rule : -2 ;
module :  ;
message : Array ;

2017-02-06 18:26:15 response :
------------

2017-02-06 18:26:52 trace :
------------
String:
<xml><ToUserName><![CDATA[gh_fbee6dda34f1]]></ToUserName>
<FromUserName><![CDATA[o1Sf9wsrOcd0En-jeTZ27YHvFfBI]]></FromUserName>
<CreateTime>1486377191</CreateTime>
<MsgType><![CDATA[event]]></MsgType>
<Event><![CDATA[VIEW]]></Event>
<EventKey><![CDATA[http://mp.angelbeautyinc.com/app/index.php?i=8&c=entry&do=associate&m=lrj_guide]]></EventKey>
<MenuId>530471859</MenuId>
</xml>

2017-02-06 18:26:53 params :
------------
Array:
rule : -2 ;
module :  ;
message : Array ;

2017-02-06 18:26:53 response :
------------

2017-02-06 18:27:32 trace :
------------
String:
<xml><ToUserName><![CDATA[gh_fbee6dda34f1]]></ToUserName>
<FromUserName><![CDATA[o1Sf9wsrOcd0En-jeTZ27YHvFfBI]]></FromUserName>
<CreateTime>1486377230</CreateTime>
<MsgType><![CDATA[event]]></MsgType>
<Event><![CDATA[VIEW]]></Event>
<EventKey><![CDATA[http://mp.angelbeautyinc.com/app/aboutus.html#enterprise]]></EventKey>
<MenuId>530471859</MenuId>
</xml>

2017-02-06 18:27:32 params :
------------
Array:
rule : -2 ;
module :  ;
message : Array ;

2017-02-06 18:27:32 response :
------------

2017-02-06 20:14:21 trace :
------------
String:
<xml><ToUserName><![CDATA[gh_fbee6dda34f1]]></ToUserName>
<FromUserName><![CDATA[o1Sf9whtRSbTfPG5uol1eA-qjklE]]></FromUserName>
<CreateTime>1486383638</CreateTime>
<MsgType><![CDATA[event]]></MsgType>
<Event><![CDATA[VIEW]]></Event>
<EventKey><![CDATA[http://mp.angelbeautyinc.com/app/index.php?i=8&c=entry&do=member&m=ewei_shop]]></EventKey>
<MenuId>530471859</MenuId>
</xml>

2017-02-06 20:14:21 params :
------------
Array:
rule : -2 ;
module :  ;
message : Array ;

2017-02-06 20:14:21 response :
------------

2017-02-06 20:40:27 trace :
------------
String:
<xml><ToUserName><![CDATA[gh_fbee6dda34f1]]></ToUserName>
<FromUserName><![CDATA[o1Sf9wvbG7artpXp5MYj99B0mKI8]]></FromUserName>
<CreateTime>1486385204</CreateTime>
<MsgType><![CDATA[event]]></MsgType>
<Event><![CDATA[subscribe]]></Event>
<EventKey><![CDATA[]]></EventKey>
</xml>

2017-02-06 20:40:27 params :
------------
Array:
message : Array ;
module : news ;
rule : 26 ;
priority : 0 ;
keyword : Array ;

2017-02-06 20:40:27 response :
------------
Array:
FromUserName : gh_fbee6dda34f1 ;
ToUserName : o1Sf9wvbG7artpXp5MYj99B0mKI8 ;
MsgType : news ;
ArticleCount : 1 ;
Articles : Array ;

2017-02-06 20:40:36 trace :
------------
String:
<xml><ToUserName><![CDATA[gh_fbee6dda34f1]]></ToUserName>
<FromUserName><![CDATA[o1Sf9wvbG7artpXp5MYj99B0mKI8]]></FromUserName>
<CreateTime>1486385213</CreateTime>
<MsgType><![CDATA[event]]></MsgType>
<Event><![CDATA[VIEW]]></Event>
<EventKey><![CDATA[http://mp.angelbeautyinc.com/app/aboutus.html#enterprise]]></EventKey>
<MenuId>530471859</MenuId>
</xml>

2017-02-06 20:40:36 params :
------------
Array:
rule : -2 ;
module :  ;
message : Array ;

2017-02-06 20:40:36 response :
------------

2017-02-06 21:07:27 trace :
------------
String:
<xml><ToUserName><![CDATA[gh_fbee6dda34f1]]></ToUserName>
<FromUserName><![CDATA[o1Sf9wq9-7s7877JgAN7ZfKiCUC0]]></FromUserName>
<CreateTime>1486386824</CreateTime>
<MsgType><![CDATA[event]]></MsgType>
<Event><![CDATA[VIEW]]></Event>
<EventKey><![CDATA[http://mp.angelbeautyinc.com/app/aboutus.html#enterprise]]></EventKey>
<MenuId>530471859</MenuId>
</xml>

2017-02-06 21:07:27 params :
------------
Array:
rule : -2 ;
module :  ;
message : Array ;

2017-02-06 21:07:27 response :
------------

2017-02-06 21:07:45 trace :
------------
String:
<xml><ToUserName><![CDATA[gh_fbee6dda34f1]]></ToUserName>
<FromUserName><![CDATA[o1Sf9wq9-7s7877JgAN7ZfKiCUC0]]></FromUserName>
<CreateTime>1486386842</CreateTime>
<MsgType><![CDATA[event]]></MsgType>
<Event><![CDATA[VIEW]]></Event>
<EventKey><![CDATA[http://mp.angelbeautyinc.com/app/index.php?i=8&c=entry&do=shop&m=ewei_shop]]></EventKey>
<MenuId>530471859</MenuId>
</xml>

2017-02-06 21:07:45 params :
------------
Array:
rule : -2 ;
module :  ;
message : Array ;

2017-02-06 21:07:45 response :
------------

2017-02-06 21:19:32 trace :
------------
String:
<xml><ToUserName><![CDATA[gh_fbee6dda34f1]]></ToUserName>
<FromUserName><![CDATA[o1Sf9wk2msgsmXj94ClcQHpDq5qo]]></FromUserName>
<CreateTime>1486387549</CreateTime>
<MsgType><![CDATA[event]]></MsgType>
<Event><![CDATA[unsubscribe]]></Event>
<EventKey><![CDATA[]]></EventKey>
</xml>

2017-02-06 21:19:49 trace :
------------
String:
<xml><ToUserName><![CDATA[gh_fbee6dda34f1]]></ToUserName>
<FromUserName><![CDATA[o1Sf9woLf_EWwCGWbWUTCvpY6UYA]]></FromUserName>
<CreateTime>1486387566</CreateTime>
<MsgType><![CDATA[event]]></MsgType>
<Event><![CDATA[VIEW]]></Event>
<EventKey><![CDATA[http://mp.angelbeautyinc.com/app/aboutus.html#enterprise]]></EventKey>
<MenuId>530471859</MenuId>
</xml>

2017-02-06 21:19:49 params :
------------
Array:
rule : -2 ;
module :  ;
message : Array ;

2017-02-06 21:19:49 response :
------------

2017-02-06 21:20:48 trace :
------------
String:
<xml><ToUserName><![CDATA[gh_fbee6dda34f1]]></ToUserName>
<FromUserName><![CDATA[o1Sf9wk2msgsmXj94ClcQHpDq5qo]]></FromUserName>
<CreateTime>1486387625</CreateTime>
<MsgType><![CDATA[event]]></MsgType>
<Event><![CDATA[subscribe]]></Event>
<EventKey><![CDATA[]]></EventKey>
</xml>

2017-02-06 21:20:48 params :
------------
Array:
message : Array ;
module : news ;
rule : 26 ;
priority : 0 ;
keyword : Array ;

2017-02-06 21:20:48 response :
------------
Array:
FromUserName : gh_fbee6dda34f1 ;
ToUserName : o1Sf9wk2msgsmXj94ClcQHpDq5qo ;
MsgType : news ;
ArticleCount : 1 ;
Articles : Array ;

2017-02-06 21:21:07 trace :
------------
String:
<xml><ToUserName><![CDATA[gh_fbee6dda34f1]]></ToUserName>
<FromUserName><![CDATA[o1Sf9wk2msgsmXj94ClcQHpDq5qo]]></FromUserName>
<CreateTime>1486387644</CreateTime>
<MsgType><![CDATA[event]]></MsgType>
<Event><![CDATA[VIEW]]></Event>
<EventKey><![CDATA[http://mp.angelbeautyinc.com/app/index.php?i=8&c=entry&do=member&m=ewei_shop]]></EventKey>
<MenuId>530471859</MenuId>
</xml>

2017-02-06 21:21:07 params :
------------
Array:
rule : -2 ;
module :  ;
message : Array ;

2017-02-06 21:21:07 response :
------------

2017-02-06 21:22:40 trace :
------------
String:
<xml><ToUserName><![CDATA[gh_fbee6dda34f1]]></ToUserName>
<FromUserName><![CDATA[o1Sf9woLf_EWwCGWbWUTCvpY6UYA]]></FromUserName>
<CreateTime>1486387737</CreateTime>
<MsgType><![CDATA[event]]></MsgType>
<Event><![CDATA[VIEW]]></Event>
<EventKey><![CDATA[http://mp.angelbeautyinc.com/app/index.php?i=8&c=entry&do=member&m=ewei_shop]]></EventKey>
<MenuId>530471859</MenuId>
</xml>

2017-02-06 21:22:40 params :
------------
Array:
rule : -2 ;
module :  ;
message : Array ;

2017-02-06 21:22:40 response :
------------

2017-02-06 21:23:44 trace :
------------
String:
<xml><ToUserName><![CDATA[gh_fbee6dda34f1]]></ToUserName>
<FromUserName><![CDATA[o1Sf9woLf_EWwCGWbWUTCvpY6UYA]]></FromUserName>
<CreateTime>1486387801</CreateTime>
<MsgType><![CDATA[event]]></MsgType>
<Event><![CDATA[VIEW]]></Event>
<EventKey><![CDATA[http://mp.angelbeautyinc.com/app/index.php?i=8&c=entry&do=shop&m=ewei_shop]]></EventKey>
<MenuId>530471859</MenuId>
</xml>

2017-02-06 21:23:44 params :
------------
Array:
rule : -2 ;
module :  ;
message : Array ;

2017-02-06 21:23:44 response :
------------

2017-02-06 21:24:28 trace :
------------
String:
<xml><ToUserName><![CDATA[gh_fbee6dda34f1]]></ToUserName>
<FromUserName><![CDATA[o1Sf9woLf_EWwCGWbWUTCvpY6UYA]]></FromUserName>
<CreateTime>1486387844</CreateTime>
<MsgType><![CDATA[event]]></MsgType>
<Event><![CDATA[VIEW]]></Event>
<EventKey><![CDATA[http://mp.angelbeautyinc.com/app/index.php?i=8&c=entry&do=associate&m=lrj_guide]]></EventKey>
<MenuId>530471859</MenuId>
</xml>

2017-02-06 21:24:28 params :
------------
Array:
rule : -2 ;
module :  ;
message : Array ;

2017-02-06 21:24:28 response :
------------

2017-02-06 21:28:55 trace :
------------
String:
<xml><ToUserName><![CDATA[gh_fbee6dda34f1]]></ToUserName>
<FromUserName><![CDATA[o1Sf9woLf_EWwCGWbWUTCvpY6UYA]]></FromUserName>
<CreateTime>1486388112</CreateTime>
<MsgType><![CDATA[event]]></MsgType>
<Event><![CDATA[VIEW]]></Event>
<EventKey><![CDATA[http://mp.angelbeautyinc.com/app/index.php?i=8&c=entry&do=selfinspection&m=lrj_guide]]></EventKey>
<MenuId>530471859</MenuId>
</xml>

2017-02-06 21:28:55 params :
------------
Array:
rule : -2 ;
module :  ;
message : Array ;

2017-02-06 21:28:55 response :
------------

2017-02-06 21:34:11 trace :
------------
String:
<xml><ToUserName><![CDATA[gh_fbee6dda34f1]]></ToUserName>
<FromUserName><![CDATA[o1Sf9wpH8OEyyV_CFmuSLwR3yrWM]]></FromUserName>
<CreateTime>1486388428</CreateTime>
<MsgType><![CDATA[event]]></MsgType>
<Event><![CDATA[subscribe]]></Event>
<EventKey><![CDATA[]]></EventKey>
</xml>

2017-02-06 21:34:11 params :
------------
Array:
message : Array ;
module : news ;
rule : 26 ;
priority : 0 ;
keyword : Array ;

2017-02-06 21:34:11 response :
------------
Array:
FromUserName : gh_fbee6dda34f1 ;
ToUserName : o1Sf9wpH8OEyyV_CFmuSLwR3yrWM ;
MsgType : news ;
ArticleCount : 1 ;
Articles : Array ;

2017-02-06 21:34:31 trace :
------------
String:
<xml><ToUserName><![CDATA[gh_fbee6dda34f1]]></ToUserName>
<FromUserName><![CDATA[o1Sf9wtbDbkwgYmCIgzFrYQ3SygE]]></FromUserName>
<CreateTime>1486388448</CreateTime>
<MsgType><![CDATA[event]]></MsgType>
<Event><![CDATA[subscribe]]></Event>
<EventKey><![CDATA[]]></EventKey>
</xml>

2017-02-06 21:34:31 params :
------------
Array:
message : Array ;
module : news ;
rule : 26 ;
priority : 0 ;
keyword : Array ;

2017-02-06 21:34:31 response :
------------
Array:
FromUserName : gh_fbee6dda34f1 ;
ToUserName : o1Sf9wtbDbkwgYmCIgzFrYQ3SygE ;
MsgType : news ;
ArticleCount : 1 ;
Articles : Array ;

2017-02-06 21:35:21 trace :
------------
String:
<xml><ToUserName><![CDATA[gh_fbee6dda34f1]]></ToUserName>
<FromUserName><![CDATA[o1Sf9wtbDbkwgYmCIgzFrYQ3SygE]]></FromUserName>
<CreateTime>1486388498</CreateTime>
<MsgType><![CDATA[event]]></MsgType>
<Event><![CDATA[unsubscribe]]></Event>
<EventKey><![CDATA[]]></EventKey>
</xml>

2017-02-06 21:46:23 trace :
------------
String:
<xml><ToUserName><![CDATA[gh_fbee6dda34f1]]></ToUserName>
<FromUserName><![CDATA[o1Sf9wgIC1UWhC9SRnzNxTha7aGg]]></FromUserName>
<CreateTime>1486389159</CreateTime>
<MsgType><![CDATA[event]]></MsgType>
<Event><![CDATA[subscribe]]></Event>
<EventKey><![CDATA[]]></EventKey>
</xml>

2017-02-06 21:46:23 params :
------------
Array:
message : Array ;
module : news ;
rule : 26 ;
priority : 0 ;
keyword : Array ;

2017-02-06 21:46:23 response :
------------
Array:
FromUserName : gh_fbee6dda34f1 ;
ToUserName : o1Sf9wgIC1UWhC9SRnzNxTha7aGg ;
MsgType : news ;
ArticleCount : 1 ;
Articles : Array ;

2017-02-06 21:46:45 trace :
------------
String:
<xml><ToUserName><![CDATA[gh_fbee6dda34f1]]></ToUserName>
<FromUserName><![CDATA[o1Sf9wo3j1YchJSYd4KadWdmDqbg]]></FromUserName>
<CreateTime>1486389181</CreateTime>
<MsgType><![CDATA[event]]></MsgType>
<Event><![CDATA[VIEW]]></Event>
<EventKey><![CDATA[http://mp.angelbeautyinc.com/app/index.php?i=8&c=entry&do=shop&m=ewei_shop]]></EventKey>
<MenuId>530471859</MenuId>
</xml>

2017-02-06 21:46:45 params :
------------
Array:
rule : -2 ;
module :  ;
message : Array ;

2017-02-06 21:46:45 response :
------------

2017-02-06 21:50:31 trace :
------------
String:
<xml><ToUserName><![CDATA[gh_fbee6dda34f1]]></ToUserName>
<FromUserName><![CDATA[o1Sf9wp4qLbzq4S-9zsw-DBdIb7c]]></FromUserName>
<CreateTime>1486389408</CreateTime>
<MsgType><![CDATA[event]]></MsgType>
<Event><![CDATA[subscribe]]></Event>
<EventKey><![CDATA[]]></EventKey>
</xml>

2017-02-06 21:50:31 params :
------------
Array:
message : Array ;
module : news ;
rule : 26 ;
priority : 0 ;
keyword : Array ;

2017-02-06 21:50:31 response :
------------
Array:
FromUserName : gh_fbee6dda34f1 ;
ToUserName : o1Sf9wp4qLbzq4S-9zsw-DBdIb7c ;
MsgType : news ;
ArticleCount : 1 ;
Articles : Array ;

2017-02-06 21:50:43 trace :
------------
String:
<xml><ToUserName><![CDATA[gh_fbee6dda34f1]]></ToUserName>
<FromUserName><![CDATA[o1Sf9wp4qLbzq4S-9zsw-DBdIb7c]]></FromUserName>
<CreateTime>1486389420</CreateTime>
<MsgType><![CDATA[event]]></MsgType>
<Event><![CDATA[VIEW]]></Event>
<EventKey><![CDATA[http://mp.angelbeautyinc.com/app/aboutus.html#enterprise]]></EventKey>
<MenuId>530471859</MenuId>
</xml>

2017-02-06 21:50:43 params :
------------
Array:
rule : -2 ;
module :  ;
message : Array ;

2017-02-06 21:50:43 response :
------------

2017-02-06 21:53:20 trace :
------------
String:
<xml><ToUserName><![CDATA[gh_fbee6dda34f1]]></ToUserName>
<FromUserName><![CDATA[o1Sf9wjGmcr5Z4YyEBYu1KwuizvI]]></FromUserName>
<CreateTime>1486389576</CreateTime>
<MsgType><![CDATA[event]]></MsgType>
<Event><![CDATA[subscribe]]></Event>
<EventKey><![CDATA[]]></EventKey>
</xml>

2017-02-06 21:53:20 params :
------------
Array:
message : Array ;
module : news ;
rule : 26 ;
priority : 0 ;
keyword : Array ;

2017-02-06 21:53:20 response :
------------
Array:
FromUserName : gh_fbee6dda34f1 ;
ToUserName : o1Sf9wjGmcr5Z4YyEBYu1KwuizvI ;
MsgType : news ;
ArticleCount : 1 ;
Articles : Array ;

2017-02-06 22:04:09 trace :
------------
String:
<xml><ToUserName><![CDATA[gh_fbee6dda34f1]]></ToUserName>
<FromUserName><![CDATA[o1Sf9wjGmcr5Z4YyEBYu1KwuizvI]]></FromUserName>
<CreateTime>1486390225</CreateTime>
<MsgType><![CDATA[event]]></MsgType>
<Event><![CDATA[VIEW]]></Event>
<EventKey><![CDATA[http://mp.angelbeautyinc.com/app/aboutus.html#enterprise]]></EventKey>
<MenuId>530471859</MenuId>
</xml>

2017-02-06 22:04:09 params :
------------
Array:
rule : -2 ;
module :  ;
message : Array ;

2017-02-06 22:04:09 response :
------------

2017-02-06 22:04:29 trace :
------------
String:
<xml><ToUserName><![CDATA[gh_fbee6dda34f1]]></ToUserName>
<FromUserName><![CDATA[o1Sf9wjGmcr5Z4YyEBYu1KwuizvI]]></FromUserName>
<CreateTime>1486390246</CreateTime>
<MsgType><![CDATA[event]]></MsgType>
<Event><![CDATA[unsubscribe]]></Event>
<EventKey><![CDATA[]]></EventKey>
</xml>

2017-02-06 22:40:06 trace :
------------
String:
<xml><ToUserName><![CDATA[gh_fbee6dda34f1]]></ToUserName>
<FromUserName><![CDATA[o1Sf9wgIC1UWhC9SRnzNxTha7aGg]]></FromUserName>
<CreateTime>1486392382</CreateTime>
<MsgType><![CDATA[event]]></MsgType>
<Event><![CDATA[unsubscribe]]></Event>
<EventKey><![CDATA[]]></EventKey>
</xml>

2017-02-06 23:32:31 trace :
------------
String:
<xml><ToUserName><![CDATA[gh_fbee6dda34f1]]></ToUserName>
<FromUserName><![CDATA[o1Sf9wi1bTzPeWpDVPwYKzW71M9I]]></FromUserName>
<CreateTime>1486395526</CreateTime>
<MsgType><![CDATA[event]]></MsgType>
<Event><![CDATA[subscribe]]></Event>
<EventKey><![CDATA[]]></EventKey>
</xml>

2017-02-06 23:32:31 params :
------------
Array:
message : Array ;
module : news ;
rule : 26 ;
priority : 0 ;
keyword : Array ;

2017-02-06 23:32:31 response :
------------
Array:
FromUserName : gh_fbee6dda34f1 ;
ToUserName : o1Sf9wi1bTzPeWpDVPwYKzW71M9I ;
MsgType : news ;
ArticleCount : 1 ;
Articles : Array ;

2017-02-06 23:32:35 trace :
------------
String:
<xml><ToUserName><![CDATA[gh_fbee6dda34f1]]></ToUserName>
<FromUserName><![CDATA[o1Sf9wi1bTzPeWpDVPwYKzW71M9I]]></FromUserName>
<CreateTime>1486395526</CreateTime>
<MsgType><![CDATA[event]]></MsgType>
<Event><![CDATA[subscribe]]></Event>
<EventKey><![CDATA[]]></EventKey>
</xml>

2017-02-06 23:32:35 params :
------------
Array:
message : Array ;
module : news ;
rule : 26 ;
priority : 0 ;
keyword : Array ;

2017-02-06 23:32:35 response :
------------
Array:
FromUserName : gh_fbee6dda34f1 ;
ToUserName : o1Sf9wi1bTzPeWpDVPwYKzW71M9I ;
MsgType : news ;
ArticleCount : 1 ;
Articles : Array ;

2017-02-06 23:34:27 trace :
------------
String:
<xml><ToUserName><![CDATA[gh_fbee6dda34f1]]></ToUserName>
<FromUserName><![CDATA[o1Sf9wi1bTzPeWpDVPwYKzW71M9I]]></FromUserName>
<CreateTime>1486395642</CreateTime>
<MsgType><![CDATA[event]]></MsgType>
<Event><![CDATA[unsubscribe]]></Event>
<EventKey><![CDATA[]]></EventKey>
</xml>

