2017-01-02 21:35:08 trace :
------------
String:
<xml><ToUserName><![CDATA[gh_fbee6dda34f1]]></ToUserName>
<FromUserName><![CDATA[o1Sf9wsrOcd0En-jeTZ27YHvFfBI]]></FromUserName>
<CreateTime>1483364460</CreateTime>
<MsgType><![CDATA[event]]></MsgType>
<Event><![CDATA[VIEW]]></Event>
<EventKey><![CDATA[http://mp.angelbeautyinc.com/app/index.php?i=8&c=mc&a=bond&do=card&]]></EventKey>
<MenuId>529009798</MenuId>
</xml>

2017-01-02 21:35:08 params :
------------
Array:
rule : -2 ;
module :  ;
message : Array ;

2017-01-02 21:35:08 response :
------------

2017-01-02 21:35:08 trace :
------------
String:
<xml><ToUserName><![CDATA[gh_fbee6dda34f1]]></ToUserName>
<FromUserName><![CDATA[o1Sf9wsrOcd0En-jeTZ27YHvFfBI]]></FromUserName>
<CreateTime>1483364460</CreateTime>
<MsgType><![CDATA[event]]></MsgType>
<Event><![CDATA[VIEW]]></Event>
<EventKey><![CDATA[http://mp.angelbeautyinc.com/app/index.php?i=8&c=mc&a=bond&do=card&]]></EventKey>
<MenuId>529009798</MenuId>
</xml>

2017-01-02 21:35:08 params :
------------
Array:
rule : -2 ;
module :  ;
message : Array ;

2017-01-02 21:35:08 response :
------------

2017-01-02 21:35:45 trace :
------------
String:
<xml><ToUserName><![CDATA[gh_fbee6dda34f1]]></ToUserName>
<FromUserName><![CDATA[o1Sf9wsrOcd0En-jeTZ27YHvFfBI]]></FromUserName>
<CreateTime>1483364502</CreateTime>
<MsgType><![CDATA[event]]></MsgType>
<Event><![CDATA[VIEW]]></Event>
<EventKey><![CDATA[http://mp.angelbeautyinc.com/app/index.php?i=8&c=mc&a=bond&do=card&]]></EventKey>
<MenuId>529009798</MenuId>
</xml>

2017-01-02 21:35:45 params :
------------
Array:
rule : -2 ;
module :  ;
message : Array ;

2017-01-02 21:35:45 response :
------------

2017-01-02 21:35:49 trace :
------------
String:
<xml><ToUserName><![CDATA[gh_fbee6dda34f1]]></ToUserName>
<FromUserName><![CDATA[o1Sf9wsrOcd0En-jeTZ27YHvFfBI]]></FromUserName>
<CreateTime>1483364506</CreateTime>
<MsgType><![CDATA[event]]></MsgType>
<Event><![CDATA[VIEW]]></Event>
<EventKey><![CDATA[http://mp.angelbeautyinc.com/app/index.php?i=8&c=entry&do=member&m=ewei_shop]]></EventKey>
<MenuId>529009798</MenuId>
</xml>

2017-01-02 21:35:49 params :
------------
Array:
rule : -2 ;
module :  ;
message : Array ;

2017-01-02 21:35:49 response :
------------

2017-01-02 21:36:41 trace :
------------
String:
<xml><ToUserName><![CDATA[gh_fbee6dda34f1]]></ToUserName>
<FromUserName><![CDATA[o1Sf9wsrOcd0En-jeTZ27YHvFfBI]]></FromUserName>
<CreateTime>1483364559</CreateTime>
<MsgType><![CDATA[event]]></MsgType>
<Event><![CDATA[VIEW]]></Event>
<EventKey><![CDATA[http://mp.angelbeautyinc.com/app/aboutus.html#enterprise]]></EventKey>
<MenuId>529009798</MenuId>
</xml>

2017-01-02 21:36:42 params :
------------
Array:
rule : -2 ;
module :  ;
message : Array ;

2017-01-02 21:36:42 response :
------------

2017-01-02 21:37:15 trace :
------------
String:
<xml><ToUserName><![CDATA[gh_fbee6dda34f1]]></ToUserName>
<FromUserName><![CDATA[o1Sf9wsrOcd0En-jeTZ27YHvFfBI]]></FromUserName>
<CreateTime>1483364592</CreateTime>
<MsgType><![CDATA[event]]></MsgType>
<Event><![CDATA[VIEW]]></Event>
<EventKey><![CDATA[http://mp.angelbeautyinc.com/app/aboutus.html#brand]]></EventKey>
<MenuId>529009798</MenuId>
</xml>

2017-01-02 21:37:15 params :
------------
Array:
rule : -2 ;
module :  ;
message : Array ;

2017-01-02 21:37:15 response :
------------

2017-01-02 21:37:28 trace :
------------
String:
<xml><ToUserName><![CDATA[gh_fbee6dda34f1]]></ToUserName>
<FromUserName><![CDATA[o1Sf9wsrOcd0En-jeTZ27YHvFfBI]]></FromUserName>
<CreateTime>1483364600</CreateTime>
<MsgType><![CDATA[event]]></MsgType>
<Event><![CDATA[VIEW]]></Event>
<EventKey><![CDATA[http://mp.angelbeautyinc.com/app/aboutus.html#enterprise]]></EventKey>
<MenuId>529009798</MenuId>
</xml>

2017-01-02 21:37:28 params :
------------
Array:
rule : -2 ;
module :  ;
message : Array ;

2017-01-02 21:37:28 response :
------------

2017-01-02 21:37:29 trace :
------------
String:
<xml><ToUserName><![CDATA[gh_fbee6dda34f1]]></ToUserName>
<FromUserName><![CDATA[o1Sf9wsrOcd0En-jeTZ27YHvFfBI]]></FromUserName>
<CreateTime>1483364600</CreateTime>
<MsgType><![CDATA[event]]></MsgType>
<Event><![CDATA[VIEW]]></Event>
<EventKey><![CDATA[http://mp.angelbeautyinc.com/app/aboutus.html#enterprise]]></EventKey>
<MenuId>529009798</MenuId>
</xml>

2017-01-02 21:37:29 params :
------------
Array:
rule : -2 ;
module :  ;
message : Array ;

2017-01-02 21:37:29 response :
------------

2017-01-02 21:37:44 trace :
------------
String:
<xml><ToUserName><![CDATA[gh_fbee6dda34f1]]></ToUserName>
<FromUserName><![CDATA[o1Sf9wsrOcd0En-jeTZ27YHvFfBI]]></FromUserName>
<CreateTime>1483364621</CreateTime>
<MsgType><![CDATA[event]]></MsgType>
<Event><![CDATA[VIEW]]></Event>
<EventKey><![CDATA[http://mp.angelbeautyinc.com/app/index.php?i=8&c=entry&do=member&m=ewei_shop]]></EventKey>
<MenuId>529009798</MenuId>
</xml>

2017-01-02 21:37:44 params :
------------
Array:
rule : -2 ;
module :  ;
message : Array ;

2017-01-02 21:37:44 response :
------------

