2017-02-10 08:20:14 trace :
------------
String:
<xml><ToUserName><![CDATA[gh_fbee6dda34f1]]></ToUserName>
<FromUserName><![CDATA[o1Sf9wqsUDss8mvBJeyrRb7AHCsc]]></FromUserName>
<CreateTime>1486686344</CreateTime>
<MsgType><![CDATA[event]]></MsgType>
<Event><![CDATA[subscribe]]></Event>
<EventKey><![CDATA[]]></EventKey>
</xml>

2017-02-10 08:20:14 params :
------------
Array:
message : Array ;
module : news ;
rule : 26 ;
priority : 0 ;
keyword : Array ;

2017-02-10 08:20:14 response :
------------
Array:
FromUserName : gh_fbee6dda34f1 ;
ToUserName : o1Sf9wqsUDss8mvBJeyrRb7AHCsc ;
MsgType : news ;
ArticleCount : 1 ;
Articles : Array ;

2017-02-10 09:19:46 trace :
------------
String:
<xml><ToUserName><![CDATA[gh_fbee6dda34f1]]></ToUserName>
<FromUserName><![CDATA[o1Sf9wp-iq5Q7ZHtG9m3LCQgqFJE]]></FromUserName>
<CreateTime>1486689913</CreateTime>
<MsgType><![CDATA[event]]></MsgType>
<Event><![CDATA[VIEW]]></Event>
<EventKey><![CDATA[http://mp.angelbeautyinc.com/app/index.php?i=8&c=entry&do=shop&m=ewei_shop]]></EventKey>
<MenuId>530471859</MenuId>
</xml>

2017-02-10 09:19:46 params :
------------
Array:
rule : -2 ;
module :  ;
message : Array ;

2017-02-10 09:19:46 response :
------------

2017-02-10 09:20:56 trace :
------------
String:
<xml><ToUserName><![CDATA[gh_fbee6dda34f1]]></ToUserName>
<FromUserName><![CDATA[o1Sf9wp-iq5Q7ZHtG9m3LCQgqFJE]]></FromUserName>
<CreateTime>1486689986</CreateTime>
<MsgType><![CDATA[event]]></MsgType>
<Event><![CDATA[VIEW]]></Event>
<EventKey><![CDATA[http://mp.angelbeautyinc.com/app/index.php?i=8&c=entry&do=selfinspection&m=lrj_guide]]></EventKey>
<MenuId>530471859</MenuId>
</xml>

2017-02-10 09:20:56 params :
------------
Array:
rule : -2 ;
module :  ;
message : Array ;

2017-02-10 09:20:56 response :
------------

2017-02-10 09:21:04 trace :
------------
String:
<xml><ToUserName><![CDATA[gh_fbee6dda34f1]]></ToUserName>
<FromUserName><![CDATA[o1Sf9wp-iq5Q7ZHtG9m3LCQgqFJE]]></FromUserName>
<CreateTime>1486689994</CreateTime>
<MsgType><![CDATA[event]]></MsgType>
<Event><![CDATA[VIEW]]></Event>
<EventKey><![CDATA[http://mp.angelbeautyinc.com/app/index.php?i=8&c=entry&do=member&m=ewei_shop]]></EventKey>
<MenuId>530471859</MenuId>
</xml>

2017-02-10 09:21:04 params :
------------
Array:
rule : -2 ;
module :  ;
message : Array ;

2017-02-10 09:21:04 response :
------------

2017-02-10 09:58:39 trace :
------------
String:
<xml><ToUserName><![CDATA[gh_fbee6dda34f1]]></ToUserName>
<FromUserName><![CDATA[o1Sf9wqkI_Yr_NhiFSd6rAcnS8WQ]]></FromUserName>
<CreateTime>1486692249</CreateTime>
<MsgType><![CDATA[event]]></MsgType>
<Event><![CDATA[VIEW]]></Event>
<EventKey><![CDATA[http://mp.angelbeautyinc.com/app/index.php?i=8&c=entry&do=selfinspection&m=lrj_guide]]></EventKey>
<MenuId>530471859</MenuId>
</xml>

2017-02-10 09:58:39 params :
------------
Array:
rule : -2 ;
module :  ;
message : Array ;

2017-02-10 09:58:39 response :
------------

2017-02-10 09:59:04 trace :
------------
String:
<xml><ToUserName><![CDATA[gh_fbee6dda34f1]]></ToUserName>
<FromUserName><![CDATA[o1Sf9wqkI_Yr_NhiFSd6rAcnS8WQ]]></FromUserName>
<CreateTime>1486692274</CreateTime>
<MsgType><![CDATA[event]]></MsgType>
<Event><![CDATA[VIEW]]></Event>
<EventKey><![CDATA[http://mp.angelbeautyinc.com/app/index.php?i=8&c=entry&do=selfinspection&m=lrj_guide]]></EventKey>
<MenuId>530471859</MenuId>
</xml>

2017-02-10 09:59:04 params :
------------
Array:
rule : -2 ;
module :  ;
message : Array ;

2017-02-10 09:59:04 response :
------------

2017-02-10 10:00:24 trace :
------------
String:
<xml><ToUserName><![CDATA[gh_fbee6dda34f1]]></ToUserName>
<FromUserName><![CDATA[o1Sf9wqkI_Yr_NhiFSd6rAcnS8WQ]]></FromUserName>
<CreateTime>1486692354</CreateTime>
<MsgType><![CDATA[event]]></MsgType>
<Event><![CDATA[VIEW]]></Event>
<EventKey><![CDATA[http://mp.angelbeautyinc.com/app/index.php?i=8&c=entry&do=selfinspection&m=lrj_guide]]></EventKey>
<MenuId>530471859</MenuId>
</xml>

2017-02-10 10:00:24 params :
------------
Array:
rule : -2 ;
module :  ;
message : Array ;

2017-02-10 10:00:24 response :
------------

2017-02-10 10:01:24 trace :
------------
String:
<xml><ToUserName><![CDATA[gh_fbee6dda34f1]]></ToUserName>
<FromUserName><![CDATA[o1Sf9wqkI_Yr_NhiFSd6rAcnS8WQ]]></FromUserName>
<CreateTime>1486692413</CreateTime>
<MsgType><![CDATA[event]]></MsgType>
<Event><![CDATA[VIEW]]></Event>
<EventKey><![CDATA[http://mp.angelbeautyinc.com/app/index.php?i=8&c=entry&do=selfinspection&m=lrj_guide]]></EventKey>
<MenuId>530471859</MenuId>
</xml>

2017-02-10 10:01:24 params :
------------
Array:
rule : -2 ;
module :  ;
message : Array ;

2017-02-10 10:01:24 response :
------------

2017-02-10 11:23:27 trace :
------------
String:
<xml><ToUserName><![CDATA[gh_fbee6dda34f1]]></ToUserName>
<FromUserName><![CDATA[o1Sf9wqkI_Yr_NhiFSd6rAcnS8WQ]]></FromUserName>
<CreateTime>1486697336</CreateTime>
<MsgType><![CDATA[event]]></MsgType>
<Event><![CDATA[VIEW]]></Event>
<EventKey><![CDATA[http://mp.angelbeautyinc.com/app/index.php?i=8&c=entry&do=selfinspection&m=lrj_guide]]></EventKey>
<MenuId>530471859</MenuId>
</xml>

2017-02-10 11:23:27 params :
------------
Array:
rule : -2 ;
module :  ;
message : Array ;

2017-02-10 11:23:27 response :
------------

2017-02-10 11:31:40 trace :
------------
String:
<xml><ToUserName><![CDATA[gh_fbee6dda34f1]]></ToUserName>
<FromUserName><![CDATA[o1Sf9wqkI_Yr_NhiFSd6rAcnS8WQ]]></FromUserName>
<CreateTime>1486697829</CreateTime>
<MsgType><![CDATA[event]]></MsgType>
<Event><![CDATA[VIEW]]></Event>
<EventKey><![CDATA[http://mp.angelbeautyinc.com/app/index.php?i=8&c=entry&do=shop&m=ewei_shop]]></EventKey>
<MenuId>530471859</MenuId>
</xml>

2017-02-10 11:31:41 params :
------------
Array:
rule : -2 ;
module :  ;
message : Array ;

2017-02-10 11:31:41 response :
------------

2017-02-10 12:36:13 trace :
------------
String:
<xml><ToUserName><![CDATA[gh_fbee6dda34f1]]></ToUserName>
<FromUserName><![CDATA[o1Sf9wo8pFcn-v0O2Nmln67-0vGg]]></FromUserName>
<CreateTime>1486701701</CreateTime>
<MsgType><![CDATA[event]]></MsgType>
<Event><![CDATA[subscribe]]></Event>
<EventKey><![CDATA[]]></EventKey>
</xml>

2017-02-10 12:36:13 params :
------------
Array:
message : Array ;
module : news ;
rule : 26 ;
priority : 0 ;
keyword : Array ;

2017-02-10 12:36:13 response :
------------
Array:
FromUserName : gh_fbee6dda34f1 ;
ToUserName : o1Sf9wo8pFcn-v0O2Nmln67-0vGg ;
MsgType : news ;
ArticleCount : 1 ;
Articles : Array ;

2017-02-10 12:36:23 trace :
------------
String:
<xml><ToUserName><![CDATA[gh_fbee6dda34f1]]></ToUserName>
<FromUserName><![CDATA[o1Sf9wo8pFcn-v0O2Nmln67-0vGg]]></FromUserName>
<CreateTime>1486701711</CreateTime>
<MsgType><![CDATA[event]]></MsgType>
<Event><![CDATA[VIEW]]></Event>
<EventKey><![CDATA[http://mp.angelbeautyinc.com/app/index.php?i=8&c=entry&do=shop&m=ewei_shop]]></EventKey>
<MenuId>530471859</MenuId>
</xml>

2017-02-10 12:36:23 params :
------------
Array:
rule : -2 ;
module :  ;
message : Array ;

2017-02-10 12:36:23 response :
------------

2017-02-10 12:36:42 trace :
------------
String:
<xml><ToUserName><![CDATA[gh_fbee6dda34f1]]></ToUserName>
<FromUserName><![CDATA[o1Sf9wo8pFcn-v0O2Nmln67-0vGg]]></FromUserName>
<CreateTime>1486701730</CreateTime>
<MsgType><![CDATA[event]]></MsgType>
<Event><![CDATA[VIEW]]></Event>
<EventKey><![CDATA[http://mp.angelbeautyinc.com/app/index.php?i=8&c=entry&do=shop&m=ewei_shop]]></EventKey>
<MenuId>530471859</MenuId>
</xml>

2017-02-10 12:36:42 params :
------------
Array:
rule : -2 ;
module :  ;
message : Array ;

2017-02-10 12:36:42 response :
------------

2017-02-10 13:20:24 trace :
------------
String:
<xml><ToUserName><![CDATA[gh_fbee6dda34f1]]></ToUserName>
<FromUserName><![CDATA[o1Sf9wkKBQehW95uXJpMpNu1EkCg]]></FromUserName>
<CreateTime>1486704352</CreateTime>
<MsgType><![CDATA[event]]></MsgType>
<Event><![CDATA[VIEW]]></Event>
<EventKey><![CDATA[http://mp.angelbeautyinc.com/app/index.php?i=8&c=entry&do=shop&m=ewei_shop]]></EventKey>
<MenuId>530471859</MenuId>
</xml>

2017-02-10 13:20:24 params :
------------
Array:
rule : -2 ;
module :  ;
message : Array ;

2017-02-10 13:20:24 response :
------------

2017-02-10 13:21:42 trace :
------------
String:
<xml><ToUserName><![CDATA[gh_fbee6dda34f1]]></ToUserName>
<FromUserName><![CDATA[o1Sf9wkKBQehW95uXJpMpNu1EkCg]]></FromUserName>
<CreateTime>1486704430</CreateTime>
<MsgType><![CDATA[event]]></MsgType>
<Event><![CDATA[VIEW]]></Event>
<EventKey><![CDATA[http://mp.angelbeautyinc.com/app/index.php?i=8&c=entry&do=member&m=ewei_shop]]></EventKey>
<MenuId>530471859</MenuId>
</xml>

2017-02-10 13:21:42 params :
------------
Array:
rule : -2 ;
module :  ;
message : Array ;

2017-02-10 13:21:42 response :
------------

2017-02-10 13:31:15 trace :
------------
String:
<xml><ToUserName><![CDATA[gh_fbee6dda34f1]]></ToUserName>
<FromUserName><![CDATA[o1Sf9wqTVQi62YhMWkM6JDQnNmBU]]></FromUserName>
<CreateTime>1486705003</CreateTime>
<MsgType><![CDATA[event]]></MsgType>
<Event><![CDATA[VIEW]]></Event>
<EventKey><![CDATA[http://mp.angelbeautyinc.com/app/index.php?i=8&c=entry&do=selfinspection&m=lrj_guide]]></EventKey>
<MenuId>530471859</MenuId>
</xml>

2017-02-10 13:31:15 params :
------------
Array:
rule : -2 ;
module :  ;
message : Array ;

2017-02-10 13:31:15 response :
------------

2017-02-10 13:36:28 trace :
------------
String:
<xml><ToUserName><![CDATA[gh_fbee6dda34f1]]></ToUserName>
<FromUserName><![CDATA[o1Sf9wqTVQi62YhMWkM6JDQnNmBU]]></FromUserName>
<CreateTime>1486705316</CreateTime>
<MsgType><![CDATA[event]]></MsgType>
<Event><![CDATA[VIEW]]></Event>
<EventKey><![CDATA[http://mp.angelbeautyinc.com/app/index.php?i=8&c=entry&do=selfinspection&m=lrj_guide]]></EventKey>
<MenuId>530471859</MenuId>
</xml>

2017-02-10 13:36:28 params :
------------
Array:
rule : -2 ;
module :  ;
message : Array ;

2017-02-10 13:36:28 response :
------------

2017-02-10 13:36:55 trace :
------------
String:
<xml><ToUserName><![CDATA[gh_fbee6dda34f1]]></ToUserName>
<FromUserName><![CDATA[o1Sf9wqTVQi62YhMWkM6JDQnNmBU]]></FromUserName>
<CreateTime>1486705343</CreateTime>
<MsgType><![CDATA[event]]></MsgType>
<Event><![CDATA[VIEW]]></Event>
<EventKey><![CDATA[http://mp.angelbeautyinc.com/app/index.php?i=8&c=entry&do=selfinspection&m=lrj_guide]]></EventKey>
<MenuId>530471859</MenuId>
</xml>

2017-02-10 13:36:55 params :
------------
Array:
rule : -2 ;
module :  ;
message : Array ;

2017-02-10 13:36:55 response :
------------

2017-02-10 13:37:30 trace :
------------
String:
<xml><ToUserName><![CDATA[gh_fbee6dda34f1]]></ToUserName>
<FromUserName><![CDATA[o1Sf9wqTVQi62YhMWkM6JDQnNmBU]]></FromUserName>
<CreateTime>1486705378</CreateTime>
<MsgType><![CDATA[event]]></MsgType>
<Event><![CDATA[VIEW]]></Event>
<EventKey><![CDATA[http://mp.angelbeautyinc.com/app/index.php?i=8&c=entry&do=selfinspection&m=lrj_guide]]></EventKey>
<MenuId>530471859</MenuId>
</xml>

2017-02-10 13:37:30 params :
------------
Array:
rule : -2 ;
module :  ;
message : Array ;

2017-02-10 13:37:30 response :
------------

2017-02-10 13:38:44 trace :
------------
String:
<xml><ToUserName><![CDATA[gh_fbee6dda34f1]]></ToUserName>
<FromUserName><![CDATA[o1Sf9wqTVQi62YhMWkM6JDQnNmBU]]></FromUserName>
<CreateTime>1486705452</CreateTime>
<MsgType><![CDATA[event]]></MsgType>
<Event><![CDATA[VIEW]]></Event>
<EventKey><![CDATA[http://mp.angelbeautyinc.com/app/index.php?i=8&c=entry&do=selfinspection&m=lrj_guide]]></EventKey>
<MenuId>530471859</MenuId>
</xml>

2017-02-10 13:38:44 params :
------------
Array:
rule : -2 ;
module :  ;
message : Array ;

2017-02-10 13:38:44 response :
------------

2017-02-10 13:38:58 trace :
------------
String:
<xml><ToUserName><![CDATA[gh_fbee6dda34f1]]></ToUserName>
<FromUserName><![CDATA[o1Sf9wqTVQi62YhMWkM6JDQnNmBU]]></FromUserName>
<CreateTime>1486705466</CreateTime>
<MsgType><![CDATA[event]]></MsgType>
<Event><![CDATA[VIEW]]></Event>
<EventKey><![CDATA[http://mp.angelbeautyinc.com/app/index.php?i=8&c=entry&do=selfinspection&m=lrj_guide]]></EventKey>
<MenuId>530471859</MenuId>
</xml>

2017-02-10 13:38:58 params :
------------
Array:
rule : -2 ;
module :  ;
message : Array ;

2017-02-10 13:38:58 response :
------------

2017-02-10 13:40:10 trace :
------------
String:
<xml><ToUserName><![CDATA[gh_fbee6dda34f1]]></ToUserName>
<FromUserName><![CDATA[o1Sf9wqTVQi62YhMWkM6JDQnNmBU]]></FromUserName>
<CreateTime>1486705537</CreateTime>
<MsgType><![CDATA[event]]></MsgType>
<Event><![CDATA[VIEW]]></Event>
<EventKey><![CDATA[http://mp.angelbeautyinc.com/app/index.php?i=8&c=entry&do=selfinspection&m=lrj_guide]]></EventKey>
<MenuId>530471859</MenuId>
</xml>

2017-02-10 13:40:10 params :
------------
Array:
rule : -2 ;
module :  ;
message : Array ;

2017-02-10 13:40:10 response :
------------

2017-02-10 13:40:52 trace :
------------
String:
<xml><ToUserName><![CDATA[gh_fbee6dda34f1]]></ToUserName>
<FromUserName><![CDATA[o1Sf9wqTVQi62YhMWkM6JDQnNmBU]]></FromUserName>
<CreateTime>1486705580</CreateTime>
<MsgType><![CDATA[event]]></MsgType>
<Event><![CDATA[VIEW]]></Event>
<EventKey><![CDATA[http://mp.angelbeautyinc.com/app/index.php?i=8&c=entry&do=selfinspection&m=lrj_guide]]></EventKey>
<MenuId>530471859</MenuId>
</xml>

2017-02-10 13:40:52 params :
------------
Array:
rule : -2 ;
module :  ;
message : Array ;

2017-02-10 13:40:52 response :
------------

2017-02-10 13:41:56 trace :
------------
String:
<xml><ToUserName><![CDATA[gh_fbee6dda34f1]]></ToUserName>
<FromUserName><![CDATA[o1Sf9wqTVQi62YhMWkM6JDQnNmBU]]></FromUserName>
<CreateTime>1486705644</CreateTime>
<MsgType><![CDATA[event]]></MsgType>
<Event><![CDATA[VIEW]]></Event>
<EventKey><![CDATA[http://mp.angelbeautyinc.com/app/index.php?i=8&c=entry&do=selfinspection&m=lrj_guide]]></EventKey>
<MenuId>530471859</MenuId>
</xml>

2017-02-10 13:41:56 params :
------------
Array:
rule : -2 ;
module :  ;
message : Array ;

2017-02-10 13:41:56 response :
------------

2017-02-10 13:42:17 trace :
------------
String:
<xml><ToUserName><![CDATA[gh_fbee6dda34f1]]></ToUserName>
<FromUserName><![CDATA[o1Sf9wqTVQi62YhMWkM6JDQnNmBU]]></FromUserName>
<CreateTime>1486705665</CreateTime>
<MsgType><![CDATA[event]]></MsgType>
<Event><![CDATA[VIEW]]></Event>
<EventKey><![CDATA[http://mp.angelbeautyinc.com/app/index.php?i=8&c=entry&do=selfinspection&m=lrj_guide]]></EventKey>
<MenuId>530471859</MenuId>
</xml>

2017-02-10 13:42:17 params :
------------
Array:
rule : -2 ;
module :  ;
message : Array ;

2017-02-10 13:42:17 response :
------------

2017-02-10 13:44:59 trace :
------------
String:
<xml><ToUserName><![CDATA[gh_fbee6dda34f1]]></ToUserName>
<FromUserName><![CDATA[o1Sf9wqTVQi62YhMWkM6JDQnNmBU]]></FromUserName>
<CreateTime>1486705827</CreateTime>
<MsgType><![CDATA[event]]></MsgType>
<Event><![CDATA[VIEW]]></Event>
<EventKey><![CDATA[http://mp.angelbeautyinc.com/app/index.php?i=8&c=entry&do=selfinspection&m=lrj_guide]]></EventKey>
<MenuId>530471859</MenuId>
</xml>

2017-02-10 13:44:59 params :
------------
Array:
rule : -2 ;
module :  ;
message : Array ;

2017-02-10 13:44:59 response :
------------

2017-02-10 13:45:32 trace :
------------
String:
<xml><ToUserName><![CDATA[gh_fbee6dda34f1]]></ToUserName>
<FromUserName><![CDATA[o1Sf9wqTVQi62YhMWkM6JDQnNmBU]]></FromUserName>
<CreateTime>1486705859</CreateTime>
<MsgType><![CDATA[event]]></MsgType>
<Event><![CDATA[VIEW]]></Event>
<EventKey><![CDATA[http://mp.angelbeautyinc.com/app/index.php?i=8&c=entry&do=selfinspection&m=lrj_guide]]></EventKey>
<MenuId>530471859</MenuId>
</xml>

2017-02-10 13:45:32 params :
------------
Array:
rule : -2 ;
module :  ;
message : Array ;

2017-02-10 13:45:32 response :
------------

2017-02-10 14:18:56 trace :
------------
String:
<xml><ToUserName><![CDATA[gh_fbee6dda34f1]]></ToUserName>
<FromUserName><![CDATA[o1Sf9wkKBQehW95uXJpMpNu1EkCg]]></FromUserName>
<CreateTime>1486707863</CreateTime>
<MsgType><![CDATA[event]]></MsgType>
<Event><![CDATA[VIEW]]></Event>
<EventKey><![CDATA[http://mp.angelbeautyinc.com/app/index.php?i=8&c=entry&do=shop&m=ewei_shop]]></EventKey>
<MenuId>530471859</MenuId>
</xml>

2017-02-10 14:18:56 params :
------------
Array:
rule : -2 ;
module :  ;
message : Array ;

2017-02-10 14:18:56 response :
------------

2017-02-10 14:33:48 trace :
------------
String:
<xml><ToUserName><![CDATA[gh_fbee6dda34f1]]></ToUserName>
<FromUserName><![CDATA[o1Sf9wkKBQehW95uXJpMpNu1EkCg]]></FromUserName>
<CreateTime>1486708756</CreateTime>
<MsgType><![CDATA[event]]></MsgType>
<Event><![CDATA[VIEW]]></Event>
<EventKey><![CDATA[http://mp.angelbeautyinc.com/app/index.php?i=8&c=entry&do=shop&m=ewei_shop]]></EventKey>
<MenuId>530471859</MenuId>
</xml>

2017-02-10 14:33:48 params :
------------
Array:
rule : -2 ;
module :  ;
message : Array ;

2017-02-10 14:33:48 response :
------------

2017-02-10 14:53:30 trace :
------------
String:
<xml><ToUserName><![CDATA[gh_fbee6dda34f1]]></ToUserName>
<FromUserName><![CDATA[o1Sf9wgQmRR3z-vMRgdAna6k58dQ]]></FromUserName>
<CreateTime>1486709937</CreateTime>
<MsgType><![CDATA[event]]></MsgType>
<Event><![CDATA[subscribe]]></Event>
<EventKey><![CDATA[]]></EventKey>
</xml>

2017-02-10 14:53:30 params :
------------
Array:
message : Array ;
module : news ;
rule : 26 ;
priority : 0 ;
keyword : Array ;

2017-02-10 14:53:30 response :
------------
Array:
FromUserName : gh_fbee6dda34f1 ;
ToUserName : o1Sf9wgQmRR3z-vMRgdAna6k58dQ ;
MsgType : news ;
ArticleCount : 1 ;
Articles : Array ;

2017-02-10 14:54:10 trace :
------------
String:
<xml><ToUserName><![CDATA[gh_fbee6dda34f1]]></ToUserName>
<FromUserName><![CDATA[o1Sf9wgQmRR3z-vMRgdAna6k58dQ]]></FromUserName>
<CreateTime>1486709978</CreateTime>
<MsgType><![CDATA[event]]></MsgType>
<Event><![CDATA[VIEW]]></Event>
<EventKey><![CDATA[http://mp.angelbeautyinc.com/app/index.php?i=8&c=entry&do=shop&m=ewei_shop]]></EventKey>
<MenuId>530471859</MenuId>
</xml>

2017-02-10 14:54:10 params :
------------
Array:
rule : -2 ;
module :  ;
message : Array ;

2017-02-10 14:54:10 response :
------------

2017-02-10 14:54:29 trace :
------------
String:
<xml><ToUserName><![CDATA[gh_fbee6dda34f1]]></ToUserName>
<FromUserName><![CDATA[o1Sf9wkKBQehW95uXJpMpNu1EkCg]]></FromUserName>
<CreateTime>1486709997</CreateTime>
<MsgType><![CDATA[event]]></MsgType>
<Event><![CDATA[VIEW]]></Event>
<EventKey><![CDATA[http://mp.angelbeautyinc.com/app/index.php?i=8&c=entry&do=shop&m=ewei_shop]]></EventKey>
<MenuId>530471859</MenuId>
</xml>

2017-02-10 14:54:29 params :
------------
Array:
rule : -2 ;
module :  ;
message : Array ;

2017-02-10 14:54:29 response :
------------

2017-02-10 15:00:45 trace :
------------
String:
<xml><ToUserName><![CDATA[gh_fbee6dda34f1]]></ToUserName>
<FromUserName><![CDATA[o1Sf9wgQmRR3z-vMRgdAna6k58dQ]]></FromUserName>
<CreateTime>1486710372</CreateTime>
<MsgType><![CDATA[event]]></MsgType>
<Event><![CDATA[VIEW]]></Event>
<EventKey><![CDATA[http://mp.angelbeautyinc.com/app/index.php?i=8&c=entry&do=selfinspection&m=lrj_guide]]></EventKey>
<MenuId>530471859</MenuId>
</xml>

2017-02-10 15:00:45 params :
------------
Array:
rule : -2 ;
module :  ;
message : Array ;

2017-02-10 15:00:45 response :
------------

2017-02-10 15:14:17 trace :
------------
String:
<xml><ToUserName><![CDATA[gh_fbee6dda34f1]]></ToUserName>
<FromUserName><![CDATA[o1Sf9wup26qclEEWJNTB9sdYJjus]]></FromUserName>
<CreateTime>1486711184</CreateTime>
<MsgType><![CDATA[event]]></MsgType>
<Event><![CDATA[subscribe]]></Event>
<EventKey><![CDATA[]]></EventKey>
</xml>

2017-02-10 15:14:17 params :
------------
Array:
message : Array ;
module : news ;
rule : 26 ;
priority : 0 ;
keyword : Array ;

2017-02-10 15:14:17 response :
------------
Array:
FromUserName : gh_fbee6dda34f1 ;
ToUserName : o1Sf9wup26qclEEWJNTB9sdYJjus ;
MsgType : news ;
ArticleCount : 1 ;
Articles : Array ;

2017-02-10 15:26:25 trace :
------------
String:
<xml><ToUserName><![CDATA[gh_fbee6dda34f1]]></ToUserName>
<FromUserName><![CDATA[o1Sf9wmoK8M1zp2ky8JmeNRIRRdw]]></FromUserName>
<CreateTime>1486711912</CreateTime>
<MsgType><![CDATA[event]]></MsgType>
<Event><![CDATA[subscribe]]></Event>
<EventKey><![CDATA[]]></EventKey>
</xml>

2017-02-10 15:26:25 params :
------------
Array:
message : Array ;
module : news ;
rule : 26 ;
priority : 0 ;
keyword : Array ;

2017-02-10 15:26:25 response :
------------
Array:
FromUserName : gh_fbee6dda34f1 ;
ToUserName : o1Sf9wmoK8M1zp2ky8JmeNRIRRdw ;
MsgType : news ;
ArticleCount : 1 ;
Articles : Array ;

2017-02-10 15:58:13 trace :
------------
String:
<xml><ToUserName><![CDATA[gh_fbee6dda34f1]]></ToUserName>
<FromUserName><![CDATA[o1Sf9wkKBQehW95uXJpMpNu1EkCg]]></FromUserName>
<CreateTime>1486713820</CreateTime>
<MsgType><![CDATA[event]]></MsgType>
<Event><![CDATA[VIEW]]></Event>
<EventKey><![CDATA[http://mp.angelbeautyinc.com/app/index.php?i=8&c=entry&do=shop&m=ewei_shop]]></EventKey>
<MenuId>530471859</MenuId>
</xml>

2017-02-10 15:58:13 params :
------------
Array:
rule : -2 ;
module :  ;
message : Array ;

2017-02-10 15:58:13 response :
------------

2017-02-10 16:05:35 trace :
------------
String:
<xml><ToUserName><![CDATA[gh_fbee6dda34f1]]></ToUserName>
<FromUserName><![CDATA[o1Sf9wkKBQehW95uXJpMpNu1EkCg]]></FromUserName>
<CreateTime>1486714261</CreateTime>
<MsgType><![CDATA[event]]></MsgType>
<Event><![CDATA[VIEW]]></Event>
<EventKey><![CDATA[http://mp.angelbeautyinc.com/app/index.php?i=8&c=entry&do=shop&m=ewei_shop]]></EventKey>
<MenuId>530471859</MenuId>
</xml>

2017-02-10 16:05:35 params :
------------
Array:
rule : -2 ;
module :  ;
message : Array ;

2017-02-10 16:05:35 response :
------------

2017-02-10 16:09:16 trace :
------------
String:
<xml><ToUserName><![CDATA[gh_fbee6dda34f1]]></ToUserName>
<FromUserName><![CDATA[o1Sf9wkKBQehW95uXJpMpNu1EkCg]]></FromUserName>
<CreateTime>1486714482</CreateTime>
<MsgType><![CDATA[event]]></MsgType>
<Event><![CDATA[VIEW]]></Event>
<EventKey><![CDATA[http://mp.angelbeautyinc.com/app/index.php?i=8&c=entry&do=shop&m=ewei_shop]]></EventKey>
<MenuId>530471859</MenuId>
</xml>

2017-02-10 16:09:16 params :
------------
Array:
rule : -2 ;
module :  ;
message : Array ;

2017-02-10 16:09:16 response :
------------

2017-02-10 16:22:11 trace :
------------
String:
<xml><ToUserName><![CDATA[gh_fbee6dda34f1]]></ToUserName>
<FromUserName><![CDATA[o1Sf9wmbIlTY7SRkEutXpawKwCeE]]></FromUserName>
<CreateTime>1486715257</CreateTime>
<MsgType><![CDATA[event]]></MsgType>
<Event><![CDATA[VIEW]]></Event>
<EventKey><![CDATA[http://mp.angelbeautyinc.com/app/index.php?i=8&c=entry&do=shop&m=ewei_shop]]></EventKey>
<MenuId>531367307</MenuId>
</xml>

2017-02-10 16:22:11 params :
------------
Array:
rule : -2 ;
module :  ;
message : Array ;

2017-02-10 16:22:11 response :
------------

2017-02-10 16:53:21 trace :
------------
String:
<xml><ToUserName><![CDATA[gh_fbee6dda34f1]]></ToUserName>
<FromUserName><![CDATA[o1Sf9wkKBQehW95uXJpMpNu1EkCg]]></FromUserName>
<CreateTime>1486717127</CreateTime>
<MsgType><![CDATA[event]]></MsgType>
<Event><![CDATA[VIEW]]></Event>
<EventKey><![CDATA[https://qiyukf.com/client?k=949319e231213aff0052a508fb9b3443&u=lvpfkuhdy9fnguaso8me&gid=0&sid=0&qtype=0&dvctimer=0&robotShuntSwitch=0&t=weixin%253A%252F%252Fprivate%252Fsetresult%252FSCENE_FETCHQUEUE%2526eyJmdW5jIjoibG9nIiwicGFyYW1zIjp7Im1zZyI6Il9ydW5PbjNyZEFwaUxpc3QgOiBtZW51OnNoYXJlOnRpbWVsaW5lLG1lbnU6c2hhcmU6YXBwbWVzc2FnZSxvblZvaWNlUmVjb3JkRW5kLG9uVm9pY2VQbGF5QmVnaW4sb25Wb2ljZVBsYXlFbmQsb25Mb2NhbEltYWdlVXBsb2FkUHJvZ3Jlc3Msb25JbWFnZURvd25sb2FkUHJvZ3Jlc3Msb25Wb2ljZVVwbG9hZFByb2dyZXNzLG9uVm9pY2VEb3dubG9hZFByb2dyZXNzLG1lbnU6c2V0Zm9udCxtZW51OnNoYXJlOndlaWJvLG1lbnU6c2hhcmU6ZW1haWwsd3hkb3dubG9hZDpzdGF0ZV9jaGFuZ2UsaGRPbkRldmljZVN0YXRlQ2hhbmdlZCxhY3Rpdml0eTpzdGF0ZV9jaGFuZ2UifSwiX19tc2dfdHlwZSI6ImNhbGwiLCJfX2NhbGxiYWNrX2lkIjoiMTAwMCJ9]]></EventKey>
<MenuId>531367307</MenuId>
</xml>

2017-02-10 16:53:21 params :
------------
Array:
rule : -2 ;
module :  ;
message : Array ;

2017-02-10 16:53:21 response :
------------

2017-02-10 16:56:49 trace :
------------
String:
<xml><ToUserName><![CDATA[gh_fbee6dda34f1]]></ToUserName>
<FromUserName><![CDATA[o1Sf9wkKBQehW95uXJpMpNu1EkCg]]></FromUserName>
<CreateTime>1486717336</CreateTime>
<MsgType><![CDATA[event]]></MsgType>
<Event><![CDATA[VIEW]]></Event>
<EventKey><![CDATA[https://qiyukf.com/client?k=949319e231213aff0052a508fb9b3443&u=lvpfkuhdy9fnguaso8me&gid=0&sid=0&qtype=0&dvctimer=0&robotShuntSwitch=0&t=weixin%253A%252F%252Fprivate%252Fsetresult%252FSCENE_FETCHQUEUE%2526eyJmdW5jIjoibG9nIiwicGFyYW1zIjp7Im1zZyI6Il9ydW5PbjNyZEFwaUxpc3QgOiBtZW51OnNoYXJlOnRpbWVsaW5lLG1lbnU6c2hhcmU6YXBwbWVzc2FnZSxvblZvaWNlUmVjb3JkRW5kLG9uVm9pY2VQbGF5QmVnaW4sb25Wb2ljZVBsYXlFbmQsb25Mb2NhbEltYWdlVXBsb2FkUHJvZ3Jlc3Msb25JbWFnZURvd25sb2FkUHJvZ3Jlc3Msb25Wb2ljZVVwbG9hZFByb2dyZXNzLG9uVm9pY2VEb3dubG9hZFByb2dyZXNzLG1lbnU6c2V0Zm9udCxtZW51OnNoYXJlOndlaWJvLG1lbnU6c2hhcmU6ZW1haWwsd3hkb3dubG9hZDpzdGF0ZV9jaGFuZ2UsaGRPbkRldmljZVN0YXRlQ2hhbmdlZCxhY3Rpdml0eTpzdGF0ZV9jaGFuZ2UifSwiX19tc2dfdHlwZSI6ImNhbGwiLCJfX2NhbGxiYWNrX2lkIjoiMTAwMCJ9]]></EventKey>
<MenuId>531367307</MenuId>
</xml>

2017-02-10 16:56:49 params :
------------
Array:
rule : -2 ;
module :  ;
message : Array ;

2017-02-10 16:56:49 response :
------------

2017-02-10 16:57:23 trace :
------------
String:
<xml><ToUserName><![CDATA[gh_fbee6dda34f1]]></ToUserName>
<FromUserName><![CDATA[o1Sf9wgmaqIL_VPFQSEHCTYz3YZ0]]></FromUserName>
<CreateTime>1486717369</CreateTime>
<MsgType><![CDATA[event]]></MsgType>
<Event><![CDATA[VIEW]]></Event>
<EventKey><![CDATA[https://qiyukf.com/client?k=949319e231213aff0052a508fb9b3443&u=lvpfkuhdy9fnguaso8me&gid=0&sid=0&qtype=0&dvctimer=0&robotShuntSwitch=0&t=weixin%253A%252F%252Fprivate%252Fsetresult%252FSCENE_FETCHQUEUE%2526eyJmdW5jIjoibG9nIiwicGFyYW1zIjp7Im1zZyI6Il9ydW5PbjNyZEFwaUxpc3QgOiBtZW51OnNoYXJlOnRpbWVsaW5lLG1lbnU6c2hhcmU6YXBwbWVzc2FnZSxvblZvaWNlUmVjb3JkRW5kLG9uVm9pY2VQbGF5QmVnaW4sb25Wb2ljZVBsYXlFbmQsb25Mb2NhbEltYWdlVXBsb2FkUHJvZ3Jlc3Msb25JbWFnZURvd25sb2FkUHJvZ3Jlc3Msb25Wb2ljZVVwbG9hZFByb2dyZXNzLG9uVm9pY2VEb3dubG9hZFByb2dyZXNzLG1lbnU6c2V0Zm9udCxtZW51OnNoYXJlOndlaWJvLG1lbnU6c2hhcmU6ZW1haWwsd3hkb3dubG9hZDpzdGF0ZV9jaGFuZ2UsaGRPbkRldmljZVN0YXRlQ2hhbmdlZCxhY3Rpdml0eTpzdGF0ZV9jaGFuZ2UifSwiX19tc2dfdHlwZSI6ImNhbGwiLCJfX2NhbGxiYWNrX2lkIjoiMTAwMCJ9]]></EventKey>
<MenuId>531367307</MenuId>
</xml>

2017-02-10 16:57:23 params :
------------
Array:
rule : -2 ;
module :  ;
message : Array ;

2017-02-10 16:57:23 response :
------------

2017-02-10 16:57:37 trace :
------------
String:
<xml><ToUserName><![CDATA[gh_fbee6dda34f1]]></ToUserName>
<FromUserName><![CDATA[o1Sf9wkKBQehW95uXJpMpNu1EkCg]]></FromUserName>
<CreateTime>1486717383</CreateTime>
<MsgType><![CDATA[event]]></MsgType>
<Event><![CDATA[VIEW]]></Event>
<EventKey><![CDATA[https://qiyukf.com/client?k=949319e231213aff0052a508fb9b3443&u=lvpfkuhdy9fnguaso8me&gid=0&sid=0&qtype=0&dvctimer=0&robotShuntSwitch=0&t=weixin%253A%252F%252Fprivate%252Fsetresult%252FSCENE_FETCHQUEUE%2526eyJmdW5jIjoibG9nIiwicGFyYW1zIjp7Im1zZyI6Il9ydW5PbjNyZEFwaUxpc3QgOiBtZW51OnNoYXJlOnRpbWVsaW5lLG1lbnU6c2hhcmU6YXBwbWVzc2FnZSxvblZvaWNlUmVjb3JkRW5kLG9uVm9pY2VQbGF5QmVnaW4sb25Wb2ljZVBsYXlFbmQsb25Mb2NhbEltYWdlVXBsb2FkUHJvZ3Jlc3Msb25JbWFnZURvd25sb2FkUHJvZ3Jlc3Msb25Wb2ljZVVwbG9hZFByb2dyZXNzLG9uVm9pY2VEb3dubG9hZFByb2dyZXNzLG1lbnU6c2V0Zm9udCxtZW51OnNoYXJlOndlaWJvLG1lbnU6c2hhcmU6ZW1haWwsd3hkb3dubG9hZDpzdGF0ZV9jaGFuZ2UsaGRPbkRldmljZVN0YXRlQ2hhbmdlZCxhY3Rpdml0eTpzdGF0ZV9jaGFuZ2UifSwiX19tc2dfdHlwZSI6ImNhbGwiLCJfX2NhbGxiYWNrX2lkIjoiMTAwMCJ9]]></EventKey>
<MenuId>531367307</MenuId>
</xml>

2017-02-10 16:57:37 params :
------------
Array:
rule : -2 ;
module :  ;
message : Array ;

2017-02-10 16:57:37 response :
------------

2017-02-10 16:59:00 trace :
------------
String:
<xml><ToUserName><![CDATA[gh_fbee6dda34f1]]></ToUserName>
<FromUserName><![CDATA[o1Sf9wkKBQehW95uXJpMpNu1EkCg]]></FromUserName>
<CreateTime>1486717466</CreateTime>
<MsgType><![CDATA[event]]></MsgType>
<Event><![CDATA[VIEW]]></Event>
<EventKey><![CDATA[https://qiyukf.com/client?k=949319e231213aff0052a508fb9b3443&u=lvpfkuhdy9fnguaso8me&gid=0&sid=0&qtype=0&dvctimer=0&robotShuntSwitch=0&t=weixin%253A%252F%252Fprivate%252Fsetresult%252FSCENE_FETCHQUEUE%2526eyJmdW5jIjoibG9nIiwicGFyYW1zIjp7Im1zZyI6Il9ydW5PbjNyZEFwaUxpc3QgOiBtZW51OnNoYXJlOnRpbWVsaW5lLG1lbnU6c2hhcmU6YXBwbWVzc2FnZSxvblZvaWNlUmVjb3JkRW5kLG9uVm9pY2VQbGF5QmVnaW4sb25Wb2ljZVBsYXlFbmQsb25Mb2NhbEltYWdlVXBsb2FkUHJvZ3Jlc3Msb25JbWFnZURvd25sb2FkUHJvZ3Jlc3Msb25Wb2ljZVVwbG9hZFByb2dyZXNzLG9uVm9pY2VEb3dubG9hZFByb2dyZXNzLG1lbnU6c2V0Zm9udCxtZW51OnNoYXJlOndlaWJvLG1lbnU6c2hhcmU6ZW1haWwsd3hkb3dubG9hZDpzdGF0ZV9jaGFuZ2UsaGRPbkRldmljZVN0YXRlQ2hhbmdlZCxhY3Rpdml0eTpzdGF0ZV9jaGFuZ2UifSwiX19tc2dfdHlwZSI6ImNhbGwiLCJfX2NhbGxiYWNrX2lkIjoiMTAwMCJ9]]></EventKey>
<MenuId>531367307</MenuId>
</xml>

2017-02-10 16:59:00 params :
------------
Array:
rule : -2 ;
module :  ;
message : Array ;

2017-02-10 16:59:00 response :
------------

2017-02-10 16:59:17 trace :
------------
String:
<xml><ToUserName><![CDATA[gh_fbee6dda34f1]]></ToUserName>
<FromUserName><![CDATA[o1Sf9wkKBQehW95uXJpMpNu1EkCg]]></FromUserName>
<CreateTime>1486717484</CreateTime>
<MsgType><![CDATA[event]]></MsgType>
<Event><![CDATA[VIEW]]></Event>
<EventKey><![CDATA[http://mp.angelbeautyinc.com/app/index.php?i=8&c=entry&do=shop&m=ewei_shop]]></EventKey>
<MenuId>531367307</MenuId>
</xml>

2017-02-10 16:59:17 params :
------------
Array:
rule : -2 ;
module :  ;
message : Array ;

2017-02-10 16:59:17 response :
------------

2017-02-10 17:05:10 trace :
------------
String:
<xml><ToUserName><![CDATA[gh_fbee6dda34f1]]></ToUserName>
<FromUserName><![CDATA[o1Sf9wkKBQehW95uXJpMpNu1EkCg]]></FromUserName>
<CreateTime>1486717836</CreateTime>
<MsgType><![CDATA[event]]></MsgType>
<Event><![CDATA[VIEW]]></Event>
<EventKey><![CDATA[http://mp.angelbeautyinc.com/app/index.php?i=8&c=entry&do=selfinspection&m=lrj_guide]]></EventKey>
<MenuId>531367307</MenuId>
</xml>

2017-02-10 17:05:10 params :
------------
Array:
rule : -2 ;
module :  ;
message : Array ;

2017-02-10 17:05:10 response :
------------

2017-02-10 17:05:51 trace :
------------
String:
<xml><ToUserName><![CDATA[gh_fbee6dda34f1]]></ToUserName>
<FromUserName><![CDATA[o1Sf9wmbIlTY7SRkEutXpawKwCeE]]></FromUserName>
<CreateTime>1486717877</CreateTime>
<MsgType><![CDATA[event]]></MsgType>
<Event><![CDATA[VIEW]]></Event>
<EventKey><![CDATA[http://mp.angelbeautyinc.com/app/index.php?i=8&c=entry&do=shop&m=ewei_shop]]></EventKey>
<MenuId>531367307</MenuId>
</xml>

2017-02-10 17:05:51 params :
------------
Array:
rule : -2 ;
module :  ;
message : Array ;

2017-02-10 17:05:51 response :
------------

2017-02-10 17:07:03 trace :
------------
String:
<xml><ToUserName><![CDATA[gh_fbee6dda34f1]]></ToUserName>
<FromUserName><![CDATA[o1Sf9wkKBQehW95uXJpMpNu1EkCg]]></FromUserName>
<CreateTime>1486717949</CreateTime>
<MsgType><![CDATA[event]]></MsgType>
<Event><![CDATA[VIEW]]></Event>
<EventKey><![CDATA[http://mp.angelbeautyinc.com/app/index.php?i=8&c=entry&do=shop&m=ewei_shop]]></EventKey>
<MenuId>531367307</MenuId>
</xml>

2017-02-10 17:07:03 params :
------------
Array:
rule : -2 ;
module :  ;
message : Array ;

2017-02-10 17:07:03 response :
------------

2017-02-10 17:07:59 trace :
------------
String:
<xml><ToUserName><![CDATA[gh_fbee6dda34f1]]></ToUserName>
<FromUserName><![CDATA[o1Sf9wkKBQehW95uXJpMpNu1EkCg]]></FromUserName>
<CreateTime>1486718005</CreateTime>
<MsgType><![CDATA[event]]></MsgType>
<Event><![CDATA[VIEW]]></Event>
<EventKey><![CDATA[http://mp.angelbeautyinc.com/app/index.php?i=8&c=entry&do=shop&m=ewei_shop]]></EventKey>
<MenuId>531367307</MenuId>
</xml>

2017-02-10 17:07:59 params :
------------
Array:
rule : -2 ;
module :  ;
message : Array ;

2017-02-10 17:07:59 response :
------------

2017-02-10 17:20:08 trace :
------------
String:
<xml><ToUserName><![CDATA[gh_fbee6dda34f1]]></ToUserName>
<FromUserName><![CDATA[o1Sf9wkKBQehW95uXJpMpNu1EkCg]]></FromUserName>
<CreateTime>1486718734</CreateTime>
<MsgType><![CDATA[event]]></MsgType>
<Event><![CDATA[VIEW]]></Event>
<EventKey><![CDATA[http://mp.angelbeautyinc.com/app/index.php?i=8&c=entry&do=shop&m=ewei_shop]]></EventKey>
<MenuId>531367307</MenuId>
</xml>

2017-02-10 17:20:08 params :
------------
Array:
rule : -2 ;
module :  ;
message : Array ;

2017-02-10 17:20:08 response :
------------

2017-02-10 17:23:36 trace :
------------
String:
<xml><ToUserName><![CDATA[gh_fbee6dda34f1]]></ToUserName>
<FromUserName><![CDATA[o1Sf9wkKBQehW95uXJpMpNu1EkCg]]></FromUserName>
<CreateTime>1486718942</CreateTime>
<MsgType><![CDATA[event]]></MsgType>
<Event><![CDATA[VIEW]]></Event>
<EventKey><![CDATA[http://mp.angelbeautyinc.com/app/index.php?i=8&c=entry&do=shop&m=ewei_shop]]></EventKey>
<MenuId>531367307</MenuId>
</xml>

2017-02-10 17:23:36 params :
------------
Array:
rule : -2 ;
module :  ;
message : Array ;

2017-02-10 17:23:36 response :
------------

2017-02-10 17:34:57 trace :
------------
String:
<xml><ToUserName><![CDATA[gh_fbee6dda34f1]]></ToUserName>
<FromUserName><![CDATA[o1Sf9wkKBQehW95uXJpMpNu1EkCg]]></FromUserName>
<CreateTime>1486719623</CreateTime>
<MsgType><![CDATA[event]]></MsgType>
<Event><![CDATA[VIEW]]></Event>
<EventKey><![CDATA[http://mp.angelbeautyinc.com/app/index.php?i=8&c=entry&do=shop&m=ewei_shop]]></EventKey>
<MenuId>531367307</MenuId>
</xml>

2017-02-10 17:34:57 params :
------------
Array:
rule : -2 ;
module :  ;
message : Array ;

2017-02-10 17:34:57 response :
------------

2017-02-10 17:39:45 trace :
------------
String:
<xml><ToUserName><![CDATA[gh_fbee6dda34f1]]></ToUserName>
<FromUserName><![CDATA[o1Sf9wkKBQehW95uXJpMpNu1EkCg]]></FromUserName>
<CreateTime>1486719911</CreateTime>
<MsgType><![CDATA[event]]></MsgType>
<Event><![CDATA[VIEW]]></Event>
<EventKey><![CDATA[http://mp.angelbeautyinc.com/app/index.php?i=8&c=entry&do=shop&m=ewei_shop]]></EventKey>
<MenuId>531367307</MenuId>
</xml>

2017-02-10 17:39:45 params :
------------
Array:
rule : -2 ;
module :  ;
message : Array ;

2017-02-10 17:39:45 response :
------------

2017-02-10 17:50:29 trace :
------------
String:
<xml><ToUserName><![CDATA[gh_fbee6dda34f1]]></ToUserName>
<FromUserName><![CDATA[o1Sf9wkKBQehW95uXJpMpNu1EkCg]]></FromUserName>
<CreateTime>1486720555</CreateTime>
<MsgType><![CDATA[event]]></MsgType>
<Event><![CDATA[VIEW]]></Event>
<EventKey><![CDATA[http://mp.angelbeautyinc.com/question2/index.html]]></EventKey>
<MenuId>531367307</MenuId>
</xml>

2017-02-10 17:50:29 params :
------------
Array:
rule : -2 ;
module :  ;
message : Array ;

2017-02-10 17:50:29 response :
------------

2017-02-10 18:35:39 trace :
------------
String:
<xml><ToUserName><![CDATA[gh_fbee6dda34f1]]></ToUserName>
<FromUserName><![CDATA[o1Sf9wtpR1d0-lbc7kd3mxWz8lkk]]></FromUserName>
<CreateTime>1486723264</CreateTime>
<MsgType><![CDATA[event]]></MsgType>
<Event><![CDATA[subscribe]]></Event>
<EventKey><![CDATA[]]></EventKey>
</xml>

2017-02-10 18:35:39 params :
------------
Array:
message : Array ;
module : news ;
rule : 26 ;
priority : 0 ;
keyword : Array ;

2017-02-10 18:35:39 response :
------------
Array:
FromUserName : gh_fbee6dda34f1 ;
ToUserName : o1Sf9wtpR1d0-lbc7kd3mxWz8lkk ;
MsgType : news ;
ArticleCount : 1 ;
Articles : Array ;

2017-02-10 18:36:07 trace :
------------
String:
<xml><ToUserName><![CDATA[gh_fbee6dda34f1]]></ToUserName>
<FromUserName><![CDATA[o1Sf9wtpR1d0-lbc7kd3mxWz8lkk]]></FromUserName>
<CreateTime>1486723292</CreateTime>
<MsgType><![CDATA[event]]></MsgType>
<Event><![CDATA[VIEW]]></Event>
<EventKey><![CDATA[http://mp.angelbeautyinc.com/app/aboutus.html#enterprise]]></EventKey>
<MenuId>531367307</MenuId>
</xml>

2017-02-10 18:36:07 params :
------------
Array:
rule : -2 ;
module :  ;
message : Array ;

2017-02-10 18:36:07 response :
------------

