2017-03-05 21:27:18 trace :
------------
String:
<xml><ToUserName><![CDATA[gh_fbee6dda34f1]]></ToUserName>
<FromUserName><![CDATA[o1Sf9wpDhu4xm1LvQG6GJMFBxGBI]]></FromUserName>
<CreateTime>1488720407</CreateTime>
<MsgType><![CDATA[event]]></MsgType>
<Event><![CDATA[subscribe]]></Event>
<EventKey><![CDATA[]]></EventKey>
</xml>

2017-03-05 21:27:19 params :
------------
Array:
message : Array ;
module : news ;
rule : 26 ;
priority : 0 ;
keyword : Array ;

2017-03-05 21:27:19 response :
------------
Array:
FromUserName : gh_fbee6dda34f1 ;
ToUserName : o1Sf9wpDhu4xm1LvQG6GJMFBxGBI ;
MsgType : news ;
ArticleCount : 1 ;
Articles : Array ;

2017-03-05 22:51:10 trace :
------------
String:
<xml><ToUserName><![CDATA[gh_fbee6dda34f1]]></ToUserName>
<FromUserName><![CDATA[o1Sf9wqUEt5P4Q5SvGQKAi0F5J-8]]></FromUserName>
<CreateTime>1488725438</CreateTime>
<MsgType><![CDATA[event]]></MsgType>
<Event><![CDATA[unsubscribe]]></Event>
<EventKey><![CDATA[]]></EventKey>
</xml>

